[2025-06-03T15:31:17.528+0200] {local_task_job_runner.py:120} INFO - ::group::Pre task execution logs
[2025-06-03T15:31:17.540+0200] {taskinstance.py:2073} INFO - Dependencies all met for dep_context=non-requeueable deps ti=<TaskInstance: macro_trading_dag.format_indicators_data manual__2025-06-03T13:31:00.098277+00:00 [queued]>
[2025-06-03T15:31:17.544+0200] {taskinstance.py:2073} INFO - Dependencies all met for dep_context=requeueable deps ti=<TaskInstance: macro_trading_dag.format_indicators_data manual__2025-06-03T13:31:00.098277+00:00 [queued]>
[2025-06-03T15:31:17.544+0200] {taskinstance.py:2303} INFO - Starting attempt 1 of 3
[2025-06-03T15:31:17.555+0200] {taskinstance.py:2327} INFO - Executing <Task(PythonOperator): format_indicators_data> on 2025-06-03 13:31:00.098277+00:00
[2025-06-03T15:31:17.561+0200] {standard_task_runner.py:90} INFO - Running: ['airflow', 'tasks', 'run', 'macro_trading_dag', 'format_indicators_data', 'manual__2025-06-03T13:31:00.098277+00:00', '--job-id', '101', '--raw', '--subdir', 'DAGS_FOLDER/macro_trading_dag.py', '--cfg-path', '/tmp/tmpt5iiekqc']
[2025-06-03T15:31:17.561+0200] {standard_task_runner.py:91} INFO - Job 101: Subtask format_indicators_data
[2025-06-03T15:31:17.568+0200] {logging_mixin.py:188} WARNING - /home/leoja/airflow/airflow_venv/lib/python3.12/site-packages/airflow/task/task_runner/standard_task_runner.py:61 DeprecationWarning: This process (pid=208542) is multi-threaded, use of fork() may lead to deadlocks in the child.
[2025-06-03T15:31:17.568+0200] {standard_task_runner.py:63} INFO - Started process 208555 to run task
[2025-06-03T15:31:17.593+0200] {task_command.py:426} INFO - Running <TaskInstance: macro_trading_dag.format_indicators_data manual__2025-06-03T13:31:00.098277+00:00 [running]> on host N15I711-16GR512.localdomain
[2025-06-03T15:31:17.645+0200] {taskinstance.py:2644} INFO - Exporting env vars: AIRFLOW_CTX_DAG_OWNER='airflow' AIRFLOW_CTX_DAG_ID='macro_trading_dag' AIRFLOW_CTX_TASK_ID='format_indicators_data' AIRFLOW_CTX_EXECUTION_DATE='2025-06-03T13:31:00.098277+00:00' AIRFLOW_CTX_TRY_NUMBER='1' AIRFLOW_CTX_DAG_RUN_ID='manual__2025-06-03T13:31:00.098277+00:00'
[2025-06-03T15:31:17.646+0200] {taskinstance.py:430} INFO - ::endgroup::
[2025-06-03T15:31:17.671+0200] {logging_mixin.py:188} WARNING - /home/leoja/airflow/dags/macro_trading_dag.py:183 FutureWarning: 'M' is deprecated and will be removed in a future version, please use 'ME' instead.
[2025-06-03T15:31:17.703+0200] {logging_mixin.py:188} INFO - Données Indicators mensuelles nettoyées sauvegardées: /home/leoja/airflow/data/Indicators.parquet
[2025-06-03T15:31:17.703+0200] {logging_mixin.py:188} INFO - 
Aperçu des données Indicators mensuelles:
[2025-06-03T15:31:17.711+0200] {logging_mixin.py:188} INFO -           date  INFLATION  ...  High_Yield_Bond_SPREAD  10-2Year_Treasury_Yield_Bond
229 2025-02-28    319.775  ...                    2.87                          0.25
230 2025-03-31    319.615  ...                    3.55                          0.34
231 2025-04-30    320.321  ...                    3.94                          0.57
232 2025-05-31    320.321  ...                    3.32                          0.52
233 2025-06-30    320.321  ...                    3.32                          0.52

[5 rows x 6 columns]
[2025-06-03T15:31:17.712+0200] {python.py:237} INFO - Done. Returned value was: /home/leoja/airflow/data/Indicators.parquet
[2025-06-03T15:31:17.712+0200] {taskinstance.py:441} INFO - ::group::Post task execution logs
[2025-06-03T15:31:17.726+0200] {taskinstance.py:1205} INFO - Marking task as SUCCESS. dag_id=macro_trading_dag, task_id=format_indicators_data, execution_date=20250603T133100, start_date=20250603T133117, end_date=20250603T133117
[2025-06-03T15:31:17.742+0200] {local_task_job_runner.py:240} INFO - Task exited with return code 0
[2025-06-03T15:31:17.751+0200] {taskinstance.py:3482} INFO - 1 downstream tasks scheduled from follow-on schedule check
[2025-06-03T15:31:17.759+0200] {local_task_job_runner.py:222} INFO - ::endgroup::
