[2025-05-31T23:51:30.995+0200] {processor.py:161} INFO - Started process (PID=133085) to work on /home/leoja/airflow/airflow_venv/lib/python3.12/site-packages/airflow/example_dags/plugins/workday.py
[2025-05-31T23:51:30.995+0200] {processor.py:830} INFO - Processing file /home/leoja/airflow/airflow_venv/lib/python3.12/site-packages/airflow/example_dags/plugins/workday.py for tasks to queue
[2025-05-31T23:51:30.996+0200] {logging_mixin.py:188} INFO - [2025-05-31T23:51:30.996+0200] {dagbag.py:540} INFO - Filling up the DagBag from /home/leoja/airflow/airflow_venv/lib/python3.12/site-packages/airflow/example_dags/plugins/workday.py
[2025-05-31T23:51:31.402+0200] {processor.py:842} WARNING - No viable dags retrieved from /home/leoja/airflow/airflow_venv/lib/python3.12/site-packages/airflow/example_dags/plugins/workday.py
[2025-05-31T23:51:31.409+0200] {processor.py:183} INFO - Processing /home/leoja/airflow/airflow_venv/lib/python3.12/site-packages/airflow/example_dags/plugins/workday.py took 0.419 seconds
[2025-05-31T23:52:28.365+0200] {processor.py:161} INFO - Started process (PID=133271) to work on /home/leoja/airflow/airflow_venv/lib/python3.12/site-packages/airflow/example_dags/plugins/workday.py
[2025-05-31T23:52:28.367+0200] {processor.py:830} INFO - Processing file /home/leoja/airflow/airflow_venv/lib/python3.12/site-packages/airflow/example_dags/plugins/workday.py for tasks to queue
[2025-05-31T23:52:28.368+0200] {logging_mixin.py:188} INFO - [2025-05-31T23:52:28.367+0200] {dagbag.py:540} INFO - Filling up the DagBag from /home/leoja/airflow/airflow_venv/lib/python3.12/site-packages/airflow/example_dags/plugins/workday.py
[2025-05-31T23:52:28.789+0200] {processor.py:842} WARNING - No viable dags retrieved from /home/leoja/airflow/airflow_venv/lib/python3.12/site-packages/airflow/example_dags/plugins/workday.py
[2025-05-31T23:52:28.795+0200] {processor.py:183} INFO - Processing /home/leoja/airflow/airflow_venv/lib/python3.12/site-packages/airflow/example_dags/plugins/workday.py took 0.435 seconds
[2025-05-31T23:53:22.840+0200] {processor.py:161} INFO - Started process (PID=133480) to work on /home/leoja/airflow/airflow_venv/lib/python3.12/site-packages/airflow/example_dags/plugins/workday.py
[2025-05-31T23:53:22.841+0200] {processor.py:830} INFO - Processing file /home/leoja/airflow/airflow_venv/lib/python3.12/site-packages/airflow/example_dags/plugins/workday.py for tasks to queue
[2025-05-31T23:53:22.842+0200] {logging_mixin.py:188} INFO - [2025-05-31T23:53:22.842+0200] {dagbag.py:540} INFO - Filling up the DagBag from /home/leoja/airflow/airflow_venv/lib/python3.12/site-packages/airflow/example_dags/plugins/workday.py
[2025-05-31T23:53:23.316+0200] {processor.py:842} WARNING - No viable dags retrieved from /home/leoja/airflow/airflow_venv/lib/python3.12/site-packages/airflow/example_dags/plugins/workday.py
[2025-05-31T23:53:23.322+0200] {processor.py:183} INFO - Processing /home/leoja/airflow/airflow_venv/lib/python3.12/site-packages/airflow/example_dags/plugins/workday.py took 0.490 seconds
[2025-05-31T23:54:39.215+0200] {processor.py:161} INFO - Started process (PID=133736) to work on /home/leoja/airflow/airflow_venv/lib/python3.12/site-packages/airflow/example_dags/plugins/workday.py
[2025-05-31T23:54:39.217+0200] {processor.py:830} INFO - Processing file /home/leoja/airflow/airflow_venv/lib/python3.12/site-packages/airflow/example_dags/plugins/workday.py for tasks to queue
[2025-05-31T23:54:39.218+0200] {logging_mixin.py:188} INFO - [2025-05-31T23:54:39.217+0200] {dagbag.py:540} INFO - Filling up the DagBag from /home/leoja/airflow/airflow_venv/lib/python3.12/site-packages/airflow/example_dags/plugins/workday.py
[2025-05-31T23:54:39.681+0200] {processor.py:842} WARNING - No viable dags retrieved from /home/leoja/airflow/airflow_venv/lib/python3.12/site-packages/airflow/example_dags/plugins/workday.py
[2025-05-31T23:54:39.687+0200] {processor.py:183} INFO - Processing /home/leoja/airflow/airflow_venv/lib/python3.12/site-packages/airflow/example_dags/plugins/workday.py took 0.483 seconds
[2025-05-31T23:55:34.316+0200] {processor.py:161} INFO - Started process (PID=133943) to work on /home/leoja/airflow/airflow_venv/lib/python3.12/site-packages/airflow/example_dags/plugins/workday.py
[2025-05-31T23:55:34.317+0200] {processor.py:830} INFO - Processing file /home/leoja/airflow/airflow_venv/lib/python3.12/site-packages/airflow/example_dags/plugins/workday.py for tasks to queue
[2025-05-31T23:55:34.318+0200] {logging_mixin.py:188} INFO - [2025-05-31T23:55:34.318+0200] {dagbag.py:540} INFO - Filling up the DagBag from /home/leoja/airflow/airflow_venv/lib/python3.12/site-packages/airflow/example_dags/plugins/workday.py
[2025-05-31T23:55:34.838+0200] {processor.py:842} WARNING - No viable dags retrieved from /home/leoja/airflow/airflow_venv/lib/python3.12/site-packages/airflow/example_dags/plugins/workday.py
[2025-05-31T23:55:34.847+0200] {processor.py:183} INFO - Processing /home/leoja/airflow/airflow_venv/lib/python3.12/site-packages/airflow/example_dags/plugins/workday.py took 0.541 seconds
[2025-05-31T23:56:28.097+0200] {processor.py:161} INFO - Started process (PID=134124) to work on /home/leoja/airflow/airflow_venv/lib/python3.12/site-packages/airflow/example_dags/plugins/workday.py
[2025-05-31T23:56:28.099+0200] {processor.py:830} INFO - Processing file /home/leoja/airflow/airflow_venv/lib/python3.12/site-packages/airflow/example_dags/plugins/workday.py for tasks to queue
[2025-05-31T23:56:28.100+0200] {logging_mixin.py:188} INFO - [2025-05-31T23:56:28.099+0200] {dagbag.py:540} INFO - Filling up the DagBag from /home/leoja/airflow/airflow_venv/lib/python3.12/site-packages/airflow/example_dags/plugins/workday.py
[2025-05-31T23:56:28.561+0200] {processor.py:842} WARNING - No viable dags retrieved from /home/leoja/airflow/airflow_venv/lib/python3.12/site-packages/airflow/example_dags/plugins/workday.py
[2025-05-31T23:56:28.570+0200] {processor.py:183} INFO - Processing /home/leoja/airflow/airflow_venv/lib/python3.12/site-packages/airflow/example_dags/plugins/workday.py took 0.482 seconds
[2025-05-31T23:57:19.406+0200] {processor.py:161} INFO - Started process (PID=134311) to work on /home/leoja/airflow/airflow_venv/lib/python3.12/site-packages/airflow/example_dags/plugins/workday.py
[2025-05-31T23:57:19.408+0200] {processor.py:830} INFO - Processing file /home/leoja/airflow/airflow_venv/lib/python3.12/site-packages/airflow/example_dags/plugins/workday.py for tasks to queue
[2025-05-31T23:57:19.409+0200] {logging_mixin.py:188} INFO - [2025-05-31T23:57:19.409+0200] {dagbag.py:540} INFO - Filling up the DagBag from /home/leoja/airflow/airflow_venv/lib/python3.12/site-packages/airflow/example_dags/plugins/workday.py
[2025-05-31T23:57:19.959+0200] {processor.py:842} WARNING - No viable dags retrieved from /home/leoja/airflow/airflow_venv/lib/python3.12/site-packages/airflow/example_dags/plugins/workday.py
[2025-05-31T23:57:19.968+0200] {processor.py:183} INFO - Processing /home/leoja/airflow/airflow_venv/lib/python3.12/site-packages/airflow/example_dags/plugins/workday.py took 0.569 seconds
[2025-05-31T23:58:10.835+0200] {processor.py:161} INFO - Started process (PID=134493) to work on /home/leoja/airflow/airflow_venv/lib/python3.12/site-packages/airflow/example_dags/plugins/workday.py
[2025-05-31T23:58:10.844+0200] {processor.py:830} INFO - Processing file /home/leoja/airflow/airflow_venv/lib/python3.12/site-packages/airflow/example_dags/plugins/workday.py for tasks to queue
[2025-05-31T23:58:10.845+0200] {logging_mixin.py:188} INFO - [2025-05-31T23:58:10.845+0200] {dagbag.py:540} INFO - Filling up the DagBag from /home/leoja/airflow/airflow_venv/lib/python3.12/site-packages/airflow/example_dags/plugins/workday.py
[2025-05-31T23:58:11.477+0200] {processor.py:842} WARNING - No viable dags retrieved from /home/leoja/airflow/airflow_venv/lib/python3.12/site-packages/airflow/example_dags/plugins/workday.py
[2025-05-31T23:58:11.484+0200] {processor.py:183} INFO - Processing /home/leoja/airflow/airflow_venv/lib/python3.12/site-packages/airflow/example_dags/plugins/workday.py took 0.654 seconds
[2025-05-31T23:59:06.250+0200] {processor.py:161} INFO - Started process (PID=134698) to work on /home/leoja/airflow/airflow_venv/lib/python3.12/site-packages/airflow/example_dags/plugins/workday.py
[2025-05-31T23:59:06.251+0200] {processor.py:830} INFO - Processing file /home/leoja/airflow/airflow_venv/lib/python3.12/site-packages/airflow/example_dags/plugins/workday.py for tasks to queue
[2025-05-31T23:59:06.252+0200] {logging_mixin.py:188} INFO - [2025-05-31T23:59:06.252+0200] {dagbag.py:540} INFO - Filling up the DagBag from /home/leoja/airflow/airflow_venv/lib/python3.12/site-packages/airflow/example_dags/plugins/workday.py
[2025-05-31T23:59:06.716+0200] {processor.py:842} WARNING - No viable dags retrieved from /home/leoja/airflow/airflow_venv/lib/python3.12/site-packages/airflow/example_dags/plugins/workday.py
[2025-05-31T23:59:06.722+0200] {processor.py:183} INFO - Processing /home/leoja/airflow/airflow_venv/lib/python3.12/site-packages/airflow/example_dags/plugins/workday.py took 0.477 seconds
[2025-06-01T00:00:02.618+0200] {processor.py:161} INFO - Started process (PID=134946) to work on /home/leoja/airflow/airflow_venv/lib/python3.12/site-packages/airflow/example_dags/plugins/workday.py
[2025-06-01T00:00:02.619+0200] {processor.py:830} INFO - Processing file /home/leoja/airflow/airflow_venv/lib/python3.12/site-packages/airflow/example_dags/plugins/workday.py for tasks to queue
[2025-06-01T00:00:02.620+0200] {logging_mixin.py:188} INFO - [2025-06-01T00:00:02.619+0200] {dagbag.py:540} INFO - Filling up the DagBag from /home/leoja/airflow/airflow_venv/lib/python3.12/site-packages/airflow/example_dags/plugins/workday.py
[2025-06-01T00:00:03.039+0200] {processor.py:842} WARNING - No viable dags retrieved from /home/leoja/airflow/airflow_venv/lib/python3.12/site-packages/airflow/example_dags/plugins/workday.py
[2025-06-01T00:00:03.045+0200] {processor.py:183} INFO - Processing /home/leoja/airflow/airflow_venv/lib/python3.12/site-packages/airflow/example_dags/plugins/workday.py took 0.432 seconds
[2025-06-01T00:00:57.169+0200] {processor.py:161} INFO - Started process (PID=135127) to work on /home/leoja/airflow/airflow_venv/lib/python3.12/site-packages/airflow/example_dags/plugins/workday.py
[2025-06-01T00:00:57.170+0200] {processor.py:830} INFO - Processing file /home/leoja/airflow/airflow_venv/lib/python3.12/site-packages/airflow/example_dags/plugins/workday.py for tasks to queue
[2025-06-01T00:00:57.171+0200] {logging_mixin.py:188} INFO - [2025-06-01T00:00:57.171+0200] {dagbag.py:540} INFO - Filling up the DagBag from /home/leoja/airflow/airflow_venv/lib/python3.12/site-packages/airflow/example_dags/plugins/workday.py
[2025-06-01T00:00:57.592+0200] {processor.py:842} WARNING - No viable dags retrieved from /home/leoja/airflow/airflow_venv/lib/python3.12/site-packages/airflow/example_dags/plugins/workday.py
[2025-06-01T00:00:57.597+0200] {processor.py:183} INFO - Processing /home/leoja/airflow/airflow_venv/lib/python3.12/site-packages/airflow/example_dags/plugins/workday.py took 0.434 seconds
[2025-06-01T00:02:12.187+0200] {processor.py:161} INFO - Started process (PID=135382) to work on /home/leoja/airflow/airflow_venv/lib/python3.12/site-packages/airflow/example_dags/plugins/workday.py
[2025-06-01T00:02:12.188+0200] {processor.py:830} INFO - Processing file /home/leoja/airflow/airflow_venv/lib/python3.12/site-packages/airflow/example_dags/plugins/workday.py for tasks to queue
[2025-06-01T00:02:12.189+0200] {logging_mixin.py:188} INFO - [2025-06-01T00:02:12.188+0200] {dagbag.py:540} INFO - Filling up the DagBag from /home/leoja/airflow/airflow_venv/lib/python3.12/site-packages/airflow/example_dags/plugins/workday.py
[2025-06-01T00:02:12.627+0200] {processor.py:842} WARNING - No viable dags retrieved from /home/leoja/airflow/airflow_venv/lib/python3.12/site-packages/airflow/example_dags/plugins/workday.py
[2025-06-01T00:02:12.635+0200] {processor.py:183} INFO - Processing /home/leoja/airflow/airflow_venv/lib/python3.12/site-packages/airflow/example_dags/plugins/workday.py took 0.454 seconds
[2025-06-01T00:03:02.866+0200] {processor.py:161} INFO - Started process (PID=135571) to work on /home/leoja/airflow/airflow_venv/lib/python3.12/site-packages/airflow/example_dags/plugins/workday.py
[2025-06-01T00:03:02.867+0200] {processor.py:830} INFO - Processing file /home/leoja/airflow/airflow_venv/lib/python3.12/site-packages/airflow/example_dags/plugins/workday.py for tasks to queue
[2025-06-01T00:03:02.868+0200] {logging_mixin.py:188} INFO - [2025-06-01T00:03:02.868+0200] {dagbag.py:540} INFO - Filling up the DagBag from /home/leoja/airflow/airflow_venv/lib/python3.12/site-packages/airflow/example_dags/plugins/workday.py
[2025-06-01T00:03:03.325+0200] {processor.py:842} WARNING - No viable dags retrieved from /home/leoja/airflow/airflow_venv/lib/python3.12/site-packages/airflow/example_dags/plugins/workday.py
[2025-06-01T00:03:03.330+0200] {processor.py:183} INFO - Processing /home/leoja/airflow/airflow_venv/lib/python3.12/site-packages/airflow/example_dags/plugins/workday.py took 0.472 seconds
[2025-06-01T00:04:18.605+0200] {processor.py:161} INFO - Started process (PID=135838) to work on /home/leoja/airflow/airflow_venv/lib/python3.12/site-packages/airflow/example_dags/plugins/workday.py
[2025-06-01T00:04:18.606+0200] {processor.py:830} INFO - Processing file /home/leoja/airflow/airflow_venv/lib/python3.12/site-packages/airflow/example_dags/plugins/workday.py for tasks to queue
[2025-06-01T00:04:18.607+0200] {logging_mixin.py:188} INFO - [2025-06-01T00:04:18.607+0200] {dagbag.py:540} INFO - Filling up the DagBag from /home/leoja/airflow/airflow_venv/lib/python3.12/site-packages/airflow/example_dags/plugins/workday.py
[2025-06-01T00:04:19.057+0200] {processor.py:842} WARNING - No viable dags retrieved from /home/leoja/airflow/airflow_venv/lib/python3.12/site-packages/airflow/example_dags/plugins/workday.py
[2025-06-01T00:04:19.062+0200] {processor.py:183} INFO - Processing /home/leoja/airflow/airflow_venv/lib/python3.12/site-packages/airflow/example_dags/plugins/workday.py took 0.463 seconds
[2025-06-01T00:05:25.528+0200] {processor.py:161} INFO - Started process (PID=136091) to work on /home/leoja/airflow/airflow_venv/lib/python3.12/site-packages/airflow/example_dags/plugins/workday.py
[2025-06-01T00:05:25.529+0200] {processor.py:830} INFO - Processing file /home/leoja/airflow/airflow_venv/lib/python3.12/site-packages/airflow/example_dags/plugins/workday.py for tasks to queue
[2025-06-01T00:05:25.530+0200] {logging_mixin.py:188} INFO - [2025-06-01T00:05:25.529+0200] {dagbag.py:540} INFO - Filling up the DagBag from /home/leoja/airflow/airflow_venv/lib/python3.12/site-packages/airflow/example_dags/plugins/workday.py
[2025-06-01T00:05:25.947+0200] {processor.py:842} WARNING - No viable dags retrieved from /home/leoja/airflow/airflow_venv/lib/python3.12/site-packages/airflow/example_dags/plugins/workday.py
[2025-06-01T00:05:25.952+0200] {processor.py:183} INFO - Processing /home/leoja/airflow/airflow_venv/lib/python3.12/site-packages/airflow/example_dags/plugins/workday.py took 0.429 seconds
[2025-06-01T00:06:16.931+0200] {processor.py:161} INFO - Started process (PID=136271) to work on /home/leoja/airflow/airflow_venv/lib/python3.12/site-packages/airflow/example_dags/plugins/workday.py
[2025-06-01T00:06:16.933+0200] {processor.py:830} INFO - Processing file /home/leoja/airflow/airflow_venv/lib/python3.12/site-packages/airflow/example_dags/plugins/workday.py for tasks to queue
[2025-06-01T00:06:16.934+0200] {logging_mixin.py:188} INFO - [2025-06-01T00:06:16.933+0200] {dagbag.py:540} INFO - Filling up the DagBag from /home/leoja/airflow/airflow_venv/lib/python3.12/site-packages/airflow/example_dags/plugins/workday.py
[2025-06-01T00:06:17.375+0200] {processor.py:842} WARNING - No viable dags retrieved from /home/leoja/airflow/airflow_venv/lib/python3.12/site-packages/airflow/example_dags/plugins/workday.py
[2025-06-01T00:06:17.380+0200] {processor.py:183} INFO - Processing /home/leoja/airflow/airflow_venv/lib/python3.12/site-packages/airflow/example_dags/plugins/workday.py took 0.460 seconds
[2025-06-01T00:07:07.226+0200] {processor.py:161} INFO - Started process (PID=136454) to work on /home/leoja/airflow/airflow_venv/lib/python3.12/site-packages/airflow/example_dags/plugins/workday.py
[2025-06-01T00:07:07.228+0200] {processor.py:830} INFO - Processing file /home/leoja/airflow/airflow_venv/lib/python3.12/site-packages/airflow/example_dags/plugins/workday.py for tasks to queue
[2025-06-01T00:07:07.229+0200] {logging_mixin.py:188} INFO - [2025-06-01T00:07:07.228+0200] {dagbag.py:540} INFO - Filling up the DagBag from /home/leoja/airflow/airflow_venv/lib/python3.12/site-packages/airflow/example_dags/plugins/workday.py
[2025-06-01T00:07:07.707+0200] {processor.py:842} WARNING - No viable dags retrieved from /home/leoja/airflow/airflow_venv/lib/python3.12/site-packages/airflow/example_dags/plugins/workday.py
[2025-06-01T00:07:07.719+0200] {processor.py:183} INFO - Processing /home/leoja/airflow/airflow_venv/lib/python3.12/site-packages/airflow/example_dags/plugins/workday.py took 0.500 seconds
[2025-06-01T00:08:00.351+0200] {processor.py:161} INFO - Started process (PID=136634) to work on /home/leoja/airflow/airflow_venv/lib/python3.12/site-packages/airflow/example_dags/plugins/workday.py
[2025-06-01T00:08:00.352+0200] {processor.py:830} INFO - Processing file /home/leoja/airflow/airflow_venv/lib/python3.12/site-packages/airflow/example_dags/plugins/workday.py for tasks to queue
[2025-06-01T00:08:00.353+0200] {logging_mixin.py:188} INFO - [2025-06-01T00:08:00.352+0200] {dagbag.py:540} INFO - Filling up the DagBag from /home/leoja/airflow/airflow_venv/lib/python3.12/site-packages/airflow/example_dags/plugins/workday.py
[2025-06-01T00:08:00.810+0200] {processor.py:842} WARNING - No viable dags retrieved from /home/leoja/airflow/airflow_venv/lib/python3.12/site-packages/airflow/example_dags/plugins/workday.py
[2025-06-01T00:08:00.815+0200] {processor.py:183} INFO - Processing /home/leoja/airflow/airflow_venv/lib/python3.12/site-packages/airflow/example_dags/plugins/workday.py took 0.471 seconds
[2025-06-01T00:08:50.582+0200] {processor.py:161} INFO - Started process (PID=136816) to work on /home/leoja/airflow/airflow_venv/lib/python3.12/site-packages/airflow/example_dags/plugins/workday.py
[2025-06-01T00:08:50.583+0200] {processor.py:830} INFO - Processing file /home/leoja/airflow/airflow_venv/lib/python3.12/site-packages/airflow/example_dags/plugins/workday.py for tasks to queue
[2025-06-01T00:08:50.584+0200] {logging_mixin.py:188} INFO - [2025-06-01T00:08:50.584+0200] {dagbag.py:540} INFO - Filling up the DagBag from /home/leoja/airflow/airflow_venv/lib/python3.12/site-packages/airflow/example_dags/plugins/workday.py
[2025-06-01T00:08:51.061+0200] {processor.py:842} WARNING - No viable dags retrieved from /home/leoja/airflow/airflow_venv/lib/python3.12/site-packages/airflow/example_dags/plugins/workday.py
[2025-06-01T00:08:51.067+0200] {processor.py:183} INFO - Processing /home/leoja/airflow/airflow_venv/lib/python3.12/site-packages/airflow/example_dags/plugins/workday.py took 0.490 seconds
[2025-06-01T00:10:02.687+0200] {processor.py:161} INFO - Started process (PID=137066) to work on /home/leoja/airflow/airflow_venv/lib/python3.12/site-packages/airflow/example_dags/plugins/workday.py
[2025-06-01T00:10:02.688+0200] {processor.py:830} INFO - Processing file /home/leoja/airflow/airflow_venv/lib/python3.12/site-packages/airflow/example_dags/plugins/workday.py for tasks to queue
[2025-06-01T00:10:02.689+0200] {logging_mixin.py:188} INFO - [2025-06-01T00:10:02.689+0200] {dagbag.py:540} INFO - Filling up the DagBag from /home/leoja/airflow/airflow_venv/lib/python3.12/site-packages/airflow/example_dags/plugins/workday.py
[2025-06-01T00:10:03.153+0200] {processor.py:842} WARNING - No viable dags retrieved from /home/leoja/airflow/airflow_venv/lib/python3.12/site-packages/airflow/example_dags/plugins/workday.py
[2025-06-01T00:10:03.160+0200] {processor.py:183} INFO - Processing /home/leoja/airflow/airflow_venv/lib/python3.12/site-packages/airflow/example_dags/plugins/workday.py took 0.480 seconds
[2025-06-01T00:11:15.390+0200] {processor.py:161} INFO - Started process (PID=137346) to work on /home/leoja/airflow/airflow_venv/lib/python3.12/site-packages/airflow/example_dags/plugins/workday.py
[2025-06-01T00:11:15.392+0200] {processor.py:830} INFO - Processing file /home/leoja/airflow/airflow_venv/lib/python3.12/site-packages/airflow/example_dags/plugins/workday.py for tasks to queue
[2025-06-01T00:11:15.392+0200] {logging_mixin.py:188} INFO - [2025-06-01T00:11:15.392+0200] {dagbag.py:540} INFO - Filling up the DagBag from /home/leoja/airflow/airflow_venv/lib/python3.12/site-packages/airflow/example_dags/plugins/workday.py
[2025-06-01T00:11:15.806+0200] {processor.py:842} WARNING - No viable dags retrieved from /home/leoja/airflow/airflow_venv/lib/python3.12/site-packages/airflow/example_dags/plugins/workday.py
[2025-06-01T00:11:15.812+0200] {processor.py:183} INFO - Processing /home/leoja/airflow/airflow_venv/lib/python3.12/site-packages/airflow/example_dags/plugins/workday.py took 0.427 seconds
[2025-06-01T00:12:27.333+0200] {processor.py:161} INFO - Started process (PID=137593) to work on /home/leoja/airflow/airflow_venv/lib/python3.12/site-packages/airflow/example_dags/plugins/workday.py
[2025-06-01T00:12:27.334+0200] {processor.py:830} INFO - Processing file /home/leoja/airflow/airflow_venv/lib/python3.12/site-packages/airflow/example_dags/plugins/workday.py for tasks to queue
[2025-06-01T00:12:27.335+0200] {logging_mixin.py:188} INFO - [2025-06-01T00:12:27.334+0200] {dagbag.py:540} INFO - Filling up the DagBag from /home/leoja/airflow/airflow_venv/lib/python3.12/site-packages/airflow/example_dags/plugins/workday.py
[2025-06-01T00:12:27.749+0200] {processor.py:842} WARNING - No viable dags retrieved from /home/leoja/airflow/airflow_venv/lib/python3.12/site-packages/airflow/example_dags/plugins/workday.py
[2025-06-01T00:12:27.755+0200] {processor.py:183} INFO - Processing /home/leoja/airflow/airflow_venv/lib/python3.12/site-packages/airflow/example_dags/plugins/workday.py took 0.428 seconds
[2025-06-01T00:13:18.638+0200] {processor.py:161} INFO - Started process (PID=137773) to work on /home/leoja/airflow/airflow_venv/lib/python3.12/site-packages/airflow/example_dags/plugins/workday.py
[2025-06-01T00:13:18.640+0200] {processor.py:830} INFO - Processing file /home/leoja/airflow/airflow_venv/lib/python3.12/site-packages/airflow/example_dags/plugins/workday.py for tasks to queue
[2025-06-01T00:13:18.641+0200] {logging_mixin.py:188} INFO - [2025-06-01T00:13:18.640+0200] {dagbag.py:540} INFO - Filling up the DagBag from /home/leoja/airflow/airflow_venv/lib/python3.12/site-packages/airflow/example_dags/plugins/workday.py
[2025-06-01T00:13:19.069+0200] {processor.py:842} WARNING - No viable dags retrieved from /home/leoja/airflow/airflow_venv/lib/python3.12/site-packages/airflow/example_dags/plugins/workday.py
[2025-06-01T00:13:19.077+0200] {processor.py:183} INFO - Processing /home/leoja/airflow/airflow_venv/lib/python3.12/site-packages/airflow/example_dags/plugins/workday.py took 0.445 seconds
[2025-06-01T00:14:11.831+0200] {processor.py:161} INFO - Started process (PID=137957) to work on /home/leoja/airflow/airflow_venv/lib/python3.12/site-packages/airflow/example_dags/plugins/workday.py
[2025-06-01T00:14:11.832+0200] {processor.py:830} INFO - Processing file /home/leoja/airflow/airflow_venv/lib/python3.12/site-packages/airflow/example_dags/plugins/workday.py for tasks to queue
[2025-06-01T00:14:11.833+0200] {logging_mixin.py:188} INFO - [2025-06-01T00:14:11.833+0200] {dagbag.py:540} INFO - Filling up the DagBag from /home/leoja/airflow/airflow_venv/lib/python3.12/site-packages/airflow/example_dags/plugins/workday.py
[2025-06-01T00:14:12.349+0200] {processor.py:842} WARNING - No viable dags retrieved from /home/leoja/airflow/airflow_venv/lib/python3.12/site-packages/airflow/example_dags/plugins/workday.py
[2025-06-01T00:14:12.355+0200] {processor.py:183} INFO - Processing /home/leoja/airflow/airflow_venv/lib/python3.12/site-packages/airflow/example_dags/plugins/workday.py took 0.531 seconds
[2025-06-01T00:15:02.208+0200] {processor.py:161} INFO - Started process (PID=138138) to work on /home/leoja/airflow/airflow_venv/lib/python3.12/site-packages/airflow/example_dags/plugins/workday.py
[2025-06-01T00:15:02.209+0200] {processor.py:830} INFO - Processing file /home/leoja/airflow/airflow_venv/lib/python3.12/site-packages/airflow/example_dags/plugins/workday.py for tasks to queue
[2025-06-01T00:15:02.210+0200] {logging_mixin.py:188} INFO - [2025-06-01T00:15:02.210+0200] {dagbag.py:540} INFO - Filling up the DagBag from /home/leoja/airflow/airflow_venv/lib/python3.12/site-packages/airflow/example_dags/plugins/workday.py
[2025-06-01T00:15:02.635+0200] {processor.py:842} WARNING - No viable dags retrieved from /home/leoja/airflow/airflow_venv/lib/python3.12/site-packages/airflow/example_dags/plugins/workday.py
[2025-06-01T00:15:02.641+0200] {processor.py:183} INFO - Processing /home/leoja/airflow/airflow_venv/lib/python3.12/site-packages/airflow/example_dags/plugins/workday.py took 0.439 seconds
[2025-06-01T00:15:51.615+0200] {processor.py:161} INFO - Started process (PID=138316) to work on /home/leoja/airflow/airflow_venv/lib/python3.12/site-packages/airflow/example_dags/plugins/workday.py
[2025-06-01T00:15:51.616+0200] {processor.py:830} INFO - Processing file /home/leoja/airflow/airflow_venv/lib/python3.12/site-packages/airflow/example_dags/plugins/workday.py for tasks to queue
[2025-06-01T00:15:51.618+0200] {logging_mixin.py:188} INFO - [2025-06-01T00:15:51.617+0200] {dagbag.py:540} INFO - Filling up the DagBag from /home/leoja/airflow/airflow_venv/lib/python3.12/site-packages/airflow/example_dags/plugins/workday.py
[2025-06-01T00:15:52.118+0200] {processor.py:842} WARNING - No viable dags retrieved from /home/leoja/airflow/airflow_venv/lib/python3.12/site-packages/airflow/example_dags/plugins/workday.py
[2025-06-01T00:15:52.125+0200] {processor.py:183} INFO - Processing /home/leoja/airflow/airflow_venv/lib/python3.12/site-packages/airflow/example_dags/plugins/workday.py took 0.516 seconds
[2025-06-01T00:17:02.907+0200] {processor.py:161} INFO - Started process (PID=138573) to work on /home/leoja/airflow/airflow_venv/lib/python3.12/site-packages/airflow/example_dags/plugins/workday.py
[2025-06-01T00:17:02.908+0200] {processor.py:830} INFO - Processing file /home/leoja/airflow/airflow_venv/lib/python3.12/site-packages/airflow/example_dags/plugins/workday.py for tasks to queue
[2025-06-01T00:17:02.909+0200] {logging_mixin.py:188} INFO - [2025-06-01T00:17:02.909+0200] {dagbag.py:540} INFO - Filling up the DagBag from /home/leoja/airflow/airflow_venv/lib/python3.12/site-packages/airflow/example_dags/plugins/workday.py
[2025-06-01T00:17:03.347+0200] {processor.py:842} WARNING - No viable dags retrieved from /home/leoja/airflow/airflow_venv/lib/python3.12/site-packages/airflow/example_dags/plugins/workday.py
[2025-06-01T00:17:03.352+0200] {processor.py:183} INFO - Processing /home/leoja/airflow/airflow_venv/lib/python3.12/site-packages/airflow/example_dags/plugins/workday.py took 0.451 seconds
[2025-06-01T00:17:54.176+0200] {processor.py:161} INFO - Started process (PID=138753) to work on /home/leoja/airflow/airflow_venv/lib/python3.12/site-packages/airflow/example_dags/plugins/workday.py
[2025-06-01T00:17:54.181+0200] {processor.py:830} INFO - Processing file /home/leoja/airflow/airflow_venv/lib/python3.12/site-packages/airflow/example_dags/plugins/workday.py for tasks to queue
[2025-06-01T00:17:54.183+0200] {logging_mixin.py:188} INFO - [2025-06-01T00:17:54.182+0200] {dagbag.py:540} INFO - Filling up the DagBag from /home/leoja/airflow/airflow_venv/lib/python3.12/site-packages/airflow/example_dags/plugins/workday.py
[2025-06-01T00:17:54.619+0200] {processor.py:842} WARNING - No viable dags retrieved from /home/leoja/airflow/airflow_venv/lib/python3.12/site-packages/airflow/example_dags/plugins/workday.py
[2025-06-01T00:17:54.626+0200] {processor.py:183} INFO - Processing /home/leoja/airflow/airflow_venv/lib/python3.12/site-packages/airflow/example_dags/plugins/workday.py took 0.459 seconds
[2025-06-01T00:19:03.590+0200] {processor.py:161} INFO - Started process (PID=139004) to work on /home/leoja/airflow/airflow_venv/lib/python3.12/site-packages/airflow/example_dags/plugins/workday.py
[2025-06-01T00:19:03.592+0200] {processor.py:830} INFO - Processing file /home/leoja/airflow/airflow_venv/lib/python3.12/site-packages/airflow/example_dags/plugins/workday.py for tasks to queue
[2025-06-01T00:19:03.593+0200] {logging_mixin.py:188} INFO - [2025-06-01T00:19:03.592+0200] {dagbag.py:540} INFO - Filling up the DagBag from /home/leoja/airflow/airflow_venv/lib/python3.12/site-packages/airflow/example_dags/plugins/workday.py
[2025-06-01T00:19:04.046+0200] {processor.py:842} WARNING - No viable dags retrieved from /home/leoja/airflow/airflow_venv/lib/python3.12/site-packages/airflow/example_dags/plugins/workday.py
[2025-06-01T00:19:04.054+0200] {processor.py:183} INFO - Processing /home/leoja/airflow/airflow_venv/lib/python3.12/site-packages/airflow/example_dags/plugins/workday.py took 0.469 seconds
[2025-06-01T00:20:16.752+0200] {processor.py:161} INFO - Started process (PID=139256) to work on /home/leoja/airflow/airflow_venv/lib/python3.12/site-packages/airflow/example_dags/plugins/workday.py
[2025-06-01T00:20:16.760+0200] {processor.py:830} INFO - Processing file /home/leoja/airflow/airflow_venv/lib/python3.12/site-packages/airflow/example_dags/plugins/workday.py for tasks to queue
[2025-06-01T00:20:16.762+0200] {logging_mixin.py:188} INFO - [2025-06-01T00:20:16.761+0200] {dagbag.py:540} INFO - Filling up the DagBag from /home/leoja/airflow/airflow_venv/lib/python3.12/site-packages/airflow/example_dags/plugins/workday.py
[2025-06-01T00:20:17.212+0200] {processor.py:842} WARNING - No viable dags retrieved from /home/leoja/airflow/airflow_venv/lib/python3.12/site-packages/airflow/example_dags/plugins/workday.py
[2025-06-01T00:20:17.219+0200] {processor.py:183} INFO - Processing /home/leoja/airflow/airflow_venv/lib/python3.12/site-packages/airflow/example_dags/plugins/workday.py took 0.473 seconds
[2025-06-01T00:21:07.172+0200] {processor.py:161} INFO - Started process (PID=139438) to work on /home/leoja/airflow/airflow_venv/lib/python3.12/site-packages/airflow/example_dags/plugins/workday.py
[2025-06-01T00:21:07.175+0200] {processor.py:830} INFO - Processing file /home/leoja/airflow/airflow_venv/lib/python3.12/site-packages/airflow/example_dags/plugins/workday.py for tasks to queue
[2025-06-01T00:21:07.176+0200] {logging_mixin.py:188} INFO - [2025-06-01T00:21:07.175+0200] {dagbag.py:540} INFO - Filling up the DagBag from /home/leoja/airflow/airflow_venv/lib/python3.12/site-packages/airflow/example_dags/plugins/workday.py
[2025-06-01T00:21:07.611+0200] {processor.py:842} WARNING - No viable dags retrieved from /home/leoja/airflow/airflow_venv/lib/python3.12/site-packages/airflow/example_dags/plugins/workday.py
[2025-06-01T00:21:07.616+0200] {processor.py:183} INFO - Processing /home/leoja/airflow/airflow_venv/lib/python3.12/site-packages/airflow/example_dags/plugins/workday.py took 0.451 seconds
[2025-06-01T00:22:22.583+0200] {processor.py:161} INFO - Started process (PID=139710) to work on /home/leoja/airflow/airflow_venv/lib/python3.12/site-packages/airflow/example_dags/plugins/workday.py
[2025-06-01T00:22:22.584+0200] {processor.py:830} INFO - Processing file /home/leoja/airflow/airflow_venv/lib/python3.12/site-packages/airflow/example_dags/plugins/workday.py for tasks to queue
[2025-06-01T00:22:22.584+0200] {logging_mixin.py:188} INFO - [2025-06-01T00:22:22.584+0200] {dagbag.py:540} INFO - Filling up the DagBag from /home/leoja/airflow/airflow_venv/lib/python3.12/site-packages/airflow/example_dags/plugins/workday.py
[2025-06-01T00:22:23.009+0200] {processor.py:842} WARNING - No viable dags retrieved from /home/leoja/airflow/airflow_venv/lib/python3.12/site-packages/airflow/example_dags/plugins/workday.py
[2025-06-01T00:22:23.014+0200] {processor.py:183} INFO - Processing /home/leoja/airflow/airflow_venv/lib/python3.12/site-packages/airflow/example_dags/plugins/workday.py took 0.437 seconds
[2025-06-01T00:23:15.230+0200] {processor.py:161} INFO - Started process (PID=139893) to work on /home/leoja/airflow/airflow_venv/lib/python3.12/site-packages/airflow/example_dags/plugins/workday.py
[2025-06-01T00:23:15.231+0200] {processor.py:830} INFO - Processing file /home/leoja/airflow/airflow_venv/lib/python3.12/site-packages/airflow/example_dags/plugins/workday.py for tasks to queue
[2025-06-01T00:23:15.232+0200] {logging_mixin.py:188} INFO - [2025-06-01T00:23:15.231+0200] {dagbag.py:540} INFO - Filling up the DagBag from /home/leoja/airflow/airflow_venv/lib/python3.12/site-packages/airflow/example_dags/plugins/workday.py
[2025-06-01T00:23:15.702+0200] {processor.py:842} WARNING - No viable dags retrieved from /home/leoja/airflow/airflow_venv/lib/python3.12/site-packages/airflow/example_dags/plugins/workday.py
[2025-06-01T00:23:15.708+0200] {processor.py:183} INFO - Processing /home/leoja/airflow/airflow_venv/lib/python3.12/site-packages/airflow/example_dags/plugins/workday.py took 0.484 seconds
[2025-06-01T00:24:11.112+0200] {processor.py:161} INFO - Started process (PID=140092) to work on /home/leoja/airflow/airflow_venv/lib/python3.12/site-packages/airflow/example_dags/plugins/workday.py
[2025-06-01T00:24:11.113+0200] {processor.py:830} INFO - Processing file /home/leoja/airflow/airflow_venv/lib/python3.12/site-packages/airflow/example_dags/plugins/workday.py for tasks to queue
[2025-06-01T00:24:11.113+0200] {logging_mixin.py:188} INFO - [2025-06-01T00:24:11.113+0200] {dagbag.py:540} INFO - Filling up the DagBag from /home/leoja/airflow/airflow_venv/lib/python3.12/site-packages/airflow/example_dags/plugins/workday.py
[2025-06-01T00:24:11.401+0200] {processor.py:842} WARNING - No viable dags retrieved from /home/leoja/airflow/airflow_venv/lib/python3.12/site-packages/airflow/example_dags/plugins/workday.py
[2025-06-01T00:24:11.410+0200] {processor.py:183} INFO - Processing /home/leoja/airflow/airflow_venv/lib/python3.12/site-packages/airflow/example_dags/plugins/workday.py took 0.413 seconds
[2025-06-01T00:25:07.117+0200] {processor.py:161} INFO - Started process (PID=140277) to work on /home/leoja/airflow/airflow_venv/lib/python3.12/site-packages/airflow/example_dags/plugins/workday.py
[2025-06-01T00:25:07.119+0200] {processor.py:830} INFO - Processing file /home/leoja/airflow/airflow_venv/lib/python3.12/site-packages/airflow/example_dags/plugins/workday.py for tasks to queue
[2025-06-01T00:25:07.120+0200] {logging_mixin.py:188} INFO - [2025-06-01T00:25:07.120+0200] {dagbag.py:540} INFO - Filling up the DagBag from /home/leoja/airflow/airflow_venv/lib/python3.12/site-packages/airflow/example_dags/plugins/workday.py
[2025-06-01T00:25:07.436+0200] {processor.py:842} WARNING - No viable dags retrieved from /home/leoja/airflow/airflow_venv/lib/python3.12/site-packages/airflow/example_dags/plugins/workday.py
[2025-06-01T00:25:07.446+0200] {processor.py:183} INFO - Processing /home/leoja/airflow/airflow_venv/lib/python3.12/site-packages/airflow/example_dags/plugins/workday.py took 0.334 seconds
[2025-06-01T00:26:00.551+0200] {processor.py:161} INFO - Started process (PID=140477) to work on /home/leoja/airflow/airflow_venv/lib/python3.12/site-packages/airflow/example_dags/plugins/workday.py
[2025-06-01T00:26:00.552+0200] {processor.py:830} INFO - Processing file /home/leoja/airflow/airflow_venv/lib/python3.12/site-packages/airflow/example_dags/plugins/workday.py for tasks to queue
[2025-06-01T00:26:00.553+0200] {logging_mixin.py:188} INFO - [2025-06-01T00:26:00.552+0200] {dagbag.py:540} INFO - Filling up the DagBag from /home/leoja/airflow/airflow_venv/lib/python3.12/site-packages/airflow/example_dags/plugins/workday.py
[2025-06-01T00:26:00.867+0200] {processor.py:842} WARNING - No viable dags retrieved from /home/leoja/airflow/airflow_venv/lib/python3.12/site-packages/airflow/example_dags/plugins/workday.py
[2025-06-01T00:26:00.880+0200] {processor.py:183} INFO - Processing /home/leoja/airflow/airflow_venv/lib/python3.12/site-packages/airflow/example_dags/plugins/workday.py took 0.334 seconds
[2025-06-01T00:26:48.422+0200] {processor.py:161} INFO - Started process (PID=140637) to work on /home/leoja/airflow/airflow_venv/lib/python3.12/site-packages/airflow/example_dags/plugins/workday.py
[2025-06-01T00:26:48.423+0200] {processor.py:830} INFO - Processing file /home/leoja/airflow/airflow_venv/lib/python3.12/site-packages/airflow/example_dags/plugins/workday.py for tasks to queue
[2025-06-01T00:26:48.424+0200] {logging_mixin.py:188} INFO - [2025-06-01T00:26:48.424+0200] {dagbag.py:540} INFO - Filling up the DagBag from /home/leoja/airflow/airflow_venv/lib/python3.12/site-packages/airflow/example_dags/plugins/workday.py
[2025-06-01T00:26:48.735+0200] {processor.py:842} WARNING - No viable dags retrieved from /home/leoja/airflow/airflow_venv/lib/python3.12/site-packages/airflow/example_dags/plugins/workday.py
[2025-06-01T00:26:48.744+0200] {processor.py:183} INFO - Processing /home/leoja/airflow/airflow_venv/lib/python3.12/site-packages/airflow/example_dags/plugins/workday.py took 0.327 seconds
[2025-06-01T00:27:58.792+0200] {processor.py:161} INFO - Started process (PID=140890) to work on /home/leoja/airflow/airflow_venv/lib/python3.12/site-packages/airflow/example_dags/plugins/workday.py
[2025-06-01T00:27:58.794+0200] {processor.py:830} INFO - Processing file /home/leoja/airflow/airflow_venv/lib/python3.12/site-packages/airflow/example_dags/plugins/workday.py for tasks to queue
[2025-06-01T00:27:58.795+0200] {logging_mixin.py:188} INFO - [2025-06-01T00:27:58.795+0200] {dagbag.py:540} INFO - Filling up the DagBag from /home/leoja/airflow/airflow_venv/lib/python3.12/site-packages/airflow/example_dags/plugins/workday.py
[2025-06-01T00:27:59.102+0200] {processor.py:842} WARNING - No viable dags retrieved from /home/leoja/airflow/airflow_venv/lib/python3.12/site-packages/airflow/example_dags/plugins/workday.py
[2025-06-01T00:27:59.111+0200] {processor.py:183} INFO - Processing /home/leoja/airflow/airflow_venv/lib/python3.12/site-packages/airflow/example_dags/plugins/workday.py took 0.325 seconds
[2025-06-01T00:28:51.240+0200] {processor.py:161} INFO - Started process (PID=141097) to work on /home/leoja/airflow/airflow_venv/lib/python3.12/site-packages/airflow/example_dags/plugins/workday.py
[2025-06-01T00:28:51.242+0200] {processor.py:830} INFO - Processing file /home/leoja/airflow/airflow_venv/lib/python3.12/site-packages/airflow/example_dags/plugins/workday.py for tasks to queue
[2025-06-01T00:28:51.243+0200] {logging_mixin.py:188} INFO - [2025-06-01T00:28:51.242+0200] {dagbag.py:540} INFO - Filling up the DagBag from /home/leoja/airflow/airflow_venv/lib/python3.12/site-packages/airflow/example_dags/plugins/workday.py
[2025-06-01T00:28:51.556+0200] {processor.py:842} WARNING - No viable dags retrieved from /home/leoja/airflow/airflow_venv/lib/python3.12/site-packages/airflow/example_dags/plugins/workday.py
[2025-06-01T00:28:51.565+0200] {processor.py:183} INFO - Processing /home/leoja/airflow/airflow_venv/lib/python3.12/site-packages/airflow/example_dags/plugins/workday.py took 0.332 seconds
[2025-06-01T00:30:03.823+0200] {processor.py:161} INFO - Started process (PID=141347) to work on /home/leoja/airflow/airflow_venv/lib/python3.12/site-packages/airflow/example_dags/plugins/workday.py
[2025-06-01T00:30:03.824+0200] {processor.py:830} INFO - Processing file /home/leoja/airflow/airflow_venv/lib/python3.12/site-packages/airflow/example_dags/plugins/workday.py for tasks to queue
[2025-06-01T00:30:03.825+0200] {logging_mixin.py:188} INFO - [2025-06-01T00:30:03.825+0200] {dagbag.py:540} INFO - Filling up the DagBag from /home/leoja/airflow/airflow_venv/lib/python3.12/site-packages/airflow/example_dags/plugins/workday.py
[2025-06-01T00:30:04.261+0200] {processor.py:842} WARNING - No viable dags retrieved from /home/leoja/airflow/airflow_venv/lib/python3.12/site-packages/airflow/example_dags/plugins/workday.py
[2025-06-01T00:30:04.271+0200] {processor.py:183} INFO - Processing /home/leoja/airflow/airflow_venv/lib/python3.12/site-packages/airflow/example_dags/plugins/workday.py took 0.454 seconds
[2025-06-01T00:31:16.739+0200] {processor.py:161} INFO - Started process (PID=141599) to work on /home/leoja/airflow/airflow_venv/lib/python3.12/site-packages/airflow/example_dags/plugins/workday.py
[2025-06-01T00:31:16.741+0200] {processor.py:830} INFO - Processing file /home/leoja/airflow/airflow_venv/lib/python3.12/site-packages/airflow/example_dags/plugins/workday.py for tasks to queue
[2025-06-01T00:31:16.742+0200] {logging_mixin.py:188} INFO - [2025-06-01T00:31:16.742+0200] {dagbag.py:540} INFO - Filling up the DagBag from /home/leoja/airflow/airflow_venv/lib/python3.12/site-packages/airflow/example_dags/plugins/workday.py
[2025-06-01T00:31:17.049+0200] {processor.py:842} WARNING - No viable dags retrieved from /home/leoja/airflow/airflow_venv/lib/python3.12/site-packages/airflow/example_dags/plugins/workday.py
[2025-06-01T00:31:17.060+0200] {processor.py:183} INFO - Processing /home/leoja/airflow/airflow_venv/lib/python3.12/site-packages/airflow/example_dags/plugins/workday.py took 0.326 seconds
[2025-06-01T00:32:06.990+0200] {processor.py:161} INFO - Started process (PID=141781) to work on /home/leoja/airflow/airflow_venv/lib/python3.12/site-packages/airflow/example_dags/plugins/workday.py
[2025-06-01T00:32:06.991+0200] {processor.py:830} INFO - Processing file /home/leoja/airflow/airflow_venv/lib/python3.12/site-packages/airflow/example_dags/plugins/workday.py for tasks to queue
[2025-06-01T00:32:06.992+0200] {logging_mixin.py:188} INFO - [2025-06-01T00:32:06.992+0200] {dagbag.py:540} INFO - Filling up the DagBag from /home/leoja/airflow/airflow_venv/lib/python3.12/site-packages/airflow/example_dags/plugins/workday.py
[2025-06-01T00:32:07.428+0200] {processor.py:842} WARNING - No viable dags retrieved from /home/leoja/airflow/airflow_venv/lib/python3.12/site-packages/airflow/example_dags/plugins/workday.py
[2025-06-01T00:32:07.434+0200] {processor.py:183} INFO - Processing /home/leoja/airflow/airflow_venv/lib/python3.12/site-packages/airflow/example_dags/plugins/workday.py took 0.449 seconds
[2025-06-01T00:33:17.797+0200] {processor.py:161} INFO - Started process (PID=142027) to work on /home/leoja/airflow/airflow_venv/lib/python3.12/site-packages/airflow/example_dags/plugins/workday.py
[2025-06-01T00:33:17.799+0200] {processor.py:830} INFO - Processing file /home/leoja/airflow/airflow_venv/lib/python3.12/site-packages/airflow/example_dags/plugins/workday.py for tasks to queue
[2025-06-01T00:33:17.799+0200] {logging_mixin.py:188} INFO - [2025-06-01T00:33:17.799+0200] {dagbag.py:540} INFO - Filling up the DagBag from /home/leoja/airflow/airflow_venv/lib/python3.12/site-packages/airflow/example_dags/plugins/workday.py
[2025-06-01T00:33:18.254+0200] {processor.py:842} WARNING - No viable dags retrieved from /home/leoja/airflow/airflow_venv/lib/python3.12/site-packages/airflow/example_dags/plugins/workday.py
[2025-06-01T00:33:18.260+0200] {processor.py:183} INFO - Processing /home/leoja/airflow/airflow_venv/lib/python3.12/site-packages/airflow/example_dags/plugins/workday.py took 0.470 seconds
[2025-06-01T00:34:08.643+0200] {processor.py:161} INFO - Started process (PID=142210) to work on /home/leoja/airflow/airflow_venv/lib/python3.12/site-packages/airflow/example_dags/plugins/workday.py
[2025-06-01T00:34:08.644+0200] {processor.py:830} INFO - Processing file /home/leoja/airflow/airflow_venv/lib/python3.12/site-packages/airflow/example_dags/plugins/workday.py for tasks to queue
[2025-06-01T00:34:08.645+0200] {logging_mixin.py:188} INFO - [2025-06-01T00:34:08.645+0200] {dagbag.py:540} INFO - Filling up the DagBag from /home/leoja/airflow/airflow_venv/lib/python3.12/site-packages/airflow/example_dags/plugins/workday.py
[2025-06-01T00:34:09.082+0200] {processor.py:842} WARNING - No viable dags retrieved from /home/leoja/airflow/airflow_venv/lib/python3.12/site-packages/airflow/example_dags/plugins/workday.py
[2025-06-01T00:34:09.088+0200] {processor.py:183} INFO - Processing /home/leoja/airflow/airflow_venv/lib/python3.12/site-packages/airflow/example_dags/plugins/workday.py took 0.451 seconds
[2025-06-01T00:34:58.412+0200] {processor.py:161} INFO - Started process (PID=142392) to work on /home/leoja/airflow/airflow_venv/lib/python3.12/site-packages/airflow/example_dags/plugins/workday.py
[2025-06-01T00:34:58.414+0200] {processor.py:830} INFO - Processing file /home/leoja/airflow/airflow_venv/lib/python3.12/site-packages/airflow/example_dags/plugins/workday.py for tasks to queue
[2025-06-01T00:34:58.415+0200] {logging_mixin.py:188} INFO - [2025-06-01T00:34:58.414+0200] {dagbag.py:540} INFO - Filling up the DagBag from /home/leoja/airflow/airflow_venv/lib/python3.12/site-packages/airflow/example_dags/plugins/workday.py
[2025-06-01T00:34:58.852+0200] {processor.py:842} WARNING - No viable dags retrieved from /home/leoja/airflow/airflow_venv/lib/python3.12/site-packages/airflow/example_dags/plugins/workday.py
[2025-06-01T00:34:58.859+0200] {processor.py:183} INFO - Processing /home/leoja/airflow/airflow_venv/lib/python3.12/site-packages/airflow/example_dags/plugins/workday.py took 0.457 seconds
[2025-06-01T00:36:07.863+0200] {processor.py:161} INFO - Started process (PID=142648) to work on /home/leoja/airflow/airflow_venv/lib/python3.12/site-packages/airflow/example_dags/plugins/workday.py
[2025-06-01T00:36:07.864+0200] {processor.py:830} INFO - Processing file /home/leoja/airflow/airflow_venv/lib/python3.12/site-packages/airflow/example_dags/plugins/workday.py for tasks to queue
[2025-06-01T00:36:07.865+0200] {logging_mixin.py:188} INFO - [2025-06-01T00:36:07.864+0200] {dagbag.py:540} INFO - Filling up the DagBag from /home/leoja/airflow/airflow_venv/lib/python3.12/site-packages/airflow/example_dags/plugins/workday.py
[2025-06-01T00:36:08.372+0200] {processor.py:842} WARNING - No viable dags retrieved from /home/leoja/airflow/airflow_venv/lib/python3.12/site-packages/airflow/example_dags/plugins/workday.py
[2025-06-01T00:36:08.382+0200] {processor.py:183} INFO - Processing /home/leoja/airflow/airflow_venv/lib/python3.12/site-packages/airflow/example_dags/plugins/workday.py took 0.524 seconds
[2025-06-01T00:37:20.317+0200] {processor.py:161} INFO - Started process (PID=142900) to work on /home/leoja/airflow/airflow_venv/lib/python3.12/site-packages/airflow/example_dags/plugins/workday.py
[2025-06-01T00:37:20.318+0200] {processor.py:830} INFO - Processing file /home/leoja/airflow/airflow_venv/lib/python3.12/site-packages/airflow/example_dags/plugins/workday.py for tasks to queue
[2025-06-01T00:37:20.319+0200] {logging_mixin.py:188} INFO - [2025-06-01T00:37:20.318+0200] {dagbag.py:540} INFO - Filling up the DagBag from /home/leoja/airflow/airflow_venv/lib/python3.12/site-packages/airflow/example_dags/plugins/workday.py
[2025-06-01T00:37:20.778+0200] {processor.py:842} WARNING - No viable dags retrieved from /home/leoja/airflow/airflow_venv/lib/python3.12/site-packages/airflow/example_dags/plugins/workday.py
[2025-06-01T00:37:20.786+0200] {processor.py:183} INFO - Processing /home/leoja/airflow/airflow_venv/lib/python3.12/site-packages/airflow/example_dags/plugins/workday.py took 0.476 seconds
[2025-06-01T00:38:28.040+0200] {processor.py:161} INFO - Started process (PID=143153) to work on /home/leoja/airflow/airflow_venv/lib/python3.12/site-packages/airflow/example_dags/plugins/workday.py
[2025-06-01T00:38:28.042+0200] {processor.py:830} INFO - Processing file /home/leoja/airflow/airflow_venv/lib/python3.12/site-packages/airflow/example_dags/plugins/workday.py for tasks to queue
[2025-06-01T00:38:28.043+0200] {logging_mixin.py:188} INFO - [2025-06-01T00:38:28.042+0200] {dagbag.py:540} INFO - Filling up the DagBag from /home/leoja/airflow/airflow_venv/lib/python3.12/site-packages/airflow/example_dags/plugins/workday.py
[2025-06-01T00:38:28.487+0200] {processor.py:842} WARNING - No viable dags retrieved from /home/leoja/airflow/airflow_venv/lib/python3.12/site-packages/airflow/example_dags/plugins/workday.py
[2025-06-01T00:38:28.500+0200] {processor.py:183} INFO - Processing /home/leoja/airflow/airflow_venv/lib/python3.12/site-packages/airflow/example_dags/plugins/workday.py took 0.465 seconds
[2025-06-01T00:39:35.896+0200] {processor.py:161} INFO - Started process (PID=143399) to work on /home/leoja/airflow/airflow_venv/lib/python3.12/site-packages/airflow/example_dags/plugins/workday.py
[2025-06-01T00:39:35.898+0200] {processor.py:830} INFO - Processing file /home/leoja/airflow/airflow_venv/lib/python3.12/site-packages/airflow/example_dags/plugins/workday.py for tasks to queue
[2025-06-01T00:39:35.899+0200] {logging_mixin.py:188} INFO - [2025-06-01T00:39:35.898+0200] {dagbag.py:540} INFO - Filling up the DagBag from /home/leoja/airflow/airflow_venv/lib/python3.12/site-packages/airflow/example_dags/plugins/workday.py
[2025-06-01T00:39:36.347+0200] {processor.py:842} WARNING - No viable dags retrieved from /home/leoja/airflow/airflow_venv/lib/python3.12/site-packages/airflow/example_dags/plugins/workday.py
[2025-06-01T00:39:36.353+0200] {processor.py:183} INFO - Processing /home/leoja/airflow/airflow_venv/lib/python3.12/site-packages/airflow/example_dags/plugins/workday.py took 0.462 seconds
[2025-06-01T00:40:51.231+0200] {processor.py:161} INFO - Started process (PID=143657) to work on /home/leoja/airflow/airflow_venv/lib/python3.12/site-packages/airflow/example_dags/plugins/workday.py
[2025-06-01T00:40:51.232+0200] {processor.py:830} INFO - Processing file /home/leoja/airflow/airflow_venv/lib/python3.12/site-packages/airflow/example_dags/plugins/workday.py for tasks to queue
[2025-06-01T00:40:51.233+0200] {logging_mixin.py:188} INFO - [2025-06-01T00:40:51.232+0200] {dagbag.py:540} INFO - Filling up the DagBag from /home/leoja/airflow/airflow_venv/lib/python3.12/site-packages/airflow/example_dags/plugins/workday.py
[2025-06-01T00:40:51.717+0200] {processor.py:842} WARNING - No viable dags retrieved from /home/leoja/airflow/airflow_venv/lib/python3.12/site-packages/airflow/example_dags/plugins/workday.py
[2025-06-01T00:40:51.724+0200] {processor.py:183} INFO - Processing /home/leoja/airflow/airflow_venv/lib/python3.12/site-packages/airflow/example_dags/plugins/workday.py took 0.498 seconds
[2025-06-01T00:41:44.490+0200] {processor.py:161} INFO - Started process (PID=143863) to work on /home/leoja/airflow/airflow_venv/lib/python3.12/site-packages/airflow/example_dags/plugins/workday.py
[2025-06-01T00:41:44.491+0200] {processor.py:830} INFO - Processing file /home/leoja/airflow/airflow_venv/lib/python3.12/site-packages/airflow/example_dags/plugins/workday.py for tasks to queue
[2025-06-01T00:41:44.491+0200] {logging_mixin.py:188} INFO - [2025-06-01T00:41:44.491+0200] {dagbag.py:540} INFO - Filling up the DagBag from /home/leoja/airflow/airflow_venv/lib/python3.12/site-packages/airflow/example_dags/plugins/workday.py
[2025-06-01T00:41:44.935+0200] {processor.py:842} WARNING - No viable dags retrieved from /home/leoja/airflow/airflow_venv/lib/python3.12/site-packages/airflow/example_dags/plugins/workday.py
[2025-06-01T00:41:44.942+0200] {processor.py:183} INFO - Processing /home/leoja/airflow/airflow_venv/lib/python3.12/site-packages/airflow/example_dags/plugins/workday.py took 0.457 seconds
[2025-06-01T00:42:35.690+0200] {processor.py:161} INFO - Started process (PID=144043) to work on /home/leoja/airflow/airflow_venv/lib/python3.12/site-packages/airflow/example_dags/plugins/workday.py
[2025-06-01T00:42:35.692+0200] {processor.py:830} INFO - Processing file /home/leoja/airflow/airflow_venv/lib/python3.12/site-packages/airflow/example_dags/plugins/workday.py for tasks to queue
[2025-06-01T00:42:35.693+0200] {logging_mixin.py:188} INFO - [2025-06-01T00:42:35.693+0200] {dagbag.py:540} INFO - Filling up the DagBag from /home/leoja/airflow/airflow_venv/lib/python3.12/site-packages/airflow/example_dags/plugins/workday.py
[2025-06-01T00:42:36.148+0200] {processor.py:842} WARNING - No viable dags retrieved from /home/leoja/airflow/airflow_venv/lib/python3.12/site-packages/airflow/example_dags/plugins/workday.py
[2025-06-01T00:42:36.154+0200] {processor.py:183} INFO - Processing /home/leoja/airflow/airflow_venv/lib/python3.12/site-packages/airflow/example_dags/plugins/workday.py took 0.470 seconds
[2025-06-01T00:43:47.685+0200] {processor.py:161} INFO - Started process (PID=144293) to work on /home/leoja/airflow/airflow_venv/lib/python3.12/site-packages/airflow/example_dags/plugins/workday.py
[2025-06-01T00:43:47.687+0200] {processor.py:830} INFO - Processing file /home/leoja/airflow/airflow_venv/lib/python3.12/site-packages/airflow/example_dags/plugins/workday.py for tasks to queue
[2025-06-01T00:43:47.688+0200] {logging_mixin.py:188} INFO - [2025-06-01T00:43:47.687+0200] {dagbag.py:540} INFO - Filling up the DagBag from /home/leoja/airflow/airflow_venv/lib/python3.12/site-packages/airflow/example_dags/plugins/workday.py
[2025-06-01T00:43:48.155+0200] {processor.py:842} WARNING - No viable dags retrieved from /home/leoja/airflow/airflow_venv/lib/python3.12/site-packages/airflow/example_dags/plugins/workday.py
[2025-06-01T00:43:48.163+0200] {processor.py:183} INFO - Processing /home/leoja/airflow/airflow_venv/lib/python3.12/site-packages/airflow/example_dags/plugins/workday.py took 0.484 seconds
[2025-06-01T00:45:01.156+0200] {processor.py:161} INFO - Started process (PID=144551) to work on /home/leoja/airflow/airflow_venv/lib/python3.12/site-packages/airflow/example_dags/plugins/workday.py
[2025-06-01T00:45:01.157+0200] {processor.py:830} INFO - Processing file /home/leoja/airflow/airflow_venv/lib/python3.12/site-packages/airflow/example_dags/plugins/workday.py for tasks to queue
[2025-06-01T00:45:01.158+0200] {logging_mixin.py:188} INFO - [2025-06-01T00:45:01.158+0200] {dagbag.py:540} INFO - Filling up the DagBag from /home/leoja/airflow/airflow_venv/lib/python3.12/site-packages/airflow/example_dags/plugins/workday.py
[2025-06-01T00:45:01.608+0200] {processor.py:842} WARNING - No viable dags retrieved from /home/leoja/airflow/airflow_venv/lib/python3.12/site-packages/airflow/example_dags/plugins/workday.py
[2025-06-01T00:45:01.614+0200] {processor.py:183} INFO - Processing /home/leoja/airflow/airflow_venv/lib/python3.12/site-packages/airflow/example_dags/plugins/workday.py took 0.463 seconds
[2025-06-01T00:45:53.443+0200] {processor.py:161} INFO - Started process (PID=144734) to work on /home/leoja/airflow/airflow_venv/lib/python3.12/site-packages/airflow/example_dags/plugins/workday.py
[2025-06-01T00:45:53.444+0200] {processor.py:830} INFO - Processing file /home/leoja/airflow/airflow_venv/lib/python3.12/site-packages/airflow/example_dags/plugins/workday.py for tasks to queue
[2025-06-01T00:45:53.445+0200] {logging_mixin.py:188} INFO - [2025-06-01T00:45:53.444+0200] {dagbag.py:540} INFO - Filling up the DagBag from /home/leoja/airflow/airflow_venv/lib/python3.12/site-packages/airflow/example_dags/plugins/workday.py
[2025-06-01T00:45:53.888+0200] {processor.py:842} WARNING - No viable dags retrieved from /home/leoja/airflow/airflow_venv/lib/python3.12/site-packages/airflow/example_dags/plugins/workday.py
[2025-06-01T00:45:53.895+0200] {processor.py:183} INFO - Processing /home/leoja/airflow/airflow_venv/lib/python3.12/site-packages/airflow/example_dags/plugins/workday.py took 0.458 seconds
[2025-06-01T00:47:05.694+0200] {processor.py:161} INFO - Started process (PID=144986) to work on /home/leoja/airflow/airflow_venv/lib/python3.12/site-packages/airflow/example_dags/plugins/workday.py
[2025-06-01T00:47:05.696+0200] {processor.py:830} INFO - Processing file /home/leoja/airflow/airflow_venv/lib/python3.12/site-packages/airflow/example_dags/plugins/workday.py for tasks to queue
[2025-06-01T00:47:05.697+0200] {logging_mixin.py:188} INFO - [2025-06-01T00:47:05.696+0200] {dagbag.py:540} INFO - Filling up the DagBag from /home/leoja/airflow/airflow_venv/lib/python3.12/site-packages/airflow/example_dags/plugins/workday.py
[2025-06-01T00:47:06.132+0200] {processor.py:842} WARNING - No viable dags retrieved from /home/leoja/airflow/airflow_venv/lib/python3.12/site-packages/airflow/example_dags/plugins/workday.py
[2025-06-01T00:47:06.137+0200] {processor.py:183} INFO - Processing /home/leoja/airflow/airflow_venv/lib/python3.12/site-packages/airflow/example_dags/plugins/workday.py took 0.450 seconds
[2025-06-01T00:48:18.080+0200] {processor.py:161} INFO - Started process (PID=145264) to work on /home/leoja/airflow/airflow_venv/lib/python3.12/site-packages/airflow/example_dags/plugins/workday.py
[2025-06-01T00:48:18.082+0200] {processor.py:830} INFO - Processing file /home/leoja/airflow/airflow_venv/lib/python3.12/site-packages/airflow/example_dags/plugins/workday.py for tasks to queue
[2025-06-01T00:48:18.083+0200] {logging_mixin.py:188} INFO - [2025-06-01T00:48:18.082+0200] {dagbag.py:540} INFO - Filling up the DagBag from /home/leoja/airflow/airflow_venv/lib/python3.12/site-packages/airflow/example_dags/plugins/workday.py
[2025-06-01T00:48:18.577+0200] {processor.py:842} WARNING - No viable dags retrieved from /home/leoja/airflow/airflow_venv/lib/python3.12/site-packages/airflow/example_dags/plugins/workday.py
[2025-06-01T00:48:18.583+0200] {processor.py:183} INFO - Processing /home/leoja/airflow/airflow_venv/lib/python3.12/site-packages/airflow/example_dags/plugins/workday.py took 0.507 seconds
[2025-06-01T00:49:32.050+0200] {processor.py:161} INFO - Started process (PID=145516) to work on /home/leoja/airflow/airflow_venv/lib/python3.12/site-packages/airflow/example_dags/plugins/workday.py
[2025-06-01T00:49:32.052+0200] {processor.py:830} INFO - Processing file /home/leoja/airflow/airflow_venv/lib/python3.12/site-packages/airflow/example_dags/plugins/workday.py for tasks to queue
[2025-06-01T00:49:32.053+0200] {logging_mixin.py:188} INFO - [2025-06-01T00:49:32.052+0200] {dagbag.py:540} INFO - Filling up the DagBag from /home/leoja/airflow/airflow_venv/lib/python3.12/site-packages/airflow/example_dags/plugins/workday.py
[2025-06-01T00:49:32.517+0200] {processor.py:842} WARNING - No viable dags retrieved from /home/leoja/airflow/airflow_venv/lib/python3.12/site-packages/airflow/example_dags/plugins/workday.py
[2025-06-01T00:49:32.524+0200] {processor.py:183} INFO - Processing /home/leoja/airflow/airflow_venv/lib/python3.12/site-packages/airflow/example_dags/plugins/workday.py took 0.481 seconds
[2025-06-01T00:50:21.559+0200] {processor.py:161} INFO - Started process (PID=145695) to work on /home/leoja/airflow/airflow_venv/lib/python3.12/site-packages/airflow/example_dags/plugins/workday.py
[2025-06-01T00:50:21.561+0200] {processor.py:830} INFO - Processing file /home/leoja/airflow/airflow_venv/lib/python3.12/site-packages/airflow/example_dags/plugins/workday.py for tasks to queue
[2025-06-01T00:50:21.562+0200] {logging_mixin.py:188} INFO - [2025-06-01T00:50:21.561+0200] {dagbag.py:540} INFO - Filling up the DagBag from /home/leoja/airflow/airflow_venv/lib/python3.12/site-packages/airflow/example_dags/plugins/workday.py
[2025-06-01T00:50:22.017+0200] {processor.py:842} WARNING - No viable dags retrieved from /home/leoja/airflow/airflow_venv/lib/python3.12/site-packages/airflow/example_dags/plugins/workday.py
[2025-06-01T00:50:22.023+0200] {processor.py:183} INFO - Processing /home/leoja/airflow/airflow_venv/lib/python3.12/site-packages/airflow/example_dags/plugins/workday.py took 0.470 seconds
[2025-06-01T00:51:10.234+0200] {processor.py:161} INFO - Started process (PID=145877) to work on /home/leoja/airflow/airflow_venv/lib/python3.12/site-packages/airflow/example_dags/plugins/workday.py
[2025-06-01T00:51:10.235+0200] {processor.py:830} INFO - Processing file /home/leoja/airflow/airflow_venv/lib/python3.12/site-packages/airflow/example_dags/plugins/workday.py for tasks to queue
[2025-06-01T00:51:10.236+0200] {logging_mixin.py:188} INFO - [2025-06-01T00:51:10.236+0200] {dagbag.py:540} INFO - Filling up the DagBag from /home/leoja/airflow/airflow_venv/lib/python3.12/site-packages/airflow/example_dags/plugins/workday.py
[2025-06-01T00:51:10.704+0200] {processor.py:842} WARNING - No viable dags retrieved from /home/leoja/airflow/airflow_venv/lib/python3.12/site-packages/airflow/example_dags/plugins/workday.py
[2025-06-01T00:51:10.710+0200] {processor.py:183} INFO - Processing /home/leoja/airflow/airflow_venv/lib/python3.12/site-packages/airflow/example_dags/plugins/workday.py took 0.483 seconds
[2025-06-01T00:52:00.290+0200] {processor.py:161} INFO - Started process (PID=146062) to work on /home/leoja/airflow/airflow_venv/lib/python3.12/site-packages/airflow/example_dags/plugins/workday.py
[2025-06-01T00:52:00.292+0200] {processor.py:830} INFO - Processing file /home/leoja/airflow/airflow_venv/lib/python3.12/site-packages/airflow/example_dags/plugins/workday.py for tasks to queue
[2025-06-01T00:52:00.293+0200] {logging_mixin.py:188} INFO - [2025-06-01T00:52:00.293+0200] {dagbag.py:540} INFO - Filling up the DagBag from /home/leoja/airflow/airflow_venv/lib/python3.12/site-packages/airflow/example_dags/plugins/workday.py
[2025-06-01T00:52:00.739+0200] {processor.py:842} WARNING - No viable dags retrieved from /home/leoja/airflow/airflow_venv/lib/python3.12/site-packages/airflow/example_dags/plugins/workday.py
[2025-06-01T00:52:00.748+0200] {processor.py:183} INFO - Processing /home/leoja/airflow/airflow_venv/lib/python3.12/site-packages/airflow/example_dags/plugins/workday.py took 0.466 seconds
[2025-06-01T00:53:14.983+0200] {processor.py:161} INFO - Started process (PID=146320) to work on /home/leoja/airflow/airflow_venv/lib/python3.12/site-packages/airflow/example_dags/plugins/workday.py
[2025-06-01T00:53:14.985+0200] {processor.py:830} INFO - Processing file /home/leoja/airflow/airflow_venv/lib/python3.12/site-packages/airflow/example_dags/plugins/workday.py for tasks to queue
[2025-06-01T00:53:14.986+0200] {logging_mixin.py:188} INFO - [2025-06-01T00:53:14.985+0200] {dagbag.py:540} INFO - Filling up the DagBag from /home/leoja/airflow/airflow_venv/lib/python3.12/site-packages/airflow/example_dags/plugins/workday.py
[2025-06-01T00:53:15.430+0200] {processor.py:842} WARNING - No viable dags retrieved from /home/leoja/airflow/airflow_venv/lib/python3.12/site-packages/airflow/example_dags/plugins/workday.py
[2025-06-01T00:53:15.436+0200] {processor.py:183} INFO - Processing /home/leoja/airflow/airflow_venv/lib/python3.12/site-packages/airflow/example_dags/plugins/workday.py took 0.458 seconds
[2025-06-01T00:54:21.837+0200] {processor.py:161} INFO - Started process (PID=146570) to work on /home/leoja/airflow/airflow_venv/lib/python3.12/site-packages/airflow/example_dags/plugins/workday.py
[2025-06-01T00:54:21.838+0200] {processor.py:830} INFO - Processing file /home/leoja/airflow/airflow_venv/lib/python3.12/site-packages/airflow/example_dags/plugins/workday.py for tasks to queue
[2025-06-01T00:54:21.839+0200] {logging_mixin.py:188} INFO - [2025-06-01T00:54:21.839+0200] {dagbag.py:540} INFO - Filling up the DagBag from /home/leoja/airflow/airflow_venv/lib/python3.12/site-packages/airflow/example_dags/plugins/workday.py
[2025-06-01T00:54:22.278+0200] {processor.py:842} WARNING - No viable dags retrieved from /home/leoja/airflow/airflow_venv/lib/python3.12/site-packages/airflow/example_dags/plugins/workday.py
[2025-06-01T00:54:22.286+0200] {processor.py:183} INFO - Processing /home/leoja/airflow/airflow_venv/lib/python3.12/site-packages/airflow/example_dags/plugins/workday.py took 0.454 seconds
[2025-06-01T00:55:33.992+0200] {processor.py:161} INFO - Started process (PID=146822) to work on /home/leoja/airflow/airflow_venv/lib/python3.12/site-packages/airflow/example_dags/plugins/workday.py
[2025-06-01T00:55:33.994+0200] {processor.py:830} INFO - Processing file /home/leoja/airflow/airflow_venv/lib/python3.12/site-packages/airflow/example_dags/plugins/workday.py for tasks to queue
[2025-06-01T00:55:33.994+0200] {logging_mixin.py:188} INFO - [2025-06-01T00:55:33.994+0200] {dagbag.py:540} INFO - Filling up the DagBag from /home/leoja/airflow/airflow_venv/lib/python3.12/site-packages/airflow/example_dags/plugins/workday.py
[2025-06-01T00:55:34.419+0200] {processor.py:842} WARNING - No viable dags retrieved from /home/leoja/airflow/airflow_venv/lib/python3.12/site-packages/airflow/example_dags/plugins/workday.py
[2025-06-01T00:55:34.427+0200] {processor.py:183} INFO - Processing /home/leoja/airflow/airflow_venv/lib/python3.12/site-packages/airflow/example_dags/plugins/workday.py took 0.440 seconds
[2025-06-01T00:56:44.172+0200] {processor.py:161} INFO - Started process (PID=147073) to work on /home/leoja/airflow/airflow_venv/lib/python3.12/site-packages/airflow/example_dags/plugins/workday.py
[2025-06-01T00:56:44.173+0200] {processor.py:830} INFO - Processing file /home/leoja/airflow/airflow_venv/lib/python3.12/site-packages/airflow/example_dags/plugins/workday.py for tasks to queue
[2025-06-01T00:56:44.174+0200] {logging_mixin.py:188} INFO - [2025-06-01T00:56:44.174+0200] {dagbag.py:540} INFO - Filling up the DagBag from /home/leoja/airflow/airflow_venv/lib/python3.12/site-packages/airflow/example_dags/plugins/workday.py
[2025-06-01T00:56:44.616+0200] {processor.py:842} WARNING - No viable dags retrieved from /home/leoja/airflow/airflow_venv/lib/python3.12/site-packages/airflow/example_dags/plugins/workday.py
[2025-06-01T00:56:44.622+0200] {processor.py:183} INFO - Processing /home/leoja/airflow/airflow_venv/lib/python3.12/site-packages/airflow/example_dags/plugins/workday.py took 0.457 seconds
[2025-06-01T00:57:58.012+0200] {processor.py:161} INFO - Started process (PID=147329) to work on /home/leoja/airflow/airflow_venv/lib/python3.12/site-packages/airflow/example_dags/plugins/workday.py
[2025-06-01T00:57:58.015+0200] {processor.py:830} INFO - Processing file /home/leoja/airflow/airflow_venv/lib/python3.12/site-packages/airflow/example_dags/plugins/workday.py for tasks to queue
[2025-06-01T00:57:58.018+0200] {logging_mixin.py:188} INFO - [2025-06-01T00:57:58.017+0200] {dagbag.py:540} INFO - Filling up the DagBag from /home/leoja/airflow/airflow_venv/lib/python3.12/site-packages/airflow/example_dags/plugins/workday.py
[2025-06-01T00:57:58.455+0200] {processor.py:842} WARNING - No viable dags retrieved from /home/leoja/airflow/airflow_venv/lib/python3.12/site-packages/airflow/example_dags/plugins/workday.py
[2025-06-01T00:57:58.462+0200] {processor.py:183} INFO - Processing /home/leoja/airflow/airflow_venv/lib/python3.12/site-packages/airflow/example_dags/plugins/workday.py took 0.457 seconds
[2025-06-01T00:58:49.203+0200] {processor.py:161} INFO - Started process (PID=147511) to work on /home/leoja/airflow/airflow_venv/lib/python3.12/site-packages/airflow/example_dags/plugins/workday.py
[2025-06-01T00:58:49.205+0200] {processor.py:830} INFO - Processing file /home/leoja/airflow/airflow_venv/lib/python3.12/site-packages/airflow/example_dags/plugins/workday.py for tasks to queue
[2025-06-01T00:58:49.206+0200] {logging_mixin.py:188} INFO - [2025-06-01T00:58:49.205+0200] {dagbag.py:540} INFO - Filling up the DagBag from /home/leoja/airflow/airflow_venv/lib/python3.12/site-packages/airflow/example_dags/plugins/workday.py
[2025-06-01T00:58:49.705+0200] {processor.py:842} WARNING - No viable dags retrieved from /home/leoja/airflow/airflow_venv/lib/python3.12/site-packages/airflow/example_dags/plugins/workday.py
[2025-06-01T00:58:49.711+0200] {processor.py:183} INFO - Processing /home/leoja/airflow/airflow_venv/lib/python3.12/site-packages/airflow/example_dags/plugins/workday.py took 0.515 seconds
[2025-06-01T01:00:03.657+0200] {processor.py:161} INFO - Started process (PID=147786) to work on /home/leoja/airflow/airflow_venv/lib/python3.12/site-packages/airflow/example_dags/plugins/workday.py
[2025-06-01T01:00:03.658+0200] {processor.py:830} INFO - Processing file /home/leoja/airflow/airflow_venv/lib/python3.12/site-packages/airflow/example_dags/plugins/workday.py for tasks to queue
[2025-06-01T01:00:03.659+0200] {logging_mixin.py:188} INFO - [2025-06-01T01:00:03.659+0200] {dagbag.py:540} INFO - Filling up the DagBag from /home/leoja/airflow/airflow_venv/lib/python3.12/site-packages/airflow/example_dags/plugins/workday.py
[2025-06-01T01:00:04.086+0200] {processor.py:842} WARNING - No viable dags retrieved from /home/leoja/airflow/airflow_venv/lib/python3.12/site-packages/airflow/example_dags/plugins/workday.py
[2025-06-01T01:00:04.092+0200] {processor.py:183} INFO - Processing /home/leoja/airflow/airflow_venv/lib/python3.12/site-packages/airflow/example_dags/plugins/workday.py took 0.440 seconds
[2025-06-01T01:00:54.959+0200] {processor.py:161} INFO - Started process (PID=147963) to work on /home/leoja/airflow/airflow_venv/lib/python3.12/site-packages/airflow/example_dags/plugins/workday.py
[2025-06-01T01:00:54.960+0200] {processor.py:830} INFO - Processing file /home/leoja/airflow/airflow_venv/lib/python3.12/site-packages/airflow/example_dags/plugins/workday.py for tasks to queue
[2025-06-01T01:00:54.961+0200] {logging_mixin.py:188} INFO - [2025-06-01T01:00:54.961+0200] {dagbag.py:540} INFO - Filling up the DagBag from /home/leoja/airflow/airflow_venv/lib/python3.12/site-packages/airflow/example_dags/plugins/workday.py
[2025-06-01T01:00:55.348+0200] {processor.py:842} WARNING - No viable dags retrieved from /home/leoja/airflow/airflow_venv/lib/python3.12/site-packages/airflow/example_dags/plugins/workday.py
[2025-06-01T01:00:55.355+0200] {processor.py:183} INFO - Processing /home/leoja/airflow/airflow_venv/lib/python3.12/site-packages/airflow/example_dags/plugins/workday.py took 0.401 seconds
