[2025-05-21T09:51:40.988+0200] {local_task_job_runner.py:120} INFO - ::group::Pre task execution logs
[2025-05-21T09:51:41.004+0200] {taskinstance.py:2073} INFO - Dependencies all met for dep_context=non-requeueable deps ti=<TaskInstance: macro_trading_dag.fetch_fred_data scheduled__2025-05-20T00:00:00+00:00 [queued]>
[2025-05-21T09:51:41.007+0200] {taskinstance.py:2073} INFO - Dependencies all met for dep_context=requeueable deps ti=<TaskInstance: macro_trading_dag.fetch_fred_data scheduled__2025-05-20T00:00:00+00:00 [queued]>
[2025-05-21T09:51:41.007+0200] {taskinstance.py:2303} INFO - Starting attempt 2 of 4
[2025-05-21T09:51:41.034+0200] {taskinstance.py:2327} INFO - Executing <Task(PythonOperator): fetch_fred_data> on 2025-05-20 00:00:00+00:00
[2025-05-21T09:51:41.038+0200] {standard_task_runner.py:63} INFO - Started process 280253 to run task
[2025-05-21T09:51:41.040+0200] {standard_task_runner.py:90} INFO - Running: ['airflow', 'tasks', 'run', 'macro_trading_dag', 'fetch_fred_data', 'scheduled__2025-05-20T00:00:00+00:00', '--job-id', '36', '--raw', '--subdir', 'DAGS_FOLDER/my_first_dag.py', '--cfg-path', '/tmp/tmpae_urexx']
[2025-05-21T09:51:41.041+0200] {standard_task_runner.py:91} INFO - Job 36: Subtask fetch_fred_data
[2025-05-21T09:51:41.083+0200] {task_command.py:426} INFO - Running <TaskInstance: macro_trading_dag.fetch_fred_data scheduled__2025-05-20T00:00:00+00:00 [running]> on host N15I711-16GR512.
[2025-05-21T09:51:41.132+0200] {taskinstance.py:2644} INFO - Exporting env vars: AIRFLOW_CTX_DAG_OWNER='leoja' AIRFLOW_CTX_DAG_ID='macro_trading_dag' AIRFLOW_CTX_TASK_ID='fetch_fred_data' AIRFLOW_CTX_EXECUTION_DATE='2025-05-20T00:00:00+00:00' AIRFLOW_CTX_TRY_NUMBER='2' AIRFLOW_CTX_DAG_RUN_ID='scheduled__2025-05-20T00:00:00+00:00'
[2025-05-21T09:51:41.133+0200] {taskinstance.py:430} INFO - ::endgroup::
[2025-05-21T09:51:41.307+0200] {taskinstance.py:441} INFO - ::group::Post task execution logs
[2025-05-21T09:51:41.308+0200] {taskinstance.py:2890} ERROR - Task failed with exception
Traceback (most recent call last):
  File "/home/leoja/airflow_venv/lib/python3.11/site-packages/airflow/models/taskinstance.py", line 465, in _execute_task
    result = _execute_callable(context=context, **execute_callable_kwargs)
             ^^^^^^^^^^^^^^^^^^^^^^^^^^^^^^^^^^^^^^^^^^^^^^^^^^^^^^^^^^^^^
  File "/home/leoja/airflow_venv/lib/python3.11/site-packages/airflow/models/taskinstance.py", line 432, in _execute_callable
    return execute_callable(context=context, **execute_callable_kwargs)
           ^^^^^^^^^^^^^^^^^^^^^^^^^^^^^^^^^^^^^^^^^^^^^^^^^^^^^^^^^^^^
  File "/home/leoja/airflow_venv/lib/python3.11/site-packages/airflow/models/baseoperator.py", line 400, in wrapper
    return func(self, *args, **kwargs)
           ^^^^^^^^^^^^^^^^^^^^^^^^^^^
  File "/home/leoja/airflow_venv/lib/python3.11/site-packages/airflow/operators/python.py", line 235, in execute
    return_value = self.execute_callable()
                   ^^^^^^^^^^^^^^^^^^^^^^^
  File "/home/leoja/airflow_venv/lib/python3.11/site-packages/airflow/operators/python.py", line 252, in execute_callable
    return self.python_callable(*self.op_args, **self.op_kwargs)
           ^^^^^^^^^^^^^^^^^^^^^^^^^^^^^^^^^^^^^^^^^^^^^^^^^^^^^
  File "/home/leoja/airflow/dags/my_first_dag.py", line 41, in fetch_fred_data
    data.to_csv(path)
  File "/home/leoja/airflow_venv/lib/python3.11/site-packages/pandas/util/_decorators.py", line 333, in wrapper
    return func(*args, **kwargs)
           ^^^^^^^^^^^^^^^^^^^^^
  File "/home/leoja/airflow_venv/lib/python3.11/site-packages/pandas/core/generic.py", line 3967, in to_csv
    return DataFrameRenderer(formatter).to_csv(
           ^^^^^^^^^^^^^^^^^^^^^^^^^^^^^^^^^^^^
  File "/home/leoja/airflow_venv/lib/python3.11/site-packages/pandas/io/formats/format.py", line 1014, in to_csv
    csv_formatter.save()
  File "/home/leoja/airflow_venv/lib/python3.11/site-packages/pandas/io/formats/csvs.py", line 251, in save
    with get_handle(
         ^^^^^^^^^^^
  File "/home/leoja/airflow_venv/lib/python3.11/site-packages/pandas/io/common.py", line 749, in get_handle
    check_parent_directory(str(handle))
  File "/home/leoja/airflow_venv/lib/python3.11/site-packages/pandas/io/common.py", line 616, in check_parent_directory
    raise OSError(rf"Cannot save file into a non-existent directory: '{parent}'")
OSError: Cannot save file into a non-existent directory: '/data/raw/2025-05-20'
[2025-05-21T09:51:41.315+0200] {taskinstance.py:1205} INFO - Marking task as UP_FOR_RETRY. dag_id=macro_trading_dag, task_id=fetch_fred_data, execution_date=20250520T000000, start_date=20250521T075141, end_date=20250521T075141
[2025-05-21T09:51:41.326+0200] {standard_task_runner.py:110} ERROR - Failed to execute job 36 for task fetch_fred_data (Cannot save file into a non-existent directory: '/data/raw/2025-05-20'; 280253)
[2025-05-21T09:51:41.335+0200] {local_task_job_runner.py:240} INFO - Task exited with return code 1
[2025-05-21T09:51:41.350+0200] {taskinstance.py:3482} INFO - 0 downstream tasks scheduled from follow-on schedule check
[2025-05-21T09:51:41.350+0200] {local_task_job_runner.py:222} INFO - ::endgroup::
