[2025-06-04T12:22:23.574+0200] {local_task_job_runner.py:120} INFO - ::group::Pre task execution logs
[2025-06-04T12:22:23.599+0200] {taskinstance.py:2073} INFO - Dependencies all met for dep_context=non-requeueable deps ti=<TaskInstance: macro_trading_dag.fetch_data manual__2025-06-04T10:22:20.904743+00:00 [queued]>
[2025-06-04T12:22:23.603+0200] {taskinstance.py:2073} INFO - Dependencies all met for dep_context=requeueable deps ti=<TaskInstance: macro_trading_dag.fetch_data manual__2025-06-04T10:22:20.904743+00:00 [queued]>
[2025-06-04T12:22:23.603+0200] {taskinstance.py:2303} INFO - Starting attempt 1 of 3
[2025-06-04T12:22:23.614+0200] {taskinstance.py:2327} INFO - Executing <Task(PythonOperator): fetch_data> on 2025-06-04 10:22:20.904743+00:00
[2025-06-04T12:22:23.621+0200] {standard_task_runner.py:90} INFO - Running: ['airflow', 'tasks', 'run', 'macro_trading_dag', 'fetch_data', 'manual__2025-06-04T10:22:20.904743+00:00', '--job-id', '248', '--raw', '--subdir', 'DAGS_FOLDER/macro_trading_dag.py', '--cfg-path', '/tmp/tmpon8c0l9w']
[2025-06-04T12:22:23.622+0200] {standard_task_runner.py:91} INFO - Job 248: Subtask fetch_data
[2025-06-04T12:22:23.628+0200] {logging_mixin.py:188} WARNING - /home/leoja/airflow/airflow_venv/lib/python3.12/site-packages/airflow/task/task_runner/standard_task_runner.py:61 DeprecationWarning: This process (pid=363662) is multi-threaded, use of fork() may lead to deadlocks in the child.
[2025-06-04T12:22:23.628+0200] {standard_task_runner.py:63} INFO - Started process 363672 to run task
[2025-06-04T12:22:23.654+0200] {task_command.py:426} INFO - Running <TaskInstance: macro_trading_dag.fetch_data manual__2025-06-04T10:22:20.904743+00:00 [running]> on host N15I711-16GR512.localdomain
[2025-06-04T12:22:23.706+0200] {taskinstance.py:2644} INFO - Exporting env vars: AIRFLOW_CTX_DAG_OWNER='airflow' AIRFLOW_CTX_DAG_ID='macro_trading_dag' AIRFLOW_CTX_TASK_ID='fetch_data' AIRFLOW_CTX_EXECUTION_DATE='2025-06-04T10:22:20.904743+00:00' AIRFLOW_CTX_TRY_NUMBER='1' AIRFLOW_CTX_DAG_RUN_ID='manual__2025-06-04T10:22:20.904743+00:00'
[2025-06-04T12:22:23.707+0200] {taskinstance.py:430} INFO - ::endgroup::
[2025-06-04T12:22:24.016+0200] {logging_mixin.py:188} INFO - Données mises à jour pour INFLATION (CPIAUCSL)
[2025-06-04T12:22:24.217+0200] {logging_mixin.py:188} INFO - Données mises à jour pour UNEMPLOYMENT (UNRATE)
[2025-06-04T12:22:24.410+0200] {logging_mixin.py:188} INFO - Aucune nouvelle donnée pour High_Yield_Bond_SPREAD (BAMLH0A0HYM2)
[2025-06-04T12:22:24.620+0200] {logging_mixin.py:188} INFO - Aucune nouvelle donnée pour 10-2Year_Treasury_Yield_Bond (T10Y2Y)
[2025-06-04T12:22:24.841+0200] {logging_mixin.py:188} INFO - Données mises à jour pour CONSUMER_SENTIMENT (UMCSENT)
[2025-06-04T12:22:25.041+0200] {logging_mixin.py:188} INFO - Aucune nouvelle donnée pour BARREL PETROL (DCOILBRENTEU)
[2025-06-04T12:22:25.356+0200] {logging_mixin.py:188} INFO - Données mises à jour pour TAUX_FED (FEDFUNDS)
[2025-06-04T12:22:25.558+0200] {logging_mixin.py:188} INFO - Données mises à jour pour S&P500(LARGE CAP) (SP500)
[2025-06-04T12:22:25.654+0200] {logging_mixin.py:188} INFO - Données mises à jour pour GOLD_OZ_USD (GOLD_OZ_USD)
[2025-06-04T12:22:25.794+0200] {logging_mixin.py:188} INFO - Données mises à jour pour RUSSELL2000(Small CAP) (SmallCAP)
[2025-06-04T12:22:25.932+0200] {logging_mixin.py:188} INFO - Données mises à jour pour REITs(Immobilier US) (US_REIT_VNQ)
[2025-06-04T12:22:26.069+0200] {logging_mixin.py:188} INFO - Données mises à jour pour US_TREASURY_10Y (TREASURY_10Y)
[2025-06-04T12:22:26.070+0200] {python.py:237} INFO - Done. Returned value was: None
[2025-06-04T12:22:26.070+0200] {taskinstance.py:441} INFO - ::group::Post task execution logs
[2025-06-04T12:22:26.073+0200] {taskinstance.py:1205} INFO - Marking task as SUCCESS. dag_id=macro_trading_dag, task_id=fetch_data, execution_date=20250604T102220, start_date=20250604T102223, end_date=20250604T102226
[2025-06-04T12:22:26.102+0200] {local_task_job_runner.py:240} INFO - Task exited with return code 0
[2025-06-04T12:22:26.115+0200] {taskinstance.py:3482} INFO - 2 downstream tasks scheduled from follow-on schedule check
[2025-06-04T12:22:26.123+0200] {local_task_job_runner.py:222} INFO - ::endgroup::
