[2025-06-01T12:47:19.359+0200] {local_task_job_runner.py:120} INFO - ::group::Pre task execution logs
[2025-06-01T12:47:19.370+0200] {taskinstance.py:2073} INFO - Dependencies all met for dep_context=non-requeueable deps ti=<TaskInstance: macro_trading_dag.fetch_fred_data scheduled__2025-05-31T08:00:00+00:00 [queued]>
[2025-06-01T12:47:19.373+0200] {taskinstance.py:2073} INFO - Dependencies all met for dep_context=requeueable deps ti=<TaskInstance: macro_trading_dag.fetch_fred_data scheduled__2025-05-31T08:00:00+00:00 [queued]>
[2025-06-01T12:47:19.373+0200] {taskinstance.py:2303} INFO - Starting attempt 3 of 3
[2025-06-01T12:47:19.391+0200] {taskinstance.py:2327} INFO - Executing <Task(PythonOperator): fetch_fred_data> on 2025-05-31 08:00:00+00:00
[2025-06-01T12:47:19.399+0200] {standard_task_runner.py:90} INFO - Running: ['airflow', 'tasks', 'run', 'macro_trading_dag', 'fetch_fred_data', 'scheduled__2025-05-31T08:00:00+00:00', '--job-id', '72', '--raw', '--subdir', 'DAGS_FOLDER/macro_trading_dag.py', '--cfg-path', '/tmp/tmpsw1iw3o1']
[2025-06-01T12:47:19.400+0200] {standard_task_runner.py:91} INFO - Job 72: Subtask fetch_fred_data
[2025-06-01T12:47:19.404+0200] {logging_mixin.py:188} WARNING - /home/leoja/airflow/airflow_venv/lib/python3.12/site-packages/airflow/task/task_runner/standard_task_runner.py:61 DeprecationWarning: This process (pid=172046) is multi-threaded, use of fork() may lead to deadlocks in the child.
[2025-06-01T12:47:19.404+0200] {standard_task_runner.py:63} INFO - Started process 172079 to run task
[2025-06-01T12:47:19.432+0200] {task_command.py:426} INFO - Running <TaskInstance: macro_trading_dag.fetch_fred_data scheduled__2025-05-31T08:00:00+00:00 [running]> on host N15I711-16GR512.localdomain
[2025-06-01T12:47:19.483+0200] {taskinstance.py:2644} INFO - Exporting env vars: AIRFLOW_CTX_DAG_OWNER='airflow' AIRFLOW_CTX_DAG_ID='macro_trading_dag' AIRFLOW_CTX_TASK_ID='fetch_fred_data' AIRFLOW_CTX_EXECUTION_DATE='2025-05-31T08:00:00+00:00' AIRFLOW_CTX_TRY_NUMBER='3' AIRFLOW_CTX_DAG_RUN_ID='scheduled__2025-05-31T08:00:00+00:00'
[2025-06-01T12:47:19.484+0200] {taskinstance.py:430} INFO - ::endgroup::
[2025-06-01T12:47:20.217+0200] {logging_mixin.py:188} INFO - Aucune nouvelle donnée pour SP500 (SP500)
[2025-06-01T12:47:20.985+0200] {logging_mixin.py:188} INFO - Données mises à jour pour INFLATION (CPIAUCSL)
[2025-06-01T12:47:21.781+0200] {logging_mixin.py:188} INFO - Données mises à jour pour UNEMPLOYMENT (UNRATE)
[2025-06-01T12:47:22.561+0200] {logging_mixin.py:188} INFO - Aucune nouvelle donnée pour HY_SPREAD (BAMLH0A0HYM2)
[2025-06-01T12:47:23.478+0200] {logging_mixin.py:188} INFO - Aucune nouvelle donnée pour LONG_SPREAD (T10Y2Y)
[2025-06-01T12:47:24.450+0200] {logging_mixin.py:188} INFO - Données mises à jour pour CONSUMER_SENTIMENT (UMCSENT)
[2025-06-01T12:47:25.501+0200] {logging_mixin.py:188} INFO - Aucune nouvelle donnée pour BARREL PETROL (DCOILBRENTEU)
[2025-06-01T12:47:25.501+0200] {python.py:237} INFO - Done. Returned value was: None
[2025-06-01T12:47:25.501+0200] {taskinstance.py:441} INFO - ::group::Post task execution logs
[2025-06-01T12:47:25.507+0200] {taskinstance.py:1205} INFO - Marking task as SUCCESS. dag_id=macro_trading_dag, task_id=fetch_fred_data, execution_date=20250531T080000, start_date=20250601T104719, end_date=20250601T104725
[2025-06-01T12:47:25.537+0200] {local_task_job_runner.py:240} INFO - Task exited with return code 0
[2025-06-01T12:47:25.545+0200] {taskinstance.py:3482} INFO - 0 downstream tasks scheduled from follow-on schedule check
[2025-06-01T12:47:25.546+0200] {local_task_job_runner.py:222} INFO - ::endgroup::
