[2025-06-05T22:32:05.697+0200] {local_task_job_runner.py:120} INFO - ::group::Pre task execution logs
[2025-06-05T22:32:05.711+0200] {taskinstance.py:2073} INFO - Dependencies all met for dep_context=non-requeueable deps ti=<TaskInstance: macro_trading_dag.fetch_data manual__2025-06-05T20:32:01.368855+00:00 [queued]>
[2025-06-05T22:32:05.716+0200] {taskinstance.py:2073} INFO - Dependencies all met for dep_context=requeueable deps ti=<TaskInstance: macro_trading_dag.fetch_data manual__2025-06-05T20:32:01.368855+00:00 [queued]>
[2025-06-05T22:32:05.716+0200] {taskinstance.py:2303} INFO - Starting attempt 1 of 3
[2025-06-05T22:32:05.732+0200] {taskinstance.py:2327} INFO - Executing <Task(PythonOperator): fetch_data> on 2025-06-05 20:32:01.368855+00:00
[2025-06-05T22:32:05.741+0200] {standard_task_runner.py:90} INFO - Running: ['airflow', 'tasks', 'run', 'macro_trading_dag', 'fetch_data', 'manual__2025-06-05T20:32:01.368855+00:00', '--job-id', '299', '--raw', '--subdir', 'DAGS_FOLDER/macro_trading_dag.py', '--cfg-path', '/tmp/tmpvgvlv45m']
[2025-06-05T22:32:05.742+0200] {standard_task_runner.py:91} INFO - Job 299: Subtask fetch_data
[2025-06-05T22:32:05.750+0200] {logging_mixin.py:188} WARNING - /home/leoja/airflow/airflow_venv/lib/python3.12/site-packages/airflow/task/task_runner/standard_task_runner.py:61 DeprecationWarning: This process (pid=599457) is multi-threaded, use of fork() may lead to deadlocks in the child.
[2025-06-05T22:32:05.751+0200] {standard_task_runner.py:63} INFO - Started process 599467 to run task
[2025-06-05T22:32:05.784+0200] {task_command.py:426} INFO - Running <TaskInstance: macro_trading_dag.fetch_data manual__2025-06-05T20:32:01.368855+00:00 [running]> on host N15I711-16GR512.localdomain
[2025-06-05T22:32:05.844+0200] {taskinstance.py:2644} INFO - Exporting env vars: AIRFLOW_CTX_DAG_OWNER='airflow' AIRFLOW_CTX_DAG_ID='macro_trading_dag' AIRFLOW_CTX_TASK_ID='fetch_data' AIRFLOW_CTX_EXECUTION_DATE='2025-06-05T20:32:01.368855+00:00' AIRFLOW_CTX_TRY_NUMBER='1' AIRFLOW_CTX_DAG_RUN_ID='manual__2025-06-05T20:32:01.368855+00:00'
[2025-06-05T22:32:05.845+0200] {taskinstance.py:430} INFO - ::endgroup::
[2025-06-05T22:32:06.503+0200] {logging_mixin.py:188} INFO - Données mises à jour pour INFLATION (CPIAUCSL)
[2025-06-05T22:32:06.921+0200] {logging_mixin.py:188} INFO - Données mises à jour pour UNEMPLOYMENT (UNRATE)
[2025-06-05T22:32:07.809+0200] {logging_mixin.py:188} INFO - Aucune nouvelle donnée pour High_Yield_Bond_SPREAD (BAMLH0A0HYM2)
[2025-06-05T22:32:08.007+0200] {logging_mixin.py:188} INFO - Aucune nouvelle donnée pour 10-2Year_Treasury_Yield_Bond (T10Y2Y)
[2025-06-05T22:32:08.225+0200] {logging_mixin.py:188} INFO - Données mises à jour pour CONSUMER_SENTIMENT (UMCSENT)
[2025-06-05T22:32:08.415+0200] {logging_mixin.py:188} INFO - Aucune nouvelle donnée pour BARREL PETROL (DCOILBRENTEU)
[2025-06-05T22:32:08.632+0200] {logging_mixin.py:188} INFO - Données mises à jour pour TAUX_FED (FEDFUNDS)
[2025-06-05T22:32:08.836+0200] {multi.py:184} ERROR - 
1 Failed download:
[2025-06-05T22:32:08.836+0200] {multi.py:197} ERROR - ['^GSPC']: YFPricesMissingError('possibly delisted; no price data found  (1d 2025-06-04 22:32:08.638936 -> 2025-06-04 22:32:08.638936)')
[2025-06-05T22:32:08.843+0200] {logging_mixin.py:188} INFO - Aucune nouvelle donnée pour S&P500(LARGE CAP) (SP500)
[2025-06-05T22:32:08.944+0200] {multi.py:184} ERROR - 
1 Failed download:
[2025-06-05T22:32:08.945+0200] {multi.py:197} ERROR - ['GC=F']: YFPricesMissingError('possibly delisted; no price data found  (1d 2025-06-04 22:32:08.850270 -> 2025-06-04 22:32:08.850270)')
[2025-06-05T22:32:08.948+0200] {logging_mixin.py:188} INFO - Aucune nouvelle donnée pour GOLD_OZ_USD (GOLD_OZ_USD)
[2025-06-05T22:32:09.061+0200] {multi.py:184} ERROR - 
1 Failed download:
[2025-06-05T22:32:09.061+0200] {multi.py:197} ERROR - ['IWM']: YFPricesMissingError('possibly delisted; no price data found  (1d 2025-06-04 22:32:08.958645 -> 2025-06-04 22:32:08.958645)')
[2025-06-05T22:32:09.063+0200] {logging_mixin.py:188} INFO - Aucune nouvelle donnée pour RUSSELL2000(Small CAP) (SmallCAP)
[2025-06-05T22:32:09.204+0200] {multi.py:184} ERROR - 
1 Failed download:
[2025-06-05T22:32:09.204+0200] {multi.py:197} ERROR - ['VNQ']: YFPricesMissingError('possibly delisted; no price data found  (1d 2025-06-04 22:32:09.071045 -> 2025-06-04 22:32:09.071045)')
[2025-06-05T22:32:09.207+0200] {logging_mixin.py:188} INFO - Aucune nouvelle donnée pour REITs(Immobilier US) (US_REIT_VNQ)
[2025-06-05T22:32:09.342+0200] {multi.py:184} ERROR - 
1 Failed download:
[2025-06-05T22:32:09.343+0200] {multi.py:197} ERROR - ['IEF']: YFPricesMissingError('possibly delisted; no price data found  (1d 2025-06-04 22:32:09.218416 -> 2025-06-04 22:32:09.218416)')
[2025-06-05T22:32:09.347+0200] {logging_mixin.py:188} INFO - Aucune nouvelle donnée pour US_TREASURY_10Y (TREASURY_10Y)
[2025-06-05T22:32:09.347+0200] {python.py:237} INFO - Done. Returned value was: None
[2025-06-05T22:32:09.348+0200] {taskinstance.py:441} INFO - ::group::Post task execution logs
[2025-06-05T22:32:09.372+0200] {taskinstance.py:1205} INFO - Marking task as SUCCESS. dag_id=macro_trading_dag, task_id=fetch_data, execution_date=20250605T203201, start_date=20250605T203205, end_date=20250605T203209
[2025-06-05T22:32:09.434+0200] {local_task_job_runner.py:240} INFO - Task exited with return code 0
[2025-06-05T22:32:09.461+0200] {taskinstance.py:3482} INFO - 2 downstream tasks scheduled from follow-on schedule check
[2025-06-05T22:32:09.470+0200] {local_task_job_runner.py:222} INFO - ::endgroup::
