[2025-06-03T19:27:47.331+0200] {local_task_job_runner.py:120} INFO - ::group::Pre task execution logs
[2025-06-03T19:27:47.342+0200] {taskinstance.py:2073} INFO - Dependencies all met for dep_context=non-requeueable deps ti=<TaskInstance: macro_trading_dag.compute_economic_quadrants manual__2025-06-03T17:21:35.097481+00:00 [queued]>
[2025-06-03T19:27:47.346+0200] {taskinstance.py:2073} INFO - Dependencies all met for dep_context=requeueable deps ti=<TaskInstance: macro_trading_dag.compute_economic_quadrants manual__2025-06-03T17:21:35.097481+00:00 [queued]>
[2025-06-03T19:27:47.346+0200] {taskinstance.py:2303} INFO - Starting attempt 3 of 5
[2025-06-03T19:27:47.362+0200] {taskinstance.py:2327} INFO - Executing <Task(SparkSubmitOperator): compute_economic_quadrants> on 2025-06-03 17:21:35.097481+00:00
[2025-06-03T19:27:47.368+0200] {standard_task_runner.py:90} INFO - Running: ['airflow', 'tasks', 'run', 'macro_trading_dag', 'compute_economic_quadrants', 'manual__2025-06-03T17:21:35.097481+00:00', '--job-id', '182', '--raw', '--subdir', 'DAGS_FOLDER/macro_trading_dag.py', '--cfg-path', '/tmp/tmpqt0a4bcx']
[2025-06-03T19:27:47.369+0200] {standard_task_runner.py:91} INFO - Job 182: Subtask compute_economic_quadrants
[2025-06-03T19:27:47.374+0200] {logging_mixin.py:188} WARNING - /home/leoja/airflow/airflow_venv/lib/python3.12/site-packages/airflow/task/task_runner/standard_task_runner.py:61 DeprecationWarning: This process (pid=229883) is multi-threaded, use of fork() may lead to deadlocks in the child.
[2025-06-03T19:27:47.374+0200] {standard_task_runner.py:63} INFO - Started process 229893 to run task
[2025-06-03T19:27:47.400+0200] {task_command.py:426} INFO - Running <TaskInstance: macro_trading_dag.compute_economic_quadrants manual__2025-06-03T17:21:35.097481+00:00 [running]> on host N15I711-16GR512.localdomain
[2025-06-03T19:27:47.443+0200] {taskinstance.py:2644} INFO - Exporting env vars: AIRFLOW_CTX_DAG_OWNER='airflow' AIRFLOW_CTX_DAG_ID='macro_trading_dag' AIRFLOW_CTX_TASK_ID='compute_economic_quadrants' AIRFLOW_CTX_EXECUTION_DATE='2025-06-03T17:21:35.097481+00:00' AIRFLOW_CTX_TRY_NUMBER='3' AIRFLOW_CTX_DAG_RUN_ID='manual__2025-06-03T17:21:35.097481+00:00'
[2025-06-03T19:27:47.444+0200] {taskinstance.py:430} INFO - ::endgroup::
[2025-06-03T19:27:47.448+0200] {base.py:84} INFO - Using connection ID 'spark_local' for task execution.
[2025-06-03T19:27:47.448+0200] {spark_submit.py:351} INFO - Spark-Submit cmd: spark-submit --master local[*] --name compute_economic_quadrants /home/airflow/spark_jobs/compute_quadrants.py /home/leoja/airflow/data/Indicators.parquet /home/leoja/airflow/data/quadrants.parquet
[2025-06-03T19:27:48.675+0200] {spark_submit.py:521} INFO - 25/06/03 19:27:48 WARN Utils: Your hostname, N15I711-16GR512 resolves to a loopback address: 127.0.1.1; using 10.255.255.254 instead (on interface lo)
[2025-06-03T19:27:48.677+0200] {spark_submit.py:521} INFO - 25/06/03 19:27:48 WARN Utils: Set SPARK_LOCAL_IP if you need to bind to another address
[2025-06-03T19:27:49.093+0200] {spark_submit.py:521} INFO - python3: can't open file '/home/airflow/spark_jobs/compute_quadrants.py': [Errno 2] No such file or directory
[2025-06-03T19:27:49.108+0200] {spark_submit.py:521} INFO - 25/06/03 19:27:49 INFO ShutdownHookManager: Shutdown hook called
[2025-06-03T19:27:49.109+0200] {spark_submit.py:521} INFO - 25/06/03 19:27:49 INFO ShutdownHookManager: Deleting directory /tmp/spark-1868f050-09b3-48be-bb57-33b9ae05de2a
[2025-06-03T19:27:49.142+0200] {taskinstance.py:441} INFO - ::group::Post task execution logs
[2025-06-03T19:27:49.148+0200] {taskinstance.py:2890} ERROR - Task failed with exception
Traceback (most recent call last):
  File "/home/leoja/airflow/airflow_venv/lib/python3.12/site-packages/airflow/models/taskinstance.py", line 465, in _execute_task
    result = _execute_callable(context=context, **execute_callable_kwargs)
             ^^^^^^^^^^^^^^^^^^^^^^^^^^^^^^^^^^^^^^^^^^^^^^^^^^^^^^^^^^^^^
  File "/home/leoja/airflow/airflow_venv/lib/python3.12/site-packages/airflow/models/taskinstance.py", line 432, in _execute_callable
    return execute_callable(context=context, **execute_callable_kwargs)
           ^^^^^^^^^^^^^^^^^^^^^^^^^^^^^^^^^^^^^^^^^^^^^^^^^^^^^^^^^^^^
  File "/home/leoja/airflow/airflow_venv/lib/python3.12/site-packages/airflow/models/baseoperator.py", line 400, in wrapper
    return func(self, *args, **kwargs)
           ^^^^^^^^^^^^^^^^^^^^^^^^^^^
  File "/home/leoja/airflow/airflow_venv/lib/python3.12/site-packages/airflow/providers/apache/spark/operators/spark_submit.py", line 156, in execute
    self._hook.submit(self._application)
  File "/home/leoja/airflow/airflow_venv/lib/python3.12/site-packages/airflow/providers/apache/spark/hooks/spark_submit.py", line 452, in submit
    raise AirflowException(
airflow.exceptions.AirflowException: Cannot execute: spark-submit --master local[*] --name compute_economic_quadrants /home/airflow/spark_jobs/compute_quadrants.py /home/leoja/airflow/data/Indicators.parquet /home/leoja/airflow/data/quadrants.parquet. Error code is: 2.
[2025-06-03T19:27:49.151+0200] {taskinstance.py:1205} INFO - Marking task as UP_FOR_RETRY. dag_id=macro_trading_dag, task_id=compute_economic_quadrants, execution_date=20250603T172135, start_date=20250603T172747, end_date=20250603T172749
[2025-06-03T19:27:49.164+0200] {standard_task_runner.py:110} ERROR - Failed to execute job 182 for task compute_economic_quadrants (Cannot execute: spark-submit --master local[*] --name compute_economic_quadrants /home/airflow/spark_jobs/compute_quadrants.py /home/leoja/airflow/data/Indicators.parquet /home/leoja/airflow/data/quadrants.parquet. Error code is: 2.; 229893)
[2025-06-03T19:27:49.197+0200] {local_task_job_runner.py:240} INFO - Task exited with return code 1
[2025-06-03T19:27:49.208+0200] {taskinstance.py:3482} INFO - 0 downstream tasks scheduled from follow-on schedule check
[2025-06-03T19:27:49.208+0200] {local_task_job_runner.py:222} INFO - ::endgroup::
