[2025-06-02T13:50:59.908+0200] {local_task_job_runner.py:120} INFO - ::group::Pre task execution logs
[2025-06-02T13:50:59.921+0200] {taskinstance.py:2073} INFO - Dependencies all met for dep_context=non-requeueable deps ti=<TaskInstance: macro_trading_dag.fetch_fred_data manual__2025-06-02T11:50:52.024726+00:00 [queued]>
[2025-06-02T13:50:59.924+0200] {taskinstance.py:2073} INFO - Dependencies all met for dep_context=requeueable deps ti=<TaskInstance: macro_trading_dag.fetch_fred_data manual__2025-06-02T11:50:52.024726+00:00 [queued]>
[2025-06-02T13:50:59.924+0200] {taskinstance.py:2303} INFO - Starting attempt 1 of 3
[2025-06-02T13:50:59.941+0200] {taskinstance.py:2327} INFO - Executing <Task(PythonOperator): fetch_fred_data> on 2025-06-02 11:50:52.024726+00:00
[2025-06-02T13:50:59.948+0200] {standard_task_runner.py:90} INFO - Running: ['airflow', 'tasks', 'run', 'macro_trading_dag', 'fetch_fred_data', 'manual__2025-06-02T11:50:52.024726+00:00', '--job-id', '76', '--raw', '--subdir', 'DAGS_FOLDER/macro_trading_dag.py', '--cfg-path', '/tmp/tmpzub1s5u8']
[2025-06-02T13:50:59.949+0200] {standard_task_runner.py:91} INFO - Job 76: Subtask fetch_fred_data
[2025-06-02T13:50:59.951+0200] {logging_mixin.py:188} WARNING - /home/leoja/airflow/airflow_venv/lib/python3.12/site-packages/airflow/task/task_runner/standard_task_runner.py:61 DeprecationWarning: This process (pid=87200) is multi-threaded, use of fork() may lead to deadlocks in the child.
[2025-06-02T13:50:59.951+0200] {standard_task_runner.py:63} INFO - Started process 87217 to run task
[2025-06-02T13:50:59.984+0200] {task_command.py:426} INFO - Running <TaskInstance: macro_trading_dag.fetch_fred_data manual__2025-06-02T11:50:52.024726+00:00 [running]> on host N15I711-16GR512.localdomain
[2025-06-02T13:51:00.049+0200] {taskinstance.py:2644} INFO - Exporting env vars: AIRFLOW_CTX_DAG_OWNER='airflow' AIRFLOW_CTX_DAG_ID='macro_trading_dag' AIRFLOW_CTX_TASK_ID='fetch_fred_data' AIRFLOW_CTX_EXECUTION_DATE='2025-06-02T11:50:52.024726+00:00' AIRFLOW_CTX_TRY_NUMBER='1' AIRFLOW_CTX_DAG_RUN_ID='manual__2025-06-02T11:50:52.024726+00:00'
[2025-06-02T13:51:00.050+0200] {taskinstance.py:430} INFO - ::endgroup::
[2025-06-02T13:51:00.258+0200] {logging_mixin.py:188} INFO - Données mises à jour pour INFLATION (CPIAUCSL)
[2025-06-02T13:51:00.449+0200] {logging_mixin.py:188} INFO - Données mises à jour pour UNEMPLOYMENT (UNRATE)
[2025-06-02T13:51:00.693+0200] {logging_mixin.py:188} INFO - Aucune nouvelle donnée pour High_Yield_Bond_SPREAD (BAMLH0A0HYM2)
[2025-06-02T13:51:00.901+0200] {logging_mixin.py:188} INFO - Aucune nouvelle donnée pour 10-2Year Treasury Yield Bond (T10Y2Y)
[2025-06-02T13:51:01.099+0200] {logging_mixin.py:188} INFO - Données mises à jour pour CONSUMER_SENTIMENT (UMCSENT)
[2025-06-02T13:51:01.295+0200] {logging_mixin.py:188} INFO - Aucune nouvelle donnée pour BARREL PETROL (DCOILBRENTEU)
[2025-06-02T13:51:01.420+0200] {logging_mixin.py:188} INFO - Données mises à jour pour S&P 500(LARGE CAP)  (SP500)
[2025-06-02T13:51:01.488+0200] {multi.py:184} ERROR - 
1 Failed download:
[2025-06-02T13:51:01.489+0200] {multi.py:197} ERROR - ['GC=F']: YFPricesMissingError('possibly delisted; no price data found  (1d 2025-05-31 00:00:00 -> 2025-06-01 13:51:01.426856)')
[2025-06-02T13:51:01.491+0200] {logging_mixin.py:188} INFO - Aucune nouvelle donnée pour Or(oz/$) (GOLD OZ USD)
[2025-06-02T13:51:01.632+0200] {logging_mixin.py:188} INFO - Données mises à jour pour RUSSEL2000(Small CAP) (SmallCAP)
[2025-06-02T13:51:01.633+0200] {python.py:237} INFO - Done. Returned value was: None
[2025-06-02T13:51:01.633+0200] {taskinstance.py:441} INFO - ::group::Post task execution logs
[2025-06-02T13:51:01.636+0200] {taskinstance.py:1205} INFO - Marking task as SUCCESS. dag_id=macro_trading_dag, task_id=fetch_fred_data, execution_date=20250602T115052, start_date=20250602T115059, end_date=20250602T115101
[2025-06-02T13:51:01.656+0200] {local_task_job_runner.py:240} INFO - Task exited with return code 0
[2025-06-02T13:51:01.669+0200] {taskinstance.py:3482} INFO - 1 downstream tasks scheduled from follow-on schedule check
[2025-06-02T13:51:01.676+0200] {local_task_job_runner.py:222} INFO - ::endgroup::
