[2025-06-03T14:12:42.978+0200] {local_task_job_runner.py:120} INFO - ::group::Pre task execution logs
[2025-06-03T14:12:42.993+0200] {taskinstance.py:2073} INFO - Dependencies all met for dep_context=non-requeueable deps ti=<TaskInstance: macro_trading_dag.format_assets_data manual__2025-06-03T12:12:18.231417+00:00 [queued]>
[2025-06-03T14:12:42.998+0200] {taskinstance.py:2073} INFO - Dependencies all met for dep_context=requeueable deps ti=<TaskInstance: macro_trading_dag.format_assets_data manual__2025-06-03T12:12:18.231417+00:00 [queued]>
[2025-06-03T14:12:42.998+0200] {taskinstance.py:2303} INFO - Starting attempt 1 of 3
[2025-06-03T14:12:43.018+0200] {taskinstance.py:2327} INFO - Executing <Task(PythonOperator): format_assets_data> on 2025-06-03 12:12:18.231417+00:00
[2025-06-03T14:12:43.029+0200] {standard_task_runner.py:90} INFO - Running: ['airflow', 'tasks', 'run', 'macro_trading_dag', 'format_assets_data', 'manual__2025-06-03T12:12:18.231417+00:00', '--job-id', '96', '--raw', '--subdir', 'DAGS_FOLDER/macro_trading_dag.py', '--cfg-path', '/tmp/tmpiit8h9ew']
[2025-06-03T14:12:43.030+0200] {standard_task_runner.py:91} INFO - Job 96: Subtask format_assets_data
[2025-06-03T14:12:43.040+0200] {logging_mixin.py:188} WARNING - /home/leoja/airflow/airflow_venv/lib/python3.12/site-packages/airflow/task/task_runner/standard_task_runner.py:61 DeprecationWarning: This process (pid=182697) is multi-threaded, use of fork() may lead to deadlocks in the child.
[2025-06-03T14:12:43.041+0200] {standard_task_runner.py:63} INFO - Started process 182707 to run task
[2025-06-03T14:12:43.076+0200] {task_command.py:426} INFO - Running <TaskInstance: macro_trading_dag.format_assets_data manual__2025-06-03T12:12:18.231417+00:00 [running]> on host N15I711-16GR512.localdomain
[2025-06-03T14:12:43.160+0200] {taskinstance.py:2644} INFO - Exporting env vars: AIRFLOW_CTX_DAG_OWNER='airflow' AIRFLOW_CTX_DAG_ID='macro_trading_dag' AIRFLOW_CTX_TASK_ID='format_assets_data' AIRFLOW_CTX_EXECUTION_DATE='2025-06-03T12:12:18.231417+00:00' AIRFLOW_CTX_TRY_NUMBER='1' AIRFLOW_CTX_DAG_RUN_ID='manual__2025-06-03T12:12:18.231417+00:00'
[2025-06-03T14:12:43.161+0200] {taskinstance.py:430} INFO - ::endgroup::
[2025-06-03T14:12:43.194+0200] {logging_mixin.py:188} WARNING - /home/leoja/airflow/dags/macro_trading_dag.py:183 FutureWarning: 'M' is deprecated and will be removed in a future version, please use 'ME' instead.
[2025-06-03T14:12:43.218+0200] {logging_mixin.py:188} INFO - Données Assets mensuelles nettoyées sauvegardées: /home/leoja/airflow/data/Assets.parquet
[2025-06-03T14:12:43.218+0200] {logging_mixin.py:188} INFO - 
Aperçu des données Assets mensuelles:
[2025-06-03T14:12:43.226+0200] {logging_mixin.py:188} INFO -           date        SP500  GOLD_OZ_USD    SmallCAP  US_REIT_VNQ  TREASURY_10Y
229 2025-02-28  5954.500000  2836.800049  214.169388    92.945229     94.123810
230 2025-03-31  5611.850098  3122.800049  199.490005    90.540001     94.445656
231 2025-04-30  5569.060059  3305.000000  194.860001    88.330002     95.443100
232 2025-05-31  5911.689941  3288.899902  205.070007    89.320000     94.259995
233 2025-06-30  5935.939941  3370.600098  205.710007    89.440002     93.940002
[2025-06-03T14:12:43.226+0200] {python.py:237} INFO - Done. Returned value was: /home/leoja/airflow/data/Assets.parquet
[2025-06-03T14:12:43.226+0200] {taskinstance.py:441} INFO - ::group::Post task execution logs
[2025-06-03T14:12:43.245+0200] {taskinstance.py:1205} INFO - Marking task as SUCCESS. dag_id=macro_trading_dag, task_id=format_assets_data, execution_date=20250603T121218, start_date=20250603T121242, end_date=20250603T121243
[2025-06-03T14:12:43.296+0200] {local_task_job_runner.py:240} INFO - Task exited with return code 0
[2025-06-03T14:12:43.314+0200] {taskinstance.py:3482} INFO - 0 downstream tasks scheduled from follow-on schedule check
[2025-06-03T14:12:43.315+0200] {local_task_job_runner.py:222} INFO - ::endgroup::
