[2025-06-04T12:22:39.995+0200] {local_task_job_runner.py:120} INFO - ::group::Pre task execution logs
[2025-06-04T12:22:40.005+0200] {taskinstance.py:2073} INFO - Dependencies all met for dep_context=non-requeueable deps ti=<TaskInstance: macro_trading_dag.compute_economic_quadrants manual__2025-06-04T10:22:20.904743+00:00 [queued]>
[2025-06-04T12:22:40.009+0200] {taskinstance.py:2073} INFO - Dependencies all met for dep_context=requeueable deps ti=<TaskInstance: macro_trading_dag.compute_economic_quadrants manual__2025-06-04T10:22:20.904743+00:00 [queued]>
[2025-06-04T12:22:40.009+0200] {taskinstance.py:2303} INFO - Starting attempt 1 of 3
[2025-06-04T12:22:40.023+0200] {taskinstance.py:2327} INFO - Executing <Task(SparkSubmitOperator): compute_economic_quadrants> on 2025-06-04 10:22:20.904743+00:00
[2025-06-04T12:22:40.029+0200] {standard_task_runner.py:90} INFO - Running: ['airflow', 'tasks', 'run', 'macro_trading_dag', 'compute_economic_quadrants', 'manual__2025-06-04T10:22:20.904743+00:00', '--job-id', '253', '--raw', '--subdir', 'DAGS_FOLDER/macro_trading_dag.py', '--cfg-path', '/tmp/tmpp0_y38le']
[2025-06-04T12:22:40.030+0200] {standard_task_runner.py:91} INFO - Job 253: Subtask compute_economic_quadrants
[2025-06-04T12:22:40.037+0200] {logging_mixin.py:188} WARNING - /home/leoja/airflow/airflow_venv/lib/python3.12/site-packages/airflow/task/task_runner/standard_task_runner.py:61 DeprecationWarning: This process (pid=363810) is multi-threaded, use of fork() may lead to deadlocks in the child.
[2025-06-04T12:22:40.037+0200] {standard_task_runner.py:63} INFO - Started process 363843 to run task
[2025-06-04T12:22:40.064+0200] {task_command.py:426} INFO - Running <TaskInstance: macro_trading_dag.compute_economic_quadrants manual__2025-06-04T10:22:20.904743+00:00 [running]> on host N15I711-16GR512.localdomain
[2025-06-04T12:22:40.118+0200] {taskinstance.py:2644} INFO - Exporting env vars: AIRFLOW_CTX_DAG_OWNER='airflow' AIRFLOW_CTX_DAG_ID='macro_trading_dag' AIRFLOW_CTX_TASK_ID='compute_economic_quadrants' AIRFLOW_CTX_EXECUTION_DATE='2025-06-04T10:22:20.904743+00:00' AIRFLOW_CTX_TRY_NUMBER='1' AIRFLOW_CTX_DAG_RUN_ID='manual__2025-06-04T10:22:20.904743+00:00'
[2025-06-04T12:22:40.119+0200] {taskinstance.py:430} INFO - ::endgroup::
[2025-06-04T12:22:40.122+0200] {base.py:84} INFO - Using connection ID 'spark_local' for task execution.
[2025-06-04T12:22:40.123+0200] {spark_submit.py:351} INFO - Spark-Submit cmd: spark-submit --master local[*] --name compute_economic_quadrants /home/airflow/spark_jobs/compute_quadrants.py /home/leoja/airflow/data/Indicators.parquet /home/leoja/airflow/data/quadrants.parquet
[2025-06-04T12:22:41.390+0200] {spark_submit.py:521} INFO - 25/06/04 12:22:41 WARN Utils: Your hostname, N15I711-16GR512 resolves to a loopback address: 127.0.1.1; using 10.255.255.254 instead (on interface lo)
[2025-06-04T12:22:41.392+0200] {spark_submit.py:521} INFO - 25/06/04 12:22:41 WARN Utils: Set SPARK_LOCAL_IP if you need to bind to another address
[2025-06-04T12:22:41.832+0200] {spark_submit.py:521} INFO - python3: can't open file '/home/airflow/spark_jobs/compute_quadrants.py': [Errno 2] No such file or directory
[2025-06-04T12:22:41.844+0200] {spark_submit.py:521} INFO - 25/06/04 12:22:41 INFO ShutdownHookManager: Shutdown hook called
[2025-06-04T12:22:41.845+0200] {spark_submit.py:521} INFO - 25/06/04 12:22:41 INFO ShutdownHookManager: Deleting directory /tmp/spark-a94b2b19-8c4f-42cd-a604-619aaecc46d6
[2025-06-04T12:22:41.882+0200] {taskinstance.py:441} INFO - ::group::Post task execution logs
[2025-06-04T12:22:41.886+0200] {taskinstance.py:2890} ERROR - Task failed with exception
Traceback (most recent call last):
  File "/home/leoja/airflow/airflow_venv/lib/python3.12/site-packages/airflow/models/taskinstance.py", line 465, in _execute_task
    result = _execute_callable(context=context, **execute_callable_kwargs)
             ^^^^^^^^^^^^^^^^^^^^^^^^^^^^^^^^^^^^^^^^^^^^^^^^^^^^^^^^^^^^^
  File "/home/leoja/airflow/airflow_venv/lib/python3.12/site-packages/airflow/models/taskinstance.py", line 432, in _execute_callable
    return execute_callable(context=context, **execute_callable_kwargs)
           ^^^^^^^^^^^^^^^^^^^^^^^^^^^^^^^^^^^^^^^^^^^^^^^^^^^^^^^^^^^^
  File "/home/leoja/airflow/airflow_venv/lib/python3.12/site-packages/airflow/models/baseoperator.py", line 400, in wrapper
    return func(self, *args, **kwargs)
           ^^^^^^^^^^^^^^^^^^^^^^^^^^^
  File "/home/leoja/airflow/airflow_venv/lib/python3.12/site-packages/airflow/providers/apache/spark/operators/spark_submit.py", line 156, in execute
    self._hook.submit(self._application)
  File "/home/leoja/airflow/airflow_venv/lib/python3.12/site-packages/airflow/providers/apache/spark/hooks/spark_submit.py", line 452, in submit
    raise AirflowException(
airflow.exceptions.AirflowException: Cannot execute: spark-submit --master local[*] --name compute_economic_quadrants /home/airflow/spark_jobs/compute_quadrants.py /home/leoja/airflow/data/Indicators.parquet /home/leoja/airflow/data/quadrants.parquet. Error code is: 2.
[2025-06-04T12:22:41.889+0200] {taskinstance.py:1205} INFO - Marking task as UP_FOR_RETRY. dag_id=macro_trading_dag, task_id=compute_economic_quadrants, execution_date=20250604T102220, start_date=20250604T102240, end_date=20250604T102241
[2025-06-04T12:22:41.902+0200] {standard_task_runner.py:110} ERROR - Failed to execute job 253 for task compute_economic_quadrants (Cannot execute: spark-submit --master local[*] --name compute_economic_quadrants /home/airflow/spark_jobs/compute_quadrants.py /home/leoja/airflow/data/Indicators.parquet /home/leoja/airflow/data/quadrants.parquet. Error code is: 2.; 363843)
[2025-06-04T12:22:41.941+0200] {local_task_job_runner.py:240} INFO - Task exited with return code 1
[2025-06-04T12:22:41.959+0200] {taskinstance.py:3482} INFO - 0 downstream tasks scheduled from follow-on schedule check
[2025-06-04T12:22:41.960+0200] {local_task_job_runner.py:222} INFO - ::endgroup::
