[2025-06-06T19:10:04.835+0200] {local_task_job_runner.py:120} INFO - ::group::Pre task execution logs
[2025-06-06T19:10:04.846+0200] {taskinstance.py:2073} INFO - Dependencies all met for dep_context=non-requeueable deps ti=<TaskInstance: macro_trading_dag.compute_economic_quadrants scheduled__2025-06-05T08:00:00+00:00 [queued]>
[2025-06-06T19:10:04.850+0200] {taskinstance.py:2073} INFO - Dependencies all met for dep_context=requeueable deps ti=<TaskInstance: macro_trading_dag.compute_economic_quadrants scheduled__2025-06-05T08:00:00+00:00 [queued]>
[2025-06-06T19:10:04.850+0200] {taskinstance.py:2303} INFO - Starting attempt 1 of 3
[2025-06-06T19:10:04.862+0200] {taskinstance.py:2327} INFO - Executing <Task(SparkSubmitOperator): compute_economic_quadrants> on 2025-06-05 08:00:00+00:00
[2025-06-06T19:10:04.868+0200] {standard_task_runner.py:90} INFO - Running: ['airflow', 'tasks', 'run', 'macro_trading_dag', 'compute_economic_quadrants', 'scheduled__2025-06-05T08:00:00+00:00', '--job-id', '322', '--raw', '--subdir', 'DAGS_FOLDER/macro_trading_dag.py', '--cfg-path', '/tmp/tmp9qu41szy']
[2025-06-06T19:10:04.869+0200] {standard_task_runner.py:91} INFO - Job 322: Subtask compute_economic_quadrants
[2025-06-06T19:10:04.876+0200] {logging_mixin.py:188} WARNING - /home/leoja/airflow/airflow_venv/lib/python3.12/site-packages/airflow/task/task_runner/standard_task_runner.py:61 DeprecationWarning: This process (pid=625300) is multi-threaded, use of fork() may lead to deadlocks in the child.
[2025-06-06T19:10:04.876+0200] {standard_task_runner.py:63} INFO - Started process 625310 to run task
[2025-06-06T19:10:04.909+0200] {task_command.py:426} INFO - Running <TaskInstance: macro_trading_dag.compute_economic_quadrants scheduled__2025-06-05T08:00:00+00:00 [running]> on host N15I711-16GR512.localdomain
[2025-06-06T19:10:04.963+0200] {taskinstance.py:2644} INFO - Exporting env vars: AIRFLOW_CTX_DAG_OWNER='airflow' AIRFLOW_CTX_DAG_ID='macro_trading_dag' AIRFLOW_CTX_TASK_ID='compute_economic_quadrants' AIRFLOW_CTX_EXECUTION_DATE='2025-06-05T08:00:00+00:00' AIRFLOW_CTX_TRY_NUMBER='1' AIRFLOW_CTX_DAG_RUN_ID='scheduled__2025-06-05T08:00:00+00:00'
[2025-06-06T19:10:04.964+0200] {taskinstance.py:430} INFO - ::endgroup::
[2025-06-06T19:10:04.967+0200] {base.py:84} INFO - Using connection ID 'spark_local' for task execution.
[2025-06-06T19:10:04.968+0200] {spark_submit.py:351} INFO - Spark-Submit cmd: spark-submit --master local[*] --conf spark.pyspark.python=/home/leoja/airflow_venv/bin/python --conf spark.pyspark.driver.python=/home/leoja/airflow_venv/bin/python --name compute_economic_quadrants /home/leoja/airflow/spark_jobs/compute_quadrants.py /home/leoja/airflow/data/Indicators.parquet /home/leoja/airflow/data/quadrants.parquet /home/leoja/airflow/data/data/quadrants.csv
[2025-06-06T19:10:06.379+0200] {spark_submit.py:521} INFO - 25/06/06 19:10:06 WARN Utils: Your hostname, N15I711-16GR512 resolves to a loopback address: 127.0.1.1; using 10.255.255.254 instead (on interface lo)
[2025-06-06T19:10:06.381+0200] {spark_submit.py:521} INFO - 25/06/06 19:10:06 WARN Utils: Set SPARK_LOCAL_IP if you need to bind to another address
[2025-06-06T19:10:07.598+0200] {spark_submit.py:521} INFO - 25/06/06 19:10:07 INFO SparkContext: Running Spark version 3.5.5
[2025-06-06T19:10:07.599+0200] {spark_submit.py:521} INFO - 25/06/06 19:10:07 INFO SparkContext: OS info Linux, 6.6.87.1-microsoft-standard-WSL2, amd64
[2025-06-06T19:10:07.599+0200] {spark_submit.py:521} INFO - 25/06/06 19:10:07 INFO SparkContext: Java version 11.0.27
[2025-06-06T19:10:07.677+0200] {spark_submit.py:521} INFO - 25/06/06 19:10:07 WARN NativeCodeLoader: Unable to load native-hadoop library for your platform... using builtin-java classes where applicable
[2025-06-06T19:10:07.763+0200] {spark_submit.py:521} INFO - 25/06/06 19:10:07 INFO ResourceUtils: ==============================================================
[2025-06-06T19:10:07.764+0200] {spark_submit.py:521} INFO - 25/06/06 19:10:07 INFO ResourceUtils: No custom resources configured for spark.driver.
[2025-06-06T19:10:07.764+0200] {spark_submit.py:521} INFO - 25/06/06 19:10:07 INFO ResourceUtils: ==============================================================
[2025-06-06T19:10:07.764+0200] {spark_submit.py:521} INFO - 25/06/06 19:10:07 INFO SparkContext: Submitted application: ComputeEconomicQuadrants
[2025-06-06T19:10:07.783+0200] {spark_submit.py:521} INFO - 25/06/06 19:10:07 INFO ResourceProfile: Default ResourceProfile created, executor resources: Map(cores -> name: cores, amount: 1, script: , vendor: , memory -> name: memory, amount: 1024, script: , vendor: , offHeap -> name: offHeap, amount: 0, script: , vendor: ), task resources: Map(cpus -> name: cpus, amount: 1.0)
[2025-06-06T19:10:07.792+0200] {spark_submit.py:521} INFO - 25/06/06 19:10:07 INFO ResourceProfile: Limiting resource is cpu
[2025-06-06T19:10:07.793+0200] {spark_submit.py:521} INFO - 25/06/06 19:10:07 INFO ResourceProfileManager: Added ResourceProfile id: 0
[2025-06-06T19:10:07.842+0200] {spark_submit.py:521} INFO - 25/06/06 19:10:07 INFO SecurityManager: Changing view acls to: leoja
[2025-06-06T19:10:07.842+0200] {spark_submit.py:521} INFO - 25/06/06 19:10:07 INFO SecurityManager: Changing modify acls to: leoja
[2025-06-06T19:10:07.843+0200] {spark_submit.py:521} INFO - 25/06/06 19:10:07 INFO SecurityManager: Changing view acls groups to:
[2025-06-06T19:10:07.843+0200] {spark_submit.py:521} INFO - 25/06/06 19:10:07 INFO SecurityManager: Changing modify acls groups to:
[2025-06-06T19:10:07.844+0200] {spark_submit.py:521} INFO - 25/06/06 19:10:07 INFO SecurityManager: SecurityManager: authentication disabled; ui acls disabled; users with view permissions: leoja; groups with view permissions: EMPTY; users with modify permissions: leoja; groups with modify permissions: EMPTY
[2025-06-06T19:10:08.075+0200] {spark_submit.py:521} INFO - 25/06/06 19:10:08 INFO Utils: Successfully started service 'sparkDriver' on port 42781.
[2025-06-06T19:10:08.102+0200] {spark_submit.py:521} INFO - 25/06/06 19:10:08 INFO SparkEnv: Registering MapOutputTracker
[2025-06-06T19:10:08.134+0200] {spark_submit.py:521} INFO - 25/06/06 19:10:08 INFO SparkEnv: Registering BlockManagerMaster
[2025-06-06T19:10:08.153+0200] {spark_submit.py:521} INFO - 25/06/06 19:10:08 INFO BlockManagerMasterEndpoint: Using org.apache.spark.storage.DefaultTopologyMapper for getting topology information
[2025-06-06T19:10:08.154+0200] {spark_submit.py:521} INFO - 25/06/06 19:10:08 INFO BlockManagerMasterEndpoint: BlockManagerMasterEndpoint up
[2025-06-06T19:10:08.159+0200] {spark_submit.py:521} INFO - 25/06/06 19:10:08 INFO SparkEnv: Registering BlockManagerMasterHeartbeat
[2025-06-06T19:10:08.182+0200] {spark_submit.py:521} INFO - 25/06/06 19:10:08 INFO DiskBlockManager: Created local directory at /tmp/blockmgr-e8572f15-5497-4fbe-a62a-a7b8c5fdece8
[2025-06-06T19:10:08.199+0200] {spark_submit.py:521} INFO - 25/06/06 19:10:08 INFO MemoryStore: MemoryStore started with capacity 434.4 MiB
[2025-06-06T19:10:08.214+0200] {spark_submit.py:521} INFO - 25/06/06 19:10:08 INFO SparkEnv: Registering OutputCommitCoordinator
[2025-06-06T19:10:08.343+0200] {spark_submit.py:521} INFO - 25/06/06 19:10:08 INFO JettyUtils: Start Jetty 0.0.0.0:4040 for SparkUI
[2025-06-06T19:10:08.393+0200] {spark_submit.py:521} INFO - 25/06/06 19:10:08 INFO Utils: Successfully started service 'SparkUI' on port 4040.
[2025-06-06T19:10:08.483+0200] {spark_submit.py:521} INFO - 25/06/06 19:10:08 INFO Executor: Starting executor ID driver on host 10.255.255.254
[2025-06-06T19:10:08.484+0200] {spark_submit.py:521} INFO - 25/06/06 19:10:08 INFO Executor: OS info Linux, 6.6.87.1-microsoft-standard-WSL2, amd64
[2025-06-06T19:10:08.484+0200] {spark_submit.py:521} INFO - 25/06/06 19:10:08 INFO Executor: Java version 11.0.27
[2025-06-06T19:10:08.494+0200] {spark_submit.py:521} INFO - 25/06/06 19:10:08 INFO Executor: Starting executor with user classpath (userClassPathFirst = false): ''
[2025-06-06T19:10:08.494+0200] {spark_submit.py:521} INFO - 25/06/06 19:10:08 INFO Executor: Created or updated repl class loader org.apache.spark.util.MutableURLClassLoader@54ff7746 for default.
[2025-06-06T19:10:08.517+0200] {spark_submit.py:521} INFO - 25/06/06 19:10:08 INFO Utils: Successfully started service 'org.apache.spark.network.netty.NettyBlockTransferService' on port 38467.
[2025-06-06T19:10:08.518+0200] {spark_submit.py:521} INFO - 25/06/06 19:10:08 INFO NettyBlockTransferService: Server created on 10.255.255.254:38467
[2025-06-06T19:10:08.521+0200] {spark_submit.py:521} INFO - 25/06/06 19:10:08 INFO BlockManager: Using org.apache.spark.storage.RandomBlockReplicationPolicy for block replication policy
[2025-06-06T19:10:08.529+0200] {spark_submit.py:521} INFO - 25/06/06 19:10:08 INFO BlockManagerMaster: Registering BlockManager BlockManagerId(driver, 10.255.255.254, 38467, None)
[2025-06-06T19:10:08.532+0200] {spark_submit.py:521} INFO - 25/06/06 19:10:08 INFO BlockManagerMasterEndpoint: Registering block manager 10.255.255.254:38467 with 434.4 MiB RAM, BlockManagerId(driver, 10.255.255.254, 38467, None)
[2025-06-06T19:10:08.535+0200] {spark_submit.py:521} INFO - 25/06/06 19:10:08 INFO BlockManagerMaster: Registered BlockManager BlockManagerId(driver, 10.255.255.254, 38467, None)
[2025-06-06T19:10:08.536+0200] {spark_submit.py:521} INFO - 25/06/06 19:10:08 INFO BlockManager: Initialized BlockManager: BlockManagerId(driver, 10.255.255.254, 38467, None)
[2025-06-06T19:10:09.031+0200] {spark_submit.py:521} INFO - 25/06/06 19:10:09 INFO SharedState: Setting hive.metastore.warehouse.dir ('null') to the value of spark.sql.warehouse.dir.
[2025-06-06T19:10:09.041+0200] {spark_submit.py:521} INFO - 25/06/06 19:10:09 INFO SharedState: Warehouse path is 'file:/home/leoja/airflow/airflow_venv/spark-warehouse'.
[2025-06-06T19:10:10.627+0200] {spark_submit.py:521} INFO - 25/06/06 19:10:10 INFO InMemoryFileIndex: It took 42 ms to list leaf files for 1 paths.
[2025-06-06T19:10:10.997+0200] {spark_submit.py:521} INFO - 25/06/06 19:10:10 INFO SparkContext: Starting job: parquet at NativeMethodAccessorImpl.java:0
[2025-06-06T19:10:11.010+0200] {spark_submit.py:521} INFO - 25/06/06 19:10:11 INFO DAGScheduler: Got job 0 (parquet at NativeMethodAccessorImpl.java:0) with 1 output partitions
[2025-06-06T19:10:11.011+0200] {spark_submit.py:521} INFO - 25/06/06 19:10:11 INFO DAGScheduler: Final stage: ResultStage 0 (parquet at NativeMethodAccessorImpl.java:0)
[2025-06-06T19:10:11.011+0200] {spark_submit.py:521} INFO - 25/06/06 19:10:11 INFO DAGScheduler: Parents of final stage: List()
[2025-06-06T19:10:11.012+0200] {spark_submit.py:521} INFO - 25/06/06 19:10:11 INFO DAGScheduler: Missing parents: List()
[2025-06-06T19:10:11.016+0200] {spark_submit.py:521} INFO - 25/06/06 19:10:11 INFO DAGScheduler: Submitting ResultStage 0 (MapPartitionsRDD[1] at parquet at NativeMethodAccessorImpl.java:0), which has no missing parents
[2025-06-06T19:10:11.081+0200] {spark_submit.py:521} INFO - 25/06/06 19:10:11 INFO MemoryStore: Block broadcast_0 stored as values in memory (estimated size 103.5 KiB, free 434.3 MiB)
[2025-06-06T19:10:11.111+0200] {spark_submit.py:521} INFO - 25/06/06 19:10:11 INFO MemoryStore: Block broadcast_0_piece0 stored as bytes in memory (estimated size 37.3 KiB, free 434.3 MiB)
[2025-06-06T19:10:11.113+0200] {spark_submit.py:521} INFO - 25/06/06 19:10:11 INFO BlockManagerInfo: Added broadcast_0_piece0 in memory on 10.255.255.254:38467 (size: 37.3 KiB, free: 434.4 MiB)
[2025-06-06T19:10:11.117+0200] {spark_submit.py:521} INFO - 25/06/06 19:10:11 INFO SparkContext: Created broadcast 0 from broadcast at DAGScheduler.scala:1585
[2025-06-06T19:10:11.132+0200] {spark_submit.py:521} INFO - 25/06/06 19:10:11 INFO DAGScheduler: Submitting 1 missing tasks from ResultStage 0 (MapPartitionsRDD[1] at parquet at NativeMethodAccessorImpl.java:0) (first 15 tasks are for partitions Vector(0))
[2025-06-06T19:10:11.133+0200] {spark_submit.py:521} INFO - 25/06/06 19:10:11 INFO TaskSchedulerImpl: Adding task set 0.0 with 1 tasks resource profile 0
[2025-06-06T19:10:11.184+0200] {spark_submit.py:521} INFO - 25/06/06 19:10:11 INFO TaskSetManager: Starting task 0.0 in stage 0.0 (TID 0) (10.255.255.254, executor driver, partition 0, PROCESS_LOCAL, 9142 bytes)
[2025-06-06T19:10:11.199+0200] {spark_submit.py:521} INFO - 25/06/06 19:10:11 INFO Executor: Running task 0.0 in stage 0.0 (TID 0)
[2025-06-06T19:10:11.494+0200] {spark_submit.py:521} INFO - 25/06/06 19:10:11 INFO Executor: Finished task 0.0 in stage 0.0 (TID 0). 1931 bytes result sent to driver
[2025-06-06T19:10:11.504+0200] {spark_submit.py:521} INFO - 25/06/06 19:10:11 INFO TaskSetManager: Finished task 0.0 in stage 0.0 (TID 0) in 340 ms on 10.255.255.254 (executor driver) (1/1)
[2025-06-06T19:10:11.506+0200] {spark_submit.py:521} INFO - 25/06/06 19:10:11 INFO TaskSchedulerImpl: Removed TaskSet 0.0, whose tasks have all completed, from pool
[2025-06-06T19:10:11.511+0200] {spark_submit.py:521} INFO - 25/06/06 19:10:11 INFO DAGScheduler: ResultStage 0 (parquet at NativeMethodAccessorImpl.java:0) finished in 0.477 s
[2025-06-06T19:10:11.514+0200] {spark_submit.py:521} INFO - 25/06/06 19:10:11 INFO DAGScheduler: Job 0 is finished. Cancelling potential speculative or zombie tasks for this job
[2025-06-06T19:10:11.515+0200] {spark_submit.py:521} INFO - 25/06/06 19:10:11 INFO TaskSchedulerImpl: Killing all running tasks in stage 0: Stage finished
[2025-06-06T19:10:11.528+0200] {spark_submit.py:521} INFO - 25/06/06 19:10:11 INFO DAGScheduler: Job 0 finished: parquet at NativeMethodAccessorImpl.java:0, took 0.530338 s
[2025-06-06T19:10:12.137+0200] {spark_submit.py:521} INFO - 25/06/06 19:10:12 INFO InMemoryFileIndex: It took 1 ms to list leaf files for 1 paths.
[2025-06-06T19:10:12.166+0200] {spark_submit.py:521} INFO - 25/06/06 19:10:12 INFO SparkContext: Starting job: parquet at NativeMethodAccessorImpl.java:0
[2025-06-06T19:10:12.168+0200] {spark_submit.py:521} INFO - 25/06/06 19:10:12 INFO DAGScheduler: Got job 1 (parquet at NativeMethodAccessorImpl.java:0) with 1 output partitions
[2025-06-06T19:10:12.168+0200] {spark_submit.py:521} INFO - 25/06/06 19:10:12 INFO DAGScheduler: Final stage: ResultStage 1 (parquet at NativeMethodAccessorImpl.java:0)
[2025-06-06T19:10:12.168+0200] {spark_submit.py:521} INFO - 25/06/06 19:10:12 INFO DAGScheduler: Parents of final stage: List()
[2025-06-06T19:10:12.168+0200] {spark_submit.py:521} INFO - 25/06/06 19:10:12 INFO DAGScheduler: Missing parents: List()
[2025-06-06T19:10:12.170+0200] {spark_submit.py:521} INFO - 25/06/06 19:10:12 INFO DAGScheduler: Submitting ResultStage 1 (MapPartitionsRDD[3] at parquet at NativeMethodAccessorImpl.java:0), which has no missing parents
[2025-06-06T19:10:12.179+0200] {spark_submit.py:521} INFO - 25/06/06 19:10:12 INFO MemoryStore: Block broadcast_1 stored as values in memory (estimated size 103.5 KiB, free 434.2 MiB)
[2025-06-06T19:10:12.181+0200] {spark_submit.py:521} INFO - 25/06/06 19:10:12 INFO MemoryStore: Block broadcast_1_piece0 stored as bytes in memory (estimated size 37.3 KiB, free 434.1 MiB)
[2025-06-06T19:10:12.181+0200] {spark_submit.py:521} INFO - 25/06/06 19:10:12 INFO BlockManagerInfo: Added broadcast_1_piece0 in memory on 10.255.255.254:38467 (size: 37.3 KiB, free: 434.3 MiB)
[2025-06-06T19:10:12.182+0200] {spark_submit.py:521} INFO - 25/06/06 19:10:12 INFO SparkContext: Created broadcast 1 from broadcast at DAGScheduler.scala:1585
[2025-06-06T19:10:12.195+0200] {spark_submit.py:521} INFO - 25/06/06 19:10:12 INFO DAGScheduler: Submitting 1 missing tasks from ResultStage 1 (MapPartitionsRDD[3] at parquet at NativeMethodAccessorImpl.java:0) (first 15 tasks are for partitions Vector(0))
[2025-06-06T19:10:12.196+0200] {spark_submit.py:521} INFO - 25/06/06 19:10:12 INFO TaskSchedulerImpl: Adding task set 1.0 with 1 tasks resource profile 0
[2025-06-06T19:10:12.198+0200] {spark_submit.py:521} INFO - 25/06/06 19:10:12 INFO TaskSetManager: Starting task 0.0 in stage 1.0 (TID 1) (10.255.255.254, executor driver, partition 0, PROCESS_LOCAL, 9141 bytes)
[2025-06-06T19:10:12.199+0200] {spark_submit.py:521} INFO - 25/06/06 19:10:12 INFO Executor: Running task 0.0 in stage 1.0 (TID 1)
[2025-06-06T19:10:12.215+0200] {spark_submit.py:521} INFO - 25/06/06 19:10:12 INFO BlockManagerInfo: Removed broadcast_0_piece0 on 10.255.255.254:38467 in memory (size: 37.3 KiB, free: 434.4 MiB)
[2025-06-06T19:10:12.243+0200] {spark_submit.py:521} INFO - 25/06/06 19:10:12 INFO Executor: Finished task 0.0 in stage 1.0 (TID 1). 3927 bytes result sent to driver
[2025-06-06T19:10:12.247+0200] {spark_submit.py:521} INFO - 25/06/06 19:10:12 INFO TaskSetManager: Finished task 0.0 in stage 1.0 (TID 1) in 49 ms on 10.255.255.254 (executor driver) (1/1)
[2025-06-06T19:10:12.247+0200] {spark_submit.py:521} INFO - 25/06/06 19:10:12 INFO TaskSchedulerImpl: Removed TaskSet 1.0, whose tasks have all completed, from pool
[2025-06-06T19:10:12.248+0200] {spark_submit.py:521} INFO - 25/06/06 19:10:12 INFO DAGScheduler: ResultStage 1 (parquet at NativeMethodAccessorImpl.java:0) finished in 0.077 s
[2025-06-06T19:10:12.248+0200] {spark_submit.py:521} INFO - 25/06/06 19:10:12 INFO DAGScheduler: Job 1 is finished. Cancelling potential speculative or zombie tasks for this job
[2025-06-06T19:10:12.249+0200] {spark_submit.py:521} INFO - 25/06/06 19:10:12 INFO TaskSchedulerImpl: Killing all running tasks in stage 1: Stage finished
[2025-06-06T19:10:12.249+0200] {spark_submit.py:521} INFO - 25/06/06 19:10:12 INFO DAGScheduler: Job 1 finished: parquet at NativeMethodAccessorImpl.java:0, took 0.082538 s
[2025-06-06T19:10:12.600+0200] {spark_submit.py:521} INFO - 25/06/06 19:10:12 INFO BlockManagerInfo: Removed broadcast_1_piece0 on 10.255.255.254:38467 in memory (size: 37.3 KiB, free: 434.4 MiB)
[2025-06-06T19:10:12.715+0200] {spark_submit.py:521} INFO - 25/06/06 19:10:12 INFO FileSourceStrategy: Pushed Filters:
[2025-06-06T19:10:12.716+0200] {spark_submit.py:521} INFO - 25/06/06 19:10:12 INFO FileSourceStrategy: Post-Scan Filters:
[2025-06-06T19:10:13.098+0200] {spark_submit.py:521} INFO - 25/06/06 19:10:13 INFO CodeGenerator: Code generated in 175.604978 ms
[2025-06-06T19:10:13.117+0200] {spark_submit.py:521} INFO - 25/06/06 19:10:13 INFO MemoryStore: Block broadcast_2 stored as values in memory (estimated size 201.2 KiB, free 434.2 MiB)
[2025-06-06T19:10:13.126+0200] {spark_submit.py:521} INFO - 25/06/06 19:10:13 INFO MemoryStore: Block broadcast_2_piece0 stored as bytes in memory (estimated size 35.0 KiB, free 434.2 MiB)
[2025-06-06T19:10:13.127+0200] {spark_submit.py:521} INFO - 25/06/06 19:10:13 INFO BlockManagerInfo: Added broadcast_2_piece0 in memory on 10.255.255.254:38467 (size: 35.0 KiB, free: 434.4 MiB)
[2025-06-06T19:10:13.128+0200] {spark_submit.py:521} INFO - 25/06/06 19:10:13 INFO SparkContext: Created broadcast 2 from collect at /home/leoja/airflow/spark_jobs/compute_quadrants.py:122
[2025-06-06T19:10:13.139+0200] {spark_submit.py:521} INFO - 25/06/06 19:10:13 INFO FileSourceScanExec: Planning scan with bin packing, max size: 4194304 bytes, open cost is considered as scanning 4194304 bytes.
[2025-06-06T19:10:13.183+0200] {spark_submit.py:521} INFO - 25/06/06 19:10:13 INFO DAGScheduler: Registering RDD 7 (collect at /home/leoja/airflow/spark_jobs/compute_quadrants.py:122) as input to shuffle 0
[2025-06-06T19:10:13.186+0200] {spark_submit.py:521} INFO - 25/06/06 19:10:13 INFO DAGScheduler: Got map stage job 2 (collect at /home/leoja/airflow/spark_jobs/compute_quadrants.py:122) with 1 output partitions
[2025-06-06T19:10:13.187+0200] {spark_submit.py:521} INFO - 25/06/06 19:10:13 INFO DAGScheduler: Final stage: ShuffleMapStage 2 (collect at /home/leoja/airflow/spark_jobs/compute_quadrants.py:122)
[2025-06-06T19:10:13.187+0200] {spark_submit.py:521} INFO - 25/06/06 19:10:13 INFO DAGScheduler: Parents of final stage: List()
[2025-06-06T19:10:13.189+0200] {spark_submit.py:521} INFO - 25/06/06 19:10:13 INFO DAGScheduler: Missing parents: List()
[2025-06-06T19:10:13.191+0200] {spark_submit.py:521} INFO - 25/06/06 19:10:13 INFO DAGScheduler: Submitting ShuffleMapStage 2 (MapPartitionsRDD[7] at collect at /home/leoja/airflow/spark_jobs/compute_quadrants.py:122), which has no missing parents
[2025-06-06T19:10:13.231+0200] {spark_submit.py:521} INFO - 25/06/06 19:10:13 INFO MemoryStore: Block broadcast_3 stored as values in memory (estimated size 18.6 KiB, free 434.2 MiB)
[2025-06-06T19:10:13.234+0200] {spark_submit.py:521} INFO - 25/06/06 19:10:13 INFO MemoryStore: Block broadcast_3_piece0 stored as bytes in memory (estimated size 8.3 KiB, free 434.1 MiB)
[2025-06-06T19:10:13.235+0200] {spark_submit.py:521} INFO - 25/06/06 19:10:13 INFO BlockManagerInfo: Added broadcast_3_piece0 in memory on 10.255.255.254:38467 (size: 8.3 KiB, free: 434.4 MiB)
[2025-06-06T19:10:13.235+0200] {spark_submit.py:521} INFO - 25/06/06 19:10:13 INFO SparkContext: Created broadcast 3 from broadcast at DAGScheduler.scala:1585
[2025-06-06T19:10:13.237+0200] {spark_submit.py:521} INFO - 25/06/06 19:10:13 INFO DAGScheduler: Submitting 1 missing tasks from ShuffleMapStage 2 (MapPartitionsRDD[7] at collect at /home/leoja/airflow/spark_jobs/compute_quadrants.py:122) (first 15 tasks are for partitions Vector(0))
[2025-06-06T19:10:13.237+0200] {spark_submit.py:521} INFO - 25/06/06 19:10:13 INFO TaskSchedulerImpl: Adding task set 2.0 with 1 tasks resource profile 0
[2025-06-06T19:10:13.241+0200] {spark_submit.py:521} INFO - 25/06/06 19:10:13 INFO TaskSetManager: Starting task 0.0 in stage 2.0 (TID 2) (10.255.255.254, executor driver, partition 0, PROCESS_LOCAL, 9600 bytes)
[2025-06-06T19:10:13.242+0200] {spark_submit.py:521} INFO - 25/06/06 19:10:13 INFO Executor: Running task 0.0 in stage 2.0 (TID 2)
[2025-06-06T19:10:13.306+0200] {spark_submit.py:521} INFO - 25/06/06 19:10:13 INFO CodeGenerator: Code generated in 16.453015 ms
[2025-06-06T19:10:13.316+0200] {spark_submit.py:521} INFO - 25/06/06 19:10:13 INFO FileScanRDD: Reading File path: file:///home/leoja/airflow/data/quadrants.parquet, range: 0-44072, partition values: [empty row]
[2025-06-06T19:10:13.428+0200] {spark_submit.py:521} INFO - 25/06/06 19:10:13 INFO CodecPool: Got brand-new decompressor [.snappy]
[2025-06-06T19:10:13.591+0200] {spark_submit.py:521} INFO - 25/06/06 19:10:13 INFO Executor: Finished task 0.0 in stage 2.0 (TID 2). 2224 bytes result sent to driver
[2025-06-06T19:10:13.593+0200] {spark_submit.py:521} INFO - 25/06/06 19:10:13 INFO TaskSetManager: Finished task 0.0 in stage 2.0 (TID 2) in 355 ms on 10.255.255.254 (executor driver) (1/1)
[2025-06-06T19:10:13.594+0200] {spark_submit.py:521} INFO - 25/06/06 19:10:13 INFO TaskSchedulerImpl: Removed TaskSet 2.0, whose tasks have all completed, from pool
[2025-06-06T19:10:13.595+0200] {spark_submit.py:521} INFO - 25/06/06 19:10:13 INFO DAGScheduler: ShuffleMapStage 2 (collect at /home/leoja/airflow/spark_jobs/compute_quadrants.py:122) finished in 0.401 s
[2025-06-06T19:10:13.596+0200] {spark_submit.py:521} INFO - 25/06/06 19:10:13 INFO DAGScheduler: looking for newly runnable stages
[2025-06-06T19:10:13.596+0200] {spark_submit.py:521} INFO - 25/06/06 19:10:13 INFO DAGScheduler: running: Set()
[2025-06-06T19:10:13.597+0200] {spark_submit.py:521} INFO - 25/06/06 19:10:13 INFO DAGScheduler: waiting: Set()
[2025-06-06T19:10:13.597+0200] {spark_submit.py:521} INFO - 25/06/06 19:10:13 INFO DAGScheduler: failed: Set()
[2025-06-06T19:10:13.632+0200] {spark_submit.py:521} INFO - 25/06/06 19:10:13 INFO CodeGenerator: Code generated in 10.725032 ms
[2025-06-06T19:10:13.656+0200] {spark_submit.py:521} INFO - 25/06/06 19:10:13 INFO SparkContext: Starting job: collect at /home/leoja/airflow/spark_jobs/compute_quadrants.py:122
[2025-06-06T19:10:13.658+0200] {spark_submit.py:521} INFO - 25/06/06 19:10:13 INFO DAGScheduler: Got job 3 (collect at /home/leoja/airflow/spark_jobs/compute_quadrants.py:122) with 1 output partitions
[2025-06-06T19:10:13.658+0200] {spark_submit.py:521} INFO - 25/06/06 19:10:13 INFO DAGScheduler: Final stage: ResultStage 4 (collect at /home/leoja/airflow/spark_jobs/compute_quadrants.py:122)
[2025-06-06T19:10:13.658+0200] {spark_submit.py:521} INFO - 25/06/06 19:10:13 INFO DAGScheduler: Parents of final stage: List(ShuffleMapStage 3)
[2025-06-06T19:10:13.658+0200] {spark_submit.py:521} INFO - 25/06/06 19:10:13 INFO DAGScheduler: Missing parents: List()
[2025-06-06T19:10:13.659+0200] {spark_submit.py:521} INFO - 25/06/06 19:10:13 INFO DAGScheduler: Submitting ResultStage 4 (MapPartitionsRDD[10] at collect at /home/leoja/airflow/spark_jobs/compute_quadrants.py:122), which has no missing parents
[2025-06-06T19:10:13.667+0200] {spark_submit.py:521} INFO - 25/06/06 19:10:13 INFO MemoryStore: Block broadcast_4 stored as values in memory (estimated size 13.1 KiB, free 434.1 MiB)
[2025-06-06T19:10:13.670+0200] {spark_submit.py:521} INFO - 25/06/06 19:10:13 INFO MemoryStore: Block broadcast_4_piece0 stored as bytes in memory (estimated size 6.1 KiB, free 434.1 MiB)
[2025-06-06T19:10:13.671+0200] {spark_submit.py:521} INFO - 25/06/06 19:10:13 INFO BlockManagerInfo: Added broadcast_4_piece0 in memory on 10.255.255.254:38467 (size: 6.1 KiB, free: 434.4 MiB)
[2025-06-06T19:10:13.671+0200] {spark_submit.py:521} INFO - 25/06/06 19:10:13 INFO SparkContext: Created broadcast 4 from broadcast at DAGScheduler.scala:1585
[2025-06-06T19:10:13.672+0200] {spark_submit.py:521} INFO - 25/06/06 19:10:13 INFO DAGScheduler: Submitting 1 missing tasks from ResultStage 4 (MapPartitionsRDD[10] at collect at /home/leoja/airflow/spark_jobs/compute_quadrants.py:122) (first 15 tasks are for partitions Vector(0))
[2025-06-06T19:10:13.672+0200] {spark_submit.py:521} INFO - 25/06/06 19:10:13 INFO TaskSchedulerImpl: Adding task set 4.0 with 1 tasks resource profile 0
[2025-06-06T19:10:13.677+0200] {spark_submit.py:521} INFO - 25/06/06 19:10:13 INFO TaskSetManager: Starting task 0.0 in stage 4.0 (TID 3) (10.255.255.254, executor driver, partition 0, NODE_LOCAL, 8999 bytes)
[2025-06-06T19:10:13.678+0200] {spark_submit.py:521} INFO - 25/06/06 19:10:13 INFO Executor: Running task 0.0 in stage 4.0 (TID 3)
[2025-06-06T19:10:13.713+0200] {spark_submit.py:521} INFO - 25/06/06 19:10:13 INFO ShuffleBlockFetcherIterator: Getting 1 (60.0 B) non-empty blocks including 1 (60.0 B) local and 0 (0.0 B) host-local and 0 (0.0 B) push-merged-local and 0 (0.0 B) remote blocks
[2025-06-06T19:10:13.714+0200] {spark_submit.py:521} INFO - 25/06/06 19:10:13 INFO ShuffleBlockFetcherIterator: Started 0 remote fetches in 8 ms
[2025-06-06T19:10:13.728+0200] {spark_submit.py:521} INFO - 25/06/06 19:10:13 INFO CodeGenerator: Code generated in 11.259889 ms
[2025-06-06T19:10:13.743+0200] {spark_submit.py:521} INFO - 25/06/06 19:10:13 INFO Executor: Finished task 0.0 in stage 4.0 (TID 3). 4038 bytes result sent to driver
[2025-06-06T19:10:13.746+0200] {spark_submit.py:521} INFO - 25/06/06 19:10:13 INFO TaskSetManager: Finished task 0.0 in stage 4.0 (TID 3) in 71 ms on 10.255.255.254 (executor driver) (1/1)
[2025-06-06T19:10:13.747+0200] {spark_submit.py:521} INFO - 25/06/06 19:10:13 INFO TaskSchedulerImpl: Removed TaskSet 4.0, whose tasks have all completed, from pool
[2025-06-06T19:10:13.748+0200] {spark_submit.py:521} INFO - 25/06/06 19:10:13 INFO DAGScheduler: ResultStage 4 (collect at /home/leoja/airflow/spark_jobs/compute_quadrants.py:122) finished in 0.082 s
[2025-06-06T19:10:13.748+0200] {spark_submit.py:521} INFO - 25/06/06 19:10:13 INFO DAGScheduler: Job 3 is finished. Cancelling potential speculative or zombie tasks for this job
[2025-06-06T19:10:13.748+0200] {spark_submit.py:521} INFO - 25/06/06 19:10:13 INFO TaskSchedulerImpl: Killing all running tasks in stage 4: Stage finished
[2025-06-06T19:10:13.749+0200] {spark_submit.py:521} INFO - 25/06/06 19:10:13 INFO DAGScheduler: Job 3 finished: collect at /home/leoja/airflow/spark_jobs/compute_quadrants.py:122, took 0.092575 s
[2025-06-06T19:10:13.910+0200] {spark_submit.py:521} INFO - 25/06/06 19:10:13 INFO FileSourceStrategy: Pushed Filters:
[2025-06-06T19:10:13.912+0200] {spark_submit.py:521} INFO - 25/06/06 19:10:13 INFO FileSourceStrategy: Post-Scan Filters: (gettimestamp(date#0, yyyy-MM-dd, TimestampType, Some(Europe/Paris), false) >= 2025-07-01 00:00:00)
[2025-06-06T19:10:13.954+0200] {spark_submit.py:521} INFO - 25/06/06 19:10:13 INFO BlockManagerInfo: Removed broadcast_3_piece0 on 10.255.255.254:38467 in memory (size: 8.3 KiB, free: 434.4 MiB)
[2025-06-06T19:10:13.958+0200] {spark_submit.py:521} INFO - 25/06/06 19:10:13 INFO BlockManagerInfo: Removed broadcast_4_piece0 on 10.255.255.254:38467 in memory (size: 6.1 KiB, free: 434.4 MiB)
[2025-06-06T19:10:13.981+0200] {spark_submit.py:521} INFO - 25/06/06 19:10:13 INFO CodeGenerator: Code generated in 26.50322 ms
[2025-06-06T19:10:13.987+0200] {spark_submit.py:521} INFO - 25/06/06 19:10:13 INFO MemoryStore: Block broadcast_5 stored as values in memory (estimated size 202.1 KiB, free 434.0 MiB)
[2025-06-06T19:10:13.994+0200] {spark_submit.py:521} INFO - 25/06/06 19:10:13 INFO MemoryStore: Block broadcast_5_piece0 stored as bytes in memory (estimated size 35.2 KiB, free 433.9 MiB)
[2025-06-06T19:10:13.994+0200] {spark_submit.py:521} INFO - 25/06/06 19:10:13 INFO BlockManagerInfo: Added broadcast_5_piece0 in memory on 10.255.255.254:38467 (size: 35.2 KiB, free: 434.3 MiB)
[2025-06-06T19:10:13.995+0200] {spark_submit.py:521} INFO - 25/06/06 19:10:13 INFO SparkContext: Created broadcast 5 from javaToPython at NativeMethodAccessorImpl.java:0
[2025-06-06T19:10:13.997+0200] {spark_submit.py:521} INFO - 25/06/06 19:10:13 INFO FileSourceScanExec: Planning scan with bin packing, max size: 4194304 bytes, open cost is considered as scanning 4194304 bytes.
[2025-06-06T19:10:14.023+0200] {spark_submit.py:521} INFO - 25/06/06 19:10:14 INFO CodeGenerator: Code generated in 10.341686 ms
[2025-06-06T19:10:14.055+0200] {spark_submit.py:521} INFO - 25/06/06 19:10:14 INFO SparkContext: Starting job: javaToPython at NativeMethodAccessorImpl.java:0
[2025-06-06T19:10:14.056+0200] {spark_submit.py:521} INFO - 25/06/06 19:10:14 INFO DAGScheduler: Got job 4 (javaToPython at NativeMethodAccessorImpl.java:0) with 1 output partitions
[2025-06-06T19:10:14.057+0200] {spark_submit.py:521} INFO - 25/06/06 19:10:14 INFO DAGScheduler: Final stage: ResultStage 5 (javaToPython at NativeMethodAccessorImpl.java:0)
[2025-06-06T19:10:14.057+0200] {spark_submit.py:521} INFO - 25/06/06 19:10:14 INFO DAGScheduler: Parents of final stage: List()
[2025-06-06T19:10:14.057+0200] {spark_submit.py:521} INFO - 25/06/06 19:10:14 INFO DAGScheduler: Missing parents: List()
[2025-06-06T19:10:14.058+0200] {spark_submit.py:521} INFO - 25/06/06 19:10:14 INFO DAGScheduler: Submitting ResultStage 5 (MapPartitionsRDD[16] at javaToPython at NativeMethodAccessorImpl.java:0), which has no missing parents
[2025-06-06T19:10:14.061+0200] {spark_submit.py:521} INFO - 25/06/06 19:10:14 INFO MemoryStore: Block broadcast_6 stored as values in memory (estimated size 23.7 KiB, free 433.9 MiB)
[2025-06-06T19:10:14.063+0200] {spark_submit.py:521} INFO - 25/06/06 19:10:14 INFO MemoryStore: Block broadcast_6_piece0 stored as bytes in memory (estimated size 9.5 KiB, free 433.9 MiB)
[2025-06-06T19:10:14.064+0200] {spark_submit.py:521} INFO - 25/06/06 19:10:14 INFO BlockManagerInfo: Added broadcast_6_piece0 in memory on 10.255.255.254:38467 (size: 9.5 KiB, free: 434.3 MiB)
[2025-06-06T19:10:14.064+0200] {spark_submit.py:521} INFO - 25/06/06 19:10:14 INFO SparkContext: Created broadcast 6 from broadcast at DAGScheduler.scala:1585
[2025-06-06T19:10:14.065+0200] {spark_submit.py:521} INFO - 25/06/06 19:10:14 INFO DAGScheduler: Submitting 1 missing tasks from ResultStage 5 (MapPartitionsRDD[16] at javaToPython at NativeMethodAccessorImpl.java:0) (first 15 tasks are for partitions Vector(0))
[2025-06-06T19:10:14.065+0200] {spark_submit.py:521} INFO - 25/06/06 19:10:14 INFO TaskSchedulerImpl: Adding task set 5.0 with 1 tasks resource profile 0
[2025-06-06T19:10:14.067+0200] {spark_submit.py:521} INFO - 25/06/06 19:10:14 INFO TaskSetManager: Starting task 0.0 in stage 5.0 (TID 4) (10.255.255.254, executor driver, partition 0, PROCESS_LOCAL, 9612 bytes)
[2025-06-06T19:10:14.068+0200] {spark_submit.py:521} INFO - 25/06/06 19:10:14 INFO Executor: Running task 0.0 in stage 5.0 (TID 4)
[2025-06-06T19:10:14.097+0200] {spark_submit.py:521} INFO - 25/06/06 19:10:14 INFO CodeGenerator: Code generated in 18.240472 ms
[2025-06-06T19:10:14.110+0200] {spark_submit.py:521} INFO - 25/06/06 19:10:14 INFO CodeGenerator: Code generated in 8.242846 ms
[2025-06-06T19:10:14.112+0200] {spark_submit.py:521} INFO - 25/06/06 19:10:14 INFO FileScanRDD: Reading File path: file:///home/leoja/airflow/data/Indicators.parquet, range: 0-13095, partition values: [empty row]
[2025-06-06T19:10:14.143+0200] {spark_submit.py:521} INFO - 25/06/06 19:10:14 INFO Executor: Finished task 0.0 in stage 5.0 (TID 4). 1847 bytes result sent to driver
[2025-06-06T19:10:14.144+0200] {spark_submit.py:521} INFO - 25/06/06 19:10:14 INFO TaskSetManager: Finished task 0.0 in stage 5.0 (TID 4) in 78 ms on 10.255.255.254 (executor driver) (1/1)
[2025-06-06T19:10:14.145+0200] {spark_submit.py:521} INFO - 25/06/06 19:10:14 INFO TaskSchedulerImpl: Removed TaskSet 5.0, whose tasks have all completed, from pool
[2025-06-06T19:10:14.146+0200] {spark_submit.py:521} INFO - 25/06/06 19:10:14 INFO DAGScheduler: ResultStage 5 (javaToPython at NativeMethodAccessorImpl.java:0) finished in 0.086 s
[2025-06-06T19:10:14.146+0200] {spark_submit.py:521} INFO - 25/06/06 19:10:14 INFO DAGScheduler: Job 4 is finished. Cancelling potential speculative or zombie tasks for this job
[2025-06-06T19:10:14.146+0200] {spark_submit.py:521} INFO - 25/06/06 19:10:14 INFO TaskSchedulerImpl: Killing all running tasks in stage 5: Stage finished
[2025-06-06T19:10:14.147+0200] {spark_submit.py:521} INFO - 25/06/06 19:10:14 INFO DAGScheduler: Job 4 finished: javaToPython at NativeMethodAccessorImpl.java:0, took 0.091982 s
[2025-06-06T19:10:14.152+0200] {spark_submit.py:521} INFO - 25/06/06 19:10:14 INFO DAGScheduler: Registering RDD 17 (javaToPython at NativeMethodAccessorImpl.java:0) as input to shuffle 1
[2025-06-06T19:10:14.152+0200] {spark_submit.py:521} INFO - 25/06/06 19:10:14 INFO DAGScheduler: Got map stage job 5 (javaToPython at NativeMethodAccessorImpl.java:0) with 1 output partitions
[2025-06-06T19:10:14.152+0200] {spark_submit.py:521} INFO - 25/06/06 19:10:14 INFO DAGScheduler: Final stage: ShuffleMapStage 6 (javaToPython at NativeMethodAccessorImpl.java:0)
[2025-06-06T19:10:14.152+0200] {spark_submit.py:521} INFO - 25/06/06 19:10:14 INFO DAGScheduler: Parents of final stage: List()
[2025-06-06T19:10:14.153+0200] {spark_submit.py:521} INFO - 25/06/06 19:10:14 INFO DAGScheduler: Missing parents: List()
[2025-06-06T19:10:14.154+0200] {spark_submit.py:521} INFO - 25/06/06 19:10:14 INFO DAGScheduler: Submitting ShuffleMapStage 6 (MapPartitionsRDD[17] at javaToPython at NativeMethodAccessorImpl.java:0), which has no missing parents
[2025-06-06T19:10:14.161+0200] {spark_submit.py:521} INFO - 25/06/06 19:10:14 INFO MemoryStore: Block broadcast_7 stored as values in memory (estimated size 25.5 KiB, free 433.9 MiB)
[2025-06-06T19:10:14.164+0200] {spark_submit.py:521} INFO - 25/06/06 19:10:14 INFO MemoryStore: Block broadcast_7_piece0 stored as bytes in memory (estimated size 10.4 KiB, free 433.9 MiB)
[2025-06-06T19:10:14.165+0200] {spark_submit.py:521} INFO - 25/06/06 19:10:14 INFO BlockManagerInfo: Added broadcast_7_piece0 in memory on 10.255.255.254:38467 (size: 10.4 KiB, free: 434.3 MiB)
[2025-06-06T19:10:14.166+0200] {spark_submit.py:521} INFO - 25/06/06 19:10:14 INFO SparkContext: Created broadcast 7 from broadcast at DAGScheduler.scala:1585
[2025-06-06T19:10:14.167+0200] {spark_submit.py:521} INFO - 25/06/06 19:10:14 INFO DAGScheduler: Submitting 1 missing tasks from ShuffleMapStage 6 (MapPartitionsRDD[17] at javaToPython at NativeMethodAccessorImpl.java:0) (first 15 tasks are for partitions Vector(0))
[2025-06-06T19:10:14.167+0200] {spark_submit.py:521} INFO - 25/06/06 19:10:14 INFO TaskSchedulerImpl: Adding task set 6.0 with 1 tasks resource profile 0
[2025-06-06T19:10:14.168+0200] {spark_submit.py:521} INFO - 25/06/06 19:10:14 INFO TaskSetManager: Starting task 0.0 in stage 6.0 (TID 5) (10.255.255.254, executor driver, partition 0, PROCESS_LOCAL, 9601 bytes)
[2025-06-06T19:10:14.169+0200] {spark_submit.py:521} INFO - 25/06/06 19:10:14 INFO Executor: Running task 0.0 in stage 6.0 (TID 5)
[2025-06-06T19:10:14.190+0200] {spark_submit.py:521} INFO - 25/06/06 19:10:14 INFO CodeGenerator: Code generated in 7.547198 ms
[2025-06-06T19:10:14.200+0200] {spark_submit.py:521} INFO - 25/06/06 19:10:14 INFO FileScanRDD: Reading File path: file:///home/leoja/airflow/data/Indicators.parquet, range: 0-13095, partition values: [empty row]
[2025-06-06T19:10:14.215+0200] {spark_submit.py:521} INFO - 25/06/06 19:10:14 INFO Executor: Finished task 0.0 in stage 6.0 (TID 5). 1924 bytes result sent to driver
[2025-06-06T19:10:14.217+0200] {spark_submit.py:521} INFO - 25/06/06 19:10:14 INFO TaskSetManager: Finished task 0.0 in stage 6.0 (TID 5) in 49 ms on 10.255.255.254 (executor driver) (1/1)
[2025-06-06T19:10:14.217+0200] {spark_submit.py:521} INFO - 25/06/06 19:10:14 INFO TaskSchedulerImpl: Removed TaskSet 6.0, whose tasks have all completed, from pool
[2025-06-06T19:10:14.218+0200] {spark_submit.py:521} INFO - 25/06/06 19:10:14 INFO DAGScheduler: ShuffleMapStage 6 (javaToPython at NativeMethodAccessorImpl.java:0) finished in 0.064 s
[2025-06-06T19:10:14.218+0200] {spark_submit.py:521} INFO - 25/06/06 19:10:14 INFO DAGScheduler: looking for newly runnable stages
[2025-06-06T19:10:14.218+0200] {spark_submit.py:521} INFO - 25/06/06 19:10:14 INFO DAGScheduler: running: Set()
[2025-06-06T19:10:14.219+0200] {spark_submit.py:521} INFO - 25/06/06 19:10:14 INFO DAGScheduler: waiting: Set()
[2025-06-06T19:10:14.219+0200] {spark_submit.py:521} INFO - 25/06/06 19:10:14 INFO DAGScheduler: failed: Set()
[2025-06-06T19:10:14.245+0200] {spark_submit.py:521} INFO - Aucune nouvelle donnée après 2025-06-30. Pas de réécriture.
[2025-06-06T19:10:14.246+0200] {spark_submit.py:521} INFO - 25/06/06 19:10:14 INFO SparkContext: SparkContext is stopping with exitCode 0.
[2025-06-06T19:10:14.259+0200] {spark_submit.py:521} INFO - 25/06/06 19:10:14 INFO SparkUI: Stopped Spark web UI at http://10.255.255.254:4040
[2025-06-06T19:10:14.275+0200] {spark_submit.py:521} INFO - 25/06/06 19:10:14 INFO MapOutputTrackerMasterEndpoint: MapOutputTrackerMasterEndpoint stopped!
[2025-06-06T19:10:14.293+0200] {spark_submit.py:521} INFO - 25/06/06 19:10:14 INFO MemoryStore: MemoryStore cleared
[2025-06-06T19:10:14.294+0200] {spark_submit.py:521} INFO - 25/06/06 19:10:14 INFO BlockManager: BlockManager stopped
[2025-06-06T19:10:14.297+0200] {spark_submit.py:521} INFO - 25/06/06 19:10:14 INFO BlockManagerMaster: BlockManagerMaster stopped
[2025-06-06T19:10:14.299+0200] {spark_submit.py:521} INFO - 25/06/06 19:10:14 INFO OutputCommitCoordinator$OutputCommitCoordinatorEndpoint: OutputCommitCoordinator stopped!
[2025-06-06T19:10:14.310+0200] {spark_submit.py:521} INFO - 25/06/06 19:10:14 INFO SparkContext: Successfully stopped SparkContext
[2025-06-06T19:10:14.561+0200] {spark_submit.py:521} INFO - 25/06/06 19:10:14 INFO ShutdownHookManager: Shutdown hook called
[2025-06-06T19:10:14.561+0200] {spark_submit.py:521} INFO - 25/06/06 19:10:14 INFO ShutdownHookManager: Deleting directory /tmp/spark-45eb615a-cd7c-4443-8673-33875a0fa4c9/pyspark-2455ff45-28c0-42dc-8b79-126b4a911ebe
[2025-06-06T19:10:14.565+0200] {spark_submit.py:521} INFO - 25/06/06 19:10:14 INFO ShutdownHookManager: Deleting directory /tmp/spark-d40f345b-8ce8-4b01-a56d-542d7160b613
[2025-06-06T19:10:14.571+0200] {spark_submit.py:521} INFO - 25/06/06 19:10:14 INFO ShutdownHookManager: Deleting directory /tmp/spark-45eb615a-cd7c-4443-8673-33875a0fa4c9
[2025-06-06T19:10:14.622+0200] {taskinstance.py:441} INFO - ::group::Post task execution logs
[2025-06-06T19:10:14.626+0200] {taskinstance.py:1205} INFO - Marking task as SUCCESS. dag_id=macro_trading_dag, task_id=compute_economic_quadrants, execution_date=20250605T080000, start_date=20250606T171004, end_date=20250606T171014
[2025-06-06T19:10:14.647+0200] {local_task_job_runner.py:240} INFO - Task exited with return code 0
[2025-06-06T19:10:14.658+0200] {taskinstance.py:3482} INFO - 1 downstream tasks scheduled from follow-on schedule check
[2025-06-06T19:10:14.667+0200] {local_task_job_runner.py:222} INFO - ::endgroup::
