[2025-05-21T19:10:03.542+0200] {local_task_job_runner.py:120} INFO - ::group::Pre task execution logs
[2025-05-21T19:10:03.597+0200] {taskinstance.py:2073} INFO - Dependencies all met for dep_context=non-requeueable deps ti=<TaskInstance: macro_trading_dag.fetch_fred_data scheduled__2025-05-20T08:00:00+00:00 [queued]>
[2025-05-21T19:10:03.603+0200] {taskinstance.py:2073} INFO - Dependencies all met for dep_context=requeueable deps ti=<TaskInstance: macro_trading_dag.fetch_fred_data scheduled__2025-05-20T08:00:00+00:00 [queued]>
[2025-05-21T19:10:03.603+0200] {taskinstance.py:2303} INFO - Starting attempt 1 of 3
[2025-05-21T19:10:03.620+0200] {taskinstance.py:2327} INFO - Executing <Task(PythonOperator): fetch_fred_data> on 2025-05-20 08:00:00+00:00
[2025-05-21T19:10:03.629+0200] {standard_task_runner.py:90} INFO - Running: ['airflow', 'tasks', 'run', 'macro_trading_dag', 'fetch_fred_data', 'scheduled__2025-05-20T08:00:00+00:00', '--job-id', '51', '--raw', '--subdir', 'DAGS_FOLDER/macro_trading_dag.py', '--cfg-path', '/tmp/tmpw6eg5cku']
[2025-05-21T19:10:03.629+0200] {standard_task_runner.py:63} INFO - Started process 371524 to run task
[2025-05-21T19:10:03.630+0200] {standard_task_runner.py:91} INFO - Job 51: Subtask fetch_fred_data
[2025-05-21T19:10:03.946+0200] {task_command.py:426} INFO - Running <TaskInstance: macro_trading_dag.fetch_fred_data scheduled__2025-05-20T08:00:00+00:00 [running]> on host N15I711-16GR512.
[2025-05-21T19:10:04.261+0200] {taskinstance.py:2644} INFO - Exporting env vars: AIRFLOW_CTX_DAG_OWNER='airflow' AIRFLOW_CTX_DAG_ID='macro_trading_dag' AIRFLOW_CTX_TASK_ID='fetch_fred_data' AIRFLOW_CTX_EXECUTION_DATE='2025-05-20T08:00:00+00:00' AIRFLOW_CTX_TRY_NUMBER='1' AIRFLOW_CTX_DAG_RUN_ID='scheduled__2025-05-20T08:00:00+00:00'
[2025-05-21T19:10:04.276+0200] {taskinstance.py:430} INFO - ::endgroup::
[2025-05-21T19:10:04.957+0200] {logging_mixin.py:188} INFO - Données mises à jour pour SP500 (SP500)
[2025-05-21T19:10:05.270+0200] {logging_mixin.py:188} INFO - Données mises à jour pour INFLATION (CPIAUCSL)
[2025-05-21T19:10:05.525+0200] {logging_mixin.py:188} INFO - Données mises à jour pour UNEMPLOYMENT (UNRATE)
[2025-05-21T19:10:07.090+0200] {logging_mixin.py:188} INFO - Données mises à jour pour HY_SPREAD (BAMLH0A0HYM2)
[2025-05-21T19:10:09.136+0200] {logging_mixin.py:188} INFO - Données mises à jour pour LONG_SPREAD (T10Y2Y)
[2025-05-21T19:10:09.422+0200] {logging_mixin.py:188} INFO - Données mises à jour pour CONSUMER_SENTIMENT (UMCSENT)
[2025-05-21T19:10:09.422+0200] {python.py:237} INFO - Done. Returned value was: None
[2025-05-21T19:10:09.422+0200] {taskinstance.py:441} INFO - ::group::Post task execution logs
[2025-05-21T19:10:09.427+0200] {taskinstance.py:1205} INFO - Marking task as SUCCESS. dag_id=macro_trading_dag, task_id=fetch_fred_data, execution_date=20250520T080000, start_date=20250521T171003, end_date=20250521T171009
[2025-05-21T19:10:09.482+0200] {local_task_job_runner.py:240} INFO - Task exited with return code 0
[2025-05-21T19:10:09.493+0200] {taskinstance.py:3482} INFO - 0 downstream tasks scheduled from follow-on schedule check
[2025-05-21T19:10:09.494+0200] {local_task_job_runner.py:222} INFO - ::endgroup::
