[2025-06-05T07:53:42.405+0200] {processor.py:161} INFO - Started process (PID=531179) to work on /home/leoja/airflow/airflow_venv/lib/python3.12/site-packages/airflow/example_dags/example_trigger_controller_dag.py
[2025-06-05T07:53:42.406+0200] {processor.py:830} INFO - Processing file /home/leoja/airflow/airflow_venv/lib/python3.12/site-packages/airflow/example_dags/example_trigger_controller_dag.py for tasks to queue
[2025-06-05T07:53:42.409+0200] {logging_mixin.py:188} INFO - [2025-06-05T07:53:42.408+0200] {dagbag.py:540} INFO - Filling up the DagBag from /home/leoja/airflow/airflow_venv/lib/python3.12/site-packages/airflow/example_dags/example_trigger_controller_dag.py
[2025-06-05T07:53:42.414+0200] {processor.py:840} INFO - DAG(s) 'example_trigger_controller_dag' retrieved from /home/leoja/airflow/airflow_venv/lib/python3.12/site-packages/airflow/example_dags/example_trigger_controller_dag.py
[2025-06-05T07:53:42.437+0200] {logging_mixin.py:188} INFO - [2025-06-05T07:53:42.436+0200] {dag.py:3096} INFO - Sync 1 DAGs
[2025-06-05T07:53:42.462+0200] {logging_mixin.py:188} INFO - [2025-06-05T07:53:42.461+0200] {dag.py:3954} INFO - Setting next_dagrun for example_trigger_controller_dag to 2021-01-01 00:00:00+00:00, run_after=2021-01-01 00:00:00+00:00
[2025-06-05T07:53:42.519+0200] {processor.py:183} INFO - Processing /home/leoja/airflow/airflow_venv/lib/python3.12/site-packages/airflow/example_dags/example_trigger_controller_dag.py took 0.123 seconds
[2025-06-05T07:54:34.255+0200] {processor.py:161} INFO - Started process (PID=531425) to work on /home/leoja/airflow/airflow_venv/lib/python3.12/site-packages/airflow/example_dags/example_trigger_controller_dag.py
[2025-06-05T07:54:34.258+0200] {processor.py:830} INFO - Processing file /home/leoja/airflow/airflow_venv/lib/python3.12/site-packages/airflow/example_dags/example_trigger_controller_dag.py for tasks to queue
[2025-06-05T07:54:34.260+0200] {logging_mixin.py:188} INFO - [2025-06-05T07:54:34.259+0200] {dagbag.py:540} INFO - Filling up the DagBag from /home/leoja/airflow/airflow_venv/lib/python3.12/site-packages/airflow/example_dags/example_trigger_controller_dag.py
[2025-06-05T07:54:34.265+0200] {processor.py:840} INFO - DAG(s) 'example_trigger_controller_dag' retrieved from /home/leoja/airflow/airflow_venv/lib/python3.12/site-packages/airflow/example_dags/example_trigger_controller_dag.py
[2025-06-05T07:54:34.282+0200] {logging_mixin.py:188} INFO - [2025-06-05T07:54:34.282+0200] {dag.py:3096} INFO - Sync 1 DAGs
[2025-06-05T07:54:34.302+0200] {logging_mixin.py:188} INFO - [2025-06-05T07:54:34.302+0200] {dag.py:3954} INFO - Setting next_dagrun for example_trigger_controller_dag to 2021-01-01 00:00:00+00:00, run_after=2021-01-01 00:00:00+00:00
[2025-06-05T07:54:34.323+0200] {processor.py:183} INFO - Processing /home/leoja/airflow/airflow_venv/lib/python3.12/site-packages/airflow/example_dags/example_trigger_controller_dag.py took 0.076 seconds
[2025-06-05T07:55:36.400+0200] {processor.py:161} INFO - Started process (PID=531646) to work on /home/leoja/airflow/airflow_venv/lib/python3.12/site-packages/airflow/example_dags/example_trigger_controller_dag.py
[2025-06-05T07:55:36.402+0200] {processor.py:830} INFO - Processing file /home/leoja/airflow/airflow_venv/lib/python3.12/site-packages/airflow/example_dags/example_trigger_controller_dag.py for tasks to queue
[2025-06-05T07:55:36.403+0200] {logging_mixin.py:188} INFO - [2025-06-05T07:55:36.403+0200] {dagbag.py:540} INFO - Filling up the DagBag from /home/leoja/airflow/airflow_venv/lib/python3.12/site-packages/airflow/example_dags/example_trigger_controller_dag.py
[2025-06-05T07:55:36.407+0200] {processor.py:840} INFO - DAG(s) 'example_trigger_controller_dag' retrieved from /home/leoja/airflow/airflow_venv/lib/python3.12/site-packages/airflow/example_dags/example_trigger_controller_dag.py
[2025-06-05T07:55:36.419+0200] {logging_mixin.py:188} INFO - [2025-06-05T07:55:36.418+0200] {dag.py:3096} INFO - Sync 1 DAGs
[2025-06-05T07:55:36.433+0200] {logging_mixin.py:188} INFO - [2025-06-05T07:55:36.433+0200] {dag.py:3954} INFO - Setting next_dagrun for example_trigger_controller_dag to 2021-01-01 00:00:00+00:00, run_after=2021-01-01 00:00:00+00:00
[2025-06-05T07:55:36.462+0200] {processor.py:183} INFO - Processing /home/leoja/airflow/airflow_venv/lib/python3.12/site-packages/airflow/example_dags/example_trigger_controller_dag.py took 0.067 seconds
[2025-06-05T07:56:40.823+0200] {processor.py:161} INFO - Started process (PID=531882) to work on /home/leoja/airflow/airflow_venv/lib/python3.12/site-packages/airflow/example_dags/example_trigger_controller_dag.py
[2025-06-05T07:56:40.825+0200] {processor.py:830} INFO - Processing file /home/leoja/airflow/airflow_venv/lib/python3.12/site-packages/airflow/example_dags/example_trigger_controller_dag.py for tasks to queue
[2025-06-05T07:56:40.826+0200] {logging_mixin.py:188} INFO - [2025-06-05T07:56:40.826+0200] {dagbag.py:540} INFO - Filling up the DagBag from /home/leoja/airflow/airflow_venv/lib/python3.12/site-packages/airflow/example_dags/example_trigger_controller_dag.py
[2025-06-05T07:56:40.830+0200] {processor.py:840} INFO - DAG(s) 'example_trigger_controller_dag' retrieved from /home/leoja/airflow/airflow_venv/lib/python3.12/site-packages/airflow/example_dags/example_trigger_controller_dag.py
[2025-06-05T07:56:40.840+0200] {logging_mixin.py:188} INFO - [2025-06-05T07:56:40.840+0200] {dag.py:3096} INFO - Sync 1 DAGs
[2025-06-05T07:56:40.852+0200] {logging_mixin.py:188} INFO - [2025-06-05T07:56:40.851+0200] {dag.py:3954} INFO - Setting next_dagrun for example_trigger_controller_dag to 2021-01-01 00:00:00+00:00, run_after=2021-01-01 00:00:00+00:00
[2025-06-05T07:56:40.871+0200] {processor.py:183} INFO - Processing /home/leoja/airflow/airflow_venv/lib/python3.12/site-packages/airflow/example_dags/example_trigger_controller_dag.py took 0.053 seconds
[2025-06-05T07:57:42.798+0200] {processor.py:161} INFO - Started process (PID=532103) to work on /home/leoja/airflow/airflow_venv/lib/python3.12/site-packages/airflow/example_dags/example_trigger_controller_dag.py
[2025-06-05T07:57:42.800+0200] {processor.py:830} INFO - Processing file /home/leoja/airflow/airflow_venv/lib/python3.12/site-packages/airflow/example_dags/example_trigger_controller_dag.py for tasks to queue
[2025-06-05T07:57:42.802+0200] {logging_mixin.py:188} INFO - [2025-06-05T07:57:42.801+0200] {dagbag.py:540} INFO - Filling up the DagBag from /home/leoja/airflow/airflow_venv/lib/python3.12/site-packages/airflow/example_dags/example_trigger_controller_dag.py
[2025-06-05T07:57:42.805+0200] {processor.py:840} INFO - DAG(s) 'example_trigger_controller_dag' retrieved from /home/leoja/airflow/airflow_venv/lib/python3.12/site-packages/airflow/example_dags/example_trigger_controller_dag.py
[2025-06-05T07:57:42.815+0200] {logging_mixin.py:188} INFO - [2025-06-05T07:57:42.815+0200] {dag.py:3096} INFO - Sync 1 DAGs
[2025-06-05T07:57:42.827+0200] {logging_mixin.py:188} INFO - [2025-06-05T07:57:42.827+0200] {dag.py:3954} INFO - Setting next_dagrun for example_trigger_controller_dag to 2021-01-01 00:00:00+00:00, run_after=2021-01-01 00:00:00+00:00
[2025-06-05T07:57:42.848+0200] {processor.py:183} INFO - Processing /home/leoja/airflow/airflow_venv/lib/python3.12/site-packages/airflow/example_dags/example_trigger_controller_dag.py took 0.056 seconds
[2025-06-05T07:58:33.345+0200] {processor.py:161} INFO - Started process (PID=532280) to work on /home/leoja/airflow/airflow_venv/lib/python3.12/site-packages/airflow/example_dags/example_trigger_controller_dag.py
[2025-06-05T07:58:33.346+0200] {processor.py:830} INFO - Processing file /home/leoja/airflow/airflow_venv/lib/python3.12/site-packages/airflow/example_dags/example_trigger_controller_dag.py for tasks to queue
[2025-06-05T07:58:33.348+0200] {logging_mixin.py:188} INFO - [2025-06-05T07:58:33.347+0200] {dagbag.py:540} INFO - Filling up the DagBag from /home/leoja/airflow/airflow_venv/lib/python3.12/site-packages/airflow/example_dags/example_trigger_controller_dag.py
[2025-06-05T07:58:33.351+0200] {processor.py:840} INFO - DAG(s) 'example_trigger_controller_dag' retrieved from /home/leoja/airflow/airflow_venv/lib/python3.12/site-packages/airflow/example_dags/example_trigger_controller_dag.py
[2025-06-05T07:58:33.361+0200] {logging_mixin.py:188} INFO - [2025-06-05T07:58:33.361+0200] {dag.py:3096} INFO - Sync 1 DAGs
[2025-06-05T07:58:33.373+0200] {logging_mixin.py:188} INFO - [2025-06-05T07:58:33.372+0200] {dag.py:3954} INFO - Setting next_dagrun for example_trigger_controller_dag to 2021-01-01 00:00:00+00:00, run_after=2021-01-01 00:00:00+00:00
[2025-06-05T07:58:33.392+0200] {processor.py:183} INFO - Processing /home/leoja/airflow/airflow_venv/lib/python3.12/site-packages/airflow/example_dags/example_trigger_controller_dag.py took 0.053 seconds
[2025-06-05T18:44:38.823+0200] {processor.py:161} INFO - Started process (PID=533580) to work on /home/leoja/airflow/airflow_venv/lib/python3.12/site-packages/airflow/example_dags/example_trigger_controller_dag.py
[2025-06-05T18:44:38.825+0200] {processor.py:830} INFO - Processing file /home/leoja/airflow/airflow_venv/lib/python3.12/site-packages/airflow/example_dags/example_trigger_controller_dag.py for tasks to queue
[2025-06-05T18:44:38.827+0200] {logging_mixin.py:188} INFO - [2025-06-05T18:44:38.827+0200] {dagbag.py:540} INFO - Filling up the DagBag from /home/leoja/airflow/airflow_venv/lib/python3.12/site-packages/airflow/example_dags/example_trigger_controller_dag.py
[2025-06-05T18:44:38.830+0200] {processor.py:840} INFO - DAG(s) 'example_trigger_controller_dag' retrieved from /home/leoja/airflow/airflow_venv/lib/python3.12/site-packages/airflow/example_dags/example_trigger_controller_dag.py
[2025-06-05T18:44:38.842+0200] {logging_mixin.py:188} INFO - [2025-06-05T18:44:38.842+0200] {dag.py:3096} INFO - Sync 1 DAGs
[2025-06-05T18:44:38.854+0200] {logging_mixin.py:188} INFO - [2025-06-05T18:44:38.854+0200] {dag.py:3954} INFO - Setting next_dagrun for example_trigger_controller_dag to 2021-01-01 00:00:00+00:00, run_after=2021-01-01 00:00:00+00:00
[2025-06-05T18:44:38.879+0200] {processor.py:183} INFO - Processing /home/leoja/airflow/airflow_venv/lib/python3.12/site-packages/airflow/example_dags/example_trigger_controller_dag.py took 0.061 seconds
[2025-06-05T18:45:30.828+0200] {processor.py:161} INFO - Started process (PID=533909) to work on /home/leoja/airflow/airflow_venv/lib/python3.12/site-packages/airflow/example_dags/example_trigger_controller_dag.py
[2025-06-05T18:45:30.830+0200] {processor.py:830} INFO - Processing file /home/leoja/airflow/airflow_venv/lib/python3.12/site-packages/airflow/example_dags/example_trigger_controller_dag.py for tasks to queue
[2025-06-05T18:45:30.831+0200] {logging_mixin.py:188} INFO - [2025-06-05T18:45:30.831+0200] {dagbag.py:540} INFO - Filling up the DagBag from /home/leoja/airflow/airflow_venv/lib/python3.12/site-packages/airflow/example_dags/example_trigger_controller_dag.py
[2025-06-05T18:45:30.836+0200] {processor.py:840} INFO - DAG(s) 'example_trigger_controller_dag' retrieved from /home/leoja/airflow/airflow_venv/lib/python3.12/site-packages/airflow/example_dags/example_trigger_controller_dag.py
[2025-06-05T18:45:30.847+0200] {logging_mixin.py:188} INFO - [2025-06-05T18:45:30.847+0200] {dag.py:3096} INFO - Sync 1 DAGs
[2025-06-05T18:45:30.859+0200] {logging_mixin.py:188} INFO - [2025-06-05T18:45:30.859+0200] {dag.py:3954} INFO - Setting next_dagrun for example_trigger_controller_dag to 2021-01-01 00:00:00+00:00, run_after=2021-01-01 00:00:00+00:00
[2025-06-05T18:45:30.877+0200] {processor.py:183} INFO - Processing /home/leoja/airflow/airflow_venv/lib/python3.12/site-packages/airflow/example_dags/example_trigger_controller_dag.py took 0.057 seconds
[2025-06-05T18:46:33.023+0200] {processor.py:161} INFO - Started process (PID=534277) to work on /home/leoja/airflow/airflow_venv/lib/python3.12/site-packages/airflow/example_dags/example_trigger_controller_dag.py
[2025-06-05T18:46:33.025+0200] {processor.py:830} INFO - Processing file /home/leoja/airflow/airflow_venv/lib/python3.12/site-packages/airflow/example_dags/example_trigger_controller_dag.py for tasks to queue
[2025-06-05T18:46:33.027+0200] {logging_mixin.py:188} INFO - [2025-06-05T18:46:33.026+0200] {dagbag.py:540} INFO - Filling up the DagBag from /home/leoja/airflow/airflow_venv/lib/python3.12/site-packages/airflow/example_dags/example_trigger_controller_dag.py
[2025-06-05T18:46:33.032+0200] {processor.py:840} INFO - DAG(s) 'example_trigger_controller_dag' retrieved from /home/leoja/airflow/airflow_venv/lib/python3.12/site-packages/airflow/example_dags/example_trigger_controller_dag.py
[2025-06-05T18:46:33.045+0200] {logging_mixin.py:188} INFO - [2025-06-05T18:46:33.045+0200] {dag.py:3096} INFO - Sync 1 DAGs
[2025-06-05T18:46:33.059+0200] {logging_mixin.py:188} INFO - [2025-06-05T18:46:33.059+0200] {dag.py:3954} INFO - Setting next_dagrun for example_trigger_controller_dag to 2021-01-01 00:00:00+00:00, run_after=2021-01-01 00:00:00+00:00
[2025-06-05T18:46:33.079+0200] {processor.py:183} INFO - Processing /home/leoja/airflow/airflow_venv/lib/python3.12/site-packages/airflow/example_dags/example_trigger_controller_dag.py took 0.063 seconds
[2025-06-05T18:47:40.114+0200] {processor.py:161} INFO - Started process (PID=534598) to work on /home/leoja/airflow/airflow_venv/lib/python3.12/site-packages/airflow/example_dags/example_trigger_controller_dag.py
[2025-06-05T18:47:40.115+0200] {processor.py:830} INFO - Processing file /home/leoja/airflow/airflow_venv/lib/python3.12/site-packages/airflow/example_dags/example_trigger_controller_dag.py for tasks to queue
[2025-06-05T18:47:40.118+0200] {logging_mixin.py:188} INFO - [2025-06-05T18:47:40.117+0200] {dagbag.py:540} INFO - Filling up the DagBag from /home/leoja/airflow/airflow_venv/lib/python3.12/site-packages/airflow/example_dags/example_trigger_controller_dag.py
[2025-06-05T18:47:40.122+0200] {processor.py:840} INFO - DAG(s) 'example_trigger_controller_dag' retrieved from /home/leoja/airflow/airflow_venv/lib/python3.12/site-packages/airflow/example_dags/example_trigger_controller_dag.py
[2025-06-05T18:47:40.137+0200] {logging_mixin.py:188} INFO - [2025-06-05T18:47:40.137+0200] {dag.py:3096} INFO - Sync 1 DAGs
[2025-06-05T18:47:40.152+0200] {logging_mixin.py:188} INFO - [2025-06-05T18:47:40.151+0200] {dag.py:3954} INFO - Setting next_dagrun for example_trigger_controller_dag to 2021-01-01 00:00:00+00:00, run_after=2021-01-01 00:00:00+00:00
[2025-06-05T18:47:40.172+0200] {processor.py:183} INFO - Processing /home/leoja/airflow/airflow_venv/lib/python3.12/site-packages/airflow/example_dags/example_trigger_controller_dag.py took 0.064 seconds
[2025-06-05T18:48:31.781+0200] {processor.py:161} INFO - Started process (PID=535085) to work on /home/leoja/airflow/airflow_venv/lib/python3.12/site-packages/airflow/example_dags/example_trigger_controller_dag.py
[2025-06-05T18:48:31.783+0200] {processor.py:830} INFO - Processing file /home/leoja/airflow/airflow_venv/lib/python3.12/site-packages/airflow/example_dags/example_trigger_controller_dag.py for tasks to queue
[2025-06-05T18:48:31.785+0200] {logging_mixin.py:188} INFO - [2025-06-05T18:48:31.785+0200] {dagbag.py:540} INFO - Filling up the DagBag from /home/leoja/airflow/airflow_venv/lib/python3.12/site-packages/airflow/example_dags/example_trigger_controller_dag.py
[2025-06-05T18:48:31.790+0200] {processor.py:840} INFO - DAG(s) 'example_trigger_controller_dag' retrieved from /home/leoja/airflow/airflow_venv/lib/python3.12/site-packages/airflow/example_dags/example_trigger_controller_dag.py
[2025-06-05T18:48:31.803+0200] {logging_mixin.py:188} INFO - [2025-06-05T18:48:31.803+0200] {dag.py:3096} INFO - Sync 1 DAGs
[2025-06-05T18:48:31.818+0200] {logging_mixin.py:188} INFO - [2025-06-05T18:48:31.818+0200] {dag.py:3954} INFO - Setting next_dagrun for example_trigger_controller_dag to 2021-01-01 00:00:00+00:00, run_after=2021-01-01 00:00:00+00:00
[2025-06-05T18:48:31.838+0200] {processor.py:183} INFO - Processing /home/leoja/airflow/airflow_venv/lib/python3.12/site-packages/airflow/example_dags/example_trigger_controller_dag.py took 0.063 seconds
[2025-06-05T18:49:31.914+0200] {processor.py:161} INFO - Started process (PID=535369) to work on /home/leoja/airflow/airflow_venv/lib/python3.12/site-packages/airflow/example_dags/example_trigger_controller_dag.py
[2025-06-05T18:49:31.916+0200] {processor.py:830} INFO - Processing file /home/leoja/airflow/airflow_venv/lib/python3.12/site-packages/airflow/example_dags/example_trigger_controller_dag.py for tasks to queue
[2025-06-05T18:49:31.918+0200] {logging_mixin.py:188} INFO - [2025-06-05T18:49:31.917+0200] {dagbag.py:540} INFO - Filling up the DagBag from /home/leoja/airflow/airflow_venv/lib/python3.12/site-packages/airflow/example_dags/example_trigger_controller_dag.py
[2025-06-05T18:49:31.921+0200] {processor.py:840} INFO - DAG(s) 'example_trigger_controller_dag' retrieved from /home/leoja/airflow/airflow_venv/lib/python3.12/site-packages/airflow/example_dags/example_trigger_controller_dag.py
[2025-06-05T18:49:31.933+0200] {logging_mixin.py:188} INFO - [2025-06-05T18:49:31.933+0200] {dag.py:3096} INFO - Sync 1 DAGs
[2025-06-05T18:49:31.946+0200] {logging_mixin.py:188} INFO - [2025-06-05T18:49:31.945+0200] {dag.py:3954} INFO - Setting next_dagrun for example_trigger_controller_dag to 2021-01-01 00:00:00+00:00, run_after=2021-01-01 00:00:00+00:00
[2025-06-05T18:49:31.971+0200] {processor.py:183} INFO - Processing /home/leoja/airflow/airflow_venv/lib/python3.12/site-packages/airflow/example_dags/example_trigger_controller_dag.py took 0.063 seconds
[2025-06-05T18:51:16.580+0200] {processor.py:161} INFO - Started process (PID=536463) to work on /home/leoja/airflow/airflow_venv/lib/python3.12/site-packages/airflow/example_dags/example_trigger_controller_dag.py
[2025-06-05T18:51:16.582+0200] {processor.py:830} INFO - Processing file /home/leoja/airflow/airflow_venv/lib/python3.12/site-packages/airflow/example_dags/example_trigger_controller_dag.py for tasks to queue
[2025-06-05T18:51:16.584+0200] {logging_mixin.py:188} INFO - [2025-06-05T18:51:16.583+0200] {dagbag.py:540} INFO - Filling up the DagBag from /home/leoja/airflow/airflow_venv/lib/python3.12/site-packages/airflow/example_dags/example_trigger_controller_dag.py
[2025-06-05T18:51:16.588+0200] {processor.py:840} INFO - DAG(s) 'example_trigger_controller_dag' retrieved from /home/leoja/airflow/airflow_venv/lib/python3.12/site-packages/airflow/example_dags/example_trigger_controller_dag.py
[2025-06-05T18:51:16.603+0200] {logging_mixin.py:188} INFO - [2025-06-05T18:51:16.603+0200] {dag.py:3096} INFO - Sync 1 DAGs
[2025-06-05T18:51:16.620+0200] {logging_mixin.py:188} INFO - [2025-06-05T18:51:16.620+0200] {dag.py:3954} INFO - Setting next_dagrun for example_trigger_controller_dag to 2021-01-01 00:00:00+00:00, run_after=2021-01-01 00:00:00+00:00
[2025-06-05T18:51:16.640+0200] {processor.py:183} INFO - Processing /home/leoja/airflow/airflow_venv/lib/python3.12/site-packages/airflow/example_dags/example_trigger_controller_dag.py took 0.068 seconds
[2025-06-05T18:52:05.333+0200] {processor.py:161} INFO - Started process (PID=536736) to work on /home/leoja/airflow/airflow_venv/lib/python3.12/site-packages/airflow/example_dags/example_trigger_controller_dag.py
[2025-06-05T18:52:05.335+0200] {processor.py:830} INFO - Processing file /home/leoja/airflow/airflow_venv/lib/python3.12/site-packages/airflow/example_dags/example_trigger_controller_dag.py for tasks to queue
[2025-06-05T18:52:05.337+0200] {logging_mixin.py:188} INFO - [2025-06-05T18:52:05.336+0200] {dagbag.py:540} INFO - Filling up the DagBag from /home/leoja/airflow/airflow_venv/lib/python3.12/site-packages/airflow/example_dags/example_trigger_controller_dag.py
[2025-06-05T18:52:05.342+0200] {processor.py:840} INFO - DAG(s) 'example_trigger_controller_dag' retrieved from /home/leoja/airflow/airflow_venv/lib/python3.12/site-packages/airflow/example_dags/example_trigger_controller_dag.py
[2025-06-05T18:52:05.359+0200] {logging_mixin.py:188} INFO - [2025-06-05T18:52:05.359+0200] {dag.py:3096} INFO - Sync 1 DAGs
[2025-06-05T18:52:05.379+0200] {logging_mixin.py:188} INFO - [2025-06-05T18:52:05.379+0200] {dag.py:3954} INFO - Setting next_dagrun for example_trigger_controller_dag to 2021-01-01 00:00:00+00:00, run_after=2021-01-01 00:00:00+00:00
[2025-06-05T18:52:05.403+0200] {processor.py:183} INFO - Processing /home/leoja/airflow/airflow_venv/lib/python3.12/site-packages/airflow/example_dags/example_trigger_controller_dag.py took 0.077 seconds
[2025-06-05T18:53:08.941+0200] {processor.py:161} INFO - Started process (PID=537365) to work on /home/leoja/airflow/airflow_venv/lib/python3.12/site-packages/airflow/example_dags/example_trigger_controller_dag.py
[2025-06-05T18:53:08.943+0200] {processor.py:830} INFO - Processing file /home/leoja/airflow/airflow_venv/lib/python3.12/site-packages/airflow/example_dags/example_trigger_controller_dag.py for tasks to queue
[2025-06-05T18:53:08.944+0200] {logging_mixin.py:188} INFO - [2025-06-05T18:53:08.944+0200] {dagbag.py:540} INFO - Filling up the DagBag from /home/leoja/airflow/airflow_venv/lib/python3.12/site-packages/airflow/example_dags/example_trigger_controller_dag.py
[2025-06-05T18:53:08.948+0200] {processor.py:840} INFO - DAG(s) 'example_trigger_controller_dag' retrieved from /home/leoja/airflow/airflow_venv/lib/python3.12/site-packages/airflow/example_dags/example_trigger_controller_dag.py
[2025-06-05T18:53:08.961+0200] {logging_mixin.py:188} INFO - [2025-06-05T18:53:08.961+0200] {dag.py:3096} INFO - Sync 1 DAGs
[2025-06-05T18:53:08.977+0200] {logging_mixin.py:188} INFO - [2025-06-05T18:53:08.976+0200] {dag.py:3954} INFO - Setting next_dagrun for example_trigger_controller_dag to 2021-01-01 00:00:00+00:00, run_after=2021-01-01 00:00:00+00:00
[2025-06-05T18:53:09.000+0200] {processor.py:183} INFO - Processing /home/leoja/airflow/airflow_venv/lib/python3.12/site-packages/airflow/example_dags/example_trigger_controller_dag.py took 0.065 seconds
[2025-06-05T18:54:43.022+0200] {processor.py:161} INFO - Started process (PID=538410) to work on /home/leoja/airflow/airflow_venv/lib/python3.12/site-packages/airflow/example_dags/example_trigger_controller_dag.py
[2025-06-05T18:54:43.024+0200] {processor.py:830} INFO - Processing file /home/leoja/airflow/airflow_venv/lib/python3.12/site-packages/airflow/example_dags/example_trigger_controller_dag.py for tasks to queue
[2025-06-05T18:54:43.026+0200] {logging_mixin.py:188} INFO - [2025-06-05T18:54:43.025+0200] {dagbag.py:540} INFO - Filling up the DagBag from /home/leoja/airflow/airflow_venv/lib/python3.12/site-packages/airflow/example_dags/example_trigger_controller_dag.py
[2025-06-05T18:54:43.030+0200] {processor.py:840} INFO - DAG(s) 'example_trigger_controller_dag' retrieved from /home/leoja/airflow/airflow_venv/lib/python3.12/site-packages/airflow/example_dags/example_trigger_controller_dag.py
[2025-06-05T18:54:43.043+0200] {logging_mixin.py:188} INFO - [2025-06-05T18:54:43.043+0200] {dag.py:3096} INFO - Sync 1 DAGs
[2025-06-05T18:54:43.058+0200] {logging_mixin.py:188} INFO - [2025-06-05T18:54:43.058+0200] {dag.py:3954} INFO - Setting next_dagrun for example_trigger_controller_dag to 2021-01-01 00:00:00+00:00, run_after=2021-01-01 00:00:00+00:00
[2025-06-05T18:54:43.078+0200] {processor.py:183} INFO - Processing /home/leoja/airflow/airflow_venv/lib/python3.12/site-packages/airflow/example_dags/example_trigger_controller_dag.py took 0.063 seconds
[2025-06-05T18:55:34.262+0200] {processor.py:161} INFO - Started process (PID=538739) to work on /home/leoja/airflow/airflow_venv/lib/python3.12/site-packages/airflow/example_dags/example_trigger_controller_dag.py
[2025-06-05T18:55:34.264+0200] {processor.py:830} INFO - Processing file /home/leoja/airflow/airflow_venv/lib/python3.12/site-packages/airflow/example_dags/example_trigger_controller_dag.py for tasks to queue
[2025-06-05T18:55:34.267+0200] {logging_mixin.py:188} INFO - [2025-06-05T18:55:34.267+0200] {dagbag.py:540} INFO - Filling up the DagBag from /home/leoja/airflow/airflow_venv/lib/python3.12/site-packages/airflow/example_dags/example_trigger_controller_dag.py
[2025-06-05T18:55:34.273+0200] {processor.py:840} INFO - DAG(s) 'example_trigger_controller_dag' retrieved from /home/leoja/airflow/airflow_venv/lib/python3.12/site-packages/airflow/example_dags/example_trigger_controller_dag.py
[2025-06-05T18:55:34.289+0200] {logging_mixin.py:188} INFO - [2025-06-05T18:55:34.289+0200] {dag.py:3096} INFO - Sync 1 DAGs
[2025-06-05T18:55:34.306+0200] {logging_mixin.py:188} INFO - [2025-06-05T18:55:34.306+0200] {dag.py:3954} INFO - Setting next_dagrun for example_trigger_controller_dag to 2021-01-01 00:00:00+00:00, run_after=2021-01-01 00:00:00+00:00
[2025-06-05T18:55:34.328+0200] {processor.py:183} INFO - Processing /home/leoja/airflow/airflow_venv/lib/python3.12/site-packages/airflow/example_dags/example_trigger_controller_dag.py took 0.072 seconds
[2025-06-05T18:56:37.510+0200] {processor.py:161} INFO - Started process (PID=539111) to work on /home/leoja/airflow/airflow_venv/lib/python3.12/site-packages/airflow/example_dags/example_trigger_controller_dag.py
[2025-06-05T18:56:37.512+0200] {processor.py:830} INFO - Processing file /home/leoja/airflow/airflow_venv/lib/python3.12/site-packages/airflow/example_dags/example_trigger_controller_dag.py for tasks to queue
[2025-06-05T18:56:37.514+0200] {logging_mixin.py:188} INFO - [2025-06-05T18:56:37.514+0200] {dagbag.py:540} INFO - Filling up the DagBag from /home/leoja/airflow/airflow_venv/lib/python3.12/site-packages/airflow/example_dags/example_trigger_controller_dag.py
[2025-06-05T18:56:37.518+0200] {processor.py:840} INFO - DAG(s) 'example_trigger_controller_dag' retrieved from /home/leoja/airflow/airflow_venv/lib/python3.12/site-packages/airflow/example_dags/example_trigger_controller_dag.py
[2025-06-05T18:56:37.531+0200] {logging_mixin.py:188} INFO - [2025-06-05T18:56:37.531+0200] {dag.py:3096} INFO - Sync 1 DAGs
[2025-06-05T18:56:37.546+0200] {logging_mixin.py:188} INFO - [2025-06-05T18:56:37.545+0200] {dag.py:3954} INFO - Setting next_dagrun for example_trigger_controller_dag to 2021-01-01 00:00:00+00:00, run_after=2021-01-01 00:00:00+00:00
[2025-06-05T18:56:37.567+0200] {processor.py:183} INFO - Processing /home/leoja/airflow/airflow_venv/lib/python3.12/site-packages/airflow/example_dags/example_trigger_controller_dag.py took 0.064 seconds
[2025-06-05T18:57:44.809+0200] {processor.py:161} INFO - Started process (PID=539652) to work on /home/leoja/airflow/airflow_venv/lib/python3.12/site-packages/airflow/example_dags/example_trigger_controller_dag.py
[2025-06-05T18:57:44.810+0200] {processor.py:830} INFO - Processing file /home/leoja/airflow/airflow_venv/lib/python3.12/site-packages/airflow/example_dags/example_trigger_controller_dag.py for tasks to queue
[2025-06-05T18:57:44.813+0200] {logging_mixin.py:188} INFO - [2025-06-05T18:57:44.812+0200] {dagbag.py:540} INFO - Filling up the DagBag from /home/leoja/airflow/airflow_venv/lib/python3.12/site-packages/airflow/example_dags/example_trigger_controller_dag.py
[2025-06-05T18:57:44.818+0200] {processor.py:840} INFO - DAG(s) 'example_trigger_controller_dag' retrieved from /home/leoja/airflow/airflow_venv/lib/python3.12/site-packages/airflow/example_dags/example_trigger_controller_dag.py
[2025-06-05T18:57:44.832+0200] {logging_mixin.py:188} INFO - [2025-06-05T18:57:44.831+0200] {dag.py:3096} INFO - Sync 1 DAGs
[2025-06-05T18:57:44.847+0200] {logging_mixin.py:188} INFO - [2025-06-05T18:57:44.847+0200] {dag.py:3954} INFO - Setting next_dagrun for example_trigger_controller_dag to 2021-01-01 00:00:00+00:00, run_after=2021-01-01 00:00:00+00:00
[2025-06-05T18:57:44.871+0200] {processor.py:183} INFO - Processing /home/leoja/airflow/airflow_venv/lib/python3.12/site-packages/airflow/example_dags/example_trigger_controller_dag.py took 0.069 seconds
[2025-06-05T18:58:46.377+0200] {processor.py:161} INFO - Started process (PID=540028) to work on /home/leoja/airflow/airflow_venv/lib/python3.12/site-packages/airflow/example_dags/example_trigger_controller_dag.py
[2025-06-05T18:58:46.379+0200] {processor.py:830} INFO - Processing file /home/leoja/airflow/airflow_venv/lib/python3.12/site-packages/airflow/example_dags/example_trigger_controller_dag.py for tasks to queue
[2025-06-05T18:58:46.380+0200] {logging_mixin.py:188} INFO - [2025-06-05T18:58:46.380+0200] {dagbag.py:540} INFO - Filling up the DagBag from /home/leoja/airflow/airflow_venv/lib/python3.12/site-packages/airflow/example_dags/example_trigger_controller_dag.py
[2025-06-05T18:58:46.384+0200] {processor.py:840} INFO - DAG(s) 'example_trigger_controller_dag' retrieved from /home/leoja/airflow/airflow_venv/lib/python3.12/site-packages/airflow/example_dags/example_trigger_controller_dag.py
[2025-06-05T18:58:46.398+0200] {logging_mixin.py:188} INFO - [2025-06-05T18:58:46.398+0200] {dag.py:3096} INFO - Sync 1 DAGs
[2025-06-05T18:58:46.414+0200] {logging_mixin.py:188} INFO - [2025-06-05T18:58:46.414+0200] {dag.py:3954} INFO - Setting next_dagrun for example_trigger_controller_dag to 2021-01-01 00:00:00+00:00, run_after=2021-01-01 00:00:00+00:00
[2025-06-05T18:58:46.437+0200] {processor.py:183} INFO - Processing /home/leoja/airflow/airflow_venv/lib/python3.12/site-packages/airflow/example_dags/example_trigger_controller_dag.py took 0.069 seconds
[2025-06-05T18:59:50.547+0200] {processor.py:161} INFO - Started process (PID=540371) to work on /home/leoja/airflow/airflow_venv/lib/python3.12/site-packages/airflow/example_dags/example_trigger_controller_dag.py
[2025-06-05T18:59:50.548+0200] {processor.py:830} INFO - Processing file /home/leoja/airflow/airflow_venv/lib/python3.12/site-packages/airflow/example_dags/example_trigger_controller_dag.py for tasks to queue
[2025-06-05T18:59:50.550+0200] {logging_mixin.py:188} INFO - [2025-06-05T18:59:50.550+0200] {dagbag.py:540} INFO - Filling up the DagBag from /home/leoja/airflow/airflow_venv/lib/python3.12/site-packages/airflow/example_dags/example_trigger_controller_dag.py
[2025-06-05T18:59:50.554+0200] {processor.py:840} INFO - DAG(s) 'example_trigger_controller_dag' retrieved from /home/leoja/airflow/airflow_venv/lib/python3.12/site-packages/airflow/example_dags/example_trigger_controller_dag.py
[2025-06-05T18:59:50.567+0200] {logging_mixin.py:188} INFO - [2025-06-05T18:59:50.566+0200] {dag.py:3096} INFO - Sync 1 DAGs
[2025-06-05T18:59:50.579+0200] {logging_mixin.py:188} INFO - [2025-06-05T18:59:50.579+0200] {dag.py:3954} INFO - Setting next_dagrun for example_trigger_controller_dag to 2021-01-01 00:00:00+00:00, run_after=2021-01-01 00:00:00+00:00
[2025-06-05T18:59:50.600+0200] {processor.py:183} INFO - Processing /home/leoja/airflow/airflow_venv/lib/python3.12/site-packages/airflow/example_dags/example_trigger_controller_dag.py took 0.061 seconds
[2025-06-05T19:00:52.091+0200] {processor.py:161} INFO - Started process (PID=540719) to work on /home/leoja/airflow/airflow_venv/lib/python3.12/site-packages/airflow/example_dags/example_trigger_controller_dag.py
[2025-06-05T19:00:52.093+0200] {processor.py:830} INFO - Processing file /home/leoja/airflow/airflow_venv/lib/python3.12/site-packages/airflow/example_dags/example_trigger_controller_dag.py for tasks to queue
[2025-06-05T19:00:52.095+0200] {logging_mixin.py:188} INFO - [2025-06-05T19:00:52.095+0200] {dagbag.py:540} INFO - Filling up the DagBag from /home/leoja/airflow/airflow_venv/lib/python3.12/site-packages/airflow/example_dags/example_trigger_controller_dag.py
[2025-06-05T19:00:52.099+0200] {processor.py:840} INFO - DAG(s) 'example_trigger_controller_dag' retrieved from /home/leoja/airflow/airflow_venv/lib/python3.12/site-packages/airflow/example_dags/example_trigger_controller_dag.py
[2025-06-05T19:00:52.112+0200] {logging_mixin.py:188} INFO - [2025-06-05T19:00:52.111+0200] {dag.py:3096} INFO - Sync 1 DAGs
[2025-06-05T19:00:52.125+0200] {logging_mixin.py:188} INFO - [2025-06-05T19:00:52.125+0200] {dag.py:3954} INFO - Setting next_dagrun for example_trigger_controller_dag to 2021-01-01 00:00:00+00:00, run_after=2021-01-01 00:00:00+00:00
[2025-06-05T19:00:52.148+0200] {processor.py:183} INFO - Processing /home/leoja/airflow/airflow_venv/lib/python3.12/site-packages/airflow/example_dags/example_trigger_controller_dag.py took 0.062 seconds
[2025-06-05T19:01:54.107+0200] {processor.py:161} INFO - Started process (PID=541080) to work on /home/leoja/airflow/airflow_venv/lib/python3.12/site-packages/airflow/example_dags/example_trigger_controller_dag.py
[2025-06-05T19:01:54.108+0200] {processor.py:830} INFO - Processing file /home/leoja/airflow/airflow_venv/lib/python3.12/site-packages/airflow/example_dags/example_trigger_controller_dag.py for tasks to queue
[2025-06-05T19:01:54.110+0200] {logging_mixin.py:188} INFO - [2025-06-05T19:01:54.110+0200] {dagbag.py:540} INFO - Filling up the DagBag from /home/leoja/airflow/airflow_venv/lib/python3.12/site-packages/airflow/example_dags/example_trigger_controller_dag.py
[2025-06-05T19:01:54.113+0200] {processor.py:840} INFO - DAG(s) 'example_trigger_controller_dag' retrieved from /home/leoja/airflow/airflow_venv/lib/python3.12/site-packages/airflow/example_dags/example_trigger_controller_dag.py
[2025-06-05T19:01:54.125+0200] {logging_mixin.py:188} INFO - [2025-06-05T19:01:54.125+0200] {dag.py:3096} INFO - Sync 1 DAGs
[2025-06-05T19:01:54.139+0200] {logging_mixin.py:188} INFO - [2025-06-05T19:01:54.139+0200] {dag.py:3954} INFO - Setting next_dagrun for example_trigger_controller_dag to 2021-01-01 00:00:00+00:00, run_after=2021-01-01 00:00:00+00:00
[2025-06-05T19:01:54.262+0200] {processor.py:183} INFO - Processing /home/leoja/airflow/airflow_venv/lib/python3.12/site-packages/airflow/example_dags/example_trigger_controller_dag.py took 0.160 seconds
[2025-06-05T19:03:03.103+0200] {processor.py:161} INFO - Started process (PID=541484) to work on /home/leoja/airflow/airflow_venv/lib/python3.12/site-packages/airflow/example_dags/example_trigger_controller_dag.py
[2025-06-05T19:03:03.105+0200] {processor.py:830} INFO - Processing file /home/leoja/airflow/airflow_venv/lib/python3.12/site-packages/airflow/example_dags/example_trigger_controller_dag.py for tasks to queue
[2025-06-05T19:03:03.106+0200] {logging_mixin.py:188} INFO - [2025-06-05T19:03:03.106+0200] {dagbag.py:540} INFO - Filling up the DagBag from /home/leoja/airflow/airflow_venv/lib/python3.12/site-packages/airflow/example_dags/example_trigger_controller_dag.py
[2025-06-05T19:03:03.110+0200] {processor.py:840} INFO - DAG(s) 'example_trigger_controller_dag' retrieved from /home/leoja/airflow/airflow_venv/lib/python3.12/site-packages/airflow/example_dags/example_trigger_controller_dag.py
[2025-06-05T19:03:03.122+0200] {logging_mixin.py:188} INFO - [2025-06-05T19:03:03.122+0200] {dag.py:3096} INFO - Sync 1 DAGs
[2025-06-05T19:03:03.146+0200] {logging_mixin.py:188} INFO - [2025-06-05T19:03:03.145+0200] {dag.py:3954} INFO - Setting next_dagrun for example_trigger_controller_dag to 2021-01-01 00:00:00+00:00, run_after=2021-01-01 00:00:00+00:00
[2025-06-05T19:03:03.272+0200] {processor.py:183} INFO - Processing /home/leoja/airflow/airflow_venv/lib/python3.12/site-packages/airflow/example_dags/example_trigger_controller_dag.py took 0.175 seconds
[2025-06-05T19:03:52.714+0200] {processor.py:161} INFO - Started process (PID=541751) to work on /home/leoja/airflow/airflow_venv/lib/python3.12/site-packages/airflow/example_dags/example_trigger_controller_dag.py
[2025-06-05T19:03:52.716+0200] {processor.py:830} INFO - Processing file /home/leoja/airflow/airflow_venv/lib/python3.12/site-packages/airflow/example_dags/example_trigger_controller_dag.py for tasks to queue
[2025-06-05T19:03:52.718+0200] {logging_mixin.py:188} INFO - [2025-06-05T19:03:52.717+0200] {dagbag.py:540} INFO - Filling up the DagBag from /home/leoja/airflow/airflow_venv/lib/python3.12/site-packages/airflow/example_dags/example_trigger_controller_dag.py
[2025-06-05T19:03:52.721+0200] {processor.py:840} INFO - DAG(s) 'example_trigger_controller_dag' retrieved from /home/leoja/airflow/airflow_venv/lib/python3.12/site-packages/airflow/example_dags/example_trigger_controller_dag.py
[2025-06-05T19:03:52.734+0200] {logging_mixin.py:188} INFO - [2025-06-05T19:03:52.734+0200] {dag.py:3096} INFO - Sync 1 DAGs
[2025-06-05T19:03:52.748+0200] {logging_mixin.py:188} INFO - [2025-06-05T19:03:52.747+0200] {dag.py:3954} INFO - Setting next_dagrun for example_trigger_controller_dag to 2021-01-01 00:00:00+00:00, run_after=2021-01-01 00:00:00+00:00
[2025-06-05T19:03:52.872+0200] {processor.py:183} INFO - Processing /home/leoja/airflow/airflow_venv/lib/python3.12/site-packages/airflow/example_dags/example_trigger_controller_dag.py took 0.164 seconds
[2025-06-05T19:05:04.116+0200] {processor.py:161} INFO - Started process (PID=542194) to work on /home/leoja/airflow/airflow_venv/lib/python3.12/site-packages/airflow/example_dags/example_trigger_controller_dag.py
[2025-06-05T19:05:04.117+0200] {processor.py:830} INFO - Processing file /home/leoja/airflow/airflow_venv/lib/python3.12/site-packages/airflow/example_dags/example_trigger_controller_dag.py for tasks to queue
[2025-06-05T19:05:04.119+0200] {logging_mixin.py:188} INFO - [2025-06-05T19:05:04.118+0200] {dagbag.py:540} INFO - Filling up the DagBag from /home/leoja/airflow/airflow_venv/lib/python3.12/site-packages/airflow/example_dags/example_trigger_controller_dag.py
[2025-06-05T19:05:04.122+0200] {processor.py:840} INFO - DAG(s) 'example_trigger_controller_dag' retrieved from /home/leoja/airflow/airflow_venv/lib/python3.12/site-packages/airflow/example_dags/example_trigger_controller_dag.py
[2025-06-05T19:05:04.134+0200] {logging_mixin.py:188} INFO - [2025-06-05T19:05:04.134+0200] {dag.py:3096} INFO - Sync 1 DAGs
[2025-06-05T19:05:04.245+0200] {logging_mixin.py:188} INFO - [2025-06-05T19:05:04.245+0200] {dag.py:3954} INFO - Setting next_dagrun for example_trigger_controller_dag to 2021-01-01 00:00:00+00:00, run_after=2021-01-01 00:00:00+00:00
[2025-06-05T19:05:04.267+0200] {processor.py:183} INFO - Processing /home/leoja/airflow/airflow_venv/lib/python3.12/site-packages/airflow/example_dags/example_trigger_controller_dag.py took 0.158 seconds
[2025-06-05T19:06:12.904+0200] {processor.py:161} INFO - Started process (PID=542442) to work on /home/leoja/airflow/airflow_venv/lib/python3.12/site-packages/airflow/example_dags/example_trigger_controller_dag.py
[2025-06-05T19:06:12.906+0200] {processor.py:830} INFO - Processing file /home/leoja/airflow/airflow_venv/lib/python3.12/site-packages/airflow/example_dags/example_trigger_controller_dag.py for tasks to queue
[2025-06-05T19:06:12.907+0200] {logging_mixin.py:188} INFO - [2025-06-05T19:06:12.907+0200] {dagbag.py:540} INFO - Filling up the DagBag from /home/leoja/airflow/airflow_venv/lib/python3.12/site-packages/airflow/example_dags/example_trigger_controller_dag.py
[2025-06-05T19:06:12.911+0200] {processor.py:840} INFO - DAG(s) 'example_trigger_controller_dag' retrieved from /home/leoja/airflow/airflow_venv/lib/python3.12/site-packages/airflow/example_dags/example_trigger_controller_dag.py
[2025-06-05T19:06:12.922+0200] {logging_mixin.py:188} INFO - [2025-06-05T19:06:12.922+0200] {dag.py:3096} INFO - Sync 1 DAGs
[2025-06-05T19:06:12.934+0200] {logging_mixin.py:188} INFO - [2025-06-05T19:06:12.933+0200] {dag.py:3954} INFO - Setting next_dagrun for example_trigger_controller_dag to 2021-01-01 00:00:00+00:00, run_after=2021-01-01 00:00:00+00:00
[2025-06-05T19:06:12.956+0200] {processor.py:183} INFO - Processing /home/leoja/airflow/airflow_venv/lib/python3.12/site-packages/airflow/example_dags/example_trigger_controller_dag.py took 0.059 seconds
[2025-06-05T19:07:11.743+0200] {processor.py:161} INFO - Started process (PID=542652) to work on /home/leoja/airflow/airflow_venv/lib/python3.12/site-packages/airflow/example_dags/example_trigger_controller_dag.py
[2025-06-05T19:07:11.746+0200] {processor.py:830} INFO - Processing file /home/leoja/airflow/airflow_venv/lib/python3.12/site-packages/airflow/example_dags/example_trigger_controller_dag.py for tasks to queue
[2025-06-05T19:07:11.747+0200] {logging_mixin.py:188} INFO - [2025-06-05T19:07:11.747+0200] {dagbag.py:540} INFO - Filling up the DagBag from /home/leoja/airflow/airflow_venv/lib/python3.12/site-packages/airflow/example_dags/example_trigger_controller_dag.py
[2025-06-05T19:07:11.751+0200] {processor.py:840} INFO - DAG(s) 'example_trigger_controller_dag' retrieved from /home/leoja/airflow/airflow_venv/lib/python3.12/site-packages/airflow/example_dags/example_trigger_controller_dag.py
[2025-06-05T19:07:11.766+0200] {logging_mixin.py:188} INFO - [2025-06-05T19:07:11.766+0200] {dag.py:3096} INFO - Sync 1 DAGs
[2025-06-05T19:07:11.782+0200] {logging_mixin.py:188} INFO - [2025-06-05T19:07:11.781+0200] {dag.py:3954} INFO - Setting next_dagrun for example_trigger_controller_dag to 2021-01-01 00:00:00+00:00, run_after=2021-01-01 00:00:00+00:00
[2025-06-05T19:07:11.799+0200] {processor.py:183} INFO - Processing /home/leoja/airflow/airflow_venv/lib/python3.12/site-packages/airflow/example_dags/example_trigger_controller_dag.py took 0.062 seconds
[2025-06-05T19:08:13.207+0200] {processor.py:161} INFO - Started process (PID=543095) to work on /home/leoja/airflow/airflow_venv/lib/python3.12/site-packages/airflow/example_dags/example_trigger_controller_dag.py
[2025-06-05T19:08:13.209+0200] {processor.py:830} INFO - Processing file /home/leoja/airflow/airflow_venv/lib/python3.12/site-packages/airflow/example_dags/example_trigger_controller_dag.py for tasks to queue
[2025-06-05T19:08:13.211+0200] {logging_mixin.py:188} INFO - [2025-06-05T19:08:13.211+0200] {dagbag.py:540} INFO - Filling up the DagBag from /home/leoja/airflow/airflow_venv/lib/python3.12/site-packages/airflow/example_dags/example_trigger_controller_dag.py
[2025-06-05T19:08:13.215+0200] {processor.py:840} INFO - DAG(s) 'example_trigger_controller_dag' retrieved from /home/leoja/airflow/airflow_venv/lib/python3.12/site-packages/airflow/example_dags/example_trigger_controller_dag.py
[2025-06-05T19:08:13.228+0200] {logging_mixin.py:188} INFO - [2025-06-05T19:08:13.227+0200] {dag.py:3096} INFO - Sync 1 DAGs
[2025-06-05T19:08:13.241+0200] {logging_mixin.py:188} INFO - [2025-06-05T19:08:13.241+0200] {dag.py:3954} INFO - Setting next_dagrun for example_trigger_controller_dag to 2021-01-01 00:00:00+00:00, run_after=2021-01-01 00:00:00+00:00
[2025-06-05T19:08:13.261+0200] {processor.py:183} INFO - Processing /home/leoja/airflow/airflow_venv/lib/python3.12/site-packages/airflow/example_dags/example_trigger_controller_dag.py took 0.060 seconds
[2025-06-05T19:10:08.345+0200] {processor.py:161} INFO - Started process (PID=544249) to work on /home/leoja/airflow/airflow_venv/lib/python3.12/site-packages/airflow/example_dags/example_trigger_controller_dag.py
[2025-06-05T19:10:08.351+0200] {processor.py:830} INFO - Processing file /home/leoja/airflow/airflow_venv/lib/python3.12/site-packages/airflow/example_dags/example_trigger_controller_dag.py for tasks to queue
[2025-06-05T19:10:08.353+0200] {logging_mixin.py:188} INFO - [2025-06-05T19:10:08.353+0200] {dagbag.py:540} INFO - Filling up the DagBag from /home/leoja/airflow/airflow_venv/lib/python3.12/site-packages/airflow/example_dags/example_trigger_controller_dag.py
[2025-06-05T19:10:08.357+0200] {processor.py:840} INFO - DAG(s) 'example_trigger_controller_dag' retrieved from /home/leoja/airflow/airflow_venv/lib/python3.12/site-packages/airflow/example_dags/example_trigger_controller_dag.py
[2025-06-05T19:10:08.372+0200] {logging_mixin.py:188} INFO - [2025-06-05T19:10:08.371+0200] {dag.py:3096} INFO - Sync 1 DAGs
[2025-06-05T19:10:08.391+0200] {logging_mixin.py:188} INFO - [2025-06-05T19:10:08.391+0200] {dag.py:3954} INFO - Setting next_dagrun for example_trigger_controller_dag to 2021-01-01 00:00:00+00:00, run_after=2021-01-01 00:00:00+00:00
[2025-06-05T19:10:08.417+0200] {processor.py:183} INFO - Processing /home/leoja/airflow/airflow_venv/lib/python3.12/site-packages/airflow/example_dags/example_trigger_controller_dag.py took 0.080 seconds
[2025-06-05T19:10:57.477+0200] {processor.py:161} INFO - Started process (PID=544569) to work on /home/leoja/airflow/airflow_venv/lib/python3.12/site-packages/airflow/example_dags/example_trigger_controller_dag.py
[2025-06-05T19:10:57.478+0200] {processor.py:830} INFO - Processing file /home/leoja/airflow/airflow_venv/lib/python3.12/site-packages/airflow/example_dags/example_trigger_controller_dag.py for tasks to queue
[2025-06-05T19:10:57.479+0200] {logging_mixin.py:188} INFO - [2025-06-05T19:10:57.479+0200] {dagbag.py:540} INFO - Filling up the DagBag from /home/leoja/airflow/airflow_venv/lib/python3.12/site-packages/airflow/example_dags/example_trigger_controller_dag.py
[2025-06-05T19:10:57.483+0200] {processor.py:840} INFO - DAG(s) 'example_trigger_controller_dag' retrieved from /home/leoja/airflow/airflow_venv/lib/python3.12/site-packages/airflow/example_dags/example_trigger_controller_dag.py
[2025-06-05T19:10:57.496+0200] {logging_mixin.py:188} INFO - [2025-06-05T19:10:57.496+0200] {dag.py:3096} INFO - Sync 1 DAGs
[2025-06-05T19:10:57.509+0200] {logging_mixin.py:188} INFO - [2025-06-05T19:10:57.509+0200] {dag.py:3954} INFO - Setting next_dagrun for example_trigger_controller_dag to 2021-01-01 00:00:00+00:00, run_after=2021-01-01 00:00:00+00:00
[2025-06-05T19:10:57.537+0200] {processor.py:183} INFO - Processing /home/leoja/airflow/airflow_venv/lib/python3.12/site-packages/airflow/example_dags/example_trigger_controller_dag.py took 0.067 seconds
[2025-06-05T19:11:58.402+0200] {processor.py:161} INFO - Started process (PID=544918) to work on /home/leoja/airflow/airflow_venv/lib/python3.12/site-packages/airflow/example_dags/example_trigger_controller_dag.py
[2025-06-05T19:11:58.404+0200] {processor.py:830} INFO - Processing file /home/leoja/airflow/airflow_venv/lib/python3.12/site-packages/airflow/example_dags/example_trigger_controller_dag.py for tasks to queue
[2025-06-05T19:11:58.406+0200] {logging_mixin.py:188} INFO - [2025-06-05T19:11:58.406+0200] {dagbag.py:540} INFO - Filling up the DagBag from /home/leoja/airflow/airflow_venv/lib/python3.12/site-packages/airflow/example_dags/example_trigger_controller_dag.py
[2025-06-05T19:11:58.410+0200] {processor.py:840} INFO - DAG(s) 'example_trigger_controller_dag' retrieved from /home/leoja/airflow/airflow_venv/lib/python3.12/site-packages/airflow/example_dags/example_trigger_controller_dag.py
[2025-06-05T19:11:58.423+0200] {logging_mixin.py:188} INFO - [2025-06-05T19:11:58.423+0200] {dag.py:3096} INFO - Sync 1 DAGs
[2025-06-05T19:11:58.437+0200] {logging_mixin.py:188} INFO - [2025-06-05T19:11:58.436+0200] {dag.py:3954} INFO - Setting next_dagrun for example_trigger_controller_dag to 2021-01-01 00:00:00+00:00, run_after=2021-01-01 00:00:00+00:00
[2025-06-05T19:11:58.458+0200] {processor.py:183} INFO - Processing /home/leoja/airflow/airflow_venv/lib/python3.12/site-packages/airflow/example_dags/example_trigger_controller_dag.py took 0.062 seconds
[2025-06-05T19:13:02.246+0200] {processor.py:161} INFO - Started process (PID=545259) to work on /home/leoja/airflow/airflow_venv/lib/python3.12/site-packages/airflow/example_dags/example_trigger_controller_dag.py
[2025-06-05T19:13:02.247+0200] {processor.py:830} INFO - Processing file /home/leoja/airflow/airflow_venv/lib/python3.12/site-packages/airflow/example_dags/example_trigger_controller_dag.py for tasks to queue
[2025-06-05T19:13:02.249+0200] {logging_mixin.py:188} INFO - [2025-06-05T19:13:02.248+0200] {dagbag.py:540} INFO - Filling up the DagBag from /home/leoja/airflow/airflow_venv/lib/python3.12/site-packages/airflow/example_dags/example_trigger_controller_dag.py
[2025-06-05T19:13:02.255+0200] {processor.py:840} INFO - DAG(s) 'example_trigger_controller_dag' retrieved from /home/leoja/airflow/airflow_venv/lib/python3.12/site-packages/airflow/example_dags/example_trigger_controller_dag.py
[2025-06-05T19:13:02.269+0200] {logging_mixin.py:188} INFO - [2025-06-05T19:13:02.269+0200] {dag.py:3096} INFO - Sync 1 DAGs
[2025-06-05T19:13:02.282+0200] {logging_mixin.py:188} INFO - [2025-06-05T19:13:02.282+0200] {dag.py:3954} INFO - Setting next_dagrun for example_trigger_controller_dag to 2021-01-01 00:00:00+00:00, run_after=2021-01-01 00:00:00+00:00
[2025-06-05T19:13:02.305+0200] {processor.py:183} INFO - Processing /home/leoja/airflow/airflow_venv/lib/python3.12/site-packages/airflow/example_dags/example_trigger_controller_dag.py took 0.066 seconds
[2025-06-05T19:14:03.501+0200] {processor.py:161} INFO - Started process (PID=545645) to work on /home/leoja/airflow/airflow_venv/lib/python3.12/site-packages/airflow/example_dags/example_trigger_controller_dag.py
[2025-06-05T19:14:03.502+0200] {processor.py:830} INFO - Processing file /home/leoja/airflow/airflow_venv/lib/python3.12/site-packages/airflow/example_dags/example_trigger_controller_dag.py for tasks to queue
[2025-06-05T19:14:03.504+0200] {logging_mixin.py:188} INFO - [2025-06-05T19:14:03.504+0200] {dagbag.py:540} INFO - Filling up the DagBag from /home/leoja/airflow/airflow_venv/lib/python3.12/site-packages/airflow/example_dags/example_trigger_controller_dag.py
[2025-06-05T19:14:03.508+0200] {processor.py:840} INFO - DAG(s) 'example_trigger_controller_dag' retrieved from /home/leoja/airflow/airflow_venv/lib/python3.12/site-packages/airflow/example_dags/example_trigger_controller_dag.py
[2025-06-05T19:14:03.519+0200] {logging_mixin.py:188} INFO - [2025-06-05T19:14:03.518+0200] {dag.py:3096} INFO - Sync 1 DAGs
[2025-06-05T19:14:03.531+0200] {logging_mixin.py:188} INFO - [2025-06-05T19:14:03.531+0200] {dag.py:3954} INFO - Setting next_dagrun for example_trigger_controller_dag to 2021-01-01 00:00:00+00:00, run_after=2021-01-01 00:00:00+00:00
[2025-06-05T19:14:03.550+0200] {processor.py:183} INFO - Processing /home/leoja/airflow/airflow_venv/lib/python3.12/site-packages/airflow/example_dags/example_trigger_controller_dag.py took 0.055 seconds
[2025-06-05T19:15:08.125+0200] {processor.py:161} INFO - Started process (PID=546070) to work on /home/leoja/airflow/airflow_venv/lib/python3.12/site-packages/airflow/example_dags/example_trigger_controller_dag.py
[2025-06-05T19:15:08.127+0200] {processor.py:830} INFO - Processing file /home/leoja/airflow/airflow_venv/lib/python3.12/site-packages/airflow/example_dags/example_trigger_controller_dag.py for tasks to queue
[2025-06-05T19:15:08.129+0200] {logging_mixin.py:188} INFO - [2025-06-05T19:15:08.128+0200] {dagbag.py:540} INFO - Filling up the DagBag from /home/leoja/airflow/airflow_venv/lib/python3.12/site-packages/airflow/example_dags/example_trigger_controller_dag.py
[2025-06-05T19:15:08.133+0200] {processor.py:840} INFO - DAG(s) 'example_trigger_controller_dag' retrieved from /home/leoja/airflow/airflow_venv/lib/python3.12/site-packages/airflow/example_dags/example_trigger_controller_dag.py
[2025-06-05T19:15:08.146+0200] {logging_mixin.py:188} INFO - [2025-06-05T19:15:08.145+0200] {dag.py:3096} INFO - Sync 1 DAGs
[2025-06-05T19:15:08.158+0200] {logging_mixin.py:188} INFO - [2025-06-05T19:15:08.158+0200] {dag.py:3954} INFO - Setting next_dagrun for example_trigger_controller_dag to 2021-01-01 00:00:00+00:00, run_after=2021-01-01 00:00:00+00:00
[2025-06-05T19:15:08.180+0200] {processor.py:183} INFO - Processing /home/leoja/airflow/airflow_venv/lib/python3.12/site-packages/airflow/example_dags/example_trigger_controller_dag.py took 0.060 seconds
[2025-06-05T19:16:09.823+0200] {processor.py:161} INFO - Started process (PID=546508) to work on /home/leoja/airflow/airflow_venv/lib/python3.12/site-packages/airflow/example_dags/example_trigger_controller_dag.py
[2025-06-05T19:16:09.825+0200] {processor.py:830} INFO - Processing file /home/leoja/airflow/airflow_venv/lib/python3.12/site-packages/airflow/example_dags/example_trigger_controller_dag.py for tasks to queue
[2025-06-05T19:16:09.826+0200] {logging_mixin.py:188} INFO - [2025-06-05T19:16:09.826+0200] {dagbag.py:540} INFO - Filling up the DagBag from /home/leoja/airflow/airflow_venv/lib/python3.12/site-packages/airflow/example_dags/example_trigger_controller_dag.py
[2025-06-05T19:16:09.830+0200] {processor.py:840} INFO - DAG(s) 'example_trigger_controller_dag' retrieved from /home/leoja/airflow/airflow_venv/lib/python3.12/site-packages/airflow/example_dags/example_trigger_controller_dag.py
[2025-06-05T19:16:09.842+0200] {logging_mixin.py:188} INFO - [2025-06-05T19:16:09.842+0200] {dag.py:3096} INFO - Sync 1 DAGs
[2025-06-05T19:16:09.855+0200] {logging_mixin.py:188} INFO - [2025-06-05T19:16:09.854+0200] {dag.py:3954} INFO - Setting next_dagrun for example_trigger_controller_dag to 2021-01-01 00:00:00+00:00, run_after=2021-01-01 00:00:00+00:00
[2025-06-05T19:16:09.873+0200] {processor.py:183} INFO - Processing /home/leoja/airflow/airflow_venv/lib/python3.12/site-packages/airflow/example_dags/example_trigger_controller_dag.py took 0.056 seconds
[2025-06-05T19:17:16.831+0200] {processor.py:161} INFO - Started process (PID=547408) to work on /home/leoja/airflow/airflow_venv/lib/python3.12/site-packages/airflow/example_dags/example_trigger_controller_dag.py
[2025-06-05T19:17:16.833+0200] {processor.py:830} INFO - Processing file /home/leoja/airflow/airflow_venv/lib/python3.12/site-packages/airflow/example_dags/example_trigger_controller_dag.py for tasks to queue
[2025-06-05T19:17:16.835+0200] {logging_mixin.py:188} INFO - [2025-06-05T19:17:16.834+0200] {dagbag.py:540} INFO - Filling up the DagBag from /home/leoja/airflow/airflow_venv/lib/python3.12/site-packages/airflow/example_dags/example_trigger_controller_dag.py
[2025-06-05T19:17:16.838+0200] {processor.py:840} INFO - DAG(s) 'example_trigger_controller_dag' retrieved from /home/leoja/airflow/airflow_venv/lib/python3.12/site-packages/airflow/example_dags/example_trigger_controller_dag.py
[2025-06-05T19:17:16.849+0200] {logging_mixin.py:188} INFO - [2025-06-05T19:17:16.848+0200] {dag.py:3096} INFO - Sync 1 DAGs
[2025-06-05T19:17:16.860+0200] {logging_mixin.py:188} INFO - [2025-06-05T19:17:16.860+0200] {dag.py:3954} INFO - Setting next_dagrun for example_trigger_controller_dag to 2021-01-01 00:00:00+00:00, run_after=2021-01-01 00:00:00+00:00
[2025-06-05T19:17:16.879+0200] {processor.py:183} INFO - Processing /home/leoja/airflow/airflow_venv/lib/python3.12/site-packages/airflow/example_dags/example_trigger_controller_dag.py took 0.053 seconds
[2025-06-05T19:18:11.734+0200] {processor.py:161} INFO - Started process (PID=547725) to work on /home/leoja/airflow/airflow_venv/lib/python3.12/site-packages/airflow/example_dags/example_trigger_controller_dag.py
[2025-06-05T19:18:11.736+0200] {processor.py:830} INFO - Processing file /home/leoja/airflow/airflow_venv/lib/python3.12/site-packages/airflow/example_dags/example_trigger_controller_dag.py for tasks to queue
[2025-06-05T19:18:11.738+0200] {logging_mixin.py:188} INFO - [2025-06-05T19:18:11.737+0200] {dagbag.py:540} INFO - Filling up the DagBag from /home/leoja/airflow/airflow_venv/lib/python3.12/site-packages/airflow/example_dags/example_trigger_controller_dag.py
[2025-06-05T19:18:11.742+0200] {processor.py:840} INFO - DAG(s) 'example_trigger_controller_dag' retrieved from /home/leoja/airflow/airflow_venv/lib/python3.12/site-packages/airflow/example_dags/example_trigger_controller_dag.py
[2025-06-05T19:18:11.756+0200] {logging_mixin.py:188} INFO - [2025-06-05T19:18:11.756+0200] {dag.py:3096} INFO - Sync 1 DAGs
[2025-06-05T19:18:11.772+0200] {logging_mixin.py:188} INFO - [2025-06-05T19:18:11.772+0200] {dag.py:3954} INFO - Setting next_dagrun for example_trigger_controller_dag to 2021-01-01 00:00:00+00:00, run_after=2021-01-01 00:00:00+00:00
[2025-06-05T19:18:11.792+0200] {processor.py:183} INFO - Processing /home/leoja/airflow/airflow_venv/lib/python3.12/site-packages/airflow/example_dags/example_trigger_controller_dag.py took 0.064 seconds
[2025-06-05T19:19:16.173+0200] {processor.py:161} INFO - Started process (PID=548135) to work on /home/leoja/airflow/airflow_venv/lib/python3.12/site-packages/airflow/example_dags/example_trigger_controller_dag.py
[2025-06-05T19:19:16.175+0200] {processor.py:830} INFO - Processing file /home/leoja/airflow/airflow_venv/lib/python3.12/site-packages/airflow/example_dags/example_trigger_controller_dag.py for tasks to queue
[2025-06-05T19:19:16.177+0200] {logging_mixin.py:188} INFO - [2025-06-05T19:19:16.177+0200] {dagbag.py:540} INFO - Filling up the DagBag from /home/leoja/airflow/airflow_venv/lib/python3.12/site-packages/airflow/example_dags/example_trigger_controller_dag.py
[2025-06-05T19:19:16.181+0200] {processor.py:840} INFO - DAG(s) 'example_trigger_controller_dag' retrieved from /home/leoja/airflow/airflow_venv/lib/python3.12/site-packages/airflow/example_dags/example_trigger_controller_dag.py
[2025-06-05T19:19:16.196+0200] {logging_mixin.py:188} INFO - [2025-06-05T19:19:16.196+0200] {dag.py:3096} INFO - Sync 1 DAGs
[2025-06-05T19:19:16.212+0200] {logging_mixin.py:188} INFO - [2025-06-05T19:19:16.211+0200] {dag.py:3954} INFO - Setting next_dagrun for example_trigger_controller_dag to 2021-01-01 00:00:00+00:00, run_after=2021-01-01 00:00:00+00:00
[2025-06-05T19:19:16.232+0200] {processor.py:183} INFO - Processing /home/leoja/airflow/airflow_venv/lib/python3.12/site-packages/airflow/example_dags/example_trigger_controller_dag.py took 0.068 seconds
[2025-06-05T19:20:14.981+0200] {processor.py:161} INFO - Started process (PID=548515) to work on /home/leoja/airflow/airflow_venv/lib/python3.12/site-packages/airflow/example_dags/example_trigger_controller_dag.py
[2025-06-05T19:20:14.982+0200] {processor.py:830} INFO - Processing file /home/leoja/airflow/airflow_venv/lib/python3.12/site-packages/airflow/example_dags/example_trigger_controller_dag.py for tasks to queue
[2025-06-05T19:20:14.984+0200] {logging_mixin.py:188} INFO - [2025-06-05T19:20:14.983+0200] {dagbag.py:540} INFO - Filling up the DagBag from /home/leoja/airflow/airflow_venv/lib/python3.12/site-packages/airflow/example_dags/example_trigger_controller_dag.py
[2025-06-05T19:20:14.988+0200] {processor.py:840} INFO - DAG(s) 'example_trigger_controller_dag' retrieved from /home/leoja/airflow/airflow_venv/lib/python3.12/site-packages/airflow/example_dags/example_trigger_controller_dag.py
[2025-06-05T19:20:15.001+0200] {logging_mixin.py:188} INFO - [2025-06-05T19:20:15.001+0200] {dag.py:3096} INFO - Sync 1 DAGs
[2025-06-05T19:20:15.016+0200] {logging_mixin.py:188} INFO - [2025-06-05T19:20:15.016+0200] {dag.py:3954} INFO - Setting next_dagrun for example_trigger_controller_dag to 2021-01-01 00:00:00+00:00, run_after=2021-01-01 00:00:00+00:00
[2025-06-05T19:20:15.039+0200] {processor.py:183} INFO - Processing /home/leoja/airflow/airflow_venv/lib/python3.12/site-packages/airflow/example_dags/example_trigger_controller_dag.py took 0.064 seconds
[2025-06-05T19:21:17.741+0200] {processor.py:161} INFO - Started process (PID=548894) to work on /home/leoja/airflow/airflow_venv/lib/python3.12/site-packages/airflow/example_dags/example_trigger_controller_dag.py
[2025-06-05T19:21:17.743+0200] {processor.py:830} INFO - Processing file /home/leoja/airflow/airflow_venv/lib/python3.12/site-packages/airflow/example_dags/example_trigger_controller_dag.py for tasks to queue
[2025-06-05T19:21:17.745+0200] {logging_mixin.py:188} INFO - [2025-06-05T19:21:17.744+0200] {dagbag.py:540} INFO - Filling up the DagBag from /home/leoja/airflow/airflow_venv/lib/python3.12/site-packages/airflow/example_dags/example_trigger_controller_dag.py
[2025-06-05T19:21:17.749+0200] {processor.py:840} INFO - DAG(s) 'example_trigger_controller_dag' retrieved from /home/leoja/airflow/airflow_venv/lib/python3.12/site-packages/airflow/example_dags/example_trigger_controller_dag.py
[2025-06-05T19:21:17.762+0200] {logging_mixin.py:188} INFO - [2025-06-05T19:21:17.762+0200] {dag.py:3096} INFO - Sync 1 DAGs
[2025-06-05T19:21:17.776+0200] {logging_mixin.py:188} INFO - [2025-06-05T19:21:17.776+0200] {dag.py:3954} INFO - Setting next_dagrun for example_trigger_controller_dag to 2021-01-01 00:00:00+00:00, run_after=2021-01-01 00:00:00+00:00
[2025-06-05T19:21:17.800+0200] {processor.py:183} INFO - Processing /home/leoja/airflow/airflow_venv/lib/python3.12/site-packages/airflow/example_dags/example_trigger_controller_dag.py took 0.066 seconds
[2025-06-05T19:22:19.627+0200] {processor.py:161} INFO - Started process (PID=549242) to work on /home/leoja/airflow/airflow_venv/lib/python3.12/site-packages/airflow/example_dags/example_trigger_controller_dag.py
[2025-06-05T19:22:19.633+0200] {processor.py:830} INFO - Processing file /home/leoja/airflow/airflow_venv/lib/python3.12/site-packages/airflow/example_dags/example_trigger_controller_dag.py for tasks to queue
[2025-06-05T19:22:19.636+0200] {logging_mixin.py:188} INFO - [2025-06-05T19:22:19.635+0200] {dagbag.py:540} INFO - Filling up the DagBag from /home/leoja/airflow/airflow_venv/lib/python3.12/site-packages/airflow/example_dags/example_trigger_controller_dag.py
[2025-06-05T19:22:19.642+0200] {processor.py:840} INFO - DAG(s) 'example_trigger_controller_dag' retrieved from /home/leoja/airflow/airflow_venv/lib/python3.12/site-packages/airflow/example_dags/example_trigger_controller_dag.py
[2025-06-05T19:22:19.702+0200] {logging_mixin.py:188} INFO - [2025-06-05T19:22:19.691+0200] {dag.py:3096} INFO - Sync 1 DAGs
[2025-06-05T19:22:19.744+0200] {logging_mixin.py:188} INFO - [2025-06-05T19:22:19.744+0200] {dag.py:3954} INFO - Setting next_dagrun for example_trigger_controller_dag to 2021-01-01 00:00:00+00:00, run_after=2021-01-01 00:00:00+00:00
[2025-06-05T19:22:19.770+0200] {processor.py:183} INFO - Processing /home/leoja/airflow/airflow_venv/lib/python3.12/site-packages/airflow/example_dags/example_trigger_controller_dag.py took 0.150 seconds
[2025-06-05T19:23:24.655+0200] {processor.py:161} INFO - Started process (PID=549580) to work on /home/leoja/airflow/airflow_venv/lib/python3.12/site-packages/airflow/example_dags/example_trigger_controller_dag.py
[2025-06-05T19:23:24.658+0200] {processor.py:830} INFO - Processing file /home/leoja/airflow/airflow_venv/lib/python3.12/site-packages/airflow/example_dags/example_trigger_controller_dag.py for tasks to queue
[2025-06-05T19:23:24.659+0200] {logging_mixin.py:188} INFO - [2025-06-05T19:23:24.659+0200] {dagbag.py:540} INFO - Filling up the DagBag from /home/leoja/airflow/airflow_venv/lib/python3.12/site-packages/airflow/example_dags/example_trigger_controller_dag.py
[2025-06-05T19:23:24.663+0200] {processor.py:840} INFO - DAG(s) 'example_trigger_controller_dag' retrieved from /home/leoja/airflow/airflow_venv/lib/python3.12/site-packages/airflow/example_dags/example_trigger_controller_dag.py
[2025-06-05T19:23:24.675+0200] {logging_mixin.py:188} INFO - [2025-06-05T19:23:24.674+0200] {dag.py:3096} INFO - Sync 1 DAGs
[2025-06-05T19:23:24.686+0200] {logging_mixin.py:188} INFO - [2025-06-05T19:23:24.686+0200] {dag.py:3954} INFO - Setting next_dagrun for example_trigger_controller_dag to 2021-01-01 00:00:00+00:00, run_after=2021-01-01 00:00:00+00:00
[2025-06-05T19:23:24.704+0200] {processor.py:183} INFO - Processing /home/leoja/airflow/airflow_venv/lib/python3.12/site-packages/airflow/example_dags/example_trigger_controller_dag.py took 0.055 seconds
[2025-06-05T19:24:26.201+0200] {processor.py:161} INFO - Started process (PID=549947) to work on /home/leoja/airflow/airflow_venv/lib/python3.12/site-packages/airflow/example_dags/example_trigger_controller_dag.py
[2025-06-05T19:24:26.202+0200] {processor.py:830} INFO - Processing file /home/leoja/airflow/airflow_venv/lib/python3.12/site-packages/airflow/example_dags/example_trigger_controller_dag.py for tasks to queue
[2025-06-05T19:24:26.203+0200] {logging_mixin.py:188} INFO - [2025-06-05T19:24:26.203+0200] {dagbag.py:540} INFO - Filling up the DagBag from /home/leoja/airflow/airflow_venv/lib/python3.12/site-packages/airflow/example_dags/example_trigger_controller_dag.py
[2025-06-05T19:24:26.207+0200] {processor.py:840} INFO - DAG(s) 'example_trigger_controller_dag' retrieved from /home/leoja/airflow/airflow_venv/lib/python3.12/site-packages/airflow/example_dags/example_trigger_controller_dag.py
[2025-06-05T19:24:26.220+0200] {logging_mixin.py:188} INFO - [2025-06-05T19:24:26.220+0200] {dag.py:3096} INFO - Sync 1 DAGs
[2025-06-05T19:24:26.233+0200] {logging_mixin.py:188} INFO - [2025-06-05T19:24:26.232+0200] {dag.py:3954} INFO - Setting next_dagrun for example_trigger_controller_dag to 2021-01-01 00:00:00+00:00, run_after=2021-01-01 00:00:00+00:00
[2025-06-05T19:24:26.251+0200] {processor.py:183} INFO - Processing /home/leoja/airflow/airflow_venv/lib/python3.12/site-packages/airflow/example_dags/example_trigger_controller_dag.py took 0.057 seconds
[2025-06-05T19:25:28.039+0200] {processor.py:161} INFO - Started process (PID=550389) to work on /home/leoja/airflow/airflow_venv/lib/python3.12/site-packages/airflow/example_dags/example_trigger_controller_dag.py
[2025-06-05T19:25:28.041+0200] {processor.py:830} INFO - Processing file /home/leoja/airflow/airflow_venv/lib/python3.12/site-packages/airflow/example_dags/example_trigger_controller_dag.py for tasks to queue
[2025-06-05T19:25:28.042+0200] {logging_mixin.py:188} INFO - [2025-06-05T19:25:28.042+0200] {dagbag.py:540} INFO - Filling up the DagBag from /home/leoja/airflow/airflow_venv/lib/python3.12/site-packages/airflow/example_dags/example_trigger_controller_dag.py
[2025-06-05T19:25:28.045+0200] {processor.py:840} INFO - DAG(s) 'example_trigger_controller_dag' retrieved from /home/leoja/airflow/airflow_venv/lib/python3.12/site-packages/airflow/example_dags/example_trigger_controller_dag.py
[2025-06-05T19:25:28.057+0200] {logging_mixin.py:188} INFO - [2025-06-05T19:25:28.056+0200] {dag.py:3096} INFO - Sync 1 DAGs
[2025-06-05T19:25:28.068+0200] {logging_mixin.py:188} INFO - [2025-06-05T19:25:28.068+0200] {dag.py:3954} INFO - Setting next_dagrun for example_trigger_controller_dag to 2021-01-01 00:00:00+00:00, run_after=2021-01-01 00:00:00+00:00
[2025-06-05T19:25:28.089+0200] {processor.py:183} INFO - Processing /home/leoja/airflow/airflow_venv/lib/python3.12/site-packages/airflow/example_dags/example_trigger_controller_dag.py took 0.056 seconds
[2025-06-05T19:26:27.492+0200] {processor.py:161} INFO - Started process (PID=550687) to work on /home/leoja/airflow/airflow_venv/lib/python3.12/site-packages/airflow/example_dags/example_trigger_controller_dag.py
[2025-06-05T19:26:27.494+0200] {processor.py:830} INFO - Processing file /home/leoja/airflow/airflow_venv/lib/python3.12/site-packages/airflow/example_dags/example_trigger_controller_dag.py for tasks to queue
[2025-06-05T19:26:27.495+0200] {logging_mixin.py:188} INFO - [2025-06-05T19:26:27.495+0200] {dagbag.py:540} INFO - Filling up the DagBag from /home/leoja/airflow/airflow_venv/lib/python3.12/site-packages/airflow/example_dags/example_trigger_controller_dag.py
[2025-06-05T19:26:27.499+0200] {processor.py:840} INFO - DAG(s) 'example_trigger_controller_dag' retrieved from /home/leoja/airflow/airflow_venv/lib/python3.12/site-packages/airflow/example_dags/example_trigger_controller_dag.py
[2025-06-05T19:26:27.510+0200] {logging_mixin.py:188} INFO - [2025-06-05T19:26:27.510+0200] {dag.py:3096} INFO - Sync 1 DAGs
[2025-06-05T19:26:27.521+0200] {logging_mixin.py:188} INFO - [2025-06-05T19:26:27.521+0200] {dag.py:3954} INFO - Setting next_dagrun for example_trigger_controller_dag to 2021-01-01 00:00:00+00:00, run_after=2021-01-01 00:00:00+00:00
[2025-06-05T19:26:27.542+0200] {processor.py:183} INFO - Processing /home/leoja/airflow/airflow_venv/lib/python3.12/site-packages/airflow/example_dags/example_trigger_controller_dag.py took 0.056 seconds
[2025-06-05T19:27:33.318+0200] {processor.py:161} INFO - Started process (PID=551134) to work on /home/leoja/airflow/airflow_venv/lib/python3.12/site-packages/airflow/example_dags/example_trigger_controller_dag.py
[2025-06-05T19:27:33.397+0200] {processor.py:830} INFO - Processing file /home/leoja/airflow/airflow_venv/lib/python3.12/site-packages/airflow/example_dags/example_trigger_controller_dag.py for tasks to queue
[2025-06-05T19:27:33.400+0200] {logging_mixin.py:188} INFO - [2025-06-05T19:27:33.399+0200] {dagbag.py:540} INFO - Filling up the DagBag from /home/leoja/airflow/airflow_venv/lib/python3.12/site-packages/airflow/example_dags/example_trigger_controller_dag.py
[2025-06-05T19:27:33.407+0200] {processor.py:840} INFO - DAG(s) 'example_trigger_controller_dag' retrieved from /home/leoja/airflow/airflow_venv/lib/python3.12/site-packages/airflow/example_dags/example_trigger_controller_dag.py
[2025-06-05T19:27:33.457+0200] {logging_mixin.py:188} INFO - [2025-06-05T19:27:33.457+0200] {dag.py:3096} INFO - Sync 1 DAGs
[2025-06-05T19:27:33.519+0200] {logging_mixin.py:188} INFO - [2025-06-05T19:27:33.519+0200] {dag.py:3954} INFO - Setting next_dagrun for example_trigger_controller_dag to 2021-01-01 00:00:00+00:00, run_after=2021-01-01 00:00:00+00:00
[2025-06-05T19:27:33.564+0200] {processor.py:183} INFO - Processing /home/leoja/airflow/airflow_venv/lib/python3.12/site-packages/airflow/example_dags/example_trigger_controller_dag.py took 0.265 seconds
[2025-06-05T19:28:23.651+0200] {processor.py:161} INFO - Started process (PID=552102) to work on /home/leoja/airflow/airflow_venv/lib/python3.12/site-packages/airflow/example_dags/example_trigger_controller_dag.py
[2025-06-05T19:28:23.652+0200] {processor.py:830} INFO - Processing file /home/leoja/airflow/airflow_venv/lib/python3.12/site-packages/airflow/example_dags/example_trigger_controller_dag.py for tasks to queue
[2025-06-05T19:28:23.654+0200] {logging_mixin.py:188} INFO - [2025-06-05T19:28:23.654+0200] {dagbag.py:540} INFO - Filling up the DagBag from /home/leoja/airflow/airflow_venv/lib/python3.12/site-packages/airflow/example_dags/example_trigger_controller_dag.py
[2025-06-05T19:28:23.659+0200] {processor.py:840} INFO - DAG(s) 'example_trigger_controller_dag' retrieved from /home/leoja/airflow/airflow_venv/lib/python3.12/site-packages/airflow/example_dags/example_trigger_controller_dag.py
[2025-06-05T19:28:23.671+0200] {logging_mixin.py:188} INFO - [2025-06-05T19:28:23.670+0200] {dag.py:3096} INFO - Sync 1 DAGs
[2025-06-05T19:28:23.686+0200] {logging_mixin.py:188} INFO - [2025-06-05T19:28:23.686+0200] {dag.py:3954} INFO - Setting next_dagrun for example_trigger_controller_dag to 2021-01-01 00:00:00+00:00, run_after=2021-01-01 00:00:00+00:00
[2025-06-05T19:28:23.708+0200] {processor.py:183} INFO - Processing /home/leoja/airflow/airflow_venv/lib/python3.12/site-packages/airflow/example_dags/example_trigger_controller_dag.py took 0.067 seconds
[2025-06-05T19:29:32.205+0200] {processor.py:161} INFO - Started process (PID=552602) to work on /home/leoja/airflow/airflow_venv/lib/python3.12/site-packages/airflow/example_dags/example_trigger_controller_dag.py
[2025-06-05T19:29:32.209+0200] {processor.py:830} INFO - Processing file /home/leoja/airflow/airflow_venv/lib/python3.12/site-packages/airflow/example_dags/example_trigger_controller_dag.py for tasks to queue
[2025-06-05T19:29:32.213+0200] {logging_mixin.py:188} INFO - [2025-06-05T19:29:32.211+0200] {dagbag.py:540} INFO - Filling up the DagBag from /home/leoja/airflow/airflow_venv/lib/python3.12/site-packages/airflow/example_dags/example_trigger_controller_dag.py
[2025-06-05T19:29:32.223+0200] {processor.py:840} INFO - DAG(s) 'example_trigger_controller_dag' retrieved from /home/leoja/airflow/airflow_venv/lib/python3.12/site-packages/airflow/example_dags/example_trigger_controller_dag.py
[2025-06-05T19:29:32.254+0200] {logging_mixin.py:188} INFO - [2025-06-05T19:29:32.254+0200] {dag.py:3096} INFO - Sync 1 DAGs
[2025-06-05T19:29:32.273+0200] {logging_mixin.py:188} INFO - [2025-06-05T19:29:32.272+0200] {dag.py:3954} INFO - Setting next_dagrun for example_trigger_controller_dag to 2021-01-01 00:00:00+00:00, run_after=2021-01-01 00:00:00+00:00
[2025-06-05T19:29:32.294+0200] {processor.py:183} INFO - Processing /home/leoja/airflow/airflow_venv/lib/python3.12/site-packages/airflow/example_dags/example_trigger_controller_dag.py took 0.100 seconds
[2025-06-05T19:30:40.011+0200] {processor.py:161} INFO - Started process (PID=552988) to work on /home/leoja/airflow/airflow_venv/lib/python3.12/site-packages/airflow/example_dags/example_trigger_controller_dag.py
[2025-06-05T19:30:40.013+0200] {processor.py:830} INFO - Processing file /home/leoja/airflow/airflow_venv/lib/python3.12/site-packages/airflow/example_dags/example_trigger_controller_dag.py for tasks to queue
[2025-06-05T19:30:40.015+0200] {logging_mixin.py:188} INFO - [2025-06-05T19:30:40.014+0200] {dagbag.py:540} INFO - Filling up the DagBag from /home/leoja/airflow/airflow_venv/lib/python3.12/site-packages/airflow/example_dags/example_trigger_controller_dag.py
[2025-06-05T19:30:40.018+0200] {processor.py:840} INFO - DAG(s) 'example_trigger_controller_dag' retrieved from /home/leoja/airflow/airflow_venv/lib/python3.12/site-packages/airflow/example_dags/example_trigger_controller_dag.py
[2025-06-05T19:30:40.030+0200] {logging_mixin.py:188} INFO - [2025-06-05T19:30:40.030+0200] {dag.py:3096} INFO - Sync 1 DAGs
[2025-06-05T19:30:40.043+0200] {logging_mixin.py:188} INFO - [2025-06-05T19:30:40.043+0200] {dag.py:3954} INFO - Setting next_dagrun for example_trigger_controller_dag to 2021-01-01 00:00:00+00:00, run_after=2021-01-01 00:00:00+00:00
[2025-06-05T19:30:40.062+0200] {processor.py:183} INFO - Processing /home/leoja/airflow/airflow_venv/lib/python3.12/site-packages/airflow/example_dags/example_trigger_controller_dag.py took 0.058 seconds
[2025-06-05T19:31:45.658+0200] {processor.py:161} INFO - Started process (PID=553372) to work on /home/leoja/airflow/airflow_venv/lib/python3.12/site-packages/airflow/example_dags/example_trigger_controller_dag.py
[2025-06-05T19:31:45.662+0200] {processor.py:830} INFO - Processing file /home/leoja/airflow/airflow_venv/lib/python3.12/site-packages/airflow/example_dags/example_trigger_controller_dag.py for tasks to queue
[2025-06-05T19:31:45.665+0200] {logging_mixin.py:188} INFO - [2025-06-05T19:31:45.664+0200] {dagbag.py:540} INFO - Filling up the DagBag from /home/leoja/airflow/airflow_venv/lib/python3.12/site-packages/airflow/example_dags/example_trigger_controller_dag.py
[2025-06-05T19:31:45.669+0200] {processor.py:840} INFO - DAG(s) 'example_trigger_controller_dag' retrieved from /home/leoja/airflow/airflow_venv/lib/python3.12/site-packages/airflow/example_dags/example_trigger_controller_dag.py
[2025-06-05T19:31:45.681+0200] {logging_mixin.py:188} INFO - [2025-06-05T19:31:45.681+0200] {dag.py:3096} INFO - Sync 1 DAGs
[2025-06-05T19:31:45.695+0200] {logging_mixin.py:188} INFO - [2025-06-05T19:31:45.695+0200] {dag.py:3954} INFO - Setting next_dagrun for example_trigger_controller_dag to 2021-01-01 00:00:00+00:00, run_after=2021-01-01 00:00:00+00:00
[2025-06-05T19:31:45.720+0200] {processor.py:183} INFO - Processing /home/leoja/airflow/airflow_venv/lib/python3.12/site-packages/airflow/example_dags/example_trigger_controller_dag.py took 0.068 seconds
[2025-06-05T19:32:50.104+0200] {processor.py:161} INFO - Started process (PID=553732) to work on /home/leoja/airflow/airflow_venv/lib/python3.12/site-packages/airflow/example_dags/example_trigger_controller_dag.py
[2025-06-05T19:32:50.106+0200] {processor.py:830} INFO - Processing file /home/leoja/airflow/airflow_venv/lib/python3.12/site-packages/airflow/example_dags/example_trigger_controller_dag.py for tasks to queue
[2025-06-05T19:32:50.108+0200] {logging_mixin.py:188} INFO - [2025-06-05T19:32:50.107+0200] {dagbag.py:540} INFO - Filling up the DagBag from /home/leoja/airflow/airflow_venv/lib/python3.12/site-packages/airflow/example_dags/example_trigger_controller_dag.py
[2025-06-05T19:32:50.111+0200] {processor.py:840} INFO - DAG(s) 'example_trigger_controller_dag' retrieved from /home/leoja/airflow/airflow_venv/lib/python3.12/site-packages/airflow/example_dags/example_trigger_controller_dag.py
[2025-06-05T19:32:50.124+0200] {logging_mixin.py:188} INFO - [2025-06-05T19:32:50.124+0200] {dag.py:3096} INFO - Sync 1 DAGs
[2025-06-05T19:32:50.138+0200] {logging_mixin.py:188} INFO - [2025-06-05T19:32:50.138+0200] {dag.py:3954} INFO - Setting next_dagrun for example_trigger_controller_dag to 2021-01-01 00:00:00+00:00, run_after=2021-01-01 00:00:00+00:00
[2025-06-05T19:32:50.159+0200] {processor.py:183} INFO - Processing /home/leoja/airflow/airflow_venv/lib/python3.12/site-packages/airflow/example_dags/example_trigger_controller_dag.py took 0.062 seconds
[2025-06-05T19:33:57.358+0200] {processor.py:161} INFO - Started process (PID=554105) to work on /home/leoja/airflow/airflow_venv/lib/python3.12/site-packages/airflow/example_dags/example_trigger_controller_dag.py
[2025-06-05T19:33:57.359+0200] {processor.py:830} INFO - Processing file /home/leoja/airflow/airflow_venv/lib/python3.12/site-packages/airflow/example_dags/example_trigger_controller_dag.py for tasks to queue
[2025-06-05T19:33:57.362+0200] {logging_mixin.py:188} INFO - [2025-06-05T19:33:57.361+0200] {dagbag.py:540} INFO - Filling up the DagBag from /home/leoja/airflow/airflow_venv/lib/python3.12/site-packages/airflow/example_dags/example_trigger_controller_dag.py
[2025-06-05T19:33:57.367+0200] {processor.py:840} INFO - DAG(s) 'example_trigger_controller_dag' retrieved from /home/leoja/airflow/airflow_venv/lib/python3.12/site-packages/airflow/example_dags/example_trigger_controller_dag.py
[2025-06-05T19:33:57.379+0200] {logging_mixin.py:188} INFO - [2025-06-05T19:33:57.379+0200] {dag.py:3096} INFO - Sync 1 DAGs
[2025-06-05T19:33:57.393+0200] {logging_mixin.py:188} INFO - [2025-06-05T19:33:57.393+0200] {dag.py:3954} INFO - Setting next_dagrun for example_trigger_controller_dag to 2021-01-01 00:00:00+00:00, run_after=2021-01-01 00:00:00+00:00
[2025-06-05T19:33:57.416+0200] {processor.py:183} INFO - Processing /home/leoja/airflow/airflow_venv/lib/python3.12/site-packages/airflow/example_dags/example_trigger_controller_dag.py took 0.065 seconds
[2025-06-05T19:35:00.361+0200] {processor.py:161} INFO - Started process (PID=554477) to work on /home/leoja/airflow/airflow_venv/lib/python3.12/site-packages/airflow/example_dags/example_trigger_controller_dag.py
[2025-06-05T19:35:00.362+0200] {processor.py:830} INFO - Processing file /home/leoja/airflow/airflow_venv/lib/python3.12/site-packages/airflow/example_dags/example_trigger_controller_dag.py for tasks to queue
[2025-06-05T19:35:00.365+0200] {logging_mixin.py:188} INFO - [2025-06-05T19:35:00.365+0200] {dagbag.py:540} INFO - Filling up the DagBag from /home/leoja/airflow/airflow_venv/lib/python3.12/site-packages/airflow/example_dags/example_trigger_controller_dag.py
[2025-06-05T19:35:00.372+0200] {processor.py:840} INFO - DAG(s) 'example_trigger_controller_dag' retrieved from /home/leoja/airflow/airflow_venv/lib/python3.12/site-packages/airflow/example_dags/example_trigger_controller_dag.py
[2025-06-05T19:35:00.400+0200] {logging_mixin.py:188} INFO - [2025-06-05T19:35:00.400+0200] {dag.py:3096} INFO - Sync 1 DAGs
[2025-06-05T19:35:00.417+0200] {logging_mixin.py:188} INFO - [2025-06-05T19:35:00.417+0200] {dag.py:3954} INFO - Setting next_dagrun for example_trigger_controller_dag to 2021-01-01 00:00:00+00:00, run_after=2021-01-01 00:00:00+00:00
[2025-06-05T19:35:00.434+0200] {processor.py:183} INFO - Processing /home/leoja/airflow/airflow_venv/lib/python3.12/site-packages/airflow/example_dags/example_trigger_controller_dag.py took 0.086 seconds
[2025-06-05T19:36:00.740+0200] {processor.py:161} INFO - Started process (PID=554821) to work on /home/leoja/airflow/airflow_venv/lib/python3.12/site-packages/airflow/example_dags/example_trigger_controller_dag.py
[2025-06-05T19:36:00.743+0200] {processor.py:830} INFO - Processing file /home/leoja/airflow/airflow_venv/lib/python3.12/site-packages/airflow/example_dags/example_trigger_controller_dag.py for tasks to queue
[2025-06-05T19:36:00.747+0200] {logging_mixin.py:188} INFO - [2025-06-05T19:36:00.746+0200] {dagbag.py:540} INFO - Filling up the DagBag from /home/leoja/airflow/airflow_venv/lib/python3.12/site-packages/airflow/example_dags/example_trigger_controller_dag.py
[2025-06-05T19:36:00.757+0200] {processor.py:840} INFO - DAG(s) 'example_trigger_controller_dag' retrieved from /home/leoja/airflow/airflow_venv/lib/python3.12/site-packages/airflow/example_dags/example_trigger_controller_dag.py
[2025-06-05T19:36:00.775+0200] {logging_mixin.py:188} INFO - [2025-06-05T19:36:00.775+0200] {dag.py:3096} INFO - Sync 1 DAGs
[2025-06-05T19:36:00.787+0200] {logging_mixin.py:188} INFO - [2025-06-05T19:36:00.787+0200] {dag.py:3954} INFO - Setting next_dagrun for example_trigger_controller_dag to 2021-01-01 00:00:00+00:00, run_after=2021-01-01 00:00:00+00:00
[2025-06-05T19:36:00.808+0200] {processor.py:183} INFO - Processing /home/leoja/airflow/airflow_venv/lib/python3.12/site-packages/airflow/example_dags/example_trigger_controller_dag.py took 0.084 seconds
[2025-06-05T19:37:06.900+0200] {processor.py:161} INFO - Started process (PID=555185) to work on /home/leoja/airflow/airflow_venv/lib/python3.12/site-packages/airflow/example_dags/example_trigger_controller_dag.py
[2025-06-05T19:37:06.902+0200] {processor.py:830} INFO - Processing file /home/leoja/airflow/airflow_venv/lib/python3.12/site-packages/airflow/example_dags/example_trigger_controller_dag.py for tasks to queue
[2025-06-05T19:37:06.904+0200] {logging_mixin.py:188} INFO - [2025-06-05T19:37:06.904+0200] {dagbag.py:540} INFO - Filling up the DagBag from /home/leoja/airflow/airflow_venv/lib/python3.12/site-packages/airflow/example_dags/example_trigger_controller_dag.py
[2025-06-05T19:37:06.908+0200] {processor.py:840} INFO - DAG(s) 'example_trigger_controller_dag' retrieved from /home/leoja/airflow/airflow_venv/lib/python3.12/site-packages/airflow/example_dags/example_trigger_controller_dag.py
[2025-06-05T19:37:06.922+0200] {logging_mixin.py:188} INFO - [2025-06-05T19:37:06.922+0200] {dag.py:3096} INFO - Sync 1 DAGs
[2025-06-05T19:37:06.950+0200] {logging_mixin.py:188} INFO - [2025-06-05T19:37:06.949+0200] {dag.py:3954} INFO - Setting next_dagrun for example_trigger_controller_dag to 2021-01-01 00:00:00+00:00, run_after=2021-01-01 00:00:00+00:00
[2025-06-05T19:37:06.978+0200] {processor.py:183} INFO - Processing /home/leoja/airflow/airflow_venv/lib/python3.12/site-packages/airflow/example_dags/example_trigger_controller_dag.py took 0.085 seconds
[2025-06-05T19:38:15.476+0200] {processor.py:161} INFO - Started process (PID=555559) to work on /home/leoja/airflow/airflow_venv/lib/python3.12/site-packages/airflow/example_dags/example_trigger_controller_dag.py
[2025-06-05T19:38:15.478+0200] {processor.py:830} INFO - Processing file /home/leoja/airflow/airflow_venv/lib/python3.12/site-packages/airflow/example_dags/example_trigger_controller_dag.py for tasks to queue
[2025-06-05T19:38:15.479+0200] {logging_mixin.py:188} INFO - [2025-06-05T19:38:15.479+0200] {dagbag.py:540} INFO - Filling up the DagBag from /home/leoja/airflow/airflow_venv/lib/python3.12/site-packages/airflow/example_dags/example_trigger_controller_dag.py
[2025-06-05T19:38:15.483+0200] {processor.py:840} INFO - DAG(s) 'example_trigger_controller_dag' retrieved from /home/leoja/airflow/airflow_venv/lib/python3.12/site-packages/airflow/example_dags/example_trigger_controller_dag.py
[2025-06-05T19:38:15.503+0200] {logging_mixin.py:188} INFO - [2025-06-05T19:38:15.503+0200] {dag.py:3096} INFO - Sync 1 DAGs
[2025-06-05T19:38:15.516+0200] {logging_mixin.py:188} INFO - [2025-06-05T19:38:15.515+0200] {dag.py:3954} INFO - Setting next_dagrun for example_trigger_controller_dag to 2021-01-01 00:00:00+00:00, run_after=2021-01-01 00:00:00+00:00
[2025-06-05T19:38:15.538+0200] {processor.py:183} INFO - Processing /home/leoja/airflow/airflow_venv/lib/python3.12/site-packages/airflow/example_dags/example_trigger_controller_dag.py took 0.069 seconds
[2025-06-05T19:39:18.226+0200] {processor.py:161} INFO - Started process (PID=555934) to work on /home/leoja/airflow/airflow_venv/lib/python3.12/site-packages/airflow/example_dags/example_trigger_controller_dag.py
[2025-06-05T19:39:18.228+0200] {processor.py:830} INFO - Processing file /home/leoja/airflow/airflow_venv/lib/python3.12/site-packages/airflow/example_dags/example_trigger_controller_dag.py for tasks to queue
[2025-06-05T19:39:18.229+0200] {logging_mixin.py:188} INFO - [2025-06-05T19:39:18.229+0200] {dagbag.py:540} INFO - Filling up the DagBag from /home/leoja/airflow/airflow_venv/lib/python3.12/site-packages/airflow/example_dags/example_trigger_controller_dag.py
[2025-06-05T19:39:18.233+0200] {processor.py:840} INFO - DAG(s) 'example_trigger_controller_dag' retrieved from /home/leoja/airflow/airflow_venv/lib/python3.12/site-packages/airflow/example_dags/example_trigger_controller_dag.py
[2025-06-05T19:39:18.245+0200] {logging_mixin.py:188} INFO - [2025-06-05T19:39:18.245+0200] {dag.py:3096} INFO - Sync 1 DAGs
[2025-06-05T19:39:18.256+0200] {logging_mixin.py:188} INFO - [2025-06-05T19:39:18.256+0200] {dag.py:3954} INFO - Setting next_dagrun for example_trigger_controller_dag to 2021-01-01 00:00:00+00:00, run_after=2021-01-01 00:00:00+00:00
[2025-06-05T19:39:18.283+0200] {processor.py:183} INFO - Processing /home/leoja/airflow/airflow_venv/lib/python3.12/site-packages/airflow/example_dags/example_trigger_controller_dag.py took 0.062 seconds
[2025-06-05T19:40:25.647+0200] {processor.py:161} INFO - Started process (PID=556303) to work on /home/leoja/airflow/airflow_venv/lib/python3.12/site-packages/airflow/example_dags/example_trigger_controller_dag.py
[2025-06-05T19:40:25.649+0200] {processor.py:830} INFO - Processing file /home/leoja/airflow/airflow_venv/lib/python3.12/site-packages/airflow/example_dags/example_trigger_controller_dag.py for tasks to queue
[2025-06-05T19:40:25.651+0200] {logging_mixin.py:188} INFO - [2025-06-05T19:40:25.650+0200] {dagbag.py:540} INFO - Filling up the DagBag from /home/leoja/airflow/airflow_venv/lib/python3.12/site-packages/airflow/example_dags/example_trigger_controller_dag.py
[2025-06-05T19:40:25.654+0200] {processor.py:840} INFO - DAG(s) 'example_trigger_controller_dag' retrieved from /home/leoja/airflow/airflow_venv/lib/python3.12/site-packages/airflow/example_dags/example_trigger_controller_dag.py
[2025-06-05T19:40:25.667+0200] {logging_mixin.py:188} INFO - [2025-06-05T19:40:25.667+0200] {dag.py:3096} INFO - Sync 1 DAGs
[2025-06-05T19:40:25.680+0200] {logging_mixin.py:188} INFO - [2025-06-05T19:40:25.679+0200] {dag.py:3954} INFO - Setting next_dagrun for example_trigger_controller_dag to 2021-01-01 00:00:00+00:00, run_after=2021-01-01 00:00:00+00:00
[2025-06-05T19:40:25.700+0200] {processor.py:183} INFO - Processing /home/leoja/airflow/airflow_venv/lib/python3.12/site-packages/airflow/example_dags/example_trigger_controller_dag.py took 0.060 seconds
[2025-06-05T19:41:12.633+0200] {processor.py:161} INFO - Started process (PID=556651) to work on /home/leoja/airflow/airflow_venv/lib/python3.12/site-packages/airflow/example_dags/example_trigger_controller_dag.py
[2025-06-05T19:41:12.634+0200] {processor.py:830} INFO - Processing file /home/leoja/airflow/airflow_venv/lib/python3.12/site-packages/airflow/example_dags/example_trigger_controller_dag.py for tasks to queue
[2025-06-05T19:41:12.635+0200] {logging_mixin.py:188} INFO - [2025-06-05T19:41:12.635+0200] {dagbag.py:540} INFO - Filling up the DagBag from /home/leoja/airflow/airflow_venv/lib/python3.12/site-packages/airflow/example_dags/example_trigger_controller_dag.py
[2025-06-05T19:41:12.639+0200] {processor.py:840} INFO - DAG(s) 'example_trigger_controller_dag' retrieved from /home/leoja/airflow/airflow_venv/lib/python3.12/site-packages/airflow/example_dags/example_trigger_controller_dag.py
[2025-06-05T19:41:12.650+0200] {logging_mixin.py:188} INFO - [2025-06-05T19:41:12.650+0200] {dag.py:3096} INFO - Sync 1 DAGs
[2025-06-05T19:41:12.661+0200] {logging_mixin.py:188} INFO - [2025-06-05T19:41:12.661+0200] {dag.py:3954} INFO - Setting next_dagrun for example_trigger_controller_dag to 2021-01-01 00:00:00+00:00, run_after=2021-01-01 00:00:00+00:00
[2025-06-05T19:41:12.683+0200] {processor.py:183} INFO - Processing /home/leoja/airflow/airflow_venv/lib/python3.12/site-packages/airflow/example_dags/example_trigger_controller_dag.py took 0.056 seconds
[2025-06-05T19:42:20.528+0200] {processor.py:161} INFO - Started process (PID=557538) to work on /home/leoja/airflow/airflow_venv/lib/python3.12/site-packages/airflow/example_dags/example_trigger_controller_dag.py
[2025-06-05T19:42:20.529+0200] {processor.py:830} INFO - Processing file /home/leoja/airflow/airflow_venv/lib/python3.12/site-packages/airflow/example_dags/example_trigger_controller_dag.py for tasks to queue
[2025-06-05T19:42:20.531+0200] {logging_mixin.py:188} INFO - [2025-06-05T19:42:20.531+0200] {dagbag.py:540} INFO - Filling up the DagBag from /home/leoja/airflow/airflow_venv/lib/python3.12/site-packages/airflow/example_dags/example_trigger_controller_dag.py
[2025-06-05T19:42:20.534+0200] {processor.py:840} INFO - DAG(s) 'example_trigger_controller_dag' retrieved from /home/leoja/airflow/airflow_venv/lib/python3.12/site-packages/airflow/example_dags/example_trigger_controller_dag.py
[2025-06-05T19:42:20.545+0200] {logging_mixin.py:188} INFO - [2025-06-05T19:42:20.545+0200] {dag.py:3096} INFO - Sync 1 DAGs
[2025-06-05T19:42:20.557+0200] {logging_mixin.py:188} INFO - [2025-06-05T19:42:20.557+0200] {dag.py:3954} INFO - Setting next_dagrun for example_trigger_controller_dag to 2021-01-01 00:00:00+00:00, run_after=2021-01-01 00:00:00+00:00
[2025-06-05T19:42:20.577+0200] {processor.py:183} INFO - Processing /home/leoja/airflow/airflow_venv/lib/python3.12/site-packages/airflow/example_dags/example_trigger_controller_dag.py took 0.055 seconds
[2025-06-05T19:43:27.758+0200] {processor.py:161} INFO - Started process (PID=557789) to work on /home/leoja/airflow/airflow_venv/lib/python3.12/site-packages/airflow/example_dags/example_trigger_controller_dag.py
[2025-06-05T19:43:27.760+0200] {processor.py:830} INFO - Processing file /home/leoja/airflow/airflow_venv/lib/python3.12/site-packages/airflow/example_dags/example_trigger_controller_dag.py for tasks to queue
[2025-06-05T19:43:27.761+0200] {logging_mixin.py:188} INFO - [2025-06-05T19:43:27.761+0200] {dagbag.py:540} INFO - Filling up the DagBag from /home/leoja/airflow/airflow_venv/lib/python3.12/site-packages/airflow/example_dags/example_trigger_controller_dag.py
[2025-06-05T19:43:27.765+0200] {processor.py:840} INFO - DAG(s) 'example_trigger_controller_dag' retrieved from /home/leoja/airflow/airflow_venv/lib/python3.12/site-packages/airflow/example_dags/example_trigger_controller_dag.py
[2025-06-05T19:43:27.775+0200] {logging_mixin.py:188} INFO - [2025-06-05T19:43:27.775+0200] {dag.py:3096} INFO - Sync 1 DAGs
[2025-06-05T19:43:27.787+0200] {logging_mixin.py:188} INFO - [2025-06-05T19:43:27.787+0200] {dag.py:3954} INFO - Setting next_dagrun for example_trigger_controller_dag to 2021-01-01 00:00:00+00:00, run_after=2021-01-01 00:00:00+00:00
[2025-06-05T19:43:27.807+0200] {processor.py:183} INFO - Processing /home/leoja/airflow/airflow_venv/lib/python3.12/site-packages/airflow/example_dags/example_trigger_controller_dag.py took 0.054 seconds
[2025-06-05T19:44:26.669+0200] {processor.py:161} INFO - Started process (PID=558229) to work on /home/leoja/airflow/airflow_venv/lib/python3.12/site-packages/airflow/example_dags/example_trigger_controller_dag.py
[2025-06-05T19:44:26.670+0200] {processor.py:830} INFO - Processing file /home/leoja/airflow/airflow_venv/lib/python3.12/site-packages/airflow/example_dags/example_trigger_controller_dag.py for tasks to queue
[2025-06-05T19:44:26.672+0200] {logging_mixin.py:188} INFO - [2025-06-05T19:44:26.672+0200] {dagbag.py:540} INFO - Filling up the DagBag from /home/leoja/airflow/airflow_venv/lib/python3.12/site-packages/airflow/example_dags/example_trigger_controller_dag.py
[2025-06-05T19:44:26.676+0200] {processor.py:840} INFO - DAG(s) 'example_trigger_controller_dag' retrieved from /home/leoja/airflow/airflow_venv/lib/python3.12/site-packages/airflow/example_dags/example_trigger_controller_dag.py
[2025-06-05T19:44:26.693+0200] {logging_mixin.py:188} INFO - [2025-06-05T19:44:26.692+0200] {dag.py:3096} INFO - Sync 1 DAGs
[2025-06-05T19:44:26.712+0200] {logging_mixin.py:188} INFO - [2025-06-05T19:44:26.712+0200] {dag.py:3954} INFO - Setting next_dagrun for example_trigger_controller_dag to 2021-01-01 00:00:00+00:00, run_after=2021-01-01 00:00:00+00:00
[2025-06-05T19:44:26.731+0200] {processor.py:183} INFO - Processing /home/leoja/airflow/airflow_venv/lib/python3.12/site-packages/airflow/example_dags/example_trigger_controller_dag.py took 0.067 seconds
