[2025-06-05T07:53:41.634+0200] {processor.py:161} INFO - Started process (PID=531178) to work on /home/leoja/airflow/airflow_venv/lib/python3.12/site-packages/airflow/example_dags/example_setup_teardown.py
[2025-06-05T07:53:41.634+0200] {processor.py:830} INFO - Processing file /home/leoja/airflow/airflow_venv/lib/python3.12/site-packages/airflow/example_dags/example_setup_teardown.py for tasks to queue
[2025-06-05T07:53:41.636+0200] {logging_mixin.py:188} INFO - [2025-06-05T07:53:41.636+0200] {dagbag.py:540} INFO - Filling up the DagBag from /home/leoja/airflow/airflow_venv/lib/python3.12/site-packages/airflow/example_dags/example_setup_teardown.py
[2025-06-05T07:53:41.642+0200] {processor.py:840} INFO - DAG(s) 'example_setup_teardown' retrieved from /home/leoja/airflow/airflow_venv/lib/python3.12/site-packages/airflow/example_dags/example_setup_teardown.py
[2025-06-05T07:53:41.658+0200] {logging_mixin.py:188} INFO - [2025-06-05T07:53:41.657+0200] {dag.py:3096} INFO - Sync 1 DAGs
[2025-06-05T07:53:41.675+0200] {logging_mixin.py:188} INFO - [2025-06-05T07:53:41.674+0200] {dag.py:3954} INFO - Setting next_dagrun for example_setup_teardown to 2025-06-04 00:00:00+00:00, run_after=2025-06-05 00:00:00+00:00
[2025-06-05T07:53:41.744+0200] {processor.py:183} INFO - Processing /home/leoja/airflow/airflow_venv/lib/python3.12/site-packages/airflow/example_dags/example_setup_teardown.py took 0.118 seconds
[2025-06-05T07:54:33.103+0200] {processor.py:161} INFO - Started process (PID=531424) to work on /home/leoja/airflow/airflow_venv/lib/python3.12/site-packages/airflow/example_dags/example_setup_teardown.py
[2025-06-05T07:54:33.105+0200] {processor.py:830} INFO - Processing file /home/leoja/airflow/airflow_venv/lib/python3.12/site-packages/airflow/example_dags/example_setup_teardown.py for tasks to queue
[2025-06-05T07:54:33.107+0200] {logging_mixin.py:188} INFO - [2025-06-05T07:54:33.107+0200] {dagbag.py:540} INFO - Filling up the DagBag from /home/leoja/airflow/airflow_venv/lib/python3.12/site-packages/airflow/example_dags/example_setup_teardown.py
[2025-06-05T07:54:33.114+0200] {processor.py:840} INFO - DAG(s) 'example_setup_teardown' retrieved from /home/leoja/airflow/airflow_venv/lib/python3.12/site-packages/airflow/example_dags/example_setup_teardown.py
[2025-06-05T07:54:33.132+0200] {logging_mixin.py:188} INFO - [2025-06-05T07:54:33.132+0200] {dag.py:3096} INFO - Sync 1 DAGs
[2025-06-05T07:54:33.153+0200] {logging_mixin.py:188} INFO - [2025-06-05T07:54:33.153+0200] {dag.py:3954} INFO - Setting next_dagrun for example_setup_teardown to 2025-06-04 00:00:00+00:00, run_after=2025-06-05 00:00:00+00:00
[2025-06-05T07:54:33.175+0200] {processor.py:183} INFO - Processing /home/leoja/airflow/airflow_venv/lib/python3.12/site-packages/airflow/example_dags/example_setup_teardown.py took 0.079 seconds
[2025-06-05T07:55:35.264+0200] {processor.py:161} INFO - Started process (PID=531645) to work on /home/leoja/airflow/airflow_venv/lib/python3.12/site-packages/airflow/example_dags/example_setup_teardown.py
[2025-06-05T07:55:35.269+0200] {processor.py:830} INFO - Processing file /home/leoja/airflow/airflow_venv/lib/python3.12/site-packages/airflow/example_dags/example_setup_teardown.py for tasks to queue
[2025-06-05T07:55:35.270+0200] {logging_mixin.py:188} INFO - [2025-06-05T07:55:35.270+0200] {dagbag.py:540} INFO - Filling up the DagBag from /home/leoja/airflow/airflow_venv/lib/python3.12/site-packages/airflow/example_dags/example_setup_teardown.py
[2025-06-05T07:55:35.275+0200] {processor.py:840} INFO - DAG(s) 'example_setup_teardown' retrieved from /home/leoja/airflow/airflow_venv/lib/python3.12/site-packages/airflow/example_dags/example_setup_teardown.py
[2025-06-05T07:55:35.285+0200] {logging_mixin.py:188} INFO - [2025-06-05T07:55:35.285+0200] {dag.py:3096} INFO - Sync 1 DAGs
[2025-06-05T07:55:35.297+0200] {logging_mixin.py:188} INFO - [2025-06-05T07:55:35.297+0200] {dag.py:3954} INFO - Setting next_dagrun for example_setup_teardown to 2025-06-04 00:00:00+00:00, run_after=2025-06-05 00:00:00+00:00
[2025-06-05T07:55:35.314+0200] {processor.py:183} INFO - Processing /home/leoja/airflow/airflow_venv/lib/python3.12/site-packages/airflow/example_dags/example_setup_teardown.py took 0.056 seconds
[2025-06-05T07:56:25.654+0200] {processor.py:161} INFO - Started process (PID=531823) to work on /home/leoja/airflow/airflow_venv/lib/python3.12/site-packages/airflow/example_dags/example_setup_teardown.py
[2025-06-05T07:56:25.657+0200] {processor.py:830} INFO - Processing file /home/leoja/airflow/airflow_venv/lib/python3.12/site-packages/airflow/example_dags/example_setup_teardown.py for tasks to queue
[2025-06-05T07:56:25.658+0200] {logging_mixin.py:188} INFO - [2025-06-05T07:56:25.658+0200] {dagbag.py:540} INFO - Filling up the DagBag from /home/leoja/airflow/airflow_venv/lib/python3.12/site-packages/airflow/example_dags/example_setup_teardown.py
[2025-06-05T07:56:25.663+0200] {processor.py:840} INFO - DAG(s) 'example_setup_teardown' retrieved from /home/leoja/airflow/airflow_venv/lib/python3.12/site-packages/airflow/example_dags/example_setup_teardown.py
[2025-06-05T07:56:25.674+0200] {logging_mixin.py:188} INFO - [2025-06-05T07:56:25.674+0200] {dag.py:3096} INFO - Sync 1 DAGs
[2025-06-05T07:56:25.685+0200] {logging_mixin.py:188} INFO - [2025-06-05T07:56:25.685+0200] {dag.py:3954} INFO - Setting next_dagrun for example_setup_teardown to 2025-06-04 00:00:00+00:00, run_after=2025-06-05 00:00:00+00:00
[2025-06-05T07:56:25.712+0200] {processor.py:183} INFO - Processing /home/leoja/airflow/airflow_venv/lib/python3.12/site-packages/airflow/example_dags/example_setup_teardown.py took 0.064 seconds
[2025-06-05T07:57:27.615+0200] {processor.py:161} INFO - Started process (PID=532036) to work on /home/leoja/airflow/airflow_venv/lib/python3.12/site-packages/airflow/example_dags/example_setup_teardown.py
[2025-06-05T07:57:27.617+0200] {processor.py:830} INFO - Processing file /home/leoja/airflow/airflow_venv/lib/python3.12/site-packages/airflow/example_dags/example_setup_teardown.py for tasks to queue
[2025-06-05T07:57:27.619+0200] {logging_mixin.py:188} INFO - [2025-06-05T07:57:27.618+0200] {dagbag.py:540} INFO - Filling up the DagBag from /home/leoja/airflow/airflow_venv/lib/python3.12/site-packages/airflow/example_dags/example_setup_teardown.py
[2025-06-05T07:57:27.625+0200] {processor.py:840} INFO - DAG(s) 'example_setup_teardown' retrieved from /home/leoja/airflow/airflow_venv/lib/python3.12/site-packages/airflow/example_dags/example_setup_teardown.py
[2025-06-05T07:57:27.641+0200] {logging_mixin.py:188} INFO - [2025-06-05T07:57:27.640+0200] {dag.py:3096} INFO - Sync 1 DAGs
[2025-06-05T07:57:27.659+0200] {logging_mixin.py:188} INFO - [2025-06-05T07:57:27.659+0200] {dag.py:3954} INFO - Setting next_dagrun for example_setup_teardown to 2025-06-04 00:00:00+00:00, run_after=2025-06-05 00:00:00+00:00
[2025-06-05T07:57:27.685+0200] {processor.py:183} INFO - Processing /home/leoja/airflow/airflow_venv/lib/python3.12/site-packages/airflow/example_dags/example_setup_teardown.py took 0.079 seconds
[2025-06-05T07:58:32.211+0200] {processor.py:161} INFO - Started process (PID=532279) to work on /home/leoja/airflow/airflow_venv/lib/python3.12/site-packages/airflow/example_dags/example_setup_teardown.py
[2025-06-05T07:58:32.213+0200] {processor.py:830} INFO - Processing file /home/leoja/airflow/airflow_venv/lib/python3.12/site-packages/airflow/example_dags/example_setup_teardown.py for tasks to queue
[2025-06-05T07:58:32.214+0200] {logging_mixin.py:188} INFO - [2025-06-05T07:58:32.214+0200] {dagbag.py:540} INFO - Filling up the DagBag from /home/leoja/airflow/airflow_venv/lib/python3.12/site-packages/airflow/example_dags/example_setup_teardown.py
[2025-06-05T07:58:32.219+0200] {processor.py:840} INFO - DAG(s) 'example_setup_teardown' retrieved from /home/leoja/airflow/airflow_venv/lib/python3.12/site-packages/airflow/example_dags/example_setup_teardown.py
[2025-06-05T07:58:32.230+0200] {logging_mixin.py:188} INFO - [2025-06-05T07:58:32.230+0200] {dag.py:3096} INFO - Sync 1 DAGs
[2025-06-05T07:58:32.241+0200] {logging_mixin.py:188} INFO - [2025-06-05T07:58:32.241+0200] {dag.py:3954} INFO - Setting next_dagrun for example_setup_teardown to 2025-06-04 00:00:00+00:00, run_after=2025-06-05 00:00:00+00:00
[2025-06-05T07:58:32.262+0200] {processor.py:183} INFO - Processing /home/leoja/airflow/airflow_venv/lib/python3.12/site-packages/airflow/example_dags/example_setup_teardown.py took 0.056 seconds
[2025-06-05T18:44:37.693+0200] {processor.py:161} INFO - Started process (PID=533579) to work on /home/leoja/airflow/airflow_venv/lib/python3.12/site-packages/airflow/example_dags/example_setup_teardown.py
[2025-06-05T18:44:37.695+0200] {processor.py:830} INFO - Processing file /home/leoja/airflow/airflow_venv/lib/python3.12/site-packages/airflow/example_dags/example_setup_teardown.py for tasks to queue
[2025-06-05T18:44:37.696+0200] {logging_mixin.py:188} INFO - [2025-06-05T18:44:37.696+0200] {dagbag.py:540} INFO - Filling up the DagBag from /home/leoja/airflow/airflow_venv/lib/python3.12/site-packages/airflow/example_dags/example_setup_teardown.py
[2025-06-05T18:44:37.701+0200] {processor.py:840} INFO - DAG(s) 'example_setup_teardown' retrieved from /home/leoja/airflow/airflow_venv/lib/python3.12/site-packages/airflow/example_dags/example_setup_teardown.py
[2025-06-05T18:44:37.713+0200] {logging_mixin.py:188} INFO - [2025-06-05T18:44:37.713+0200] {dag.py:3096} INFO - Sync 1 DAGs
[2025-06-05T18:44:37.725+0200] {logging_mixin.py:188} INFO - [2025-06-05T18:44:37.725+0200] {dag.py:3954} INFO - Setting next_dagrun for example_setup_teardown to 2025-06-04 00:00:00+00:00, run_after=2025-06-05 00:00:00+00:00
[2025-06-05T18:44:37.747+0200] {processor.py:183} INFO - Processing /home/leoja/airflow/airflow_venv/lib/python3.12/site-packages/airflow/example_dags/example_setup_teardown.py took 0.060 seconds
[2025-06-05T18:45:29.688+0200] {processor.py:161} INFO - Started process (PID=533908) to work on /home/leoja/airflow/airflow_venv/lib/python3.12/site-packages/airflow/example_dags/example_setup_teardown.py
[2025-06-05T18:45:29.689+0200] {processor.py:830} INFO - Processing file /home/leoja/airflow/airflow_venv/lib/python3.12/site-packages/airflow/example_dags/example_setup_teardown.py for tasks to queue
[2025-06-05T18:45:29.691+0200] {logging_mixin.py:188} INFO - [2025-06-05T18:45:29.691+0200] {dagbag.py:540} INFO - Filling up the DagBag from /home/leoja/airflow/airflow_venv/lib/python3.12/site-packages/airflow/example_dags/example_setup_teardown.py
[2025-06-05T18:45:29.697+0200] {processor.py:840} INFO - DAG(s) 'example_setup_teardown' retrieved from /home/leoja/airflow/airflow_venv/lib/python3.12/site-packages/airflow/example_dags/example_setup_teardown.py
[2025-06-05T18:45:29.710+0200] {logging_mixin.py:188} INFO - [2025-06-05T18:45:29.709+0200] {dag.py:3096} INFO - Sync 1 DAGs
[2025-06-05T18:45:29.723+0200] {logging_mixin.py:188} INFO - [2025-06-05T18:45:29.722+0200] {dag.py:3954} INFO - Setting next_dagrun for example_setup_teardown to 2025-06-04 00:00:00+00:00, run_after=2025-06-05 00:00:00+00:00
[2025-06-05T18:45:29.742+0200] {processor.py:183} INFO - Processing /home/leoja/airflow/airflow_venv/lib/python3.12/site-packages/airflow/example_dags/example_setup_teardown.py took 0.060 seconds
[2025-06-05T18:46:32.786+0200] {processor.py:161} INFO - Started process (PID=534276) to work on /home/leoja/airflow/airflow_venv/lib/python3.12/site-packages/airflow/example_dags/example_setup_teardown.py
[2025-06-05T18:46:32.788+0200] {processor.py:830} INFO - Processing file /home/leoja/airflow/airflow_venv/lib/python3.12/site-packages/airflow/example_dags/example_setup_teardown.py for tasks to queue
[2025-06-05T18:46:32.790+0200] {logging_mixin.py:188} INFO - [2025-06-05T18:46:32.789+0200] {dagbag.py:540} INFO - Filling up the DagBag from /home/leoja/airflow/airflow_venv/lib/python3.12/site-packages/airflow/example_dags/example_setup_teardown.py
[2025-06-05T18:46:32.796+0200] {processor.py:840} INFO - DAG(s) 'example_setup_teardown' retrieved from /home/leoja/airflow/airflow_venv/lib/python3.12/site-packages/airflow/example_dags/example_setup_teardown.py
[2025-06-05T18:46:32.809+0200] {logging_mixin.py:188} INFO - [2025-06-05T18:46:32.808+0200] {dag.py:3096} INFO - Sync 1 DAGs
[2025-06-05T18:46:32.825+0200] {logging_mixin.py:188} INFO - [2025-06-05T18:46:32.824+0200] {dag.py:3954} INFO - Setting next_dagrun for example_setup_teardown to 2025-06-04 00:00:00+00:00, run_after=2025-06-05 00:00:00+00:00
[2025-06-05T18:46:32.844+0200] {processor.py:183} INFO - Processing /home/leoja/airflow/airflow_venv/lib/python3.12/site-packages/airflow/example_dags/example_setup_teardown.py took 0.064 seconds
[2025-06-05T18:47:38.978+0200] {processor.py:161} INFO - Started process (PID=534597) to work on /home/leoja/airflow/airflow_venv/lib/python3.12/site-packages/airflow/example_dags/example_setup_teardown.py
[2025-06-05T18:47:38.979+0200] {processor.py:830} INFO - Processing file /home/leoja/airflow/airflow_venv/lib/python3.12/site-packages/airflow/example_dags/example_setup_teardown.py for tasks to queue
[2025-06-05T18:47:38.982+0200] {logging_mixin.py:188} INFO - [2025-06-05T18:47:38.981+0200] {dagbag.py:540} INFO - Filling up the DagBag from /home/leoja/airflow/airflow_venv/lib/python3.12/site-packages/airflow/example_dags/example_setup_teardown.py
[2025-06-05T18:47:38.988+0200] {processor.py:840} INFO - DAG(s) 'example_setup_teardown' retrieved from /home/leoja/airflow/airflow_venv/lib/python3.12/site-packages/airflow/example_dags/example_setup_teardown.py
[2025-06-05T18:47:39.000+0200] {logging_mixin.py:188} INFO - [2025-06-05T18:47:39.000+0200] {dag.py:3096} INFO - Sync 1 DAGs
[2025-06-05T18:47:39.013+0200] {logging_mixin.py:188} INFO - [2025-06-05T18:47:39.013+0200] {dag.py:3954} INFO - Setting next_dagrun for example_setup_teardown to 2025-06-04 00:00:00+00:00, run_after=2025-06-05 00:00:00+00:00
[2025-06-05T18:47:39.033+0200] {processor.py:183} INFO - Processing /home/leoja/airflow/airflow_venv/lib/python3.12/site-packages/airflow/example_dags/example_setup_teardown.py took 0.062 seconds
[2025-06-05T18:48:31.650+0200] {processor.py:161} INFO - Started process (PID=535084) to work on /home/leoja/airflow/airflow_venv/lib/python3.12/site-packages/airflow/example_dags/example_setup_teardown.py
[2025-06-05T18:48:31.652+0200] {processor.py:830} INFO - Processing file /home/leoja/airflow/airflow_venv/lib/python3.12/site-packages/airflow/example_dags/example_setup_teardown.py for tasks to queue
[2025-06-05T18:48:31.654+0200] {logging_mixin.py:188} INFO - [2025-06-05T18:48:31.654+0200] {dagbag.py:540} INFO - Filling up the DagBag from /home/leoja/airflow/airflow_venv/lib/python3.12/site-packages/airflow/example_dags/example_setup_teardown.py
[2025-06-05T18:48:31.660+0200] {processor.py:840} INFO - DAG(s) 'example_setup_teardown' retrieved from /home/leoja/airflow/airflow_venv/lib/python3.12/site-packages/airflow/example_dags/example_setup_teardown.py
[2025-06-05T18:48:31.674+0200] {logging_mixin.py:188} INFO - [2025-06-05T18:48:31.674+0200] {dag.py:3096} INFO - Sync 1 DAGs
[2025-06-05T18:48:31.689+0200] {logging_mixin.py:188} INFO - [2025-06-05T18:48:31.689+0200] {dag.py:3954} INFO - Setting next_dagrun for example_setup_teardown to 2025-06-04 00:00:00+00:00, run_after=2025-06-05 00:00:00+00:00
[2025-06-05T18:48:31.709+0200] {processor.py:183} INFO - Processing /home/leoja/airflow/airflow_venv/lib/python3.12/site-packages/airflow/example_dags/example_setup_teardown.py took 0.067 seconds
[2025-06-05T18:49:30.764+0200] {processor.py:161} INFO - Started process (PID=535364) to work on /home/leoja/airflow/airflow_venv/lib/python3.12/site-packages/airflow/example_dags/example_setup_teardown.py
[2025-06-05T18:49:30.766+0200] {processor.py:830} INFO - Processing file /home/leoja/airflow/airflow_venv/lib/python3.12/site-packages/airflow/example_dags/example_setup_teardown.py for tasks to queue
[2025-06-05T18:49:30.768+0200] {logging_mixin.py:188} INFO - [2025-06-05T18:49:30.767+0200] {dagbag.py:540} INFO - Filling up the DagBag from /home/leoja/airflow/airflow_venv/lib/python3.12/site-packages/airflow/example_dags/example_setup_teardown.py
[2025-06-05T18:49:30.773+0200] {processor.py:840} INFO - DAG(s) 'example_setup_teardown' retrieved from /home/leoja/airflow/airflow_venv/lib/python3.12/site-packages/airflow/example_dags/example_setup_teardown.py
[2025-06-05T18:49:30.784+0200] {logging_mixin.py:188} INFO - [2025-06-05T18:49:30.784+0200] {dag.py:3096} INFO - Sync 1 DAGs
[2025-06-05T18:49:30.796+0200] {logging_mixin.py:188} INFO - [2025-06-05T18:49:30.796+0200] {dag.py:3954} INFO - Setting next_dagrun for example_setup_teardown to 2025-06-04 00:00:00+00:00, run_after=2025-06-05 00:00:00+00:00
[2025-06-05T18:49:30.817+0200] {processor.py:183} INFO - Processing /home/leoja/airflow/airflow_venv/lib/python3.12/site-packages/airflow/example_dags/example_setup_teardown.py took 0.058 seconds
[2025-06-05T18:50:47.860+0200] {processor.py:161} INFO - Started process (PID=536206) to work on /home/leoja/airflow/airflow_venv/lib/python3.12/site-packages/airflow/example_dags/example_setup_teardown.py
[2025-06-05T18:50:47.862+0200] {processor.py:830} INFO - Processing file /home/leoja/airflow/airflow_venv/lib/python3.12/site-packages/airflow/example_dags/example_setup_teardown.py for tasks to queue
[2025-06-05T18:50:47.863+0200] {logging_mixin.py:188} INFO - [2025-06-05T18:50:47.863+0200] {dagbag.py:540} INFO - Filling up the DagBag from /home/leoja/airflow/airflow_venv/lib/python3.12/site-packages/airflow/example_dags/example_setup_teardown.py
[2025-06-05T18:50:47.868+0200] {processor.py:840} INFO - DAG(s) 'example_setup_teardown' retrieved from /home/leoja/airflow/airflow_venv/lib/python3.12/site-packages/airflow/example_dags/example_setup_teardown.py
[2025-06-05T18:50:47.881+0200] {logging_mixin.py:188} INFO - [2025-06-05T18:50:47.880+0200] {dag.py:3096} INFO - Sync 1 DAGs
[2025-06-05T18:50:47.895+0200] {logging_mixin.py:188} INFO - [2025-06-05T18:50:47.895+0200] {dag.py:3954} INFO - Setting next_dagrun for example_setup_teardown to 2025-06-04 00:00:00+00:00, run_after=2025-06-05 00:00:00+00:00
[2025-06-05T18:50:47.914+0200] {processor.py:183} INFO - Processing /home/leoja/airflow/airflow_venv/lib/python3.12/site-packages/airflow/example_dags/example_setup_teardown.py took 0.060 seconds
[2025-06-05T18:51:43.646+0200] {processor.py:161} INFO - Started process (PID=536607) to work on /home/leoja/airflow/airflow_venv/lib/python3.12/site-packages/airflow/example_dags/example_setup_teardown.py
[2025-06-05T18:51:43.647+0200] {processor.py:830} INFO - Processing file /home/leoja/airflow/airflow_venv/lib/python3.12/site-packages/airflow/example_dags/example_setup_teardown.py for tasks to queue
[2025-06-05T18:51:43.649+0200] {logging_mixin.py:188} INFO - [2025-06-05T18:51:43.649+0200] {dagbag.py:540} INFO - Filling up the DagBag from /home/leoja/airflow/airflow_venv/lib/python3.12/site-packages/airflow/example_dags/example_setup_teardown.py
[2025-06-05T18:51:43.655+0200] {processor.py:840} INFO - DAG(s) 'example_setup_teardown' retrieved from /home/leoja/airflow/airflow_venv/lib/python3.12/site-packages/airflow/example_dags/example_setup_teardown.py
[2025-06-05T18:51:43.671+0200] {logging_mixin.py:188} INFO - [2025-06-05T18:51:43.671+0200] {dag.py:3096} INFO - Sync 1 DAGs
[2025-06-05T18:51:43.689+0200] {logging_mixin.py:188} INFO - [2025-06-05T18:51:43.689+0200] {dag.py:3954} INFO - Setting next_dagrun for example_setup_teardown to 2025-06-04 00:00:00+00:00, run_after=2025-06-05 00:00:00+00:00
[2025-06-05T18:51:43.735+0200] {processor.py:183} INFO - Processing /home/leoja/airflow/airflow_venv/lib/python3.12/site-packages/airflow/example_dags/example_setup_teardown.py took 0.096 seconds
[2025-06-05T18:52:44.925+0200] {processor.py:161} INFO - Started process (PID=537153) to work on /home/leoja/airflow/airflow_venv/lib/python3.12/site-packages/airflow/example_dags/example_setup_teardown.py
[2025-06-05T18:52:44.927+0200] {processor.py:830} INFO - Processing file /home/leoja/airflow/airflow_venv/lib/python3.12/site-packages/airflow/example_dags/example_setup_teardown.py for tasks to queue
[2025-06-05T18:52:44.928+0200] {logging_mixin.py:188} INFO - [2025-06-05T18:52:44.928+0200] {dagbag.py:540} INFO - Filling up the DagBag from /home/leoja/airflow/airflow_venv/lib/python3.12/site-packages/airflow/example_dags/example_setup_teardown.py
[2025-06-05T18:52:44.933+0200] {processor.py:840} INFO - DAG(s) 'example_setup_teardown' retrieved from /home/leoja/airflow/airflow_venv/lib/python3.12/site-packages/airflow/example_dags/example_setup_teardown.py
[2025-06-05T18:52:44.949+0200] {logging_mixin.py:188} INFO - [2025-06-05T18:52:44.948+0200] {dag.py:3096} INFO - Sync 1 DAGs
[2025-06-05T18:52:44.964+0200] {logging_mixin.py:188} INFO - [2025-06-05T18:52:44.963+0200] {dag.py:3954} INFO - Setting next_dagrun for example_setup_teardown to 2025-06-04 00:00:00+00:00, run_after=2025-06-05 00:00:00+00:00
[2025-06-05T18:52:44.985+0200] {processor.py:183} INFO - Processing /home/leoja/airflow/airflow_venv/lib/python3.12/site-packages/airflow/example_dags/example_setup_teardown.py took 0.066 seconds
[2025-06-05T18:54:18.824+0200] {processor.py:161} INFO - Started process (PID=538253) to work on /home/leoja/airflow/airflow_venv/lib/python3.12/site-packages/airflow/example_dags/example_setup_teardown.py
[2025-06-05T18:54:18.826+0200] {processor.py:830} INFO - Processing file /home/leoja/airflow/airflow_venv/lib/python3.12/site-packages/airflow/example_dags/example_setup_teardown.py for tasks to queue
[2025-06-05T18:54:18.828+0200] {logging_mixin.py:188} INFO - [2025-06-05T18:54:18.828+0200] {dagbag.py:540} INFO - Filling up the DagBag from /home/leoja/airflow/airflow_venv/lib/python3.12/site-packages/airflow/example_dags/example_setup_teardown.py
[2025-06-05T18:54:18.847+0200] {processor.py:840} INFO - DAG(s) 'example_setup_teardown' retrieved from /home/leoja/airflow/airflow_venv/lib/python3.12/site-packages/airflow/example_dags/example_setup_teardown.py
[2025-06-05T18:54:18.888+0200] {logging_mixin.py:188} INFO - [2025-06-05T18:54:18.886+0200] {dag.py:3096} INFO - Sync 1 DAGs
[2025-06-05T18:54:18.915+0200] {logging_mixin.py:188} INFO - [2025-06-05T18:54:18.914+0200] {dag.py:3954} INFO - Setting next_dagrun for example_setup_teardown to 2025-06-04 00:00:00+00:00, run_after=2025-06-05 00:00:00+00:00
[2025-06-05T18:54:18.935+0200] {processor.py:183} INFO - Processing /home/leoja/airflow/airflow_venv/lib/python3.12/site-packages/airflow/example_dags/example_setup_teardown.py took 0.130 seconds
[2025-06-05T18:55:14.858+0200] {processor.py:161} INFO - Started process (PID=538642) to work on /home/leoja/airflow/airflow_venv/lib/python3.12/site-packages/airflow/example_dags/example_setup_teardown.py
[2025-06-05T18:55:14.861+0200] {processor.py:830} INFO - Processing file /home/leoja/airflow/airflow_venv/lib/python3.12/site-packages/airflow/example_dags/example_setup_teardown.py for tasks to queue
[2025-06-05T18:55:14.862+0200] {logging_mixin.py:188} INFO - [2025-06-05T18:55:14.862+0200] {dagbag.py:540} INFO - Filling up the DagBag from /home/leoja/airflow/airflow_venv/lib/python3.12/site-packages/airflow/example_dags/example_setup_teardown.py
[2025-06-05T18:55:14.869+0200] {processor.py:840} INFO - DAG(s) 'example_setup_teardown' retrieved from /home/leoja/airflow/airflow_venv/lib/python3.12/site-packages/airflow/example_dags/example_setup_teardown.py
[2025-06-05T18:55:14.885+0200] {logging_mixin.py:188} INFO - [2025-06-05T18:55:14.885+0200] {dag.py:3096} INFO - Sync 1 DAGs
[2025-06-05T18:55:14.899+0200] {logging_mixin.py:188} INFO - [2025-06-05T18:55:14.898+0200] {dag.py:3954} INFO - Setting next_dagrun for example_setup_teardown to 2025-06-04 00:00:00+00:00, run_after=2025-06-05 00:00:00+00:00
[2025-06-05T18:55:14.920+0200] {processor.py:183} INFO - Processing /home/leoja/airflow/airflow_venv/lib/python3.12/site-packages/airflow/example_dags/example_setup_teardown.py took 0.069 seconds
[2025-06-05T18:56:18.491+0200] {processor.py:161} INFO - Started process (PID=539007) to work on /home/leoja/airflow/airflow_venv/lib/python3.12/site-packages/airflow/example_dags/example_setup_teardown.py
[2025-06-05T18:56:18.493+0200] {processor.py:830} INFO - Processing file /home/leoja/airflow/airflow_venv/lib/python3.12/site-packages/airflow/example_dags/example_setup_teardown.py for tasks to queue
[2025-06-05T18:56:18.494+0200] {logging_mixin.py:188} INFO - [2025-06-05T18:56:18.494+0200] {dagbag.py:540} INFO - Filling up the DagBag from /home/leoja/airflow/airflow_venv/lib/python3.12/site-packages/airflow/example_dags/example_setup_teardown.py
[2025-06-05T18:56:18.499+0200] {processor.py:840} INFO - DAG(s) 'example_setup_teardown' retrieved from /home/leoja/airflow/airflow_venv/lib/python3.12/site-packages/airflow/example_dags/example_setup_teardown.py
[2025-06-05T18:56:18.514+0200] {logging_mixin.py:188} INFO - [2025-06-05T18:56:18.513+0200] {dag.py:3096} INFO - Sync 1 DAGs
[2025-06-05T18:56:18.527+0200] {logging_mixin.py:188} INFO - [2025-06-05T18:56:18.526+0200] {dag.py:3954} INFO - Setting next_dagrun for example_setup_teardown to 2025-06-04 00:00:00+00:00, run_after=2025-06-05 00:00:00+00:00
[2025-06-05T18:56:18.548+0200] {processor.py:183} INFO - Processing /home/leoja/airflow/airflow_venv/lib/python3.12/site-packages/airflow/example_dags/example_setup_teardown.py took 0.064 seconds
[2025-06-05T18:57:22.048+0200] {processor.py:161} INFO - Started process (PID=539399) to work on /home/leoja/airflow/airflow_venv/lib/python3.12/site-packages/airflow/example_dags/example_setup_teardown.py
[2025-06-05T18:57:22.049+0200] {processor.py:830} INFO - Processing file /home/leoja/airflow/airflow_venv/lib/python3.12/site-packages/airflow/example_dags/example_setup_teardown.py for tasks to queue
[2025-06-05T18:57:22.050+0200] {logging_mixin.py:188} INFO - [2025-06-05T18:57:22.050+0200] {dagbag.py:540} INFO - Filling up the DagBag from /home/leoja/airflow/airflow_venv/lib/python3.12/site-packages/airflow/example_dags/example_setup_teardown.py
[2025-06-05T18:57:22.057+0200] {processor.py:840} INFO - DAG(s) 'example_setup_teardown' retrieved from /home/leoja/airflow/airflow_venv/lib/python3.12/site-packages/airflow/example_dags/example_setup_teardown.py
[2025-06-05T18:57:22.075+0200] {logging_mixin.py:188} INFO - [2025-06-05T18:57:22.074+0200] {dag.py:3096} INFO - Sync 1 DAGs
[2025-06-05T18:57:22.101+0200] {logging_mixin.py:188} INFO - [2025-06-05T18:57:22.100+0200] {dag.py:3954} INFO - Setting next_dagrun for example_setup_teardown to 2025-06-04 00:00:00+00:00, run_after=2025-06-05 00:00:00+00:00
[2025-06-05T18:57:22.130+0200] {processor.py:183} INFO - Processing /home/leoja/airflow/airflow_venv/lib/python3.12/site-packages/airflow/example_dags/example_setup_teardown.py took 0.090 seconds
[2025-06-05T18:58:26.384+0200] {processor.py:161} INFO - Started process (PID=539891) to work on /home/leoja/airflow/airflow_venv/lib/python3.12/site-packages/airflow/example_dags/example_setup_teardown.py
[2025-06-05T18:58:26.387+0200] {processor.py:830} INFO - Processing file /home/leoja/airflow/airflow_venv/lib/python3.12/site-packages/airflow/example_dags/example_setup_teardown.py for tasks to queue
[2025-06-05T18:58:26.388+0200] {logging_mixin.py:188} INFO - [2025-06-05T18:58:26.388+0200] {dagbag.py:540} INFO - Filling up the DagBag from /home/leoja/airflow/airflow_venv/lib/python3.12/site-packages/airflow/example_dags/example_setup_teardown.py
[2025-06-05T18:58:26.395+0200] {processor.py:840} INFO - DAG(s) 'example_setup_teardown' retrieved from /home/leoja/airflow/airflow_venv/lib/python3.12/site-packages/airflow/example_dags/example_setup_teardown.py
[2025-06-05T18:58:26.409+0200] {logging_mixin.py:188} INFO - [2025-06-05T18:58:26.409+0200] {dag.py:3096} INFO - Sync 1 DAGs
[2025-06-05T18:58:26.424+0200] {logging_mixin.py:188} INFO - [2025-06-05T18:58:26.424+0200] {dag.py:3954} INFO - Setting next_dagrun for example_setup_teardown to 2025-06-04 00:00:00+00:00, run_after=2025-06-05 00:00:00+00:00
[2025-06-05T18:58:26.448+0200] {processor.py:183} INFO - Processing /home/leoja/airflow/airflow_venv/lib/python3.12/site-packages/airflow/example_dags/example_setup_teardown.py took 0.070 seconds
[2025-06-05T18:59:30.016+0200] {processor.py:161} INFO - Started process (PID=540274) to work on /home/leoja/airflow/airflow_venv/lib/python3.12/site-packages/airflow/example_dags/example_setup_teardown.py
[2025-06-05T18:59:30.017+0200] {processor.py:830} INFO - Processing file /home/leoja/airflow/airflow_venv/lib/python3.12/site-packages/airflow/example_dags/example_setup_teardown.py for tasks to queue
[2025-06-05T18:59:30.019+0200] {logging_mixin.py:188} INFO - [2025-06-05T18:59:30.019+0200] {dagbag.py:540} INFO - Filling up the DagBag from /home/leoja/airflow/airflow_venv/lib/python3.12/site-packages/airflow/example_dags/example_setup_teardown.py
[2025-06-05T18:59:30.025+0200] {processor.py:840} INFO - DAG(s) 'example_setup_teardown' retrieved from /home/leoja/airflow/airflow_venv/lib/python3.12/site-packages/airflow/example_dags/example_setup_teardown.py
[2025-06-05T18:59:30.036+0200] {logging_mixin.py:188} INFO - [2025-06-05T18:59:30.036+0200] {dag.py:3096} INFO - Sync 1 DAGs
[2025-06-05T18:59:30.048+0200] {logging_mixin.py:188} INFO - [2025-06-05T18:59:30.048+0200] {dag.py:3954} INFO - Setting next_dagrun for example_setup_teardown to 2025-06-04 00:00:00+00:00, run_after=2025-06-05 00:00:00+00:00
[2025-06-05T18:59:30.070+0200] {processor.py:183} INFO - Processing /home/leoja/airflow/airflow_venv/lib/python3.12/site-packages/airflow/example_dags/example_setup_teardown.py took 0.060 seconds
[2025-06-05T19:00:33.040+0200] {processor.py:161} INFO - Started process (PID=540616) to work on /home/leoja/airflow/airflow_venv/lib/python3.12/site-packages/airflow/example_dags/example_setup_teardown.py
[2025-06-05T19:00:33.042+0200] {processor.py:830} INFO - Processing file /home/leoja/airflow/airflow_venv/lib/python3.12/site-packages/airflow/example_dags/example_setup_teardown.py for tasks to queue
[2025-06-05T19:00:33.043+0200] {logging_mixin.py:188} INFO - [2025-06-05T19:00:33.043+0200] {dagbag.py:540} INFO - Filling up the DagBag from /home/leoja/airflow/airflow_venv/lib/python3.12/site-packages/airflow/example_dags/example_setup_teardown.py
[2025-06-05T19:00:33.049+0200] {processor.py:840} INFO - DAG(s) 'example_setup_teardown' retrieved from /home/leoja/airflow/airflow_venv/lib/python3.12/site-packages/airflow/example_dags/example_setup_teardown.py
[2025-06-05T19:00:33.062+0200] {logging_mixin.py:188} INFO - [2025-06-05T19:00:33.062+0200] {dag.py:3096} INFO - Sync 1 DAGs
[2025-06-05T19:00:33.077+0200] {logging_mixin.py:188} INFO - [2025-06-05T19:00:33.077+0200] {dag.py:3954} INFO - Setting next_dagrun for example_setup_teardown to 2025-06-04 00:00:00+00:00, run_after=2025-06-05 00:00:00+00:00
[2025-06-05T19:00:33.098+0200] {processor.py:183} INFO - Processing /home/leoja/airflow/airflow_venv/lib/python3.12/site-packages/airflow/example_dags/example_setup_teardown.py took 0.065 seconds
[2025-06-05T19:01:34.276+0200] {processor.py:161} INFO - Started process (PID=540985) to work on /home/leoja/airflow/airflow_venv/lib/python3.12/site-packages/airflow/example_dags/example_setup_teardown.py
[2025-06-05T19:01:34.278+0200] {processor.py:830} INFO - Processing file /home/leoja/airflow/airflow_venv/lib/python3.12/site-packages/airflow/example_dags/example_setup_teardown.py for tasks to queue
[2025-06-05T19:01:34.280+0200] {logging_mixin.py:188} INFO - [2025-06-05T19:01:34.280+0200] {dagbag.py:540} INFO - Filling up the DagBag from /home/leoja/airflow/airflow_venv/lib/python3.12/site-packages/airflow/example_dags/example_setup_teardown.py
[2025-06-05T19:01:34.285+0200] {processor.py:840} INFO - DAG(s) 'example_setup_teardown' retrieved from /home/leoja/airflow/airflow_venv/lib/python3.12/site-packages/airflow/example_dags/example_setup_teardown.py
[2025-06-05T19:01:34.297+0200] {logging_mixin.py:188} INFO - [2025-06-05T19:01:34.297+0200] {dag.py:3096} INFO - Sync 1 DAGs
[2025-06-05T19:01:34.310+0200] {logging_mixin.py:188} INFO - [2025-06-05T19:01:34.310+0200] {dag.py:3954} INFO - Setting next_dagrun for example_setup_teardown to 2025-06-04 00:00:00+00:00, run_after=2025-06-05 00:00:00+00:00
[2025-06-05T19:01:34.332+0200] {processor.py:183} INFO - Processing /home/leoja/airflow/airflow_venv/lib/python3.12/site-packages/airflow/example_dags/example_setup_teardown.py took 0.062 seconds
[2025-06-05T19:02:41.169+0200] {processor.py:161} INFO - Started process (PID=541326) to work on /home/leoja/airflow/airflow_venv/lib/python3.12/site-packages/airflow/example_dags/example_setup_teardown.py
[2025-06-05T19:02:41.171+0200] {processor.py:830} INFO - Processing file /home/leoja/airflow/airflow_venv/lib/python3.12/site-packages/airflow/example_dags/example_setup_teardown.py for tasks to queue
[2025-06-05T19:02:41.172+0200] {logging_mixin.py:188} INFO - [2025-06-05T19:02:41.172+0200] {dagbag.py:540} INFO - Filling up the DagBag from /home/leoja/airflow/airflow_venv/lib/python3.12/site-packages/airflow/example_dags/example_setup_teardown.py
[2025-06-05T19:02:41.177+0200] {processor.py:840} INFO - DAG(s) 'example_setup_teardown' retrieved from /home/leoja/airflow/airflow_venv/lib/python3.12/site-packages/airflow/example_dags/example_setup_teardown.py
[2025-06-05T19:02:41.191+0200] {logging_mixin.py:188} INFO - [2025-06-05T19:02:41.190+0200] {dag.py:3096} INFO - Sync 1 DAGs
[2025-06-05T19:02:41.213+0200] {logging_mixin.py:188} INFO - [2025-06-05T19:02:41.213+0200] {dag.py:3954} INFO - Setting next_dagrun for example_setup_teardown to 2025-06-04 00:00:00+00:00, run_after=2025-06-05 00:00:00+00:00
[2025-06-05T19:02:41.241+0200] {processor.py:183} INFO - Processing /home/leoja/airflow/airflow_venv/lib/python3.12/site-packages/airflow/example_dags/example_setup_teardown.py took 0.079 seconds
[2025-06-05T19:03:51.483+0200] {processor.py:161} INFO - Started process (PID=541729) to work on /home/leoja/airflow/airflow_venv/lib/python3.12/site-packages/airflow/example_dags/example_setup_teardown.py
[2025-06-05T19:03:51.485+0200] {processor.py:830} INFO - Processing file /home/leoja/airflow/airflow_venv/lib/python3.12/site-packages/airflow/example_dags/example_setup_teardown.py for tasks to queue
[2025-06-05T19:03:51.486+0200] {logging_mixin.py:188} INFO - [2025-06-05T19:03:51.486+0200] {dagbag.py:540} INFO - Filling up the DagBag from /home/leoja/airflow/airflow_venv/lib/python3.12/site-packages/airflow/example_dags/example_setup_teardown.py
[2025-06-05T19:03:51.492+0200] {processor.py:840} INFO - DAG(s) 'example_setup_teardown' retrieved from /home/leoja/airflow/airflow_venv/lib/python3.12/site-packages/airflow/example_dags/example_setup_teardown.py
[2025-06-05T19:03:51.506+0200] {logging_mixin.py:188} INFO - [2025-06-05T19:03:51.505+0200] {dag.py:3096} INFO - Sync 1 DAGs
[2025-06-05T19:03:51.624+0200] {logging_mixin.py:188} INFO - [2025-06-05T19:03:51.624+0200] {dag.py:3954} INFO - Setting next_dagrun for example_setup_teardown to 2025-06-04 00:00:00+00:00, run_after=2025-06-05 00:00:00+00:00
[2025-06-05T19:03:51.645+0200] {processor.py:183} INFO - Processing /home/leoja/airflow/airflow_venv/lib/python3.12/site-packages/airflow/example_dags/example_setup_teardown.py took 0.168 seconds
[2025-06-05T19:05:02.877+0200] {processor.py:161} INFO - Started process (PID=542193) to work on /home/leoja/airflow/airflow_venv/lib/python3.12/site-packages/airflow/example_dags/example_setup_teardown.py
[2025-06-05T19:05:02.879+0200] {processor.py:830} INFO - Processing file /home/leoja/airflow/airflow_venv/lib/python3.12/site-packages/airflow/example_dags/example_setup_teardown.py for tasks to queue
[2025-06-05T19:05:02.881+0200] {logging_mixin.py:188} INFO - [2025-06-05T19:05:02.881+0200] {dagbag.py:540} INFO - Filling up the DagBag from /home/leoja/airflow/airflow_venv/lib/python3.12/site-packages/airflow/example_dags/example_setup_teardown.py
[2025-06-05T19:05:02.886+0200] {processor.py:840} INFO - DAG(s) 'example_setup_teardown' retrieved from /home/leoja/airflow/airflow_venv/lib/python3.12/site-packages/airflow/example_dags/example_setup_teardown.py
[2025-06-05T19:05:02.898+0200] {logging_mixin.py:188} INFO - [2025-06-05T19:05:02.898+0200] {dag.py:3096} INFO - Sync 1 DAGs
[2025-06-05T19:05:02.991+0200] {logging_mixin.py:188} INFO - [2025-06-05T19:05:02.991+0200] {dag.py:3954} INFO - Setting next_dagrun for example_setup_teardown to 2025-06-04 00:00:00+00:00, run_after=2025-06-05 00:00:00+00:00
[2025-06-05T19:05:03.011+0200] {processor.py:183} INFO - Processing /home/leoja/airflow/airflow_venv/lib/python3.12/site-packages/airflow/example_dags/example_setup_teardown.py took 0.140 seconds
[2025-06-05T19:05:50.047+0200] {processor.py:161} INFO - Started process (PID=542345) to work on /home/leoja/airflow/airflow_venv/lib/python3.12/site-packages/airflow/example_dags/example_setup_teardown.py
[2025-06-05T19:05:50.049+0200] {processor.py:830} INFO - Processing file /home/leoja/airflow/airflow_venv/lib/python3.12/site-packages/airflow/example_dags/example_setup_teardown.py for tasks to queue
[2025-06-05T19:05:50.050+0200] {logging_mixin.py:188} INFO - [2025-06-05T19:05:50.050+0200] {dagbag.py:540} INFO - Filling up the DagBag from /home/leoja/airflow/airflow_venv/lib/python3.12/site-packages/airflow/example_dags/example_setup_teardown.py
[2025-06-05T19:05:50.056+0200] {processor.py:840} INFO - DAG(s) 'example_setup_teardown' retrieved from /home/leoja/airflow/airflow_venv/lib/python3.12/site-packages/airflow/example_dags/example_setup_teardown.py
[2025-06-05T19:05:50.067+0200] {logging_mixin.py:188} INFO - [2025-06-05T19:05:50.067+0200] {dag.py:3096} INFO - Sync 1 DAGs
[2025-06-05T19:05:50.080+0200] {logging_mixin.py:188} INFO - [2025-06-05T19:05:50.080+0200] {dag.py:3954} INFO - Setting next_dagrun for example_setup_teardown to 2025-06-04 00:00:00+00:00, run_after=2025-06-05 00:00:00+00:00
[2025-06-05T19:05:50.101+0200] {processor.py:183} INFO - Processing /home/leoja/airflow/airflow_venv/lib/python3.12/site-packages/airflow/example_dags/example_setup_teardown.py took 0.060 seconds
[2025-06-05T19:06:51.205+0200] {processor.py:161} INFO - Started process (PID=542587) to work on /home/leoja/airflow/airflow_venv/lib/python3.12/site-packages/airflow/example_dags/example_setup_teardown.py
[2025-06-05T19:06:51.207+0200] {processor.py:830} INFO - Processing file /home/leoja/airflow/airflow_venv/lib/python3.12/site-packages/airflow/example_dags/example_setup_teardown.py for tasks to queue
[2025-06-05T19:06:51.209+0200] {logging_mixin.py:188} INFO - [2025-06-05T19:06:51.208+0200] {dagbag.py:540} INFO - Filling up the DagBag from /home/leoja/airflow/airflow_venv/lib/python3.12/site-packages/airflow/example_dags/example_setup_teardown.py
[2025-06-05T19:06:51.213+0200] {processor.py:840} INFO - DAG(s) 'example_setup_teardown' retrieved from /home/leoja/airflow/airflow_venv/lib/python3.12/site-packages/airflow/example_dags/example_setup_teardown.py
[2025-06-05T19:06:51.225+0200] {logging_mixin.py:188} INFO - [2025-06-05T19:06:51.225+0200] {dag.py:3096} INFO - Sync 1 DAGs
[2025-06-05T19:06:51.236+0200] {logging_mixin.py:188} INFO - [2025-06-05T19:06:51.236+0200] {dag.py:3954} INFO - Setting next_dagrun for example_setup_teardown to 2025-06-04 00:00:00+00:00, run_after=2025-06-05 00:00:00+00:00
[2025-06-05T19:06:51.261+0200] {processor.py:183} INFO - Processing /home/leoja/airflow/airflow_venv/lib/python3.12/site-packages/airflow/example_dags/example_setup_teardown.py took 0.061 seconds
[2025-06-05T19:07:51.228+0200] {processor.py:161} INFO - Started process (PID=543013) to work on /home/leoja/airflow/airflow_venv/lib/python3.12/site-packages/airflow/example_dags/example_setup_teardown.py
[2025-06-05T19:07:51.230+0200] {processor.py:830} INFO - Processing file /home/leoja/airflow/airflow_venv/lib/python3.12/site-packages/airflow/example_dags/example_setup_teardown.py for tasks to queue
[2025-06-05T19:07:51.232+0200] {logging_mixin.py:188} INFO - [2025-06-05T19:07:51.231+0200] {dagbag.py:540} INFO - Filling up the DagBag from /home/leoja/airflow/airflow_venv/lib/python3.12/site-packages/airflow/example_dags/example_setup_teardown.py
[2025-06-05T19:07:51.236+0200] {processor.py:840} INFO - DAG(s) 'example_setup_teardown' retrieved from /home/leoja/airflow/airflow_venv/lib/python3.12/site-packages/airflow/example_dags/example_setup_teardown.py
[2025-06-05T19:07:51.249+0200] {logging_mixin.py:188} INFO - [2025-06-05T19:07:51.248+0200] {dag.py:3096} INFO - Sync 1 DAGs
[2025-06-05T19:07:51.261+0200] {logging_mixin.py:188} INFO - [2025-06-05T19:07:51.260+0200] {dag.py:3954} INFO - Setting next_dagrun for example_setup_teardown to 2025-06-04 00:00:00+00:00, run_after=2025-06-05 00:00:00+00:00
[2025-06-05T19:07:51.282+0200] {processor.py:183} INFO - Processing /home/leoja/airflow/airflow_venv/lib/python3.12/site-packages/airflow/example_dags/example_setup_teardown.py took 0.059 seconds
[2025-06-05T19:09:31.065+0200] {processor.py:161} INFO - Started process (PID=544023) to work on /home/leoja/airflow/airflow_venv/lib/python3.12/site-packages/airflow/example_dags/example_setup_teardown.py
[2025-06-05T19:09:31.067+0200] {processor.py:830} INFO - Processing file /home/leoja/airflow/airflow_venv/lib/python3.12/site-packages/airflow/example_dags/example_setup_teardown.py for tasks to queue
[2025-06-05T19:09:31.071+0200] {logging_mixin.py:188} INFO - [2025-06-05T19:09:31.070+0200] {dagbag.py:540} INFO - Filling up the DagBag from /home/leoja/airflow/airflow_venv/lib/python3.12/site-packages/airflow/example_dags/example_setup_teardown.py
[2025-06-05T19:09:31.080+0200] {processor.py:840} INFO - DAG(s) 'example_setup_teardown' retrieved from /home/leoja/airflow/airflow_venv/lib/python3.12/site-packages/airflow/example_dags/example_setup_teardown.py
[2025-06-05T19:09:31.103+0200] {logging_mixin.py:188} INFO - [2025-06-05T19:09:31.103+0200] {dag.py:3096} INFO - Sync 1 DAGs
[2025-06-05T19:09:31.129+0200] {logging_mixin.py:188} INFO - [2025-06-05T19:09:31.129+0200] {dag.py:3954} INFO - Setting next_dagrun for example_setup_teardown to 2025-06-04 00:00:00+00:00, run_after=2025-06-05 00:00:00+00:00
[2025-06-05T19:09:31.176+0200] {processor.py:183} INFO - Processing /home/leoja/airflow/airflow_venv/lib/python3.12/site-packages/airflow/example_dags/example_setup_teardown.py took 0.120 seconds
[2025-06-05T19:10:34.988+0200] {processor.py:161} INFO - Started process (PID=544402) to work on /home/leoja/airflow/airflow_venv/lib/python3.12/site-packages/airflow/example_dags/example_setup_teardown.py
[2025-06-05T19:10:34.990+0200] {processor.py:830} INFO - Processing file /home/leoja/airflow/airflow_venv/lib/python3.12/site-packages/airflow/example_dags/example_setup_teardown.py for tasks to queue
[2025-06-05T19:10:34.992+0200] {logging_mixin.py:188} INFO - [2025-06-05T19:10:34.992+0200] {dagbag.py:540} INFO - Filling up the DagBag from /home/leoja/airflow/airflow_venv/lib/python3.12/site-packages/airflow/example_dags/example_setup_teardown.py
[2025-06-05T19:10:34.997+0200] {processor.py:840} INFO - DAG(s) 'example_setup_teardown' retrieved from /home/leoja/airflow/airflow_venv/lib/python3.12/site-packages/airflow/example_dags/example_setup_teardown.py
[2025-06-05T19:10:35.012+0200] {logging_mixin.py:188} INFO - [2025-06-05T19:10:35.012+0200] {dag.py:3096} INFO - Sync 1 DAGs
[2025-06-05T19:10:35.028+0200] {logging_mixin.py:188} INFO - [2025-06-05T19:10:35.028+0200] {dag.py:3954} INFO - Setting next_dagrun for example_setup_teardown to 2025-06-04 00:00:00+00:00, run_after=2025-06-05 00:00:00+00:00
[2025-06-05T19:10:35.047+0200] {processor.py:183} INFO - Processing /home/leoja/airflow/airflow_venv/lib/python3.12/site-packages/airflow/example_dags/example_setup_teardown.py took 0.066 seconds
[2025-06-05T19:11:38.127+0200] {processor.py:161} INFO - Started process (PID=544813) to work on /home/leoja/airflow/airflow_venv/lib/python3.12/site-packages/airflow/example_dags/example_setup_teardown.py
[2025-06-05T19:11:38.131+0200] {processor.py:830} INFO - Processing file /home/leoja/airflow/airflow_venv/lib/python3.12/site-packages/airflow/example_dags/example_setup_teardown.py for tasks to queue
[2025-06-05T19:11:38.132+0200] {logging_mixin.py:188} INFO - [2025-06-05T19:11:38.132+0200] {dagbag.py:540} INFO - Filling up the DagBag from /home/leoja/airflow/airflow_venv/lib/python3.12/site-packages/airflow/example_dags/example_setup_teardown.py
[2025-06-05T19:11:38.137+0200] {processor.py:840} INFO - DAG(s) 'example_setup_teardown' retrieved from /home/leoja/airflow/airflow_venv/lib/python3.12/site-packages/airflow/example_dags/example_setup_teardown.py
[2025-06-05T19:11:38.150+0200] {logging_mixin.py:188} INFO - [2025-06-05T19:11:38.150+0200] {dag.py:3096} INFO - Sync 1 DAGs
[2025-06-05T19:11:38.165+0200] {logging_mixin.py:188} INFO - [2025-06-05T19:11:38.165+0200] {dag.py:3954} INFO - Setting next_dagrun for example_setup_teardown to 2025-06-04 00:00:00+00:00, run_after=2025-06-05 00:00:00+00:00
[2025-06-05T19:11:38.201+0200] {processor.py:183} INFO - Processing /home/leoja/airflow/airflow_venv/lib/python3.12/site-packages/airflow/example_dags/example_setup_teardown.py took 0.081 seconds
[2025-06-05T19:12:40.152+0200] {processor.py:161} INFO - Started process (PID=545159) to work on /home/leoja/airflow/airflow_venv/lib/python3.12/site-packages/airflow/example_dags/example_setup_teardown.py
[2025-06-05T19:12:40.154+0200] {processor.py:830} INFO - Processing file /home/leoja/airflow/airflow_venv/lib/python3.12/site-packages/airflow/example_dags/example_setup_teardown.py for tasks to queue
[2025-06-05T19:12:40.156+0200] {logging_mixin.py:188} INFO - [2025-06-05T19:12:40.156+0200] {dagbag.py:540} INFO - Filling up the DagBag from /home/leoja/airflow/airflow_venv/lib/python3.12/site-packages/airflow/example_dags/example_setup_teardown.py
[2025-06-05T19:12:40.162+0200] {processor.py:840} INFO - DAG(s) 'example_setup_teardown' retrieved from /home/leoja/airflow/airflow_venv/lib/python3.12/site-packages/airflow/example_dags/example_setup_teardown.py
[2025-06-05T19:12:40.175+0200] {logging_mixin.py:188} INFO - [2025-06-05T19:12:40.174+0200] {dag.py:3096} INFO - Sync 1 DAGs
[2025-06-05T19:12:40.189+0200] {logging_mixin.py:188} INFO - [2025-06-05T19:12:40.188+0200] {dag.py:3954} INFO - Setting next_dagrun for example_setup_teardown to 2025-06-04 00:00:00+00:00, run_after=2025-06-05 00:00:00+00:00
[2025-06-05T19:12:40.220+0200] {processor.py:183} INFO - Processing /home/leoja/airflow/airflow_venv/lib/python3.12/site-packages/airflow/example_dags/example_setup_teardown.py took 0.074 seconds
[2025-06-05T19:13:46.413+0200] {processor.py:161} INFO - Started process (PID=545572) to work on /home/leoja/airflow/airflow_venv/lib/python3.12/site-packages/airflow/example_dags/example_setup_teardown.py
[2025-06-05T19:13:46.415+0200] {processor.py:830} INFO - Processing file /home/leoja/airflow/airflow_venv/lib/python3.12/site-packages/airflow/example_dags/example_setup_teardown.py for tasks to queue
[2025-06-05T19:13:46.417+0200] {logging_mixin.py:188} INFO - [2025-06-05T19:13:46.416+0200] {dagbag.py:540} INFO - Filling up the DagBag from /home/leoja/airflow/airflow_venv/lib/python3.12/site-packages/airflow/example_dags/example_setup_teardown.py
[2025-06-05T19:13:46.421+0200] {processor.py:840} INFO - DAG(s) 'example_setup_teardown' retrieved from /home/leoja/airflow/airflow_venv/lib/python3.12/site-packages/airflow/example_dags/example_setup_teardown.py
[2025-06-05T19:13:46.433+0200] {logging_mixin.py:188} INFO - [2025-06-05T19:13:46.433+0200] {dag.py:3096} INFO - Sync 1 DAGs
[2025-06-05T19:13:46.447+0200] {logging_mixin.py:188} INFO - [2025-06-05T19:13:46.447+0200] {dag.py:3954} INFO - Setting next_dagrun for example_setup_teardown to 2025-06-04 00:00:00+00:00, run_after=2025-06-05 00:00:00+00:00
[2025-06-05T19:13:46.468+0200] {processor.py:183} INFO - Processing /home/leoja/airflow/airflow_venv/lib/python3.12/site-packages/airflow/example_dags/example_setup_teardown.py took 0.061 seconds
[2025-06-05T19:14:47.426+0200] {processor.py:161} INFO - Started process (PID=545971) to work on /home/leoja/airflow/airflow_venv/lib/python3.12/site-packages/airflow/example_dags/example_setup_teardown.py
[2025-06-05T19:14:47.428+0200] {processor.py:830} INFO - Processing file /home/leoja/airflow/airflow_venv/lib/python3.12/site-packages/airflow/example_dags/example_setup_teardown.py for tasks to queue
[2025-06-05T19:14:47.430+0200] {logging_mixin.py:188} INFO - [2025-06-05T19:14:47.429+0200] {dagbag.py:540} INFO - Filling up the DagBag from /home/leoja/airflow/airflow_venv/lib/python3.12/site-packages/airflow/example_dags/example_setup_teardown.py
[2025-06-05T19:14:47.434+0200] {processor.py:840} INFO - DAG(s) 'example_setup_teardown' retrieved from /home/leoja/airflow/airflow_venv/lib/python3.12/site-packages/airflow/example_dags/example_setup_teardown.py
[2025-06-05T19:14:47.446+0200] {logging_mixin.py:188} INFO - [2025-06-05T19:14:47.446+0200] {dag.py:3096} INFO - Sync 1 DAGs
[2025-06-05T19:14:47.459+0200] {logging_mixin.py:188} INFO - [2025-06-05T19:14:47.459+0200] {dag.py:3954} INFO - Setting next_dagrun for example_setup_teardown to 2025-06-04 00:00:00+00:00, run_after=2025-06-05 00:00:00+00:00
[2025-06-05T19:14:47.479+0200] {processor.py:183} INFO - Processing /home/leoja/airflow/airflow_venv/lib/python3.12/site-packages/airflow/example_dags/example_setup_teardown.py took 0.060 seconds
[2025-06-05T19:15:50.138+0200] {processor.py:161} INFO - Started process (PID=546315) to work on /home/leoja/airflow/airflow_venv/lib/python3.12/site-packages/airflow/example_dags/example_setup_teardown.py
[2025-06-05T19:15:50.140+0200] {processor.py:830} INFO - Processing file /home/leoja/airflow/airflow_venv/lib/python3.12/site-packages/airflow/example_dags/example_setup_teardown.py for tasks to queue
[2025-06-05T19:15:50.142+0200] {logging_mixin.py:188} INFO - [2025-06-05T19:15:50.142+0200] {dagbag.py:540} INFO - Filling up the DagBag from /home/leoja/airflow/airflow_venv/lib/python3.12/site-packages/airflow/example_dags/example_setup_teardown.py
[2025-06-05T19:15:50.149+0200] {processor.py:840} INFO - DAG(s) 'example_setup_teardown' retrieved from /home/leoja/airflow/airflow_venv/lib/python3.12/site-packages/airflow/example_dags/example_setup_teardown.py
[2025-06-05T19:15:50.166+0200] {logging_mixin.py:188} INFO - [2025-06-05T19:15:50.165+0200] {dag.py:3096} INFO - Sync 1 DAGs
[2025-06-05T19:15:50.185+0200] {logging_mixin.py:188} INFO - [2025-06-05T19:15:50.185+0200] {dag.py:3954} INFO - Setting next_dagrun for example_setup_teardown to 2025-06-04 00:00:00+00:00, run_after=2025-06-05 00:00:00+00:00
[2025-06-05T19:15:50.209+0200] {processor.py:183} INFO - Processing /home/leoja/airflow/airflow_venv/lib/python3.12/site-packages/airflow/example_dags/example_setup_teardown.py took 0.078 seconds
[2025-06-05T19:16:57.048+0200] {processor.py:161} INFO - Started process (PID=547269) to work on /home/leoja/airflow/airflow_venv/lib/python3.12/site-packages/airflow/example_dags/example_setup_teardown.py
[2025-06-05T19:16:57.050+0200] {processor.py:830} INFO - Processing file /home/leoja/airflow/airflow_venv/lib/python3.12/site-packages/airflow/example_dags/example_setup_teardown.py for tasks to queue
[2025-06-05T19:16:57.051+0200] {logging_mixin.py:188} INFO - [2025-06-05T19:16:57.051+0200] {dagbag.py:540} INFO - Filling up the DagBag from /home/leoja/airflow/airflow_venv/lib/python3.12/site-packages/airflow/example_dags/example_setup_teardown.py
[2025-06-05T19:16:57.057+0200] {processor.py:840} INFO - DAG(s) 'example_setup_teardown' retrieved from /home/leoja/airflow/airflow_venv/lib/python3.12/site-packages/airflow/example_dags/example_setup_teardown.py
[2025-06-05T19:16:57.068+0200] {logging_mixin.py:188} INFO - [2025-06-05T19:16:57.068+0200] {dag.py:3096} INFO - Sync 1 DAGs
[2025-06-05T19:16:57.080+0200] {logging_mixin.py:188} INFO - [2025-06-05T19:16:57.080+0200] {dag.py:3954} INFO - Setting next_dagrun for example_setup_teardown to 2025-06-04 00:00:00+00:00, run_after=2025-06-05 00:00:00+00:00
[2025-06-05T19:16:57.100+0200] {processor.py:183} INFO - Processing /home/leoja/airflow/airflow_venv/lib/python3.12/site-packages/airflow/example_dags/example_setup_teardown.py took 0.057 seconds
[2025-06-05T19:17:52.321+0200] {processor.py:161} INFO - Started process (PID=547649) to work on /home/leoja/airflow/airflow_venv/lib/python3.12/site-packages/airflow/example_dags/example_setup_teardown.py
[2025-06-05T19:17:52.323+0200] {processor.py:830} INFO - Processing file /home/leoja/airflow/airflow_venv/lib/python3.12/site-packages/airflow/example_dags/example_setup_teardown.py for tasks to queue
[2025-06-05T19:17:52.324+0200] {logging_mixin.py:188} INFO - [2025-06-05T19:17:52.324+0200] {dagbag.py:540} INFO - Filling up the DagBag from /home/leoja/airflow/airflow_venv/lib/python3.12/site-packages/airflow/example_dags/example_setup_teardown.py
[2025-06-05T19:17:52.330+0200] {processor.py:840} INFO - DAG(s) 'example_setup_teardown' retrieved from /home/leoja/airflow/airflow_venv/lib/python3.12/site-packages/airflow/example_dags/example_setup_teardown.py
[2025-06-05T19:17:52.342+0200] {logging_mixin.py:188} INFO - [2025-06-05T19:17:52.342+0200] {dag.py:3096} INFO - Sync 1 DAGs
[2025-06-05T19:17:52.356+0200] {logging_mixin.py:188} INFO - [2025-06-05T19:17:52.356+0200] {dag.py:3954} INFO - Setting next_dagrun for example_setup_teardown to 2025-06-04 00:00:00+00:00, run_after=2025-06-05 00:00:00+00:00
[2025-06-05T19:17:52.376+0200] {processor.py:183} INFO - Processing /home/leoja/airflow/airflow_venv/lib/python3.12/site-packages/airflow/example_dags/example_setup_teardown.py took 0.061 seconds
[2025-06-05T19:18:52.839+0200] {processor.py:161} INFO - Started process (PID=547991) to work on /home/leoja/airflow/airflow_venv/lib/python3.12/site-packages/airflow/example_dags/example_setup_teardown.py
[2025-06-05T19:18:52.841+0200] {processor.py:830} INFO - Processing file /home/leoja/airflow/airflow_venv/lib/python3.12/site-packages/airflow/example_dags/example_setup_teardown.py for tasks to queue
[2025-06-05T19:18:52.843+0200] {logging_mixin.py:188} INFO - [2025-06-05T19:18:52.842+0200] {dagbag.py:540} INFO - Filling up the DagBag from /home/leoja/airflow/airflow_venv/lib/python3.12/site-packages/airflow/example_dags/example_setup_teardown.py
[2025-06-05T19:18:52.848+0200] {processor.py:840} INFO - DAG(s) 'example_setup_teardown' retrieved from /home/leoja/airflow/airflow_venv/lib/python3.12/site-packages/airflow/example_dags/example_setup_teardown.py
[2025-06-05T19:18:52.860+0200] {logging_mixin.py:188} INFO - [2025-06-05T19:18:52.860+0200] {dag.py:3096} INFO - Sync 1 DAGs
[2025-06-05T19:18:52.875+0200] {logging_mixin.py:188} INFO - [2025-06-05T19:18:52.874+0200] {dag.py:3954} INFO - Setting next_dagrun for example_setup_teardown to 2025-06-04 00:00:00+00:00, run_after=2025-06-05 00:00:00+00:00
[2025-06-05T19:18:52.898+0200] {processor.py:183} INFO - Processing /home/leoja/airflow/airflow_venv/lib/python3.12/site-packages/airflow/example_dags/example_setup_teardown.py took 0.065 seconds
[2025-06-05T19:19:53.792+0200] {processor.py:161} INFO - Started process (PID=548346) to work on /home/leoja/airflow/airflow_venv/lib/python3.12/site-packages/airflow/example_dags/example_setup_teardown.py
[2025-06-05T19:19:53.794+0200] {processor.py:830} INFO - Processing file /home/leoja/airflow/airflow_venv/lib/python3.12/site-packages/airflow/example_dags/example_setup_teardown.py for tasks to queue
[2025-06-05T19:19:53.800+0200] {logging_mixin.py:188} INFO - [2025-06-05T19:19:53.798+0200] {dagbag.py:540} INFO - Filling up the DagBag from /home/leoja/airflow/airflow_venv/lib/python3.12/site-packages/airflow/example_dags/example_setup_teardown.py
[2025-06-05T19:19:53.811+0200] {processor.py:840} INFO - DAG(s) 'example_setup_teardown' retrieved from /home/leoja/airflow/airflow_venv/lib/python3.12/site-packages/airflow/example_dags/example_setup_teardown.py
[2025-06-05T19:19:53.860+0200] {logging_mixin.py:188} INFO - [2025-06-05T19:19:53.859+0200] {dag.py:3096} INFO - Sync 1 DAGs
[2025-06-05T19:19:53.905+0200] {logging_mixin.py:188} INFO - [2025-06-05T19:19:53.905+0200] {dag.py:3954} INFO - Setting next_dagrun for example_setup_teardown to 2025-06-04 00:00:00+00:00, run_after=2025-06-05 00:00:00+00:00
[2025-06-05T19:19:53.973+0200] {processor.py:183} INFO - Processing /home/leoja/airflow/airflow_venv/lib/python3.12/site-packages/airflow/example_dags/example_setup_teardown.py took 0.187 seconds
[2025-06-05T19:20:56.849+0200] {processor.py:161} INFO - Started process (PID=548796) to work on /home/leoja/airflow/airflow_venv/lib/python3.12/site-packages/airflow/example_dags/example_setup_teardown.py
[2025-06-05T19:20:56.851+0200] {processor.py:830} INFO - Processing file /home/leoja/airflow/airflow_venv/lib/python3.12/site-packages/airflow/example_dags/example_setup_teardown.py for tasks to queue
[2025-06-05T19:20:56.853+0200] {logging_mixin.py:188} INFO - [2025-06-05T19:20:56.852+0200] {dagbag.py:540} INFO - Filling up the DagBag from /home/leoja/airflow/airflow_venv/lib/python3.12/site-packages/airflow/example_dags/example_setup_teardown.py
[2025-06-05T19:20:56.861+0200] {processor.py:840} INFO - DAG(s) 'example_setup_teardown' retrieved from /home/leoja/airflow/airflow_venv/lib/python3.12/site-packages/airflow/example_dags/example_setup_teardown.py
[2025-06-05T19:20:56.875+0200] {logging_mixin.py:188} INFO - [2025-06-05T19:20:56.875+0200] {dag.py:3096} INFO - Sync 1 DAGs
[2025-06-05T19:20:56.895+0200] {logging_mixin.py:188} INFO - [2025-06-05T19:20:56.895+0200] {dag.py:3954} INFO - Setting next_dagrun for example_setup_teardown to 2025-06-04 00:00:00+00:00, run_after=2025-06-05 00:00:00+00:00
[2025-06-05T19:20:56.915+0200] {processor.py:183} INFO - Processing /home/leoja/airflow/airflow_venv/lib/python3.12/site-packages/airflow/example_dags/example_setup_teardown.py took 0.073 seconds
[2025-06-05T19:21:59.006+0200] {processor.py:161} INFO - Started process (PID=549137) to work on /home/leoja/airflow/airflow_venv/lib/python3.12/site-packages/airflow/example_dags/example_setup_teardown.py
[2025-06-05T19:21:59.008+0200] {processor.py:830} INFO - Processing file /home/leoja/airflow/airflow_venv/lib/python3.12/site-packages/airflow/example_dags/example_setup_teardown.py for tasks to queue
[2025-06-05T19:21:59.010+0200] {logging_mixin.py:188} INFO - [2025-06-05T19:21:59.010+0200] {dagbag.py:540} INFO - Filling up the DagBag from /home/leoja/airflow/airflow_venv/lib/python3.12/site-packages/airflow/example_dags/example_setup_teardown.py
[2025-06-05T19:21:59.017+0200] {processor.py:840} INFO - DAG(s) 'example_setup_teardown' retrieved from /home/leoja/airflow/airflow_venv/lib/python3.12/site-packages/airflow/example_dags/example_setup_teardown.py
[2025-06-05T19:21:59.033+0200] {logging_mixin.py:188} INFO - [2025-06-05T19:21:59.032+0200] {dag.py:3096} INFO - Sync 1 DAGs
[2025-06-05T19:21:59.050+0200] {logging_mixin.py:188} INFO - [2025-06-05T19:21:59.050+0200] {dag.py:3954} INFO - Setting next_dagrun for example_setup_teardown to 2025-06-04 00:00:00+00:00, run_after=2025-06-05 00:00:00+00:00
[2025-06-05T19:21:59.072+0200] {processor.py:183} INFO - Processing /home/leoja/airflow/airflow_venv/lib/python3.12/site-packages/airflow/example_dags/example_setup_teardown.py took 0.076 seconds
[2025-06-05T19:23:04.739+0200] {processor.py:161} INFO - Started process (PID=549498) to work on /home/leoja/airflow/airflow_venv/lib/python3.12/site-packages/airflow/example_dags/example_setup_teardown.py
[2025-06-05T19:23:04.741+0200] {processor.py:830} INFO - Processing file /home/leoja/airflow/airflow_venv/lib/python3.12/site-packages/airflow/example_dags/example_setup_teardown.py for tasks to queue
[2025-06-05T19:23:04.743+0200] {logging_mixin.py:188} INFO - [2025-06-05T19:23:04.743+0200] {dagbag.py:540} INFO - Filling up the DagBag from /home/leoja/airflow/airflow_venv/lib/python3.12/site-packages/airflow/example_dags/example_setup_teardown.py
[2025-06-05T19:23:04.748+0200] {processor.py:840} INFO - DAG(s) 'example_setup_teardown' retrieved from /home/leoja/airflow/airflow_venv/lib/python3.12/site-packages/airflow/example_dags/example_setup_teardown.py
[2025-06-05T19:23:04.762+0200] {logging_mixin.py:188} INFO - [2025-06-05T19:23:04.762+0200] {dag.py:3096} INFO - Sync 1 DAGs
[2025-06-05T19:23:04.777+0200] {logging_mixin.py:188} INFO - [2025-06-05T19:23:04.776+0200] {dag.py:3954} INFO - Setting next_dagrun for example_setup_teardown to 2025-06-04 00:00:00+00:00, run_after=2025-06-05 00:00:00+00:00
[2025-06-05T19:23:04.799+0200] {processor.py:183} INFO - Processing /home/leoja/airflow/airflow_venv/lib/python3.12/site-packages/airflow/example_dags/example_setup_teardown.py took 0.066 seconds
[2025-06-05T19:24:06.545+0200] {processor.py:161} INFO - Started process (PID=549842) to work on /home/leoja/airflow/airflow_venv/lib/python3.12/site-packages/airflow/example_dags/example_setup_teardown.py
[2025-06-05T19:24:06.546+0200] {processor.py:830} INFO - Processing file /home/leoja/airflow/airflow_venv/lib/python3.12/site-packages/airflow/example_dags/example_setup_teardown.py for tasks to queue
[2025-06-05T19:24:06.548+0200] {logging_mixin.py:188} INFO - [2025-06-05T19:24:06.548+0200] {dagbag.py:540} INFO - Filling up the DagBag from /home/leoja/airflow/airflow_venv/lib/python3.12/site-packages/airflow/example_dags/example_setup_teardown.py
[2025-06-05T19:24:06.554+0200] {processor.py:840} INFO - DAG(s) 'example_setup_teardown' retrieved from /home/leoja/airflow/airflow_venv/lib/python3.12/site-packages/airflow/example_dags/example_setup_teardown.py
[2025-06-05T19:24:06.566+0200] {logging_mixin.py:188} INFO - [2025-06-05T19:24:06.566+0200] {dag.py:3096} INFO - Sync 1 DAGs
[2025-06-05T19:24:06.580+0200] {logging_mixin.py:188} INFO - [2025-06-05T19:24:06.580+0200] {dag.py:3954} INFO - Setting next_dagrun for example_setup_teardown to 2025-06-04 00:00:00+00:00, run_after=2025-06-05 00:00:00+00:00
[2025-06-05T19:24:06.599+0200] {processor.py:183} INFO - Processing /home/leoja/airflow/airflow_venv/lib/python3.12/site-packages/airflow/example_dags/example_setup_teardown.py took 0.060 seconds
[2025-06-05T19:25:10.978+0200] {processor.py:161} INFO - Started process (PID=550190) to work on /home/leoja/airflow/airflow_venv/lib/python3.12/site-packages/airflow/example_dags/example_setup_teardown.py
[2025-06-05T19:25:10.980+0200] {processor.py:830} INFO - Processing file /home/leoja/airflow/airflow_venv/lib/python3.12/site-packages/airflow/example_dags/example_setup_teardown.py for tasks to queue
[2025-06-05T19:25:10.982+0200] {logging_mixin.py:188} INFO - [2025-06-05T19:25:10.982+0200] {dagbag.py:540} INFO - Filling up the DagBag from /home/leoja/airflow/airflow_venv/lib/python3.12/site-packages/airflow/example_dags/example_setup_teardown.py
[2025-06-05T19:25:10.987+0200] {processor.py:840} INFO - DAG(s) 'example_setup_teardown' retrieved from /home/leoja/airflow/airflow_venv/lib/python3.12/site-packages/airflow/example_dags/example_setup_teardown.py
[2025-06-05T19:25:11.001+0200] {logging_mixin.py:188} INFO - [2025-06-05T19:25:11.001+0200] {dag.py:3096} INFO - Sync 1 DAGs
[2025-06-05T19:25:11.014+0200] {logging_mixin.py:188} INFO - [2025-06-05T19:25:11.013+0200] {dag.py:3954} INFO - Setting next_dagrun for example_setup_teardown to 2025-06-04 00:00:00+00:00, run_after=2025-06-05 00:00:00+00:00
[2025-06-05T19:25:11.034+0200] {processor.py:183} INFO - Processing /home/leoja/airflow/airflow_venv/lib/python3.12/site-packages/airflow/example_dags/example_setup_teardown.py took 0.063 seconds
[2025-06-05T19:26:06.989+0200] {processor.py:161} INFO - Started process (PID=550615) to work on /home/leoja/airflow/airflow_venv/lib/python3.12/site-packages/airflow/example_dags/example_setup_teardown.py
[2025-06-05T19:26:06.992+0200] {processor.py:830} INFO - Processing file /home/leoja/airflow/airflow_venv/lib/python3.12/site-packages/airflow/example_dags/example_setup_teardown.py for tasks to queue
[2025-06-05T19:26:06.993+0200] {logging_mixin.py:188} INFO - [2025-06-05T19:26:06.993+0200] {dagbag.py:540} INFO - Filling up the DagBag from /home/leoja/airflow/airflow_venv/lib/python3.12/site-packages/airflow/example_dags/example_setup_teardown.py
[2025-06-05T19:26:06.999+0200] {processor.py:840} INFO - DAG(s) 'example_setup_teardown' retrieved from /home/leoja/airflow/airflow_venv/lib/python3.12/site-packages/airflow/example_dags/example_setup_teardown.py
[2025-06-05T19:26:07.011+0200] {logging_mixin.py:188} INFO - [2025-06-05T19:26:07.011+0200] {dag.py:3096} INFO - Sync 1 DAGs
[2025-06-05T19:26:07.024+0200] {logging_mixin.py:188} INFO - [2025-06-05T19:26:07.024+0200] {dag.py:3954} INFO - Setting next_dagrun for example_setup_teardown to 2025-06-04 00:00:00+00:00, run_after=2025-06-05 00:00:00+00:00
[2025-06-05T19:26:07.044+0200] {processor.py:183} INFO - Processing /home/leoja/airflow/airflow_venv/lib/python3.12/site-packages/airflow/example_dags/example_setup_teardown.py took 0.061 seconds
[2025-06-05T19:27:12.348+0200] {processor.py:161} INFO - Started process (PID=551036) to work on /home/leoja/airflow/airflow_venv/lib/python3.12/site-packages/airflow/example_dags/example_setup_teardown.py
[2025-06-05T19:27:12.350+0200] {processor.py:830} INFO - Processing file /home/leoja/airflow/airflow_venv/lib/python3.12/site-packages/airflow/example_dags/example_setup_teardown.py for tasks to queue
[2025-06-05T19:27:12.351+0200] {logging_mixin.py:188} INFO - [2025-06-05T19:27:12.351+0200] {dagbag.py:540} INFO - Filling up the DagBag from /home/leoja/airflow/airflow_venv/lib/python3.12/site-packages/airflow/example_dags/example_setup_teardown.py
[2025-06-05T19:27:12.357+0200] {processor.py:840} INFO - DAG(s) 'example_setup_teardown' retrieved from /home/leoja/airflow/airflow_venv/lib/python3.12/site-packages/airflow/example_dags/example_setup_teardown.py
[2025-06-05T19:27:12.372+0200] {logging_mixin.py:188} INFO - [2025-06-05T19:27:12.371+0200] {dag.py:3096} INFO - Sync 1 DAGs
[2025-06-05T19:27:12.388+0200] {logging_mixin.py:188} INFO - [2025-06-05T19:27:12.388+0200] {dag.py:3954} INFO - Setting next_dagrun for example_setup_teardown to 2025-06-04 00:00:00+00:00, run_after=2025-06-05 00:00:00+00:00
[2025-06-05T19:27:12.408+0200] {processor.py:183} INFO - Processing /home/leoja/airflow/airflow_venv/lib/python3.12/site-packages/airflow/example_dags/example_setup_teardown.py took 0.066 seconds
[2025-06-05T19:28:22.509+0200] {processor.py:161} INFO - Started process (PID=552048) to work on /home/leoja/airflow/airflow_venv/lib/python3.12/site-packages/airflow/example_dags/example_setup_teardown.py
[2025-06-05T19:28:22.511+0200] {processor.py:830} INFO - Processing file /home/leoja/airflow/airflow_venv/lib/python3.12/site-packages/airflow/example_dags/example_setup_teardown.py for tasks to queue
[2025-06-05T19:28:22.513+0200] {logging_mixin.py:188} INFO - [2025-06-05T19:28:22.512+0200] {dagbag.py:540} INFO - Filling up the DagBag from /home/leoja/airflow/airflow_venv/lib/python3.12/site-packages/airflow/example_dags/example_setup_teardown.py
[2025-06-05T19:28:22.521+0200] {processor.py:840} INFO - DAG(s) 'example_setup_teardown' retrieved from /home/leoja/airflow/airflow_venv/lib/python3.12/site-packages/airflow/example_dags/example_setup_teardown.py
[2025-06-05T19:28:22.538+0200] {logging_mixin.py:188} INFO - [2025-06-05T19:28:22.538+0200] {dag.py:3096} INFO - Sync 1 DAGs
[2025-06-05T19:28:22.565+0200] {logging_mixin.py:188} INFO - [2025-06-05T19:28:22.565+0200] {dag.py:3954} INFO - Setting next_dagrun for example_setup_teardown to 2025-06-04 00:00:00+00:00, run_after=2025-06-05 00:00:00+00:00
[2025-06-05T19:28:22.595+0200] {processor.py:183} INFO - Processing /home/leoja/airflow/airflow_venv/lib/python3.12/site-packages/airflow/example_dags/example_setup_teardown.py took 0.096 seconds
[2025-06-05T19:29:10.108+0200] {processor.py:161} INFO - Started process (PID=552463) to work on /home/leoja/airflow/airflow_venv/lib/python3.12/site-packages/airflow/example_dags/example_setup_teardown.py
[2025-06-05T19:29:10.110+0200] {processor.py:830} INFO - Processing file /home/leoja/airflow/airflow_venv/lib/python3.12/site-packages/airflow/example_dags/example_setup_teardown.py for tasks to queue
[2025-06-05T19:29:10.111+0200] {logging_mixin.py:188} INFO - [2025-06-05T19:29:10.111+0200] {dagbag.py:540} INFO - Filling up the DagBag from /home/leoja/airflow/airflow_venv/lib/python3.12/site-packages/airflow/example_dags/example_setup_teardown.py
[2025-06-05T19:29:10.117+0200] {processor.py:840} INFO - DAG(s) 'example_setup_teardown' retrieved from /home/leoja/airflow/airflow_venv/lib/python3.12/site-packages/airflow/example_dags/example_setup_teardown.py
[2025-06-05T19:29:10.129+0200] {logging_mixin.py:188} INFO - [2025-06-05T19:29:10.128+0200] {dag.py:3096} INFO - Sync 1 DAGs
[2025-06-05T19:29:10.142+0200] {logging_mixin.py:188} INFO - [2025-06-05T19:29:10.142+0200] {dag.py:3954} INFO - Setting next_dagrun for example_setup_teardown to 2025-06-04 00:00:00+00:00, run_after=2025-06-05 00:00:00+00:00
[2025-06-05T19:29:10.164+0200] {processor.py:183} INFO - Processing /home/leoja/airflow/airflow_venv/lib/python3.12/site-packages/airflow/example_dags/example_setup_teardown.py took 0.061 seconds
[2025-06-05T19:30:17.313+0200] {processor.py:161} INFO - Started process (PID=552866) to work on /home/leoja/airflow/airflow_venv/lib/python3.12/site-packages/airflow/example_dags/example_setup_teardown.py
[2025-06-05T19:30:17.314+0200] {processor.py:830} INFO - Processing file /home/leoja/airflow/airflow_venv/lib/python3.12/site-packages/airflow/example_dags/example_setup_teardown.py for tasks to queue
[2025-06-05T19:30:17.315+0200] {logging_mixin.py:188} INFO - [2025-06-05T19:30:17.315+0200] {dagbag.py:540} INFO - Filling up the DagBag from /home/leoja/airflow/airflow_venv/lib/python3.12/site-packages/airflow/example_dags/example_setup_teardown.py
[2025-06-05T19:30:17.321+0200] {processor.py:840} INFO - DAG(s) 'example_setup_teardown' retrieved from /home/leoja/airflow/airflow_venv/lib/python3.12/site-packages/airflow/example_dags/example_setup_teardown.py
[2025-06-05T19:30:17.348+0200] {logging_mixin.py:188} INFO - [2025-06-05T19:30:17.347+0200] {dag.py:3096} INFO - Sync 1 DAGs
[2025-06-05T19:30:17.382+0200] {logging_mixin.py:188} INFO - [2025-06-05T19:30:17.382+0200] {dag.py:3954} INFO - Setting next_dagrun for example_setup_teardown to 2025-06-04 00:00:00+00:00, run_after=2025-06-05 00:00:00+00:00
[2025-06-05T19:30:17.430+0200] {processor.py:183} INFO - Processing /home/leoja/airflow/airflow_venv/lib/python3.12/site-packages/airflow/example_dags/example_setup_teardown.py took 0.125 seconds
[2025-06-05T19:31:24.812+0200] {processor.py:161} INFO - Started process (PID=553234) to work on /home/leoja/airflow/airflow_venv/lib/python3.12/site-packages/airflow/example_dags/example_setup_teardown.py
[2025-06-05T19:31:24.813+0200] {processor.py:830} INFO - Processing file /home/leoja/airflow/airflow_venv/lib/python3.12/site-packages/airflow/example_dags/example_setup_teardown.py for tasks to queue
[2025-06-05T19:31:24.815+0200] {logging_mixin.py:188} INFO - [2025-06-05T19:31:24.814+0200] {dagbag.py:540} INFO - Filling up the DagBag from /home/leoja/airflow/airflow_venv/lib/python3.12/site-packages/airflow/example_dags/example_setup_teardown.py
[2025-06-05T19:31:24.820+0200] {processor.py:840} INFO - DAG(s) 'example_setup_teardown' retrieved from /home/leoja/airflow/airflow_venv/lib/python3.12/site-packages/airflow/example_dags/example_setup_teardown.py
[2025-06-05T19:31:24.833+0200] {logging_mixin.py:188} INFO - [2025-06-05T19:31:24.832+0200] {dag.py:3096} INFO - Sync 1 DAGs
[2025-06-05T19:31:24.846+0200] {logging_mixin.py:188} INFO - [2025-06-05T19:31:24.846+0200] {dag.py:3954} INFO - Setting next_dagrun for example_setup_teardown to 2025-06-04 00:00:00+00:00, run_after=2025-06-05 00:00:00+00:00
[2025-06-05T19:31:24.868+0200] {processor.py:183} INFO - Processing /home/leoja/airflow/airflow_venv/lib/python3.12/site-packages/airflow/example_dags/example_setup_teardown.py took 0.064 seconds
[2025-06-05T19:32:28.461+0200] {processor.py:161} INFO - Started process (PID=553603) to work on /home/leoja/airflow/airflow_venv/lib/python3.12/site-packages/airflow/example_dags/example_setup_teardown.py
[2025-06-05T19:32:28.463+0200] {processor.py:830} INFO - Processing file /home/leoja/airflow/airflow_venv/lib/python3.12/site-packages/airflow/example_dags/example_setup_teardown.py for tasks to queue
[2025-06-05T19:32:28.465+0200] {logging_mixin.py:188} INFO - [2025-06-05T19:32:28.464+0200] {dagbag.py:540} INFO - Filling up the DagBag from /home/leoja/airflow/airflow_venv/lib/python3.12/site-packages/airflow/example_dags/example_setup_teardown.py
[2025-06-05T19:32:28.472+0200] {processor.py:840} INFO - DAG(s) 'example_setup_teardown' retrieved from /home/leoja/airflow/airflow_venv/lib/python3.12/site-packages/airflow/example_dags/example_setup_teardown.py
[2025-06-05T19:32:28.486+0200] {logging_mixin.py:188} INFO - [2025-06-05T19:32:28.486+0200] {dag.py:3096} INFO - Sync 1 DAGs
[2025-06-05T19:32:28.506+0200] {logging_mixin.py:188} INFO - [2025-06-05T19:32:28.506+0200] {dag.py:3954} INFO - Setting next_dagrun for example_setup_teardown to 2025-06-04 00:00:00+00:00, run_after=2025-06-05 00:00:00+00:00
[2025-06-05T19:32:28.529+0200] {processor.py:183} INFO - Processing /home/leoja/airflow/airflow_venv/lib/python3.12/site-packages/airflow/example_dags/example_setup_teardown.py took 0.074 seconds
[2025-06-05T19:33:34.306+0200] {processor.py:161} INFO - Started process (PID=553977) to work on /home/leoja/airflow/airflow_venv/lib/python3.12/site-packages/airflow/example_dags/example_setup_teardown.py
[2025-06-05T19:33:34.308+0200] {processor.py:830} INFO - Processing file /home/leoja/airflow/airflow_venv/lib/python3.12/site-packages/airflow/example_dags/example_setup_teardown.py for tasks to queue
[2025-06-05T19:33:34.309+0200] {logging_mixin.py:188} INFO - [2025-06-05T19:33:34.309+0200] {dagbag.py:540} INFO - Filling up the DagBag from /home/leoja/airflow/airflow_venv/lib/python3.12/site-packages/airflow/example_dags/example_setup_teardown.py
[2025-06-05T19:33:34.316+0200] {processor.py:840} INFO - DAG(s) 'example_setup_teardown' retrieved from /home/leoja/airflow/airflow_venv/lib/python3.12/site-packages/airflow/example_dags/example_setup_teardown.py
[2025-06-05T19:33:34.328+0200] {logging_mixin.py:188} INFO - [2025-06-05T19:33:34.328+0200] {dag.py:3096} INFO - Sync 1 DAGs
[2025-06-05T19:33:34.343+0200] {logging_mixin.py:188} INFO - [2025-06-05T19:33:34.343+0200] {dag.py:3954} INFO - Setting next_dagrun for example_setup_teardown to 2025-06-04 00:00:00+00:00, run_after=2025-06-05 00:00:00+00:00
[2025-06-05T19:33:34.364+0200] {processor.py:183} INFO - Processing /home/leoja/airflow/airflow_venv/lib/python3.12/site-packages/airflow/example_dags/example_setup_teardown.py took 0.067 seconds
[2025-06-05T19:34:38.972+0200] {processor.py:161} INFO - Started process (PID=554349) to work on /home/leoja/airflow/airflow_venv/lib/python3.12/site-packages/airflow/example_dags/example_setup_teardown.py
[2025-06-05T19:34:38.974+0200] {processor.py:830} INFO - Processing file /home/leoja/airflow/airflow_venv/lib/python3.12/site-packages/airflow/example_dags/example_setup_teardown.py for tasks to queue
[2025-06-05T19:34:38.976+0200] {logging_mixin.py:188} INFO - [2025-06-05T19:34:38.975+0200] {dagbag.py:540} INFO - Filling up the DagBag from /home/leoja/airflow/airflow_venv/lib/python3.12/site-packages/airflow/example_dags/example_setup_teardown.py
[2025-06-05T19:34:38.988+0200] {processor.py:840} INFO - DAG(s) 'example_setup_teardown' retrieved from /home/leoja/airflow/airflow_venv/lib/python3.12/site-packages/airflow/example_dags/example_setup_teardown.py
[2025-06-05T19:34:39.008+0200] {logging_mixin.py:188} INFO - [2025-06-05T19:34:39.007+0200] {dag.py:3096} INFO - Sync 1 DAGs
[2025-06-05T19:34:39.024+0200] {logging_mixin.py:188} INFO - [2025-06-05T19:34:39.024+0200] {dag.py:3954} INFO - Setting next_dagrun for example_setup_teardown to 2025-06-04 00:00:00+00:00, run_after=2025-06-05 00:00:00+00:00
[2025-06-05T19:34:39.047+0200] {processor.py:183} INFO - Processing /home/leoja/airflow/airflow_venv/lib/python3.12/site-packages/airflow/example_dags/example_setup_teardown.py took 0.083 seconds
[2025-06-05T19:35:39.293+0200] {processor.py:161} INFO - Started process (PID=554684) to work on /home/leoja/airflow/airflow_venv/lib/python3.12/site-packages/airflow/example_dags/example_setup_teardown.py
[2025-06-05T19:35:39.294+0200] {processor.py:830} INFO - Processing file /home/leoja/airflow/airflow_venv/lib/python3.12/site-packages/airflow/example_dags/example_setup_teardown.py for tasks to queue
[2025-06-05T19:35:39.295+0200] {logging_mixin.py:188} INFO - [2025-06-05T19:35:39.295+0200] {dagbag.py:540} INFO - Filling up the DagBag from /home/leoja/airflow/airflow_venv/lib/python3.12/site-packages/airflow/example_dags/example_setup_teardown.py
[2025-06-05T19:35:39.301+0200] {processor.py:840} INFO - DAG(s) 'example_setup_teardown' retrieved from /home/leoja/airflow/airflow_venv/lib/python3.12/site-packages/airflow/example_dags/example_setup_teardown.py
[2025-06-05T19:35:39.313+0200] {logging_mixin.py:188} INFO - [2025-06-05T19:35:39.312+0200] {dag.py:3096} INFO - Sync 1 DAGs
[2025-06-05T19:35:39.326+0200] {logging_mixin.py:188} INFO - [2025-06-05T19:35:39.326+0200] {dag.py:3954} INFO - Setting next_dagrun for example_setup_teardown to 2025-06-04 00:00:00+00:00, run_after=2025-06-05 00:00:00+00:00
[2025-06-05T19:35:39.347+0200] {processor.py:183} INFO - Processing /home/leoja/airflow/airflow_venv/lib/python3.12/site-packages/airflow/example_dags/example_setup_teardown.py took 0.060 seconds
[2025-06-05T19:36:43.821+0200] {processor.py:161} INFO - Started process (PID=555053) to work on /home/leoja/airflow/airflow_venv/lib/python3.12/site-packages/airflow/example_dags/example_setup_teardown.py
[2025-06-05T19:36:43.823+0200] {processor.py:830} INFO - Processing file /home/leoja/airflow/airflow_venv/lib/python3.12/site-packages/airflow/example_dags/example_setup_teardown.py for tasks to queue
[2025-06-05T19:36:43.825+0200] {logging_mixin.py:188} INFO - [2025-06-05T19:36:43.824+0200] {dagbag.py:540} INFO - Filling up the DagBag from /home/leoja/airflow/airflow_venv/lib/python3.12/site-packages/airflow/example_dags/example_setup_teardown.py
[2025-06-05T19:36:43.830+0200] {processor.py:840} INFO - DAG(s) 'example_setup_teardown' retrieved from /home/leoja/airflow/airflow_venv/lib/python3.12/site-packages/airflow/example_dags/example_setup_teardown.py
[2025-06-05T19:36:43.842+0200] {logging_mixin.py:188} INFO - [2025-06-05T19:36:43.842+0200] {dag.py:3096} INFO - Sync 1 DAGs
[2025-06-05T19:36:43.862+0200] {logging_mixin.py:188} INFO - [2025-06-05T19:36:43.862+0200] {dag.py:3954} INFO - Setting next_dagrun for example_setup_teardown to 2025-06-04 00:00:00+00:00, run_after=2025-06-05 00:00:00+00:00
[2025-06-05T19:36:43.885+0200] {processor.py:183} INFO - Processing /home/leoja/airflow/airflow_venv/lib/python3.12/site-packages/airflow/example_dags/example_setup_teardown.py took 0.074 seconds
[2025-06-05T19:37:53.588+0200] {processor.py:161} INFO - Started process (PID=555453) to work on /home/leoja/airflow/airflow_venv/lib/python3.12/site-packages/airflow/example_dags/example_setup_teardown.py
[2025-06-05T19:37:53.589+0200] {processor.py:830} INFO - Processing file /home/leoja/airflow/airflow_venv/lib/python3.12/site-packages/airflow/example_dags/example_setup_teardown.py for tasks to queue
[2025-06-05T19:37:53.591+0200] {logging_mixin.py:188} INFO - [2025-06-05T19:37:53.591+0200] {dagbag.py:540} INFO - Filling up the DagBag from /home/leoja/airflow/airflow_venv/lib/python3.12/site-packages/airflow/example_dags/example_setup_teardown.py
[2025-06-05T19:37:53.596+0200] {processor.py:840} INFO - DAG(s) 'example_setup_teardown' retrieved from /home/leoja/airflow/airflow_venv/lib/python3.12/site-packages/airflow/example_dags/example_setup_teardown.py
[2025-06-05T19:37:53.609+0200] {logging_mixin.py:188} INFO - [2025-06-05T19:37:53.609+0200] {dag.py:3096} INFO - Sync 1 DAGs
[2025-06-05T19:37:53.625+0200] {logging_mixin.py:188} INFO - [2025-06-05T19:37:53.624+0200] {dag.py:3954} INFO - Setting next_dagrun for example_setup_teardown to 2025-06-04 00:00:00+00:00, run_after=2025-06-05 00:00:00+00:00
[2025-06-05T19:37:53.648+0200] {processor.py:183} INFO - Processing /home/leoja/airflow/airflow_venv/lib/python3.12/site-packages/airflow/example_dags/example_setup_teardown.py took 0.066 seconds
[2025-06-05T19:38:56.556+0200] {processor.py:161} INFO - Started process (PID=555804) to work on /home/leoja/airflow/airflow_venv/lib/python3.12/site-packages/airflow/example_dags/example_setup_teardown.py
[2025-06-05T19:38:56.557+0200] {processor.py:830} INFO - Processing file /home/leoja/airflow/airflow_venv/lib/python3.12/site-packages/airflow/example_dags/example_setup_teardown.py for tasks to queue
[2025-06-05T19:38:56.559+0200] {logging_mixin.py:188} INFO - [2025-06-05T19:38:56.559+0200] {dagbag.py:540} INFO - Filling up the DagBag from /home/leoja/airflow/airflow_venv/lib/python3.12/site-packages/airflow/example_dags/example_setup_teardown.py
[2025-06-05T19:38:56.564+0200] {processor.py:840} INFO - DAG(s) 'example_setup_teardown' retrieved from /home/leoja/airflow/airflow_venv/lib/python3.12/site-packages/airflow/example_dags/example_setup_teardown.py
[2025-06-05T19:38:56.576+0200] {logging_mixin.py:188} INFO - [2025-06-05T19:38:56.575+0200] {dag.py:3096} INFO - Sync 1 DAGs
[2025-06-05T19:38:56.590+0200] {logging_mixin.py:188} INFO - [2025-06-05T19:38:56.590+0200] {dag.py:3954} INFO - Setting next_dagrun for example_setup_teardown to 2025-06-04 00:00:00+00:00, run_after=2025-06-05 00:00:00+00:00
[2025-06-05T19:38:56.611+0200] {processor.py:183} INFO - Processing /home/leoja/airflow/airflow_venv/lib/python3.12/site-packages/airflow/example_dags/example_setup_teardown.py took 0.061 seconds
[2025-06-05T19:40:02.459+0200] {processor.py:161} INFO - Started process (PID=556196) to work on /home/leoja/airflow/airflow_venv/lib/python3.12/site-packages/airflow/example_dags/example_setup_teardown.py
[2025-06-05T19:40:02.461+0200] {processor.py:830} INFO - Processing file /home/leoja/airflow/airflow_venv/lib/python3.12/site-packages/airflow/example_dags/example_setup_teardown.py for tasks to queue
[2025-06-05T19:40:02.462+0200] {logging_mixin.py:188} INFO - [2025-06-05T19:40:02.462+0200] {dagbag.py:540} INFO - Filling up the DagBag from /home/leoja/airflow/airflow_venv/lib/python3.12/site-packages/airflow/example_dags/example_setup_teardown.py
[2025-06-05T19:40:02.467+0200] {processor.py:840} INFO - DAG(s) 'example_setup_teardown' retrieved from /home/leoja/airflow/airflow_venv/lib/python3.12/site-packages/airflow/example_dags/example_setup_teardown.py
[2025-06-05T19:40:02.479+0200] {logging_mixin.py:188} INFO - [2025-06-05T19:40:02.479+0200] {dag.py:3096} INFO - Sync 1 DAGs
[2025-06-05T19:40:02.493+0200] {logging_mixin.py:188} INFO - [2025-06-05T19:40:02.493+0200] {dag.py:3954} INFO - Setting next_dagrun for example_setup_teardown to 2025-06-04 00:00:00+00:00, run_after=2025-06-05 00:00:00+00:00
[2025-06-05T19:40:02.513+0200] {processor.py:183} INFO - Processing /home/leoja/airflow/airflow_venv/lib/python3.12/site-packages/airflow/example_dags/example_setup_teardown.py took 0.059 seconds
[2025-06-05T19:41:11.493+0200] {processor.py:161} INFO - Started process (PID=556650) to work on /home/leoja/airflow/airflow_venv/lib/python3.12/site-packages/airflow/example_dags/example_setup_teardown.py
[2025-06-05T19:41:11.494+0200] {processor.py:830} INFO - Processing file /home/leoja/airflow/airflow_venv/lib/python3.12/site-packages/airflow/example_dags/example_setup_teardown.py for tasks to queue
[2025-06-05T19:41:11.496+0200] {logging_mixin.py:188} INFO - [2025-06-05T19:41:11.495+0200] {dagbag.py:540} INFO - Filling up the DagBag from /home/leoja/airflow/airflow_venv/lib/python3.12/site-packages/airflow/example_dags/example_setup_teardown.py
[2025-06-05T19:41:11.500+0200] {processor.py:840} INFO - DAG(s) 'example_setup_teardown' retrieved from /home/leoja/airflow/airflow_venv/lib/python3.12/site-packages/airflow/example_dags/example_setup_teardown.py
[2025-06-05T19:41:11.511+0200] {logging_mixin.py:188} INFO - [2025-06-05T19:41:11.511+0200] {dag.py:3096} INFO - Sync 1 DAGs
[2025-06-05T19:41:11.524+0200] {logging_mixin.py:188} INFO - [2025-06-05T19:41:11.524+0200] {dag.py:3954} INFO - Setting next_dagrun for example_setup_teardown to 2025-06-04 00:00:00+00:00, run_after=2025-06-05 00:00:00+00:00
[2025-06-05T19:41:11.543+0200] {processor.py:183} INFO - Processing /home/leoja/airflow/airflow_venv/lib/python3.12/site-packages/airflow/example_dags/example_setup_teardown.py took 0.057 seconds
[2025-06-05T19:42:19.392+0200] {processor.py:161} INFO - Started process (PID=557537) to work on /home/leoja/airflow/airflow_venv/lib/python3.12/site-packages/airflow/example_dags/example_setup_teardown.py
[2025-06-05T19:42:19.394+0200] {processor.py:830} INFO - Processing file /home/leoja/airflow/airflow_venv/lib/python3.12/site-packages/airflow/example_dags/example_setup_teardown.py for tasks to queue
[2025-06-05T19:42:19.396+0200] {logging_mixin.py:188} INFO - [2025-06-05T19:42:19.395+0200] {dagbag.py:540} INFO - Filling up the DagBag from /home/leoja/airflow/airflow_venv/lib/python3.12/site-packages/airflow/example_dags/example_setup_teardown.py
[2025-06-05T19:42:19.400+0200] {processor.py:840} INFO - DAG(s) 'example_setup_teardown' retrieved from /home/leoja/airflow/airflow_venv/lib/python3.12/site-packages/airflow/example_dags/example_setup_teardown.py
[2025-06-05T19:42:19.412+0200] {logging_mixin.py:188} INFO - [2025-06-05T19:42:19.412+0200] {dag.py:3096} INFO - Sync 1 DAGs
[2025-06-05T19:42:19.425+0200] {logging_mixin.py:188} INFO - [2025-06-05T19:42:19.424+0200] {dag.py:3954} INFO - Setting next_dagrun for example_setup_teardown to 2025-06-04 00:00:00+00:00, run_after=2025-06-05 00:00:00+00:00
[2025-06-05T19:42:19.449+0200] {processor.py:183} INFO - Processing /home/leoja/airflow/airflow_venv/lib/python3.12/site-packages/airflow/example_dags/example_setup_teardown.py took 0.062 seconds
[2025-06-05T19:43:27.269+0200] {processor.py:161} INFO - Started process (PID=557788) to work on /home/leoja/airflow/airflow_venv/lib/python3.12/site-packages/airflow/example_dags/example_setup_teardown.py
[2025-06-05T19:43:27.271+0200] {processor.py:830} INFO - Processing file /home/leoja/airflow/airflow_venv/lib/python3.12/site-packages/airflow/example_dags/example_setup_teardown.py for tasks to queue
[2025-06-05T19:43:27.273+0200] {logging_mixin.py:188} INFO - [2025-06-05T19:43:27.273+0200] {dagbag.py:540} INFO - Filling up the DagBag from /home/leoja/airflow/airflow_venv/lib/python3.12/site-packages/airflow/example_dags/example_setup_teardown.py
[2025-06-05T19:43:27.278+0200] {processor.py:840} INFO - DAG(s) 'example_setup_teardown' retrieved from /home/leoja/airflow/airflow_venv/lib/python3.12/site-packages/airflow/example_dags/example_setup_teardown.py
[2025-06-05T19:43:27.290+0200] {logging_mixin.py:188} INFO - [2025-06-05T19:43:27.289+0200] {dag.py:3096} INFO - Sync 1 DAGs
[2025-06-05T19:43:27.301+0200] {logging_mixin.py:188} INFO - [2025-06-05T19:43:27.301+0200] {dag.py:3954} INFO - Setting next_dagrun for example_setup_teardown to 2025-06-04 00:00:00+00:00, run_after=2025-06-05 00:00:00+00:00
[2025-06-05T19:43:27.323+0200] {processor.py:183} INFO - Processing /home/leoja/airflow/airflow_venv/lib/python3.12/site-packages/airflow/example_dags/example_setup_teardown.py took 0.059 seconds
[2025-06-05T19:44:26.431+0200] {processor.py:161} INFO - Started process (PID=558228) to work on /home/leoja/airflow/airflow_venv/lib/python3.12/site-packages/airflow/example_dags/example_setup_teardown.py
[2025-06-05T19:44:26.433+0200] {processor.py:830} INFO - Processing file /home/leoja/airflow/airflow_venv/lib/python3.12/site-packages/airflow/example_dags/example_setup_teardown.py for tasks to queue
[2025-06-05T19:44:26.434+0200] {logging_mixin.py:188} INFO - [2025-06-05T19:44:26.434+0200] {dagbag.py:540} INFO - Filling up the DagBag from /home/leoja/airflow/airflow_venv/lib/python3.12/site-packages/airflow/example_dags/example_setup_teardown.py
[2025-06-05T19:44:26.439+0200] {processor.py:840} INFO - DAG(s) 'example_setup_teardown' retrieved from /home/leoja/airflow/airflow_venv/lib/python3.12/site-packages/airflow/example_dags/example_setup_teardown.py
[2025-06-05T19:44:26.454+0200] {logging_mixin.py:188} INFO - [2025-06-05T19:44:26.453+0200] {dag.py:3096} INFO - Sync 1 DAGs
[2025-06-05T19:44:26.473+0200] {logging_mixin.py:188} INFO - [2025-06-05T19:44:26.472+0200] {dag.py:3954} INFO - Setting next_dagrun for example_setup_teardown to 2025-06-04 00:00:00+00:00, run_after=2025-06-05 00:00:00+00:00
[2025-06-05T19:44:26.502+0200] {processor.py:183} INFO - Processing /home/leoja/airflow/airflow_venv/lib/python3.12/site-packages/airflow/example_dags/example_setup_teardown.py took 0.076 seconds
