[2025-06-05T07:53:51.884+0200] {processor.py:161} INFO - Started process (PID=531282) to work on /home/leoja/airflow/airflow_venv/lib/python3.12/site-packages/airflow/example_dags/example_bash_operator.py
[2025-06-05T07:53:51.885+0200] {processor.py:830} INFO - Processing file /home/leoja/airflow/airflow_venv/lib/python3.12/site-packages/airflow/example_dags/example_bash_operator.py for tasks to queue
[2025-06-05T07:53:51.887+0200] {logging_mixin.py:188} INFO - [2025-06-05T07:53:51.886+0200] {dagbag.py:540} INFO - Filling up the DagBag from /home/leoja/airflow/airflow_venv/lib/python3.12/site-packages/airflow/example_dags/example_bash_operator.py
[2025-06-05T07:53:51.898+0200] {processor.py:840} INFO - DAG(s) 'example_bash_operator' retrieved from /home/leoja/airflow/airflow_venv/lib/python3.12/site-packages/airflow/example_dags/example_bash_operator.py
[2025-06-05T07:53:51.918+0200] {logging_mixin.py:188} INFO - [2025-06-05T07:53:51.917+0200] {dag.py:3096} INFO - Sync 1 DAGs
[2025-06-05T07:53:51.938+0200] {logging_mixin.py:188} INFO - [2025-06-05T07:53:51.938+0200] {dag.py:3954} INFO - Setting next_dagrun for example_bash_operator to 2025-06-04 00:00:00+00:00, run_after=2025-06-05 00:00:00+00:00
[2025-06-05T07:53:51.968+0200] {processor.py:183} INFO - Processing /home/leoja/airflow/airflow_venv/lib/python3.12/site-packages/airflow/example_dags/example_bash_operator.py took 0.092 seconds
[2025-06-05T07:54:56.149+0200] {processor.py:161} INFO - Started process (PID=531506) to work on /home/leoja/airflow/airflow_venv/lib/python3.12/site-packages/airflow/example_dags/example_bash_operator.py
[2025-06-05T07:54:56.157+0200] {processor.py:830} INFO - Processing file /home/leoja/airflow/airflow_venv/lib/python3.12/site-packages/airflow/example_dags/example_bash_operator.py for tasks to queue
[2025-06-05T07:54:56.159+0200] {logging_mixin.py:188} INFO - [2025-06-05T07:54:56.159+0200] {dagbag.py:540} INFO - Filling up the DagBag from /home/leoja/airflow/airflow_venv/lib/python3.12/site-packages/airflow/example_dags/example_bash_operator.py
[2025-06-05T07:54:56.169+0200] {processor.py:840} INFO - DAG(s) 'example_bash_operator' retrieved from /home/leoja/airflow/airflow_venv/lib/python3.12/site-packages/airflow/example_dags/example_bash_operator.py
[2025-06-05T07:54:56.184+0200] {logging_mixin.py:188} INFO - [2025-06-05T07:54:56.184+0200] {dag.py:3096} INFO - Sync 1 DAGs
[2025-06-05T07:54:56.198+0200] {logging_mixin.py:188} INFO - [2025-06-05T07:54:56.198+0200] {dag.py:3954} INFO - Setting next_dagrun for example_bash_operator to 2025-06-04 00:00:00+00:00, run_after=2025-06-05 00:00:00+00:00
[2025-06-05T07:54:56.219+0200] {processor.py:183} INFO - Processing /home/leoja/airflow/airflow_venv/lib/python3.12/site-packages/airflow/example_dags/example_bash_operator.py took 0.076 seconds
[2025-06-05T07:55:59.144+0200] {processor.py:161} INFO - Started process (PID=531744) to work on /home/leoja/airflow/airflow_venv/lib/python3.12/site-packages/airflow/example_dags/example_bash_operator.py
[2025-06-05T07:55:59.146+0200] {processor.py:830} INFO - Processing file /home/leoja/airflow/airflow_venv/lib/python3.12/site-packages/airflow/example_dags/example_bash_operator.py for tasks to queue
[2025-06-05T07:55:59.147+0200] {logging_mixin.py:188} INFO - [2025-06-05T07:55:59.147+0200] {dagbag.py:540} INFO - Filling up the DagBag from /home/leoja/airflow/airflow_venv/lib/python3.12/site-packages/airflow/example_dags/example_bash_operator.py
[2025-06-05T07:55:59.155+0200] {processor.py:840} INFO - DAG(s) 'example_bash_operator' retrieved from /home/leoja/airflow/airflow_venv/lib/python3.12/site-packages/airflow/example_dags/example_bash_operator.py
[2025-06-05T07:55:59.171+0200] {logging_mixin.py:188} INFO - [2025-06-05T07:55:59.170+0200] {dag.py:3096} INFO - Sync 1 DAGs
[2025-06-05T07:55:59.185+0200] {logging_mixin.py:188} INFO - [2025-06-05T07:55:59.184+0200] {dag.py:3954} INFO - Setting next_dagrun for example_bash_operator to 2025-06-04 00:00:00+00:00, run_after=2025-06-05 00:00:00+00:00
[2025-06-05T07:55:59.205+0200] {processor.py:183} INFO - Processing /home/leoja/airflow/airflow_venv/lib/python3.12/site-packages/airflow/example_dags/example_bash_operator.py took 0.067 seconds
[2025-06-05T07:57:03.030+0200] {processor.py:161} INFO - Started process (PID=531966) to work on /home/leoja/airflow/airflow_venv/lib/python3.12/site-packages/airflow/example_dags/example_bash_operator.py
[2025-06-05T07:57:03.032+0200] {processor.py:830} INFO - Processing file /home/leoja/airflow/airflow_venv/lib/python3.12/site-packages/airflow/example_dags/example_bash_operator.py for tasks to queue
[2025-06-05T07:57:03.033+0200] {logging_mixin.py:188} INFO - [2025-06-05T07:57:03.033+0200] {dagbag.py:540} INFO - Filling up the DagBag from /home/leoja/airflow/airflow_venv/lib/python3.12/site-packages/airflow/example_dags/example_bash_operator.py
[2025-06-05T07:57:03.041+0200] {processor.py:840} INFO - DAG(s) 'example_bash_operator' retrieved from /home/leoja/airflow/airflow_venv/lib/python3.12/site-packages/airflow/example_dags/example_bash_operator.py
[2025-06-05T07:57:03.056+0200] {logging_mixin.py:188} INFO - [2025-06-05T07:57:03.055+0200] {dag.py:3096} INFO - Sync 1 DAGs
[2025-06-05T07:57:03.069+0200] {logging_mixin.py:188} INFO - [2025-06-05T07:57:03.068+0200] {dag.py:3954} INFO - Setting next_dagrun for example_bash_operator to 2025-06-04 00:00:00+00:00, run_after=2025-06-05 00:00:00+00:00
[2025-06-05T07:57:03.089+0200] {processor.py:183} INFO - Processing /home/leoja/airflow/airflow_venv/lib/python3.12/site-packages/airflow/example_dags/example_bash_operator.py took 0.064 seconds
[2025-06-05T07:58:05.669+0200] {processor.py:161} INFO - Started process (PID=532179) to work on /home/leoja/airflow/airflow_venv/lib/python3.12/site-packages/airflow/example_dags/example_bash_operator.py
[2025-06-05T07:58:05.670+0200] {processor.py:830} INFO - Processing file /home/leoja/airflow/airflow_venv/lib/python3.12/site-packages/airflow/example_dags/example_bash_operator.py for tasks to queue
[2025-06-05T07:58:05.672+0200] {logging_mixin.py:188} INFO - [2025-06-05T07:58:05.672+0200] {dagbag.py:540} INFO - Filling up the DagBag from /home/leoja/airflow/airflow_venv/lib/python3.12/site-packages/airflow/example_dags/example_bash_operator.py
[2025-06-05T07:58:05.680+0200] {processor.py:840} INFO - DAG(s) 'example_bash_operator' retrieved from /home/leoja/airflow/airflow_venv/lib/python3.12/site-packages/airflow/example_dags/example_bash_operator.py
[2025-06-05T07:58:05.695+0200] {logging_mixin.py:188} INFO - [2025-06-05T07:58:05.695+0200] {dag.py:3096} INFO - Sync 1 DAGs
[2025-06-05T07:58:05.710+0200] {logging_mixin.py:188} INFO - [2025-06-05T07:58:05.709+0200] {dag.py:3954} INFO - Setting next_dagrun for example_bash_operator to 2025-06-04 00:00:00+00:00, run_after=2025-06-05 00:00:00+00:00
[2025-06-05T07:58:05.730+0200] {processor.py:183} INFO - Processing /home/leoja/airflow/airflow_venv/lib/python3.12/site-packages/airflow/example_dags/example_bash_operator.py took 0.067 seconds
[2025-06-05T18:44:41.714+0200] {processor.py:161} INFO - Started process (PID=533591) to work on /home/leoja/airflow/airflow_venv/lib/python3.12/site-packages/airflow/example_dags/example_bash_operator.py
[2025-06-05T18:44:41.715+0200] {processor.py:830} INFO - Processing file /home/leoja/airflow/airflow_venv/lib/python3.12/site-packages/airflow/example_dags/example_bash_operator.py for tasks to queue
[2025-06-05T18:44:41.718+0200] {logging_mixin.py:188} INFO - [2025-06-05T18:44:41.717+0200] {dagbag.py:540} INFO - Filling up the DagBag from /home/leoja/airflow/airflow_venv/lib/python3.12/site-packages/airflow/example_dags/example_bash_operator.py
[2025-06-05T18:44:41.726+0200] {processor.py:840} INFO - DAG(s) 'example_bash_operator' retrieved from /home/leoja/airflow/airflow_venv/lib/python3.12/site-packages/airflow/example_dags/example_bash_operator.py
[2025-06-05T18:44:41.742+0200] {logging_mixin.py:188} INFO - [2025-06-05T18:44:41.742+0200] {dag.py:3096} INFO - Sync 1 DAGs
[2025-06-05T18:44:41.756+0200] {logging_mixin.py:188} INFO - [2025-06-05T18:44:41.756+0200] {dag.py:3954} INFO - Setting next_dagrun for example_bash_operator to 2025-06-04 00:00:00+00:00, run_after=2025-06-05 00:00:00+00:00
[2025-06-05T18:44:41.779+0200] {processor.py:183} INFO - Processing /home/leoja/airflow/airflow_venv/lib/python3.12/site-packages/airflow/example_dags/example_bash_operator.py took 0.072 seconds
[2025-06-05T18:45:32.786+0200] {processor.py:161} INFO - Started process (PID=533942) to work on /home/leoja/airflow/airflow_venv/lib/python3.12/site-packages/airflow/example_dags/example_bash_operator.py
[2025-06-05T18:45:32.788+0200] {processor.py:830} INFO - Processing file /home/leoja/airflow/airflow_venv/lib/python3.12/site-packages/airflow/example_dags/example_bash_operator.py for tasks to queue
[2025-06-05T18:45:32.790+0200] {logging_mixin.py:188} INFO - [2025-06-05T18:45:32.790+0200] {dagbag.py:540} INFO - Filling up the DagBag from /home/leoja/airflow/airflow_venv/lib/python3.12/site-packages/airflow/example_dags/example_bash_operator.py
[2025-06-05T18:45:32.797+0200] {processor.py:840} INFO - DAG(s) 'example_bash_operator' retrieved from /home/leoja/airflow/airflow_venv/lib/python3.12/site-packages/airflow/example_dags/example_bash_operator.py
[2025-06-05T18:45:32.811+0200] {logging_mixin.py:188} INFO - [2025-06-05T18:45:32.811+0200] {dag.py:3096} INFO - Sync 1 DAGs
[2025-06-05T18:45:32.824+0200] {logging_mixin.py:188} INFO - [2025-06-05T18:45:32.823+0200] {dag.py:3954} INFO - Setting next_dagrun for example_bash_operator to 2025-06-04 00:00:00+00:00, run_after=2025-06-05 00:00:00+00:00
[2025-06-05T18:45:32.843+0200] {processor.py:183} INFO - Processing /home/leoja/airflow/airflow_venv/lib/python3.12/site-packages/airflow/example_dags/example_bash_operator.py took 0.062 seconds
[2025-06-05T18:46:35.738+0200] {processor.py:161} INFO - Started process (PID=534288) to work on /home/leoja/airflow/airflow_venv/lib/python3.12/site-packages/airflow/example_dags/example_bash_operator.py
[2025-06-05T18:46:35.740+0200] {processor.py:830} INFO - Processing file /home/leoja/airflow/airflow_venv/lib/python3.12/site-packages/airflow/example_dags/example_bash_operator.py for tasks to queue
[2025-06-05T18:46:35.741+0200] {logging_mixin.py:188} INFO - [2025-06-05T18:46:35.741+0200] {dagbag.py:540} INFO - Filling up the DagBag from /home/leoja/airflow/airflow_venv/lib/python3.12/site-packages/airflow/example_dags/example_bash_operator.py
[2025-06-05T18:46:35.755+0200] {processor.py:840} INFO - DAG(s) 'example_bash_operator' retrieved from /home/leoja/airflow/airflow_venv/lib/python3.12/site-packages/airflow/example_dags/example_bash_operator.py
[2025-06-05T18:46:35.789+0200] {logging_mixin.py:188} INFO - [2025-06-05T18:46:35.789+0200] {dag.py:3096} INFO - Sync 1 DAGs
[2025-06-05T18:46:35.806+0200] {logging_mixin.py:188} INFO - [2025-06-05T18:46:35.806+0200] {dag.py:3954} INFO - Setting next_dagrun for example_bash_operator to 2025-06-04 00:00:00+00:00, run_after=2025-06-05 00:00:00+00:00
[2025-06-05T18:46:35.828+0200] {processor.py:183} INFO - Processing /home/leoja/airflow/airflow_venv/lib/python3.12/site-packages/airflow/example_dags/example_bash_operator.py took 0.097 seconds
[2025-06-05T18:47:43.900+0200] {processor.py:161} INFO - Started process (PID=534631) to work on /home/leoja/airflow/airflow_venv/lib/python3.12/site-packages/airflow/example_dags/example_bash_operator.py
[2025-06-05T18:47:43.901+0200] {processor.py:830} INFO - Processing file /home/leoja/airflow/airflow_venv/lib/python3.12/site-packages/airflow/example_dags/example_bash_operator.py for tasks to queue
[2025-06-05T18:47:43.902+0200] {logging_mixin.py:188} INFO - [2025-06-05T18:47:43.902+0200] {dagbag.py:540} INFO - Filling up the DagBag from /home/leoja/airflow/airflow_venv/lib/python3.12/site-packages/airflow/example_dags/example_bash_operator.py
[2025-06-05T18:47:43.912+0200] {processor.py:840} INFO - DAG(s) 'example_bash_operator' retrieved from /home/leoja/airflow/airflow_venv/lib/python3.12/site-packages/airflow/example_dags/example_bash_operator.py
[2025-06-05T18:47:43.929+0200] {logging_mixin.py:188} INFO - [2025-06-05T18:47:43.929+0200] {dag.py:3096} INFO - Sync 1 DAGs
[2025-06-05T18:47:43.944+0200] {logging_mixin.py:188} INFO - [2025-06-05T18:47:43.944+0200] {dag.py:3954} INFO - Setting next_dagrun for example_bash_operator to 2025-06-04 00:00:00+00:00, run_after=2025-06-05 00:00:00+00:00
[2025-06-05T18:47:43.967+0200] {processor.py:183} INFO - Processing /home/leoja/airflow/airflow_venv/lib/python3.12/site-packages/airflow/example_dags/example_bash_operator.py took 0.074 seconds
[2025-06-05T18:48:53.459+0200] {processor.py:161} INFO - Started process (PID=535164) to work on /home/leoja/airflow/airflow_venv/lib/python3.12/site-packages/airflow/example_dags/example_bash_operator.py
[2025-06-05T18:48:53.461+0200] {processor.py:830} INFO - Processing file /home/leoja/airflow/airflow_venv/lib/python3.12/site-packages/airflow/example_dags/example_bash_operator.py for tasks to queue
[2025-06-05T18:48:53.463+0200] {logging_mixin.py:188} INFO - [2025-06-05T18:48:53.463+0200] {dagbag.py:540} INFO - Filling up the DagBag from /home/leoja/airflow/airflow_venv/lib/python3.12/site-packages/airflow/example_dags/example_bash_operator.py
[2025-06-05T18:48:53.472+0200] {processor.py:840} INFO - DAG(s) 'example_bash_operator' retrieved from /home/leoja/airflow/airflow_venv/lib/python3.12/site-packages/airflow/example_dags/example_bash_operator.py
[2025-06-05T18:48:53.489+0200] {logging_mixin.py:188} INFO - [2025-06-05T18:48:53.489+0200] {dag.py:3096} INFO - Sync 1 DAGs
[2025-06-05T18:48:53.504+0200] {logging_mixin.py:188} INFO - [2025-06-05T18:48:53.504+0200] {dag.py:3954} INFO - Setting next_dagrun for example_bash_operator to 2025-06-04 00:00:00+00:00, run_after=2025-06-05 00:00:00+00:00
[2025-06-05T18:48:53.527+0200] {processor.py:183} INFO - Processing /home/leoja/airflow/airflow_venv/lib/python3.12/site-packages/airflow/example_dags/example_bash_operator.py took 0.073 seconds
[2025-06-05T18:49:55.798+0200] {processor.py:161} INFO - Started process (PID=535526) to work on /home/leoja/airflow/airflow_venv/lib/python3.12/site-packages/airflow/example_dags/example_bash_operator.py
[2025-06-05T18:49:55.799+0200] {processor.py:830} INFO - Processing file /home/leoja/airflow/airflow_venv/lib/python3.12/site-packages/airflow/example_dags/example_bash_operator.py for tasks to queue
[2025-06-05T18:49:55.802+0200] {logging_mixin.py:188} INFO - [2025-06-05T18:49:55.801+0200] {dagbag.py:540} INFO - Filling up the DagBag from /home/leoja/airflow/airflow_venv/lib/python3.12/site-packages/airflow/example_dags/example_bash_operator.py
[2025-06-05T18:49:55.822+0200] {processor.py:840} INFO - DAG(s) 'example_bash_operator' retrieved from /home/leoja/airflow/airflow_venv/lib/python3.12/site-packages/airflow/example_dags/example_bash_operator.py
[2025-06-05T18:49:55.861+0200] {logging_mixin.py:188} INFO - [2025-06-05T18:49:55.861+0200] {dag.py:3096} INFO - Sync 1 DAGs
[2025-06-05T18:49:55.891+0200] {logging_mixin.py:188} INFO - [2025-06-05T18:49:55.891+0200] {dag.py:3954} INFO - Setting next_dagrun for example_bash_operator to 2025-06-04 00:00:00+00:00, run_after=2025-06-05 00:00:00+00:00
[2025-06-05T18:49:55.997+0200] {processor.py:183} INFO - Processing /home/leoja/airflow/airflow_venv/lib/python3.12/site-packages/airflow/example_dags/example_bash_operator.py took 0.215 seconds
[2025-06-05T18:51:23.485+0200] {processor.py:161} INFO - Started process (PID=536501) to work on /home/leoja/airflow/airflow_venv/lib/python3.12/site-packages/airflow/example_dags/example_bash_operator.py
[2025-06-05T18:51:23.487+0200] {processor.py:830} INFO - Processing file /home/leoja/airflow/airflow_venv/lib/python3.12/site-packages/airflow/example_dags/example_bash_operator.py for tasks to queue
[2025-06-05T18:51:23.488+0200] {logging_mixin.py:188} INFO - [2025-06-05T18:51:23.488+0200] {dagbag.py:540} INFO - Filling up the DagBag from /home/leoja/airflow/airflow_venv/lib/python3.12/site-packages/airflow/example_dags/example_bash_operator.py
[2025-06-05T18:51:23.499+0200] {processor.py:840} INFO - DAG(s) 'example_bash_operator' retrieved from /home/leoja/airflow/airflow_venv/lib/python3.12/site-packages/airflow/example_dags/example_bash_operator.py
[2025-06-05T18:51:23.517+0200] {logging_mixin.py:188} INFO - [2025-06-05T18:51:23.517+0200] {dag.py:3096} INFO - Sync 1 DAGs
[2025-06-05T18:51:23.535+0200] {logging_mixin.py:188} INFO - [2025-06-05T18:51:23.535+0200] {dag.py:3954} INFO - Setting next_dagrun for example_bash_operator to 2025-06-04 00:00:00+00:00, run_after=2025-06-05 00:00:00+00:00
[2025-06-05T18:51:23.557+0200] {processor.py:183} INFO - Processing /home/leoja/airflow/airflow_venv/lib/python3.12/site-packages/airflow/example_dags/example_bash_operator.py took 0.078 seconds
[2025-06-05T18:52:24.199+0200] {processor.py:161} INFO - Started process (PID=536954) to work on /home/leoja/airflow/airflow_venv/lib/python3.12/site-packages/airflow/example_dags/example_bash_operator.py
[2025-06-05T18:52:24.202+0200] {processor.py:830} INFO - Processing file /home/leoja/airflow/airflow_venv/lib/python3.12/site-packages/airflow/example_dags/example_bash_operator.py for tasks to queue
[2025-06-05T18:52:24.204+0200] {logging_mixin.py:188} INFO - [2025-06-05T18:52:24.204+0200] {dagbag.py:540} INFO - Filling up the DagBag from /home/leoja/airflow/airflow_venv/lib/python3.12/site-packages/airflow/example_dags/example_bash_operator.py
[2025-06-05T18:52:24.214+0200] {processor.py:840} INFO - DAG(s) 'example_bash_operator' retrieved from /home/leoja/airflow/airflow_venv/lib/python3.12/site-packages/airflow/example_dags/example_bash_operator.py
[2025-06-05T18:52:24.231+0200] {logging_mixin.py:188} INFO - [2025-06-05T18:52:24.231+0200] {dag.py:3096} INFO - Sync 1 DAGs
[2025-06-05T18:52:24.248+0200] {logging_mixin.py:188} INFO - [2025-06-05T18:52:24.248+0200] {dag.py:3954} INFO - Setting next_dagrun for example_bash_operator to 2025-06-04 00:00:00+00:00, run_after=2025-06-05 00:00:00+00:00
[2025-06-05T18:52:24.273+0200] {processor.py:183} INFO - Processing /home/leoja/airflow/airflow_venv/lib/python3.12/site-packages/airflow/example_dags/example_bash_operator.py took 0.080 seconds
[2025-06-05T18:53:30.542+0200] {processor.py:161} INFO - Started process (PID=537479) to work on /home/leoja/airflow/airflow_venv/lib/python3.12/site-packages/airflow/example_dags/example_bash_operator.py
[2025-06-05T18:53:30.544+0200] {processor.py:830} INFO - Processing file /home/leoja/airflow/airflow_venv/lib/python3.12/site-packages/airflow/example_dags/example_bash_operator.py for tasks to queue
[2025-06-05T18:53:30.546+0200] {logging_mixin.py:188} INFO - [2025-06-05T18:53:30.545+0200] {dagbag.py:540} INFO - Filling up the DagBag from /home/leoja/airflow/airflow_venv/lib/python3.12/site-packages/airflow/example_dags/example_bash_operator.py
[2025-06-05T18:53:30.554+0200] {processor.py:840} INFO - DAG(s) 'example_bash_operator' retrieved from /home/leoja/airflow/airflow_venv/lib/python3.12/site-packages/airflow/example_dags/example_bash_operator.py
[2025-06-05T18:53:30.571+0200] {logging_mixin.py:188} INFO - [2025-06-05T18:53:30.571+0200] {dag.py:3096} INFO - Sync 1 DAGs
[2025-06-05T18:53:30.588+0200] {logging_mixin.py:188} INFO - [2025-06-05T18:53:30.587+0200] {dag.py:3954} INFO - Setting next_dagrun for example_bash_operator to 2025-06-04 00:00:00+00:00, run_after=2025-06-05 00:00:00+00:00
[2025-06-05T18:53:30.608+0200] {processor.py:183} INFO - Processing /home/leoja/airflow/airflow_venv/lib/python3.12/site-packages/airflow/example_dags/example_bash_operator.py took 0.075 seconds
[2025-06-05T18:54:51.033+0200] {processor.py:161} INFO - Started process (PID=538492) to work on /home/leoja/airflow/airflow_venv/lib/python3.12/site-packages/airflow/example_dags/example_bash_operator.py
[2025-06-05T18:54:51.035+0200] {processor.py:830} INFO - Processing file /home/leoja/airflow/airflow_venv/lib/python3.12/site-packages/airflow/example_dags/example_bash_operator.py for tasks to queue
[2025-06-05T18:54:51.036+0200] {logging_mixin.py:188} INFO - [2025-06-05T18:54:51.036+0200] {dagbag.py:540} INFO - Filling up the DagBag from /home/leoja/airflow/airflow_venv/lib/python3.12/site-packages/airflow/example_dags/example_bash_operator.py
[2025-06-05T18:54:51.045+0200] {processor.py:840} INFO - DAG(s) 'example_bash_operator' retrieved from /home/leoja/airflow/airflow_venv/lib/python3.12/site-packages/airflow/example_dags/example_bash_operator.py
[2025-06-05T18:54:51.063+0200] {logging_mixin.py:188} INFO - [2025-06-05T18:54:51.063+0200] {dag.py:3096} INFO - Sync 1 DAGs
[2025-06-05T18:54:51.077+0200] {logging_mixin.py:188} INFO - [2025-06-05T18:54:51.077+0200] {dag.py:3954} INFO - Setting next_dagrun for example_bash_operator to 2025-06-04 00:00:00+00:00, run_after=2025-06-05 00:00:00+00:00
[2025-06-05T18:54:51.099+0200] {processor.py:183} INFO - Processing /home/leoja/airflow/airflow_venv/lib/python3.12/site-packages/airflow/example_dags/example_bash_operator.py took 0.079 seconds
[2025-06-05T18:55:55.585+0200] {processor.py:161} INFO - Started process (PID=538853) to work on /home/leoja/airflow/airflow_venv/lib/python3.12/site-packages/airflow/example_dags/example_bash_operator.py
[2025-06-05T18:55:55.587+0200] {processor.py:830} INFO - Processing file /home/leoja/airflow/airflow_venv/lib/python3.12/site-packages/airflow/example_dags/example_bash_operator.py for tasks to queue
[2025-06-05T18:55:55.589+0200] {logging_mixin.py:188} INFO - [2025-06-05T18:55:55.589+0200] {dagbag.py:540} INFO - Filling up the DagBag from /home/leoja/airflow/airflow_venv/lib/python3.12/site-packages/airflow/example_dags/example_bash_operator.py
[2025-06-05T18:55:55.600+0200] {processor.py:840} INFO - DAG(s) 'example_bash_operator' retrieved from /home/leoja/airflow/airflow_venv/lib/python3.12/site-packages/airflow/example_dags/example_bash_operator.py
[2025-06-05T18:55:55.622+0200] {logging_mixin.py:188} INFO - [2025-06-05T18:55:55.621+0200] {dag.py:3096} INFO - Sync 1 DAGs
[2025-06-05T18:55:55.639+0200] {logging_mixin.py:188} INFO - [2025-06-05T18:55:55.639+0200] {dag.py:3954} INFO - Setting next_dagrun for example_bash_operator to 2025-06-04 00:00:00+00:00, run_after=2025-06-05 00:00:00+00:00
[2025-06-05T18:55:55.661+0200] {processor.py:183} INFO - Processing /home/leoja/airflow/airflow_venv/lib/python3.12/site-packages/airflow/example_dags/example_bash_operator.py took 0.084 seconds
[2025-06-05T18:57:00.387+0200] {processor.py:161} INFO - Started process (PID=539251) to work on /home/leoja/airflow/airflow_venv/lib/python3.12/site-packages/airflow/example_dags/example_bash_operator.py
[2025-06-05T18:57:00.389+0200] {processor.py:830} INFO - Processing file /home/leoja/airflow/airflow_venv/lib/python3.12/site-packages/airflow/example_dags/example_bash_operator.py for tasks to queue
[2025-06-05T18:57:00.392+0200] {logging_mixin.py:188} INFO - [2025-06-05T18:57:00.391+0200] {dagbag.py:540} INFO - Filling up the DagBag from /home/leoja/airflow/airflow_venv/lib/python3.12/site-packages/airflow/example_dags/example_bash_operator.py
[2025-06-05T18:57:00.402+0200] {processor.py:840} INFO - DAG(s) 'example_bash_operator' retrieved from /home/leoja/airflow/airflow_venv/lib/python3.12/site-packages/airflow/example_dags/example_bash_operator.py
[2025-06-05T18:57:00.423+0200] {logging_mixin.py:188} INFO - [2025-06-05T18:57:00.423+0200] {dag.py:3096} INFO - Sync 1 DAGs
[2025-06-05T18:57:00.441+0200] {logging_mixin.py:188} INFO - [2025-06-05T18:57:00.441+0200] {dag.py:3954} INFO - Setting next_dagrun for example_bash_operator to 2025-06-04 00:00:00+00:00, run_after=2025-06-05 00:00:00+00:00
[2025-06-05T18:57:00.464+0200] {processor.py:183} INFO - Processing /home/leoja/airflow/airflow_venv/lib/python3.12/site-packages/airflow/example_dags/example_bash_operator.py took 0.095 seconds
[2025-06-05T18:58:06.124+0200] {processor.py:161} INFO - Started process (PID=539770) to work on /home/leoja/airflow/airflow_venv/lib/python3.12/site-packages/airflow/example_dags/example_bash_operator.py
[2025-06-05T18:58:06.127+0200] {processor.py:830} INFO - Processing file /home/leoja/airflow/airflow_venv/lib/python3.12/site-packages/airflow/example_dags/example_bash_operator.py for tasks to queue
[2025-06-05T18:58:06.130+0200] {logging_mixin.py:188} INFO - [2025-06-05T18:58:06.129+0200] {dagbag.py:540} INFO - Filling up the DagBag from /home/leoja/airflow/airflow_venv/lib/python3.12/site-packages/airflow/example_dags/example_bash_operator.py
[2025-06-05T18:58:06.142+0200] {processor.py:840} INFO - DAG(s) 'example_bash_operator' retrieved from /home/leoja/airflow/airflow_venv/lib/python3.12/site-packages/airflow/example_dags/example_bash_operator.py
[2025-06-05T18:58:06.162+0200] {logging_mixin.py:188} INFO - [2025-06-05T18:58:06.162+0200] {dag.py:3096} INFO - Sync 1 DAGs
[2025-06-05T18:58:06.184+0200] {logging_mixin.py:188} INFO - [2025-06-05T18:58:06.184+0200] {dag.py:3954} INFO - Setting next_dagrun for example_bash_operator to 2025-06-04 00:00:00+00:00, run_after=2025-06-05 00:00:00+00:00
[2025-06-05T18:58:06.206+0200] {processor.py:183} INFO - Processing /home/leoja/airflow/airflow_venv/lib/python3.12/site-packages/airflow/example_dags/example_bash_operator.py took 0.090 seconds
[2025-06-05T18:59:07.990+0200] {processor.py:161} INFO - Started process (PID=540135) to work on /home/leoja/airflow/airflow_venv/lib/python3.12/site-packages/airflow/example_dags/example_bash_operator.py
[2025-06-05T18:59:07.991+0200] {processor.py:830} INFO - Processing file /home/leoja/airflow/airflow_venv/lib/python3.12/site-packages/airflow/example_dags/example_bash_operator.py for tasks to queue
[2025-06-05T18:59:07.993+0200] {logging_mixin.py:188} INFO - [2025-06-05T18:59:07.993+0200] {dagbag.py:540} INFO - Filling up the DagBag from /home/leoja/airflow/airflow_venv/lib/python3.12/site-packages/airflow/example_dags/example_bash_operator.py
[2025-06-05T18:59:08.003+0200] {processor.py:840} INFO - DAG(s) 'example_bash_operator' retrieved from /home/leoja/airflow/airflow_venv/lib/python3.12/site-packages/airflow/example_dags/example_bash_operator.py
[2025-06-05T18:59:08.020+0200] {logging_mixin.py:188} INFO - [2025-06-05T18:59:08.019+0200] {dag.py:3096} INFO - Sync 1 DAGs
[2025-06-05T18:59:08.036+0200] {logging_mixin.py:188} INFO - [2025-06-05T18:59:08.036+0200] {dag.py:3954} INFO - Setting next_dagrun for example_bash_operator to 2025-06-04 00:00:00+00:00, run_after=2025-06-05 00:00:00+00:00
[2025-06-05T18:59:08.061+0200] {processor.py:183} INFO - Processing /home/leoja/airflow/airflow_venv/lib/python3.12/site-packages/airflow/example_dags/example_bash_operator.py took 0.077 seconds
[2025-06-05T19:00:11.971+0200] {processor.py:161} INFO - Started process (PID=540486) to work on /home/leoja/airflow/airflow_venv/lib/python3.12/site-packages/airflow/example_dags/example_bash_operator.py
[2025-06-05T19:00:11.973+0200] {processor.py:830} INFO - Processing file /home/leoja/airflow/airflow_venv/lib/python3.12/site-packages/airflow/example_dags/example_bash_operator.py for tasks to queue
[2025-06-05T19:00:11.975+0200] {logging_mixin.py:188} INFO - [2025-06-05T19:00:11.974+0200] {dagbag.py:540} INFO - Filling up the DagBag from /home/leoja/airflow/airflow_venv/lib/python3.12/site-packages/airflow/example_dags/example_bash_operator.py
[2025-06-05T19:00:11.985+0200] {processor.py:840} INFO - DAG(s) 'example_bash_operator' retrieved from /home/leoja/airflow/airflow_venv/lib/python3.12/site-packages/airflow/example_dags/example_bash_operator.py
[2025-06-05T19:00:12.000+0200] {logging_mixin.py:188} INFO - [2025-06-05T19:00:12.000+0200] {dag.py:3096} INFO - Sync 1 DAGs
[2025-06-05T19:00:12.014+0200] {logging_mixin.py:188} INFO - [2025-06-05T19:00:12.013+0200] {dag.py:3954} INFO - Setting next_dagrun for example_bash_operator to 2025-06-04 00:00:00+00:00, run_after=2025-06-05 00:00:00+00:00
[2025-06-05T19:00:12.037+0200] {processor.py:183} INFO - Processing /home/leoja/airflow/airflow_venv/lib/python3.12/site-packages/airflow/example_dags/example_bash_operator.py took 0.072 seconds
[2025-06-05T19:01:13.816+0200] {processor.py:161} INFO - Started process (PID=540849) to work on /home/leoja/airflow/airflow_venv/lib/python3.12/site-packages/airflow/example_dags/example_bash_operator.py
[2025-06-05T19:01:13.818+0200] {processor.py:830} INFO - Processing file /home/leoja/airflow/airflow_venv/lib/python3.12/site-packages/airflow/example_dags/example_bash_operator.py for tasks to queue
[2025-06-05T19:01:13.821+0200] {logging_mixin.py:188} INFO - [2025-06-05T19:01:13.820+0200] {dagbag.py:540} INFO - Filling up the DagBag from /home/leoja/airflow/airflow_venv/lib/python3.12/site-packages/airflow/example_dags/example_bash_operator.py
[2025-06-05T19:01:13.840+0200] {processor.py:840} INFO - DAG(s) 'example_bash_operator' retrieved from /home/leoja/airflow/airflow_venv/lib/python3.12/site-packages/airflow/example_dags/example_bash_operator.py
[2025-06-05T19:01:13.905+0200] {logging_mixin.py:188} INFO - [2025-06-05T19:01:13.905+0200] {dag.py:3096} INFO - Sync 1 DAGs
[2025-06-05T19:01:13.976+0200] {logging_mixin.py:188} INFO - [2025-06-05T19:01:13.976+0200] {dag.py:3954} INFO - Setting next_dagrun for example_bash_operator to 2025-06-04 00:00:00+00:00, run_after=2025-06-05 00:00:00+00:00
[2025-06-05T19:01:14.239+0200] {processor.py:183} INFO - Processing /home/leoja/airflow/airflow_venv/lib/python3.12/site-packages/airflow/example_dags/example_bash_operator.py took 0.441 seconds
[2025-06-05T19:02:16.870+0200] {processor.py:161} INFO - Started process (PID=541225) to work on /home/leoja/airflow/airflow_venv/lib/python3.12/site-packages/airflow/example_dags/example_bash_operator.py
[2025-06-05T19:02:16.872+0200] {processor.py:830} INFO - Processing file /home/leoja/airflow/airflow_venv/lib/python3.12/site-packages/airflow/example_dags/example_bash_operator.py for tasks to queue
[2025-06-05T19:02:16.874+0200] {logging_mixin.py:188} INFO - [2025-06-05T19:02:16.873+0200] {dagbag.py:540} INFO - Filling up the DagBag from /home/leoja/airflow/airflow_venv/lib/python3.12/site-packages/airflow/example_dags/example_bash_operator.py
[2025-06-05T19:02:16.882+0200] {processor.py:840} INFO - DAG(s) 'example_bash_operator' retrieved from /home/leoja/airflow/airflow_venv/lib/python3.12/site-packages/airflow/example_dags/example_bash_operator.py
[2025-06-05T19:02:16.899+0200] {logging_mixin.py:188} INFO - [2025-06-05T19:02:16.899+0200] {dag.py:3096} INFO - Sync 1 DAGs
[2025-06-05T19:02:16.914+0200] {logging_mixin.py:188} INFO - [2025-06-05T19:02:16.914+0200] {dag.py:3954} INFO - Setting next_dagrun for example_bash_operator to 2025-06-04 00:00:00+00:00, run_after=2025-06-05 00:00:00+00:00
[2025-06-05T19:02:16.935+0200] {processor.py:183} INFO - Processing /home/leoja/airflow/airflow_venv/lib/python3.12/site-packages/airflow/example_dags/example_bash_operator.py took 0.072 seconds
[2025-06-05T19:03:30.143+0200] {processor.py:161} INFO - Started process (PID=541625) to work on /home/leoja/airflow/airflow_venv/lib/python3.12/site-packages/airflow/example_dags/example_bash_operator.py
[2025-06-05T19:03:30.144+0200] {processor.py:830} INFO - Processing file /home/leoja/airflow/airflow_venv/lib/python3.12/site-packages/airflow/example_dags/example_bash_operator.py for tasks to queue
[2025-06-05T19:03:30.147+0200] {logging_mixin.py:188} INFO - [2025-06-05T19:03:30.147+0200] {dagbag.py:540} INFO - Filling up the DagBag from /home/leoja/airflow/airflow_venv/lib/python3.12/site-packages/airflow/example_dags/example_bash_operator.py
[2025-06-05T19:03:30.180+0200] {processor.py:840} INFO - DAG(s) 'example_bash_operator' retrieved from /home/leoja/airflow/airflow_venv/lib/python3.12/site-packages/airflow/example_dags/example_bash_operator.py
[2025-06-05T19:03:30.224+0200] {logging_mixin.py:188} INFO - [2025-06-05T19:03:30.223+0200] {dag.py:3096} INFO - Sync 1 DAGs
[2025-06-05T19:03:30.248+0200] {logging_mixin.py:188} INFO - [2025-06-05T19:03:30.247+0200] {dag.py:3954} INFO - Setting next_dagrun for example_bash_operator to 2025-06-04 00:00:00+00:00, run_after=2025-06-05 00:00:00+00:00
[2025-06-05T19:03:30.279+0200] {processor.py:183} INFO - Processing /home/leoja/airflow/airflow_venv/lib/python3.12/site-packages/airflow/example_dags/example_bash_operator.py took 0.154 seconds
[2025-06-05T19:04:36.273+0200] {processor.py:161} INFO - Started process (PID=541996) to work on /home/leoja/airflow/airflow_venv/lib/python3.12/site-packages/airflow/example_dags/example_bash_operator.py
[2025-06-05T19:04:36.275+0200] {processor.py:830} INFO - Processing file /home/leoja/airflow/airflow_venv/lib/python3.12/site-packages/airflow/example_dags/example_bash_operator.py for tasks to queue
[2025-06-05T19:04:36.277+0200] {logging_mixin.py:188} INFO - [2025-06-05T19:04:36.276+0200] {dagbag.py:540} INFO - Filling up the DagBag from /home/leoja/airflow/airflow_venv/lib/python3.12/site-packages/airflow/example_dags/example_bash_operator.py
[2025-06-05T19:04:36.286+0200] {processor.py:840} INFO - DAG(s) 'example_bash_operator' retrieved from /home/leoja/airflow/airflow_venv/lib/python3.12/site-packages/airflow/example_dags/example_bash_operator.py
[2025-06-05T19:04:36.302+0200] {logging_mixin.py:188} INFO - [2025-06-05T19:04:36.302+0200] {dag.py:3096} INFO - Sync 1 DAGs
[2025-06-05T19:04:36.315+0200] {logging_mixin.py:188} INFO - [2025-06-05T19:04:36.315+0200] {dag.py:3954} INFO - Setting next_dagrun for example_bash_operator to 2025-06-04 00:00:00+00:00, run_after=2025-06-05 00:00:00+00:00
[2025-06-05T19:04:36.335+0200] {processor.py:183} INFO - Processing /home/leoja/airflow/airflow_venv/lib/python3.12/site-packages/airflow/example_dags/example_bash_operator.py took 0.068 seconds
[2025-06-05T19:05:32.772+0200] {processor.py:161} INFO - Started process (PID=542304) to work on /home/leoja/airflow/airflow_venv/lib/python3.12/site-packages/airflow/example_dags/example_bash_operator.py
[2025-06-05T19:05:32.773+0200] {processor.py:830} INFO - Processing file /home/leoja/airflow/airflow_venv/lib/python3.12/site-packages/airflow/example_dags/example_bash_operator.py for tasks to queue
[2025-06-05T19:05:32.774+0200] {logging_mixin.py:188} INFO - [2025-06-05T19:05:32.774+0200] {dagbag.py:540} INFO - Filling up the DagBag from /home/leoja/airflow/airflow_venv/lib/python3.12/site-packages/airflow/example_dags/example_bash_operator.py
[2025-06-05T19:05:32.779+0200] {processor.py:840} INFO - DAG(s) 'example_bash_operator' retrieved from /home/leoja/airflow/airflow_venv/lib/python3.12/site-packages/airflow/example_dags/example_bash_operator.py
[2025-06-05T19:05:32.793+0200] {logging_mixin.py:188} INFO - [2025-06-05T19:05:32.792+0200] {dag.py:3096} INFO - Sync 1 DAGs
[2025-06-05T19:05:32.804+0200] {logging_mixin.py:188} INFO - [2025-06-05T19:05:32.804+0200] {dag.py:3954} INFO - Setting next_dagrun for example_bash_operator to 2025-06-04 00:00:00+00:00, run_after=2025-06-05 00:00:00+00:00
[2025-06-05T19:05:32.822+0200] {processor.py:183} INFO - Processing /home/leoja/airflow/airflow_venv/lib/python3.12/site-packages/airflow/example_dags/example_bash_operator.py took 0.153 seconds
[2025-06-05T19:06:36.350+0200] {processor.py:161} INFO - Started process (PID=542519) to work on /home/leoja/airflow/airflow_venv/lib/python3.12/site-packages/airflow/example_dags/example_bash_operator.py
[2025-06-05T19:06:36.352+0200] {processor.py:830} INFO - Processing file /home/leoja/airflow/airflow_venv/lib/python3.12/site-packages/airflow/example_dags/example_bash_operator.py for tasks to queue
[2025-06-05T19:06:36.353+0200] {logging_mixin.py:188} INFO - [2025-06-05T19:06:36.353+0200] {dagbag.py:540} INFO - Filling up the DagBag from /home/leoja/airflow/airflow_venv/lib/python3.12/site-packages/airflow/example_dags/example_bash_operator.py
[2025-06-05T19:06:36.361+0200] {processor.py:840} INFO - DAG(s) 'example_bash_operator' retrieved from /home/leoja/airflow/airflow_venv/lib/python3.12/site-packages/airflow/example_dags/example_bash_operator.py
[2025-06-05T19:06:36.376+0200] {logging_mixin.py:188} INFO - [2025-06-05T19:06:36.376+0200] {dag.py:3096} INFO - Sync 1 DAGs
[2025-06-05T19:06:36.389+0200] {logging_mixin.py:188} INFO - [2025-06-05T19:06:36.389+0200] {dag.py:3954} INFO - Setting next_dagrun for example_bash_operator to 2025-06-04 00:00:00+00:00, run_after=2025-06-05 00:00:00+00:00
[2025-06-05T19:06:36.409+0200] {processor.py:183} INFO - Processing /home/leoja/airflow/airflow_venv/lib/python3.12/site-packages/airflow/example_dags/example_bash_operator.py took 0.065 seconds
[2025-06-05T19:07:35.531+0200] {processor.py:161} INFO - Started process (PID=542814) to work on /home/leoja/airflow/airflow_venv/lib/python3.12/site-packages/airflow/example_dags/example_bash_operator.py
[2025-06-05T19:07:35.533+0200] {processor.py:830} INFO - Processing file /home/leoja/airflow/airflow_venv/lib/python3.12/site-packages/airflow/example_dags/example_bash_operator.py for tasks to queue
[2025-06-05T19:07:35.534+0200] {logging_mixin.py:188} INFO - [2025-06-05T19:07:35.534+0200] {dagbag.py:540} INFO - Filling up the DagBag from /home/leoja/airflow/airflow_venv/lib/python3.12/site-packages/airflow/example_dags/example_bash_operator.py
[2025-06-05T19:07:35.544+0200] {processor.py:840} INFO - DAG(s) 'example_bash_operator' retrieved from /home/leoja/airflow/airflow_venv/lib/python3.12/site-packages/airflow/example_dags/example_bash_operator.py
[2025-06-05T19:07:35.560+0200] {logging_mixin.py:188} INFO - [2025-06-05T19:07:35.560+0200] {dag.py:3096} INFO - Sync 1 DAGs
[2025-06-05T19:07:35.577+0200] {logging_mixin.py:188} INFO - [2025-06-05T19:07:35.577+0200] {dag.py:3954} INFO - Setting next_dagrun for example_bash_operator to 2025-06-04 00:00:00+00:00, run_after=2025-06-05 00:00:00+00:00
[2025-06-05T19:07:35.596+0200] {processor.py:183} INFO - Processing /home/leoja/airflow/airflow_venv/lib/python3.12/site-packages/airflow/example_dags/example_bash_operator.py took 0.070 seconds
[2025-06-05T19:08:37.040+0200] {processor.py:161} INFO - Started process (PID=543176) to work on /home/leoja/airflow/airflow_venv/lib/python3.12/site-packages/airflow/example_dags/example_bash_operator.py
[2025-06-05T19:08:37.042+0200] {processor.py:830} INFO - Processing file /home/leoja/airflow/airflow_venv/lib/python3.12/site-packages/airflow/example_dags/example_bash_operator.py for tasks to queue
[2025-06-05T19:08:37.043+0200] {logging_mixin.py:188} INFO - [2025-06-05T19:08:37.043+0200] {dagbag.py:540} INFO - Filling up the DagBag from /home/leoja/airflow/airflow_venv/lib/python3.12/site-packages/airflow/example_dags/example_bash_operator.py
[2025-06-05T19:08:37.053+0200] {processor.py:840} INFO - DAG(s) 'example_bash_operator' retrieved from /home/leoja/airflow/airflow_venv/lib/python3.12/site-packages/airflow/example_dags/example_bash_operator.py
[2025-06-05T19:08:37.072+0200] {logging_mixin.py:188} INFO - [2025-06-05T19:08:37.071+0200] {dag.py:3096} INFO - Sync 1 DAGs
[2025-06-05T19:08:37.088+0200] {logging_mixin.py:188} INFO - [2025-06-05T19:08:37.088+0200] {dag.py:3954} INFO - Setting next_dagrun for example_bash_operator to 2025-06-04 00:00:00+00:00, run_after=2025-06-05 00:00:00+00:00
[2025-06-05T19:08:37.109+0200] {processor.py:183} INFO - Processing /home/leoja/airflow/airflow_venv/lib/python3.12/site-packages/airflow/example_dags/example_bash_operator.py took 0.075 seconds
[2025-06-05T19:10:15.864+0200] {processor.py:161} INFO - Started process (PID=544297) to work on /home/leoja/airflow/airflow_venv/lib/python3.12/site-packages/airflow/example_dags/example_bash_operator.py
[2025-06-05T19:10:15.870+0200] {processor.py:830} INFO - Processing file /home/leoja/airflow/airflow_venv/lib/python3.12/site-packages/airflow/example_dags/example_bash_operator.py for tasks to queue
[2025-06-05T19:10:15.873+0200] {logging_mixin.py:188} INFO - [2025-06-05T19:10:15.873+0200] {dagbag.py:540} INFO - Filling up the DagBag from /home/leoja/airflow/airflow_venv/lib/python3.12/site-packages/airflow/example_dags/example_bash_operator.py
[2025-06-05T19:10:15.884+0200] {processor.py:840} INFO - DAG(s) 'example_bash_operator' retrieved from /home/leoja/airflow/airflow_venv/lib/python3.12/site-packages/airflow/example_dags/example_bash_operator.py
[2025-06-05T19:10:15.905+0200] {logging_mixin.py:188} INFO - [2025-06-05T19:10:15.905+0200] {dag.py:3096} INFO - Sync 1 DAGs
[2025-06-05T19:10:15.926+0200] {logging_mixin.py:188} INFO - [2025-06-05T19:10:15.926+0200] {dag.py:3954} INFO - Setting next_dagrun for example_bash_operator to 2025-06-04 00:00:00+00:00, run_after=2025-06-05 00:00:00+00:00
[2025-06-05T19:10:15.952+0200] {processor.py:183} INFO - Processing /home/leoja/airflow/airflow_venv/lib/python3.12/site-packages/airflow/example_dags/example_bash_operator.py took 0.097 seconds
[2025-06-05T19:11:17.756+0200] {processor.py:161} INFO - Started process (PID=544714) to work on /home/leoja/airflow/airflow_venv/lib/python3.12/site-packages/airflow/example_dags/example_bash_operator.py
[2025-06-05T19:11:17.758+0200] {processor.py:830} INFO - Processing file /home/leoja/airflow/airflow_venv/lib/python3.12/site-packages/airflow/example_dags/example_bash_operator.py for tasks to queue
[2025-06-05T19:11:17.760+0200] {logging_mixin.py:188} INFO - [2025-06-05T19:11:17.759+0200] {dagbag.py:540} INFO - Filling up the DagBag from /home/leoja/airflow/airflow_venv/lib/python3.12/site-packages/airflow/example_dags/example_bash_operator.py
[2025-06-05T19:11:17.779+0200] {processor.py:840} INFO - DAG(s) 'example_bash_operator' retrieved from /home/leoja/airflow/airflow_venv/lib/python3.12/site-packages/airflow/example_dags/example_bash_operator.py
[2025-06-05T19:11:17.806+0200] {logging_mixin.py:188} INFO - [2025-06-05T19:11:17.806+0200] {dag.py:3096} INFO - Sync 1 DAGs
[2025-06-05T19:11:17.834+0200] {logging_mixin.py:188} INFO - [2025-06-05T19:11:17.833+0200] {dag.py:3954} INFO - Setting next_dagrun for example_bash_operator to 2025-06-04 00:00:00+00:00, run_after=2025-06-05 00:00:00+00:00
[2025-06-05T19:11:17.859+0200] {processor.py:183} INFO - Processing /home/leoja/airflow/airflow_venv/lib/python3.12/site-packages/airflow/example_dags/example_bash_operator.py took 0.117 seconds
[2025-06-05T19:12:19.350+0200] {processor.py:161} INFO - Started process (PID=545053) to work on /home/leoja/airflow/airflow_venv/lib/python3.12/site-packages/airflow/example_dags/example_bash_operator.py
[2025-06-05T19:12:19.352+0200] {processor.py:830} INFO - Processing file /home/leoja/airflow/airflow_venv/lib/python3.12/site-packages/airflow/example_dags/example_bash_operator.py for tasks to queue
[2025-06-05T19:12:19.353+0200] {logging_mixin.py:188} INFO - [2025-06-05T19:12:19.353+0200] {dagbag.py:540} INFO - Filling up the DagBag from /home/leoja/airflow/airflow_venv/lib/python3.12/site-packages/airflow/example_dags/example_bash_operator.py
[2025-06-05T19:12:19.362+0200] {processor.py:840} INFO - DAG(s) 'example_bash_operator' retrieved from /home/leoja/airflow/airflow_venv/lib/python3.12/site-packages/airflow/example_dags/example_bash_operator.py
[2025-06-05T19:12:19.378+0200] {logging_mixin.py:188} INFO - [2025-06-05T19:12:19.378+0200] {dag.py:3096} INFO - Sync 1 DAGs
[2025-06-05T19:12:19.394+0200] {logging_mixin.py:188} INFO - [2025-06-05T19:12:19.394+0200] {dag.py:3954} INFO - Setting next_dagrun for example_bash_operator to 2025-06-04 00:00:00+00:00, run_after=2025-06-05 00:00:00+00:00
[2025-06-05T19:12:19.417+0200] {processor.py:183} INFO - Processing /home/leoja/airflow/airflow_venv/lib/python3.12/site-packages/airflow/example_dags/example_bash_operator.py took 0.074 seconds
[2025-06-05T19:13:26.751+0200] {processor.py:161} INFO - Started process (PID=545427) to work on /home/leoja/airflow/airflow_venv/lib/python3.12/site-packages/airflow/example_dags/example_bash_operator.py
[2025-06-05T19:13:26.753+0200] {processor.py:830} INFO - Processing file /home/leoja/airflow/airflow_venv/lib/python3.12/site-packages/airflow/example_dags/example_bash_operator.py for tasks to queue
[2025-06-05T19:13:26.754+0200] {logging_mixin.py:188} INFO - [2025-06-05T19:13:26.754+0200] {dagbag.py:540} INFO - Filling up the DagBag from /home/leoja/airflow/airflow_venv/lib/python3.12/site-packages/airflow/example_dags/example_bash_operator.py
[2025-06-05T19:13:26.763+0200] {processor.py:840} INFO - DAG(s) 'example_bash_operator' retrieved from /home/leoja/airflow/airflow_venv/lib/python3.12/site-packages/airflow/example_dags/example_bash_operator.py
[2025-06-05T19:13:26.778+0200] {logging_mixin.py:188} INFO - [2025-06-05T19:13:26.778+0200] {dag.py:3096} INFO - Sync 1 DAGs
[2025-06-05T19:13:26.801+0200] {logging_mixin.py:188} INFO - [2025-06-05T19:13:26.801+0200] {dag.py:3954} INFO - Setting next_dagrun for example_bash_operator to 2025-06-04 00:00:00+00:00, run_after=2025-06-05 00:00:00+00:00
[2025-06-05T19:13:26.823+0200] {processor.py:183} INFO - Processing /home/leoja/airflow/airflow_venv/lib/python3.12/site-packages/airflow/example_dags/example_bash_operator.py took 0.078 seconds
[2025-06-05T19:14:26.358+0200] {processor.py:161} INFO - Started process (PID=545863) to work on /home/leoja/airflow/airflow_venv/lib/python3.12/site-packages/airflow/example_dags/example_bash_operator.py
[2025-06-05T19:14:26.360+0200] {processor.py:830} INFO - Processing file /home/leoja/airflow/airflow_venv/lib/python3.12/site-packages/airflow/example_dags/example_bash_operator.py for tasks to queue
[2025-06-05T19:14:26.362+0200] {logging_mixin.py:188} INFO - [2025-06-05T19:14:26.362+0200] {dagbag.py:540} INFO - Filling up the DagBag from /home/leoja/airflow/airflow_venv/lib/python3.12/site-packages/airflow/example_dags/example_bash_operator.py
[2025-06-05T19:14:26.371+0200] {processor.py:840} INFO - DAG(s) 'example_bash_operator' retrieved from /home/leoja/airflow/airflow_venv/lib/python3.12/site-packages/airflow/example_dags/example_bash_operator.py
[2025-06-05T19:14:26.388+0200] {logging_mixin.py:188} INFO - [2025-06-05T19:14:26.388+0200] {dag.py:3096} INFO - Sync 1 DAGs
[2025-06-05T19:14:26.404+0200] {logging_mixin.py:188} INFO - [2025-06-05T19:14:26.404+0200] {dag.py:3954} INFO - Setting next_dagrun for example_bash_operator to 2025-06-04 00:00:00+00:00, run_after=2025-06-05 00:00:00+00:00
[2025-06-05T19:14:26.423+0200] {processor.py:183} INFO - Processing /home/leoja/airflow/airflow_venv/lib/python3.12/site-packages/airflow/example_dags/example_bash_operator.py took 0.072 seconds
[2025-06-05T19:15:31.495+0200] {processor.py:161} INFO - Started process (PID=546218) to work on /home/leoja/airflow/airflow_venv/lib/python3.12/site-packages/airflow/example_dags/example_bash_operator.py
[2025-06-05T19:15:31.497+0200] {processor.py:830} INFO - Processing file /home/leoja/airflow/airflow_venv/lib/python3.12/site-packages/airflow/example_dags/example_bash_operator.py for tasks to queue
[2025-06-05T19:15:31.499+0200] {logging_mixin.py:188} INFO - [2025-06-05T19:15:31.499+0200] {dagbag.py:540} INFO - Filling up the DagBag from /home/leoja/airflow/airflow_venv/lib/python3.12/site-packages/airflow/example_dags/example_bash_operator.py
[2025-06-05T19:15:31.509+0200] {processor.py:840} INFO - DAG(s) 'example_bash_operator' retrieved from /home/leoja/airflow/airflow_venv/lib/python3.12/site-packages/airflow/example_dags/example_bash_operator.py
[2025-06-05T19:15:31.525+0200] {logging_mixin.py:188} INFO - [2025-06-05T19:15:31.525+0200] {dag.py:3096} INFO - Sync 1 DAGs
[2025-06-05T19:15:31.540+0200] {logging_mixin.py:188} INFO - [2025-06-05T19:15:31.540+0200] {dag.py:3954} INFO - Setting next_dagrun for example_bash_operator to 2025-06-04 00:00:00+00:00, run_after=2025-06-05 00:00:00+00:00
[2025-06-05T19:15:31.561+0200] {processor.py:183} INFO - Processing /home/leoja/airflow/airflow_venv/lib/python3.12/site-packages/airflow/example_dags/example_bash_operator.py took 0.071 seconds
[2025-06-05T19:16:33.703+0200] {processor.py:161} INFO - Started process (PID=546770) to work on /home/leoja/airflow/airflow_venv/lib/python3.12/site-packages/airflow/example_dags/example_bash_operator.py
[2025-06-05T19:16:33.705+0200] {processor.py:830} INFO - Processing file /home/leoja/airflow/airflow_venv/lib/python3.12/site-packages/airflow/example_dags/example_bash_operator.py for tasks to queue
[2025-06-05T19:16:33.708+0200] {logging_mixin.py:188} INFO - [2025-06-05T19:16:33.707+0200] {dagbag.py:540} INFO - Filling up the DagBag from /home/leoja/airflow/airflow_venv/lib/python3.12/site-packages/airflow/example_dags/example_bash_operator.py
[2025-06-05T19:16:33.723+0200] {processor.py:840} INFO - DAG(s) 'example_bash_operator' retrieved from /home/leoja/airflow/airflow_venv/lib/python3.12/site-packages/airflow/example_dags/example_bash_operator.py
[2025-06-05T19:16:33.748+0200] {logging_mixin.py:188} INFO - [2025-06-05T19:16:33.747+0200] {dag.py:3096} INFO - Sync 1 DAGs
[2025-06-05T19:16:33.770+0200] {logging_mixin.py:188} INFO - [2025-06-05T19:16:33.770+0200] {dag.py:3954} INFO - Setting next_dagrun for example_bash_operator to 2025-06-04 00:00:00+00:00, run_after=2025-06-05 00:00:00+00:00
[2025-06-05T19:16:33.793+0200] {processor.py:183} INFO - Processing /home/leoja/airflow/airflow_venv/lib/python3.12/site-packages/airflow/example_dags/example_bash_operator.py took 0.097 seconds
[2025-06-05T19:17:34.685+0200] {processor.py:161} INFO - Started process (PID=547519) to work on /home/leoja/airflow/airflow_venv/lib/python3.12/site-packages/airflow/example_dags/example_bash_operator.py
[2025-06-05T19:17:34.687+0200] {processor.py:830} INFO - Processing file /home/leoja/airflow/airflow_venv/lib/python3.12/site-packages/airflow/example_dags/example_bash_operator.py for tasks to queue
[2025-06-05T19:17:34.689+0200] {logging_mixin.py:188} INFO - [2025-06-05T19:17:34.689+0200] {dagbag.py:540} INFO - Filling up the DagBag from /home/leoja/airflow/airflow_venv/lib/python3.12/site-packages/airflow/example_dags/example_bash_operator.py
[2025-06-05T19:17:34.697+0200] {processor.py:840} INFO - DAG(s) 'example_bash_operator' retrieved from /home/leoja/airflow/airflow_venv/lib/python3.12/site-packages/airflow/example_dags/example_bash_operator.py
[2025-06-05T19:17:34.712+0200] {logging_mixin.py:188} INFO - [2025-06-05T19:17:34.712+0200] {dag.py:3096} INFO - Sync 1 DAGs
[2025-06-05T19:17:34.725+0200] {logging_mixin.py:188} INFO - [2025-06-05T19:17:34.725+0200] {dag.py:3954} INFO - Setting next_dagrun for example_bash_operator to 2025-06-04 00:00:00+00:00, run_after=2025-06-05 00:00:00+00:00
[2025-06-05T19:17:34.750+0200] {processor.py:183} INFO - Processing /home/leoja/airflow/airflow_venv/lib/python3.12/site-packages/airflow/example_dags/example_bash_operator.py took 0.070 seconds
[2025-06-05T19:18:34.159+0200] {processor.py:161} INFO - Started process (PID=547879) to work on /home/leoja/airflow/airflow_venv/lib/python3.12/site-packages/airflow/example_dags/example_bash_operator.py
[2025-06-05T19:18:34.160+0200] {processor.py:830} INFO - Processing file /home/leoja/airflow/airflow_venv/lib/python3.12/site-packages/airflow/example_dags/example_bash_operator.py for tasks to queue
[2025-06-05T19:18:34.164+0200] {logging_mixin.py:188} INFO - [2025-06-05T19:18:34.163+0200] {dagbag.py:540} INFO - Filling up the DagBag from /home/leoja/airflow/airflow_venv/lib/python3.12/site-packages/airflow/example_dags/example_bash_operator.py
[2025-06-05T19:18:34.178+0200] {processor.py:840} INFO - DAG(s) 'example_bash_operator' retrieved from /home/leoja/airflow/airflow_venv/lib/python3.12/site-packages/airflow/example_dags/example_bash_operator.py
[2025-06-05T19:18:34.217+0200] {logging_mixin.py:188} INFO - [2025-06-05T19:18:34.217+0200] {dag.py:3096} INFO - Sync 1 DAGs
[2025-06-05T19:18:34.244+0200] {logging_mixin.py:188} INFO - [2025-06-05T19:18:34.243+0200] {dag.py:3954} INFO - Setting next_dagrun for example_bash_operator to 2025-06-04 00:00:00+00:00, run_after=2025-06-05 00:00:00+00:00
[2025-06-05T19:18:34.275+0200] {processor.py:183} INFO - Processing /home/leoja/airflow/airflow_venv/lib/python3.12/site-packages/airflow/example_dags/example_bash_operator.py took 0.124 seconds
[2025-06-05T19:19:36.110+0200] {processor.py:161} INFO - Started process (PID=548249) to work on /home/leoja/airflow/airflow_venv/lib/python3.12/site-packages/airflow/example_dags/example_bash_operator.py
[2025-06-05T19:19:36.112+0200] {processor.py:830} INFO - Processing file /home/leoja/airflow/airflow_venv/lib/python3.12/site-packages/airflow/example_dags/example_bash_operator.py for tasks to queue
[2025-06-05T19:19:36.114+0200] {logging_mixin.py:188} INFO - [2025-06-05T19:19:36.113+0200] {dagbag.py:540} INFO - Filling up the DagBag from /home/leoja/airflow/airflow_venv/lib/python3.12/site-packages/airflow/example_dags/example_bash_operator.py
[2025-06-05T19:19:36.123+0200] {processor.py:840} INFO - DAG(s) 'example_bash_operator' retrieved from /home/leoja/airflow/airflow_venv/lib/python3.12/site-packages/airflow/example_dags/example_bash_operator.py
[2025-06-05T19:19:36.139+0200] {logging_mixin.py:188} INFO - [2025-06-05T19:19:36.139+0200] {dag.py:3096} INFO - Sync 1 DAGs
[2025-06-05T19:19:36.156+0200] {logging_mixin.py:188} INFO - [2025-06-05T19:19:36.156+0200] {dag.py:3954} INFO - Setting next_dagrun for example_bash_operator to 2025-06-04 00:00:00+00:00, run_after=2025-06-05 00:00:00+00:00
[2025-06-05T19:19:36.178+0200] {processor.py:183} INFO - Processing /home/leoja/airflow/airflow_venv/lib/python3.12/site-packages/airflow/example_dags/example_bash_operator.py took 0.073 seconds
[2025-06-05T19:20:37.179+0200] {processor.py:161} INFO - Started process (PID=548642) to work on /home/leoja/airflow/airflow_venv/lib/python3.12/site-packages/airflow/example_dags/example_bash_operator.py
[2025-06-05T19:20:37.180+0200] {processor.py:830} INFO - Processing file /home/leoja/airflow/airflow_venv/lib/python3.12/site-packages/airflow/example_dags/example_bash_operator.py for tasks to queue
[2025-06-05T19:20:37.182+0200] {logging_mixin.py:188} INFO - [2025-06-05T19:20:37.182+0200] {dagbag.py:540} INFO - Filling up the DagBag from /home/leoja/airflow/airflow_venv/lib/python3.12/site-packages/airflow/example_dags/example_bash_operator.py
[2025-06-05T19:20:37.194+0200] {processor.py:840} INFO - DAG(s) 'example_bash_operator' retrieved from /home/leoja/airflow/airflow_venv/lib/python3.12/site-packages/airflow/example_dags/example_bash_operator.py
[2025-06-05T19:20:37.213+0200] {logging_mixin.py:188} INFO - [2025-06-05T19:20:37.213+0200] {dag.py:3096} INFO - Sync 1 DAGs
[2025-06-05T19:20:37.229+0200] {logging_mixin.py:188} INFO - [2025-06-05T19:20:37.229+0200] {dag.py:3954} INFO - Setting next_dagrun for example_bash_operator to 2025-06-04 00:00:00+00:00, run_after=2025-06-05 00:00:00+00:00
[2025-06-05T19:20:37.250+0200] {processor.py:183} INFO - Processing /home/leoja/airflow/airflow_venv/lib/python3.12/site-packages/airflow/example_dags/example_bash_operator.py took 0.079 seconds
[2025-06-05T19:21:39.496+0200] {processor.py:161} INFO - Started process (PID=549008) to work on /home/leoja/airflow/airflow_venv/lib/python3.12/site-packages/airflow/example_dags/example_bash_operator.py
[2025-06-05T19:21:39.497+0200] {processor.py:830} INFO - Processing file /home/leoja/airflow/airflow_venv/lib/python3.12/site-packages/airflow/example_dags/example_bash_operator.py for tasks to queue
[2025-06-05T19:21:39.499+0200] {logging_mixin.py:188} INFO - [2025-06-05T19:21:39.499+0200] {dagbag.py:540} INFO - Filling up the DagBag from /home/leoja/airflow/airflow_venv/lib/python3.12/site-packages/airflow/example_dags/example_bash_operator.py
[2025-06-05T19:21:39.508+0200] {processor.py:840} INFO - DAG(s) 'example_bash_operator' retrieved from /home/leoja/airflow/airflow_venv/lib/python3.12/site-packages/airflow/example_dags/example_bash_operator.py
[2025-06-05T19:21:39.524+0200] {logging_mixin.py:188} INFO - [2025-06-05T19:21:39.524+0200] {dag.py:3096} INFO - Sync 1 DAGs
[2025-06-05T19:21:39.544+0200] {logging_mixin.py:188} INFO - [2025-06-05T19:21:39.544+0200] {dag.py:3954} INFO - Setting next_dagrun for example_bash_operator to 2025-06-04 00:00:00+00:00, run_after=2025-06-05 00:00:00+00:00
[2025-06-05T19:21:39.569+0200] {processor.py:183} INFO - Processing /home/leoja/airflow/airflow_venv/lib/python3.12/site-packages/airflow/example_dags/example_bash_operator.py took 0.080 seconds
[2025-06-05T19:22:42.159+0200] {processor.py:161} INFO - Started process (PID=549378) to work on /home/leoja/airflow/airflow_venv/lib/python3.12/site-packages/airflow/example_dags/example_bash_operator.py
[2025-06-05T19:22:42.160+0200] {processor.py:830} INFO - Processing file /home/leoja/airflow/airflow_venv/lib/python3.12/site-packages/airflow/example_dags/example_bash_operator.py for tasks to queue
[2025-06-05T19:22:42.162+0200] {logging_mixin.py:188} INFO - [2025-06-05T19:22:42.162+0200] {dagbag.py:540} INFO - Filling up the DagBag from /home/leoja/airflow/airflow_venv/lib/python3.12/site-packages/airflow/example_dags/example_bash_operator.py
[2025-06-05T19:22:42.177+0200] {processor.py:840} INFO - DAG(s) 'example_bash_operator' retrieved from /home/leoja/airflow/airflow_venv/lib/python3.12/site-packages/airflow/example_dags/example_bash_operator.py
[2025-06-05T19:22:42.197+0200] {logging_mixin.py:188} INFO - [2025-06-05T19:22:42.196+0200] {dag.py:3096} INFO - Sync 1 DAGs
[2025-06-05T19:22:42.212+0200] {logging_mixin.py:188} INFO - [2025-06-05T19:22:42.212+0200] {dag.py:3954} INFO - Setting next_dagrun for example_bash_operator to 2025-06-04 00:00:00+00:00, run_after=2025-06-05 00:00:00+00:00
[2025-06-05T19:22:42.238+0200] {processor.py:183} INFO - Processing /home/leoja/airflow/airflow_venv/lib/python3.12/site-packages/airflow/example_dags/example_bash_operator.py took 0.085 seconds
[2025-06-05T19:23:46.136+0200] {processor.py:161} INFO - Started process (PID=549746) to work on /home/leoja/airflow/airflow_venv/lib/python3.12/site-packages/airflow/example_dags/example_bash_operator.py
[2025-06-05T19:23:46.138+0200] {processor.py:830} INFO - Processing file /home/leoja/airflow/airflow_venv/lib/python3.12/site-packages/airflow/example_dags/example_bash_operator.py for tasks to queue
[2025-06-05T19:23:46.140+0200] {logging_mixin.py:188} INFO - [2025-06-05T19:23:46.140+0200] {dagbag.py:540} INFO - Filling up the DagBag from /home/leoja/airflow/airflow_venv/lib/python3.12/site-packages/airflow/example_dags/example_bash_operator.py
[2025-06-05T19:23:46.149+0200] {processor.py:840} INFO - DAG(s) 'example_bash_operator' retrieved from /home/leoja/airflow/airflow_venv/lib/python3.12/site-packages/airflow/example_dags/example_bash_operator.py
[2025-06-05T19:23:46.165+0200] {logging_mixin.py:188} INFO - [2025-06-05T19:23:46.165+0200] {dag.py:3096} INFO - Sync 1 DAGs
[2025-06-05T19:23:46.178+0200] {logging_mixin.py:188} INFO - [2025-06-05T19:23:46.178+0200] {dag.py:3954} INFO - Setting next_dagrun for example_bash_operator to 2025-06-04 00:00:00+00:00, run_after=2025-06-05 00:00:00+00:00
[2025-06-05T19:23:46.197+0200] {processor.py:183} INFO - Processing /home/leoja/airflow/airflow_venv/lib/python3.12/site-packages/airflow/example_dags/example_bash_operator.py took 0.066 seconds
[2025-06-05T19:24:51.373+0200] {processor.py:161} INFO - Started process (PID=550086) to work on /home/leoja/airflow/airflow_venv/lib/python3.12/site-packages/airflow/example_dags/example_bash_operator.py
[2025-06-05T19:24:51.375+0200] {processor.py:830} INFO - Processing file /home/leoja/airflow/airflow_venv/lib/python3.12/site-packages/airflow/example_dags/example_bash_operator.py for tasks to queue
[2025-06-05T19:24:51.377+0200] {logging_mixin.py:188} INFO - [2025-06-05T19:24:51.377+0200] {dagbag.py:540} INFO - Filling up the DagBag from /home/leoja/airflow/airflow_venv/lib/python3.12/site-packages/airflow/example_dags/example_bash_operator.py
[2025-06-05T19:24:51.385+0200] {processor.py:840} INFO - DAG(s) 'example_bash_operator' retrieved from /home/leoja/airflow/airflow_venv/lib/python3.12/site-packages/airflow/example_dags/example_bash_operator.py
[2025-06-05T19:24:51.401+0200] {logging_mixin.py:188} INFO - [2025-06-05T19:24:51.400+0200] {dag.py:3096} INFO - Sync 1 DAGs
[2025-06-05T19:24:51.414+0200] {logging_mixin.py:188} INFO - [2025-06-05T19:24:51.414+0200] {dag.py:3954} INFO - Setting next_dagrun for example_bash_operator to 2025-06-04 00:00:00+00:00, run_after=2025-06-05 00:00:00+00:00
[2025-06-05T19:24:51.432+0200] {processor.py:183} INFO - Processing /home/leoja/airflow/airflow_venv/lib/python3.12/site-packages/airflow/example_dags/example_bash_operator.py took 0.065 seconds
[2025-06-05T19:25:47.820+0200] {processor.py:161} INFO - Started process (PID=550508) to work on /home/leoja/airflow/airflow_venv/lib/python3.12/site-packages/airflow/example_dags/example_bash_operator.py
[2025-06-05T19:25:47.822+0200] {processor.py:830} INFO - Processing file /home/leoja/airflow/airflow_venv/lib/python3.12/site-packages/airflow/example_dags/example_bash_operator.py for tasks to queue
[2025-06-05T19:25:47.833+0200] {logging_mixin.py:188} INFO - [2025-06-05T19:25:47.832+0200] {dagbag.py:540} INFO - Filling up the DagBag from /home/leoja/airflow/airflow_venv/lib/python3.12/site-packages/airflow/example_dags/example_bash_operator.py
[2025-06-05T19:25:47.868+0200] {processor.py:840} INFO - DAG(s) 'example_bash_operator' retrieved from /home/leoja/airflow/airflow_venv/lib/python3.12/site-packages/airflow/example_dags/example_bash_operator.py
[2025-06-05T19:25:47.929+0200] {logging_mixin.py:188} INFO - [2025-06-05T19:25:47.929+0200] {dag.py:3096} INFO - Sync 1 DAGs
[2025-06-05T19:25:47.965+0200] {logging_mixin.py:188} INFO - [2025-06-05T19:25:47.964+0200] {dag.py:3954} INFO - Setting next_dagrun for example_bash_operator to 2025-06-04 00:00:00+00:00, run_after=2025-06-05 00:00:00+00:00
[2025-06-05T19:25:48.056+0200] {processor.py:183} INFO - Processing /home/leoja/airflow/airflow_venv/lib/python3.12/site-packages/airflow/example_dags/example_bash_operator.py took 0.245 seconds
[2025-06-05T19:26:51.108+0200] {processor.py:161} INFO - Started process (PID=550802) to work on /home/leoja/airflow/airflow_venv/lib/python3.12/site-packages/airflow/example_dags/example_bash_operator.py
[2025-06-05T19:26:51.110+0200] {processor.py:830} INFO - Processing file /home/leoja/airflow/airflow_venv/lib/python3.12/site-packages/airflow/example_dags/example_bash_operator.py for tasks to queue
[2025-06-05T19:26:51.112+0200] {logging_mixin.py:188} INFO - [2025-06-05T19:26:51.111+0200] {dagbag.py:540} INFO - Filling up the DagBag from /home/leoja/airflow/airflow_venv/lib/python3.12/site-packages/airflow/example_dags/example_bash_operator.py
[2025-06-05T19:26:51.120+0200] {processor.py:840} INFO - DAG(s) 'example_bash_operator' retrieved from /home/leoja/airflow/airflow_venv/lib/python3.12/site-packages/airflow/example_dags/example_bash_operator.py
[2025-06-05T19:26:51.135+0200] {logging_mixin.py:188} INFO - [2025-06-05T19:26:51.134+0200] {dag.py:3096} INFO - Sync 1 DAGs
[2025-06-05T19:26:51.147+0200] {logging_mixin.py:188} INFO - [2025-06-05T19:26:51.147+0200] {dag.py:3954} INFO - Setting next_dagrun for example_bash_operator to 2025-06-04 00:00:00+00:00, run_after=2025-06-05 00:00:00+00:00
[2025-06-05T19:26:51.167+0200] {processor.py:183} INFO - Processing /home/leoja/airflow/airflow_venv/lib/python3.12/site-packages/airflow/example_dags/example_bash_operator.py took 0.065 seconds
[2025-06-05T19:28:01.301+0200] {processor.py:161} INFO - Started process (PID=551525) to work on /home/leoja/airflow/airflow_venv/lib/python3.12/site-packages/airflow/example_dags/example_bash_operator.py
[2025-06-05T19:28:01.303+0200] {processor.py:830} INFO - Processing file /home/leoja/airflow/airflow_venv/lib/python3.12/site-packages/airflow/example_dags/example_bash_operator.py for tasks to queue
[2025-06-05T19:28:01.304+0200] {logging_mixin.py:188} INFO - [2025-06-05T19:28:01.304+0200] {dagbag.py:540} INFO - Filling up the DagBag from /home/leoja/airflow/airflow_venv/lib/python3.12/site-packages/airflow/example_dags/example_bash_operator.py
[2025-06-05T19:28:01.312+0200] {processor.py:840} INFO - DAG(s) 'example_bash_operator' retrieved from /home/leoja/airflow/airflow_venv/lib/python3.12/site-packages/airflow/example_dags/example_bash_operator.py
[2025-06-05T19:28:01.327+0200] {logging_mixin.py:188} INFO - [2025-06-05T19:28:01.327+0200] {dag.py:3096} INFO - Sync 1 DAGs
[2025-06-05T19:28:01.339+0200] {logging_mixin.py:188} INFO - [2025-06-05T19:28:01.339+0200] {dag.py:3954} INFO - Setting next_dagrun for example_bash_operator to 2025-06-04 00:00:00+00:00, run_after=2025-06-05 00:00:00+00:00
[2025-06-05T19:28:01.360+0200] {processor.py:183} INFO - Processing /home/leoja/airflow/airflow_venv/lib/python3.12/site-packages/airflow/example_dags/example_bash_operator.py took 0.064 seconds
[2025-06-05T19:29:12.213+0200] {processor.py:161} INFO - Started process (PID=552468) to work on /home/leoja/airflow/airflow_venv/lib/python3.12/site-packages/airflow/example_dags/example_bash_operator.py
[2025-06-05T19:29:12.215+0200] {processor.py:830} INFO - Processing file /home/leoja/airflow/airflow_venv/lib/python3.12/site-packages/airflow/example_dags/example_bash_operator.py for tasks to queue
[2025-06-05T19:29:12.216+0200] {logging_mixin.py:188} INFO - [2025-06-05T19:29:12.216+0200] {dagbag.py:540} INFO - Filling up the DagBag from /home/leoja/airflow/airflow_venv/lib/python3.12/site-packages/airflow/example_dags/example_bash_operator.py
[2025-06-05T19:29:12.224+0200] {processor.py:840} INFO - DAG(s) 'example_bash_operator' retrieved from /home/leoja/airflow/airflow_venv/lib/python3.12/site-packages/airflow/example_dags/example_bash_operator.py
[2025-06-05T19:29:12.240+0200] {logging_mixin.py:188} INFO - [2025-06-05T19:29:12.240+0200] {dag.py:3096} INFO - Sync 1 DAGs
[2025-06-05T19:29:12.255+0200] {logging_mixin.py:188} INFO - [2025-06-05T19:29:12.255+0200] {dag.py:3954} INFO - Setting next_dagrun for example_bash_operator to 2025-06-04 00:00:00+00:00, run_after=2025-06-05 00:00:00+00:00
[2025-06-05T19:29:12.276+0200] {processor.py:183} INFO - Processing /home/leoja/airflow/airflow_venv/lib/python3.12/site-packages/airflow/example_dags/example_bash_operator.py took 0.068 seconds
[2025-06-05T19:30:19.752+0200] {processor.py:161} INFO - Started process (PID=552890) to work on /home/leoja/airflow/airflow_venv/lib/python3.12/site-packages/airflow/example_dags/example_bash_operator.py
[2025-06-05T19:30:19.754+0200] {processor.py:830} INFO - Processing file /home/leoja/airflow/airflow_venv/lib/python3.12/site-packages/airflow/example_dags/example_bash_operator.py for tasks to queue
[2025-06-05T19:30:19.756+0200] {logging_mixin.py:188} INFO - [2025-06-05T19:30:19.755+0200] {dagbag.py:540} INFO - Filling up the DagBag from /home/leoja/airflow/airflow_venv/lib/python3.12/site-packages/airflow/example_dags/example_bash_operator.py
[2025-06-05T19:30:19.765+0200] {processor.py:840} INFO - DAG(s) 'example_bash_operator' retrieved from /home/leoja/airflow/airflow_venv/lib/python3.12/site-packages/airflow/example_dags/example_bash_operator.py
[2025-06-05T19:30:19.787+0200] {logging_mixin.py:188} INFO - [2025-06-05T19:30:19.786+0200] {dag.py:3096} INFO - Sync 1 DAGs
[2025-06-05T19:30:19.854+0200] {logging_mixin.py:188} INFO - [2025-06-05T19:30:19.854+0200] {dag.py:3954} INFO - Setting next_dagrun for example_bash_operator to 2025-06-04 00:00:00+00:00, run_after=2025-06-05 00:00:00+00:00
[2025-06-05T19:30:19.906+0200] {processor.py:183} INFO - Processing /home/leoja/airflow/airflow_venv/lib/python3.12/site-packages/airflow/example_dags/example_bash_operator.py took 0.160 seconds
[2025-06-05T19:31:27.280+0200] {processor.py:161} INFO - Started process (PID=553236) to work on /home/leoja/airflow/airflow_venv/lib/python3.12/site-packages/airflow/example_dags/example_bash_operator.py
[2025-06-05T19:31:27.282+0200] {processor.py:830} INFO - Processing file /home/leoja/airflow/airflow_venv/lib/python3.12/site-packages/airflow/example_dags/example_bash_operator.py for tasks to queue
[2025-06-05T19:31:27.283+0200] {logging_mixin.py:188} INFO - [2025-06-05T19:31:27.283+0200] {dagbag.py:540} INFO - Filling up the DagBag from /home/leoja/airflow/airflow_venv/lib/python3.12/site-packages/airflow/example_dags/example_bash_operator.py
[2025-06-05T19:31:27.293+0200] {processor.py:840} INFO - DAG(s) 'example_bash_operator' retrieved from /home/leoja/airflow/airflow_venv/lib/python3.12/site-packages/airflow/example_dags/example_bash_operator.py
[2025-06-05T19:31:27.311+0200] {logging_mixin.py:188} INFO - [2025-06-05T19:31:27.310+0200] {dag.py:3096} INFO - Sync 1 DAGs
[2025-06-05T19:31:27.326+0200] {logging_mixin.py:188} INFO - [2025-06-05T19:31:27.325+0200] {dag.py:3954} INFO - Setting next_dagrun for example_bash_operator to 2025-06-04 00:00:00+00:00, run_after=2025-06-05 00:00:00+00:00
[2025-06-05T19:31:27.349+0200] {processor.py:183} INFO - Processing /home/leoja/airflow/airflow_venv/lib/python3.12/site-packages/airflow/example_dags/example_bash_operator.py took 0.077 seconds
[2025-06-05T19:32:30.165+0200] {processor.py:161} INFO - Started process (PID=553636) to work on /home/leoja/airflow/airflow_venv/lib/python3.12/site-packages/airflow/example_dags/example_bash_operator.py
[2025-06-05T19:32:30.167+0200] {processor.py:830} INFO - Processing file /home/leoja/airflow/airflow_venv/lib/python3.12/site-packages/airflow/example_dags/example_bash_operator.py for tasks to queue
[2025-06-05T19:32:30.169+0200] {logging_mixin.py:188} INFO - [2025-06-05T19:32:30.169+0200] {dagbag.py:540} INFO - Filling up the DagBag from /home/leoja/airflow/airflow_venv/lib/python3.12/site-packages/airflow/example_dags/example_bash_operator.py
[2025-06-05T19:32:30.180+0200] {processor.py:840} INFO - DAG(s) 'example_bash_operator' retrieved from /home/leoja/airflow/airflow_venv/lib/python3.12/site-packages/airflow/example_dags/example_bash_operator.py
[2025-06-05T19:32:30.201+0200] {logging_mixin.py:188} INFO - [2025-06-05T19:32:30.201+0200] {dag.py:3096} INFO - Sync 1 DAGs
[2025-06-05T19:32:30.222+0200] {logging_mixin.py:188} INFO - [2025-06-05T19:32:30.222+0200] {dag.py:3954} INFO - Setting next_dagrun for example_bash_operator to 2025-06-04 00:00:00+00:00, run_after=2025-06-05 00:00:00+00:00
[2025-06-05T19:32:30.247+0200] {processor.py:183} INFO - Processing /home/leoja/airflow/airflow_venv/lib/python3.12/site-packages/airflow/example_dags/example_bash_operator.py took 0.090 seconds
[2025-06-05T19:33:36.159+0200] {processor.py:161} INFO - Started process (PID=554001) to work on /home/leoja/airflow/airflow_venv/lib/python3.12/site-packages/airflow/example_dags/example_bash_operator.py
[2025-06-05T19:33:36.160+0200] {processor.py:830} INFO - Processing file /home/leoja/airflow/airflow_venv/lib/python3.12/site-packages/airflow/example_dags/example_bash_operator.py for tasks to queue
[2025-06-05T19:33:36.162+0200] {logging_mixin.py:188} INFO - [2025-06-05T19:33:36.161+0200] {dagbag.py:540} INFO - Filling up the DagBag from /home/leoja/airflow/airflow_venv/lib/python3.12/site-packages/airflow/example_dags/example_bash_operator.py
[2025-06-05T19:33:36.171+0200] {processor.py:840} INFO - DAG(s) 'example_bash_operator' retrieved from /home/leoja/airflow/airflow_venv/lib/python3.12/site-packages/airflow/example_dags/example_bash_operator.py
[2025-06-05T19:33:36.191+0200] {logging_mixin.py:188} INFO - [2025-06-05T19:33:36.191+0200] {dag.py:3096} INFO - Sync 1 DAGs
[2025-06-05T19:33:36.205+0200] {logging_mixin.py:188} INFO - [2025-06-05T19:33:36.205+0200] {dag.py:3954} INFO - Setting next_dagrun for example_bash_operator to 2025-06-04 00:00:00+00:00, run_after=2025-06-05 00:00:00+00:00
[2025-06-05T19:33:36.229+0200] {processor.py:183} INFO - Processing /home/leoja/airflow/airflow_venv/lib/python3.12/site-packages/airflow/example_dags/example_bash_operator.py took 0.076 seconds
[2025-06-05T19:34:40.810+0200] {processor.py:161} INFO - Started process (PID=554351) to work on /home/leoja/airflow/airflow_venv/lib/python3.12/site-packages/airflow/example_dags/example_bash_operator.py
[2025-06-05T19:34:40.812+0200] {processor.py:830} INFO - Processing file /home/leoja/airflow/airflow_venv/lib/python3.12/site-packages/airflow/example_dags/example_bash_operator.py for tasks to queue
[2025-06-05T19:34:40.813+0200] {logging_mixin.py:188} INFO - [2025-06-05T19:34:40.813+0200] {dagbag.py:540} INFO - Filling up the DagBag from /home/leoja/airflow/airflow_venv/lib/python3.12/site-packages/airflow/example_dags/example_bash_operator.py
[2025-06-05T19:34:40.822+0200] {processor.py:840} INFO - DAG(s) 'example_bash_operator' retrieved from /home/leoja/airflow/airflow_venv/lib/python3.12/site-packages/airflow/example_dags/example_bash_operator.py
[2025-06-05T19:34:40.839+0200] {logging_mixin.py:188} INFO - [2025-06-05T19:34:40.839+0200] {dag.py:3096} INFO - Sync 1 DAGs
[2025-06-05T19:34:40.854+0200] {logging_mixin.py:188} INFO - [2025-06-05T19:34:40.854+0200] {dag.py:3954} INFO - Setting next_dagrun for example_bash_operator to 2025-06-04 00:00:00+00:00, run_after=2025-06-05 00:00:00+00:00
[2025-06-05T19:34:40.877+0200] {processor.py:183} INFO - Processing /home/leoja/airflow/airflow_venv/lib/python3.12/site-packages/airflow/example_dags/example_bash_operator.py took 0.074 seconds
[2025-06-05T19:35:41.759+0200] {processor.py:161} INFO - Started process (PID=554686) to work on /home/leoja/airflow/airflow_venv/lib/python3.12/site-packages/airflow/example_dags/example_bash_operator.py
[2025-06-05T19:35:41.760+0200] {processor.py:830} INFO - Processing file /home/leoja/airflow/airflow_venv/lib/python3.12/site-packages/airflow/example_dags/example_bash_operator.py for tasks to queue
[2025-06-05T19:35:41.762+0200] {logging_mixin.py:188} INFO - [2025-06-05T19:35:41.761+0200] {dagbag.py:540} INFO - Filling up the DagBag from /home/leoja/airflow/airflow_venv/lib/python3.12/site-packages/airflow/example_dags/example_bash_operator.py
[2025-06-05T19:35:41.771+0200] {processor.py:840} INFO - DAG(s) 'example_bash_operator' retrieved from /home/leoja/airflow/airflow_venv/lib/python3.12/site-packages/airflow/example_dags/example_bash_operator.py
[2025-06-05T19:35:41.791+0200] {logging_mixin.py:188} INFO - [2025-06-05T19:35:41.791+0200] {dag.py:3096} INFO - Sync 1 DAGs
[2025-06-05T19:35:41.811+0200] {logging_mixin.py:188} INFO - [2025-06-05T19:35:41.810+0200] {dag.py:3954} INFO - Setting next_dagrun for example_bash_operator to 2025-06-04 00:00:00+00:00, run_after=2025-06-05 00:00:00+00:00
[2025-06-05T19:35:41.834+0200] {processor.py:183} INFO - Processing /home/leoja/airflow/airflow_venv/lib/python3.12/site-packages/airflow/example_dags/example_bash_operator.py took 0.083 seconds
[2025-06-05T19:36:45.658+0200] {processor.py:161} INFO - Started process (PID=555057) to work on /home/leoja/airflow/airflow_venv/lib/python3.12/site-packages/airflow/example_dags/example_bash_operator.py
[2025-06-05T19:36:45.661+0200] {processor.py:830} INFO - Processing file /home/leoja/airflow/airflow_venv/lib/python3.12/site-packages/airflow/example_dags/example_bash_operator.py for tasks to queue
[2025-06-05T19:36:45.663+0200] {logging_mixin.py:188} INFO - [2025-06-05T19:36:45.663+0200] {dagbag.py:540} INFO - Filling up the DagBag from /home/leoja/airflow/airflow_venv/lib/python3.12/site-packages/airflow/example_dags/example_bash_operator.py
[2025-06-05T19:36:45.688+0200] {processor.py:840} INFO - DAG(s) 'example_bash_operator' retrieved from /home/leoja/airflow/airflow_venv/lib/python3.12/site-packages/airflow/example_dags/example_bash_operator.py
[2025-06-05T19:36:45.738+0200] {logging_mixin.py:188} INFO - [2025-06-05T19:36:45.737+0200] {dag.py:3096} INFO - Sync 1 DAGs
[2025-06-05T19:36:45.793+0200] {logging_mixin.py:188} INFO - [2025-06-05T19:36:45.793+0200] {dag.py:3954} INFO - Setting next_dagrun for example_bash_operator to 2025-06-04 00:00:00+00:00, run_after=2025-06-05 00:00:00+00:00
[2025-06-05T19:36:45.858+0200] {processor.py:183} INFO - Processing /home/leoja/airflow/airflow_venv/lib/python3.12/site-packages/airflow/example_dags/example_bash_operator.py took 0.220 seconds
[2025-06-05T19:37:55.526+0200] {processor.py:161} INFO - Started process (PID=555455) to work on /home/leoja/airflow/airflow_venv/lib/python3.12/site-packages/airflow/example_dags/example_bash_operator.py
[2025-06-05T19:37:55.528+0200] {processor.py:830} INFO - Processing file /home/leoja/airflow/airflow_venv/lib/python3.12/site-packages/airflow/example_dags/example_bash_operator.py for tasks to queue
[2025-06-05T19:37:55.529+0200] {logging_mixin.py:188} INFO - [2025-06-05T19:37:55.529+0200] {dagbag.py:540} INFO - Filling up the DagBag from /home/leoja/airflow/airflow_venv/lib/python3.12/site-packages/airflow/example_dags/example_bash_operator.py
[2025-06-05T19:37:55.538+0200] {processor.py:840} INFO - DAG(s) 'example_bash_operator' retrieved from /home/leoja/airflow/airflow_venv/lib/python3.12/site-packages/airflow/example_dags/example_bash_operator.py
[2025-06-05T19:37:55.554+0200] {logging_mixin.py:188} INFO - [2025-06-05T19:37:55.554+0200] {dag.py:3096} INFO - Sync 1 DAGs
[2025-06-05T19:37:55.569+0200] {logging_mixin.py:188} INFO - [2025-06-05T19:37:55.569+0200] {dag.py:3954} INFO - Setting next_dagrun for example_bash_operator to 2025-06-04 00:00:00+00:00, run_after=2025-06-05 00:00:00+00:00
[2025-06-05T19:37:55.590+0200] {processor.py:183} INFO - Processing /home/leoja/airflow/airflow_venv/lib/python3.12/site-packages/airflow/example_dags/example_bash_operator.py took 0.072 seconds
[2025-06-05T19:38:59.040+0200] {processor.py:161} INFO - Started process (PID=555806) to work on /home/leoja/airflow/airflow_venv/lib/python3.12/site-packages/airflow/example_dags/example_bash_operator.py
[2025-06-05T19:38:59.042+0200] {processor.py:830} INFO - Processing file /home/leoja/airflow/airflow_venv/lib/python3.12/site-packages/airflow/example_dags/example_bash_operator.py for tasks to queue
[2025-06-05T19:38:59.043+0200] {logging_mixin.py:188} INFO - [2025-06-05T19:38:59.043+0200] {dagbag.py:540} INFO - Filling up the DagBag from /home/leoja/airflow/airflow_venv/lib/python3.12/site-packages/airflow/example_dags/example_bash_operator.py
[2025-06-05T19:38:59.051+0200] {processor.py:840} INFO - DAG(s) 'example_bash_operator' retrieved from /home/leoja/airflow/airflow_venv/lib/python3.12/site-packages/airflow/example_dags/example_bash_operator.py
[2025-06-05T19:38:59.066+0200] {logging_mixin.py:188} INFO - [2025-06-05T19:38:59.066+0200] {dag.py:3096} INFO - Sync 1 DAGs
[2025-06-05T19:38:59.081+0200] {logging_mixin.py:188} INFO - [2025-06-05T19:38:59.081+0200] {dag.py:3954} INFO - Setting next_dagrun for example_bash_operator to 2025-06-04 00:00:00+00:00, run_after=2025-06-05 00:00:00+00:00
[2025-06-05T19:38:59.100+0200] {processor.py:183} INFO - Processing /home/leoja/airflow/airflow_venv/lib/python3.12/site-packages/airflow/example_dags/example_bash_operator.py took 0.066 seconds
[2025-06-05T19:40:04.256+0200] {processor.py:161} INFO - Started process (PID=556198) to work on /home/leoja/airflow/airflow_venv/lib/python3.12/site-packages/airflow/example_dags/example_bash_operator.py
[2025-06-05T19:40:04.257+0200] {processor.py:830} INFO - Processing file /home/leoja/airflow/airflow_venv/lib/python3.12/site-packages/airflow/example_dags/example_bash_operator.py for tasks to queue
[2025-06-05T19:40:04.259+0200] {logging_mixin.py:188} INFO - [2025-06-05T19:40:04.259+0200] {dagbag.py:540} INFO - Filling up the DagBag from /home/leoja/airflow/airflow_venv/lib/python3.12/site-packages/airflow/example_dags/example_bash_operator.py
[2025-06-05T19:40:04.268+0200] {processor.py:840} INFO - DAG(s) 'example_bash_operator' retrieved from /home/leoja/airflow/airflow_venv/lib/python3.12/site-packages/airflow/example_dags/example_bash_operator.py
[2025-06-05T19:40:04.285+0200] {logging_mixin.py:188} INFO - [2025-06-05T19:40:04.285+0200] {dag.py:3096} INFO - Sync 1 DAGs
[2025-06-05T19:40:04.300+0200] {logging_mixin.py:188} INFO - [2025-06-05T19:40:04.300+0200] {dag.py:3954} INFO - Setting next_dagrun for example_bash_operator to 2025-06-04 00:00:00+00:00, run_after=2025-06-05 00:00:00+00:00
[2025-06-05T19:40:04.320+0200] {processor.py:183} INFO - Processing /home/leoja/airflow/airflow_venv/lib/python3.12/site-packages/airflow/example_dags/example_bash_operator.py took 0.070 seconds
[2025-06-05T19:41:13.592+0200] {processor.py:161} INFO - Started process (PID=556653) to work on /home/leoja/airflow/airflow_venv/lib/python3.12/site-packages/airflow/example_dags/example_bash_operator.py
[2025-06-05T19:41:13.594+0200] {processor.py:830} INFO - Processing file /home/leoja/airflow/airflow_venv/lib/python3.12/site-packages/airflow/example_dags/example_bash_operator.py for tasks to queue
[2025-06-05T19:41:13.596+0200] {logging_mixin.py:188} INFO - [2025-06-05T19:41:13.595+0200] {dagbag.py:540} INFO - Filling up the DagBag from /home/leoja/airflow/airflow_venv/lib/python3.12/site-packages/airflow/example_dags/example_bash_operator.py
[2025-06-05T19:41:13.604+0200] {processor.py:840} INFO - DAG(s) 'example_bash_operator' retrieved from /home/leoja/airflow/airflow_venv/lib/python3.12/site-packages/airflow/example_dags/example_bash_operator.py
[2025-06-05T19:41:13.622+0200] {logging_mixin.py:188} INFO - [2025-06-05T19:41:13.621+0200] {dag.py:3096} INFO - Sync 1 DAGs
[2025-06-05T19:41:13.636+0200] {logging_mixin.py:188} INFO - [2025-06-05T19:41:13.636+0200] {dag.py:3954} INFO - Setting next_dagrun for example_bash_operator to 2025-06-04 00:00:00+00:00, run_after=2025-06-05 00:00:00+00:00
[2025-06-05T19:41:13.656+0200] {processor.py:183} INFO - Processing /home/leoja/airflow/airflow_venv/lib/python3.12/site-packages/airflow/example_dags/example_bash_operator.py took 0.070 seconds
[2025-06-05T19:42:23.017+0200] {processor.py:161} INFO - Started process (PID=557546) to work on /home/leoja/airflow/airflow_venv/lib/python3.12/site-packages/airflow/example_dags/example_bash_operator.py
[2025-06-05T19:42:23.018+0200] {processor.py:830} INFO - Processing file /home/leoja/airflow/airflow_venv/lib/python3.12/site-packages/airflow/example_dags/example_bash_operator.py for tasks to queue
[2025-06-05T19:42:23.020+0200] {logging_mixin.py:188} INFO - [2025-06-05T19:42:23.019+0200] {dagbag.py:540} INFO - Filling up the DagBag from /home/leoja/airflow/airflow_venv/lib/python3.12/site-packages/airflow/example_dags/example_bash_operator.py
[2025-06-05T19:42:23.029+0200] {processor.py:840} INFO - DAG(s) 'example_bash_operator' retrieved from /home/leoja/airflow/airflow_venv/lib/python3.12/site-packages/airflow/example_dags/example_bash_operator.py
[2025-06-05T19:42:23.045+0200] {logging_mixin.py:188} INFO - [2025-06-05T19:42:23.045+0200] {dag.py:3096} INFO - Sync 1 DAGs
[2025-06-05T19:42:23.060+0200] {logging_mixin.py:188} INFO - [2025-06-05T19:42:23.059+0200] {dag.py:3954} INFO - Setting next_dagrun for example_bash_operator to 2025-06-04 00:00:00+00:00, run_after=2025-06-05 00:00:00+00:00
[2025-06-05T19:42:23.079+0200] {processor.py:183} INFO - Processing /home/leoja/airflow/airflow_venv/lib/python3.12/site-packages/airflow/example_dags/example_bash_operator.py took 0.069 seconds
[2025-06-05T19:43:30.130+0200] {processor.py:161} INFO - Started process (PID=557791) to work on /home/leoja/airflow/airflow_venv/lib/python3.12/site-packages/airflow/example_dags/example_bash_operator.py
[2025-06-05T19:43:30.131+0200] {processor.py:830} INFO - Processing file /home/leoja/airflow/airflow_venv/lib/python3.12/site-packages/airflow/example_dags/example_bash_operator.py for tasks to queue
[2025-06-05T19:43:30.133+0200] {logging_mixin.py:188} INFO - [2025-06-05T19:43:30.132+0200] {dagbag.py:540} INFO - Filling up the DagBag from /home/leoja/airflow/airflow_venv/lib/python3.12/site-packages/airflow/example_dags/example_bash_operator.py
[2025-06-05T19:43:30.141+0200] {processor.py:840} INFO - DAG(s) 'example_bash_operator' retrieved from /home/leoja/airflow/airflow_venv/lib/python3.12/site-packages/airflow/example_dags/example_bash_operator.py
[2025-06-05T19:43:30.159+0200] {logging_mixin.py:188} INFO - [2025-06-05T19:43:30.159+0200] {dag.py:3096} INFO - Sync 1 DAGs
[2025-06-05T19:43:30.176+0200] {logging_mixin.py:188} INFO - [2025-06-05T19:43:30.175+0200] {dag.py:3954} INFO - Setting next_dagrun for example_bash_operator to 2025-06-04 00:00:00+00:00, run_after=2025-06-05 00:00:00+00:00
[2025-06-05T19:43:30.198+0200] {processor.py:183} INFO - Processing /home/leoja/airflow/airflow_venv/lib/python3.12/site-packages/airflow/example_dags/example_bash_operator.py took 0.075 seconds
[2025-06-05T19:44:28.353+0200] {processor.py:161} INFO - Started process (PID=558231) to work on /home/leoja/airflow/airflow_venv/lib/python3.12/site-packages/airflow/example_dags/example_bash_operator.py
[2025-06-05T19:44:28.354+0200] {processor.py:830} INFO - Processing file /home/leoja/airflow/airflow_venv/lib/python3.12/site-packages/airflow/example_dags/example_bash_operator.py for tasks to queue
[2025-06-05T19:44:28.356+0200] {logging_mixin.py:188} INFO - [2025-06-05T19:44:28.356+0200] {dagbag.py:540} INFO - Filling up the DagBag from /home/leoja/airflow/airflow_venv/lib/python3.12/site-packages/airflow/example_dags/example_bash_operator.py
[2025-06-05T19:44:28.366+0200] {processor.py:840} INFO - DAG(s) 'example_bash_operator' retrieved from /home/leoja/airflow/airflow_venv/lib/python3.12/site-packages/airflow/example_dags/example_bash_operator.py
[2025-06-05T19:44:28.381+0200] {logging_mixin.py:188} INFO - [2025-06-05T19:44:28.381+0200] {dag.py:3096} INFO - Sync 1 DAGs
[2025-06-05T19:44:28.395+0200] {logging_mixin.py:188} INFO - [2025-06-05T19:44:28.395+0200] {dag.py:3954} INFO - Setting next_dagrun for example_bash_operator to 2025-06-04 00:00:00+00:00, run_after=2025-06-05 00:00:00+00:00
[2025-06-05T19:44:28.416+0200] {processor.py:183} INFO - Processing /home/leoja/airflow/airflow_venv/lib/python3.12/site-packages/airflow/example_dags/example_bash_operator.py took 0.070 seconds
