[2025-06-05T07:53:57.648+0200] {processor.py:161} INFO - Started process (PID=531314) to work on /home/leoja/airflow/airflow_venv/lib/python3.12/site-packages/airflow/example_dags/example_branch_day_of_week_operator.py
[2025-06-05T07:53:57.649+0200] {processor.py:830} INFO - Processing file /home/leoja/airflow/airflow_venv/lib/python3.12/site-packages/airflow/example_dags/example_branch_day_of_week_operator.py for tasks to queue
[2025-06-05T07:53:57.651+0200] {logging_mixin.py:188} INFO - [2025-06-05T07:53:57.650+0200] {dagbag.py:540} INFO - Filling up the DagBag from /home/leoja/airflow/airflow_venv/lib/python3.12/site-packages/airflow/example_dags/example_branch_day_of_week_operator.py
[2025-06-05T07:53:57.657+0200] {processor.py:840} INFO - DAG(s) 'example_weekday_branch_operator' retrieved from /home/leoja/airflow/airflow_venv/lib/python3.12/site-packages/airflow/example_dags/example_branch_day_of_week_operator.py
[2025-06-05T07:53:57.671+0200] {logging_mixin.py:188} INFO - [2025-06-05T07:53:57.670+0200] {dag.py:3096} INFO - Sync 1 DAGs
[2025-06-05T07:53:57.687+0200] {logging_mixin.py:188} INFO - [2025-06-05T07:53:57.686+0200] {dag.py:3954} INFO - Setting next_dagrun for example_weekday_branch_operator to 2025-06-04 00:00:00+00:00, run_after=2025-06-05 00:00:00+00:00
[2025-06-05T07:53:57.708+0200] {processor.py:183} INFO - Processing /home/leoja/airflow/airflow_venv/lib/python3.12/site-packages/airflow/example_dags/example_branch_day_of_week_operator.py took 0.067 seconds
[2025-06-05T07:55:00.738+0200] {processor.py:161} INFO - Started process (PID=531534) to work on /home/leoja/airflow/airflow_venv/lib/python3.12/site-packages/airflow/example_dags/example_branch_day_of_week_operator.py
[2025-06-05T07:55:00.740+0200] {processor.py:830} INFO - Processing file /home/leoja/airflow/airflow_venv/lib/python3.12/site-packages/airflow/example_dags/example_branch_day_of_week_operator.py for tasks to queue
[2025-06-05T07:55:00.742+0200] {logging_mixin.py:188} INFO - [2025-06-05T07:55:00.741+0200] {dagbag.py:540} INFO - Filling up the DagBag from /home/leoja/airflow/airflow_venv/lib/python3.12/site-packages/airflow/example_dags/example_branch_day_of_week_operator.py
[2025-06-05T07:55:00.747+0200] {processor.py:840} INFO - DAG(s) 'example_weekday_branch_operator' retrieved from /home/leoja/airflow/airflow_venv/lib/python3.12/site-packages/airflow/example_dags/example_branch_day_of_week_operator.py
[2025-06-05T07:55:00.759+0200] {logging_mixin.py:188} INFO - [2025-06-05T07:55:00.759+0200] {dag.py:3096} INFO - Sync 1 DAGs
[2025-06-05T07:55:00.771+0200] {logging_mixin.py:188} INFO - [2025-06-05T07:55:00.771+0200] {dag.py:3954} INFO - Setting next_dagrun for example_weekday_branch_operator to 2025-06-04 00:00:00+00:00, run_after=2025-06-05 00:00:00+00:00
[2025-06-05T07:55:00.790+0200] {processor.py:183} INFO - Processing /home/leoja/airflow/airflow_venv/lib/python3.12/site-packages/airflow/example_dags/example_branch_day_of_week_operator.py took 0.057 seconds
[2025-06-05T07:56:05.062+0200] {processor.py:161} INFO - Started process (PID=531750) to work on /home/leoja/airflow/airflow_venv/lib/python3.12/site-packages/airflow/example_dags/example_branch_day_of_week_operator.py
[2025-06-05T07:56:05.064+0200] {processor.py:830} INFO - Processing file /home/leoja/airflow/airflow_venv/lib/python3.12/site-packages/airflow/example_dags/example_branch_day_of_week_operator.py for tasks to queue
[2025-06-05T07:56:05.065+0200] {logging_mixin.py:188} INFO - [2025-06-05T07:56:05.065+0200] {dagbag.py:540} INFO - Filling up the DagBag from /home/leoja/airflow/airflow_venv/lib/python3.12/site-packages/airflow/example_dags/example_branch_day_of_week_operator.py
[2025-06-05T07:56:05.071+0200] {processor.py:840} INFO - DAG(s) 'example_weekday_branch_operator' retrieved from /home/leoja/airflow/airflow_venv/lib/python3.12/site-packages/airflow/example_dags/example_branch_day_of_week_operator.py
[2025-06-05T07:56:05.081+0200] {logging_mixin.py:188} INFO - [2025-06-05T07:56:05.081+0200] {dag.py:3096} INFO - Sync 1 DAGs
[2025-06-05T07:56:05.093+0200] {logging_mixin.py:188} INFO - [2025-06-05T07:56:05.093+0200] {dag.py:3954} INFO - Setting next_dagrun for example_weekday_branch_operator to 2025-06-04 00:00:00+00:00, run_after=2025-06-05 00:00:00+00:00
[2025-06-05T07:56:05.110+0200] {processor.py:183} INFO - Processing /home/leoja/airflow/airflow_venv/lib/python3.12/site-packages/airflow/example_dags/example_branch_day_of_week_operator.py took 0.053 seconds
[2025-06-05T07:57:08.644+0200] {processor.py:161} INFO - Started process (PID=531994) to work on /home/leoja/airflow/airflow_venv/lib/python3.12/site-packages/airflow/example_dags/example_branch_day_of_week_operator.py
[2025-06-05T07:57:08.646+0200] {processor.py:830} INFO - Processing file /home/leoja/airflow/airflow_venv/lib/python3.12/site-packages/airflow/example_dags/example_branch_day_of_week_operator.py for tasks to queue
[2025-06-05T07:57:08.647+0200] {logging_mixin.py:188} INFO - [2025-06-05T07:57:08.647+0200] {dagbag.py:540} INFO - Filling up the DagBag from /home/leoja/airflow/airflow_venv/lib/python3.12/site-packages/airflow/example_dags/example_branch_day_of_week_operator.py
[2025-06-05T07:57:08.653+0200] {processor.py:840} INFO - DAG(s) 'example_weekday_branch_operator' retrieved from /home/leoja/airflow/airflow_venv/lib/python3.12/site-packages/airflow/example_dags/example_branch_day_of_week_operator.py
[2025-06-05T07:57:08.664+0200] {logging_mixin.py:188} INFO - [2025-06-05T07:57:08.664+0200] {dag.py:3096} INFO - Sync 1 DAGs
[2025-06-05T07:57:08.677+0200] {logging_mixin.py:188} INFO - [2025-06-05T07:57:08.676+0200] {dag.py:3954} INFO - Setting next_dagrun for example_weekday_branch_operator to 2025-06-04 00:00:00+00:00, run_after=2025-06-05 00:00:00+00:00
[2025-06-05T07:57:08.693+0200] {processor.py:183} INFO - Processing /home/leoja/airflow/airflow_venv/lib/python3.12/site-packages/airflow/example_dags/example_branch_day_of_week_operator.py took 0.054 seconds
[2025-06-05T07:58:11.943+0200] {processor.py:161} INFO - Started process (PID=532207) to work on /home/leoja/airflow/airflow_venv/lib/python3.12/site-packages/airflow/example_dags/example_branch_day_of_week_operator.py
[2025-06-05T07:58:11.945+0200] {processor.py:830} INFO - Processing file /home/leoja/airflow/airflow_venv/lib/python3.12/site-packages/airflow/example_dags/example_branch_day_of_week_operator.py for tasks to queue
[2025-06-05T07:58:11.946+0200] {logging_mixin.py:188} INFO - [2025-06-05T07:58:11.946+0200] {dagbag.py:540} INFO - Filling up the DagBag from /home/leoja/airflow/airflow_venv/lib/python3.12/site-packages/airflow/example_dags/example_branch_day_of_week_operator.py
[2025-06-05T07:58:11.952+0200] {processor.py:840} INFO - DAG(s) 'example_weekday_branch_operator' retrieved from /home/leoja/airflow/airflow_venv/lib/python3.12/site-packages/airflow/example_dags/example_branch_day_of_week_operator.py
[2025-06-05T07:58:11.965+0200] {logging_mixin.py:188} INFO - [2025-06-05T07:58:11.964+0200] {dag.py:3096} INFO - Sync 1 DAGs
[2025-06-05T07:58:11.977+0200] {logging_mixin.py:188} INFO - [2025-06-05T07:58:11.977+0200] {dag.py:3954} INFO - Setting next_dagrun for example_weekday_branch_operator to 2025-06-04 00:00:00+00:00, run_after=2025-06-05 00:00:00+00:00
[2025-06-05T07:58:11.998+0200] {processor.py:183} INFO - Processing /home/leoja/airflow/airflow_venv/lib/python3.12/site-packages/airflow/example_dags/example_branch_day_of_week_operator.py took 0.060 seconds
[2025-06-05T18:44:48.001+0200] {processor.py:161} INFO - Started process (PID=533631) to work on /home/leoja/airflow/airflow_venv/lib/python3.12/site-packages/airflow/example_dags/example_branch_day_of_week_operator.py
[2025-06-05T18:44:48.003+0200] {processor.py:830} INFO - Processing file /home/leoja/airflow/airflow_venv/lib/python3.12/site-packages/airflow/example_dags/example_branch_day_of_week_operator.py for tasks to queue
[2025-06-05T18:44:48.005+0200] {logging_mixin.py:188} INFO - [2025-06-05T18:44:48.004+0200] {dagbag.py:540} INFO - Filling up the DagBag from /home/leoja/airflow/airflow_venv/lib/python3.12/site-packages/airflow/example_dags/example_branch_day_of_week_operator.py
[2025-06-05T18:44:48.016+0200] {processor.py:840} INFO - DAG(s) 'example_weekday_branch_operator' retrieved from /home/leoja/airflow/airflow_venv/lib/python3.12/site-packages/airflow/example_dags/example_branch_day_of_week_operator.py
[2025-06-05T18:44:48.037+0200] {logging_mixin.py:188} INFO - [2025-06-05T18:44:48.037+0200] {dag.py:3096} INFO - Sync 1 DAGs
[2025-06-05T18:44:48.076+0200] {logging_mixin.py:188} INFO - [2025-06-05T18:44:48.072+0200] {dag.py:3954} INFO - Setting next_dagrun for example_weekday_branch_operator to 2025-06-04 00:00:00+00:00, run_after=2025-06-05 00:00:00+00:00
[2025-06-05T18:44:48.109+0200] {processor.py:183} INFO - Processing /home/leoja/airflow/airflow_venv/lib/python3.12/site-packages/airflow/example_dags/example_branch_day_of_week_operator.py took 0.119 seconds
[2025-06-05T18:45:53.366+0200] {processor.py:161} INFO - Started process (PID=534047) to work on /home/leoja/airflow/airflow_venv/lib/python3.12/site-packages/airflow/example_dags/example_branch_day_of_week_operator.py
[2025-06-05T18:45:53.368+0200] {processor.py:830} INFO - Processing file /home/leoja/airflow/airflow_venv/lib/python3.12/site-packages/airflow/example_dags/example_branch_day_of_week_operator.py for tasks to queue
[2025-06-05T18:45:53.369+0200] {logging_mixin.py:188} INFO - [2025-06-05T18:45:53.369+0200] {dagbag.py:540} INFO - Filling up the DagBag from /home/leoja/airflow/airflow_venv/lib/python3.12/site-packages/airflow/example_dags/example_branch_day_of_week_operator.py
[2025-06-05T18:45:53.375+0200] {processor.py:840} INFO - DAG(s) 'example_weekday_branch_operator' retrieved from /home/leoja/airflow/airflow_venv/lib/python3.12/site-packages/airflow/example_dags/example_branch_day_of_week_operator.py
[2025-06-05T18:45:53.386+0200] {logging_mixin.py:188} INFO - [2025-06-05T18:45:53.386+0200] {dag.py:3096} INFO - Sync 1 DAGs
[2025-06-05T18:45:53.399+0200] {logging_mixin.py:188} INFO - [2025-06-05T18:45:53.399+0200] {dag.py:3954} INFO - Setting next_dagrun for example_weekday_branch_operator to 2025-06-04 00:00:00+00:00, run_after=2025-06-05 00:00:00+00:00
[2025-06-05T18:45:53.419+0200] {processor.py:183} INFO - Processing /home/leoja/airflow/airflow_venv/lib/python3.12/site-packages/airflow/example_dags/example_branch_day_of_week_operator.py took 0.057 seconds
[2025-06-05T18:46:58.293+0200] {processor.py:161} INFO - Started process (PID=534418) to work on /home/leoja/airflow/airflow_venv/lib/python3.12/site-packages/airflow/example_dags/example_branch_day_of_week_operator.py
[2025-06-05T18:46:58.295+0200] {processor.py:830} INFO - Processing file /home/leoja/airflow/airflow_venv/lib/python3.12/site-packages/airflow/example_dags/example_branch_day_of_week_operator.py for tasks to queue
[2025-06-05T18:46:58.297+0200] {logging_mixin.py:188} INFO - [2025-06-05T18:46:58.296+0200] {dagbag.py:540} INFO - Filling up the DagBag from /home/leoja/airflow/airflow_venv/lib/python3.12/site-packages/airflow/example_dags/example_branch_day_of_week_operator.py
[2025-06-05T18:46:58.303+0200] {processor.py:840} INFO - DAG(s) 'example_weekday_branch_operator' retrieved from /home/leoja/airflow/airflow_venv/lib/python3.12/site-packages/airflow/example_dags/example_branch_day_of_week_operator.py
[2025-06-05T18:46:58.317+0200] {logging_mixin.py:188} INFO - [2025-06-05T18:46:58.317+0200] {dag.py:3096} INFO - Sync 1 DAGs
[2025-06-05T18:46:58.333+0200] {logging_mixin.py:188} INFO - [2025-06-05T18:46:58.333+0200] {dag.py:3954} INFO - Setting next_dagrun for example_weekday_branch_operator to 2025-06-04 00:00:00+00:00, run_after=2025-06-05 00:00:00+00:00
[2025-06-05T18:46:58.357+0200] {processor.py:183} INFO - Processing /home/leoja/airflow/airflow_venv/lib/python3.12/site-packages/airflow/example_dags/example_branch_day_of_week_operator.py took 0.070 seconds
[2025-06-05T18:48:08.893+0200] {processor.py:161} INFO - Started process (PID=534808) to work on /home/leoja/airflow/airflow_venv/lib/python3.12/site-packages/airflow/example_dags/example_branch_day_of_week_operator.py
[2025-06-05T18:48:08.895+0200] {processor.py:830} INFO - Processing file /home/leoja/airflow/airflow_venv/lib/python3.12/site-packages/airflow/example_dags/example_branch_day_of_week_operator.py for tasks to queue
[2025-06-05T18:48:08.897+0200] {logging_mixin.py:188} INFO - [2025-06-05T18:48:08.897+0200] {dagbag.py:540} INFO - Filling up the DagBag from /home/leoja/airflow/airflow_venv/lib/python3.12/site-packages/airflow/example_dags/example_branch_day_of_week_operator.py
[2025-06-05T18:48:08.903+0200] {processor.py:840} INFO - DAG(s) 'example_weekday_branch_operator' retrieved from /home/leoja/airflow/airflow_venv/lib/python3.12/site-packages/airflow/example_dags/example_branch_day_of_week_operator.py
[2025-06-05T18:48:08.916+0200] {logging_mixin.py:188} INFO - [2025-06-05T18:48:08.916+0200] {dag.py:3096} INFO - Sync 1 DAGs
[2025-06-05T18:48:08.929+0200] {logging_mixin.py:188} INFO - [2025-06-05T18:48:08.929+0200] {dag.py:3954} INFO - Setting next_dagrun for example_weekday_branch_operator to 2025-06-04 00:00:00+00:00, run_after=2025-06-05 00:00:00+00:00
[2025-06-05T18:48:08.950+0200] {processor.py:183} INFO - Processing /home/leoja/airflow/airflow_venv/lib/python3.12/site-packages/airflow/example_dags/example_branch_day_of_week_operator.py took 0.064 seconds
[2025-06-05T18:49:14.503+0200] {processor.py:161} INFO - Started process (PID=535240) to work on /home/leoja/airflow/airflow_venv/lib/python3.12/site-packages/airflow/example_dags/example_branch_day_of_week_operator.py
[2025-06-05T18:49:14.505+0200] {processor.py:830} INFO - Processing file /home/leoja/airflow/airflow_venv/lib/python3.12/site-packages/airflow/example_dags/example_branch_day_of_week_operator.py for tasks to queue
[2025-06-05T18:49:14.508+0200] {logging_mixin.py:188} INFO - [2025-06-05T18:49:14.507+0200] {dagbag.py:540} INFO - Filling up the DagBag from /home/leoja/airflow/airflow_venv/lib/python3.12/site-packages/airflow/example_dags/example_branch_day_of_week_operator.py
[2025-06-05T18:49:14.518+0200] {processor.py:840} INFO - DAG(s) 'example_weekday_branch_operator' retrieved from /home/leoja/airflow/airflow_venv/lib/python3.12/site-packages/airflow/example_dags/example_branch_day_of_week_operator.py
[2025-06-05T18:49:14.534+0200] {logging_mixin.py:188} INFO - [2025-06-05T18:49:14.534+0200] {dag.py:3096} INFO - Sync 1 DAGs
[2025-06-05T18:49:14.550+0200] {logging_mixin.py:188} INFO - [2025-06-05T18:49:14.550+0200] {dag.py:3954} INFO - Setting next_dagrun for example_weekday_branch_operator to 2025-06-04 00:00:00+00:00, run_after=2025-06-05 00:00:00+00:00
[2025-06-05T18:49:14.569+0200] {processor.py:183} INFO - Processing /home/leoja/airflow/airflow_venv/lib/python3.12/site-packages/airflow/example_dags/example_branch_day_of_week_operator.py took 0.074 seconds
[2025-06-05T18:50:49.698+0200] {processor.py:161} INFO - Started process (PID=536232) to work on /home/leoja/airflow/airflow_venv/lib/python3.12/site-packages/airflow/example_dags/example_branch_day_of_week_operator.py
[2025-06-05T18:50:49.699+0200] {processor.py:830} INFO - Processing file /home/leoja/airflow/airflow_venv/lib/python3.12/site-packages/airflow/example_dags/example_branch_day_of_week_operator.py for tasks to queue
[2025-06-05T18:50:49.701+0200] {logging_mixin.py:188} INFO - [2025-06-05T18:50:49.701+0200] {dagbag.py:540} INFO - Filling up the DagBag from /home/leoja/airflow/airflow_venv/lib/python3.12/site-packages/airflow/example_dags/example_branch_day_of_week_operator.py
[2025-06-05T18:50:49.707+0200] {processor.py:840} INFO - DAG(s) 'example_weekday_branch_operator' retrieved from /home/leoja/airflow/airflow_venv/lib/python3.12/site-packages/airflow/example_dags/example_branch_day_of_week_operator.py
[2025-06-05T18:50:49.720+0200] {logging_mixin.py:188} INFO - [2025-06-05T18:50:49.719+0200] {dag.py:3096} INFO - Sync 1 DAGs
[2025-06-05T18:50:49.732+0200] {logging_mixin.py:188} INFO - [2025-06-05T18:50:49.732+0200] {dag.py:3954} INFO - Setting next_dagrun for example_weekday_branch_operator to 2025-06-04 00:00:00+00:00, run_after=2025-06-05 00:00:00+00:00
[2025-06-05T18:50:49.754+0200] {processor.py:183} INFO - Processing /home/leoja/airflow/airflow_venv/lib/python3.12/site-packages/airflow/example_dags/example_branch_day_of_week_operator.py took 0.062 seconds
[2025-06-05T18:51:46.369+0200] {processor.py:161} INFO - Started process (PID=536640) to work on /home/leoja/airflow/airflow_venv/lib/python3.12/site-packages/airflow/example_dags/example_branch_day_of_week_operator.py
[2025-06-05T18:51:46.370+0200] {processor.py:830} INFO - Processing file /home/leoja/airflow/airflow_venv/lib/python3.12/site-packages/airflow/example_dags/example_branch_day_of_week_operator.py for tasks to queue
[2025-06-05T18:51:46.372+0200] {logging_mixin.py:188} INFO - [2025-06-05T18:51:46.372+0200] {dagbag.py:540} INFO - Filling up the DagBag from /home/leoja/airflow/airflow_venv/lib/python3.12/site-packages/airflow/example_dags/example_branch_day_of_week_operator.py
[2025-06-05T18:51:46.378+0200] {processor.py:840} INFO - DAG(s) 'example_weekday_branch_operator' retrieved from /home/leoja/airflow/airflow_venv/lib/python3.12/site-packages/airflow/example_dags/example_branch_day_of_week_operator.py
[2025-06-05T18:51:46.393+0200] {logging_mixin.py:188} INFO - [2025-06-05T18:51:46.393+0200] {dag.py:3096} INFO - Sync 1 DAGs
[2025-06-05T18:51:46.410+0200] {logging_mixin.py:188} INFO - [2025-06-05T18:51:46.409+0200] {dag.py:3954} INFO - Setting next_dagrun for example_weekday_branch_operator to 2025-06-04 00:00:00+00:00, run_after=2025-06-05 00:00:00+00:00
[2025-06-05T18:51:46.432+0200] {processor.py:183} INFO - Processing /home/leoja/airflow/airflow_venv/lib/python3.12/site-packages/airflow/example_dags/example_branch_day_of_week_operator.py took 0.071 seconds
[2025-06-05T18:52:47.233+0200] {processor.py:161} INFO - Started process (PID=537158) to work on /home/leoja/airflow/airflow_venv/lib/python3.12/site-packages/airflow/example_dags/example_branch_day_of_week_operator.py
[2025-06-05T18:52:47.235+0200] {processor.py:830} INFO - Processing file /home/leoja/airflow/airflow_venv/lib/python3.12/site-packages/airflow/example_dags/example_branch_day_of_week_operator.py for tasks to queue
[2025-06-05T18:52:47.236+0200] {logging_mixin.py:188} INFO - [2025-06-05T18:52:47.236+0200] {dagbag.py:540} INFO - Filling up the DagBag from /home/leoja/airflow/airflow_venv/lib/python3.12/site-packages/airflow/example_dags/example_branch_day_of_week_operator.py
[2025-06-05T18:52:47.242+0200] {processor.py:840} INFO - DAG(s) 'example_weekday_branch_operator' retrieved from /home/leoja/airflow/airflow_venv/lib/python3.12/site-packages/airflow/example_dags/example_branch_day_of_week_operator.py
[2025-06-05T18:52:47.255+0200] {logging_mixin.py:188} INFO - [2025-06-05T18:52:47.255+0200] {dag.py:3096} INFO - Sync 1 DAGs
[2025-06-05T18:52:47.269+0200] {logging_mixin.py:188} INFO - [2025-06-05T18:52:47.268+0200] {dag.py:3954} INFO - Setting next_dagrun for example_weekday_branch_operator to 2025-06-04 00:00:00+00:00, run_after=2025-06-05 00:00:00+00:00
[2025-06-05T18:52:47.291+0200] {processor.py:183} INFO - Processing /home/leoja/airflow/airflow_venv/lib/python3.12/site-packages/airflow/example_dags/example_branch_day_of_week_operator.py took 0.063 seconds
[2025-06-05T18:54:20.218+0200] {processor.py:161} INFO - Started process (PID=538255) to work on /home/leoja/airflow/airflow_venv/lib/python3.12/site-packages/airflow/example_dags/example_branch_day_of_week_operator.py
[2025-06-05T18:54:20.220+0200] {processor.py:830} INFO - Processing file /home/leoja/airflow/airflow_venv/lib/python3.12/site-packages/airflow/example_dags/example_branch_day_of_week_operator.py for tasks to queue
[2025-06-05T18:54:20.222+0200] {logging_mixin.py:188} INFO - [2025-06-05T18:54:20.222+0200] {dagbag.py:540} INFO - Filling up the DagBag from /home/leoja/airflow/airflow_venv/lib/python3.12/site-packages/airflow/example_dags/example_branch_day_of_week_operator.py
[2025-06-05T18:54:20.229+0200] {processor.py:840} INFO - DAG(s) 'example_weekday_branch_operator' retrieved from /home/leoja/airflow/airflow_venv/lib/python3.12/site-packages/airflow/example_dags/example_branch_day_of_week_operator.py
[2025-06-05T18:54:20.246+0200] {logging_mixin.py:188} INFO - [2025-06-05T18:54:20.246+0200] {dag.py:3096} INFO - Sync 1 DAGs
[2025-06-05T18:54:20.264+0200] {logging_mixin.py:188} INFO - [2025-06-05T18:54:20.264+0200] {dag.py:3954} INFO - Setting next_dagrun for example_weekday_branch_operator to 2025-06-04 00:00:00+00:00, run_after=2025-06-05 00:00:00+00:00
[2025-06-05T18:54:20.286+0200] {processor.py:183} INFO - Processing /home/leoja/airflow/airflow_venv/lib/python3.12/site-packages/airflow/example_dags/example_branch_day_of_week_operator.py took 0.075 seconds
[2025-06-05T18:55:16.221+0200] {processor.py:161} INFO - Started process (PID=538644) to work on /home/leoja/airflow/airflow_venv/lib/python3.12/site-packages/airflow/example_dags/example_branch_day_of_week_operator.py
[2025-06-05T18:55:16.222+0200] {processor.py:830} INFO - Processing file /home/leoja/airflow/airflow_venv/lib/python3.12/site-packages/airflow/example_dags/example_branch_day_of_week_operator.py for tasks to queue
[2025-06-05T18:55:16.224+0200] {logging_mixin.py:188} INFO - [2025-06-05T18:55:16.223+0200] {dagbag.py:540} INFO - Filling up the DagBag from /home/leoja/airflow/airflow_venv/lib/python3.12/site-packages/airflow/example_dags/example_branch_day_of_week_operator.py
[2025-06-05T18:55:16.229+0200] {processor.py:840} INFO - DAG(s) 'example_weekday_branch_operator' retrieved from /home/leoja/airflow/airflow_venv/lib/python3.12/site-packages/airflow/example_dags/example_branch_day_of_week_operator.py
[2025-06-05T18:55:16.242+0200] {logging_mixin.py:188} INFO - [2025-06-05T18:55:16.241+0200] {dag.py:3096} INFO - Sync 1 DAGs
[2025-06-05T18:55:16.254+0200] {logging_mixin.py:188} INFO - [2025-06-05T18:55:16.254+0200] {dag.py:3954} INFO - Setting next_dagrun for example_weekday_branch_operator to 2025-06-04 00:00:00+00:00, run_after=2025-06-05 00:00:00+00:00
[2025-06-05T18:55:16.274+0200] {processor.py:183} INFO - Processing /home/leoja/airflow/airflow_venv/lib/python3.12/site-packages/airflow/example_dags/example_branch_day_of_week_operator.py took 0.060 seconds
[2025-06-05T18:56:20.201+0200] {processor.py:161} INFO - Started process (PID=539009) to work on /home/leoja/airflow/airflow_venv/lib/python3.12/site-packages/airflow/example_dags/example_branch_day_of_week_operator.py
[2025-06-05T18:56:20.203+0200] {processor.py:830} INFO - Processing file /home/leoja/airflow/airflow_venv/lib/python3.12/site-packages/airflow/example_dags/example_branch_day_of_week_operator.py for tasks to queue
[2025-06-05T18:56:20.204+0200] {logging_mixin.py:188} INFO - [2025-06-05T18:56:20.204+0200] {dagbag.py:540} INFO - Filling up the DagBag from /home/leoja/airflow/airflow_venv/lib/python3.12/site-packages/airflow/example_dags/example_branch_day_of_week_operator.py
[2025-06-05T18:56:20.210+0200] {processor.py:840} INFO - DAG(s) 'example_weekday_branch_operator' retrieved from /home/leoja/airflow/airflow_venv/lib/python3.12/site-packages/airflow/example_dags/example_branch_day_of_week_operator.py
[2025-06-05T18:56:20.222+0200] {logging_mixin.py:188} INFO - [2025-06-05T18:56:20.222+0200] {dag.py:3096} INFO - Sync 1 DAGs
[2025-06-05T18:56:20.237+0200] {logging_mixin.py:188} INFO - [2025-06-05T18:56:20.237+0200] {dag.py:3954} INFO - Setting next_dagrun for example_weekday_branch_operator to 2025-06-04 00:00:00+00:00, run_after=2025-06-05 00:00:00+00:00
[2025-06-05T18:56:20.256+0200] {processor.py:183} INFO - Processing /home/leoja/airflow/airflow_venv/lib/python3.12/site-packages/airflow/example_dags/example_branch_day_of_week_operator.py took 0.062 seconds
[2025-06-05T18:57:24.336+0200] {processor.py:161} INFO - Started process (PID=539401) to work on /home/leoja/airflow/airflow_venv/lib/python3.12/site-packages/airflow/example_dags/example_branch_day_of_week_operator.py
[2025-06-05T18:57:24.338+0200] {processor.py:830} INFO - Processing file /home/leoja/airflow/airflow_venv/lib/python3.12/site-packages/airflow/example_dags/example_branch_day_of_week_operator.py for tasks to queue
[2025-06-05T18:57:24.341+0200] {logging_mixin.py:188} INFO - [2025-06-05T18:57:24.340+0200] {dagbag.py:540} INFO - Filling up the DagBag from /home/leoja/airflow/airflow_venv/lib/python3.12/site-packages/airflow/example_dags/example_branch_day_of_week_operator.py
[2025-06-05T18:57:24.351+0200] {processor.py:840} INFO - DAG(s) 'example_weekday_branch_operator' retrieved from /home/leoja/airflow/airflow_venv/lib/python3.12/site-packages/airflow/example_dags/example_branch_day_of_week_operator.py
[2025-06-05T18:57:24.371+0200] {logging_mixin.py:188} INFO - [2025-06-05T18:57:24.371+0200] {dag.py:3096} INFO - Sync 1 DAGs
[2025-06-05T18:57:24.394+0200] {logging_mixin.py:188} INFO - [2025-06-05T18:57:24.393+0200] {dag.py:3954} INFO - Setting next_dagrun for example_weekday_branch_operator to 2025-06-04 00:00:00+00:00, run_after=2025-06-05 00:00:00+00:00
[2025-06-05T18:57:24.417+0200] {processor.py:183} INFO - Processing /home/leoja/airflow/airflow_venv/lib/python3.12/site-packages/airflow/example_dags/example_branch_day_of_week_operator.py took 0.098 seconds
[2025-06-05T18:58:28.694+0200] {processor.py:161} INFO - Started process (PID=539926) to work on /home/leoja/airflow/airflow_venv/lib/python3.12/site-packages/airflow/example_dags/example_branch_day_of_week_operator.py
[2025-06-05T18:58:28.696+0200] {processor.py:830} INFO - Processing file /home/leoja/airflow/airflow_venv/lib/python3.12/site-packages/airflow/example_dags/example_branch_day_of_week_operator.py for tasks to queue
[2025-06-05T18:58:28.698+0200] {logging_mixin.py:188} INFO - [2025-06-05T18:58:28.697+0200] {dagbag.py:540} INFO - Filling up the DagBag from /home/leoja/airflow/airflow_venv/lib/python3.12/site-packages/airflow/example_dags/example_branch_day_of_week_operator.py
[2025-06-05T18:58:28.704+0200] {processor.py:840} INFO - DAG(s) 'example_weekday_branch_operator' retrieved from /home/leoja/airflow/airflow_venv/lib/python3.12/site-packages/airflow/example_dags/example_branch_day_of_week_operator.py
[2025-06-05T18:58:28.720+0200] {logging_mixin.py:188} INFO - [2025-06-05T18:58:28.720+0200] {dag.py:3096} INFO - Sync 1 DAGs
[2025-06-05T18:58:28.740+0200] {logging_mixin.py:188} INFO - [2025-06-05T18:58:28.740+0200] {dag.py:3954} INFO - Setting next_dagrun for example_weekday_branch_operator to 2025-06-04 00:00:00+00:00, run_after=2025-06-05 00:00:00+00:00
[2025-06-05T18:58:28.767+0200] {processor.py:183} INFO - Processing /home/leoja/airflow/airflow_venv/lib/python3.12/site-packages/airflow/example_dags/example_branch_day_of_week_operator.py took 0.081 seconds
[2025-06-05T18:59:32.295+0200] {processor.py:161} INFO - Started process (PID=540276) to work on /home/leoja/airflow/airflow_venv/lib/python3.12/site-packages/airflow/example_dags/example_branch_day_of_week_operator.py
[2025-06-05T18:59:32.297+0200] {processor.py:830} INFO - Processing file /home/leoja/airflow/airflow_venv/lib/python3.12/site-packages/airflow/example_dags/example_branch_day_of_week_operator.py for tasks to queue
[2025-06-05T18:59:32.298+0200] {logging_mixin.py:188} INFO - [2025-06-05T18:59:32.298+0200] {dagbag.py:540} INFO - Filling up the DagBag from /home/leoja/airflow/airflow_venv/lib/python3.12/site-packages/airflow/example_dags/example_branch_day_of_week_operator.py
[2025-06-05T18:59:32.304+0200] {processor.py:840} INFO - DAG(s) 'example_weekday_branch_operator' retrieved from /home/leoja/airflow/airflow_venv/lib/python3.12/site-packages/airflow/example_dags/example_branch_day_of_week_operator.py
[2025-06-05T18:59:32.317+0200] {logging_mixin.py:188} INFO - [2025-06-05T18:59:32.317+0200] {dag.py:3096} INFO - Sync 1 DAGs
[2025-06-05T18:59:32.332+0200] {logging_mixin.py:188} INFO - [2025-06-05T18:59:32.332+0200] {dag.py:3954} INFO - Setting next_dagrun for example_weekday_branch_operator to 2025-06-04 00:00:00+00:00, run_after=2025-06-05 00:00:00+00:00
[2025-06-05T18:59:32.353+0200] {processor.py:183} INFO - Processing /home/leoja/airflow/airflow_venv/lib/python3.12/site-packages/airflow/example_dags/example_branch_day_of_week_operator.py took 0.064 seconds
[2025-06-05T19:00:34.753+0200] {processor.py:161} INFO - Started process (PID=540640) to work on /home/leoja/airflow/airflow_venv/lib/python3.12/site-packages/airflow/example_dags/example_branch_day_of_week_operator.py
[2025-06-05T19:00:34.754+0200] {processor.py:830} INFO - Processing file /home/leoja/airflow/airflow_venv/lib/python3.12/site-packages/airflow/example_dags/example_branch_day_of_week_operator.py for tasks to queue
[2025-06-05T19:00:34.756+0200] {logging_mixin.py:188} INFO - [2025-06-05T19:00:34.756+0200] {dagbag.py:540} INFO - Filling up the DagBag from /home/leoja/airflow/airflow_venv/lib/python3.12/site-packages/airflow/example_dags/example_branch_day_of_week_operator.py
[2025-06-05T19:00:34.763+0200] {processor.py:840} INFO - DAG(s) 'example_weekday_branch_operator' retrieved from /home/leoja/airflow/airflow_venv/lib/python3.12/site-packages/airflow/example_dags/example_branch_day_of_week_operator.py
[2025-06-05T19:00:34.775+0200] {logging_mixin.py:188} INFO - [2025-06-05T19:00:34.775+0200] {dag.py:3096} INFO - Sync 1 DAGs
[2025-06-05T19:00:34.790+0200] {logging_mixin.py:188} INFO - [2025-06-05T19:00:34.790+0200] {dag.py:3954} INFO - Setting next_dagrun for example_weekday_branch_operator to 2025-06-04 00:00:00+00:00, run_after=2025-06-05 00:00:00+00:00
[2025-06-05T19:00:34.813+0200] {processor.py:183} INFO - Processing /home/leoja/airflow/airflow_venv/lib/python3.12/site-packages/airflow/example_dags/example_branch_day_of_week_operator.py took 0.067 seconds
[2025-06-05T19:01:36.321+0200] {processor.py:161} INFO - Started process (PID=540987) to work on /home/leoja/airflow/airflow_venv/lib/python3.12/site-packages/airflow/example_dags/example_branch_day_of_week_operator.py
[2025-06-05T19:01:36.323+0200] {processor.py:830} INFO - Processing file /home/leoja/airflow/airflow_venv/lib/python3.12/site-packages/airflow/example_dags/example_branch_day_of_week_operator.py for tasks to queue
[2025-06-05T19:01:36.325+0200] {logging_mixin.py:188} INFO - [2025-06-05T19:01:36.324+0200] {dagbag.py:540} INFO - Filling up the DagBag from /home/leoja/airflow/airflow_venv/lib/python3.12/site-packages/airflow/example_dags/example_branch_day_of_week_operator.py
[2025-06-05T19:01:36.332+0200] {processor.py:840} INFO - DAG(s) 'example_weekday_branch_operator' retrieved from /home/leoja/airflow/airflow_venv/lib/python3.12/site-packages/airflow/example_dags/example_branch_day_of_week_operator.py
[2025-06-05T19:01:36.349+0200] {logging_mixin.py:188} INFO - [2025-06-05T19:01:36.349+0200] {dag.py:3096} INFO - Sync 1 DAGs
[2025-06-05T19:01:36.370+0200] {logging_mixin.py:188} INFO - [2025-06-05T19:01:36.369+0200] {dag.py:3954} INFO - Setting next_dagrun for example_weekday_branch_operator to 2025-06-04 00:00:00+00:00, run_after=2025-06-05 00:00:00+00:00
[2025-06-05T19:01:36.394+0200] {processor.py:183} INFO - Processing /home/leoja/airflow/airflow_venv/lib/python3.12/site-packages/airflow/example_dags/example_branch_day_of_week_operator.py took 0.079 seconds
[2025-06-05T19:02:43.482+0200] {processor.py:161} INFO - Started process (PID=541350) to work on /home/leoja/airflow/airflow_venv/lib/python3.12/site-packages/airflow/example_dags/example_branch_day_of_week_operator.py
[2025-06-05T19:02:43.484+0200] {processor.py:830} INFO - Processing file /home/leoja/airflow/airflow_venv/lib/python3.12/site-packages/airflow/example_dags/example_branch_day_of_week_operator.py for tasks to queue
[2025-06-05T19:02:43.486+0200] {logging_mixin.py:188} INFO - [2025-06-05T19:02:43.485+0200] {dagbag.py:540} INFO - Filling up the DagBag from /home/leoja/airflow/airflow_venv/lib/python3.12/site-packages/airflow/example_dags/example_branch_day_of_week_operator.py
[2025-06-05T19:02:43.493+0200] {processor.py:840} INFO - DAG(s) 'example_weekday_branch_operator' retrieved from /home/leoja/airflow/airflow_venv/lib/python3.12/site-packages/airflow/example_dags/example_branch_day_of_week_operator.py
[2025-06-05T19:02:43.506+0200] {logging_mixin.py:188} INFO - [2025-06-05T19:02:43.506+0200] {dag.py:3096} INFO - Sync 1 DAGs
[2025-06-05T19:02:43.526+0200] {logging_mixin.py:188} INFO - [2025-06-05T19:02:43.526+0200] {dag.py:3954} INFO - Setting next_dagrun for example_weekday_branch_operator to 2025-06-04 00:00:00+00:00, run_after=2025-06-05 00:00:00+00:00
[2025-06-05T19:02:43.550+0200] {processor.py:183} INFO - Processing /home/leoja/airflow/airflow_venv/lib/python3.12/site-packages/airflow/example_dags/example_branch_day_of_week_operator.py took 0.073 seconds
[2025-06-05T19:03:54.258+0200] {processor.py:161} INFO - Started process (PID=541753) to work on /home/leoja/airflow/airflow_venv/lib/python3.12/site-packages/airflow/example_dags/example_branch_day_of_week_operator.py
[2025-06-05T19:03:54.260+0200] {processor.py:830} INFO - Processing file /home/leoja/airflow/airflow_venv/lib/python3.12/site-packages/airflow/example_dags/example_branch_day_of_week_operator.py for tasks to queue
[2025-06-05T19:03:54.261+0200] {logging_mixin.py:188} INFO - [2025-06-05T19:03:54.261+0200] {dagbag.py:540} INFO - Filling up the DagBag from /home/leoja/airflow/airflow_venv/lib/python3.12/site-packages/airflow/example_dags/example_branch_day_of_week_operator.py
[2025-06-05T19:03:54.267+0200] {processor.py:840} INFO - DAG(s) 'example_weekday_branch_operator' retrieved from /home/leoja/airflow/airflow_venv/lib/python3.12/site-packages/airflow/example_dags/example_branch_day_of_week_operator.py
[2025-06-05T19:03:54.280+0200] {logging_mixin.py:188} INFO - [2025-06-05T19:03:54.280+0200] {dag.py:3096} INFO - Sync 1 DAGs
[2025-06-05T19:03:54.304+0200] {logging_mixin.py:188} INFO - [2025-06-05T19:03:54.303+0200] {dag.py:3954} INFO - Setting next_dagrun for example_weekday_branch_operator to 2025-06-04 00:00:00+00:00, run_after=2025-06-05 00:00:00+00:00
[2025-06-05T19:03:54.423+0200] {processor.py:183} INFO - Processing /home/leoja/airflow/airflow_venv/lib/python3.12/site-packages/airflow/example_dags/example_branch_day_of_week_operator.py took 0.172 seconds
[2025-06-05T19:05:05.539+0200] {processor.py:161} INFO - Started process (PID=542196) to work on /home/leoja/airflow/airflow_venv/lib/python3.12/site-packages/airflow/example_dags/example_branch_day_of_week_operator.py
[2025-06-05T19:05:05.540+0200] {processor.py:830} INFO - Processing file /home/leoja/airflow/airflow_venv/lib/python3.12/site-packages/airflow/example_dags/example_branch_day_of_week_operator.py for tasks to queue
[2025-06-05T19:05:05.542+0200] {logging_mixin.py:188} INFO - [2025-06-05T19:05:05.541+0200] {dagbag.py:540} INFO - Filling up the DagBag from /home/leoja/airflow/airflow_venv/lib/python3.12/site-packages/airflow/example_dags/example_branch_day_of_week_operator.py
[2025-06-05T19:05:05.548+0200] {processor.py:840} INFO - DAG(s) 'example_weekday_branch_operator' retrieved from /home/leoja/airflow/airflow_venv/lib/python3.12/site-packages/airflow/example_dags/example_branch_day_of_week_operator.py
[2025-06-05T19:05:05.561+0200] {logging_mixin.py:188} INFO - [2025-06-05T19:05:05.561+0200] {dag.py:3096} INFO - Sync 1 DAGs
[2025-06-05T19:05:05.678+0200] {logging_mixin.py:188} INFO - [2025-06-05T19:05:05.677+0200] {dag.py:3954} INFO - Setting next_dagrun for example_weekday_branch_operator to 2025-06-04 00:00:00+00:00, run_after=2025-06-05 00:00:00+00:00
[2025-06-05T19:05:05.698+0200] {processor.py:183} INFO - Processing /home/leoja/airflow/airflow_venv/lib/python3.12/site-packages/airflow/example_dags/example_branch_day_of_week_operator.py took 0.165 seconds
[2025-06-05T19:06:15.183+0200] {processor.py:161} INFO - Started process (PID=542444) to work on /home/leoja/airflow/airflow_venv/lib/python3.12/site-packages/airflow/example_dags/example_branch_day_of_week_operator.py
[2025-06-05T19:06:15.185+0200] {processor.py:830} INFO - Processing file /home/leoja/airflow/airflow_venv/lib/python3.12/site-packages/airflow/example_dags/example_branch_day_of_week_operator.py for tasks to queue
[2025-06-05T19:06:15.186+0200] {logging_mixin.py:188} INFO - [2025-06-05T19:06:15.186+0200] {dagbag.py:540} INFO - Filling up the DagBag from /home/leoja/airflow/airflow_venv/lib/python3.12/site-packages/airflow/example_dags/example_branch_day_of_week_operator.py
[2025-06-05T19:06:15.193+0200] {processor.py:840} INFO - DAG(s) 'example_weekday_branch_operator' retrieved from /home/leoja/airflow/airflow_venv/lib/python3.12/site-packages/airflow/example_dags/example_branch_day_of_week_operator.py
[2025-06-05T19:06:15.206+0200] {logging_mixin.py:188} INFO - [2025-06-05T19:06:15.206+0200] {dag.py:3096} INFO - Sync 1 DAGs
[2025-06-05T19:06:15.220+0200] {logging_mixin.py:188} INFO - [2025-06-05T19:06:15.220+0200] {dag.py:3954} INFO - Setting next_dagrun for example_weekday_branch_operator to 2025-06-04 00:00:00+00:00, run_after=2025-06-05 00:00:00+00:00
[2025-06-05T19:06:15.239+0200] {processor.py:183} INFO - Processing /home/leoja/airflow/airflow_venv/lib/python3.12/site-packages/airflow/example_dags/example_branch_day_of_week_operator.py took 0.065 seconds
[2025-06-05T19:07:14.013+0200] {processor.py:161} INFO - Started process (PID=542654) to work on /home/leoja/airflow/airflow_venv/lib/python3.12/site-packages/airflow/example_dags/example_branch_day_of_week_operator.py
[2025-06-05T19:07:14.015+0200] {processor.py:830} INFO - Processing file /home/leoja/airflow/airflow_venv/lib/python3.12/site-packages/airflow/example_dags/example_branch_day_of_week_operator.py for tasks to queue
[2025-06-05T19:07:14.016+0200] {logging_mixin.py:188} INFO - [2025-06-05T19:07:14.016+0200] {dagbag.py:540} INFO - Filling up the DagBag from /home/leoja/airflow/airflow_venv/lib/python3.12/site-packages/airflow/example_dags/example_branch_day_of_week_operator.py
[2025-06-05T19:07:14.022+0200] {processor.py:840} INFO - DAG(s) 'example_weekday_branch_operator' retrieved from /home/leoja/airflow/airflow_venv/lib/python3.12/site-packages/airflow/example_dags/example_branch_day_of_week_operator.py
[2025-06-05T19:07:14.034+0200] {logging_mixin.py:188} INFO - [2025-06-05T19:07:14.034+0200] {dag.py:3096} INFO - Sync 1 DAGs
[2025-06-05T19:07:14.047+0200] {logging_mixin.py:188} INFO - [2025-06-05T19:07:14.047+0200] {dag.py:3954} INFO - Setting next_dagrun for example_weekday_branch_operator to 2025-06-04 00:00:00+00:00, run_after=2025-06-05 00:00:00+00:00
[2025-06-05T19:07:14.070+0200] {processor.py:183} INFO - Processing /home/leoja/airflow/airflow_venv/lib/python3.12/site-packages/airflow/example_dags/example_branch_day_of_week_operator.py took 0.062 seconds
[2025-06-05T19:08:15.483+0200] {processor.py:161} INFO - Started process (PID=543099) to work on /home/leoja/airflow/airflow_venv/lib/python3.12/site-packages/airflow/example_dags/example_branch_day_of_week_operator.py
[2025-06-05T19:08:15.485+0200] {processor.py:830} INFO - Processing file /home/leoja/airflow/airflow_venv/lib/python3.12/site-packages/airflow/example_dags/example_branch_day_of_week_operator.py for tasks to queue
[2025-06-05T19:08:15.486+0200] {logging_mixin.py:188} INFO - [2025-06-05T19:08:15.486+0200] {dagbag.py:540} INFO - Filling up the DagBag from /home/leoja/airflow/airflow_venv/lib/python3.12/site-packages/airflow/example_dags/example_branch_day_of_week_operator.py
[2025-06-05T19:08:15.492+0200] {processor.py:840} INFO - DAG(s) 'example_weekday_branch_operator' retrieved from /home/leoja/airflow/airflow_venv/lib/python3.12/site-packages/airflow/example_dags/example_branch_day_of_week_operator.py
[2025-06-05T19:08:15.505+0200] {logging_mixin.py:188} INFO - [2025-06-05T19:08:15.505+0200] {dag.py:3096} INFO - Sync 1 DAGs
[2025-06-05T19:08:15.521+0200] {logging_mixin.py:188} INFO - [2025-06-05T19:08:15.521+0200] {dag.py:3954} INFO - Setting next_dagrun for example_weekday_branch_operator to 2025-06-04 00:00:00+00:00, run_after=2025-06-05 00:00:00+00:00
[2025-06-05T19:08:15.542+0200] {processor.py:183} INFO - Processing /home/leoja/airflow/airflow_venv/lib/python3.12/site-packages/airflow/example_dags/example_branch_day_of_week_operator.py took 0.064 seconds
[2025-06-05T19:10:18.146+0200] {processor.py:161} INFO - Started process (PID=544321) to work on /home/leoja/airflow/airflow_venv/lib/python3.12/site-packages/airflow/example_dags/example_branch_day_of_week_operator.py
[2025-06-05T19:10:18.149+0200] {processor.py:830} INFO - Processing file /home/leoja/airflow/airflow_venv/lib/python3.12/site-packages/airflow/example_dags/example_branch_day_of_week_operator.py for tasks to queue
[2025-06-05T19:10:18.150+0200] {logging_mixin.py:188} INFO - [2025-06-05T19:10:18.150+0200] {dagbag.py:540} INFO - Filling up the DagBag from /home/leoja/airflow/airflow_venv/lib/python3.12/site-packages/airflow/example_dags/example_branch_day_of_week_operator.py
[2025-06-05T19:10:18.157+0200] {processor.py:840} INFO - DAG(s) 'example_weekday_branch_operator' retrieved from /home/leoja/airflow/airflow_venv/lib/python3.12/site-packages/airflow/example_dags/example_branch_day_of_week_operator.py
[2025-06-05T19:10:18.170+0200] {logging_mixin.py:188} INFO - [2025-06-05T19:10:18.170+0200] {dag.py:3096} INFO - Sync 1 DAGs
[2025-06-05T19:10:18.188+0200] {logging_mixin.py:188} INFO - [2025-06-05T19:10:18.188+0200] {dag.py:3954} INFO - Setting next_dagrun for example_weekday_branch_operator to 2025-06-04 00:00:00+00:00, run_after=2025-06-05 00:00:00+00:00
[2025-06-05T19:10:18.217+0200] {processor.py:183} INFO - Processing /home/leoja/airflow/airflow_venv/lib/python3.12/site-packages/airflow/example_dags/example_branch_day_of_week_operator.py took 0.077 seconds
[2025-06-05T19:11:19.505+0200] {processor.py:161} INFO - Started process (PID=544716) to work on /home/leoja/airflow/airflow_venv/lib/python3.12/site-packages/airflow/example_dags/example_branch_day_of_week_operator.py
[2025-06-05T19:11:19.507+0200] {processor.py:830} INFO - Processing file /home/leoja/airflow/airflow_venv/lib/python3.12/site-packages/airflow/example_dags/example_branch_day_of_week_operator.py for tasks to queue
[2025-06-05T19:11:19.509+0200] {logging_mixin.py:188} INFO - [2025-06-05T19:11:19.509+0200] {dagbag.py:540} INFO - Filling up the DagBag from /home/leoja/airflow/airflow_venv/lib/python3.12/site-packages/airflow/example_dags/example_branch_day_of_week_operator.py
[2025-06-05T19:11:19.517+0200] {processor.py:840} INFO - DAG(s) 'example_weekday_branch_operator' retrieved from /home/leoja/airflow/airflow_venv/lib/python3.12/site-packages/airflow/example_dags/example_branch_day_of_week_operator.py
[2025-06-05T19:11:19.530+0200] {logging_mixin.py:188} INFO - [2025-06-05T19:11:19.530+0200] {dag.py:3096} INFO - Sync 1 DAGs
[2025-06-05T19:11:19.546+0200] {logging_mixin.py:188} INFO - [2025-06-05T19:11:19.546+0200] {dag.py:3954} INFO - Setting next_dagrun for example_weekday_branch_operator to 2025-06-04 00:00:00+00:00, run_after=2025-06-05 00:00:00+00:00
[2025-06-05T19:11:19.568+0200] {processor.py:183} INFO - Processing /home/leoja/airflow/airflow_venv/lib/python3.12/site-packages/airflow/example_dags/example_branch_day_of_week_operator.py took 0.070 seconds
[2025-06-05T19:12:21.139+0200] {processor.py:161} INFO - Started process (PID=545055) to work on /home/leoja/airflow/airflow_venv/lib/python3.12/site-packages/airflow/example_dags/example_branch_day_of_week_operator.py
[2025-06-05T19:12:21.141+0200] {processor.py:830} INFO - Processing file /home/leoja/airflow/airflow_venv/lib/python3.12/site-packages/airflow/example_dags/example_branch_day_of_week_operator.py for tasks to queue
[2025-06-05T19:12:21.142+0200] {logging_mixin.py:188} INFO - [2025-06-05T19:12:21.142+0200] {dagbag.py:540} INFO - Filling up the DagBag from /home/leoja/airflow/airflow_venv/lib/python3.12/site-packages/airflow/example_dags/example_branch_day_of_week_operator.py
[2025-06-05T19:12:21.149+0200] {processor.py:840} INFO - DAG(s) 'example_weekday_branch_operator' retrieved from /home/leoja/airflow/airflow_venv/lib/python3.12/site-packages/airflow/example_dags/example_branch_day_of_week_operator.py
[2025-06-05T19:12:21.162+0200] {logging_mixin.py:188} INFO - [2025-06-05T19:12:21.162+0200] {dag.py:3096} INFO - Sync 1 DAGs
[2025-06-05T19:12:21.176+0200] {logging_mixin.py:188} INFO - [2025-06-05T19:12:21.176+0200] {dag.py:3954} INFO - Setting next_dagrun for example_weekday_branch_operator to 2025-06-04 00:00:00+00:00, run_after=2025-06-05 00:00:00+00:00
[2025-06-05T19:12:21.201+0200] {processor.py:183} INFO - Processing /home/leoja/airflow/airflow_venv/lib/python3.12/site-packages/airflow/example_dags/example_branch_day_of_week_operator.py took 0.070 seconds
[2025-06-05T19:13:28.204+0200] {processor.py:161} INFO - Started process (PID=545429) to work on /home/leoja/airflow/airflow_venv/lib/python3.12/site-packages/airflow/example_dags/example_branch_day_of_week_operator.py
[2025-06-05T19:13:28.206+0200] {processor.py:830} INFO - Processing file /home/leoja/airflow/airflow_venv/lib/python3.12/site-packages/airflow/example_dags/example_branch_day_of_week_operator.py for tasks to queue
[2025-06-05T19:13:28.208+0200] {logging_mixin.py:188} INFO - [2025-06-05T19:13:28.207+0200] {dagbag.py:540} INFO - Filling up the DagBag from /home/leoja/airflow/airflow_venv/lib/python3.12/site-packages/airflow/example_dags/example_branch_day_of_week_operator.py
[2025-06-05T19:13:28.213+0200] {processor.py:840} INFO - DAG(s) 'example_weekday_branch_operator' retrieved from /home/leoja/airflow/airflow_venv/lib/python3.12/site-packages/airflow/example_dags/example_branch_day_of_week_operator.py
[2025-06-05T19:13:28.228+0200] {logging_mixin.py:188} INFO - [2025-06-05T19:13:28.228+0200] {dag.py:3096} INFO - Sync 1 DAGs
[2025-06-05T19:13:28.245+0200] {logging_mixin.py:188} INFO - [2025-06-05T19:13:28.245+0200] {dag.py:3954} INFO - Setting next_dagrun for example_weekday_branch_operator to 2025-06-04 00:00:00+00:00, run_after=2025-06-05 00:00:00+00:00
[2025-06-05T19:13:28.276+0200] {processor.py:183} INFO - Processing /home/leoja/airflow/airflow_venv/lib/python3.12/site-packages/airflow/example_dags/example_branch_day_of_week_operator.py took 0.081 seconds
[2025-06-05T19:14:28.184+0200] {processor.py:161} INFO - Started process (PID=545865) to work on /home/leoja/airflow/airflow_venv/lib/python3.12/site-packages/airflow/example_dags/example_branch_day_of_week_operator.py
[2025-06-05T19:14:28.185+0200] {processor.py:830} INFO - Processing file /home/leoja/airflow/airflow_venv/lib/python3.12/site-packages/airflow/example_dags/example_branch_day_of_week_operator.py for tasks to queue
[2025-06-05T19:14:28.187+0200] {logging_mixin.py:188} INFO - [2025-06-05T19:14:28.186+0200] {dagbag.py:540} INFO - Filling up the DagBag from /home/leoja/airflow/airflow_venv/lib/python3.12/site-packages/airflow/example_dags/example_branch_day_of_week_operator.py
[2025-06-05T19:14:28.193+0200] {processor.py:840} INFO - DAG(s) 'example_weekday_branch_operator' retrieved from /home/leoja/airflow/airflow_venv/lib/python3.12/site-packages/airflow/example_dags/example_branch_day_of_week_operator.py
[2025-06-05T19:14:28.207+0200] {logging_mixin.py:188} INFO - [2025-06-05T19:14:28.206+0200] {dag.py:3096} INFO - Sync 1 DAGs
[2025-06-05T19:14:28.222+0200] {logging_mixin.py:188} INFO - [2025-06-05T19:14:28.222+0200] {dag.py:3954} INFO - Setting next_dagrun for example_weekday_branch_operator to 2025-06-04 00:00:00+00:00, run_after=2025-06-05 00:00:00+00:00
[2025-06-05T19:14:28.240+0200] {processor.py:183} INFO - Processing /home/leoja/airflow/airflow_venv/lib/python3.12/site-packages/airflow/example_dags/example_branch_day_of_week_operator.py took 0.064 seconds
[2025-06-05T19:15:33.117+0200] {processor.py:161} INFO - Started process (PID=546242) to work on /home/leoja/airflow/airflow_venv/lib/python3.12/site-packages/airflow/example_dags/example_branch_day_of_week_operator.py
[2025-06-05T19:15:33.118+0200] {processor.py:830} INFO - Processing file /home/leoja/airflow/airflow_venv/lib/python3.12/site-packages/airflow/example_dags/example_branch_day_of_week_operator.py for tasks to queue
[2025-06-05T19:15:33.120+0200] {logging_mixin.py:188} INFO - [2025-06-05T19:15:33.119+0200] {dagbag.py:540} INFO - Filling up the DagBag from /home/leoja/airflow/airflow_venv/lib/python3.12/site-packages/airflow/example_dags/example_branch_day_of_week_operator.py
[2025-06-05T19:15:33.126+0200] {processor.py:840} INFO - DAG(s) 'example_weekday_branch_operator' retrieved from /home/leoja/airflow/airflow_venv/lib/python3.12/site-packages/airflow/example_dags/example_branch_day_of_week_operator.py
[2025-06-05T19:15:33.139+0200] {logging_mixin.py:188} INFO - [2025-06-05T19:15:33.139+0200] {dag.py:3096} INFO - Sync 1 DAGs
[2025-06-05T19:15:33.156+0200] {logging_mixin.py:188} INFO - [2025-06-05T19:15:33.155+0200] {dag.py:3954} INFO - Setting next_dagrun for example_weekday_branch_operator to 2025-06-04 00:00:00+00:00, run_after=2025-06-05 00:00:00+00:00
[2025-06-05T19:15:33.178+0200] {processor.py:183} INFO - Processing /home/leoja/airflow/airflow_venv/lib/python3.12/site-packages/airflow/example_dags/example_branch_day_of_week_operator.py took 0.067 seconds
[2025-06-05T19:16:36.204+0200] {processor.py:161} INFO - Started process (PID=546845) to work on /home/leoja/airflow/airflow_venv/lib/python3.12/site-packages/airflow/example_dags/example_branch_day_of_week_operator.py
[2025-06-05T19:16:36.206+0200] {processor.py:830} INFO - Processing file /home/leoja/airflow/airflow_venv/lib/python3.12/site-packages/airflow/example_dags/example_branch_day_of_week_operator.py for tasks to queue
[2025-06-05T19:16:36.208+0200] {logging_mixin.py:188} INFO - [2025-06-05T19:16:36.207+0200] {dagbag.py:540} INFO - Filling up the DagBag from /home/leoja/airflow/airflow_venv/lib/python3.12/site-packages/airflow/example_dags/example_branch_day_of_week_operator.py
[2025-06-05T19:16:36.216+0200] {processor.py:840} INFO - DAG(s) 'example_weekday_branch_operator' retrieved from /home/leoja/airflow/airflow_venv/lib/python3.12/site-packages/airflow/example_dags/example_branch_day_of_week_operator.py
[2025-06-05T19:16:36.245+0200] {logging_mixin.py:188} INFO - [2025-06-05T19:16:36.245+0200] {dag.py:3096} INFO - Sync 1 DAGs
[2025-06-05T19:16:36.274+0200] {logging_mixin.py:188} INFO - [2025-06-05T19:16:36.274+0200] {dag.py:3954} INFO - Setting next_dagrun for example_weekday_branch_operator to 2025-06-04 00:00:00+00:00, run_after=2025-06-05 00:00:00+00:00
[2025-06-05T19:16:36.302+0200] {processor.py:183} INFO - Processing /home/leoja/airflow/airflow_venv/lib/python3.12/site-packages/airflow/example_dags/example_branch_day_of_week_operator.py took 0.111 seconds
[2025-06-05T19:17:36.451+0200] {processor.py:161} INFO - Started process (PID=547551) to work on /home/leoja/airflow/airflow_venv/lib/python3.12/site-packages/airflow/example_dags/example_branch_day_of_week_operator.py
[2025-06-05T19:17:36.453+0200] {processor.py:830} INFO - Processing file /home/leoja/airflow/airflow_venv/lib/python3.12/site-packages/airflow/example_dags/example_branch_day_of_week_operator.py for tasks to queue
[2025-06-05T19:17:36.454+0200] {logging_mixin.py:188} INFO - [2025-06-05T19:17:36.454+0200] {dagbag.py:540} INFO - Filling up the DagBag from /home/leoja/airflow/airflow_venv/lib/python3.12/site-packages/airflow/example_dags/example_branch_day_of_week_operator.py
[2025-06-05T19:17:36.460+0200] {processor.py:840} INFO - DAG(s) 'example_weekday_branch_operator' retrieved from /home/leoja/airflow/airflow_venv/lib/python3.12/site-packages/airflow/example_dags/example_branch_day_of_week_operator.py
[2025-06-05T19:17:36.474+0200] {logging_mixin.py:188} INFO - [2025-06-05T19:17:36.473+0200] {dag.py:3096} INFO - Sync 1 DAGs
[2025-06-05T19:17:36.487+0200] {logging_mixin.py:188} INFO - [2025-06-05T19:17:36.486+0200] {dag.py:3954} INFO - Setting next_dagrun for example_weekday_branch_operator to 2025-06-04 00:00:00+00:00, run_after=2025-06-05 00:00:00+00:00
[2025-06-05T19:17:36.507+0200] {processor.py:183} INFO - Processing /home/leoja/airflow/airflow_venv/lib/python3.12/site-packages/airflow/example_dags/example_branch_day_of_week_operator.py took 0.062 seconds
[2025-06-05T19:18:35.782+0200] {processor.py:161} INFO - Started process (PID=547881) to work on /home/leoja/airflow/airflow_venv/lib/python3.12/site-packages/airflow/example_dags/example_branch_day_of_week_operator.py
[2025-06-05T19:18:35.783+0200] {processor.py:830} INFO - Processing file /home/leoja/airflow/airflow_venv/lib/python3.12/site-packages/airflow/example_dags/example_branch_day_of_week_operator.py for tasks to queue
[2025-06-05T19:18:35.785+0200] {logging_mixin.py:188} INFO - [2025-06-05T19:18:35.784+0200] {dagbag.py:540} INFO - Filling up the DagBag from /home/leoja/airflow/airflow_venv/lib/python3.12/site-packages/airflow/example_dags/example_branch_day_of_week_operator.py
[2025-06-05T19:18:35.791+0200] {processor.py:840} INFO - DAG(s) 'example_weekday_branch_operator' retrieved from /home/leoja/airflow/airflow_venv/lib/python3.12/site-packages/airflow/example_dags/example_branch_day_of_week_operator.py
[2025-06-05T19:18:35.802+0200] {logging_mixin.py:188} INFO - [2025-06-05T19:18:35.802+0200] {dag.py:3096} INFO - Sync 1 DAGs
[2025-06-05T19:18:35.818+0200] {logging_mixin.py:188} INFO - [2025-06-05T19:18:35.818+0200] {dag.py:3954} INFO - Setting next_dagrun for example_weekday_branch_operator to 2025-06-04 00:00:00+00:00, run_after=2025-06-05 00:00:00+00:00
[2025-06-05T19:18:35.838+0200] {processor.py:183} INFO - Processing /home/leoja/airflow/airflow_venv/lib/python3.12/site-packages/airflow/example_dags/example_branch_day_of_week_operator.py took 0.062 seconds
[2025-06-05T19:19:37.545+0200] {processor.py:161} INFO - Started process (PID=548251) to work on /home/leoja/airflow/airflow_venv/lib/python3.12/site-packages/airflow/example_dags/example_branch_day_of_week_operator.py
[2025-06-05T19:19:37.547+0200] {processor.py:830} INFO - Processing file /home/leoja/airflow/airflow_venv/lib/python3.12/site-packages/airflow/example_dags/example_branch_day_of_week_operator.py for tasks to queue
[2025-06-05T19:19:37.548+0200] {logging_mixin.py:188} INFO - [2025-06-05T19:19:37.548+0200] {dagbag.py:540} INFO - Filling up the DagBag from /home/leoja/airflow/airflow_venv/lib/python3.12/site-packages/airflow/example_dags/example_branch_day_of_week_operator.py
[2025-06-05T19:19:37.554+0200] {processor.py:840} INFO - DAG(s) 'example_weekday_branch_operator' retrieved from /home/leoja/airflow/airflow_venv/lib/python3.12/site-packages/airflow/example_dags/example_branch_day_of_week_operator.py
[2025-06-05T19:19:37.572+0200] {logging_mixin.py:188} INFO - [2025-06-05T19:19:37.571+0200] {dag.py:3096} INFO - Sync 1 DAGs
[2025-06-05T19:19:37.589+0200] {logging_mixin.py:188} INFO - [2025-06-05T19:19:37.589+0200] {dag.py:3954} INFO - Setting next_dagrun for example_weekday_branch_operator to 2025-06-04 00:00:00+00:00, run_after=2025-06-05 00:00:00+00:00
[2025-06-05T19:19:37.612+0200] {processor.py:183} INFO - Processing /home/leoja/airflow/airflow_venv/lib/python3.12/site-packages/airflow/example_dags/example_branch_day_of_week_operator.py took 0.073 seconds
[2025-06-05T19:20:38.991+0200] {processor.py:161} INFO - Started process (PID=548661) to work on /home/leoja/airflow/airflow_venv/lib/python3.12/site-packages/airflow/example_dags/example_branch_day_of_week_operator.py
[2025-06-05T19:20:38.993+0200] {processor.py:830} INFO - Processing file /home/leoja/airflow/airflow_venv/lib/python3.12/site-packages/airflow/example_dags/example_branch_day_of_week_operator.py for tasks to queue
[2025-06-05T19:20:38.994+0200] {logging_mixin.py:188} INFO - [2025-06-05T19:20:38.994+0200] {dagbag.py:540} INFO - Filling up the DagBag from /home/leoja/airflow/airflow_venv/lib/python3.12/site-packages/airflow/example_dags/example_branch_day_of_week_operator.py
[2025-06-05T19:20:39.001+0200] {processor.py:840} INFO - DAG(s) 'example_weekday_branch_operator' retrieved from /home/leoja/airflow/airflow_venv/lib/python3.12/site-packages/airflow/example_dags/example_branch_day_of_week_operator.py
[2025-06-05T19:20:39.015+0200] {logging_mixin.py:188} INFO - [2025-06-05T19:20:39.015+0200] {dag.py:3096} INFO - Sync 1 DAGs
[2025-06-05T19:20:39.031+0200] {logging_mixin.py:188} INFO - [2025-06-05T19:20:39.031+0200] {dag.py:3954} INFO - Setting next_dagrun for example_weekday_branch_operator to 2025-06-04 00:00:00+00:00, run_after=2025-06-05 00:00:00+00:00
[2025-06-05T19:20:39.054+0200] {processor.py:183} INFO - Processing /home/leoja/airflow/airflow_venv/lib/python3.12/site-packages/airflow/example_dags/example_branch_day_of_week_operator.py took 0.070 seconds
[2025-06-05T19:21:41.765+0200] {processor.py:161} INFO - Started process (PID=549043) to work on /home/leoja/airflow/airflow_venv/lib/python3.12/site-packages/airflow/example_dags/example_branch_day_of_week_operator.py
[2025-06-05T19:21:41.766+0200] {processor.py:830} INFO - Processing file /home/leoja/airflow/airflow_venv/lib/python3.12/site-packages/airflow/example_dags/example_branch_day_of_week_operator.py for tasks to queue
[2025-06-05T19:21:41.768+0200] {logging_mixin.py:188} INFO - [2025-06-05T19:21:41.768+0200] {dagbag.py:540} INFO - Filling up the DagBag from /home/leoja/airflow/airflow_venv/lib/python3.12/site-packages/airflow/example_dags/example_branch_day_of_week_operator.py
[2025-06-05T19:21:41.775+0200] {processor.py:840} INFO - DAG(s) 'example_weekday_branch_operator' retrieved from /home/leoja/airflow/airflow_venv/lib/python3.12/site-packages/airflow/example_dags/example_branch_day_of_week_operator.py
[2025-06-05T19:21:41.789+0200] {logging_mixin.py:188} INFO - [2025-06-05T19:21:41.788+0200] {dag.py:3096} INFO - Sync 1 DAGs
[2025-06-05T19:21:41.803+0200] {logging_mixin.py:188} INFO - [2025-06-05T19:21:41.803+0200] {dag.py:3954} INFO - Setting next_dagrun for example_weekday_branch_operator to 2025-06-04 00:00:00+00:00, run_after=2025-06-05 00:00:00+00:00
[2025-06-05T19:21:41.825+0200] {processor.py:183} INFO - Processing /home/leoja/airflow/airflow_venv/lib/python3.12/site-packages/airflow/example_dags/example_branch_day_of_week_operator.py took 0.067 seconds
[2025-06-05T19:22:44.427+0200] {processor.py:161} INFO - Started process (PID=549380) to work on /home/leoja/airflow/airflow_venv/lib/python3.12/site-packages/airflow/example_dags/example_branch_day_of_week_operator.py
[2025-06-05T19:22:44.429+0200] {processor.py:830} INFO - Processing file /home/leoja/airflow/airflow_venv/lib/python3.12/site-packages/airflow/example_dags/example_branch_day_of_week_operator.py for tasks to queue
[2025-06-05T19:22:44.430+0200] {logging_mixin.py:188} INFO - [2025-06-05T19:22:44.430+0200] {dagbag.py:540} INFO - Filling up the DagBag from /home/leoja/airflow/airflow_venv/lib/python3.12/site-packages/airflow/example_dags/example_branch_day_of_week_operator.py
[2025-06-05T19:22:44.438+0200] {processor.py:840} INFO - DAG(s) 'example_weekday_branch_operator' retrieved from /home/leoja/airflow/airflow_venv/lib/python3.12/site-packages/airflow/example_dags/example_branch_day_of_week_operator.py
[2025-06-05T19:22:44.452+0200] {logging_mixin.py:188} INFO - [2025-06-05T19:22:44.452+0200] {dag.py:3096} INFO - Sync 1 DAGs
[2025-06-05T19:22:44.472+0200] {logging_mixin.py:188} INFO - [2025-06-05T19:22:44.472+0200] {dag.py:3954} INFO - Setting next_dagrun for example_weekday_branch_operator to 2025-06-04 00:00:00+00:00, run_after=2025-06-05 00:00:00+00:00
[2025-06-05T19:22:44.492+0200] {processor.py:183} INFO - Processing /home/leoja/airflow/airflow_venv/lib/python3.12/site-packages/airflow/example_dags/example_branch_day_of_week_operator.py took 0.071 seconds
[2025-06-05T19:23:47.494+0200] {processor.py:161} INFO - Started process (PID=549748) to work on /home/leoja/airflow/airflow_venv/lib/python3.12/site-packages/airflow/example_dags/example_branch_day_of_week_operator.py
[2025-06-05T19:23:47.496+0200] {processor.py:830} INFO - Processing file /home/leoja/airflow/airflow_venv/lib/python3.12/site-packages/airflow/example_dags/example_branch_day_of_week_operator.py for tasks to queue
[2025-06-05T19:23:47.498+0200] {logging_mixin.py:188} INFO - [2025-06-05T19:23:47.497+0200] {dagbag.py:540} INFO - Filling up the DagBag from /home/leoja/airflow/airflow_venv/lib/python3.12/site-packages/airflow/example_dags/example_branch_day_of_week_operator.py
[2025-06-05T19:23:47.505+0200] {processor.py:840} INFO - DAG(s) 'example_weekday_branch_operator' retrieved from /home/leoja/airflow/airflow_venv/lib/python3.12/site-packages/airflow/example_dags/example_branch_day_of_week_operator.py
[2025-06-05T19:23:47.518+0200] {logging_mixin.py:188} INFO - [2025-06-05T19:23:47.518+0200] {dag.py:3096} INFO - Sync 1 DAGs
[2025-06-05T19:23:47.531+0200] {logging_mixin.py:188} INFO - [2025-06-05T19:23:47.531+0200] {dag.py:3954} INFO - Setting next_dagrun for example_weekday_branch_operator to 2025-06-04 00:00:00+00:00, run_after=2025-06-05 00:00:00+00:00
[2025-06-05T19:23:47.553+0200] {processor.py:183} INFO - Processing /home/leoja/airflow/airflow_venv/lib/python3.12/site-packages/airflow/example_dags/example_branch_day_of_week_operator.py took 0.065 seconds
[2025-06-05T19:24:52.785+0200] {processor.py:161} INFO - Started process (PID=550088) to work on /home/leoja/airflow/airflow_venv/lib/python3.12/site-packages/airflow/example_dags/example_branch_day_of_week_operator.py
[2025-06-05T19:24:52.787+0200] {processor.py:830} INFO - Processing file /home/leoja/airflow/airflow_venv/lib/python3.12/site-packages/airflow/example_dags/example_branch_day_of_week_operator.py for tasks to queue
[2025-06-05T19:24:52.788+0200] {logging_mixin.py:188} INFO - [2025-06-05T19:24:52.788+0200] {dagbag.py:540} INFO - Filling up the DagBag from /home/leoja/airflow/airflow_venv/lib/python3.12/site-packages/airflow/example_dags/example_branch_day_of_week_operator.py
[2025-06-05T19:24:52.795+0200] {processor.py:840} INFO - DAG(s) 'example_weekday_branch_operator' retrieved from /home/leoja/airflow/airflow_venv/lib/python3.12/site-packages/airflow/example_dags/example_branch_day_of_week_operator.py
[2025-06-05T19:24:52.808+0200] {logging_mixin.py:188} INFO - [2025-06-05T19:24:52.808+0200] {dag.py:3096} INFO - Sync 1 DAGs
[2025-06-05T19:24:52.823+0200] {logging_mixin.py:188} INFO - [2025-06-05T19:24:52.823+0200] {dag.py:3954} INFO - Setting next_dagrun for example_weekday_branch_operator to 2025-06-04 00:00:00+00:00, run_after=2025-06-05 00:00:00+00:00
[2025-06-05T19:24:52.843+0200] {processor.py:183} INFO - Processing /home/leoja/airflow/airflow_venv/lib/python3.12/site-packages/airflow/example_dags/example_branch_day_of_week_operator.py took 0.064 seconds
[2025-06-05T19:25:50.292+0200] {processor.py:161} INFO - Started process (PID=550549) to work on /home/leoja/airflow/airflow_venv/lib/python3.12/site-packages/airflow/example_dags/example_branch_day_of_week_operator.py
[2025-06-05T19:25:50.295+0200] {processor.py:830} INFO - Processing file /home/leoja/airflow/airflow_venv/lib/python3.12/site-packages/airflow/example_dags/example_branch_day_of_week_operator.py for tasks to queue
[2025-06-05T19:25:50.299+0200] {logging_mixin.py:188} INFO - [2025-06-05T19:25:50.298+0200] {dagbag.py:540} INFO - Filling up the DagBag from /home/leoja/airflow/airflow_venv/lib/python3.12/site-packages/airflow/example_dags/example_branch_day_of_week_operator.py
[2025-06-05T19:25:50.318+0200] {processor.py:840} INFO - DAG(s) 'example_weekday_branch_operator' retrieved from /home/leoja/airflow/airflow_venv/lib/python3.12/site-packages/airflow/example_dags/example_branch_day_of_week_operator.py
[2025-06-05T19:25:50.344+0200] {logging_mixin.py:188} INFO - [2025-06-05T19:25:50.344+0200] {dag.py:3096} INFO - Sync 1 DAGs
[2025-06-05T19:25:50.385+0200] {logging_mixin.py:188} INFO - [2025-06-05T19:25:50.385+0200] {dag.py:3954} INFO - Setting next_dagrun for example_weekday_branch_operator to 2025-06-04 00:00:00+00:00, run_after=2025-06-05 00:00:00+00:00
[2025-06-05T19:25:50.433+0200] {processor.py:183} INFO - Processing /home/leoja/airflow/airflow_venv/lib/python3.12/site-packages/airflow/example_dags/example_branch_day_of_week_operator.py took 0.153 seconds
[2025-06-05T19:26:53.397+0200] {processor.py:161} INFO - Started process (PID=550883) to work on /home/leoja/airflow/airflow_venv/lib/python3.12/site-packages/airflow/example_dags/example_branch_day_of_week_operator.py
[2025-06-05T19:26:53.399+0200] {processor.py:830} INFO - Processing file /home/leoja/airflow/airflow_venv/lib/python3.12/site-packages/airflow/example_dags/example_branch_day_of_week_operator.py for tasks to queue
[2025-06-05T19:26:53.403+0200] {logging_mixin.py:188} INFO - [2025-06-05T19:26:53.402+0200] {dagbag.py:540} INFO - Filling up the DagBag from /home/leoja/airflow/airflow_venv/lib/python3.12/site-packages/airflow/example_dags/example_branch_day_of_week_operator.py
[2025-06-05T19:26:53.420+0200] {processor.py:840} INFO - DAG(s) 'example_weekday_branch_operator' retrieved from /home/leoja/airflow/airflow_venv/lib/python3.12/site-packages/airflow/example_dags/example_branch_day_of_week_operator.py
[2025-06-05T19:26:53.456+0200] {logging_mixin.py:188} INFO - [2025-06-05T19:26:53.456+0200] {dag.py:3096} INFO - Sync 1 DAGs
[2025-06-05T19:26:53.502+0200] {logging_mixin.py:188} INFO - [2025-06-05T19:26:53.501+0200] {dag.py:3954} INFO - Setting next_dagrun for example_weekday_branch_operator to 2025-06-04 00:00:00+00:00, run_after=2025-06-05 00:00:00+00:00
[2025-06-05T19:26:53.529+0200] {processor.py:183} INFO - Processing /home/leoja/airflow/airflow_venv/lib/python3.12/site-packages/airflow/example_dags/example_branch_day_of_week_operator.py took 0.162 seconds
[2025-06-05T19:28:03.585+0200] {processor.py:161} INFO - Started process (PID=551527) to work on /home/leoja/airflow/airflow_venv/lib/python3.12/site-packages/airflow/example_dags/example_branch_day_of_week_operator.py
[2025-06-05T19:28:03.586+0200] {processor.py:830} INFO - Processing file /home/leoja/airflow/airflow_venv/lib/python3.12/site-packages/airflow/example_dags/example_branch_day_of_week_operator.py for tasks to queue
[2025-06-05T19:28:03.587+0200] {logging_mixin.py:188} INFO - [2025-06-05T19:28:03.587+0200] {dagbag.py:540} INFO - Filling up the DagBag from /home/leoja/airflow/airflow_venv/lib/python3.12/site-packages/airflow/example_dags/example_branch_day_of_week_operator.py
[2025-06-05T19:28:03.593+0200] {processor.py:840} INFO - DAG(s) 'example_weekday_branch_operator' retrieved from /home/leoja/airflow/airflow_venv/lib/python3.12/site-packages/airflow/example_dags/example_branch_day_of_week_operator.py
[2025-06-05T19:28:03.606+0200] {logging_mixin.py:188} INFO - [2025-06-05T19:28:03.606+0200] {dag.py:3096} INFO - Sync 1 DAGs
[2025-06-05T19:28:03.621+0200] {logging_mixin.py:188} INFO - [2025-06-05T19:28:03.621+0200] {dag.py:3954} INFO - Setting next_dagrun for example_weekday_branch_operator to 2025-06-04 00:00:00+00:00, run_after=2025-06-05 00:00:00+00:00
[2025-06-05T19:28:03.640+0200] {processor.py:183} INFO - Processing /home/leoja/airflow/airflow_venv/lib/python3.12/site-packages/airflow/example_dags/example_branch_day_of_week_operator.py took 0.062 seconds
[2025-06-05T19:29:14.489+0200] {processor.py:161} INFO - Started process (PID=552470) to work on /home/leoja/airflow/airflow_venv/lib/python3.12/site-packages/airflow/example_dags/example_branch_day_of_week_operator.py
[2025-06-05T19:29:14.491+0200] {processor.py:830} INFO - Processing file /home/leoja/airflow/airflow_venv/lib/python3.12/site-packages/airflow/example_dags/example_branch_day_of_week_operator.py for tasks to queue
[2025-06-05T19:29:14.494+0200] {logging_mixin.py:188} INFO - [2025-06-05T19:29:14.493+0200] {dagbag.py:540} INFO - Filling up the DagBag from /home/leoja/airflow/airflow_venv/lib/python3.12/site-packages/airflow/example_dags/example_branch_day_of_week_operator.py
[2025-06-05T19:29:14.501+0200] {processor.py:840} INFO - DAG(s) 'example_weekday_branch_operator' retrieved from /home/leoja/airflow/airflow_venv/lib/python3.12/site-packages/airflow/example_dags/example_branch_day_of_week_operator.py
[2025-06-05T19:29:14.517+0200] {logging_mixin.py:188} INFO - [2025-06-05T19:29:14.517+0200] {dag.py:3096} INFO - Sync 1 DAGs
[2025-06-05T19:29:14.534+0200] {logging_mixin.py:188} INFO - [2025-06-05T19:29:14.533+0200] {dag.py:3954} INFO - Setting next_dagrun for example_weekday_branch_operator to 2025-06-04 00:00:00+00:00, run_after=2025-06-05 00:00:00+00:00
[2025-06-05T19:29:14.561+0200] {processor.py:183} INFO - Processing /home/leoja/airflow/airflow_venv/lib/python3.12/site-packages/airflow/example_dags/example_branch_day_of_week_operator.py took 0.079 seconds
[2025-06-05T19:30:22.142+0200] {processor.py:161} INFO - Started process (PID=552892) to work on /home/leoja/airflow/airflow_venv/lib/python3.12/site-packages/airflow/example_dags/example_branch_day_of_week_operator.py
[2025-06-05T19:30:22.144+0200] {processor.py:830} INFO - Processing file /home/leoja/airflow/airflow_venv/lib/python3.12/site-packages/airflow/example_dags/example_branch_day_of_week_operator.py for tasks to queue
[2025-06-05T19:30:22.145+0200] {logging_mixin.py:188} INFO - [2025-06-05T19:30:22.145+0200] {dagbag.py:540} INFO - Filling up the DagBag from /home/leoja/airflow/airflow_venv/lib/python3.12/site-packages/airflow/example_dags/example_branch_day_of_week_operator.py
[2025-06-05T19:30:22.150+0200] {processor.py:840} INFO - DAG(s) 'example_weekday_branch_operator' retrieved from /home/leoja/airflow/airflow_venv/lib/python3.12/site-packages/airflow/example_dags/example_branch_day_of_week_operator.py
[2025-06-05T19:30:22.165+0200] {logging_mixin.py:188} INFO - [2025-06-05T19:30:22.165+0200] {dag.py:3096} INFO - Sync 1 DAGs
[2025-06-05T19:30:22.179+0200] {logging_mixin.py:188} INFO - [2025-06-05T19:30:22.178+0200] {dag.py:3954} INFO - Setting next_dagrun for example_weekday_branch_operator to 2025-06-04 00:00:00+00:00, run_after=2025-06-05 00:00:00+00:00
[2025-06-05T19:30:22.200+0200] {processor.py:183} INFO - Processing /home/leoja/airflow/airflow_venv/lib/python3.12/site-packages/airflow/example_dags/example_branch_day_of_week_operator.py took 0.064 seconds
[2025-06-05T19:31:29.547+0200] {processor.py:161} INFO - Started process (PID=553292) to work on /home/leoja/airflow/airflow_venv/lib/python3.12/site-packages/airflow/example_dags/example_branch_day_of_week_operator.py
[2025-06-05T19:31:29.549+0200] {processor.py:830} INFO - Processing file /home/leoja/airflow/airflow_venv/lib/python3.12/site-packages/airflow/example_dags/example_branch_day_of_week_operator.py for tasks to queue
[2025-06-05T19:31:29.552+0200] {logging_mixin.py:188} INFO - [2025-06-05T19:31:29.551+0200] {dagbag.py:540} INFO - Filling up the DagBag from /home/leoja/airflow/airflow_venv/lib/python3.12/site-packages/airflow/example_dags/example_branch_day_of_week_operator.py
[2025-06-05T19:31:29.581+0200] {processor.py:840} INFO - DAG(s) 'example_weekday_branch_operator' retrieved from /home/leoja/airflow/airflow_venv/lib/python3.12/site-packages/airflow/example_dags/example_branch_day_of_week_operator.py
[2025-06-05T19:31:29.623+0200] {logging_mixin.py:188} INFO - [2025-06-05T19:31:29.622+0200] {dag.py:3096} INFO - Sync 1 DAGs
[2025-06-05T19:31:29.651+0200] {logging_mixin.py:188} INFO - [2025-06-05T19:31:29.651+0200] {dag.py:3954} INFO - Setting next_dagrun for example_weekday_branch_operator to 2025-06-04 00:00:00+00:00, run_after=2025-06-05 00:00:00+00:00
[2025-06-05T19:31:29.679+0200] {processor.py:183} INFO - Processing /home/leoja/airflow/airflow_venv/lib/python3.12/site-packages/airflow/example_dags/example_branch_day_of_week_operator.py took 0.160 seconds
[2025-06-05T19:32:32.192+0200] {processor.py:161} INFO - Started process (PID=553638) to work on /home/leoja/airflow/airflow_venv/lib/python3.12/site-packages/airflow/example_dags/example_branch_day_of_week_operator.py
[2025-06-05T19:32:32.194+0200] {processor.py:830} INFO - Processing file /home/leoja/airflow/airflow_venv/lib/python3.12/site-packages/airflow/example_dags/example_branch_day_of_week_operator.py for tasks to queue
[2025-06-05T19:32:32.195+0200] {logging_mixin.py:188} INFO - [2025-06-05T19:32:32.195+0200] {dagbag.py:540} INFO - Filling up the DagBag from /home/leoja/airflow/airflow_venv/lib/python3.12/site-packages/airflow/example_dags/example_branch_day_of_week_operator.py
[2025-06-05T19:32:32.201+0200] {processor.py:840} INFO - DAG(s) 'example_weekday_branch_operator' retrieved from /home/leoja/airflow/airflow_venv/lib/python3.12/site-packages/airflow/example_dags/example_branch_day_of_week_operator.py
[2025-06-05T19:32:32.216+0200] {logging_mixin.py:188} INFO - [2025-06-05T19:32:32.216+0200] {dag.py:3096} INFO - Sync 1 DAGs
[2025-06-05T19:32:32.233+0200] {logging_mixin.py:188} INFO - [2025-06-05T19:32:32.232+0200] {dag.py:3954} INFO - Setting next_dagrun for example_weekday_branch_operator to 2025-06-04 00:00:00+00:00, run_after=2025-06-05 00:00:00+00:00
[2025-06-05T19:32:32.254+0200] {processor.py:183} INFO - Processing /home/leoja/airflow/airflow_venv/lib/python3.12/site-packages/airflow/example_dags/example_branch_day_of_week_operator.py took 0.069 seconds
[2025-06-05T19:33:38.429+0200] {processor.py:161} INFO - Started process (PID=554003) to work on /home/leoja/airflow/airflow_venv/lib/python3.12/site-packages/airflow/example_dags/example_branch_day_of_week_operator.py
[2025-06-05T19:33:38.432+0200] {processor.py:830} INFO - Processing file /home/leoja/airflow/airflow_venv/lib/python3.12/site-packages/airflow/example_dags/example_branch_day_of_week_operator.py for tasks to queue
[2025-06-05T19:33:38.433+0200] {logging_mixin.py:188} INFO - [2025-06-05T19:33:38.433+0200] {dagbag.py:540} INFO - Filling up the DagBag from /home/leoja/airflow/airflow_venv/lib/python3.12/site-packages/airflow/example_dags/example_branch_day_of_week_operator.py
[2025-06-05T19:33:38.439+0200] {processor.py:840} INFO - DAG(s) 'example_weekday_branch_operator' retrieved from /home/leoja/airflow/airflow_venv/lib/python3.12/site-packages/airflow/example_dags/example_branch_day_of_week_operator.py
[2025-06-05T19:33:38.452+0200] {logging_mixin.py:188} INFO - [2025-06-05T19:33:38.452+0200] {dag.py:3096} INFO - Sync 1 DAGs
[2025-06-05T19:33:38.465+0200] {logging_mixin.py:188} INFO - [2025-06-05T19:33:38.465+0200] {dag.py:3954} INFO - Setting next_dagrun for example_weekday_branch_operator to 2025-06-04 00:00:00+00:00, run_after=2025-06-05 00:00:00+00:00
[2025-06-05T19:33:38.485+0200] {processor.py:183} INFO - Processing /home/leoja/airflow/airflow_venv/lib/python3.12/site-packages/airflow/example_dags/example_branch_day_of_week_operator.py took 0.063 seconds
[2025-06-05T19:34:42.326+0200] {processor.py:161} INFO - Started process (PID=554353) to work on /home/leoja/airflow/airflow_venv/lib/python3.12/site-packages/airflow/example_dags/example_branch_day_of_week_operator.py
[2025-06-05T19:34:42.327+0200] {processor.py:830} INFO - Processing file /home/leoja/airflow/airflow_venv/lib/python3.12/site-packages/airflow/example_dags/example_branch_day_of_week_operator.py for tasks to queue
[2025-06-05T19:34:42.329+0200] {logging_mixin.py:188} INFO - [2025-06-05T19:34:42.328+0200] {dagbag.py:540} INFO - Filling up the DagBag from /home/leoja/airflow/airflow_venv/lib/python3.12/site-packages/airflow/example_dags/example_branch_day_of_week_operator.py
[2025-06-05T19:34:42.337+0200] {processor.py:840} INFO - DAG(s) 'example_weekday_branch_operator' retrieved from /home/leoja/airflow/airflow_venv/lib/python3.12/site-packages/airflow/example_dags/example_branch_day_of_week_operator.py
[2025-06-05T19:34:42.351+0200] {logging_mixin.py:188} INFO - [2025-06-05T19:34:42.350+0200] {dag.py:3096} INFO - Sync 1 DAGs
[2025-06-05T19:34:42.365+0200] {logging_mixin.py:188} INFO - [2025-06-05T19:34:42.365+0200] {dag.py:3954} INFO - Setting next_dagrun for example_weekday_branch_operator to 2025-06-04 00:00:00+00:00, run_after=2025-06-05 00:00:00+00:00
[2025-06-05T19:34:42.386+0200] {processor.py:183} INFO - Processing /home/leoja/airflow/airflow_venv/lib/python3.12/site-packages/airflow/example_dags/example_branch_day_of_week_operator.py took 0.066 seconds
[2025-06-05T19:35:42.653+0200] {processor.py:161} INFO - Started process (PID=554688) to work on /home/leoja/airflow/airflow_venv/lib/python3.12/site-packages/airflow/example_dags/example_branch_day_of_week_operator.py
[2025-06-05T19:35:42.655+0200] {processor.py:830} INFO - Processing file /home/leoja/airflow/airflow_venv/lib/python3.12/site-packages/airflow/example_dags/example_branch_day_of_week_operator.py for tasks to queue
[2025-06-05T19:35:42.656+0200] {logging_mixin.py:188} INFO - [2025-06-05T19:35:42.656+0200] {dagbag.py:540} INFO - Filling up the DagBag from /home/leoja/airflow/airflow_venv/lib/python3.12/site-packages/airflow/example_dags/example_branch_day_of_week_operator.py
[2025-06-05T19:35:42.663+0200] {processor.py:840} INFO - DAG(s) 'example_weekday_branch_operator' retrieved from /home/leoja/airflow/airflow_venv/lib/python3.12/site-packages/airflow/example_dags/example_branch_day_of_week_operator.py
[2025-06-05T19:35:42.676+0200] {logging_mixin.py:188} INFO - [2025-06-05T19:35:42.676+0200] {dag.py:3096} INFO - Sync 1 DAGs
[2025-06-05T19:35:42.691+0200] {logging_mixin.py:188} INFO - [2025-06-05T19:35:42.690+0200] {dag.py:3954} INFO - Setting next_dagrun for example_weekday_branch_operator to 2025-06-04 00:00:00+00:00, run_after=2025-06-05 00:00:00+00:00
[2025-06-05T19:35:42.713+0200] {processor.py:183} INFO - Processing /home/leoja/airflow/airflow_venv/lib/python3.12/site-packages/airflow/example_dags/example_branch_day_of_week_operator.py took 0.067 seconds
[2025-06-05T19:36:47.361+0200] {processor.py:161} INFO - Started process (PID=555090) to work on /home/leoja/airflow/airflow_venv/lib/python3.12/site-packages/airflow/example_dags/example_branch_day_of_week_operator.py
[2025-06-05T19:36:47.362+0200] {processor.py:830} INFO - Processing file /home/leoja/airflow/airflow_venv/lib/python3.12/site-packages/airflow/example_dags/example_branch_day_of_week_operator.py for tasks to queue
[2025-06-05T19:36:47.364+0200] {logging_mixin.py:188} INFO - [2025-06-05T19:36:47.364+0200] {dagbag.py:540} INFO - Filling up the DagBag from /home/leoja/airflow/airflow_venv/lib/python3.12/site-packages/airflow/example_dags/example_branch_day_of_week_operator.py
[2025-06-05T19:36:47.371+0200] {processor.py:840} INFO - DAG(s) 'example_weekday_branch_operator' retrieved from /home/leoja/airflow/airflow_venv/lib/python3.12/site-packages/airflow/example_dags/example_branch_day_of_week_operator.py
[2025-06-05T19:36:47.383+0200] {logging_mixin.py:188} INFO - [2025-06-05T19:36:47.383+0200] {dag.py:3096} INFO - Sync 1 DAGs
[2025-06-05T19:36:47.398+0200] {logging_mixin.py:188} INFO - [2025-06-05T19:36:47.397+0200] {dag.py:3954} INFO - Setting next_dagrun for example_weekday_branch_operator to 2025-06-04 00:00:00+00:00, run_after=2025-06-05 00:00:00+00:00
[2025-06-05T19:36:47.420+0200] {processor.py:183} INFO - Processing /home/leoja/airflow/airflow_venv/lib/python3.12/site-packages/airflow/example_dags/example_branch_day_of_week_operator.py took 0.065 seconds
[2025-06-05T19:37:57.800+0200] {processor.py:161} INFO - Started process (PID=555457) to work on /home/leoja/airflow/airflow_venv/lib/python3.12/site-packages/airflow/example_dags/example_branch_day_of_week_operator.py
[2025-06-05T19:37:57.802+0200] {processor.py:830} INFO - Processing file /home/leoja/airflow/airflow_venv/lib/python3.12/site-packages/airflow/example_dags/example_branch_day_of_week_operator.py for tasks to queue
[2025-06-05T19:37:57.804+0200] {logging_mixin.py:188} INFO - [2025-06-05T19:37:57.803+0200] {dagbag.py:540} INFO - Filling up the DagBag from /home/leoja/airflow/airflow_venv/lib/python3.12/site-packages/airflow/example_dags/example_branch_day_of_week_operator.py
[2025-06-05T19:37:57.811+0200] {processor.py:840} INFO - DAG(s) 'example_weekday_branch_operator' retrieved from /home/leoja/airflow/airflow_venv/lib/python3.12/site-packages/airflow/example_dags/example_branch_day_of_week_operator.py
[2025-06-05T19:37:57.827+0200] {logging_mixin.py:188} INFO - [2025-06-05T19:37:57.827+0200] {dag.py:3096} INFO - Sync 1 DAGs
[2025-06-05T19:37:57.841+0200] {logging_mixin.py:188} INFO - [2025-06-05T19:37:57.841+0200] {dag.py:3954} INFO - Setting next_dagrun for example_weekday_branch_operator to 2025-06-04 00:00:00+00:00, run_after=2025-06-05 00:00:00+00:00
[2025-06-05T19:37:57.861+0200] {processor.py:183} INFO - Processing /home/leoja/airflow/airflow_venv/lib/python3.12/site-packages/airflow/example_dags/example_branch_day_of_week_operator.py took 0.068 seconds
[2025-06-05T19:39:00.807+0200] {processor.py:161} INFO - Started process (PID=555831) to work on /home/leoja/airflow/airflow_venv/lib/python3.12/site-packages/airflow/example_dags/example_branch_day_of_week_operator.py
[2025-06-05T19:39:00.809+0200] {processor.py:830} INFO - Processing file /home/leoja/airflow/airflow_venv/lib/python3.12/site-packages/airflow/example_dags/example_branch_day_of_week_operator.py for tasks to queue
[2025-06-05T19:39:00.810+0200] {logging_mixin.py:188} INFO - [2025-06-05T19:39:00.810+0200] {dagbag.py:540} INFO - Filling up the DagBag from /home/leoja/airflow/airflow_venv/lib/python3.12/site-packages/airflow/example_dags/example_branch_day_of_week_operator.py
[2025-06-05T19:39:00.817+0200] {processor.py:840} INFO - DAG(s) 'example_weekday_branch_operator' retrieved from /home/leoja/airflow/airflow_venv/lib/python3.12/site-packages/airflow/example_dags/example_branch_day_of_week_operator.py
[2025-06-05T19:39:00.848+0200] {logging_mixin.py:188} INFO - [2025-06-05T19:39:00.847+0200] {dag.py:3096} INFO - Sync 1 DAGs
[2025-06-05T19:39:00.884+0200] {logging_mixin.py:188} INFO - [2025-06-05T19:39:00.883+0200] {dag.py:3954} INFO - Setting next_dagrun for example_weekday_branch_operator to 2025-06-04 00:00:00+00:00, run_after=2025-06-05 00:00:00+00:00
[2025-06-05T19:39:00.968+0200] {processor.py:183} INFO - Processing /home/leoja/airflow/airflow_venv/lib/python3.12/site-packages/airflow/example_dags/example_branch_day_of_week_operator.py took 0.166 seconds
[2025-06-05T19:40:06.525+0200] {processor.py:161} INFO - Started process (PID=556200) to work on /home/leoja/airflow/airflow_venv/lib/python3.12/site-packages/airflow/example_dags/example_branch_day_of_week_operator.py
[2025-06-05T19:40:06.527+0200] {processor.py:830} INFO - Processing file /home/leoja/airflow/airflow_venv/lib/python3.12/site-packages/airflow/example_dags/example_branch_day_of_week_operator.py for tasks to queue
[2025-06-05T19:40:06.528+0200] {logging_mixin.py:188} INFO - [2025-06-05T19:40:06.528+0200] {dagbag.py:540} INFO - Filling up the DagBag from /home/leoja/airflow/airflow_venv/lib/python3.12/site-packages/airflow/example_dags/example_branch_day_of_week_operator.py
[2025-06-05T19:40:06.535+0200] {processor.py:840} INFO - DAG(s) 'example_weekday_branch_operator' retrieved from /home/leoja/airflow/airflow_venv/lib/python3.12/site-packages/airflow/example_dags/example_branch_day_of_week_operator.py
[2025-06-05T19:40:06.547+0200] {logging_mixin.py:188} INFO - [2025-06-05T19:40:06.547+0200] {dag.py:3096} INFO - Sync 1 DAGs
[2025-06-05T19:40:06.562+0200] {logging_mixin.py:188} INFO - [2025-06-05T19:40:06.562+0200] {dag.py:3954} INFO - Setting next_dagrun for example_weekday_branch_operator to 2025-06-04 00:00:00+00:00, run_after=2025-06-05 00:00:00+00:00
[2025-06-05T19:40:06.581+0200] {processor.py:183} INFO - Processing /home/leoja/airflow/airflow_venv/lib/python3.12/site-packages/airflow/example_dags/example_branch_day_of_week_operator.py took 0.063 seconds
[2025-06-05T19:41:15.877+0200] {processor.py:161} INFO - Started process (PID=556655) to work on /home/leoja/airflow/airflow_venv/lib/python3.12/site-packages/airflow/example_dags/example_branch_day_of_week_operator.py
[2025-06-05T19:41:15.878+0200] {processor.py:830} INFO - Processing file /home/leoja/airflow/airflow_venv/lib/python3.12/site-packages/airflow/example_dags/example_branch_day_of_week_operator.py for tasks to queue
[2025-06-05T19:41:15.880+0200] {logging_mixin.py:188} INFO - [2025-06-05T19:41:15.879+0200] {dagbag.py:540} INFO - Filling up the DagBag from /home/leoja/airflow/airflow_venv/lib/python3.12/site-packages/airflow/example_dags/example_branch_day_of_week_operator.py
[2025-06-05T19:41:15.886+0200] {processor.py:840} INFO - DAG(s) 'example_weekday_branch_operator' retrieved from /home/leoja/airflow/airflow_venv/lib/python3.12/site-packages/airflow/example_dags/example_branch_day_of_week_operator.py
[2025-06-05T19:41:15.898+0200] {logging_mixin.py:188} INFO - [2025-06-05T19:41:15.898+0200] {dag.py:3096} INFO - Sync 1 DAGs
[2025-06-05T19:41:15.913+0200] {logging_mixin.py:188} INFO - [2025-06-05T19:41:15.913+0200] {dag.py:3954} INFO - Setting next_dagrun for example_weekday_branch_operator to 2025-06-04 00:00:00+00:00, run_after=2025-06-05 00:00:00+00:00
[2025-06-05T19:41:15.931+0200] {processor.py:183} INFO - Processing /home/leoja/airflow/airflow_venv/lib/python3.12/site-packages/airflow/example_dags/example_branch_day_of_week_operator.py took 0.061 seconds
[2025-06-05T19:42:24.528+0200] {processor.py:161} INFO - Started process (PID=557548) to work on /home/leoja/airflow/airflow_venv/lib/python3.12/site-packages/airflow/example_dags/example_branch_day_of_week_operator.py
[2025-06-05T19:42:24.530+0200] {processor.py:830} INFO - Processing file /home/leoja/airflow/airflow_venv/lib/python3.12/site-packages/airflow/example_dags/example_branch_day_of_week_operator.py for tasks to queue
[2025-06-05T19:42:24.531+0200] {logging_mixin.py:188} INFO - [2025-06-05T19:42:24.531+0200] {dagbag.py:540} INFO - Filling up the DagBag from /home/leoja/airflow/airflow_venv/lib/python3.12/site-packages/airflow/example_dags/example_branch_day_of_week_operator.py
[2025-06-05T19:42:24.537+0200] {processor.py:840} INFO - DAG(s) 'example_weekday_branch_operator' retrieved from /home/leoja/airflow/airflow_venv/lib/python3.12/site-packages/airflow/example_dags/example_branch_day_of_week_operator.py
[2025-06-05T19:42:24.552+0200] {logging_mixin.py:188} INFO - [2025-06-05T19:42:24.551+0200] {dag.py:3096} INFO - Sync 1 DAGs
[2025-06-05T19:42:24.566+0200] {logging_mixin.py:188} INFO - [2025-06-05T19:42:24.566+0200] {dag.py:3954} INFO - Setting next_dagrun for example_weekday_branch_operator to 2025-06-04 00:00:00+00:00, run_after=2025-06-05 00:00:00+00:00
[2025-06-05T19:42:24.585+0200] {processor.py:183} INFO - Processing /home/leoja/airflow/airflow_venv/lib/python3.12/site-packages/airflow/example_dags/example_branch_day_of_week_operator.py took 0.064 seconds
[2025-06-05T19:43:32.413+0200] {processor.py:161} INFO - Started process (PID=557793) to work on /home/leoja/airflow/airflow_venv/lib/python3.12/site-packages/airflow/example_dags/example_branch_day_of_week_operator.py
[2025-06-05T19:43:32.415+0200] {processor.py:830} INFO - Processing file /home/leoja/airflow/airflow_venv/lib/python3.12/site-packages/airflow/example_dags/example_branch_day_of_week_operator.py for tasks to queue
[2025-06-05T19:43:32.417+0200] {logging_mixin.py:188} INFO - [2025-06-05T19:43:32.417+0200] {dagbag.py:540} INFO - Filling up the DagBag from /home/leoja/airflow/airflow_venv/lib/python3.12/site-packages/airflow/example_dags/example_branch_day_of_week_operator.py
[2025-06-05T19:43:32.424+0200] {processor.py:840} INFO - DAG(s) 'example_weekday_branch_operator' retrieved from /home/leoja/airflow/airflow_venv/lib/python3.12/site-packages/airflow/example_dags/example_branch_day_of_week_operator.py
[2025-06-05T19:43:32.440+0200] {logging_mixin.py:188} INFO - [2025-06-05T19:43:32.440+0200] {dag.py:3096} INFO - Sync 1 DAGs
[2025-06-05T19:43:32.458+0200] {logging_mixin.py:188} INFO - [2025-06-05T19:43:32.458+0200] {dag.py:3954} INFO - Setting next_dagrun for example_weekday_branch_operator to 2025-06-04 00:00:00+00:00, run_after=2025-06-05 00:00:00+00:00
[2025-06-05T19:43:32.477+0200] {processor.py:183} INFO - Processing /home/leoja/airflow/airflow_venv/lib/python3.12/site-packages/airflow/example_dags/example_branch_day_of_week_operator.py took 0.070 seconds
[2025-06-05T19:44:30.622+0200] {processor.py:161} INFO - Started process (PID=558236) to work on /home/leoja/airflow/airflow_venv/lib/python3.12/site-packages/airflow/example_dags/example_branch_day_of_week_operator.py
[2025-06-05T19:44:30.624+0200] {processor.py:830} INFO - Processing file /home/leoja/airflow/airflow_venv/lib/python3.12/site-packages/airflow/example_dags/example_branch_day_of_week_operator.py for tasks to queue
[2025-06-05T19:44:30.626+0200] {logging_mixin.py:188} INFO - [2025-06-05T19:44:30.625+0200] {dagbag.py:540} INFO - Filling up the DagBag from /home/leoja/airflow/airflow_venv/lib/python3.12/site-packages/airflow/example_dags/example_branch_day_of_week_operator.py
[2025-06-05T19:44:30.631+0200] {processor.py:840} INFO - DAG(s) 'example_weekday_branch_operator' retrieved from /home/leoja/airflow/airflow_venv/lib/python3.12/site-packages/airflow/example_dags/example_branch_day_of_week_operator.py
[2025-06-05T19:44:30.643+0200] {logging_mixin.py:188} INFO - [2025-06-05T19:44:30.643+0200] {dag.py:3096} INFO - Sync 1 DAGs
[2025-06-05T19:44:30.656+0200] {logging_mixin.py:188} INFO - [2025-06-05T19:44:30.656+0200] {dag.py:3954} INFO - Setting next_dagrun for example_weekday_branch_operator to 2025-06-04 00:00:00+00:00, run_after=2025-06-05 00:00:00+00:00
[2025-06-05T19:44:30.677+0200] {processor.py:183} INFO - Processing /home/leoja/airflow/airflow_venv/lib/python3.12/site-packages/airflow/example_dags/example_branch_day_of_week_operator.py took 0.061 seconds
