[2025-06-05T07:53:39.853+0200] {processor.py:161} INFO - Started process (PID=531176) to work on /home/leoja/airflow/airflow_venv/lib/python3.12/site-packages/airflow/example_dags/example_trigger_target_dag.py
[2025-06-05T07:53:39.855+0200] {processor.py:830} INFO - Processing file /home/leoja/airflow/airflow_venv/lib/python3.12/site-packages/airflow/example_dags/example_trigger_target_dag.py for tasks to queue
[2025-06-05T07:53:39.857+0200] {logging_mixin.py:188} INFO - [2025-06-05T07:53:39.856+0200] {dagbag.py:540} INFO - Filling up the DagBag from /home/leoja/airflow/airflow_venv/lib/python3.12/site-packages/airflow/example_dags/example_trigger_target_dag.py
[2025-06-05T07:53:39.867+0200] {processor.py:840} INFO - DAG(s) 'example_trigger_target_dag' retrieved from /home/leoja/airflow/airflow_venv/lib/python3.12/site-packages/airflow/example_dags/example_trigger_target_dag.py
[2025-06-05T07:53:39.888+0200] {logging_mixin.py:188} INFO - [2025-06-05T07:53:39.888+0200] {dag.py:3096} INFO - Sync 1 DAGs
[2025-06-05T07:53:39.899+0200] {logging_mixin.py:188} INFO - [2025-06-05T07:53:39.898+0200] {dag.py:3954} INFO - Setting next_dagrun for example_trigger_target_dag to None, run_after=None
[2025-06-05T07:53:39.921+0200] {processor.py:183} INFO - Processing /home/leoja/airflow/airflow_venv/lib/python3.12/site-packages/airflow/example_dags/example_trigger_target_dag.py took 0.077 seconds
[2025-06-05T07:54:31.475+0200] {processor.py:161} INFO - Started process (PID=531422) to work on /home/leoja/airflow/airflow_venv/lib/python3.12/site-packages/airflow/example_dags/example_trigger_target_dag.py
[2025-06-05T07:54:31.476+0200] {processor.py:830} INFO - Processing file /home/leoja/airflow/airflow_venv/lib/python3.12/site-packages/airflow/example_dags/example_trigger_target_dag.py for tasks to queue
[2025-06-05T07:54:31.478+0200] {logging_mixin.py:188} INFO - [2025-06-05T07:54:31.477+0200] {dagbag.py:540} INFO - Filling up the DagBag from /home/leoja/airflow/airflow_venv/lib/python3.12/site-packages/airflow/example_dags/example_trigger_target_dag.py
[2025-06-05T07:54:31.483+0200] {processor.py:840} INFO - DAG(s) 'example_trigger_target_dag' retrieved from /home/leoja/airflow/airflow_venv/lib/python3.12/site-packages/airflow/example_dags/example_trigger_target_dag.py
[2025-06-05T07:54:31.494+0200] {logging_mixin.py:188} INFO - [2025-06-05T07:54:31.494+0200] {dag.py:3096} INFO - Sync 1 DAGs
[2025-06-05T07:54:31.503+0200] {logging_mixin.py:188} INFO - [2025-06-05T07:54:31.502+0200] {dag.py:3954} INFO - Setting next_dagrun for example_trigger_target_dag to None, run_after=None
[2025-06-05T07:54:31.525+0200] {processor.py:183} INFO - Processing /home/leoja/airflow/airflow_venv/lib/python3.12/site-packages/airflow/example_dags/example_trigger_target_dag.py took 0.056 seconds
[2025-06-05T07:55:20.916+0200] {processor.py:161} INFO - Started process (PID=531601) to work on /home/leoja/airflow/airflow_venv/lib/python3.12/site-packages/airflow/example_dags/example_trigger_target_dag.py
[2025-06-05T07:55:20.918+0200] {processor.py:830} INFO - Processing file /home/leoja/airflow/airflow_venv/lib/python3.12/site-packages/airflow/example_dags/example_trigger_target_dag.py for tasks to queue
[2025-06-05T07:55:20.920+0200] {logging_mixin.py:188} INFO - [2025-06-05T07:55:20.919+0200] {dagbag.py:540} INFO - Filling up the DagBag from /home/leoja/airflow/airflow_venv/lib/python3.12/site-packages/airflow/example_dags/example_trigger_target_dag.py
[2025-06-05T07:55:20.924+0200] {processor.py:840} INFO - DAG(s) 'example_trigger_target_dag' retrieved from /home/leoja/airflow/airflow_venv/lib/python3.12/site-packages/airflow/example_dags/example_trigger_target_dag.py
[2025-06-05T07:55:20.936+0200] {logging_mixin.py:188} INFO - [2025-06-05T07:55:20.936+0200] {dag.py:3096} INFO - Sync 1 DAGs
[2025-06-05T07:55:20.944+0200] {logging_mixin.py:188} INFO - [2025-06-05T07:55:20.944+0200] {dag.py:3954} INFO - Setting next_dagrun for example_trigger_target_dag to None, run_after=None
[2025-06-05T07:55:20.964+0200] {processor.py:183} INFO - Processing /home/leoja/airflow/airflow_venv/lib/python3.12/site-packages/airflow/example_dags/example_trigger_target_dag.py took 0.054 seconds
[2025-06-05T07:56:24.024+0200] {processor.py:161} INFO - Started process (PID=531821) to work on /home/leoja/airflow/airflow_venv/lib/python3.12/site-packages/airflow/example_dags/example_trigger_target_dag.py
[2025-06-05T07:56:24.029+0200] {processor.py:830} INFO - Processing file /home/leoja/airflow/airflow_venv/lib/python3.12/site-packages/airflow/example_dags/example_trigger_target_dag.py for tasks to queue
[2025-06-05T07:56:24.031+0200] {logging_mixin.py:188} INFO - [2025-06-05T07:56:24.031+0200] {dagbag.py:540} INFO - Filling up the DagBag from /home/leoja/airflow/airflow_venv/lib/python3.12/site-packages/airflow/example_dags/example_trigger_target_dag.py
[2025-06-05T07:56:24.036+0200] {processor.py:840} INFO - DAG(s) 'example_trigger_target_dag' retrieved from /home/leoja/airflow/airflow_venv/lib/python3.12/site-packages/airflow/example_dags/example_trigger_target_dag.py
[2025-06-05T07:56:24.046+0200] {logging_mixin.py:188} INFO - [2025-06-05T07:56:24.046+0200] {dag.py:3096} INFO - Sync 1 DAGs
[2025-06-05T07:56:24.056+0200] {logging_mixin.py:188} INFO - [2025-06-05T07:56:24.056+0200] {dag.py:3954} INFO - Setting next_dagrun for example_trigger_target_dag to None, run_after=None
[2025-06-05T07:56:24.077+0200] {processor.py:183} INFO - Processing /home/leoja/airflow/airflow_venv/lib/python3.12/site-packages/airflow/example_dags/example_trigger_target_dag.py took 0.059 seconds
[2025-06-05T07:57:25.870+0200] {processor.py:161} INFO - Started process (PID=532034) to work on /home/leoja/airflow/airflow_venv/lib/python3.12/site-packages/airflow/example_dags/example_trigger_target_dag.py
[2025-06-05T07:57:25.872+0200] {processor.py:830} INFO - Processing file /home/leoja/airflow/airflow_venv/lib/python3.12/site-packages/airflow/example_dags/example_trigger_target_dag.py for tasks to queue
[2025-06-05T07:57:25.873+0200] {logging_mixin.py:188} INFO - [2025-06-05T07:57:25.873+0200] {dagbag.py:540} INFO - Filling up the DagBag from /home/leoja/airflow/airflow_venv/lib/python3.12/site-packages/airflow/example_dags/example_trigger_target_dag.py
[2025-06-05T07:57:25.878+0200] {processor.py:840} INFO - DAG(s) 'example_trigger_target_dag' retrieved from /home/leoja/airflow/airflow_venv/lib/python3.12/site-packages/airflow/example_dags/example_trigger_target_dag.py
[2025-06-05T07:57:25.891+0200] {logging_mixin.py:188} INFO - [2025-06-05T07:57:25.891+0200] {dag.py:3096} INFO - Sync 1 DAGs
[2025-06-05T07:57:25.901+0200] {logging_mixin.py:188} INFO - [2025-06-05T07:57:25.901+0200] {dag.py:3954} INFO - Setting next_dagrun for example_trigger_target_dag to None, run_after=None
[2025-06-05T07:57:25.920+0200] {processor.py:183} INFO - Processing /home/leoja/airflow/airflow_venv/lib/python3.12/site-packages/airflow/example_dags/example_trigger_target_dag.py took 0.056 seconds
[2025-06-05T07:58:30.734+0200] {processor.py:161} INFO - Started process (PID=532277) to work on /home/leoja/airflow/airflow_venv/lib/python3.12/site-packages/airflow/example_dags/example_trigger_target_dag.py
[2025-06-05T07:58:30.736+0200] {processor.py:830} INFO - Processing file /home/leoja/airflow/airflow_venv/lib/python3.12/site-packages/airflow/example_dags/example_trigger_target_dag.py for tasks to queue
[2025-06-05T07:58:30.738+0200] {logging_mixin.py:188} INFO - [2025-06-05T07:58:30.738+0200] {dagbag.py:540} INFO - Filling up the DagBag from /home/leoja/airflow/airflow_venv/lib/python3.12/site-packages/airflow/example_dags/example_trigger_target_dag.py
[2025-06-05T07:58:30.743+0200] {processor.py:840} INFO - DAG(s) 'example_trigger_target_dag' retrieved from /home/leoja/airflow/airflow_venv/lib/python3.12/site-packages/airflow/example_dags/example_trigger_target_dag.py
[2025-06-05T07:58:30.754+0200] {logging_mixin.py:188} INFO - [2025-06-05T07:58:30.754+0200] {dag.py:3096} INFO - Sync 1 DAGs
[2025-06-05T07:58:30.762+0200] {logging_mixin.py:188} INFO - [2025-06-05T07:58:30.762+0200] {dag.py:3954} INFO - Setting next_dagrun for example_trigger_target_dag to None, run_after=None
[2025-06-05T07:58:30.782+0200] {processor.py:183} INFO - Processing /home/leoja/airflow/airflow_venv/lib/python3.12/site-packages/airflow/example_dags/example_trigger_target_dag.py took 0.053 seconds
[2025-06-05T18:44:35.101+0200] {processor.py:161} INFO - Started process (PID=533546) to work on /home/leoja/airflow/airflow_venv/lib/python3.12/site-packages/airflow/example_dags/example_trigger_target_dag.py
[2025-06-05T18:44:35.103+0200] {processor.py:830} INFO - Processing file /home/leoja/airflow/airflow_venv/lib/python3.12/site-packages/airflow/example_dags/example_trigger_target_dag.py for tasks to queue
[2025-06-05T18:44:35.106+0200] {logging_mixin.py:188} INFO - [2025-06-05T18:44:35.105+0200] {dagbag.py:540} INFO - Filling up the DagBag from /home/leoja/airflow/airflow_venv/lib/python3.12/site-packages/airflow/example_dags/example_trigger_target_dag.py
[2025-06-05T18:44:35.133+0200] {processor.py:840} INFO - DAG(s) 'example_trigger_target_dag' retrieved from /home/leoja/airflow/airflow_venv/lib/python3.12/site-packages/airflow/example_dags/example_trigger_target_dag.py
[2025-06-05T18:44:35.199+0200] {logging_mixin.py:188} INFO - [2025-06-05T18:44:35.198+0200] {dag.py:3096} INFO - Sync 1 DAGs
[2025-06-05T18:44:35.249+0200] {logging_mixin.py:188} INFO - [2025-06-05T18:44:35.249+0200] {dag.py:3954} INFO - Setting next_dagrun for example_trigger_target_dag to None, run_after=None
[2025-06-05T18:44:35.474+0200] {processor.py:183} INFO - Processing /home/leoja/airflow/airflow_venv/lib/python3.12/site-packages/airflow/example_dags/example_trigger_target_dag.py took 0.394 seconds
[2025-06-05T18:45:28.074+0200] {processor.py:161} INFO - Started process (PID=533906) to work on /home/leoja/airflow/airflow_venv/lib/python3.12/site-packages/airflow/example_dags/example_trigger_target_dag.py
[2025-06-05T18:45:28.076+0200] {processor.py:830} INFO - Processing file /home/leoja/airflow/airflow_venv/lib/python3.12/site-packages/airflow/example_dags/example_trigger_target_dag.py for tasks to queue
[2025-06-05T18:45:28.077+0200] {logging_mixin.py:188} INFO - [2025-06-05T18:45:28.077+0200] {dagbag.py:540} INFO - Filling up the DagBag from /home/leoja/airflow/airflow_venv/lib/python3.12/site-packages/airflow/example_dags/example_trigger_target_dag.py
[2025-06-05T18:45:28.082+0200] {processor.py:840} INFO - DAG(s) 'example_trigger_target_dag' retrieved from /home/leoja/airflow/airflow_venv/lib/python3.12/site-packages/airflow/example_dags/example_trigger_target_dag.py
[2025-06-05T18:45:28.093+0200] {logging_mixin.py:188} INFO - [2025-06-05T18:45:28.093+0200] {dag.py:3096} INFO - Sync 1 DAGs
[2025-06-05T18:45:28.100+0200] {logging_mixin.py:188} INFO - [2025-06-05T18:45:28.100+0200] {dag.py:3954} INFO - Setting next_dagrun for example_trigger_target_dag to None, run_after=None
[2025-06-05T18:45:28.125+0200] {processor.py:183} INFO - Processing /home/leoja/airflow/airflow_venv/lib/python3.12/site-packages/airflow/example_dags/example_trigger_target_dag.py took 0.057 seconds
[2025-06-05T18:46:30.523+0200] {processor.py:161} INFO - Started process (PID=534252) to work on /home/leoja/airflow/airflow_venv/lib/python3.12/site-packages/airflow/example_dags/example_trigger_target_dag.py
[2025-06-05T18:46:30.525+0200] {processor.py:830} INFO - Processing file /home/leoja/airflow/airflow_venv/lib/python3.12/site-packages/airflow/example_dags/example_trigger_target_dag.py for tasks to queue
[2025-06-05T18:46:30.527+0200] {logging_mixin.py:188} INFO - [2025-06-05T18:46:30.527+0200] {dagbag.py:540} INFO - Filling up the DagBag from /home/leoja/airflow/airflow_venv/lib/python3.12/site-packages/airflow/example_dags/example_trigger_target_dag.py
[2025-06-05T18:46:30.533+0200] {processor.py:840} INFO - DAG(s) 'example_trigger_target_dag' retrieved from /home/leoja/airflow/airflow_venv/lib/python3.12/site-packages/airflow/example_dags/example_trigger_target_dag.py
[2025-06-05T18:46:30.545+0200] {logging_mixin.py:188} INFO - [2025-06-05T18:46:30.545+0200] {dag.py:3096} INFO - Sync 1 DAGs
[2025-06-05T18:46:30.554+0200] {logging_mixin.py:188} INFO - [2025-06-05T18:46:30.554+0200] {dag.py:3954} INFO - Setting next_dagrun for example_trigger_target_dag to None, run_after=None
[2025-06-05T18:46:30.574+0200] {processor.py:183} INFO - Processing /home/leoja/airflow/airflow_venv/lib/python3.12/site-packages/airflow/example_dags/example_trigger_target_dag.py took 0.058 seconds
[2025-06-05T18:47:37.675+0200] {processor.py:161} INFO - Started process (PID=534595) to work on /home/leoja/airflow/airflow_venv/lib/python3.12/site-packages/airflow/example_dags/example_trigger_target_dag.py
[2025-06-05T18:47:37.677+0200] {processor.py:830} INFO - Processing file /home/leoja/airflow/airflow_venv/lib/python3.12/site-packages/airflow/example_dags/example_trigger_target_dag.py for tasks to queue
[2025-06-05T18:47:37.679+0200] {logging_mixin.py:188} INFO - [2025-06-05T18:47:37.678+0200] {dagbag.py:540} INFO - Filling up the DagBag from /home/leoja/airflow/airflow_venv/lib/python3.12/site-packages/airflow/example_dags/example_trigger_target_dag.py
[2025-06-05T18:47:37.685+0200] {processor.py:840} INFO - DAG(s) 'example_trigger_target_dag' retrieved from /home/leoja/airflow/airflow_venv/lib/python3.12/site-packages/airflow/example_dags/example_trigger_target_dag.py
[2025-06-05T18:47:37.698+0200] {logging_mixin.py:188} INFO - [2025-06-05T18:47:37.698+0200] {dag.py:3096} INFO - Sync 1 DAGs
[2025-06-05T18:47:37.707+0200] {logging_mixin.py:188} INFO - [2025-06-05T18:47:37.707+0200] {dag.py:3954} INFO - Setting next_dagrun for example_trigger_target_dag to None, run_after=None
[2025-06-05T18:47:37.730+0200] {processor.py:183} INFO - Processing /home/leoja/airflow/airflow_venv/lib/python3.12/site-packages/airflow/example_dags/example_trigger_target_dag.py took 0.062 seconds
[2025-06-05T18:48:29.526+0200] {processor.py:161} INFO - Started process (PID=535060) to work on /home/leoja/airflow/airflow_venv/lib/python3.12/site-packages/airflow/example_dags/example_trigger_target_dag.py
[2025-06-05T18:48:29.528+0200] {processor.py:830} INFO - Processing file /home/leoja/airflow/airflow_venv/lib/python3.12/site-packages/airflow/example_dags/example_trigger_target_dag.py for tasks to queue
[2025-06-05T18:48:29.530+0200] {logging_mixin.py:188} INFO - [2025-06-05T18:48:29.530+0200] {dagbag.py:540} INFO - Filling up the DagBag from /home/leoja/airflow/airflow_venv/lib/python3.12/site-packages/airflow/example_dags/example_trigger_target_dag.py
[2025-06-05T18:48:29.535+0200] {processor.py:840} INFO - DAG(s) 'example_trigger_target_dag' retrieved from /home/leoja/airflow/airflow_venv/lib/python3.12/site-packages/airflow/example_dags/example_trigger_target_dag.py
[2025-06-05T18:48:29.548+0200] {logging_mixin.py:188} INFO - [2025-06-05T18:48:29.548+0200] {dag.py:3096} INFO - Sync 1 DAGs
[2025-06-05T18:48:29.560+0200] {logging_mixin.py:188} INFO - [2025-06-05T18:48:29.559+0200] {dag.py:3954} INFO - Setting next_dagrun for example_trigger_target_dag to None, run_after=None
[2025-06-05T18:48:29.581+0200] {processor.py:183} INFO - Processing /home/leoja/airflow/airflow_venv/lib/python3.12/site-packages/airflow/example_dags/example_trigger_target_dag.py took 0.062 seconds
[2025-06-05T18:49:29.083+0200] {processor.py:161} INFO - Started process (PID=535340) to work on /home/leoja/airflow/airflow_venv/lib/python3.12/site-packages/airflow/example_dags/example_trigger_target_dag.py
[2025-06-05T18:49:29.085+0200] {processor.py:830} INFO - Processing file /home/leoja/airflow/airflow_venv/lib/python3.12/site-packages/airflow/example_dags/example_trigger_target_dag.py for tasks to queue
[2025-06-05T18:49:29.087+0200] {logging_mixin.py:188} INFO - [2025-06-05T18:49:29.087+0200] {dagbag.py:540} INFO - Filling up the DagBag from /home/leoja/airflow/airflow_venv/lib/python3.12/site-packages/airflow/example_dags/example_trigger_target_dag.py
[2025-06-05T18:49:29.092+0200] {processor.py:840} INFO - DAG(s) 'example_trigger_target_dag' retrieved from /home/leoja/airflow/airflow_venv/lib/python3.12/site-packages/airflow/example_dags/example_trigger_target_dag.py
[2025-06-05T18:49:29.103+0200] {logging_mixin.py:188} INFO - [2025-06-05T18:49:29.102+0200] {dag.py:3096} INFO - Sync 1 DAGs
[2025-06-05T18:49:29.110+0200] {logging_mixin.py:188} INFO - [2025-06-05T18:49:29.110+0200] {dag.py:3954} INFO - Setting next_dagrun for example_trigger_target_dag to None, run_after=None
[2025-06-05T18:49:29.129+0200] {processor.py:183} INFO - Processing /home/leoja/airflow/airflow_venv/lib/python3.12/site-packages/airflow/example_dags/example_trigger_target_dag.py took 0.052 seconds
[2025-06-05T18:50:45.561+0200] {processor.py:161} INFO - Started process (PID=536204) to work on /home/leoja/airflow/airflow_venv/lib/python3.12/site-packages/airflow/example_dags/example_trigger_target_dag.py
[2025-06-05T18:50:45.563+0200] {processor.py:830} INFO - Processing file /home/leoja/airflow/airflow_venv/lib/python3.12/site-packages/airflow/example_dags/example_trigger_target_dag.py for tasks to queue
[2025-06-05T18:50:45.566+0200] {logging_mixin.py:188} INFO - [2025-06-05T18:50:45.565+0200] {dagbag.py:540} INFO - Filling up the DagBag from /home/leoja/airflow/airflow_venv/lib/python3.12/site-packages/airflow/example_dags/example_trigger_target_dag.py
[2025-06-05T18:50:45.571+0200] {processor.py:840} INFO - DAG(s) 'example_trigger_target_dag' retrieved from /home/leoja/airflow/airflow_venv/lib/python3.12/site-packages/airflow/example_dags/example_trigger_target_dag.py
[2025-06-05T18:50:45.584+0200] {logging_mixin.py:188} INFO - [2025-06-05T18:50:45.584+0200] {dag.py:3096} INFO - Sync 1 DAGs
[2025-06-05T18:50:45.594+0200] {logging_mixin.py:188} INFO - [2025-06-05T18:50:45.594+0200] {dag.py:3954} INFO - Setting next_dagrun for example_trigger_target_dag to None, run_after=None
[2025-06-05T18:50:45.616+0200] {processor.py:183} INFO - Processing /home/leoja/airflow/airflow_venv/lib/python3.12/site-packages/airflow/example_dags/example_trigger_target_dag.py took 0.063 seconds
[2025-06-05T18:51:41.663+0200] {processor.py:161} INFO - Started process (PID=536603) to work on /home/leoja/airflow/airflow_venv/lib/python3.12/site-packages/airflow/example_dags/example_trigger_target_dag.py
[2025-06-05T18:51:41.665+0200] {processor.py:830} INFO - Processing file /home/leoja/airflow/airflow_venv/lib/python3.12/site-packages/airflow/example_dags/example_trigger_target_dag.py for tasks to queue
[2025-06-05T18:51:41.667+0200] {logging_mixin.py:188} INFO - [2025-06-05T18:51:41.667+0200] {dagbag.py:540} INFO - Filling up the DagBag from /home/leoja/airflow/airflow_venv/lib/python3.12/site-packages/airflow/example_dags/example_trigger_target_dag.py
[2025-06-05T18:51:41.672+0200] {processor.py:840} INFO - DAG(s) 'example_trigger_target_dag' retrieved from /home/leoja/airflow/airflow_venv/lib/python3.12/site-packages/airflow/example_dags/example_trigger_target_dag.py
[2025-06-05T18:51:41.686+0200] {logging_mixin.py:188} INFO - [2025-06-05T18:51:41.686+0200] {dag.py:3096} INFO - Sync 1 DAGs
[2025-06-05T18:51:41.697+0200] {logging_mixin.py:188} INFO - [2025-06-05T18:51:41.696+0200] {dag.py:3954} INFO - Setting next_dagrun for example_trigger_target_dag to None, run_after=None
[2025-06-05T18:51:41.721+0200] {processor.py:183} INFO - Processing /home/leoja/airflow/airflow_venv/lib/python3.12/site-packages/airflow/example_dags/example_trigger_target_dag.py took 0.065 seconds
[2025-06-05T18:52:42.791+0200] {processor.py:161} INFO - Started process (PID=537150) to work on /home/leoja/airflow/airflow_venv/lib/python3.12/site-packages/airflow/example_dags/example_trigger_target_dag.py
[2025-06-05T18:52:42.793+0200] {processor.py:830} INFO - Processing file /home/leoja/airflow/airflow_venv/lib/python3.12/site-packages/airflow/example_dags/example_trigger_target_dag.py for tasks to queue
[2025-06-05T18:52:42.795+0200] {logging_mixin.py:188} INFO - [2025-06-05T18:52:42.794+0200] {dagbag.py:540} INFO - Filling up the DagBag from /home/leoja/airflow/airflow_venv/lib/python3.12/site-packages/airflow/example_dags/example_trigger_target_dag.py
[2025-06-05T18:52:42.801+0200] {processor.py:840} INFO - DAG(s) 'example_trigger_target_dag' retrieved from /home/leoja/airflow/airflow_venv/lib/python3.12/site-packages/airflow/example_dags/example_trigger_target_dag.py
[2025-06-05T18:52:42.813+0200] {logging_mixin.py:188} INFO - [2025-06-05T18:52:42.812+0200] {dag.py:3096} INFO - Sync 1 DAGs
[2025-06-05T18:52:42.822+0200] {logging_mixin.py:188} INFO - [2025-06-05T18:52:42.821+0200] {dag.py:3954} INFO - Setting next_dagrun for example_trigger_target_dag to None, run_after=None
[2025-06-05T18:52:42.843+0200] {processor.py:183} INFO - Processing /home/leoja/airflow/airflow_venv/lib/python3.12/site-packages/airflow/example_dags/example_trigger_target_dag.py took 0.057 seconds
[2025-06-05T18:54:16.529+0200] {processor.py:161} INFO - Started process (PID=538229) to work on /home/leoja/airflow/airflow_venv/lib/python3.12/site-packages/airflow/example_dags/example_trigger_target_dag.py
[2025-06-05T18:54:16.531+0200] {processor.py:830} INFO - Processing file /home/leoja/airflow/airflow_venv/lib/python3.12/site-packages/airflow/example_dags/example_trigger_target_dag.py for tasks to queue
[2025-06-05T18:54:16.533+0200] {logging_mixin.py:188} INFO - [2025-06-05T18:54:16.533+0200] {dagbag.py:540} INFO - Filling up the DagBag from /home/leoja/airflow/airflow_venv/lib/python3.12/site-packages/airflow/example_dags/example_trigger_target_dag.py
[2025-06-05T18:54:16.538+0200] {processor.py:840} INFO - DAG(s) 'example_trigger_target_dag' retrieved from /home/leoja/airflow/airflow_venv/lib/python3.12/site-packages/airflow/example_dags/example_trigger_target_dag.py
[2025-06-05T18:54:16.554+0200] {logging_mixin.py:188} INFO - [2025-06-05T18:54:16.554+0200] {dag.py:3096} INFO - Sync 1 DAGs
[2025-06-05T18:54:16.564+0200] {logging_mixin.py:188} INFO - [2025-06-05T18:54:16.564+0200] {dag.py:3954} INFO - Setting next_dagrun for example_trigger_target_dag to None, run_after=None
[2025-06-05T18:54:16.590+0200] {processor.py:183} INFO - Processing /home/leoja/airflow/airflow_venv/lib/python3.12/site-packages/airflow/example_dags/example_trigger_target_dag.py took 0.067 seconds
[2025-06-05T18:55:12.595+0200] {processor.py:161} INFO - Started process (PID=538640) to work on /home/leoja/airflow/airflow_venv/lib/python3.12/site-packages/airflow/example_dags/example_trigger_target_dag.py
[2025-06-05T18:55:12.597+0200] {processor.py:830} INFO - Processing file /home/leoja/airflow/airflow_venv/lib/python3.12/site-packages/airflow/example_dags/example_trigger_target_dag.py for tasks to queue
[2025-06-05T18:55:12.599+0200] {logging_mixin.py:188} INFO - [2025-06-05T18:55:12.599+0200] {dagbag.py:540} INFO - Filling up the DagBag from /home/leoja/airflow/airflow_venv/lib/python3.12/site-packages/airflow/example_dags/example_trigger_target_dag.py
[2025-06-05T18:55:12.604+0200] {processor.py:840} INFO - DAG(s) 'example_trigger_target_dag' retrieved from /home/leoja/airflow/airflow_venv/lib/python3.12/site-packages/airflow/example_dags/example_trigger_target_dag.py
[2025-06-05T18:55:12.615+0200] {logging_mixin.py:188} INFO - [2025-06-05T18:55:12.615+0200] {dag.py:3096} INFO - Sync 1 DAGs
[2025-06-05T18:55:12.623+0200] {logging_mixin.py:188} INFO - [2025-06-05T18:55:12.622+0200] {dag.py:3954} INFO - Setting next_dagrun for example_trigger_target_dag to None, run_after=None
[2025-06-05T18:55:12.643+0200] {processor.py:183} INFO - Processing /home/leoja/airflow/airflow_venv/lib/python3.12/site-packages/airflow/example_dags/example_trigger_target_dag.py took 0.060 seconds
[2025-06-05T18:56:16.578+0200] {processor.py:161} INFO - Started process (PID=538983) to work on /home/leoja/airflow/airflow_venv/lib/python3.12/site-packages/airflow/example_dags/example_trigger_target_dag.py
[2025-06-05T18:56:16.581+0200] {processor.py:830} INFO - Processing file /home/leoja/airflow/airflow_venv/lib/python3.12/site-packages/airflow/example_dags/example_trigger_target_dag.py for tasks to queue
[2025-06-05T18:56:16.583+0200] {logging_mixin.py:188} INFO - [2025-06-05T18:56:16.582+0200] {dagbag.py:540} INFO - Filling up the DagBag from /home/leoja/airflow/airflow_venv/lib/python3.12/site-packages/airflow/example_dags/example_trigger_target_dag.py
[2025-06-05T18:56:16.588+0200] {processor.py:840} INFO - DAG(s) 'example_trigger_target_dag' retrieved from /home/leoja/airflow/airflow_venv/lib/python3.12/site-packages/airflow/example_dags/example_trigger_target_dag.py
[2025-06-05T18:56:16.602+0200] {logging_mixin.py:188} INFO - [2025-06-05T18:56:16.602+0200] {dag.py:3096} INFO - Sync 1 DAGs
[2025-06-05T18:56:16.610+0200] {logging_mixin.py:188} INFO - [2025-06-05T18:56:16.610+0200] {dag.py:3954} INFO - Setting next_dagrun for example_trigger_target_dag to None, run_after=None
[2025-06-05T18:56:16.630+0200] {processor.py:183} INFO - Processing /home/leoja/airflow/airflow_venv/lib/python3.12/site-packages/airflow/example_dags/example_trigger_target_dag.py took 0.058 seconds
[2025-06-05T18:57:20.663+0200] {processor.py:161} INFO - Started process (PID=539397) to work on /home/leoja/airflow/airflow_venv/lib/python3.12/site-packages/airflow/example_dags/example_trigger_target_dag.py
[2025-06-05T18:57:20.665+0200] {processor.py:830} INFO - Processing file /home/leoja/airflow/airflow_venv/lib/python3.12/site-packages/airflow/example_dags/example_trigger_target_dag.py for tasks to queue
[2025-06-05T18:57:20.666+0200] {logging_mixin.py:188} INFO - [2025-06-05T18:57:20.666+0200] {dagbag.py:540} INFO - Filling up the DagBag from /home/leoja/airflow/airflow_venv/lib/python3.12/site-packages/airflow/example_dags/example_trigger_target_dag.py
[2025-06-05T18:57:20.672+0200] {processor.py:840} INFO - DAG(s) 'example_trigger_target_dag' retrieved from /home/leoja/airflow/airflow_venv/lib/python3.12/site-packages/airflow/example_dags/example_trigger_target_dag.py
[2025-06-05T18:57:20.688+0200] {logging_mixin.py:188} INFO - [2025-06-05T18:57:20.688+0200] {dag.py:3096} INFO - Sync 1 DAGs
[2025-06-05T18:57:20.700+0200] {logging_mixin.py:188} INFO - [2025-06-05T18:57:20.700+0200] {dag.py:3954} INFO - Setting next_dagrun for example_trigger_target_dag to None, run_after=None
[2025-06-05T18:57:20.729+0200] {processor.py:183} INFO - Processing /home/leoja/airflow/airflow_venv/lib/python3.12/site-packages/airflow/example_dags/example_trigger_target_dag.py took 0.075 seconds
[2025-06-05T18:58:25.792+0200] {processor.py:161} INFO - Started process (PID=539889) to work on /home/leoja/airflow/airflow_venv/lib/python3.12/site-packages/airflow/example_dags/example_trigger_target_dag.py
[2025-06-05T18:58:25.794+0200] {processor.py:830} INFO - Processing file /home/leoja/airflow/airflow_venv/lib/python3.12/site-packages/airflow/example_dags/example_trigger_target_dag.py for tasks to queue
[2025-06-05T18:58:25.796+0200] {logging_mixin.py:188} INFO - [2025-06-05T18:58:25.795+0200] {dagbag.py:540} INFO - Filling up the DagBag from /home/leoja/airflow/airflow_venv/lib/python3.12/site-packages/airflow/example_dags/example_trigger_target_dag.py
[2025-06-05T18:58:25.805+0200] {processor.py:840} INFO - DAG(s) 'example_trigger_target_dag' retrieved from /home/leoja/airflow/airflow_venv/lib/python3.12/site-packages/airflow/example_dags/example_trigger_target_dag.py
[2025-06-05T18:58:25.818+0200] {logging_mixin.py:188} INFO - [2025-06-05T18:58:25.817+0200] {dag.py:3096} INFO - Sync 1 DAGs
[2025-06-05T18:58:25.827+0200] {logging_mixin.py:188} INFO - [2025-06-05T18:58:25.827+0200] {dag.py:3954} INFO - Setting next_dagrun for example_trigger_target_dag to None, run_after=None
[2025-06-05T18:58:25.850+0200] {processor.py:183} INFO - Processing /home/leoja/airflow/airflow_venv/lib/python3.12/site-packages/airflow/example_dags/example_trigger_target_dag.py took 0.064 seconds
[2025-06-05T18:59:27.737+0200] {processor.py:161} INFO - Started process (PID=540241) to work on /home/leoja/airflow/airflow_venv/lib/python3.12/site-packages/airflow/example_dags/example_trigger_target_dag.py
[2025-06-05T18:59:27.738+0200] {processor.py:830} INFO - Processing file /home/leoja/airflow/airflow_venv/lib/python3.12/site-packages/airflow/example_dags/example_trigger_target_dag.py for tasks to queue
[2025-06-05T18:59:27.740+0200] {logging_mixin.py:188} INFO - [2025-06-05T18:59:27.739+0200] {dagbag.py:540} INFO - Filling up the DagBag from /home/leoja/airflow/airflow_venv/lib/python3.12/site-packages/airflow/example_dags/example_trigger_target_dag.py
[2025-06-05T18:59:27.745+0200] {processor.py:840} INFO - DAG(s) 'example_trigger_target_dag' retrieved from /home/leoja/airflow/airflow_venv/lib/python3.12/site-packages/airflow/example_dags/example_trigger_target_dag.py
[2025-06-05T18:59:27.758+0200] {logging_mixin.py:188} INFO - [2025-06-05T18:59:27.758+0200] {dag.py:3096} INFO - Sync 1 DAGs
[2025-06-05T18:59:27.767+0200] {logging_mixin.py:188} INFO - [2025-06-05T18:59:27.767+0200] {dag.py:3954} INFO - Setting next_dagrun for example_trigger_target_dag to None, run_after=None
[2025-06-05T18:59:27.789+0200] {processor.py:183} INFO - Processing /home/leoja/airflow/airflow_venv/lib/python3.12/site-packages/airflow/example_dags/example_trigger_target_dag.py took 0.059 seconds
[2025-06-05T19:00:30.754+0200] {processor.py:161} INFO - Started process (PID=540614) to work on /home/leoja/airflow/airflow_venv/lib/python3.12/site-packages/airflow/example_dags/example_trigger_target_dag.py
[2025-06-05T19:00:30.756+0200] {processor.py:830} INFO - Processing file /home/leoja/airflow/airflow_venv/lib/python3.12/site-packages/airflow/example_dags/example_trigger_target_dag.py for tasks to queue
[2025-06-05T19:00:30.757+0200] {logging_mixin.py:188} INFO - [2025-06-05T19:00:30.757+0200] {dagbag.py:540} INFO - Filling up the DagBag from /home/leoja/airflow/airflow_venv/lib/python3.12/site-packages/airflow/example_dags/example_trigger_target_dag.py
[2025-06-05T19:00:30.762+0200] {processor.py:840} INFO - DAG(s) 'example_trigger_target_dag' retrieved from /home/leoja/airflow/airflow_venv/lib/python3.12/site-packages/airflow/example_dags/example_trigger_target_dag.py
[2025-06-05T19:00:30.775+0200] {logging_mixin.py:188} INFO - [2025-06-05T19:00:30.775+0200] {dag.py:3096} INFO - Sync 1 DAGs
[2025-06-05T19:00:30.784+0200] {logging_mixin.py:188} INFO - [2025-06-05T19:00:30.783+0200] {dag.py:3954} INFO - Setting next_dagrun for example_trigger_target_dag to None, run_after=None
[2025-06-05T19:00:30.804+0200] {processor.py:183} INFO - Processing /home/leoja/airflow/airflow_venv/lib/python3.12/site-packages/airflow/example_dags/example_trigger_target_dag.py took 0.056 seconds
[2025-06-05T19:01:32.456+0200] {processor.py:161} INFO - Started process (PID=540962) to work on /home/leoja/airflow/airflow_venv/lib/python3.12/site-packages/airflow/example_dags/example_trigger_target_dag.py
[2025-06-05T19:01:32.458+0200] {processor.py:830} INFO - Processing file /home/leoja/airflow/airflow_venv/lib/python3.12/site-packages/airflow/example_dags/example_trigger_target_dag.py for tasks to queue
[2025-06-05T19:01:32.460+0200] {logging_mixin.py:188} INFO - [2025-06-05T19:01:32.459+0200] {dagbag.py:540} INFO - Filling up the DagBag from /home/leoja/airflow/airflow_venv/lib/python3.12/site-packages/airflow/example_dags/example_trigger_target_dag.py
[2025-06-05T19:01:32.465+0200] {processor.py:840} INFO - DAG(s) 'example_trigger_target_dag' retrieved from /home/leoja/airflow/airflow_venv/lib/python3.12/site-packages/airflow/example_dags/example_trigger_target_dag.py
[2025-06-05T19:01:32.480+0200] {logging_mixin.py:188} INFO - [2025-06-05T19:01:32.480+0200] {dag.py:3096} INFO - Sync 1 DAGs
[2025-06-05T19:01:32.488+0200] {logging_mixin.py:188} INFO - [2025-06-05T19:01:32.487+0200] {dag.py:3954} INFO - Setting next_dagrun for example_trigger_target_dag to None, run_after=None
[2025-06-05T19:01:32.515+0200] {processor.py:183} INFO - Processing /home/leoja/airflow/airflow_venv/lib/python3.12/site-packages/airflow/example_dags/example_trigger_target_dag.py took 0.066 seconds
[2025-06-05T19:02:38.924+0200] {processor.py:161} INFO - Started process (PID=541324) to work on /home/leoja/airflow/airflow_venv/lib/python3.12/site-packages/airflow/example_dags/example_trigger_target_dag.py
[2025-06-05T19:02:38.926+0200] {processor.py:830} INFO - Processing file /home/leoja/airflow/airflow_venv/lib/python3.12/site-packages/airflow/example_dags/example_trigger_target_dag.py for tasks to queue
[2025-06-05T19:02:38.928+0200] {logging_mixin.py:188} INFO - [2025-06-05T19:02:38.928+0200] {dagbag.py:540} INFO - Filling up the DagBag from /home/leoja/airflow/airflow_venv/lib/python3.12/site-packages/airflow/example_dags/example_trigger_target_dag.py
[2025-06-05T19:02:38.933+0200] {processor.py:840} INFO - DAG(s) 'example_trigger_target_dag' retrieved from /home/leoja/airflow/airflow_venv/lib/python3.12/site-packages/airflow/example_dags/example_trigger_target_dag.py
[2025-06-05T19:02:38.945+0200] {logging_mixin.py:188} INFO - [2025-06-05T19:02:38.945+0200] {dag.py:3096} INFO - Sync 1 DAGs
[2025-06-05T19:02:38.955+0200] {logging_mixin.py:188} INFO - [2025-06-05T19:02:38.954+0200] {dag.py:3954} INFO - Setting next_dagrun for example_trigger_target_dag to None, run_after=None
[2025-06-05T19:02:38.980+0200] {processor.py:183} INFO - Processing /home/leoja/airflow/airflow_venv/lib/python3.12/site-packages/airflow/example_dags/example_trigger_target_dag.py took 0.063 seconds
[2025-06-05T19:03:26.926+0200] {processor.py:161} INFO - Started process (PID=541592) to work on /home/leoja/airflow/airflow_venv/lib/python3.12/site-packages/airflow/example_dags/example_trigger_target_dag.py
[2025-06-05T19:03:26.927+0200] {processor.py:830} INFO - Processing file /home/leoja/airflow/airflow_venv/lib/python3.12/site-packages/airflow/example_dags/example_trigger_target_dag.py for tasks to queue
[2025-06-05T19:03:26.929+0200] {logging_mixin.py:188} INFO - [2025-06-05T19:03:26.929+0200] {dagbag.py:540} INFO - Filling up the DagBag from /home/leoja/airflow/airflow_venv/lib/python3.12/site-packages/airflow/example_dags/example_trigger_target_dag.py
[2025-06-05T19:03:26.934+0200] {processor.py:840} INFO - DAG(s) 'example_trigger_target_dag' retrieved from /home/leoja/airflow/airflow_venv/lib/python3.12/site-packages/airflow/example_dags/example_trigger_target_dag.py
[2025-06-05T19:03:26.947+0200] {logging_mixin.py:188} INFO - [2025-06-05T19:03:26.947+0200] {dag.py:3096} INFO - Sync 1 DAGs
[2025-06-05T19:03:26.956+0200] {logging_mixin.py:188} INFO - [2025-06-05T19:03:26.956+0200] {dag.py:3954} INFO - Setting next_dagrun for example_trigger_target_dag to None, run_after=None
[2025-06-05T19:03:26.980+0200] {processor.py:183} INFO - Processing /home/leoja/airflow/airflow_venv/lib/python3.12/site-packages/airflow/example_dags/example_trigger_target_dag.py took 0.061 seconds
[2025-06-05T19:04:34.126+0200] {processor.py:161} INFO - Started process (PID=541993) to work on /home/leoja/airflow/airflow_venv/lib/python3.12/site-packages/airflow/example_dags/example_trigger_target_dag.py
[2025-06-05T19:04:34.128+0200] {processor.py:830} INFO - Processing file /home/leoja/airflow/airflow_venv/lib/python3.12/site-packages/airflow/example_dags/example_trigger_target_dag.py for tasks to queue
[2025-06-05T19:04:34.129+0200] {logging_mixin.py:188} INFO - [2025-06-05T19:04:34.129+0200] {dagbag.py:540} INFO - Filling up the DagBag from /home/leoja/airflow/airflow_venv/lib/python3.12/site-packages/airflow/example_dags/example_trigger_target_dag.py
[2025-06-05T19:04:34.134+0200] {processor.py:840} INFO - DAG(s) 'example_trigger_target_dag' retrieved from /home/leoja/airflow/airflow_venv/lib/python3.12/site-packages/airflow/example_dags/example_trigger_target_dag.py
[2025-06-05T19:04:34.147+0200] {logging_mixin.py:188} INFO - [2025-06-05T19:04:34.147+0200] {dag.py:3096} INFO - Sync 1 DAGs
[2025-06-05T19:04:34.156+0200] {logging_mixin.py:188} INFO - [2025-06-05T19:04:34.156+0200] {dag.py:3954} INFO - Setting next_dagrun for example_trigger_target_dag to None, run_after=None
[2025-06-05T19:04:34.182+0200] {processor.py:183} INFO - Processing /home/leoja/airflow/airflow_venv/lib/python3.12/site-packages/airflow/example_dags/example_trigger_target_dag.py took 0.064 seconds
[2025-06-05T19:05:23.908+0200] {processor.py:161} INFO - Started process (PID=542265) to work on /home/leoja/airflow/airflow_venv/lib/python3.12/site-packages/airflow/example_dags/example_trigger_target_dag.py
[2025-06-05T19:05:23.910+0200] {processor.py:830} INFO - Processing file /home/leoja/airflow/airflow_venv/lib/python3.12/site-packages/airflow/example_dags/example_trigger_target_dag.py for tasks to queue
[2025-06-05T19:05:23.911+0200] {logging_mixin.py:188} INFO - [2025-06-05T19:05:23.911+0200] {dagbag.py:540} INFO - Filling up the DagBag from /home/leoja/airflow/airflow_venv/lib/python3.12/site-packages/airflow/example_dags/example_trigger_target_dag.py
[2025-06-05T19:05:23.916+0200] {processor.py:840} INFO - DAG(s) 'example_trigger_target_dag' retrieved from /home/leoja/airflow/airflow_venv/lib/python3.12/site-packages/airflow/example_dags/example_trigger_target_dag.py
[2025-06-05T19:05:24.017+0200] {logging_mixin.py:188} INFO - [2025-06-05T19:05:24.017+0200] {dag.py:3096} INFO - Sync 1 DAGs
[2025-06-05T19:05:24.024+0200] {logging_mixin.py:188} INFO - [2025-06-05T19:05:24.024+0200] {dag.py:3954} INFO - Setting next_dagrun for example_trigger_target_dag to None, run_after=None
[2025-06-05T19:05:24.045+0200] {processor.py:183} INFO - Processing /home/leoja/airflow/airflow_venv/lib/python3.12/site-packages/airflow/example_dags/example_trigger_target_dag.py took 0.142 seconds
[2025-06-05T19:06:10.626+0200] {processor.py:161} INFO - Started process (PID=542440) to work on /home/leoja/airflow/airflow_venv/lib/python3.12/site-packages/airflow/example_dags/example_trigger_target_dag.py
[2025-06-05T19:06:10.628+0200] {processor.py:830} INFO - Processing file /home/leoja/airflow/airflow_venv/lib/python3.12/site-packages/airflow/example_dags/example_trigger_target_dag.py for tasks to queue
[2025-06-05T19:06:10.629+0200] {logging_mixin.py:188} INFO - [2025-06-05T19:06:10.629+0200] {dagbag.py:540} INFO - Filling up the DagBag from /home/leoja/airflow/airflow_venv/lib/python3.12/site-packages/airflow/example_dags/example_trigger_target_dag.py
[2025-06-05T19:06:10.634+0200] {processor.py:840} INFO - DAG(s) 'example_trigger_target_dag' retrieved from /home/leoja/airflow/airflow_venv/lib/python3.12/site-packages/airflow/example_dags/example_trigger_target_dag.py
[2025-06-05T19:06:10.645+0200] {logging_mixin.py:188} INFO - [2025-06-05T19:06:10.645+0200] {dag.py:3096} INFO - Sync 1 DAGs
[2025-06-05T19:06:10.653+0200] {logging_mixin.py:188} INFO - [2025-06-05T19:06:10.653+0200] {dag.py:3954} INFO - Setting next_dagrun for example_trigger_target_dag to None, run_after=None
[2025-06-05T19:06:10.674+0200] {processor.py:183} INFO - Processing /home/leoja/airflow/airflow_venv/lib/python3.12/site-packages/airflow/example_dags/example_trigger_target_dag.py took 0.054 seconds
[2025-06-05T19:07:09.939+0200] {processor.py:161} INFO - Started process (PID=542650) to work on /home/leoja/airflow/airflow_venv/lib/python3.12/site-packages/airflow/example_dags/example_trigger_target_dag.py
[2025-06-05T19:07:09.940+0200] {processor.py:830} INFO - Processing file /home/leoja/airflow/airflow_venv/lib/python3.12/site-packages/airflow/example_dags/example_trigger_target_dag.py for tasks to queue
[2025-06-05T19:07:09.941+0200] {logging_mixin.py:188} INFO - [2025-06-05T19:07:09.941+0200] {dagbag.py:540} INFO - Filling up the DagBag from /home/leoja/airflow/airflow_venv/lib/python3.12/site-packages/airflow/example_dags/example_trigger_target_dag.py
[2025-06-05T19:07:09.946+0200] {processor.py:840} INFO - DAG(s) 'example_trigger_target_dag' retrieved from /home/leoja/airflow/airflow_venv/lib/python3.12/site-packages/airflow/example_dags/example_trigger_target_dag.py
[2025-06-05T19:07:09.957+0200] {logging_mixin.py:188} INFO - [2025-06-05T19:07:09.957+0200] {dag.py:3096} INFO - Sync 1 DAGs
[2025-06-05T19:07:09.965+0200] {logging_mixin.py:188} INFO - [2025-06-05T19:07:09.965+0200] {dag.py:3954} INFO - Setting next_dagrun for example_trigger_target_dag to None, run_after=None
[2025-06-05T19:07:09.984+0200] {processor.py:183} INFO - Processing /home/leoja/airflow/airflow_venv/lib/python3.12/site-packages/airflow/example_dags/example_trigger_target_dag.py took 0.051 seconds
[2025-06-05T19:08:11.485+0200] {processor.py:161} INFO - Started process (PID=543092) to work on /home/leoja/airflow/airflow_venv/lib/python3.12/site-packages/airflow/example_dags/example_trigger_target_dag.py
[2025-06-05T19:08:11.486+0200] {processor.py:830} INFO - Processing file /home/leoja/airflow/airflow_venv/lib/python3.12/site-packages/airflow/example_dags/example_trigger_target_dag.py for tasks to queue
[2025-06-05T19:08:11.488+0200] {logging_mixin.py:188} INFO - [2025-06-05T19:08:11.488+0200] {dagbag.py:540} INFO - Filling up the DagBag from /home/leoja/airflow/airflow_venv/lib/python3.12/site-packages/airflow/example_dags/example_trigger_target_dag.py
[2025-06-05T19:08:11.492+0200] {processor.py:840} INFO - DAG(s) 'example_trigger_target_dag' retrieved from /home/leoja/airflow/airflow_venv/lib/python3.12/site-packages/airflow/example_dags/example_trigger_target_dag.py
[2025-06-05T19:08:11.503+0200] {logging_mixin.py:188} INFO - [2025-06-05T19:08:11.503+0200] {dag.py:3096} INFO - Sync 1 DAGs
[2025-06-05T19:08:11.511+0200] {logging_mixin.py:188} INFO - [2025-06-05T19:08:11.511+0200] {dag.py:3954} INFO - Setting next_dagrun for example_trigger_target_dag to None, run_after=None
[2025-06-05T19:08:11.531+0200] {processor.py:183} INFO - Processing /home/leoja/airflow/airflow_venv/lib/python3.12/site-packages/airflow/example_dags/example_trigger_target_dag.py took 0.051 seconds
[2025-06-05T19:10:06.434+0200] {processor.py:161} INFO - Started process (PID=544225) to work on /home/leoja/airflow/airflow_venv/lib/python3.12/site-packages/airflow/example_dags/example_trigger_target_dag.py
[2025-06-05T19:10:06.436+0200] {processor.py:830} INFO - Processing file /home/leoja/airflow/airflow_venv/lib/python3.12/site-packages/airflow/example_dags/example_trigger_target_dag.py for tasks to queue
[2025-06-05T19:10:06.438+0200] {logging_mixin.py:188} INFO - [2025-06-05T19:10:06.437+0200] {dagbag.py:540} INFO - Filling up the DagBag from /home/leoja/airflow/airflow_venv/lib/python3.12/site-packages/airflow/example_dags/example_trigger_target_dag.py
[2025-06-05T19:10:06.444+0200] {processor.py:840} INFO - DAG(s) 'example_trigger_target_dag' retrieved from /home/leoja/airflow/airflow_venv/lib/python3.12/site-packages/airflow/example_dags/example_trigger_target_dag.py
[2025-06-05T19:10:06.459+0200] {logging_mixin.py:188} INFO - [2025-06-05T19:10:06.458+0200] {dag.py:3096} INFO - Sync 1 DAGs
[2025-06-05T19:10:06.470+0200] {logging_mixin.py:188} INFO - [2025-06-05T19:10:06.469+0200] {dag.py:3954} INFO - Setting next_dagrun for example_trigger_target_dag to None, run_after=None
[2025-06-05T19:10:06.492+0200] {processor.py:183} INFO - Processing /home/leoja/airflow/airflow_venv/lib/python3.12/site-packages/airflow/example_dags/example_trigger_target_dag.py took 0.066 seconds
[2025-06-05T19:10:56.035+0200] {processor.py:161} INFO - Started process (PID=544567) to work on /home/leoja/airflow/airflow_venv/lib/python3.12/site-packages/airflow/example_dags/example_trigger_target_dag.py
[2025-06-05T19:10:56.040+0200] {processor.py:830} INFO - Processing file /home/leoja/airflow/airflow_venv/lib/python3.12/site-packages/airflow/example_dags/example_trigger_target_dag.py for tasks to queue
[2025-06-05T19:10:56.041+0200] {logging_mixin.py:188} INFO - [2025-06-05T19:10:56.041+0200] {dagbag.py:540} INFO - Filling up the DagBag from /home/leoja/airflow/airflow_venv/lib/python3.12/site-packages/airflow/example_dags/example_trigger_target_dag.py
[2025-06-05T19:10:56.047+0200] {processor.py:840} INFO - DAG(s) 'example_trigger_target_dag' retrieved from /home/leoja/airflow/airflow_venv/lib/python3.12/site-packages/airflow/example_dags/example_trigger_target_dag.py
[2025-06-05T19:10:56.062+0200] {logging_mixin.py:188} INFO - [2025-06-05T19:10:56.062+0200] {dag.py:3096} INFO - Sync 1 DAGs
[2025-06-05T19:10:56.072+0200] {logging_mixin.py:188} INFO - [2025-06-05T19:10:56.072+0200] {dag.py:3954} INFO - Setting next_dagrun for example_trigger_target_dag to None, run_after=None
[2025-06-05T19:10:56.098+0200] {processor.py:183} INFO - Processing /home/leoja/airflow/airflow_venv/lib/python3.12/site-packages/airflow/example_dags/example_trigger_target_dag.py took 0.071 seconds
[2025-06-05T19:11:57.074+0200] {processor.py:161} INFO - Started process (PID=544916) to work on /home/leoja/airflow/airflow_venv/lib/python3.12/site-packages/airflow/example_dags/example_trigger_target_dag.py
[2025-06-05T19:11:57.076+0200] {processor.py:830} INFO - Processing file /home/leoja/airflow/airflow_venv/lib/python3.12/site-packages/airflow/example_dags/example_trigger_target_dag.py for tasks to queue
[2025-06-05T19:11:57.078+0200] {logging_mixin.py:188} INFO - [2025-06-05T19:11:57.078+0200] {dagbag.py:540} INFO - Filling up the DagBag from /home/leoja/airflow/airflow_venv/lib/python3.12/site-packages/airflow/example_dags/example_trigger_target_dag.py
[2025-06-05T19:11:57.083+0200] {processor.py:840} INFO - DAG(s) 'example_trigger_target_dag' retrieved from /home/leoja/airflow/airflow_venv/lib/python3.12/site-packages/airflow/example_dags/example_trigger_target_dag.py
[2025-06-05T19:11:57.097+0200] {logging_mixin.py:188} INFO - [2025-06-05T19:11:57.097+0200] {dag.py:3096} INFO - Sync 1 DAGs
[2025-06-05T19:11:57.107+0200] {logging_mixin.py:188} INFO - [2025-06-05T19:11:57.107+0200] {dag.py:3954} INFO - Setting next_dagrun for example_trigger_target_dag to None, run_after=None
[2025-06-05T19:11:57.128+0200] {processor.py:183} INFO - Processing /home/leoja/airflow/airflow_venv/lib/python3.12/site-packages/airflow/example_dags/example_trigger_target_dag.py took 0.061 seconds
[2025-06-05T19:13:00.647+0200] {processor.py:161} INFO - Started process (PID=545255) to work on /home/leoja/airflow/airflow_venv/lib/python3.12/site-packages/airflow/example_dags/example_trigger_target_dag.py
[2025-06-05T19:13:00.649+0200] {processor.py:830} INFO - Processing file /home/leoja/airflow/airflow_venv/lib/python3.12/site-packages/airflow/example_dags/example_trigger_target_dag.py for tasks to queue
[2025-06-05T19:13:00.651+0200] {logging_mixin.py:188} INFO - [2025-06-05T19:13:00.650+0200] {dagbag.py:540} INFO - Filling up the DagBag from /home/leoja/airflow/airflow_venv/lib/python3.12/site-packages/airflow/example_dags/example_trigger_target_dag.py
[2025-06-05T19:13:00.656+0200] {processor.py:840} INFO - DAG(s) 'example_trigger_target_dag' retrieved from /home/leoja/airflow/airflow_venv/lib/python3.12/site-packages/airflow/example_dags/example_trigger_target_dag.py
[2025-06-05T19:13:00.668+0200] {logging_mixin.py:188} INFO - [2025-06-05T19:13:00.668+0200] {dag.py:3096} INFO - Sync 1 DAGs
[2025-06-05T19:13:00.685+0200] {logging_mixin.py:188} INFO - [2025-06-05T19:13:00.685+0200] {dag.py:3954} INFO - Setting next_dagrun for example_trigger_target_dag to None, run_after=None
[2025-06-05T19:13:00.707+0200] {processor.py:183} INFO - Processing /home/leoja/airflow/airflow_venv/lib/python3.12/site-packages/airflow/example_dags/example_trigger_target_dag.py took 0.068 seconds
[2025-06-05T19:14:01.783+0200] {processor.py:161} INFO - Started process (PID=545621) to work on /home/leoja/airflow/airflow_venv/lib/python3.12/site-packages/airflow/example_dags/example_trigger_target_dag.py
[2025-06-05T19:14:01.785+0200] {processor.py:830} INFO - Processing file /home/leoja/airflow/airflow_venv/lib/python3.12/site-packages/airflow/example_dags/example_trigger_target_dag.py for tasks to queue
[2025-06-05T19:14:01.787+0200] {logging_mixin.py:188} INFO - [2025-06-05T19:14:01.786+0200] {dagbag.py:540} INFO - Filling up the DagBag from /home/leoja/airflow/airflow_venv/lib/python3.12/site-packages/airflow/example_dags/example_trigger_target_dag.py
[2025-06-05T19:14:01.792+0200] {processor.py:840} INFO - DAG(s) 'example_trigger_target_dag' retrieved from /home/leoja/airflow/airflow_venv/lib/python3.12/site-packages/airflow/example_dags/example_trigger_target_dag.py
[2025-06-05T19:14:01.803+0200] {logging_mixin.py:188} INFO - [2025-06-05T19:14:01.803+0200] {dag.py:3096} INFO - Sync 1 DAGs
[2025-06-05T19:14:01.812+0200] {logging_mixin.py:188} INFO - [2025-06-05T19:14:01.811+0200] {dag.py:3954} INFO - Setting next_dagrun for example_trigger_target_dag to None, run_after=None
[2025-06-05T19:14:01.831+0200] {processor.py:183} INFO - Processing /home/leoja/airflow/airflow_venv/lib/python3.12/site-packages/airflow/example_dags/example_trigger_target_dag.py took 0.053 seconds
[2025-06-05T19:15:07.385+0200] {processor.py:161} INFO - Started process (PID=546068) to work on /home/leoja/airflow/airflow_venv/lib/python3.12/site-packages/airflow/example_dags/example_trigger_target_dag.py
[2025-06-05T19:15:07.387+0200] {processor.py:830} INFO - Processing file /home/leoja/airflow/airflow_venv/lib/python3.12/site-packages/airflow/example_dags/example_trigger_target_dag.py for tasks to queue
[2025-06-05T19:15:07.388+0200] {logging_mixin.py:188} INFO - [2025-06-05T19:15:07.388+0200] {dagbag.py:540} INFO - Filling up the DagBag from /home/leoja/airflow/airflow_venv/lib/python3.12/site-packages/airflow/example_dags/example_trigger_target_dag.py
[2025-06-05T19:15:07.393+0200] {processor.py:840} INFO - DAG(s) 'example_trigger_target_dag' retrieved from /home/leoja/airflow/airflow_venv/lib/python3.12/site-packages/airflow/example_dags/example_trigger_target_dag.py
[2025-06-05T19:15:07.404+0200] {logging_mixin.py:188} INFO - [2025-06-05T19:15:07.404+0200] {dag.py:3096} INFO - Sync 1 DAGs
[2025-06-05T19:15:07.413+0200] {logging_mixin.py:188} INFO - [2025-06-05T19:15:07.412+0200] {dag.py:3954} INFO - Setting next_dagrun for example_trigger_target_dag to None, run_after=None
[2025-06-05T19:15:07.433+0200] {processor.py:183} INFO - Processing /home/leoja/airflow/airflow_venv/lib/python3.12/site-packages/airflow/example_dags/example_trigger_target_dag.py took 0.054 seconds
[2025-06-05T19:16:07.733+0200] {processor.py:161} INFO - Started process (PID=546467) to work on /home/leoja/airflow/airflow_venv/lib/python3.12/site-packages/airflow/example_dags/example_trigger_target_dag.py
[2025-06-05T19:16:07.735+0200] {processor.py:830} INFO - Processing file /home/leoja/airflow/airflow_venv/lib/python3.12/site-packages/airflow/example_dags/example_trigger_target_dag.py for tasks to queue
[2025-06-05T19:16:07.737+0200] {logging_mixin.py:188} INFO - [2025-06-05T19:16:07.737+0200] {dagbag.py:540} INFO - Filling up the DagBag from /home/leoja/airflow/airflow_venv/lib/python3.12/site-packages/airflow/example_dags/example_trigger_target_dag.py
[2025-06-05T19:16:07.744+0200] {processor.py:840} INFO - DAG(s) 'example_trigger_target_dag' retrieved from /home/leoja/airflow/airflow_venv/lib/python3.12/site-packages/airflow/example_dags/example_trigger_target_dag.py
[2025-06-05T19:16:07.758+0200] {logging_mixin.py:188} INFO - [2025-06-05T19:16:07.758+0200] {dag.py:3096} INFO - Sync 1 DAGs
[2025-06-05T19:16:07.767+0200] {logging_mixin.py:188} INFO - [2025-06-05T19:16:07.767+0200] {dag.py:3954} INFO - Setting next_dagrun for example_trigger_target_dag to None, run_after=None
[2025-06-05T19:16:07.794+0200] {processor.py:183} INFO - Processing /home/leoja/airflow/airflow_venv/lib/python3.12/site-packages/airflow/example_dags/example_trigger_target_dag.py took 0.070 seconds
[2025-06-05T19:16:55.902+0200] {processor.py:161} INFO - Started process (PID=547268) to work on /home/leoja/airflow/airflow_venv/lib/python3.12/site-packages/airflow/example_dags/example_trigger_target_dag.py
[2025-06-05T19:16:55.904+0200] {processor.py:830} INFO - Processing file /home/leoja/airflow/airflow_venv/lib/python3.12/site-packages/airflow/example_dags/example_trigger_target_dag.py for tasks to queue
[2025-06-05T19:16:55.906+0200] {logging_mixin.py:188} INFO - [2025-06-05T19:16:55.905+0200] {dagbag.py:540} INFO - Filling up the DagBag from /home/leoja/airflow/airflow_venv/lib/python3.12/site-packages/airflow/example_dags/example_trigger_target_dag.py
[2025-06-05T19:16:55.910+0200] {processor.py:840} INFO - DAG(s) 'example_trigger_target_dag' retrieved from /home/leoja/airflow/airflow_venv/lib/python3.12/site-packages/airflow/example_dags/example_trigger_target_dag.py
[2025-06-05T19:16:55.921+0200] {logging_mixin.py:188} INFO - [2025-06-05T19:16:55.921+0200] {dag.py:3096} INFO - Sync 1 DAGs
[2025-06-05T19:16:55.929+0200] {logging_mixin.py:188} INFO - [2025-06-05T19:16:55.929+0200] {dag.py:3954} INFO - Setting next_dagrun for example_trigger_target_dag to None, run_after=None
[2025-06-05T19:16:55.949+0200] {processor.py:183} INFO - Processing /home/leoja/airflow/airflow_venv/lib/python3.12/site-packages/airflow/example_dags/example_trigger_target_dag.py took 0.053 seconds
[2025-06-05T19:17:51.184+0200] {processor.py:161} INFO - Started process (PID=547648) to work on /home/leoja/airflow/airflow_venv/lib/python3.12/site-packages/airflow/example_dags/example_trigger_target_dag.py
[2025-06-05T19:17:51.186+0200] {processor.py:830} INFO - Processing file /home/leoja/airflow/airflow_venv/lib/python3.12/site-packages/airflow/example_dags/example_trigger_target_dag.py for tasks to queue
[2025-06-05T19:17:51.188+0200] {logging_mixin.py:188} INFO - [2025-06-05T19:17:51.187+0200] {dagbag.py:540} INFO - Filling up the DagBag from /home/leoja/airflow/airflow_venv/lib/python3.12/site-packages/airflow/example_dags/example_trigger_target_dag.py
[2025-06-05T19:17:51.192+0200] {processor.py:840} INFO - DAG(s) 'example_trigger_target_dag' retrieved from /home/leoja/airflow/airflow_venv/lib/python3.12/site-packages/airflow/example_dags/example_trigger_target_dag.py
[2025-06-05T19:17:51.205+0200] {logging_mixin.py:188} INFO - [2025-06-05T19:17:51.205+0200] {dag.py:3096} INFO - Sync 1 DAGs
[2025-06-05T19:17:51.214+0200] {logging_mixin.py:188} INFO - [2025-06-05T19:17:51.214+0200] {dag.py:3954} INFO - Setting next_dagrun for example_trigger_target_dag to None, run_after=None
[2025-06-05T19:17:51.233+0200] {processor.py:183} INFO - Processing /home/leoja/airflow/airflow_venv/lib/python3.12/site-packages/airflow/example_dags/example_trigger_target_dag.py took 0.055 seconds
[2025-06-05T19:18:51.707+0200] {processor.py:161} INFO - Started process (PID=547990) to work on /home/leoja/airflow/airflow_venv/lib/python3.12/site-packages/airflow/example_dags/example_trigger_target_dag.py
[2025-06-05T19:18:51.709+0200] {processor.py:830} INFO - Processing file /home/leoja/airflow/airflow_venv/lib/python3.12/site-packages/airflow/example_dags/example_trigger_target_dag.py for tasks to queue
[2025-06-05T19:18:51.710+0200] {logging_mixin.py:188} INFO - [2025-06-05T19:18:51.710+0200] {dagbag.py:540} INFO - Filling up the DagBag from /home/leoja/airflow/airflow_venv/lib/python3.12/site-packages/airflow/example_dags/example_trigger_target_dag.py
[2025-06-05T19:18:51.715+0200] {processor.py:840} INFO - DAG(s) 'example_trigger_target_dag' retrieved from /home/leoja/airflow/airflow_venv/lib/python3.12/site-packages/airflow/example_dags/example_trigger_target_dag.py
[2025-06-05T19:18:51.727+0200] {logging_mixin.py:188} INFO - [2025-06-05T19:18:51.726+0200] {dag.py:3096} INFO - Sync 1 DAGs
[2025-06-05T19:18:51.735+0200] {logging_mixin.py:188} INFO - [2025-06-05T19:18:51.735+0200] {dag.py:3954} INFO - Setting next_dagrun for example_trigger_target_dag to None, run_after=None
[2025-06-05T19:18:51.756+0200] {processor.py:183} INFO - Processing /home/leoja/airflow/airflow_venv/lib/python3.12/site-packages/airflow/example_dags/example_trigger_target_dag.py took 0.056 seconds
[2025-06-05T19:19:52.652+0200] {processor.py:161} INFO - Started process (PID=548343) to work on /home/leoja/airflow/airflow_venv/lib/python3.12/site-packages/airflow/example_dags/example_trigger_target_dag.py
[2025-06-05T19:19:52.654+0200] {processor.py:830} INFO - Processing file /home/leoja/airflow/airflow_venv/lib/python3.12/site-packages/airflow/example_dags/example_trigger_target_dag.py for tasks to queue
[2025-06-05T19:19:52.655+0200] {logging_mixin.py:188} INFO - [2025-06-05T19:19:52.655+0200] {dagbag.py:540} INFO - Filling up the DagBag from /home/leoja/airflow/airflow_venv/lib/python3.12/site-packages/airflow/example_dags/example_trigger_target_dag.py
[2025-06-05T19:19:52.661+0200] {processor.py:840} INFO - DAG(s) 'example_trigger_target_dag' retrieved from /home/leoja/airflow/airflow_venv/lib/python3.12/site-packages/airflow/example_dags/example_trigger_target_dag.py
[2025-06-05T19:19:52.674+0200] {logging_mixin.py:188} INFO - [2025-06-05T19:19:52.674+0200] {dag.py:3096} INFO - Sync 1 DAGs
[2025-06-05T19:19:52.685+0200] {logging_mixin.py:188} INFO - [2025-06-05T19:19:52.684+0200] {dag.py:3954} INFO - Setting next_dagrun for example_trigger_target_dag to None, run_after=None
[2025-06-05T19:19:52.707+0200] {processor.py:183} INFO - Processing /home/leoja/airflow/airflow_venv/lib/python3.12/site-packages/airflow/example_dags/example_trigger_target_dag.py took 0.061 seconds
[2025-06-05T19:20:56.394+0200] {processor.py:161} INFO - Started process (PID=548742) to work on /home/leoja/airflow/airflow_venv/lib/python3.12/site-packages/airflow/example_dags/example_trigger_target_dag.py
[2025-06-05T19:20:56.395+0200] {processor.py:830} INFO - Processing file /home/leoja/airflow/airflow_venv/lib/python3.12/site-packages/airflow/example_dags/example_trigger_target_dag.py for tasks to queue
[2025-06-05T19:20:56.407+0200] {logging_mixin.py:188} INFO - [2025-06-05T19:20:56.406+0200] {dagbag.py:540} INFO - Filling up the DagBag from /home/leoja/airflow/airflow_venv/lib/python3.12/site-packages/airflow/example_dags/example_trigger_target_dag.py
[2025-06-05T19:20:56.424+0200] {processor.py:840} INFO - DAG(s) 'example_trigger_target_dag' retrieved from /home/leoja/airflow/airflow_venv/lib/python3.12/site-packages/airflow/example_dags/example_trigger_target_dag.py
[2025-06-05T19:20:56.478+0200] {logging_mixin.py:188} INFO - [2025-06-05T19:20:56.477+0200] {dag.py:3096} INFO - Sync 1 DAGs
[2025-06-05T19:20:56.511+0200] {logging_mixin.py:188} INFO - [2025-06-05T19:20:56.511+0200] {dag.py:3954} INFO - Setting next_dagrun for example_trigger_target_dag to None, run_after=None
[2025-06-05T19:20:56.600+0200] {processor.py:183} INFO - Processing /home/leoja/airflow/airflow_venv/lib/python3.12/site-packages/airflow/example_dags/example_trigger_target_dag.py took 0.214 seconds
[2025-06-05T19:21:58.299+0200] {processor.py:161} INFO - Started process (PID=549136) to work on /home/leoja/airflow/airflow_venv/lib/python3.12/site-packages/airflow/example_dags/example_trigger_target_dag.py
[2025-06-05T19:21:58.301+0200] {processor.py:830} INFO - Processing file /home/leoja/airflow/airflow_venv/lib/python3.12/site-packages/airflow/example_dags/example_trigger_target_dag.py for tasks to queue
[2025-06-05T19:21:58.303+0200] {logging_mixin.py:188} INFO - [2025-06-05T19:21:58.302+0200] {dagbag.py:540} INFO - Filling up the DagBag from /home/leoja/airflow/airflow_venv/lib/python3.12/site-packages/airflow/example_dags/example_trigger_target_dag.py
[2025-06-05T19:21:58.309+0200] {processor.py:840} INFO - DAG(s) 'example_trigger_target_dag' retrieved from /home/leoja/airflow/airflow_venv/lib/python3.12/site-packages/airflow/example_dags/example_trigger_target_dag.py
[2025-06-05T19:21:58.326+0200] {logging_mixin.py:188} INFO - [2025-06-05T19:21:58.326+0200] {dag.py:3096} INFO - Sync 1 DAGs
[2025-06-05T19:21:58.338+0200] {logging_mixin.py:188} INFO - [2025-06-05T19:21:58.338+0200] {dag.py:3954} INFO - Setting next_dagrun for example_trigger_target_dag to None, run_after=None
[2025-06-05T19:21:58.360+0200] {processor.py:183} INFO - Processing /home/leoja/airflow/airflow_venv/lib/python3.12/site-packages/airflow/example_dags/example_trigger_target_dag.py took 0.068 seconds
[2025-06-05T19:23:04.169+0200] {processor.py:161} INFO - Started process (PID=549483) to work on /home/leoja/airflow/airflow_venv/lib/python3.12/site-packages/airflow/example_dags/example_trigger_target_dag.py
[2025-06-05T19:23:04.171+0200] {processor.py:830} INFO - Processing file /home/leoja/airflow/airflow_venv/lib/python3.12/site-packages/airflow/example_dags/example_trigger_target_dag.py for tasks to queue
[2025-06-05T19:23:04.173+0200] {logging_mixin.py:188} INFO - [2025-06-05T19:23:04.172+0200] {dagbag.py:540} INFO - Filling up the DagBag from /home/leoja/airflow/airflow_venv/lib/python3.12/site-packages/airflow/example_dags/example_trigger_target_dag.py
[2025-06-05T19:23:04.177+0200] {processor.py:840} INFO - DAG(s) 'example_trigger_target_dag' retrieved from /home/leoja/airflow/airflow_venv/lib/python3.12/site-packages/airflow/example_dags/example_trigger_target_dag.py
[2025-06-05T19:23:04.189+0200] {logging_mixin.py:188} INFO - [2025-06-05T19:23:04.189+0200] {dag.py:3096} INFO - Sync 1 DAGs
[2025-06-05T19:23:04.198+0200] {logging_mixin.py:188} INFO - [2025-06-05T19:23:04.198+0200] {dag.py:3954} INFO - Setting next_dagrun for example_trigger_target_dag to None, run_after=None
[2025-06-05T19:23:04.219+0200] {processor.py:183} INFO - Processing /home/leoja/airflow/airflow_venv/lib/python3.12/site-packages/airflow/example_dags/example_trigger_target_dag.py took 0.056 seconds
[2025-06-05T19:24:06.111+0200] {processor.py:161} INFO - Started process (PID=549841) to work on /home/leoja/airflow/airflow_venv/lib/python3.12/site-packages/airflow/example_dags/example_trigger_target_dag.py
[2025-06-05T19:24:06.113+0200] {processor.py:830} INFO - Processing file /home/leoja/airflow/airflow_venv/lib/python3.12/site-packages/airflow/example_dags/example_trigger_target_dag.py for tasks to queue
[2025-06-05T19:24:06.114+0200] {logging_mixin.py:188} INFO - [2025-06-05T19:24:06.114+0200] {dagbag.py:540} INFO - Filling up the DagBag from /home/leoja/airflow/airflow_venv/lib/python3.12/site-packages/airflow/example_dags/example_trigger_target_dag.py
[2025-06-05T19:24:06.118+0200] {processor.py:840} INFO - DAG(s) 'example_trigger_target_dag' retrieved from /home/leoja/airflow/airflow_venv/lib/python3.12/site-packages/airflow/example_dags/example_trigger_target_dag.py
[2025-06-05T19:24:06.130+0200] {logging_mixin.py:188} INFO - [2025-06-05T19:24:06.130+0200] {dag.py:3096} INFO - Sync 1 DAGs
[2025-06-05T19:24:06.137+0200] {logging_mixin.py:188} INFO - [2025-06-05T19:24:06.137+0200] {dag.py:3954} INFO - Setting next_dagrun for example_trigger_target_dag to None, run_after=None
[2025-06-05T19:24:06.156+0200] {processor.py:183} INFO - Processing /home/leoja/airflow/airflow_venv/lib/python3.12/site-packages/airflow/example_dags/example_trigger_target_dag.py took 0.051 seconds
[2025-06-05T19:25:09.841+0200] {processor.py:161} INFO - Started process (PID=550189) to work on /home/leoja/airflow/airflow_venv/lib/python3.12/site-packages/airflow/example_dags/example_trigger_target_dag.py
[2025-06-05T19:25:09.843+0200] {processor.py:830} INFO - Processing file /home/leoja/airflow/airflow_venv/lib/python3.12/site-packages/airflow/example_dags/example_trigger_target_dag.py for tasks to queue
[2025-06-05T19:25:09.845+0200] {logging_mixin.py:188} INFO - [2025-06-05T19:25:09.845+0200] {dagbag.py:540} INFO - Filling up the DagBag from /home/leoja/airflow/airflow_venv/lib/python3.12/site-packages/airflow/example_dags/example_trigger_target_dag.py
[2025-06-05T19:25:09.850+0200] {processor.py:840} INFO - DAG(s) 'example_trigger_target_dag' retrieved from /home/leoja/airflow/airflow_venv/lib/python3.12/site-packages/airflow/example_dags/example_trigger_target_dag.py
[2025-06-05T19:25:09.862+0200] {logging_mixin.py:188} INFO - [2025-06-05T19:25:09.861+0200] {dag.py:3096} INFO - Sync 1 DAGs
[2025-06-05T19:25:09.869+0200] {logging_mixin.py:188} INFO - [2025-06-05T19:25:09.869+0200] {dag.py:3954} INFO - Setting next_dagrun for example_trigger_target_dag to None, run_after=None
[2025-06-05T19:25:09.888+0200] {processor.py:183} INFO - Processing /home/leoja/airflow/airflow_venv/lib/python3.12/site-packages/airflow/example_dags/example_trigger_target_dag.py took 0.053 seconds
[2025-06-05T19:26:05.827+0200] {processor.py:161} INFO - Started process (PID=550614) to work on /home/leoja/airflow/airflow_venv/lib/python3.12/site-packages/airflow/example_dags/example_trigger_target_dag.py
[2025-06-05T19:26:05.829+0200] {processor.py:830} INFO - Processing file /home/leoja/airflow/airflow_venv/lib/python3.12/site-packages/airflow/example_dags/example_trigger_target_dag.py for tasks to queue
[2025-06-05T19:26:05.831+0200] {logging_mixin.py:188} INFO - [2025-06-05T19:26:05.831+0200] {dagbag.py:540} INFO - Filling up the DagBag from /home/leoja/airflow/airflow_venv/lib/python3.12/site-packages/airflow/example_dags/example_trigger_target_dag.py
[2025-06-05T19:26:05.836+0200] {processor.py:840} INFO - DAG(s) 'example_trigger_target_dag' retrieved from /home/leoja/airflow/airflow_venv/lib/python3.12/site-packages/airflow/example_dags/example_trigger_target_dag.py
[2025-06-05T19:26:05.846+0200] {logging_mixin.py:188} INFO - [2025-06-05T19:26:05.846+0200] {dag.py:3096} INFO - Sync 1 DAGs
[2025-06-05T19:26:05.853+0200] {logging_mixin.py:188} INFO - [2025-06-05T19:26:05.853+0200] {dag.py:3954} INFO - Setting next_dagrun for example_trigger_target_dag to None, run_after=None
[2025-06-05T19:26:05.875+0200] {processor.py:183} INFO - Processing /home/leoja/airflow/airflow_venv/lib/python3.12/site-packages/airflow/example_dags/example_trigger_target_dag.py took 0.053 seconds
[2025-06-05T19:27:11.215+0200] {processor.py:161} INFO - Started process (PID=551013) to work on /home/leoja/airflow/airflow_venv/lib/python3.12/site-packages/airflow/example_dags/example_trigger_target_dag.py
[2025-06-05T19:27:11.216+0200] {processor.py:830} INFO - Processing file /home/leoja/airflow/airflow_venv/lib/python3.12/site-packages/airflow/example_dags/example_trigger_target_dag.py for tasks to queue
[2025-06-05T19:27:11.218+0200] {logging_mixin.py:188} INFO - [2025-06-05T19:27:11.218+0200] {dagbag.py:540} INFO - Filling up the DagBag from /home/leoja/airflow/airflow_venv/lib/python3.12/site-packages/airflow/example_dags/example_trigger_target_dag.py
[2025-06-05T19:27:11.223+0200] {processor.py:840} INFO - DAG(s) 'example_trigger_target_dag' retrieved from /home/leoja/airflow/airflow_venv/lib/python3.12/site-packages/airflow/example_dags/example_trigger_target_dag.py
[2025-06-05T19:27:11.235+0200] {logging_mixin.py:188} INFO - [2025-06-05T19:27:11.235+0200] {dag.py:3096} INFO - Sync 1 DAGs
[2025-06-05T19:27:11.244+0200] {logging_mixin.py:188} INFO - [2025-06-05T19:27:11.244+0200] {dag.py:3954} INFO - Setting next_dagrun for example_trigger_target_dag to None, run_after=None
[2025-06-05T19:27:11.266+0200] {processor.py:183} INFO - Processing /home/leoja/airflow/airflow_venv/lib/python3.12/site-packages/airflow/example_dags/example_trigger_target_dag.py took 0.057 seconds
[2025-06-05T19:28:20.587+0200] {processor.py:161} INFO - Started process (PID=552020) to work on /home/leoja/airflow/airflow_venv/lib/python3.12/site-packages/airflow/example_dags/example_trigger_target_dag.py
[2025-06-05T19:28:20.589+0200] {processor.py:830} INFO - Processing file /home/leoja/airflow/airflow_venv/lib/python3.12/site-packages/airflow/example_dags/example_trigger_target_dag.py for tasks to queue
[2025-06-05T19:28:20.592+0200] {logging_mixin.py:188} INFO - [2025-06-05T19:28:20.591+0200] {dagbag.py:540} INFO - Filling up the DagBag from /home/leoja/airflow/airflow_venv/lib/python3.12/site-packages/airflow/example_dags/example_trigger_target_dag.py
[2025-06-05T19:28:20.601+0200] {processor.py:840} INFO - DAG(s) 'example_trigger_target_dag' retrieved from /home/leoja/airflow/airflow_venv/lib/python3.12/site-packages/airflow/example_dags/example_trigger_target_dag.py
[2025-06-05T19:28:20.629+0200] {logging_mixin.py:188} INFO - [2025-06-05T19:28:20.628+0200] {dag.py:3096} INFO - Sync 1 DAGs
[2025-06-05T19:28:20.644+0200] {logging_mixin.py:188} INFO - [2025-06-05T19:28:20.643+0200] {dag.py:3954} INFO - Setting next_dagrun for example_trigger_target_dag to None, run_after=None
[2025-06-05T19:28:20.679+0200] {processor.py:183} INFO - Processing /home/leoja/airflow/airflow_venv/lib/python3.12/site-packages/airflow/example_dags/example_trigger_target_dag.py took 0.103 seconds
[2025-06-05T19:29:08.216+0200] {processor.py:161} INFO - Started process (PID=552439) to work on /home/leoja/airflow/airflow_venv/lib/python3.12/site-packages/airflow/example_dags/example_trigger_target_dag.py
[2025-06-05T19:29:08.218+0200] {processor.py:830} INFO - Processing file /home/leoja/airflow/airflow_venv/lib/python3.12/site-packages/airflow/example_dags/example_trigger_target_dag.py for tasks to queue
[2025-06-05T19:29:08.219+0200] {logging_mixin.py:188} INFO - [2025-06-05T19:29:08.219+0200] {dagbag.py:540} INFO - Filling up the DagBag from /home/leoja/airflow/airflow_venv/lib/python3.12/site-packages/airflow/example_dags/example_trigger_target_dag.py
[2025-06-05T19:29:08.223+0200] {processor.py:840} INFO - DAG(s) 'example_trigger_target_dag' retrieved from /home/leoja/airflow/airflow_venv/lib/python3.12/site-packages/airflow/example_dags/example_trigger_target_dag.py
[2025-06-05T19:29:08.235+0200] {logging_mixin.py:188} INFO - [2025-06-05T19:29:08.235+0200] {dag.py:3096} INFO - Sync 1 DAGs
[2025-06-05T19:29:08.243+0200] {logging_mixin.py:188} INFO - [2025-06-05T19:29:08.243+0200] {dag.py:3954} INFO - Setting next_dagrun for example_trigger_target_dag to None, run_after=None
[2025-06-05T19:29:08.266+0200] {processor.py:183} INFO - Processing /home/leoja/airflow/airflow_venv/lib/python3.12/site-packages/airflow/example_dags/example_trigger_target_dag.py took 0.056 seconds
[2025-06-05T19:29:55.875+0200] {processor.py:161} INFO - Started process (PID=552720) to work on /home/leoja/airflow/airflow_venv/lib/python3.12/site-packages/airflow/example_dags/example_trigger_target_dag.py
[2025-06-05T19:29:55.876+0200] {processor.py:830} INFO - Processing file /home/leoja/airflow/airflow_venv/lib/python3.12/site-packages/airflow/example_dags/example_trigger_target_dag.py for tasks to queue
[2025-06-05T19:29:55.878+0200] {logging_mixin.py:188} INFO - [2025-06-05T19:29:55.878+0200] {dagbag.py:540} INFO - Filling up the DagBag from /home/leoja/airflow/airflow_venv/lib/python3.12/site-packages/airflow/example_dags/example_trigger_target_dag.py
[2025-06-05T19:29:55.884+0200] {processor.py:840} INFO - DAG(s) 'example_trigger_target_dag' retrieved from /home/leoja/airflow/airflow_venv/lib/python3.12/site-packages/airflow/example_dags/example_trigger_target_dag.py
[2025-06-05T19:29:55.899+0200] {logging_mixin.py:188} INFO - [2025-06-05T19:29:55.899+0200] {dag.py:3096} INFO - Sync 1 DAGs
[2025-06-05T19:29:55.910+0200] {logging_mixin.py:188} INFO - [2025-06-05T19:29:55.910+0200] {dag.py:3954} INFO - Setting next_dagrun for example_trigger_target_dag to None, run_after=None
[2025-06-05T19:29:55.937+0200] {processor.py:183} INFO - Processing /home/leoja/airflow/airflow_venv/lib/python3.12/site-packages/airflow/example_dags/example_trigger_target_dag.py took 0.069 seconds
[2025-06-05T19:31:02.711+0200] {processor.py:161} INFO - Started process (PID=553133) to work on /home/leoja/airflow/airflow_venv/lib/python3.12/site-packages/airflow/example_dags/example_trigger_target_dag.py
[2025-06-05T19:31:02.713+0200] {processor.py:830} INFO - Processing file /home/leoja/airflow/airflow_venv/lib/python3.12/site-packages/airflow/example_dags/example_trigger_target_dag.py for tasks to queue
[2025-06-05T19:31:02.716+0200] {logging_mixin.py:188} INFO - [2025-06-05T19:31:02.715+0200] {dagbag.py:540} INFO - Filling up the DagBag from /home/leoja/airflow/airflow_venv/lib/python3.12/site-packages/airflow/example_dags/example_trigger_target_dag.py
[2025-06-05T19:31:02.721+0200] {processor.py:840} INFO - DAG(s) 'example_trigger_target_dag' retrieved from /home/leoja/airflow/airflow_venv/lib/python3.12/site-packages/airflow/example_dags/example_trigger_target_dag.py
[2025-06-05T19:31:02.736+0200] {logging_mixin.py:188} INFO - [2025-06-05T19:31:02.736+0200] {dag.py:3096} INFO - Sync 1 DAGs
[2025-06-05T19:31:02.751+0200] {logging_mixin.py:188} INFO - [2025-06-05T19:31:02.750+0200] {dag.py:3954} INFO - Setting next_dagrun for example_trigger_target_dag to None, run_after=None
[2025-06-05T19:31:02.774+0200] {processor.py:183} INFO - Processing /home/leoja/airflow/airflow_venv/lib/python3.12/site-packages/airflow/example_dags/example_trigger_target_dag.py took 0.069 seconds
[2025-06-05T19:32:04.469+0200] {processor.py:161} INFO - Started process (PID=553476) to work on /home/leoja/airflow/airflow_venv/lib/python3.12/site-packages/airflow/example_dags/example_trigger_target_dag.py
[2025-06-05T19:32:04.471+0200] {processor.py:830} INFO - Processing file /home/leoja/airflow/airflow_venv/lib/python3.12/site-packages/airflow/example_dags/example_trigger_target_dag.py for tasks to queue
[2025-06-05T19:32:04.473+0200] {logging_mixin.py:188} INFO - [2025-06-05T19:32:04.472+0200] {dagbag.py:540} INFO - Filling up the DagBag from /home/leoja/airflow/airflow_venv/lib/python3.12/site-packages/airflow/example_dags/example_trigger_target_dag.py
[2025-06-05T19:32:04.478+0200] {processor.py:840} INFO - DAG(s) 'example_trigger_target_dag' retrieved from /home/leoja/airflow/airflow_venv/lib/python3.12/site-packages/airflow/example_dags/example_trigger_target_dag.py
[2025-06-05T19:32:04.492+0200] {logging_mixin.py:188} INFO - [2025-06-05T19:32:04.491+0200] {dag.py:3096} INFO - Sync 1 DAGs
[2025-06-05T19:32:04.502+0200] {logging_mixin.py:188} INFO - [2025-06-05T19:32:04.502+0200] {dag.py:3954} INFO - Setting next_dagrun for example_trigger_target_dag to None, run_after=None
[2025-06-05T19:32:04.526+0200] {processor.py:183} INFO - Processing /home/leoja/airflow/airflow_venv/lib/python3.12/site-packages/airflow/example_dags/example_trigger_target_dag.py took 0.064 seconds
[2025-06-05T19:33:11.163+0200] {processor.py:161} INFO - Started process (PID=553845) to work on /home/leoja/airflow/airflow_venv/lib/python3.12/site-packages/airflow/example_dags/example_trigger_target_dag.py
[2025-06-05T19:33:11.165+0200] {processor.py:830} INFO - Processing file /home/leoja/airflow/airflow_venv/lib/python3.12/site-packages/airflow/example_dags/example_trigger_target_dag.py for tasks to queue
[2025-06-05T19:33:11.166+0200] {logging_mixin.py:188} INFO - [2025-06-05T19:33:11.166+0200] {dagbag.py:540} INFO - Filling up the DagBag from /home/leoja/airflow/airflow_venv/lib/python3.12/site-packages/airflow/example_dags/example_trigger_target_dag.py
[2025-06-05T19:33:11.171+0200] {processor.py:840} INFO - DAG(s) 'example_trigger_target_dag' retrieved from /home/leoja/airflow/airflow_venv/lib/python3.12/site-packages/airflow/example_dags/example_trigger_target_dag.py
[2025-06-05T19:33:11.185+0200] {logging_mixin.py:188} INFO - [2025-06-05T19:33:11.185+0200] {dag.py:3096} INFO - Sync 1 DAGs
[2025-06-05T19:33:11.193+0200] {logging_mixin.py:188} INFO - [2025-06-05T19:33:11.193+0200] {dag.py:3954} INFO - Setting next_dagrun for example_trigger_target_dag to None, run_after=None
[2025-06-05T19:33:11.216+0200] {processor.py:183} INFO - Processing /home/leoja/airflow/airflow_venv/lib/python3.12/site-packages/airflow/example_dags/example_trigger_target_dag.py took 0.061 seconds
[2025-06-05T19:34:17.282+0200] {processor.py:161} INFO - Started process (PID=554245) to work on /home/leoja/airflow/airflow_venv/lib/python3.12/site-packages/airflow/example_dags/example_trigger_target_dag.py
[2025-06-05T19:34:17.283+0200] {processor.py:830} INFO - Processing file /home/leoja/airflow/airflow_venv/lib/python3.12/site-packages/airflow/example_dags/example_trigger_target_dag.py for tasks to queue
[2025-06-05T19:34:17.285+0200] {logging_mixin.py:188} INFO - [2025-06-05T19:34:17.285+0200] {dagbag.py:540} INFO - Filling up the DagBag from /home/leoja/airflow/airflow_venv/lib/python3.12/site-packages/airflow/example_dags/example_trigger_target_dag.py
[2025-06-05T19:34:17.290+0200] {processor.py:840} INFO - DAG(s) 'example_trigger_target_dag' retrieved from /home/leoja/airflow/airflow_venv/lib/python3.12/site-packages/airflow/example_dags/example_trigger_target_dag.py
[2025-06-05T19:34:17.301+0200] {logging_mixin.py:188} INFO - [2025-06-05T19:34:17.301+0200] {dag.py:3096} INFO - Sync 1 DAGs
[2025-06-05T19:34:17.310+0200] {logging_mixin.py:188} INFO - [2025-06-05T19:34:17.310+0200] {dag.py:3954} INFO - Setting next_dagrun for example_trigger_target_dag to None, run_after=None
[2025-06-05T19:34:17.333+0200] {processor.py:183} INFO - Processing /home/leoja/airflow/airflow_venv/lib/python3.12/site-packages/airflow/example_dags/example_trigger_target_dag.py took 0.057 seconds
[2025-06-05T19:35:18.731+0200] {processor.py:161} INFO - Started process (PID=554588) to work on /home/leoja/airflow/airflow_venv/lib/python3.12/site-packages/airflow/example_dags/example_trigger_target_dag.py
[2025-06-05T19:35:18.733+0200] {processor.py:830} INFO - Processing file /home/leoja/airflow/airflow_venv/lib/python3.12/site-packages/airflow/example_dags/example_trigger_target_dag.py for tasks to queue
[2025-06-05T19:35:18.734+0200] {logging_mixin.py:188} INFO - [2025-06-05T19:35:18.734+0200] {dagbag.py:540} INFO - Filling up the DagBag from /home/leoja/airflow/airflow_venv/lib/python3.12/site-packages/airflow/example_dags/example_trigger_target_dag.py
[2025-06-05T19:35:18.739+0200] {processor.py:840} INFO - DAG(s) 'example_trigger_target_dag' retrieved from /home/leoja/airflow/airflow_venv/lib/python3.12/site-packages/airflow/example_dags/example_trigger_target_dag.py
[2025-06-05T19:35:18.754+0200] {logging_mixin.py:188} INFO - [2025-06-05T19:35:18.753+0200] {dag.py:3096} INFO - Sync 1 DAGs
[2025-06-05T19:35:18.766+0200] {logging_mixin.py:188} INFO - [2025-06-05T19:35:18.765+0200] {dag.py:3954} INFO - Setting next_dagrun for example_trigger_target_dag to None, run_after=None
[2025-06-05T19:35:18.788+0200] {processor.py:183} INFO - Processing /home/leoja/airflow/airflow_venv/lib/python3.12/site-packages/airflow/example_dags/example_trigger_target_dag.py took 0.064 seconds
[2025-06-05T19:36:22.279+0200] {processor.py:161} INFO - Started process (PID=554927) to work on /home/leoja/airflow/airflow_venv/lib/python3.12/site-packages/airflow/example_dags/example_trigger_target_dag.py
[2025-06-05T19:36:22.280+0200] {processor.py:830} INFO - Processing file /home/leoja/airflow/airflow_venv/lib/python3.12/site-packages/airflow/example_dags/example_trigger_target_dag.py for tasks to queue
[2025-06-05T19:36:22.282+0200] {logging_mixin.py:188} INFO - [2025-06-05T19:36:22.281+0200] {dagbag.py:540} INFO - Filling up the DagBag from /home/leoja/airflow/airflow_venv/lib/python3.12/site-packages/airflow/example_dags/example_trigger_target_dag.py
[2025-06-05T19:36:22.288+0200] {processor.py:840} INFO - DAG(s) 'example_trigger_target_dag' retrieved from /home/leoja/airflow/airflow_venv/lib/python3.12/site-packages/airflow/example_dags/example_trigger_target_dag.py
[2025-06-05T19:36:22.303+0200] {logging_mixin.py:188} INFO - [2025-06-05T19:36:22.303+0200] {dag.py:3096} INFO - Sync 1 DAGs
[2025-06-05T19:36:22.313+0200] {logging_mixin.py:188} INFO - [2025-06-05T19:36:22.313+0200] {dag.py:3954} INFO - Setting next_dagrun for example_trigger_target_dag to None, run_after=None
[2025-06-05T19:36:22.336+0200] {processor.py:183} INFO - Processing /home/leoja/airflow/airflow_venv/lib/python3.12/site-packages/airflow/example_dags/example_trigger_target_dag.py took 0.063 seconds
[2025-06-05T19:37:30.125+0200] {processor.py:161} INFO - Started process (PID=555298) to work on /home/leoja/airflow/airflow_venv/lib/python3.12/site-packages/airflow/example_dags/example_trigger_target_dag.py
[2025-06-05T19:37:30.127+0200] {processor.py:830} INFO - Processing file /home/leoja/airflow/airflow_venv/lib/python3.12/site-packages/airflow/example_dags/example_trigger_target_dag.py for tasks to queue
[2025-06-05T19:37:30.129+0200] {logging_mixin.py:188} INFO - [2025-06-05T19:37:30.128+0200] {dagbag.py:540} INFO - Filling up the DagBag from /home/leoja/airflow/airflow_venv/lib/python3.12/site-packages/airflow/example_dags/example_trigger_target_dag.py
[2025-06-05T19:37:30.135+0200] {processor.py:840} INFO - DAG(s) 'example_trigger_target_dag' retrieved from /home/leoja/airflow/airflow_venv/lib/python3.12/site-packages/airflow/example_dags/example_trigger_target_dag.py
[2025-06-05T19:37:30.150+0200] {logging_mixin.py:188} INFO - [2025-06-05T19:37:30.150+0200] {dag.py:3096} INFO - Sync 1 DAGs
[2025-06-05T19:37:30.162+0200] {logging_mixin.py:188} INFO - [2025-06-05T19:37:30.162+0200] {dag.py:3954} INFO - Setting next_dagrun for example_trigger_target_dag to None, run_after=None
[2025-06-05T19:37:30.185+0200] {processor.py:183} INFO - Processing /home/leoja/airflow/airflow_venv/lib/python3.12/site-packages/airflow/example_dags/example_trigger_target_dag.py took 0.067 seconds
[2025-06-05T19:38:35.761+0200] {processor.py:161} INFO - Started process (PID=555696) to work on /home/leoja/airflow/airflow_venv/lib/python3.12/site-packages/airflow/example_dags/example_trigger_target_dag.py
[2025-06-05T19:38:35.763+0200] {processor.py:830} INFO - Processing file /home/leoja/airflow/airflow_venv/lib/python3.12/site-packages/airflow/example_dags/example_trigger_target_dag.py for tasks to queue
[2025-06-05T19:38:35.764+0200] {logging_mixin.py:188} INFO - [2025-06-05T19:38:35.764+0200] {dagbag.py:540} INFO - Filling up the DagBag from /home/leoja/airflow/airflow_venv/lib/python3.12/site-packages/airflow/example_dags/example_trigger_target_dag.py
[2025-06-05T19:38:35.770+0200] {processor.py:840} INFO - DAG(s) 'example_trigger_target_dag' retrieved from /home/leoja/airflow/airflow_venv/lib/python3.12/site-packages/airflow/example_dags/example_trigger_target_dag.py
[2025-06-05T19:38:35.781+0200] {logging_mixin.py:188} INFO - [2025-06-05T19:38:35.781+0200] {dag.py:3096} INFO - Sync 1 DAGs
[2025-06-05T19:38:35.790+0200] {logging_mixin.py:188} INFO - [2025-06-05T19:38:35.789+0200] {dag.py:3954} INFO - Setting next_dagrun for example_trigger_target_dag to None, run_after=None
[2025-06-05T19:38:35.811+0200] {processor.py:183} INFO - Processing /home/leoja/airflow/airflow_venv/lib/python3.12/site-packages/airflow/example_dags/example_trigger_target_dag.py took 0.057 seconds
[2025-06-05T19:39:39.628+0200] {processor.py:161} INFO - Started process (PID=556045) to work on /home/leoja/airflow/airflow_venv/lib/python3.12/site-packages/airflow/example_dags/example_trigger_target_dag.py
[2025-06-05T19:39:39.630+0200] {processor.py:830} INFO - Processing file /home/leoja/airflow/airflow_venv/lib/python3.12/site-packages/airflow/example_dags/example_trigger_target_dag.py for tasks to queue
[2025-06-05T19:39:39.631+0200] {logging_mixin.py:188} INFO - [2025-06-05T19:39:39.631+0200] {dagbag.py:540} INFO - Filling up the DagBag from /home/leoja/airflow/airflow_venv/lib/python3.12/site-packages/airflow/example_dags/example_trigger_target_dag.py
[2025-06-05T19:39:39.636+0200] {processor.py:840} INFO - DAG(s) 'example_trigger_target_dag' retrieved from /home/leoja/airflow/airflow_venv/lib/python3.12/site-packages/airflow/example_dags/example_trigger_target_dag.py
[2025-06-05T19:39:39.653+0200] {logging_mixin.py:188} INFO - [2025-06-05T19:39:39.653+0200] {dag.py:3096} INFO - Sync 1 DAGs
[2025-06-05T19:39:39.662+0200] {logging_mixin.py:188} INFO - [2025-06-05T19:39:39.662+0200] {dag.py:3954} INFO - Setting next_dagrun for example_trigger_target_dag to None, run_after=None
[2025-06-05T19:39:39.692+0200] {processor.py:183} INFO - Processing /home/leoja/airflow/airflow_venv/lib/python3.12/site-packages/airflow/example_dags/example_trigger_target_dag.py took 0.071 seconds
[2025-06-05T19:40:50.494+0200] {processor.py:161} INFO - Started process (PID=556472) to work on /home/leoja/airflow/airflow_venv/lib/python3.12/site-packages/airflow/example_dags/example_trigger_target_dag.py
[2025-06-05T19:40:50.495+0200] {processor.py:830} INFO - Processing file /home/leoja/airflow/airflow_venv/lib/python3.12/site-packages/airflow/example_dags/example_trigger_target_dag.py for tasks to queue
[2025-06-05T19:40:50.497+0200] {logging_mixin.py:188} INFO - [2025-06-05T19:40:50.497+0200] {dagbag.py:540} INFO - Filling up the DagBag from /home/leoja/airflow/airflow_venv/lib/python3.12/site-packages/airflow/example_dags/example_trigger_target_dag.py
[2025-06-05T19:40:50.501+0200] {processor.py:840} INFO - DAG(s) 'example_trigger_target_dag' retrieved from /home/leoja/airflow/airflow_venv/lib/python3.12/site-packages/airflow/example_dags/example_trigger_target_dag.py
[2025-06-05T19:40:50.513+0200] {logging_mixin.py:188} INFO - [2025-06-05T19:40:50.513+0200] {dag.py:3096} INFO - Sync 1 DAGs
[2025-06-05T19:40:50.522+0200] {logging_mixin.py:188} INFO - [2025-06-05T19:40:50.522+0200] {dag.py:3954} INFO - Setting next_dagrun for example_trigger_target_dag to None, run_after=None
[2025-06-05T19:40:50.543+0200] {processor.py:183} INFO - Processing /home/leoja/airflow/airflow_venv/lib/python3.12/site-packages/airflow/example_dags/example_trigger_target_dag.py took 0.055 seconds
[2025-06-05T19:41:58.056+0200] {processor.py:161} INFO - Started process (PID=557402) to work on /home/leoja/airflow/airflow_venv/lib/python3.12/site-packages/airflow/example_dags/example_trigger_target_dag.py
[2025-06-05T19:41:58.058+0200] {processor.py:830} INFO - Processing file /home/leoja/airflow/airflow_venv/lib/python3.12/site-packages/airflow/example_dags/example_trigger_target_dag.py for tasks to queue
[2025-06-05T19:41:58.060+0200] {logging_mixin.py:188} INFO - [2025-06-05T19:41:58.060+0200] {dagbag.py:540} INFO - Filling up the DagBag from /home/leoja/airflow/airflow_venv/lib/python3.12/site-packages/airflow/example_dags/example_trigger_target_dag.py
[2025-06-05T19:41:58.065+0200] {processor.py:840} INFO - DAG(s) 'example_trigger_target_dag' retrieved from /home/leoja/airflow/airflow_venv/lib/python3.12/site-packages/airflow/example_dags/example_trigger_target_dag.py
[2025-06-05T19:41:58.076+0200] {logging_mixin.py:188} INFO - [2025-06-05T19:41:58.076+0200] {dag.py:3096} INFO - Sync 1 DAGs
[2025-06-05T19:41:58.084+0200] {logging_mixin.py:188} INFO - [2025-06-05T19:41:58.084+0200] {dag.py:3954} INFO - Setting next_dagrun for example_trigger_target_dag to None, run_after=None
[2025-06-05T19:41:58.103+0200] {processor.py:183} INFO - Processing /home/leoja/airflow/airflow_venv/lib/python3.12/site-packages/airflow/example_dags/example_trigger_target_dag.py took 0.052 seconds
[2025-06-05T19:43:04.084+0200] {processor.py:161} INFO - Started process (PID=557691) to work on /home/leoja/airflow/airflow_venv/lib/python3.12/site-packages/airflow/example_dags/example_trigger_target_dag.py
[2025-06-05T19:43:04.086+0200] {processor.py:830} INFO - Processing file /home/leoja/airflow/airflow_venv/lib/python3.12/site-packages/airflow/example_dags/example_trigger_target_dag.py for tasks to queue
[2025-06-05T19:43:04.088+0200] {logging_mixin.py:188} INFO - [2025-06-05T19:43:04.088+0200] {dagbag.py:540} INFO - Filling up the DagBag from /home/leoja/airflow/airflow_venv/lib/python3.12/site-packages/airflow/example_dags/example_trigger_target_dag.py
[2025-06-05T19:43:04.093+0200] {processor.py:840} INFO - DAG(s) 'example_trigger_target_dag' retrieved from /home/leoja/airflow/airflow_venv/lib/python3.12/site-packages/airflow/example_dags/example_trigger_target_dag.py
[2025-06-05T19:43:04.198+0200] {logging_mixin.py:188} INFO - [2025-06-05T19:43:04.198+0200] {dag.py:3096} INFO - Sync 1 DAGs
[2025-06-05T19:43:04.206+0200] {logging_mixin.py:188} INFO - [2025-06-05T19:43:04.206+0200] {dag.py:3954} INFO - Setting next_dagrun for example_trigger_target_dag to None, run_after=None
[2025-06-05T19:43:04.225+0200] {processor.py:183} INFO - Processing /home/leoja/airflow/airflow_venv/lib/python3.12/site-packages/airflow/example_dags/example_trigger_target_dag.py took 0.147 seconds
[2025-06-05T19:44:06.618+0200] {processor.py:161} INFO - Started process (PID=557977) to work on /home/leoja/airflow/airflow_venv/lib/python3.12/site-packages/airflow/example_dags/example_trigger_target_dag.py
[2025-06-05T19:44:06.620+0200] {processor.py:830} INFO - Processing file /home/leoja/airflow/airflow_venv/lib/python3.12/site-packages/airflow/example_dags/example_trigger_target_dag.py for tasks to queue
[2025-06-05T19:44:06.622+0200] {logging_mixin.py:188} INFO - [2025-06-05T19:44:06.622+0200] {dagbag.py:540} INFO - Filling up the DagBag from /home/leoja/airflow/airflow_venv/lib/python3.12/site-packages/airflow/example_dags/example_trigger_target_dag.py
[2025-06-05T19:44:06.627+0200] {processor.py:840} INFO - DAG(s) 'example_trigger_target_dag' retrieved from /home/leoja/airflow/airflow_venv/lib/python3.12/site-packages/airflow/example_dags/example_trigger_target_dag.py
[2025-06-05T19:44:06.640+0200] {logging_mixin.py:188} INFO - [2025-06-05T19:44:06.640+0200] {dag.py:3096} INFO - Sync 1 DAGs
[2025-06-05T19:44:06.649+0200] {logging_mixin.py:188} INFO - [2025-06-05T19:44:06.649+0200] {dag.py:3954} INFO - Setting next_dagrun for example_trigger_target_dag to None, run_after=None
[2025-06-05T19:44:06.667+0200] {processor.py:183} INFO - Processing /home/leoja/airflow/airflow_venv/lib/python3.12/site-packages/airflow/example_dags/example_trigger_target_dag.py took 0.057 seconds
