[2025-06-05T07:53:55.894+0200] {processor.py:161} INFO - Started process (PID=531290) to work on /home/leoja/airflow/airflow_venv/lib/python3.12/site-packages/airflow/example_dags/example_bash_decorator.py
[2025-06-05T07:53:55.896+0200] {processor.py:830} INFO - Processing file /home/leoja/airflow/airflow_venv/lib/python3.12/site-packages/airflow/example_dags/example_bash_decorator.py for tasks to queue
[2025-06-05T07:53:55.899+0200] {logging_mixin.py:188} INFO - [2025-06-05T07:53:55.898+0200] {dagbag.py:540} INFO - Filling up the DagBag from /home/leoja/airflow/airflow_venv/lib/python3.12/site-packages/airflow/example_dags/example_bash_decorator.py
[2025-06-05T07:53:55.920+0200] {processor.py:840} INFO - DAG(s) 'example_bash_decorator' retrieved from /home/leoja/airflow/airflow_venv/lib/python3.12/site-packages/airflow/example_dags/example_bash_decorator.py
[2025-06-05T07:53:55.947+0200] {logging_mixin.py:188} INFO - [2025-06-05T07:53:55.946+0200] {dag.py:3096} INFO - Sync 1 DAGs
[2025-06-05T07:53:55.975+0200] {logging_mixin.py:188} INFO - [2025-06-05T07:53:55.975+0200] {dag.py:3954} INFO - Setting next_dagrun for example_bash_decorator to None, run_after=None
[2025-06-05T07:53:56.017+0200] {processor.py:183} INFO - Processing /home/leoja/airflow/airflow_venv/lib/python3.12/site-packages/airflow/example_dags/example_bash_decorator.py took 0.132 seconds
[2025-06-05T07:54:58.468+0200] {processor.py:161} INFO - Started process (PID=531532) to work on /home/leoja/airflow/airflow_venv/lib/python3.12/site-packages/airflow/example_dags/example_bash_decorator.py
[2025-06-05T07:54:58.470+0200] {processor.py:830} INFO - Processing file /home/leoja/airflow/airflow_venv/lib/python3.12/site-packages/airflow/example_dags/example_bash_decorator.py for tasks to queue
[2025-06-05T07:54:58.472+0200] {logging_mixin.py:188} INFO - [2025-06-05T07:54:58.471+0200] {dagbag.py:540} INFO - Filling up the DagBag from /home/leoja/airflow/airflow_venv/lib/python3.12/site-packages/airflow/example_dags/example_bash_decorator.py
[2025-06-05T07:54:58.482+0200] {processor.py:840} INFO - DAG(s) 'example_bash_decorator' retrieved from /home/leoja/airflow/airflow_venv/lib/python3.12/site-packages/airflow/example_dags/example_bash_decorator.py
[2025-06-05T07:54:58.495+0200] {logging_mixin.py:188} INFO - [2025-06-05T07:54:58.495+0200] {dag.py:3096} INFO - Sync 1 DAGs
[2025-06-05T07:54:58.503+0200] {logging_mixin.py:188} INFO - [2025-06-05T07:54:58.503+0200] {dag.py:3954} INFO - Setting next_dagrun for example_bash_decorator to None, run_after=None
[2025-06-05T07:54:58.525+0200] {processor.py:183} INFO - Processing /home/leoja/airflow/airflow_venv/lib/python3.12/site-packages/airflow/example_dags/example_bash_decorator.py took 0.062 seconds
[2025-06-05T07:56:03.347+0200] {processor.py:161} INFO - Started process (PID=531748) to work on /home/leoja/airflow/airflow_venv/lib/python3.12/site-packages/airflow/example_dags/example_bash_decorator.py
[2025-06-05T07:56:03.349+0200] {processor.py:830} INFO - Processing file /home/leoja/airflow/airflow_venv/lib/python3.12/site-packages/airflow/example_dags/example_bash_decorator.py for tasks to queue
[2025-06-05T07:56:03.350+0200] {logging_mixin.py:188} INFO - [2025-06-05T07:56:03.350+0200] {dagbag.py:540} INFO - Filling up the DagBag from /home/leoja/airflow/airflow_venv/lib/python3.12/site-packages/airflow/example_dags/example_bash_decorator.py
[2025-06-05T07:56:03.362+0200] {processor.py:840} INFO - DAG(s) 'example_bash_decorator' retrieved from /home/leoja/airflow/airflow_venv/lib/python3.12/site-packages/airflow/example_dags/example_bash_decorator.py
[2025-06-05T07:56:03.376+0200] {logging_mixin.py:188} INFO - [2025-06-05T07:56:03.376+0200] {dag.py:3096} INFO - Sync 1 DAGs
[2025-06-05T07:56:03.384+0200] {logging_mixin.py:188} INFO - [2025-06-05T07:56:03.384+0200] {dag.py:3954} INFO - Setting next_dagrun for example_bash_decorator to None, run_after=None
[2025-06-05T07:56:03.405+0200] {processor.py:183} INFO - Processing /home/leoja/airflow/airflow_venv/lib/python3.12/site-packages/airflow/example_dags/example_bash_decorator.py took 0.064 seconds
[2025-06-05T07:57:07.031+0200] {processor.py:161} INFO - Started process (PID=531970) to work on /home/leoja/airflow/airflow_venv/lib/python3.12/site-packages/airflow/example_dags/example_bash_decorator.py
[2025-06-05T07:57:07.033+0200] {processor.py:830} INFO - Processing file /home/leoja/airflow/airflow_venv/lib/python3.12/site-packages/airflow/example_dags/example_bash_decorator.py for tasks to queue
[2025-06-05T07:57:07.035+0200] {logging_mixin.py:188} INFO - [2025-06-05T07:57:07.034+0200] {dagbag.py:540} INFO - Filling up the DagBag from /home/leoja/airflow/airflow_venv/lib/python3.12/site-packages/airflow/example_dags/example_bash_decorator.py
[2025-06-05T07:57:07.044+0200] {processor.py:840} INFO - DAG(s) 'example_bash_decorator' retrieved from /home/leoja/airflow/airflow_venv/lib/python3.12/site-packages/airflow/example_dags/example_bash_decorator.py
[2025-06-05T07:57:07.057+0200] {logging_mixin.py:188} INFO - [2025-06-05T07:57:07.057+0200] {dag.py:3096} INFO - Sync 1 DAGs
[2025-06-05T07:57:07.065+0200] {logging_mixin.py:188} INFO - [2025-06-05T07:57:07.065+0200] {dag.py:3954} INFO - Setting next_dagrun for example_bash_decorator to None, run_after=None
[2025-06-05T07:57:07.089+0200] {processor.py:183} INFO - Processing /home/leoja/airflow/airflow_venv/lib/python3.12/site-packages/airflow/example_dags/example_bash_decorator.py took 0.063 seconds
[2025-06-05T07:58:09.683+0200] {processor.py:161} INFO - Started process (PID=532205) to work on /home/leoja/airflow/airflow_venv/lib/python3.12/site-packages/airflow/example_dags/example_bash_decorator.py
[2025-06-05T07:58:09.684+0200] {processor.py:830} INFO - Processing file /home/leoja/airflow/airflow_venv/lib/python3.12/site-packages/airflow/example_dags/example_bash_decorator.py for tasks to queue
[2025-06-05T07:58:09.686+0200] {logging_mixin.py:188} INFO - [2025-06-05T07:58:09.686+0200] {dagbag.py:540} INFO - Filling up the DagBag from /home/leoja/airflow/airflow_venv/lib/python3.12/site-packages/airflow/example_dags/example_bash_decorator.py
[2025-06-05T07:58:09.697+0200] {processor.py:840} INFO - DAG(s) 'example_bash_decorator' retrieved from /home/leoja/airflow/airflow_venv/lib/python3.12/site-packages/airflow/example_dags/example_bash_decorator.py
[2025-06-05T07:58:09.709+0200] {logging_mixin.py:188} INFO - [2025-06-05T07:58:09.709+0200] {dag.py:3096} INFO - Sync 1 DAGs
[2025-06-05T07:58:09.716+0200] {logging_mixin.py:188} INFO - [2025-06-05T07:58:09.716+0200] {dag.py:3954} INFO - Setting next_dagrun for example_bash_decorator to None, run_after=None
[2025-06-05T07:58:09.737+0200] {processor.py:183} INFO - Processing /home/leoja/airflow/airflow_venv/lib/python3.12/site-packages/airflow/example_dags/example_bash_decorator.py took 0.060 seconds
[2025-06-05T18:44:45.712+0200] {processor.py:161} INFO - Started process (PID=533620) to work on /home/leoja/airflow/airflow_venv/lib/python3.12/site-packages/airflow/example_dags/example_bash_decorator.py
[2025-06-05T18:44:45.714+0200] {processor.py:830} INFO - Processing file /home/leoja/airflow/airflow_venv/lib/python3.12/site-packages/airflow/example_dags/example_bash_decorator.py for tasks to queue
[2025-06-05T18:44:45.716+0200] {logging_mixin.py:188} INFO - [2025-06-05T18:44:45.716+0200] {dagbag.py:540} INFO - Filling up the DagBag from /home/leoja/airflow/airflow_venv/lib/python3.12/site-packages/airflow/example_dags/example_bash_decorator.py
[2025-06-05T18:44:45.726+0200] {processor.py:840} INFO - DAG(s) 'example_bash_decorator' retrieved from /home/leoja/airflow/airflow_venv/lib/python3.12/site-packages/airflow/example_dags/example_bash_decorator.py
[2025-06-05T18:44:45.738+0200] {logging_mixin.py:188} INFO - [2025-06-05T18:44:45.738+0200] {dag.py:3096} INFO - Sync 1 DAGs
[2025-06-05T18:44:45.747+0200] {logging_mixin.py:188} INFO - [2025-06-05T18:44:45.746+0200] {dag.py:3954} INFO - Setting next_dagrun for example_bash_decorator to None, run_after=None
[2025-06-05T18:44:45.769+0200] {processor.py:183} INFO - Processing /home/leoja/airflow/airflow_venv/lib/python3.12/site-packages/airflow/example_dags/example_bash_decorator.py took 0.063 seconds
[2025-06-05T18:45:51.545+0200] {processor.py:161} INFO - Started process (PID=534023) to work on /home/leoja/airflow/airflow_venv/lib/python3.12/site-packages/airflow/example_dags/example_bash_decorator.py
[2025-06-05T18:45:51.548+0200] {processor.py:830} INFO - Processing file /home/leoja/airflow/airflow_venv/lib/python3.12/site-packages/airflow/example_dags/example_bash_decorator.py for tasks to queue
[2025-06-05T18:45:51.549+0200] {logging_mixin.py:188} INFO - [2025-06-05T18:45:51.549+0200] {dagbag.py:540} INFO - Filling up the DagBag from /home/leoja/airflow/airflow_venv/lib/python3.12/site-packages/airflow/example_dags/example_bash_decorator.py
[2025-06-05T18:45:51.560+0200] {processor.py:840} INFO - DAG(s) 'example_bash_decorator' retrieved from /home/leoja/airflow/airflow_venv/lib/python3.12/site-packages/airflow/example_dags/example_bash_decorator.py
[2025-06-05T18:45:51.573+0200] {logging_mixin.py:188} INFO - [2025-06-05T18:45:51.573+0200] {dag.py:3096} INFO - Sync 1 DAGs
[2025-06-05T18:45:51.581+0200] {logging_mixin.py:188} INFO - [2025-06-05T18:45:51.581+0200] {dag.py:3954} INFO - Setting next_dagrun for example_bash_decorator to None, run_after=None
[2025-06-05T18:45:51.601+0200] {processor.py:183} INFO - Processing /home/leoja/airflow/airflow_venv/lib/python3.12/site-packages/airflow/example_dags/example_bash_decorator.py took 0.062 seconds
[2025-06-05T18:46:56.716+0200] {processor.py:161} INFO - Started process (PID=534416) to work on /home/leoja/airflow/airflow_venv/lib/python3.12/site-packages/airflow/example_dags/example_bash_decorator.py
[2025-06-05T18:46:56.720+0200] {processor.py:830} INFO - Processing file /home/leoja/airflow/airflow_venv/lib/python3.12/site-packages/airflow/example_dags/example_bash_decorator.py for tasks to queue
[2025-06-05T18:46:56.723+0200] {logging_mixin.py:188} INFO - [2025-06-05T18:46:56.722+0200] {dagbag.py:540} INFO - Filling up the DagBag from /home/leoja/airflow/airflow_venv/lib/python3.12/site-packages/airflow/example_dags/example_bash_decorator.py
[2025-06-05T18:46:56.759+0200] {processor.py:840} INFO - DAG(s) 'example_bash_decorator' retrieved from /home/leoja/airflow/airflow_venv/lib/python3.12/site-packages/airflow/example_dags/example_bash_decorator.py
[2025-06-05T18:46:56.837+0200] {logging_mixin.py:188} INFO - [2025-06-05T18:46:56.837+0200] {dag.py:3096} INFO - Sync 1 DAGs
[2025-06-05T18:46:56.899+0200] {logging_mixin.py:188} INFO - [2025-06-05T18:46:56.899+0200] {dag.py:3954} INFO - Setting next_dagrun for example_bash_decorator to None, run_after=None
[2025-06-05T18:46:57.037+0200] {processor.py:183} INFO - Processing /home/leoja/airflow/airflow_venv/lib/python3.12/site-packages/airflow/example_dags/example_bash_decorator.py took 0.333 seconds
[2025-06-05T18:48:06.402+0200] {processor.py:161} INFO - Started process (PID=534803) to work on /home/leoja/airflow/airflow_venv/lib/python3.12/site-packages/airflow/example_dags/example_bash_decorator.py
[2025-06-05T18:48:06.403+0200] {processor.py:830} INFO - Processing file /home/leoja/airflow/airflow_venv/lib/python3.12/site-packages/airflow/example_dags/example_bash_decorator.py for tasks to queue
[2025-06-05T18:48:06.415+0200] {logging_mixin.py:188} INFO - [2025-06-05T18:48:06.414+0200] {dagbag.py:540} INFO - Filling up the DagBag from /home/leoja/airflow/airflow_venv/lib/python3.12/site-packages/airflow/example_dags/example_bash_decorator.py
[2025-06-05T18:48:06.454+0200] {processor.py:840} INFO - DAG(s) 'example_bash_decorator' retrieved from /home/leoja/airflow/airflow_venv/lib/python3.12/site-packages/airflow/example_dags/example_bash_decorator.py
[2025-06-05T18:48:06.521+0200] {logging_mixin.py:188} INFO - [2025-06-05T18:48:06.521+0200] {dag.py:3096} INFO - Sync 1 DAGs
[2025-06-05T18:48:06.565+0200] {logging_mixin.py:188} INFO - [2025-06-05T18:48:06.561+0200] {dag.py:3954} INFO - Setting next_dagrun for example_bash_decorator to None, run_after=None
[2025-06-05T18:48:06.634+0200] {processor.py:183} INFO - Processing /home/leoja/airflow/airflow_venv/lib/python3.12/site-packages/airflow/example_dags/example_bash_decorator.py took 0.252 seconds
[2025-06-05T18:48:57.306+0200] {processor.py:161} INFO - Started process (PID=535168) to work on /home/leoja/airflow/airflow_venv/lib/python3.12/site-packages/airflow/example_dags/example_bash_decorator.py
[2025-06-05T18:48:57.308+0200] {processor.py:830} INFO - Processing file /home/leoja/airflow/airflow_venv/lib/python3.12/site-packages/airflow/example_dags/example_bash_decorator.py for tasks to queue
[2025-06-05T18:48:57.310+0200] {logging_mixin.py:188} INFO - [2025-06-05T18:48:57.309+0200] {dagbag.py:540} INFO - Filling up the DagBag from /home/leoja/airflow/airflow_venv/lib/python3.12/site-packages/airflow/example_dags/example_bash_decorator.py
[2025-06-05T18:48:57.320+0200] {processor.py:840} INFO - DAG(s) 'example_bash_decorator' retrieved from /home/leoja/airflow/airflow_venv/lib/python3.12/site-packages/airflow/example_dags/example_bash_decorator.py
[2025-06-05T18:48:57.332+0200] {logging_mixin.py:188} INFO - [2025-06-05T18:48:57.332+0200] {dag.py:3096} INFO - Sync 1 DAGs
[2025-06-05T18:48:57.341+0200] {logging_mixin.py:188} INFO - [2025-06-05T18:48:57.341+0200] {dag.py:3954} INFO - Setting next_dagrun for example_bash_decorator to None, run_after=None
[2025-06-05T18:48:57.366+0200] {processor.py:183} INFO - Processing /home/leoja/airflow/airflow_venv/lib/python3.12/site-packages/airflow/example_dags/example_bash_decorator.py took 0.065 seconds
[2025-06-05T18:50:00.674+0200] {processor.py:161} INFO - Started process (PID=535643) to work on /home/leoja/airflow/airflow_venv/lib/python3.12/site-packages/airflow/example_dags/example_bash_decorator.py
[2025-06-05T18:50:00.676+0200] {processor.py:830} INFO - Processing file /home/leoja/airflow/airflow_venv/lib/python3.12/site-packages/airflow/example_dags/example_bash_decorator.py for tasks to queue
[2025-06-05T18:50:00.677+0200] {logging_mixin.py:188} INFO - [2025-06-05T18:50:00.677+0200] {dagbag.py:540} INFO - Filling up the DagBag from /home/leoja/airflow/airflow_venv/lib/python3.12/site-packages/airflow/example_dags/example_bash_decorator.py
[2025-06-05T18:50:00.688+0200] {processor.py:840} INFO - DAG(s) 'example_bash_decorator' retrieved from /home/leoja/airflow/airflow_venv/lib/python3.12/site-packages/airflow/example_dags/example_bash_decorator.py
[2025-06-05T18:50:00.702+0200] {logging_mixin.py:188} INFO - [2025-06-05T18:50:00.702+0200] {dag.py:3096} INFO - Sync 1 DAGs
[2025-06-05T18:50:00.712+0200] {logging_mixin.py:188} INFO - [2025-06-05T18:50:00.712+0200] {dag.py:3954} INFO - Setting next_dagrun for example_bash_decorator to None, run_after=None
[2025-06-05T18:50:00.732+0200] {processor.py:183} INFO - Processing /home/leoja/airflow/airflow_venv/lib/python3.12/site-packages/airflow/example_dags/example_bash_decorator.py took 0.065 seconds
[2025-06-05T18:51:27.234+0200] {processor.py:161} INFO - Started process (PID=536505) to work on /home/leoja/airflow/airflow_venv/lib/python3.12/site-packages/airflow/example_dags/example_bash_decorator.py
[2025-06-05T18:51:27.236+0200] {processor.py:830} INFO - Processing file /home/leoja/airflow/airflow_venv/lib/python3.12/site-packages/airflow/example_dags/example_bash_decorator.py for tasks to queue
[2025-06-05T18:51:27.237+0200] {logging_mixin.py:188} INFO - [2025-06-05T18:51:27.237+0200] {dagbag.py:540} INFO - Filling up the DagBag from /home/leoja/airflow/airflow_venv/lib/python3.12/site-packages/airflow/example_dags/example_bash_decorator.py
[2025-06-05T18:51:27.248+0200] {processor.py:840} INFO - DAG(s) 'example_bash_decorator' retrieved from /home/leoja/airflow/airflow_venv/lib/python3.12/site-packages/airflow/example_dags/example_bash_decorator.py
[2025-06-05T18:51:27.261+0200] {logging_mixin.py:188} INFO - [2025-06-05T18:51:27.261+0200] {dag.py:3096} INFO - Sync 1 DAGs
[2025-06-05T18:51:27.269+0200] {logging_mixin.py:188} INFO - [2025-06-05T18:51:27.269+0200] {dag.py:3954} INFO - Setting next_dagrun for example_bash_decorator to None, run_after=None
[2025-06-05T18:51:27.291+0200] {processor.py:183} INFO - Processing /home/leoja/airflow/airflow_venv/lib/python3.12/site-packages/airflow/example_dags/example_bash_decorator.py took 0.064 seconds
[2025-06-05T18:52:26.899+0200] {processor.py:161} INFO - Started process (PID=536959) to work on /home/leoja/airflow/airflow_venv/lib/python3.12/site-packages/airflow/example_dags/example_bash_decorator.py
[2025-06-05T18:52:26.901+0200] {processor.py:830} INFO - Processing file /home/leoja/airflow/airflow_venv/lib/python3.12/site-packages/airflow/example_dags/example_bash_decorator.py for tasks to queue
[2025-06-05T18:52:26.903+0200] {logging_mixin.py:188} INFO - [2025-06-05T18:52:26.903+0200] {dagbag.py:540} INFO - Filling up the DagBag from /home/leoja/airflow/airflow_venv/lib/python3.12/site-packages/airflow/example_dags/example_bash_decorator.py
[2025-06-05T18:52:26.915+0200] {processor.py:840} INFO - DAG(s) 'example_bash_decorator' retrieved from /home/leoja/airflow/airflow_venv/lib/python3.12/site-packages/airflow/example_dags/example_bash_decorator.py
[2025-06-05T18:52:26.929+0200] {logging_mixin.py:188} INFO - [2025-06-05T18:52:26.928+0200] {dag.py:3096} INFO - Sync 1 DAGs
[2025-06-05T18:52:26.937+0200] {logging_mixin.py:188} INFO - [2025-06-05T18:52:26.937+0200] {dag.py:3954} INFO - Setting next_dagrun for example_bash_decorator to None, run_after=None
[2025-06-05T18:52:26.957+0200] {processor.py:183} INFO - Processing /home/leoja/airflow/airflow_venv/lib/python3.12/site-packages/airflow/example_dags/example_bash_decorator.py took 0.064 seconds
[2025-06-05T18:53:35.249+0200] {processor.py:161} INFO - Started process (PID=537516) to work on /home/leoja/airflow/airflow_venv/lib/python3.12/site-packages/airflow/example_dags/example_bash_decorator.py
[2025-06-05T18:53:35.251+0200] {processor.py:830} INFO - Processing file /home/leoja/airflow/airflow_venv/lib/python3.12/site-packages/airflow/example_dags/example_bash_decorator.py for tasks to queue
[2025-06-05T18:53:35.253+0200] {logging_mixin.py:188} INFO - [2025-06-05T18:53:35.253+0200] {dagbag.py:540} INFO - Filling up the DagBag from /home/leoja/airflow/airflow_venv/lib/python3.12/site-packages/airflow/example_dags/example_bash_decorator.py
[2025-06-05T18:53:35.263+0200] {processor.py:840} INFO - DAG(s) 'example_bash_decorator' retrieved from /home/leoja/airflow/airflow_venv/lib/python3.12/site-packages/airflow/example_dags/example_bash_decorator.py
[2025-06-05T18:53:35.277+0200] {logging_mixin.py:188} INFO - [2025-06-05T18:53:35.277+0200] {dag.py:3096} INFO - Sync 1 DAGs
[2025-06-05T18:53:35.285+0200] {logging_mixin.py:188} INFO - [2025-06-05T18:53:35.285+0200] {dag.py:3954} INFO - Setting next_dagrun for example_bash_decorator to None, run_after=None
[2025-06-05T18:53:35.305+0200] {processor.py:183} INFO - Processing /home/leoja/airflow/airflow_venv/lib/python3.12/site-packages/airflow/example_dags/example_bash_decorator.py took 0.061 seconds
[2025-06-05T18:54:55.332+0200] {processor.py:161} INFO - Started process (PID=538496) to work on /home/leoja/airflow/airflow_venv/lib/python3.12/site-packages/airflow/example_dags/example_bash_decorator.py
[2025-06-05T18:54:55.333+0200] {processor.py:830} INFO - Processing file /home/leoja/airflow/airflow_venv/lib/python3.12/site-packages/airflow/example_dags/example_bash_decorator.py for tasks to queue
[2025-06-05T18:54:55.335+0200] {logging_mixin.py:188} INFO - [2025-06-05T18:54:55.335+0200] {dagbag.py:540} INFO - Filling up the DagBag from /home/leoja/airflow/airflow_venv/lib/python3.12/site-packages/airflow/example_dags/example_bash_decorator.py
[2025-06-05T18:54:55.346+0200] {processor.py:840} INFO - DAG(s) 'example_bash_decorator' retrieved from /home/leoja/airflow/airflow_venv/lib/python3.12/site-packages/airflow/example_dags/example_bash_decorator.py
[2025-06-05T18:54:55.361+0200] {logging_mixin.py:188} INFO - [2025-06-05T18:54:55.360+0200] {dag.py:3096} INFO - Sync 1 DAGs
[2025-06-05T18:54:55.371+0200] {logging_mixin.py:188} INFO - [2025-06-05T18:54:55.371+0200] {dag.py:3954} INFO - Setting next_dagrun for example_bash_decorator to None, run_after=None
[2025-06-05T18:54:55.401+0200] {processor.py:183} INFO - Processing /home/leoja/airflow/airflow_venv/lib/python3.12/site-packages/airflow/example_dags/example_bash_decorator.py took 0.076 seconds
[2025-06-05T18:55:59.508+0200] {processor.py:161} INFO - Started process (PID=538911) to work on /home/leoja/airflow/airflow_venv/lib/python3.12/site-packages/airflow/example_dags/example_bash_decorator.py
[2025-06-05T18:55:59.510+0200] {processor.py:830} INFO - Processing file /home/leoja/airflow/airflow_venv/lib/python3.12/site-packages/airflow/example_dags/example_bash_decorator.py for tasks to queue
[2025-06-05T18:55:59.511+0200] {logging_mixin.py:188} INFO - [2025-06-05T18:55:59.511+0200] {dagbag.py:540} INFO - Filling up the DagBag from /home/leoja/airflow/airflow_venv/lib/python3.12/site-packages/airflow/example_dags/example_bash_decorator.py
[2025-06-05T18:55:59.522+0200] {processor.py:840} INFO - DAG(s) 'example_bash_decorator' retrieved from /home/leoja/airflow/airflow_venv/lib/python3.12/site-packages/airflow/example_dags/example_bash_decorator.py
[2025-06-05T18:55:59.536+0200] {logging_mixin.py:188} INFO - [2025-06-05T18:55:59.536+0200] {dag.py:3096} INFO - Sync 1 DAGs
[2025-06-05T18:55:59.543+0200] {logging_mixin.py:188} INFO - [2025-06-05T18:55:59.543+0200] {dag.py:3954} INFO - Setting next_dagrun for example_bash_decorator to None, run_after=None
[2025-06-05T18:55:59.563+0200] {processor.py:183} INFO - Processing /home/leoja/airflow/airflow_venv/lib/python3.12/site-packages/airflow/example_dags/example_bash_decorator.py took 0.061 seconds
[2025-06-05T18:57:04.373+0200] {processor.py:161} INFO - Started process (PID=539256) to work on /home/leoja/airflow/airflow_venv/lib/python3.12/site-packages/airflow/example_dags/example_bash_decorator.py
[2025-06-05T18:57:04.375+0200] {processor.py:830} INFO - Processing file /home/leoja/airflow/airflow_venv/lib/python3.12/site-packages/airflow/example_dags/example_bash_decorator.py for tasks to queue
[2025-06-05T18:57:04.381+0200] {logging_mixin.py:188} INFO - [2025-06-05T18:57:04.380+0200] {dagbag.py:540} INFO - Filling up the DagBag from /home/leoja/airflow/airflow_venv/lib/python3.12/site-packages/airflow/example_dags/example_bash_decorator.py
[2025-06-05T18:57:04.408+0200] {processor.py:840} INFO - DAG(s) 'example_bash_decorator' retrieved from /home/leoja/airflow/airflow_venv/lib/python3.12/site-packages/airflow/example_dags/example_bash_decorator.py
[2025-06-05T18:57:04.444+0200] {logging_mixin.py:188} INFO - [2025-06-05T18:57:04.444+0200] {dag.py:3096} INFO - Sync 1 DAGs
[2025-06-05T18:57:04.463+0200] {logging_mixin.py:188} INFO - [2025-06-05T18:57:04.463+0200] {dag.py:3954} INFO - Setting next_dagrun for example_bash_decorator to None, run_after=None
[2025-06-05T18:57:04.517+0200] {processor.py:183} INFO - Processing /home/leoja/airflow/airflow_venv/lib/python3.12/site-packages/airflow/example_dags/example_bash_decorator.py took 0.151 seconds
[2025-06-05T18:58:09.912+0200] {processor.py:161} INFO - Started process (PID=539795) to work on /home/leoja/airflow/airflow_venv/lib/python3.12/site-packages/airflow/example_dags/example_bash_decorator.py
[2025-06-05T18:58:09.913+0200] {processor.py:830} INFO - Processing file /home/leoja/airflow/airflow_venv/lib/python3.12/site-packages/airflow/example_dags/example_bash_decorator.py for tasks to queue
[2025-06-05T18:58:09.915+0200] {logging_mixin.py:188} INFO - [2025-06-05T18:58:09.915+0200] {dagbag.py:540} INFO - Filling up the DagBag from /home/leoja/airflow/airflow_venv/lib/python3.12/site-packages/airflow/example_dags/example_bash_decorator.py
[2025-06-05T18:58:09.926+0200] {processor.py:840} INFO - DAG(s) 'example_bash_decorator' retrieved from /home/leoja/airflow/airflow_venv/lib/python3.12/site-packages/airflow/example_dags/example_bash_decorator.py
[2025-06-05T18:58:09.941+0200] {logging_mixin.py:188} INFO - [2025-06-05T18:58:09.940+0200] {dag.py:3096} INFO - Sync 1 DAGs
[2025-06-05T18:58:09.951+0200] {logging_mixin.py:188} INFO - [2025-06-05T18:58:09.951+0200] {dag.py:3954} INFO - Setting next_dagrun for example_bash_decorator to None, run_after=None
[2025-06-05T18:58:09.974+0200] {processor.py:183} INFO - Processing /home/leoja/airflow/airflow_venv/lib/python3.12/site-packages/airflow/example_dags/example_bash_decorator.py took 0.069 seconds
[2025-06-05T18:59:11.581+0200] {processor.py:161} INFO - Started process (PID=540139) to work on /home/leoja/airflow/airflow_venv/lib/python3.12/site-packages/airflow/example_dags/example_bash_decorator.py
[2025-06-05T18:59:11.583+0200] {processor.py:830} INFO - Processing file /home/leoja/airflow/airflow_venv/lib/python3.12/site-packages/airflow/example_dags/example_bash_decorator.py for tasks to queue
[2025-06-05T18:59:11.585+0200] {logging_mixin.py:188} INFO - [2025-06-05T18:59:11.585+0200] {dagbag.py:540} INFO - Filling up the DagBag from /home/leoja/airflow/airflow_venv/lib/python3.12/site-packages/airflow/example_dags/example_bash_decorator.py
[2025-06-05T18:59:11.596+0200] {processor.py:840} INFO - DAG(s) 'example_bash_decorator' retrieved from /home/leoja/airflow/airflow_venv/lib/python3.12/site-packages/airflow/example_dags/example_bash_decorator.py
[2025-06-05T18:59:11.611+0200] {logging_mixin.py:188} INFO - [2025-06-05T18:59:11.611+0200] {dag.py:3096} INFO - Sync 1 DAGs
[2025-06-05T18:59:11.620+0200] {logging_mixin.py:188} INFO - [2025-06-05T18:59:11.620+0200] {dag.py:3954} INFO - Setting next_dagrun for example_bash_decorator to None, run_after=None
[2025-06-05T18:59:11.645+0200] {processor.py:183} INFO - Processing /home/leoja/airflow/airflow_venv/lib/python3.12/site-packages/airflow/example_dags/example_bash_decorator.py took 0.069 seconds
[2025-06-05T19:00:15.785+0200] {processor.py:161} INFO - Started process (PID=540545) to work on /home/leoja/airflow/airflow_venv/lib/python3.12/site-packages/airflow/example_dags/example_bash_decorator.py
[2025-06-05T19:00:15.787+0200] {processor.py:830} INFO - Processing file /home/leoja/airflow/airflow_venv/lib/python3.12/site-packages/airflow/example_dags/example_bash_decorator.py for tasks to queue
[2025-06-05T19:00:15.789+0200] {logging_mixin.py:188} INFO - [2025-06-05T19:00:15.788+0200] {dagbag.py:540} INFO - Filling up the DagBag from /home/leoja/airflow/airflow_venv/lib/python3.12/site-packages/airflow/example_dags/example_bash_decorator.py
[2025-06-05T19:00:15.799+0200] {processor.py:840} INFO - DAG(s) 'example_bash_decorator' retrieved from /home/leoja/airflow/airflow_venv/lib/python3.12/site-packages/airflow/example_dags/example_bash_decorator.py
[2025-06-05T19:00:15.812+0200] {logging_mixin.py:188} INFO - [2025-06-05T19:00:15.812+0200] {dag.py:3096} INFO - Sync 1 DAGs
[2025-06-05T19:00:15.820+0200] {logging_mixin.py:188} INFO - [2025-06-05T19:00:15.820+0200] {dag.py:3954} INFO - Setting next_dagrun for example_bash_decorator to None, run_after=None
[2025-06-05T19:00:15.842+0200] {processor.py:183} INFO - Processing /home/leoja/airflow/airflow_venv/lib/python3.12/site-packages/airflow/example_dags/example_bash_decorator.py took 0.063 seconds
[2025-06-05T19:01:17.222+0200] {processor.py:161} INFO - Started process (PID=540884) to work on /home/leoja/airflow/airflow_venv/lib/python3.12/site-packages/airflow/example_dags/example_bash_decorator.py
[2025-06-05T19:01:17.225+0200] {processor.py:830} INFO - Processing file /home/leoja/airflow/airflow_venv/lib/python3.12/site-packages/airflow/example_dags/example_bash_decorator.py for tasks to queue
[2025-06-05T19:01:17.227+0200] {logging_mixin.py:188} INFO - [2025-06-05T19:01:17.227+0200] {dagbag.py:540} INFO - Filling up the DagBag from /home/leoja/airflow/airflow_venv/lib/python3.12/site-packages/airflow/example_dags/example_bash_decorator.py
[2025-06-05T19:01:17.236+0200] {processor.py:840} INFO - DAG(s) 'example_bash_decorator' retrieved from /home/leoja/airflow/airflow_venv/lib/python3.12/site-packages/airflow/example_dags/example_bash_decorator.py
[2025-06-05T19:01:17.250+0200] {logging_mixin.py:188} INFO - [2025-06-05T19:01:17.249+0200] {dag.py:3096} INFO - Sync 1 DAGs
[2025-06-05T19:01:17.259+0200] {logging_mixin.py:188} INFO - [2025-06-05T19:01:17.258+0200] {dag.py:3954} INFO - Setting next_dagrun for example_bash_decorator to None, run_after=None
[2025-06-05T19:01:17.281+0200] {processor.py:183} INFO - Processing /home/leoja/airflow/airflow_venv/lib/python3.12/site-packages/airflow/example_dags/example_bash_decorator.py took 0.065 seconds
[2025-06-05T19:02:21.100+0200] {processor.py:161} INFO - Started process (PID=541229) to work on /home/leoja/airflow/airflow_venv/lib/python3.12/site-packages/airflow/example_dags/example_bash_decorator.py
[2025-06-05T19:02:21.102+0200] {processor.py:830} INFO - Processing file /home/leoja/airflow/airflow_venv/lib/python3.12/site-packages/airflow/example_dags/example_bash_decorator.py for tasks to queue
[2025-06-05T19:02:21.105+0200] {logging_mixin.py:188} INFO - [2025-06-05T19:02:21.104+0200] {dagbag.py:540} INFO - Filling up the DagBag from /home/leoja/airflow/airflow_venv/lib/python3.12/site-packages/airflow/example_dags/example_bash_decorator.py
[2025-06-05T19:02:21.115+0200] {processor.py:840} INFO - DAG(s) 'example_bash_decorator' retrieved from /home/leoja/airflow/airflow_venv/lib/python3.12/site-packages/airflow/example_dags/example_bash_decorator.py
[2025-06-05T19:02:21.133+0200] {logging_mixin.py:188} INFO - [2025-06-05T19:02:21.133+0200] {dag.py:3096} INFO - Sync 1 DAGs
[2025-06-05T19:02:21.142+0200] {logging_mixin.py:188} INFO - [2025-06-05T19:02:21.142+0200] {dag.py:3954} INFO - Setting next_dagrun for example_bash_decorator to None, run_after=None
[2025-06-05T19:02:21.164+0200] {processor.py:183} INFO - Processing /home/leoja/airflow/airflow_venv/lib/python3.12/site-packages/airflow/example_dags/example_bash_decorator.py took 0.070 seconds
[2025-06-05T19:03:33.215+0200] {processor.py:161} INFO - Started process (PID=541652) to work on /home/leoja/airflow/airflow_venv/lib/python3.12/site-packages/airflow/example_dags/example_bash_decorator.py
[2025-06-05T19:03:33.216+0200] {processor.py:830} INFO - Processing file /home/leoja/airflow/airflow_venv/lib/python3.12/site-packages/airflow/example_dags/example_bash_decorator.py for tasks to queue
[2025-06-05T19:03:33.218+0200] {logging_mixin.py:188} INFO - [2025-06-05T19:03:33.218+0200] {dagbag.py:540} INFO - Filling up the DagBag from /home/leoja/airflow/airflow_venv/lib/python3.12/site-packages/airflow/example_dags/example_bash_decorator.py
[2025-06-05T19:03:33.229+0200] {processor.py:840} INFO - DAG(s) 'example_bash_decorator' retrieved from /home/leoja/airflow/airflow_venv/lib/python3.12/site-packages/airflow/example_dags/example_bash_decorator.py
[2025-06-05T19:03:33.244+0200] {logging_mixin.py:188} INFO - [2025-06-05T19:03:33.244+0200] {dag.py:3096} INFO - Sync 1 DAGs
[2025-06-05T19:03:33.268+0200] {logging_mixin.py:188} INFO - [2025-06-05T19:03:33.267+0200] {dag.py:3954} INFO - Setting next_dagrun for example_bash_decorator to None, run_after=None
[2025-06-05T19:03:33.360+0200] {processor.py:183} INFO - Processing /home/leoja/airflow/airflow_venv/lib/python3.12/site-packages/airflow/example_dags/example_bash_decorator.py took 0.151 seconds
[2025-06-05T19:04:40.818+0200] {processor.py:161} INFO - Started process (PID=542000) to work on /home/leoja/airflow/airflow_venv/lib/python3.12/site-packages/airflow/example_dags/example_bash_decorator.py
[2025-06-05T19:04:40.820+0200] {processor.py:830} INFO - Processing file /home/leoja/airflow/airflow_venv/lib/python3.12/site-packages/airflow/example_dags/example_bash_decorator.py for tasks to queue
[2025-06-05T19:04:40.822+0200] {logging_mixin.py:188} INFO - [2025-06-05T19:04:40.821+0200] {dagbag.py:540} INFO - Filling up the DagBag from /home/leoja/airflow/airflow_venv/lib/python3.12/site-packages/airflow/example_dags/example_bash_decorator.py
[2025-06-05T19:04:40.832+0200] {processor.py:840} INFO - DAG(s) 'example_bash_decorator' retrieved from /home/leoja/airflow/airflow_venv/lib/python3.12/site-packages/airflow/example_dags/example_bash_decorator.py
[2025-06-05T19:04:40.845+0200] {logging_mixin.py:188} INFO - [2025-06-05T19:04:40.845+0200] {dag.py:3096} INFO - Sync 1 DAGs
[2025-06-05T19:04:40.853+0200] {logging_mixin.py:188} INFO - [2025-06-05T19:04:40.853+0200] {dag.py:3954} INFO - Setting next_dagrun for example_bash_decorator to None, run_after=None
[2025-06-05T19:04:40.874+0200] {processor.py:183} INFO - Processing /home/leoja/airflow/airflow_venv/lib/python3.12/site-packages/airflow/example_dags/example_bash_decorator.py took 0.061 seconds
[2025-06-05T19:05:54.614+0200] {processor.py:161} INFO - Started process (PID=542372) to work on /home/leoja/airflow/airflow_venv/lib/python3.12/site-packages/airflow/example_dags/example_bash_decorator.py
[2025-06-05T19:05:54.616+0200] {processor.py:830} INFO - Processing file /home/leoja/airflow/airflow_venv/lib/python3.12/site-packages/airflow/example_dags/example_bash_decorator.py for tasks to queue
[2025-06-05T19:05:54.617+0200] {logging_mixin.py:188} INFO - [2025-06-05T19:05:54.617+0200] {dagbag.py:540} INFO - Filling up the DagBag from /home/leoja/airflow/airflow_venv/lib/python3.12/site-packages/airflow/example_dags/example_bash_decorator.py
[2025-06-05T19:05:54.627+0200] {processor.py:840} INFO - DAG(s) 'example_bash_decorator' retrieved from /home/leoja/airflow/airflow_venv/lib/python3.12/site-packages/airflow/example_dags/example_bash_decorator.py
[2025-06-05T19:05:54.639+0200] {logging_mixin.py:188} INFO - [2025-06-05T19:05:54.639+0200] {dag.py:3096} INFO - Sync 1 DAGs
[2025-06-05T19:05:54.647+0200] {logging_mixin.py:188} INFO - [2025-06-05T19:05:54.647+0200] {dag.py:3954} INFO - Setting next_dagrun for example_bash_decorator to None, run_after=None
[2025-06-05T19:05:54.667+0200] {processor.py:183} INFO - Processing /home/leoja/airflow/airflow_venv/lib/python3.12/site-packages/airflow/example_dags/example_bash_decorator.py took 0.059 seconds
[2025-06-05T19:06:55.770+0200] {processor.py:161} INFO - Started process (PID=542591) to work on /home/leoja/airflow/airflow_venv/lib/python3.12/site-packages/airflow/example_dags/example_bash_decorator.py
[2025-06-05T19:06:55.772+0200] {processor.py:830} INFO - Processing file /home/leoja/airflow/airflow_venv/lib/python3.12/site-packages/airflow/example_dags/example_bash_decorator.py for tasks to queue
[2025-06-05T19:06:55.773+0200] {logging_mixin.py:188} INFO - [2025-06-05T19:06:55.773+0200] {dagbag.py:540} INFO - Filling up the DagBag from /home/leoja/airflow/airflow_venv/lib/python3.12/site-packages/airflow/example_dags/example_bash_decorator.py
[2025-06-05T19:06:55.782+0200] {processor.py:840} INFO - DAG(s) 'example_bash_decorator' retrieved from /home/leoja/airflow/airflow_venv/lib/python3.12/site-packages/airflow/example_dags/example_bash_decorator.py
[2025-06-05T19:06:55.794+0200] {logging_mixin.py:188} INFO - [2025-06-05T19:06:55.794+0200] {dag.py:3096} INFO - Sync 1 DAGs
[2025-06-05T19:06:55.802+0200] {logging_mixin.py:188} INFO - [2025-06-05T19:06:55.802+0200] {dag.py:3954} INFO - Setting next_dagrun for example_bash_decorator to None, run_after=None
[2025-06-05T19:06:55.824+0200] {processor.py:183} INFO - Processing /home/leoja/airflow/airflow_venv/lib/python3.12/site-packages/airflow/example_dags/example_bash_decorator.py took 0.061 seconds
[2025-06-05T19:07:54.947+0200] {processor.py:161} INFO - Started process (PID=543018) to work on /home/leoja/airflow/airflow_venv/lib/python3.12/site-packages/airflow/example_dags/example_bash_decorator.py
[2025-06-05T19:07:54.949+0200] {processor.py:830} INFO - Processing file /home/leoja/airflow/airflow_venv/lib/python3.12/site-packages/airflow/example_dags/example_bash_decorator.py for tasks to queue
[2025-06-05T19:07:54.950+0200] {logging_mixin.py:188} INFO - [2025-06-05T19:07:54.950+0200] {dagbag.py:540} INFO - Filling up the DagBag from /home/leoja/airflow/airflow_venv/lib/python3.12/site-packages/airflow/example_dags/example_bash_decorator.py
[2025-06-05T19:07:54.961+0200] {processor.py:840} INFO - DAG(s) 'example_bash_decorator' retrieved from /home/leoja/airflow/airflow_venv/lib/python3.12/site-packages/airflow/example_dags/example_bash_decorator.py
[2025-06-05T19:07:54.975+0200] {logging_mixin.py:188} INFO - [2025-06-05T19:07:54.975+0200] {dag.py:3096} INFO - Sync 1 DAGs
[2025-06-05T19:07:54.984+0200] {logging_mixin.py:188} INFO - [2025-06-05T19:07:54.984+0200] {dag.py:3954} INFO - Setting next_dagrun for example_bash_decorator to None, run_after=None
[2025-06-05T19:07:55.002+0200] {processor.py:183} INFO - Processing /home/leoja/airflow/airflow_venv/lib/python3.12/site-packages/airflow/example_dags/example_bash_decorator.py took 0.062 seconds
[2025-06-05T19:09:35.938+0200] {processor.py:161} INFO - Started process (PID=544030) to work on /home/leoja/airflow/airflow_venv/lib/python3.12/site-packages/airflow/example_dags/example_bash_decorator.py
[2025-06-05T19:09:35.944+0200] {processor.py:830} INFO - Processing file /home/leoja/airflow/airflow_venv/lib/python3.12/site-packages/airflow/example_dags/example_bash_decorator.py for tasks to queue
[2025-06-05T19:09:35.946+0200] {logging_mixin.py:188} INFO - [2025-06-05T19:09:35.946+0200] {dagbag.py:540} INFO - Filling up the DagBag from /home/leoja/airflow/airflow_venv/lib/python3.12/site-packages/airflow/example_dags/example_bash_decorator.py
[2025-06-05T19:09:35.958+0200] {processor.py:840} INFO - DAG(s) 'example_bash_decorator' retrieved from /home/leoja/airflow/airflow_venv/lib/python3.12/site-packages/airflow/example_dags/example_bash_decorator.py
[2025-06-05T19:09:35.979+0200] {logging_mixin.py:188} INFO - [2025-06-05T19:09:35.978+0200] {dag.py:3096} INFO - Sync 1 DAGs
[2025-06-05T19:09:35.991+0200] {logging_mixin.py:188} INFO - [2025-06-05T19:09:35.991+0200] {dag.py:3954} INFO - Setting next_dagrun for example_bash_decorator to None, run_after=None
[2025-06-05T19:09:36.024+0200] {processor.py:183} INFO - Processing /home/leoja/airflow/airflow_venv/lib/python3.12/site-packages/airflow/example_dags/example_bash_decorator.py took 0.092 seconds
[2025-06-05T19:10:39.242+0200] {processor.py:161} INFO - Started process (PID=544428) to work on /home/leoja/airflow/airflow_venv/lib/python3.12/site-packages/airflow/example_dags/example_bash_decorator.py
[2025-06-05T19:10:39.245+0200] {processor.py:830} INFO - Processing file /home/leoja/airflow/airflow_venv/lib/python3.12/site-packages/airflow/example_dags/example_bash_decorator.py for tasks to queue
[2025-06-05T19:10:39.247+0200] {logging_mixin.py:188} INFO - [2025-06-05T19:10:39.247+0200] {dagbag.py:540} INFO - Filling up the DagBag from /home/leoja/airflow/airflow_venv/lib/python3.12/site-packages/airflow/example_dags/example_bash_decorator.py
[2025-06-05T19:10:39.259+0200] {processor.py:840} INFO - DAG(s) 'example_bash_decorator' retrieved from /home/leoja/airflow/airflow_venv/lib/python3.12/site-packages/airflow/example_dags/example_bash_decorator.py
[2025-06-05T19:10:39.273+0200] {logging_mixin.py:188} INFO - [2025-06-05T19:10:39.272+0200] {dag.py:3096} INFO - Sync 1 DAGs
[2025-06-05T19:10:39.281+0200] {logging_mixin.py:188} INFO - [2025-06-05T19:10:39.281+0200] {dag.py:3954} INFO - Setting next_dagrun for example_bash_decorator to None, run_after=None
[2025-06-05T19:10:39.304+0200] {processor.py:183} INFO - Processing /home/leoja/airflow/airflow_venv/lib/python3.12/site-packages/airflow/example_dags/example_bash_decorator.py took 0.068 seconds
[2025-06-05T19:11:41.666+0200] {processor.py:161} INFO - Started process (PID=544817) to work on /home/leoja/airflow/airflow_venv/lib/python3.12/site-packages/airflow/example_dags/example_bash_decorator.py
[2025-06-05T19:11:41.672+0200] {processor.py:830} INFO - Processing file /home/leoja/airflow/airflow_venv/lib/python3.12/site-packages/airflow/example_dags/example_bash_decorator.py for tasks to queue
[2025-06-05T19:11:41.673+0200] {logging_mixin.py:188} INFO - [2025-06-05T19:11:41.673+0200] {dagbag.py:540} INFO - Filling up the DagBag from /home/leoja/airflow/airflow_venv/lib/python3.12/site-packages/airflow/example_dags/example_bash_decorator.py
[2025-06-05T19:11:41.683+0200] {processor.py:840} INFO - DAG(s) 'example_bash_decorator' retrieved from /home/leoja/airflow/airflow_venv/lib/python3.12/site-packages/airflow/example_dags/example_bash_decorator.py
[2025-06-05T19:11:41.699+0200] {logging_mixin.py:188} INFO - [2025-06-05T19:11:41.699+0200] {dag.py:3096} INFO - Sync 1 DAGs
[2025-06-05T19:11:41.708+0200] {logging_mixin.py:188} INFO - [2025-06-05T19:11:41.707+0200] {dag.py:3954} INFO - Setting next_dagrun for example_bash_decorator to None, run_after=None
[2025-06-05T19:11:41.729+0200] {processor.py:183} INFO - Processing /home/leoja/airflow/airflow_venv/lib/python3.12/site-packages/airflow/example_dags/example_bash_decorator.py took 0.068 seconds
[2025-06-05T19:12:44.511+0200] {processor.py:161} INFO - Started process (PID=545185) to work on /home/leoja/airflow/airflow_venv/lib/python3.12/site-packages/airflow/example_dags/example_bash_decorator.py
[2025-06-05T19:12:44.513+0200] {processor.py:830} INFO - Processing file /home/leoja/airflow/airflow_venv/lib/python3.12/site-packages/airflow/example_dags/example_bash_decorator.py for tasks to queue
[2025-06-05T19:12:44.514+0200] {logging_mixin.py:188} INFO - [2025-06-05T19:12:44.514+0200] {dagbag.py:540} INFO - Filling up the DagBag from /home/leoja/airflow/airflow_venv/lib/python3.12/site-packages/airflow/example_dags/example_bash_decorator.py
[2025-06-05T19:12:44.526+0200] {processor.py:840} INFO - DAG(s) 'example_bash_decorator' retrieved from /home/leoja/airflow/airflow_venv/lib/python3.12/site-packages/airflow/example_dags/example_bash_decorator.py
[2025-06-05T19:12:44.540+0200] {logging_mixin.py:188} INFO - [2025-06-05T19:12:44.540+0200] {dag.py:3096} INFO - Sync 1 DAGs
[2025-06-05T19:12:44.550+0200] {logging_mixin.py:188} INFO - [2025-06-05T19:12:44.550+0200] {dag.py:3954} INFO - Setting next_dagrun for example_bash_decorator to None, run_after=None
[2025-06-05T19:12:44.571+0200] {processor.py:183} INFO - Processing /home/leoja/airflow/airflow_venv/lib/python3.12/site-packages/airflow/example_dags/example_bash_decorator.py took 0.066 seconds
[2025-06-05T19:13:49.492+0200] {processor.py:161} INFO - Started process (PID=545576) to work on /home/leoja/airflow/airflow_venv/lib/python3.12/site-packages/airflow/example_dags/example_bash_decorator.py
[2025-06-05T19:13:49.494+0200] {processor.py:830} INFO - Processing file /home/leoja/airflow/airflow_venv/lib/python3.12/site-packages/airflow/example_dags/example_bash_decorator.py for tasks to queue
[2025-06-05T19:13:49.495+0200] {logging_mixin.py:188} INFO - [2025-06-05T19:13:49.495+0200] {dagbag.py:540} INFO - Filling up the DagBag from /home/leoja/airflow/airflow_venv/lib/python3.12/site-packages/airflow/example_dags/example_bash_decorator.py
[2025-06-05T19:13:49.505+0200] {processor.py:840} INFO - DAG(s) 'example_bash_decorator' retrieved from /home/leoja/airflow/airflow_venv/lib/python3.12/site-packages/airflow/example_dags/example_bash_decorator.py
[2025-06-05T19:13:49.520+0200] {logging_mixin.py:188} INFO - [2025-06-05T19:13:49.520+0200] {dag.py:3096} INFO - Sync 1 DAGs
[2025-06-05T19:13:49.529+0200] {logging_mixin.py:188} INFO - [2025-06-05T19:13:49.529+0200] {dag.py:3954} INFO - Setting next_dagrun for example_bash_decorator to None, run_after=None
[2025-06-05T19:13:49.550+0200] {processor.py:183} INFO - Processing /home/leoja/airflow/airflow_venv/lib/python3.12/site-packages/airflow/example_dags/example_bash_decorator.py took 0.064 seconds
[2025-06-05T19:14:51.288+0200] {processor.py:161} INFO - Started process (PID=545975) to work on /home/leoja/airflow/airflow_venv/lib/python3.12/site-packages/airflow/example_dags/example_bash_decorator.py
[2025-06-05T19:14:51.290+0200] {processor.py:830} INFO - Processing file /home/leoja/airflow/airflow_venv/lib/python3.12/site-packages/airflow/example_dags/example_bash_decorator.py for tasks to queue
[2025-06-05T19:14:51.292+0200] {logging_mixin.py:188} INFO - [2025-06-05T19:14:51.291+0200] {dagbag.py:540} INFO - Filling up the DagBag from /home/leoja/airflow/airflow_venv/lib/python3.12/site-packages/airflow/example_dags/example_bash_decorator.py
[2025-06-05T19:14:51.302+0200] {processor.py:840} INFO - DAG(s) 'example_bash_decorator' retrieved from /home/leoja/airflow/airflow_venv/lib/python3.12/site-packages/airflow/example_dags/example_bash_decorator.py
[2025-06-05T19:14:51.317+0200] {logging_mixin.py:188} INFO - [2025-06-05T19:14:51.317+0200] {dag.py:3096} INFO - Sync 1 DAGs
[2025-06-05T19:14:51.325+0200] {logging_mixin.py:188} INFO - [2025-06-05T19:14:51.325+0200] {dag.py:3954} INFO - Setting next_dagrun for example_bash_decorator to None, run_after=None
[2025-06-05T19:14:51.344+0200] {processor.py:183} INFO - Processing /home/leoja/airflow/airflow_venv/lib/python3.12/site-packages/airflow/example_dags/example_bash_decorator.py took 0.061 seconds
[2025-06-05T19:15:54.262+0200] {processor.py:161} INFO - Started process (PID=546381) to work on /home/leoja/airflow/airflow_venv/lib/python3.12/site-packages/airflow/example_dags/example_bash_decorator.py
[2025-06-05T19:15:54.263+0200] {processor.py:830} INFO - Processing file /home/leoja/airflow/airflow_venv/lib/python3.12/site-packages/airflow/example_dags/example_bash_decorator.py for tasks to queue
[2025-06-05T19:15:54.265+0200] {logging_mixin.py:188} INFO - [2025-06-05T19:15:54.265+0200] {dagbag.py:540} INFO - Filling up the DagBag from /home/leoja/airflow/airflow_venv/lib/python3.12/site-packages/airflow/example_dags/example_bash_decorator.py
[2025-06-05T19:15:54.276+0200] {processor.py:840} INFO - DAG(s) 'example_bash_decorator' retrieved from /home/leoja/airflow/airflow_venv/lib/python3.12/site-packages/airflow/example_dags/example_bash_decorator.py
[2025-06-05T19:15:54.290+0200] {logging_mixin.py:188} INFO - [2025-06-05T19:15:54.289+0200] {dag.py:3096} INFO - Sync 1 DAGs
[2025-06-05T19:15:54.298+0200] {logging_mixin.py:188} INFO - [2025-06-05T19:15:54.298+0200] {dag.py:3954} INFO - Setting next_dagrun for example_bash_decorator to None, run_after=None
[2025-06-05T19:15:54.319+0200] {processor.py:183} INFO - Processing /home/leoja/airflow/airflow_venv/lib/python3.12/site-packages/airflow/example_dags/example_bash_decorator.py took 0.064 seconds
[2025-06-05T19:16:59.642+0200] {processor.py:161} INFO - Started process (PID=547274) to work on /home/leoja/airflow/airflow_venv/lib/python3.12/site-packages/airflow/example_dags/example_bash_decorator.py
[2025-06-05T19:16:59.644+0200] {processor.py:830} INFO - Processing file /home/leoja/airflow/airflow_venv/lib/python3.12/site-packages/airflow/example_dags/example_bash_decorator.py for tasks to queue
[2025-06-05T19:16:59.645+0200] {logging_mixin.py:188} INFO - [2025-06-05T19:16:59.645+0200] {dagbag.py:540} INFO - Filling up the DagBag from /home/leoja/airflow/airflow_venv/lib/python3.12/site-packages/airflow/example_dags/example_bash_decorator.py
[2025-06-05T19:16:59.655+0200] {processor.py:840} INFO - DAG(s) 'example_bash_decorator' retrieved from /home/leoja/airflow/airflow_venv/lib/python3.12/site-packages/airflow/example_dags/example_bash_decorator.py
[2025-06-05T19:16:59.667+0200] {logging_mixin.py:188} INFO - [2025-06-05T19:16:59.667+0200] {dag.py:3096} INFO - Sync 1 DAGs
[2025-06-05T19:16:59.675+0200] {logging_mixin.py:188} INFO - [2025-06-05T19:16:59.675+0200] {dag.py:3954} INFO - Setting next_dagrun for example_bash_decorator to None, run_after=None
[2025-06-05T19:16:59.696+0200] {processor.py:183} INFO - Processing /home/leoja/airflow/airflow_venv/lib/python3.12/site-packages/airflow/example_dags/example_bash_decorator.py took 0.060 seconds
[2025-06-05T19:17:56.327+0200] {processor.py:161} INFO - Started process (PID=547656) to work on /home/leoja/airflow/airflow_venv/lib/python3.12/site-packages/airflow/example_dags/example_bash_decorator.py
[2025-06-05T19:17:56.329+0200] {processor.py:830} INFO - Processing file /home/leoja/airflow/airflow_venv/lib/python3.12/site-packages/airflow/example_dags/example_bash_decorator.py for tasks to queue
[2025-06-05T19:17:56.331+0200] {logging_mixin.py:188} INFO - [2025-06-05T19:17:56.330+0200] {dagbag.py:540} INFO - Filling up the DagBag from /home/leoja/airflow/airflow_venv/lib/python3.12/site-packages/airflow/example_dags/example_bash_decorator.py
[2025-06-05T19:17:56.340+0200] {processor.py:840} INFO - DAG(s) 'example_bash_decorator' retrieved from /home/leoja/airflow/airflow_venv/lib/python3.12/site-packages/airflow/example_dags/example_bash_decorator.py
[2025-06-05T19:17:56.354+0200] {logging_mixin.py:188} INFO - [2025-06-05T19:17:56.353+0200] {dag.py:3096} INFO - Sync 1 DAGs
[2025-06-05T19:17:56.362+0200] {logging_mixin.py:188} INFO - [2025-06-05T19:17:56.362+0200] {dag.py:3954} INFO - Setting next_dagrun for example_bash_decorator to None, run_after=None
[2025-06-05T19:17:56.383+0200] {processor.py:183} INFO - Processing /home/leoja/airflow/airflow_venv/lib/python3.12/site-packages/airflow/example_dags/example_bash_decorator.py took 0.062 seconds
[2025-06-05T19:18:56.858+0200] {processor.py:161} INFO - Started process (PID=548036) to work on /home/leoja/airflow/airflow_venv/lib/python3.12/site-packages/airflow/example_dags/example_bash_decorator.py
[2025-06-05T19:18:56.859+0200] {processor.py:830} INFO - Processing file /home/leoja/airflow/airflow_venv/lib/python3.12/site-packages/airflow/example_dags/example_bash_decorator.py for tasks to queue
[2025-06-05T19:18:56.862+0200] {logging_mixin.py:188} INFO - [2025-06-05T19:18:56.861+0200] {dagbag.py:540} INFO - Filling up the DagBag from /home/leoja/airflow/airflow_venv/lib/python3.12/site-packages/airflow/example_dags/example_bash_decorator.py
[2025-06-05T19:18:56.872+0200] {processor.py:840} INFO - DAG(s) 'example_bash_decorator' retrieved from /home/leoja/airflow/airflow_venv/lib/python3.12/site-packages/airflow/example_dags/example_bash_decorator.py
[2025-06-05T19:18:56.887+0200] {logging_mixin.py:188} INFO - [2025-06-05T19:18:56.887+0200] {dag.py:3096} INFO - Sync 1 DAGs
[2025-06-05T19:18:56.896+0200] {logging_mixin.py:188} INFO - [2025-06-05T19:18:56.896+0200] {dag.py:3954} INFO - Setting next_dagrun for example_bash_decorator to None, run_after=None
[2025-06-05T19:18:56.917+0200] {processor.py:183} INFO - Processing /home/leoja/airflow/airflow_venv/lib/python3.12/site-packages/airflow/example_dags/example_bash_decorator.py took 0.065 seconds
[2025-06-05T19:19:57.211+0200] {processor.py:161} INFO - Started process (PID=548380) to work on /home/leoja/airflow/airflow_venv/lib/python3.12/site-packages/airflow/example_dags/example_bash_decorator.py
[2025-06-05T19:19:57.213+0200] {processor.py:830} INFO - Processing file /home/leoja/airflow/airflow_venv/lib/python3.12/site-packages/airflow/example_dags/example_bash_decorator.py for tasks to queue
[2025-06-05T19:19:57.215+0200] {logging_mixin.py:188} INFO - [2025-06-05T19:19:57.215+0200] {dagbag.py:540} INFO - Filling up the DagBag from /home/leoja/airflow/airflow_venv/lib/python3.12/site-packages/airflow/example_dags/example_bash_decorator.py
[2025-06-05T19:19:57.226+0200] {processor.py:840} INFO - DAG(s) 'example_bash_decorator' retrieved from /home/leoja/airflow/airflow_venv/lib/python3.12/site-packages/airflow/example_dags/example_bash_decorator.py
[2025-06-05T19:19:57.241+0200] {logging_mixin.py:188} INFO - [2025-06-05T19:19:57.241+0200] {dag.py:3096} INFO - Sync 1 DAGs
[2025-06-05T19:19:57.253+0200] {logging_mixin.py:188} INFO - [2025-06-05T19:19:57.252+0200] {dag.py:3954} INFO - Setting next_dagrun for example_bash_decorator to None, run_after=None
[2025-06-05T19:19:57.276+0200] {processor.py:183} INFO - Processing /home/leoja/airflow/airflow_venv/lib/python3.12/site-packages/airflow/example_dags/example_bash_decorator.py took 0.072 seconds
[2025-06-05T19:21:00.614+0200] {processor.py:161} INFO - Started process (PID=548800) to work on /home/leoja/airflow/airflow_venv/lib/python3.12/site-packages/airflow/example_dags/example_bash_decorator.py
[2025-06-05T19:21:00.616+0200] {processor.py:830} INFO - Processing file /home/leoja/airflow/airflow_venv/lib/python3.12/site-packages/airflow/example_dags/example_bash_decorator.py for tasks to queue
[2025-06-05T19:21:00.618+0200] {logging_mixin.py:188} INFO - [2025-06-05T19:21:00.618+0200] {dagbag.py:540} INFO - Filling up the DagBag from /home/leoja/airflow/airflow_venv/lib/python3.12/site-packages/airflow/example_dags/example_bash_decorator.py
[2025-06-05T19:21:00.629+0200] {processor.py:840} INFO - DAG(s) 'example_bash_decorator' retrieved from /home/leoja/airflow/airflow_venv/lib/python3.12/site-packages/airflow/example_dags/example_bash_decorator.py
[2025-06-05T19:21:00.643+0200] {logging_mixin.py:188} INFO - [2025-06-05T19:21:00.643+0200] {dag.py:3096} INFO - Sync 1 DAGs
[2025-06-05T19:21:00.652+0200] {logging_mixin.py:188} INFO - [2025-06-05T19:21:00.652+0200] {dag.py:3954} INFO - Setting next_dagrun for example_bash_decorator to None, run_after=None
[2025-06-05T19:21:00.676+0200] {processor.py:183} INFO - Processing /home/leoja/airflow/airflow_venv/lib/python3.12/site-packages/airflow/example_dags/example_bash_decorator.py took 0.068 seconds
[2025-06-05T19:22:02.907+0200] {processor.py:161} INFO - Started process (PID=549141) to work on /home/leoja/airflow/airflow_venv/lib/python3.12/site-packages/airflow/example_dags/example_bash_decorator.py
[2025-06-05T19:22:02.909+0200] {processor.py:830} INFO - Processing file /home/leoja/airflow/airflow_venv/lib/python3.12/site-packages/airflow/example_dags/example_bash_decorator.py for tasks to queue
[2025-06-05T19:22:02.911+0200] {logging_mixin.py:188} INFO - [2025-06-05T19:22:02.910+0200] {dagbag.py:540} INFO - Filling up the DagBag from /home/leoja/airflow/airflow_venv/lib/python3.12/site-packages/airflow/example_dags/example_bash_decorator.py
[2025-06-05T19:22:02.922+0200] {processor.py:840} INFO - DAG(s) 'example_bash_decorator' retrieved from /home/leoja/airflow/airflow_venv/lib/python3.12/site-packages/airflow/example_dags/example_bash_decorator.py
[2025-06-05T19:22:02.936+0200] {logging_mixin.py:188} INFO - [2025-06-05T19:22:02.936+0200] {dag.py:3096} INFO - Sync 1 DAGs
[2025-06-05T19:22:02.944+0200] {logging_mixin.py:188} INFO - [2025-06-05T19:22:02.944+0200] {dag.py:3954} INFO - Setting next_dagrun for example_bash_decorator to None, run_after=None
[2025-06-05T19:22:02.978+0200] {processor.py:183} INFO - Processing /home/leoja/airflow/airflow_venv/lib/python3.12/site-packages/airflow/example_dags/example_bash_decorator.py took 0.078 seconds
[2025-06-05T19:23:08.467+0200] {processor.py:161} INFO - Started process (PID=549510) to work on /home/leoja/airflow/airflow_venv/lib/python3.12/site-packages/airflow/example_dags/example_bash_decorator.py
[2025-06-05T19:23:08.469+0200] {processor.py:830} INFO - Processing file /home/leoja/airflow/airflow_venv/lib/python3.12/site-packages/airflow/example_dags/example_bash_decorator.py for tasks to queue
[2025-06-05T19:23:08.471+0200] {logging_mixin.py:188} INFO - [2025-06-05T19:23:08.471+0200] {dagbag.py:540} INFO - Filling up the DagBag from /home/leoja/airflow/airflow_venv/lib/python3.12/site-packages/airflow/example_dags/example_bash_decorator.py
[2025-06-05T19:23:08.481+0200] {processor.py:840} INFO - DAG(s) 'example_bash_decorator' retrieved from /home/leoja/airflow/airflow_venv/lib/python3.12/site-packages/airflow/example_dags/example_bash_decorator.py
[2025-06-05T19:23:08.493+0200] {logging_mixin.py:188} INFO - [2025-06-05T19:23:08.493+0200] {dag.py:3096} INFO - Sync 1 DAGs
[2025-06-05T19:23:08.502+0200] {logging_mixin.py:188} INFO - [2025-06-05T19:23:08.502+0200] {dag.py:3954} INFO - Setting next_dagrun for example_bash_decorator to None, run_after=None
[2025-06-05T19:23:08.523+0200] {processor.py:183} INFO - Processing /home/leoja/airflow/airflow_venv/lib/python3.12/site-packages/airflow/example_dags/example_bash_decorator.py took 0.062 seconds
[2025-06-05T19:24:10.012+0200] {processor.py:161} INFO - Started process (PID=549847) to work on /home/leoja/airflow/airflow_venv/lib/python3.12/site-packages/airflow/example_dags/example_bash_decorator.py
[2025-06-05T19:24:10.014+0200] {processor.py:830} INFO - Processing file /home/leoja/airflow/airflow_venv/lib/python3.12/site-packages/airflow/example_dags/example_bash_decorator.py for tasks to queue
[2025-06-05T19:24:10.016+0200] {logging_mixin.py:188} INFO - [2025-06-05T19:24:10.015+0200] {dagbag.py:540} INFO - Filling up the DagBag from /home/leoja/airflow/airflow_venv/lib/python3.12/site-packages/airflow/example_dags/example_bash_decorator.py
[2025-06-05T19:24:10.027+0200] {processor.py:840} INFO - DAG(s) 'example_bash_decorator' retrieved from /home/leoja/airflow/airflow_venv/lib/python3.12/site-packages/airflow/example_dags/example_bash_decorator.py
[2025-06-05T19:24:10.040+0200] {logging_mixin.py:188} INFO - [2025-06-05T19:24:10.040+0200] {dag.py:3096} INFO - Sync 1 DAGs
[2025-06-05T19:24:10.049+0200] {logging_mixin.py:188} INFO - [2025-06-05T19:24:10.049+0200] {dag.py:3954} INFO - Setting next_dagrun for example_bash_decorator to None, run_after=None
[2025-06-05T19:24:10.067+0200] {processor.py:183} INFO - Processing /home/leoja/airflow/airflow_venv/lib/python3.12/site-packages/airflow/example_dags/example_bash_decorator.py took 0.062 seconds
[2025-06-05T19:25:14.069+0200] {processor.py:161} INFO - Started process (PID=550318) to work on /home/leoja/airflow/airflow_venv/lib/python3.12/site-packages/airflow/example_dags/example_bash_decorator.py
[2025-06-05T19:25:14.070+0200] {processor.py:830} INFO - Processing file /home/leoja/airflow/airflow_venv/lib/python3.12/site-packages/airflow/example_dags/example_bash_decorator.py for tasks to queue
[2025-06-05T19:25:14.072+0200] {logging_mixin.py:188} INFO - [2025-06-05T19:25:14.072+0200] {dagbag.py:540} INFO - Filling up the DagBag from /home/leoja/airflow/airflow_venv/lib/python3.12/site-packages/airflow/example_dags/example_bash_decorator.py
[2025-06-05T19:25:14.083+0200] {processor.py:840} INFO - DAG(s) 'example_bash_decorator' retrieved from /home/leoja/airflow/airflow_venv/lib/python3.12/site-packages/airflow/example_dags/example_bash_decorator.py
[2025-06-05T19:25:14.096+0200] {logging_mixin.py:188} INFO - [2025-06-05T19:25:14.096+0200] {dag.py:3096} INFO - Sync 1 DAGs
[2025-06-05T19:25:14.104+0200] {logging_mixin.py:188} INFO - [2025-06-05T19:25:14.103+0200] {dag.py:3954} INFO - Setting next_dagrun for example_bash_decorator to None, run_after=None
[2025-06-05T19:25:14.125+0200] {processor.py:183} INFO - Processing /home/leoja/airflow/airflow_venv/lib/python3.12/site-packages/airflow/example_dags/example_bash_decorator.py took 0.063 seconds
[2025-06-05T19:26:10.864+0200] {processor.py:161} INFO - Started process (PID=550619) to work on /home/leoja/airflow/airflow_venv/lib/python3.12/site-packages/airflow/example_dags/example_bash_decorator.py
[2025-06-05T19:26:10.866+0200] {processor.py:830} INFO - Processing file /home/leoja/airflow/airflow_venv/lib/python3.12/site-packages/airflow/example_dags/example_bash_decorator.py for tasks to queue
[2025-06-05T19:26:10.867+0200] {logging_mixin.py:188} INFO - [2025-06-05T19:26:10.867+0200] {dagbag.py:540} INFO - Filling up the DagBag from /home/leoja/airflow/airflow_venv/lib/python3.12/site-packages/airflow/example_dags/example_bash_decorator.py
[2025-06-05T19:26:10.877+0200] {processor.py:840} INFO - DAG(s) 'example_bash_decorator' retrieved from /home/leoja/airflow/airflow_venv/lib/python3.12/site-packages/airflow/example_dags/example_bash_decorator.py
[2025-06-05T19:26:10.888+0200] {logging_mixin.py:188} INFO - [2025-06-05T19:26:10.888+0200] {dag.py:3096} INFO - Sync 1 DAGs
[2025-06-05T19:26:10.896+0200] {logging_mixin.py:188} INFO - [2025-06-05T19:26:10.896+0200] {dag.py:3954} INFO - Setting next_dagrun for example_bash_decorator to None, run_after=None
[2025-06-05T19:26:10.914+0200] {processor.py:183} INFO - Processing /home/leoja/airflow/airflow_venv/lib/python3.12/site-packages/airflow/example_dags/example_bash_decorator.py took 0.055 seconds
[2025-06-05T19:27:16.205+0200] {processor.py:161} INFO - Started process (PID=551043) to work on /home/leoja/airflow/airflow_venv/lib/python3.12/site-packages/airflow/example_dags/example_bash_decorator.py
[2025-06-05T19:27:16.207+0200] {processor.py:830} INFO - Processing file /home/leoja/airflow/airflow_venv/lib/python3.12/site-packages/airflow/example_dags/example_bash_decorator.py for tasks to queue
[2025-06-05T19:27:16.208+0200] {logging_mixin.py:188} INFO - [2025-06-05T19:27:16.208+0200] {dagbag.py:540} INFO - Filling up the DagBag from /home/leoja/airflow/airflow_venv/lib/python3.12/site-packages/airflow/example_dags/example_bash_decorator.py
[2025-06-05T19:27:16.218+0200] {processor.py:840} INFO - DAG(s) 'example_bash_decorator' retrieved from /home/leoja/airflow/airflow_venv/lib/python3.12/site-packages/airflow/example_dags/example_bash_decorator.py
[2025-06-05T19:27:16.231+0200] {logging_mixin.py:188} INFO - [2025-06-05T19:27:16.231+0200] {dag.py:3096} INFO - Sync 1 DAGs
[2025-06-05T19:27:16.239+0200] {logging_mixin.py:188} INFO - [2025-06-05T19:27:16.238+0200] {dag.py:3954} INFO - Setting next_dagrun for example_bash_decorator to None, run_after=None
[2025-06-05T19:27:16.258+0200] {processor.py:183} INFO - Processing /home/leoja/airflow/airflow_venv/lib/python3.12/site-packages/airflow/example_dags/example_bash_decorator.py took 0.059 seconds
[2025-06-05T19:28:28.773+0200] {processor.py:161} INFO - Started process (PID=552116) to work on /home/leoja/airflow/airflow_venv/lib/python3.12/site-packages/airflow/example_dags/example_bash_decorator.py
[2025-06-05T19:28:28.775+0200] {processor.py:830} INFO - Processing file /home/leoja/airflow/airflow_venv/lib/python3.12/site-packages/airflow/example_dags/example_bash_decorator.py for tasks to queue
[2025-06-05T19:28:28.776+0200] {logging_mixin.py:188} INFO - [2025-06-05T19:28:28.776+0200] {dagbag.py:540} INFO - Filling up the DagBag from /home/leoja/airflow/airflow_venv/lib/python3.12/site-packages/airflow/example_dags/example_bash_decorator.py
[2025-06-05T19:28:28.788+0200] {processor.py:840} INFO - DAG(s) 'example_bash_decorator' retrieved from /home/leoja/airflow/airflow_venv/lib/python3.12/site-packages/airflow/example_dags/example_bash_decorator.py
[2025-06-05T19:28:28.803+0200] {logging_mixin.py:188} INFO - [2025-06-05T19:28:28.803+0200] {dag.py:3096} INFO - Sync 1 DAGs
[2025-06-05T19:28:28.818+0200] {logging_mixin.py:188} INFO - [2025-06-05T19:28:28.818+0200] {dag.py:3954} INFO - Setting next_dagrun for example_bash_decorator to None, run_after=None
[2025-06-05T19:28:28.843+0200] {processor.py:183} INFO - Processing /home/leoja/airflow/airflow_venv/lib/python3.12/site-packages/airflow/example_dags/example_bash_decorator.py took 0.077 seconds
[2025-06-05T19:29:37.442+0200] {processor.py:161} INFO - Started process (PID=552615) to work on /home/leoja/airflow/airflow_venv/lib/python3.12/site-packages/airflow/example_dags/example_bash_decorator.py
[2025-06-05T19:29:37.444+0200] {processor.py:830} INFO - Processing file /home/leoja/airflow/airflow_venv/lib/python3.12/site-packages/airflow/example_dags/example_bash_decorator.py for tasks to queue
[2025-06-05T19:29:37.446+0200] {logging_mixin.py:188} INFO - [2025-06-05T19:29:37.446+0200] {dagbag.py:540} INFO - Filling up the DagBag from /home/leoja/airflow/airflow_venv/lib/python3.12/site-packages/airflow/example_dags/example_bash_decorator.py
[2025-06-05T19:29:37.459+0200] {processor.py:840} INFO - DAG(s) 'example_bash_decorator' retrieved from /home/leoja/airflow/airflow_venv/lib/python3.12/site-packages/airflow/example_dags/example_bash_decorator.py
[2025-06-05T19:29:37.476+0200] {logging_mixin.py:188} INFO - [2025-06-05T19:29:37.476+0200] {dag.py:3096} INFO - Sync 1 DAGs
[2025-06-05T19:29:37.486+0200] {logging_mixin.py:188} INFO - [2025-06-05T19:29:37.485+0200] {dag.py:3954} INFO - Setting next_dagrun for example_bash_decorator to None, run_after=None
[2025-06-05T19:29:37.512+0200] {processor.py:183} INFO - Processing /home/leoja/airflow/airflow_venv/lib/python3.12/site-packages/airflow/example_dags/example_bash_decorator.py took 0.079 seconds
[2025-06-05T19:30:45.941+0200] {processor.py:161} INFO - Started process (PID=553032) to work on /home/leoja/airflow/airflow_venv/lib/python3.12/site-packages/airflow/example_dags/example_bash_decorator.py
[2025-06-05T19:30:45.943+0200] {processor.py:830} INFO - Processing file /home/leoja/airflow/airflow_venv/lib/python3.12/site-packages/airflow/example_dags/example_bash_decorator.py for tasks to queue
[2025-06-05T19:30:45.945+0200] {logging_mixin.py:188} INFO - [2025-06-05T19:30:45.945+0200] {dagbag.py:540} INFO - Filling up the DagBag from /home/leoja/airflow/airflow_venv/lib/python3.12/site-packages/airflow/example_dags/example_bash_decorator.py
[2025-06-05T19:30:45.955+0200] {processor.py:840} INFO - DAG(s) 'example_bash_decorator' retrieved from /home/leoja/airflow/airflow_venv/lib/python3.12/site-packages/airflow/example_dags/example_bash_decorator.py
[2025-06-05T19:30:45.968+0200] {logging_mixin.py:188} INFO - [2025-06-05T19:30:45.967+0200] {dag.py:3096} INFO - Sync 1 DAGs
[2025-06-05T19:30:45.976+0200] {logging_mixin.py:188} INFO - [2025-06-05T19:30:45.976+0200] {dag.py:3954} INFO - Setting next_dagrun for example_bash_decorator to None, run_after=None
[2025-06-05T19:30:45.998+0200] {processor.py:183} INFO - Processing /home/leoja/airflow/airflow_venv/lib/python3.12/site-packages/airflow/example_dags/example_bash_decorator.py took 0.064 seconds
[2025-06-05T19:31:50.807+0200] {processor.py:161} INFO - Started process (PID=553407) to work on /home/leoja/airflow/airflow_venv/lib/python3.12/site-packages/airflow/example_dags/example_bash_decorator.py
[2025-06-05T19:31:50.809+0200] {processor.py:830} INFO - Processing file /home/leoja/airflow/airflow_venv/lib/python3.12/site-packages/airflow/example_dags/example_bash_decorator.py for tasks to queue
[2025-06-05T19:31:50.811+0200] {logging_mixin.py:188} INFO - [2025-06-05T19:31:50.811+0200] {dagbag.py:540} INFO - Filling up the DagBag from /home/leoja/airflow/airflow_venv/lib/python3.12/site-packages/airflow/example_dags/example_bash_decorator.py
[2025-06-05T19:31:50.828+0200] {processor.py:840} INFO - DAG(s) 'example_bash_decorator' retrieved from /home/leoja/airflow/airflow_venv/lib/python3.12/site-packages/airflow/example_dags/example_bash_decorator.py
[2025-06-05T19:31:50.844+0200] {logging_mixin.py:188} INFO - [2025-06-05T19:31:50.844+0200] {dag.py:3096} INFO - Sync 1 DAGs
[2025-06-05T19:31:50.853+0200] {logging_mixin.py:188} INFO - [2025-06-05T19:31:50.853+0200] {dag.py:3954} INFO - Setting next_dagrun for example_bash_decorator to None, run_after=None
[2025-06-05T19:31:50.876+0200] {processor.py:183} INFO - Processing /home/leoja/airflow/airflow_venv/lib/python3.12/site-packages/airflow/example_dags/example_bash_decorator.py took 0.075 seconds
[2025-06-05T19:32:55.239+0200] {processor.py:161} INFO - Started process (PID=553745) to work on /home/leoja/airflow/airflow_venv/lib/python3.12/site-packages/airflow/example_dags/example_bash_decorator.py
[2025-06-05T19:32:55.241+0200] {processor.py:830} INFO - Processing file /home/leoja/airflow/airflow_venv/lib/python3.12/site-packages/airflow/example_dags/example_bash_decorator.py for tasks to queue
[2025-06-05T19:32:55.242+0200] {logging_mixin.py:188} INFO - [2025-06-05T19:32:55.242+0200] {dagbag.py:540} INFO - Filling up the DagBag from /home/leoja/airflow/airflow_venv/lib/python3.12/site-packages/airflow/example_dags/example_bash_decorator.py
[2025-06-05T19:32:55.253+0200] {processor.py:840} INFO - DAG(s) 'example_bash_decorator' retrieved from /home/leoja/airflow/airflow_venv/lib/python3.12/site-packages/airflow/example_dags/example_bash_decorator.py
[2025-06-05T19:32:55.272+0200] {logging_mixin.py:188} INFO - [2025-06-05T19:32:55.271+0200] {dag.py:3096} INFO - Sync 1 DAGs
[2025-06-05T19:32:55.281+0200] {logging_mixin.py:188} INFO - [2025-06-05T19:32:55.281+0200] {dag.py:3954} INFO - Setting next_dagrun for example_bash_decorator to None, run_after=None
[2025-06-05T19:32:55.301+0200] {processor.py:183} INFO - Processing /home/leoja/airflow/airflow_venv/lib/python3.12/site-packages/airflow/example_dags/example_bash_decorator.py took 0.069 seconds
[2025-06-05T19:34:02.496+0200] {processor.py:161} INFO - Started process (PID=554152) to work on /home/leoja/airflow/airflow_venv/lib/python3.12/site-packages/airflow/example_dags/example_bash_decorator.py
[2025-06-05T19:34:02.497+0200] {processor.py:830} INFO - Processing file /home/leoja/airflow/airflow_venv/lib/python3.12/site-packages/airflow/example_dags/example_bash_decorator.py for tasks to queue
[2025-06-05T19:34:02.500+0200] {logging_mixin.py:188} INFO - [2025-06-05T19:34:02.499+0200] {dagbag.py:540} INFO - Filling up the DagBag from /home/leoja/airflow/airflow_venv/lib/python3.12/site-packages/airflow/example_dags/example_bash_decorator.py
[2025-06-05T19:34:02.510+0200] {processor.py:840} INFO - DAG(s) 'example_bash_decorator' retrieved from /home/leoja/airflow/airflow_venv/lib/python3.12/site-packages/airflow/example_dags/example_bash_decorator.py
[2025-06-05T19:34:02.524+0200] {logging_mixin.py:188} INFO - [2025-06-05T19:34:02.524+0200] {dag.py:3096} INFO - Sync 1 DAGs
[2025-06-05T19:34:02.533+0200] {logging_mixin.py:188} INFO - [2025-06-05T19:34:02.533+0200] {dag.py:3954} INFO - Setting next_dagrun for example_bash_decorator to None, run_after=None
[2025-06-05T19:34:02.554+0200] {processor.py:183} INFO - Processing /home/leoja/airflow/airflow_venv/lib/python3.12/site-packages/airflow/example_dags/example_bash_decorator.py took 0.064 seconds
[2025-06-05T19:35:04.381+0200] {processor.py:161} INFO - Started process (PID=554512) to work on /home/leoja/airflow/airflow_venv/lib/python3.12/site-packages/airflow/example_dags/example_bash_decorator.py
[2025-06-05T19:35:04.383+0200] {processor.py:830} INFO - Processing file /home/leoja/airflow/airflow_venv/lib/python3.12/site-packages/airflow/example_dags/example_bash_decorator.py for tasks to queue
[2025-06-05T19:35:04.385+0200] {logging_mixin.py:188} INFO - [2025-06-05T19:35:04.384+0200] {dagbag.py:540} INFO - Filling up the DagBag from /home/leoja/airflow/airflow_venv/lib/python3.12/site-packages/airflow/example_dags/example_bash_decorator.py
[2025-06-05T19:35:04.396+0200] {processor.py:840} INFO - DAG(s) 'example_bash_decorator' retrieved from /home/leoja/airflow/airflow_venv/lib/python3.12/site-packages/airflow/example_dags/example_bash_decorator.py
[2025-06-05T19:35:04.411+0200] {logging_mixin.py:188} INFO - [2025-06-05T19:35:04.411+0200] {dag.py:3096} INFO - Sync 1 DAGs
[2025-06-05T19:35:04.421+0200] {logging_mixin.py:188} INFO - [2025-06-05T19:35:04.421+0200] {dag.py:3954} INFO - Setting next_dagrun for example_bash_decorator to None, run_after=None
[2025-06-05T19:35:04.445+0200] {processor.py:183} INFO - Processing /home/leoja/airflow/airflow_venv/lib/python3.12/site-packages/airflow/example_dags/example_bash_decorator.py took 0.070 seconds
[2025-06-05T19:36:06.207+0200] {processor.py:161} INFO - Started process (PID=554856) to work on /home/leoja/airflow/airflow_venv/lib/python3.12/site-packages/airflow/example_dags/example_bash_decorator.py
[2025-06-05T19:36:06.209+0200] {processor.py:830} INFO - Processing file /home/leoja/airflow/airflow_venv/lib/python3.12/site-packages/airflow/example_dags/example_bash_decorator.py for tasks to queue
[2025-06-05T19:36:06.212+0200] {logging_mixin.py:188} INFO - [2025-06-05T19:36:06.211+0200] {dagbag.py:540} INFO - Filling up the DagBag from /home/leoja/airflow/airflow_venv/lib/python3.12/site-packages/airflow/example_dags/example_bash_decorator.py
[2025-06-05T19:36:06.226+0200] {processor.py:840} INFO - DAG(s) 'example_bash_decorator' retrieved from /home/leoja/airflow/airflow_venv/lib/python3.12/site-packages/airflow/example_dags/example_bash_decorator.py
[2025-06-05T19:36:06.239+0200] {logging_mixin.py:188} INFO - [2025-06-05T19:36:06.239+0200] {dag.py:3096} INFO - Sync 1 DAGs
[2025-06-05T19:36:06.247+0200] {logging_mixin.py:188} INFO - [2025-06-05T19:36:06.247+0200] {dag.py:3954} INFO - Setting next_dagrun for example_bash_decorator to None, run_after=None
[2025-06-05T19:36:06.268+0200] {processor.py:183} INFO - Processing /home/leoja/airflow/airflow_venv/lib/python3.12/site-packages/airflow/example_dags/example_bash_decorator.py took 0.070 seconds
[2025-06-05T19:37:12.898+0200] {processor.py:161} INFO - Started process (PID=555220) to work on /home/leoja/airflow/airflow_venv/lib/python3.12/site-packages/airflow/example_dags/example_bash_decorator.py
[2025-06-05T19:37:12.899+0200] {processor.py:830} INFO - Processing file /home/leoja/airflow/airflow_venv/lib/python3.12/site-packages/airflow/example_dags/example_bash_decorator.py for tasks to queue
[2025-06-05T19:37:12.902+0200] {logging_mixin.py:188} INFO - [2025-06-05T19:37:12.901+0200] {dagbag.py:540} INFO - Filling up the DagBag from /home/leoja/airflow/airflow_venv/lib/python3.12/site-packages/airflow/example_dags/example_bash_decorator.py
[2025-06-05T19:37:12.915+0200] {processor.py:840} INFO - DAG(s) 'example_bash_decorator' retrieved from /home/leoja/airflow/airflow_venv/lib/python3.12/site-packages/airflow/example_dags/example_bash_decorator.py
[2025-06-05T19:37:12.934+0200] {logging_mixin.py:188} INFO - [2025-06-05T19:37:12.934+0200] {dag.py:3096} INFO - Sync 1 DAGs
[2025-06-05T19:37:12.943+0200] {logging_mixin.py:188} INFO - [2025-06-05T19:37:12.943+0200] {dag.py:3954} INFO - Setting next_dagrun for example_bash_decorator to None, run_after=None
[2025-06-05T19:37:13.088+0200] {processor.py:183} INFO - Processing /home/leoja/airflow/airflow_venv/lib/python3.12/site-packages/airflow/example_dags/example_bash_decorator.py took 0.196 seconds
[2025-06-05T19:38:20.396+0200] {processor.py:161} INFO - Started process (PID=555605) to work on /home/leoja/airflow/airflow_venv/lib/python3.12/site-packages/airflow/example_dags/example_bash_decorator.py
[2025-06-05T19:38:20.398+0200] {processor.py:830} INFO - Processing file /home/leoja/airflow/airflow_venv/lib/python3.12/site-packages/airflow/example_dags/example_bash_decorator.py for tasks to queue
[2025-06-05T19:38:20.399+0200] {logging_mixin.py:188} INFO - [2025-06-05T19:38:20.399+0200] {dagbag.py:540} INFO - Filling up the DagBag from /home/leoja/airflow/airflow_venv/lib/python3.12/site-packages/airflow/example_dags/example_bash_decorator.py
[2025-06-05T19:38:20.410+0200] {processor.py:840} INFO - DAG(s) 'example_bash_decorator' retrieved from /home/leoja/airflow/airflow_venv/lib/python3.12/site-packages/airflow/example_dags/example_bash_decorator.py
[2025-06-05T19:38:20.424+0200] {logging_mixin.py:188} INFO - [2025-06-05T19:38:20.424+0200] {dag.py:3096} INFO - Sync 1 DAGs
[2025-06-05T19:38:20.432+0200] {logging_mixin.py:188} INFO - [2025-06-05T19:38:20.432+0200] {dag.py:3954} INFO - Setting next_dagrun for example_bash_decorator to None, run_after=None
[2025-06-05T19:38:20.454+0200] {processor.py:183} INFO - Processing /home/leoja/airflow/airflow_venv/lib/python3.12/site-packages/airflow/example_dags/example_bash_decorator.py took 0.064 seconds
[2025-06-05T19:39:23.471+0200] {processor.py:161} INFO - Started process (PID=555969) to work on /home/leoja/airflow/airflow_venv/lib/python3.12/site-packages/airflow/example_dags/example_bash_decorator.py
[2025-06-05T19:39:23.473+0200] {processor.py:830} INFO - Processing file /home/leoja/airflow/airflow_venv/lib/python3.12/site-packages/airflow/example_dags/example_bash_decorator.py for tasks to queue
[2025-06-05T19:39:23.474+0200] {logging_mixin.py:188} INFO - [2025-06-05T19:39:23.474+0200] {dagbag.py:540} INFO - Filling up the DagBag from /home/leoja/airflow/airflow_venv/lib/python3.12/site-packages/airflow/example_dags/example_bash_decorator.py
[2025-06-05T19:39:23.484+0200] {processor.py:840} INFO - DAG(s) 'example_bash_decorator' retrieved from /home/leoja/airflow/airflow_venv/lib/python3.12/site-packages/airflow/example_dags/example_bash_decorator.py
[2025-06-05T19:39:23.496+0200] {logging_mixin.py:188} INFO - [2025-06-05T19:39:23.496+0200] {dag.py:3096} INFO - Sync 1 DAGs
[2025-06-05T19:39:23.503+0200] {logging_mixin.py:188} INFO - [2025-06-05T19:39:23.503+0200] {dag.py:3954} INFO - Setting next_dagrun for example_bash_decorator to None, run_after=None
[2025-06-05T19:39:23.603+0200] {processor.py:183} INFO - Processing /home/leoja/airflow/airflow_venv/lib/python3.12/site-packages/airflow/example_dags/example_bash_decorator.py took 0.138 seconds
[2025-06-05T19:40:30.942+0200] {processor.py:161} INFO - Started process (PID=556339) to work on /home/leoja/airflow/airflow_venv/lib/python3.12/site-packages/airflow/example_dags/example_bash_decorator.py
[2025-06-05T19:40:30.944+0200] {processor.py:830} INFO - Processing file /home/leoja/airflow/airflow_venv/lib/python3.12/site-packages/airflow/example_dags/example_bash_decorator.py for tasks to queue
[2025-06-05T19:40:30.946+0200] {logging_mixin.py:188} INFO - [2025-06-05T19:40:30.946+0200] {dagbag.py:540} INFO - Filling up the DagBag from /home/leoja/airflow/airflow_venv/lib/python3.12/site-packages/airflow/example_dags/example_bash_decorator.py
[2025-06-05T19:40:30.957+0200] {processor.py:840} INFO - DAG(s) 'example_bash_decorator' retrieved from /home/leoja/airflow/airflow_venv/lib/python3.12/site-packages/airflow/example_dags/example_bash_decorator.py
[2025-06-05T19:40:30.971+0200] {logging_mixin.py:188} INFO - [2025-06-05T19:40:30.971+0200] {dag.py:3096} INFO - Sync 1 DAGs
[2025-06-05T19:40:30.980+0200] {logging_mixin.py:188} INFO - [2025-06-05T19:40:30.979+0200] {dag.py:3954} INFO - Setting next_dagrun for example_bash_decorator to None, run_after=None
[2025-06-05T19:40:31.094+0200] {processor.py:183} INFO - Processing /home/leoja/airflow/airflow_venv/lib/python3.12/site-packages/airflow/example_dags/example_bash_decorator.py took 0.157 seconds
[2025-06-05T19:41:38.627+0200] {processor.py:161} INFO - Started process (PID=557244) to work on /home/leoja/airflow/airflow_venv/lib/python3.12/site-packages/airflow/example_dags/example_bash_decorator.py
[2025-06-05T19:41:38.631+0200] {processor.py:830} INFO - Processing file /home/leoja/airflow/airflow_venv/lib/python3.12/site-packages/airflow/example_dags/example_bash_decorator.py for tasks to queue
[2025-06-05T19:41:38.634+0200] {logging_mixin.py:188} INFO - [2025-06-05T19:41:38.634+0200] {dagbag.py:540} INFO - Filling up the DagBag from /home/leoja/airflow/airflow_venv/lib/python3.12/site-packages/airflow/example_dags/example_bash_decorator.py
[2025-06-05T19:41:38.652+0200] {processor.py:840} INFO - DAG(s) 'example_bash_decorator' retrieved from /home/leoja/airflow/airflow_venv/lib/python3.12/site-packages/airflow/example_dags/example_bash_decorator.py
[2025-06-05T19:41:38.673+0200] {logging_mixin.py:188} INFO - [2025-06-05T19:41:38.673+0200] {dag.py:3096} INFO - Sync 1 DAGs
[2025-06-05T19:41:38.854+0200] {logging_mixin.py:188} INFO - [2025-06-05T19:41:38.854+0200] {dag.py:3954} INFO - Setting next_dagrun for example_bash_decorator to None, run_after=None
[2025-06-05T19:41:38.881+0200] {processor.py:183} INFO - Processing /home/leoja/airflow/airflow_venv/lib/python3.12/site-packages/airflow/example_dags/example_bash_decorator.py took 0.264 seconds
[2025-06-05T19:42:46.015+0200] {processor.py:161} INFO - Started process (PID=557630) to work on /home/leoja/airflow/airflow_venv/lib/python3.12/site-packages/airflow/example_dags/example_bash_decorator.py
[2025-06-05T19:42:46.017+0200] {processor.py:830} INFO - Processing file /home/leoja/airflow/airflow_venv/lib/python3.12/site-packages/airflow/example_dags/example_bash_decorator.py for tasks to queue
[2025-06-05T19:42:46.019+0200] {logging_mixin.py:188} INFO - [2025-06-05T19:42:46.018+0200] {dagbag.py:540} INFO - Filling up the DagBag from /home/leoja/airflow/airflow_venv/lib/python3.12/site-packages/airflow/example_dags/example_bash_decorator.py
[2025-06-05T19:42:46.030+0200] {processor.py:840} INFO - DAG(s) 'example_bash_decorator' retrieved from /home/leoja/airflow/airflow_venv/lib/python3.12/site-packages/airflow/example_dags/example_bash_decorator.py
[2025-06-05T19:42:46.044+0200] {logging_mixin.py:188} INFO - [2025-06-05T19:42:46.044+0200] {dag.py:3096} INFO - Sync 1 DAGs
[2025-06-05T19:42:46.145+0200] {logging_mixin.py:188} INFO - [2025-06-05T19:42:46.145+0200] {dag.py:3954} INFO - Setting next_dagrun for example_bash_decorator to None, run_after=None
[2025-06-05T19:42:46.163+0200] {processor.py:183} INFO - Processing /home/leoja/airflow/airflow_venv/lib/python3.12/site-packages/airflow/example_dags/example_bash_decorator.py took 0.155 seconds
[2025-06-05T19:43:53.497+0200] {processor.py:161} INFO - Started process (PID=557908) to work on /home/leoja/airflow/airflow_venv/lib/python3.12/site-packages/airflow/example_dags/example_bash_decorator.py
[2025-06-05T19:43:53.499+0200] {processor.py:830} INFO - Processing file /home/leoja/airflow/airflow_venv/lib/python3.12/site-packages/airflow/example_dags/example_bash_decorator.py for tasks to queue
[2025-06-05T19:43:53.501+0200] {logging_mixin.py:188} INFO - [2025-06-05T19:43:53.500+0200] {dagbag.py:540} INFO - Filling up the DagBag from /home/leoja/airflow/airflow_venv/lib/python3.12/site-packages/airflow/example_dags/example_bash_decorator.py
[2025-06-05T19:43:53.514+0200] {processor.py:840} INFO - DAG(s) 'example_bash_decorator' retrieved from /home/leoja/airflow/airflow_venv/lib/python3.12/site-packages/airflow/example_dags/example_bash_decorator.py
[2025-06-05T19:43:53.530+0200] {logging_mixin.py:188} INFO - [2025-06-05T19:43:53.529+0200] {dag.py:3096} INFO - Sync 1 DAGs
[2025-06-05T19:43:53.539+0200] {logging_mixin.py:188} INFO - [2025-06-05T19:43:53.538+0200] {dag.py:3954} INFO - Setting next_dagrun for example_bash_decorator to None, run_after=None
[2025-06-05T19:43:53.561+0200] {processor.py:183} INFO - Processing /home/leoja/airflow/airflow_venv/lib/python3.12/site-packages/airflow/example_dags/example_bash_decorator.py took 0.071 seconds
