[2025-06-05T07:53:34.765+0200] {processor.py:161} INFO - Started process (PID=531112) to work on /home/leoja/airflow/airflow_venv/lib/python3.12/site-packages/airflow/example_dags/example_sensors.py
[2025-06-05T07:53:34.766+0200] {processor.py:830} INFO - Processing file /home/leoja/airflow/airflow_venv/lib/python3.12/site-packages/airflow/example_dags/example_sensors.py for tasks to queue
[2025-06-05T07:53:34.769+0200] {logging_mixin.py:188} INFO - [2025-06-05T07:53:34.768+0200] {dagbag.py:540} INFO - Filling up the DagBag from /home/leoja/airflow/airflow_venv/lib/python3.12/site-packages/airflow/example_dags/example_sensors.py
[2025-06-05T07:53:34.786+0200] {processor.py:840} INFO - DAG(s) 'example_sensors' retrieved from /home/leoja/airflow/airflow_venv/lib/python3.12/site-packages/airflow/example_dags/example_sensors.py
[2025-06-05T07:53:34.816+0200] {logging_mixin.py:188} INFO - [2025-06-05T07:53:34.816+0200] {dag.py:3096} INFO - Sync 1 DAGs
[2025-06-05T07:53:34.829+0200] {logging_mixin.py:188} INFO - [2025-06-05T07:53:34.829+0200] {dag.py:3954} INFO - Setting next_dagrun for example_sensors to None, run_after=None
[2025-06-05T07:53:34.850+0200] {processor.py:183} INFO - Processing /home/leoja/airflow/airflow_venv/lib/python3.12/site-packages/airflow/example_dags/example_sensors.py took 0.096 seconds
[2025-06-05T07:54:26.811+0200] {processor.py:161} INFO - Started process (PID=531395) to work on /home/leoja/airflow/airflow_venv/lib/python3.12/site-packages/airflow/example_dags/example_sensors.py
[2025-06-05T07:54:26.813+0200] {processor.py:830} INFO - Processing file /home/leoja/airflow/airflow_venv/lib/python3.12/site-packages/airflow/example_dags/example_sensors.py for tasks to queue
[2025-06-05T07:54:26.815+0200] {logging_mixin.py:188} INFO - [2025-06-05T07:54:26.815+0200] {dagbag.py:540} INFO - Filling up the DagBag from /home/leoja/airflow/airflow_venv/lib/python3.12/site-packages/airflow/example_dags/example_sensors.py
[2025-06-05T07:54:26.823+0200] {processor.py:840} INFO - DAG(s) 'example_sensors' retrieved from /home/leoja/airflow/airflow_venv/lib/python3.12/site-packages/airflow/example_dags/example_sensors.py
[2025-06-05T07:54:26.841+0200] {logging_mixin.py:188} INFO - [2025-06-05T07:54:26.841+0200] {dag.py:3096} INFO - Sync 1 DAGs
[2025-06-05T07:54:26.851+0200] {logging_mixin.py:188} INFO - [2025-06-05T07:54:26.851+0200] {dag.py:3954} INFO - Setting next_dagrun for example_sensors to None, run_after=None
[2025-06-05T07:54:26.877+0200] {processor.py:183} INFO - Processing /home/leoja/airflow/airflow_venv/lib/python3.12/site-packages/airflow/example_dags/example_sensors.py took 0.074 seconds
[2025-06-05T07:55:16.722+0200] {processor.py:161} INFO - Started process (PID=531574) to work on /home/leoja/airflow/airflow_venv/lib/python3.12/site-packages/airflow/example_dags/example_sensors.py
[2025-06-05T07:55:16.724+0200] {processor.py:830} INFO - Processing file /home/leoja/airflow/airflow_venv/lib/python3.12/site-packages/airflow/example_dags/example_sensors.py for tasks to queue
[2025-06-05T07:55:16.725+0200] {logging_mixin.py:188} INFO - [2025-06-05T07:55:16.725+0200] {dagbag.py:540} INFO - Filling up the DagBag from /home/leoja/airflow/airflow_venv/lib/python3.12/site-packages/airflow/example_dags/example_sensors.py
[2025-06-05T07:55:16.732+0200] {processor.py:840} INFO - DAG(s) 'example_sensors' retrieved from /home/leoja/airflow/airflow_venv/lib/python3.12/site-packages/airflow/example_dags/example_sensors.py
[2025-06-05T07:55:16.746+0200] {logging_mixin.py:188} INFO - [2025-06-05T07:55:16.746+0200] {dag.py:3096} INFO - Sync 1 DAGs
[2025-06-05T07:55:16.753+0200] {logging_mixin.py:188} INFO - [2025-06-05T07:55:16.753+0200] {dag.py:3954} INFO - Setting next_dagrun for example_sensors to None, run_after=None
[2025-06-05T07:55:16.769+0200] {processor.py:183} INFO - Processing /home/leoja/airflow/airflow_venv/lib/python3.12/site-packages/airflow/example_dags/example_sensors.py took 0.053 seconds
[2025-06-05T07:56:18.783+0200] {processor.py:161} INFO - Started process (PID=531816) to work on /home/leoja/airflow/airflow_venv/lib/python3.12/site-packages/airflow/example_dags/example_sensors.py
[2025-06-05T07:56:18.785+0200] {processor.py:830} INFO - Processing file /home/leoja/airflow/airflow_venv/lib/python3.12/site-packages/airflow/example_dags/example_sensors.py for tasks to queue
[2025-06-05T07:56:18.786+0200] {logging_mixin.py:188} INFO - [2025-06-05T07:56:18.786+0200] {dagbag.py:540} INFO - Filling up the DagBag from /home/leoja/airflow/airflow_venv/lib/python3.12/site-packages/airflow/example_dags/example_sensors.py
[2025-06-05T07:56:18.792+0200] {processor.py:840} INFO - DAG(s) 'example_sensors' retrieved from /home/leoja/airflow/airflow_venv/lib/python3.12/site-packages/airflow/example_dags/example_sensors.py
[2025-06-05T07:56:18.808+0200] {logging_mixin.py:188} INFO - [2025-06-05T07:56:18.808+0200] {dag.py:3096} INFO - Sync 1 DAGs
[2025-06-05T07:56:18.817+0200] {logging_mixin.py:188} INFO - [2025-06-05T07:56:18.817+0200] {dag.py:3954} INFO - Setting next_dagrun for example_sensors to None, run_after=None
[2025-06-05T07:56:18.838+0200] {processor.py:183} INFO - Processing /home/leoja/airflow/airflow_venv/lib/python3.12/site-packages/airflow/example_dags/example_sensors.py took 0.060 seconds
[2025-06-05T07:57:20.245+0200] {processor.py:161} INFO - Started process (PID=532029) to work on /home/leoja/airflow/airflow_venv/lib/python3.12/site-packages/airflow/example_dags/example_sensors.py
[2025-06-05T07:57:20.247+0200] {processor.py:830} INFO - Processing file /home/leoja/airflow/airflow_venv/lib/python3.12/site-packages/airflow/example_dags/example_sensors.py for tasks to queue
[2025-06-05T07:57:20.248+0200] {logging_mixin.py:188} INFO - [2025-06-05T07:57:20.248+0200] {dagbag.py:540} INFO - Filling up the DagBag from /home/leoja/airflow/airflow_venv/lib/python3.12/site-packages/airflow/example_dags/example_sensors.py
[2025-06-05T07:57:20.255+0200] {processor.py:840} INFO - DAG(s) 'example_sensors' retrieved from /home/leoja/airflow/airflow_venv/lib/python3.12/site-packages/airflow/example_dags/example_sensors.py
[2025-06-05T07:57:20.268+0200] {logging_mixin.py:188} INFO - [2025-06-05T07:57:20.268+0200] {dag.py:3096} INFO - Sync 1 DAGs
[2025-06-05T07:57:20.276+0200] {logging_mixin.py:188} INFO - [2025-06-05T07:57:20.276+0200] {dag.py:3954} INFO - Setting next_dagrun for example_sensors to None, run_after=None
[2025-06-05T07:57:20.294+0200] {processor.py:183} INFO - Processing /home/leoja/airflow/airflow_venv/lib/python3.12/site-packages/airflow/example_dags/example_sensors.py took 0.055 seconds
[2025-06-05T07:58:04.538+0200] {processor.py:161} INFO - Started process (PID=532178) to work on /home/leoja/airflow/airflow_venv/lib/python3.12/site-packages/airflow/example_dags/example_sensors.py
[2025-06-05T07:58:04.540+0200] {processor.py:830} INFO - Processing file /home/leoja/airflow/airflow_venv/lib/python3.12/site-packages/airflow/example_dags/example_sensors.py for tasks to queue
[2025-06-05T07:58:04.541+0200] {logging_mixin.py:188} INFO - [2025-06-05T07:58:04.541+0200] {dagbag.py:540} INFO - Filling up the DagBag from /home/leoja/airflow/airflow_venv/lib/python3.12/site-packages/airflow/example_dags/example_sensors.py
[2025-06-05T07:58:04.548+0200] {processor.py:840} INFO - DAG(s) 'example_sensors' retrieved from /home/leoja/airflow/airflow_venv/lib/python3.12/site-packages/airflow/example_dags/example_sensors.py
[2025-06-05T07:58:04.562+0200] {logging_mixin.py:188} INFO - [2025-06-05T07:58:04.562+0200] {dag.py:3096} INFO - Sync 1 DAGs
[2025-06-05T07:58:04.570+0200] {logging_mixin.py:188} INFO - [2025-06-05T07:58:04.570+0200] {dag.py:3954} INFO - Setting next_dagrun for example_sensors to None, run_after=None
[2025-06-05T07:58:04.592+0200] {processor.py:183} INFO - Processing /home/leoja/airflow/airflow_venv/lib/python3.12/site-packages/airflow/example_dags/example_sensors.py took 0.060 seconds
[2025-06-05T07:58:51.049+0200] {processor.py:161} INFO - Started process (PID=532354) to work on /home/leoja/airflow/airflow_venv/lib/python3.12/site-packages/airflow/example_dags/example_sensors.py
[2025-06-05T07:58:51.051+0200] {processor.py:830} INFO - Processing file /home/leoja/airflow/airflow_venv/lib/python3.12/site-packages/airflow/example_dags/example_sensors.py for tasks to queue
[2025-06-05T07:58:51.061+0200] {logging_mixin.py:188} INFO - [2025-06-05T07:58:51.052+0200] {dagbag.py:540} INFO - Filling up the DagBag from /home/leoja/airflow/airflow_venv/lib/python3.12/site-packages/airflow/example_dags/example_sensors.py
[2025-06-05T07:58:51.084+0200] {processor.py:840} INFO - DAG(s) 'example_sensors' retrieved from /home/leoja/airflow/airflow_venv/lib/python3.12/site-packages/airflow/example_dags/example_sensors.py
[2025-06-05T07:58:51.208+0200] {logging_mixin.py:188} INFO - [2025-06-05T07:58:51.208+0200] {dag.py:3096} INFO - Sync 1 DAGs
[2025-06-05T07:58:51.330+0200] {logging_mixin.py:188} INFO - [2025-06-05T07:58:51.330+0200] {dag.py:3954} INFO - Setting next_dagrun for example_sensors to None, run_after=None
[2025-06-05T07:58:51.438+0200] {processor.py:183} INFO - Processing /home/leoja/airflow/airflow_venv/lib/python3.12/site-packages/airflow/example_dags/example_sensors.py took 0.408 seconds
[2025-06-05T18:44:29.815+0200] {processor.py:161} INFO - Started process (PID=533511) to work on /home/leoja/airflow/airflow_venv/lib/python3.12/site-packages/airflow/example_dags/example_sensors.py
[2025-06-05T18:44:29.817+0200] {processor.py:830} INFO - Processing file /home/leoja/airflow/airflow_venv/lib/python3.12/site-packages/airflow/example_dags/example_sensors.py for tasks to queue
[2025-06-05T18:44:29.819+0200] {logging_mixin.py:188} INFO - [2025-06-05T18:44:29.818+0200] {dagbag.py:540} INFO - Filling up the DagBag from /home/leoja/airflow/airflow_venv/lib/python3.12/site-packages/airflow/example_dags/example_sensors.py
[2025-06-05T18:44:29.826+0200] {processor.py:840} INFO - DAG(s) 'example_sensors' retrieved from /home/leoja/airflow/airflow_venv/lib/python3.12/site-packages/airflow/example_dags/example_sensors.py
[2025-06-05T18:44:29.841+0200] {logging_mixin.py:188} INFO - [2025-06-05T18:44:29.841+0200] {dag.py:3096} INFO - Sync 1 DAGs
[2025-06-05T18:44:29.849+0200] {logging_mixin.py:188} INFO - [2025-06-05T18:44:29.849+0200] {dag.py:3954} INFO - Setting next_dagrun for example_sensors to None, run_after=None
[2025-06-05T18:44:29.866+0200] {processor.py:183} INFO - Processing /home/leoja/airflow/airflow_venv/lib/python3.12/site-packages/airflow/example_dags/example_sensors.py took 0.063 seconds
[2025-06-05T18:45:22.937+0200] {processor.py:161} INFO - Started process (PID=533869) to work on /home/leoja/airflow/airflow_venv/lib/python3.12/site-packages/airflow/example_dags/example_sensors.py
[2025-06-05T18:45:22.939+0200] {processor.py:830} INFO - Processing file /home/leoja/airflow/airflow_venv/lib/python3.12/site-packages/airflow/example_dags/example_sensors.py for tasks to queue
[2025-06-05T18:45:22.941+0200] {logging_mixin.py:188} INFO - [2025-06-05T18:45:22.940+0200] {dagbag.py:540} INFO - Filling up the DagBag from /home/leoja/airflow/airflow_venv/lib/python3.12/site-packages/airflow/example_dags/example_sensors.py
[2025-06-05T18:45:22.947+0200] {processor.py:840} INFO - DAG(s) 'example_sensors' retrieved from /home/leoja/airflow/airflow_venv/lib/python3.12/site-packages/airflow/example_dags/example_sensors.py
[2025-06-05T18:45:22.963+0200] {logging_mixin.py:188} INFO - [2025-06-05T18:45:22.963+0200] {dag.py:3096} INFO - Sync 1 DAGs
[2025-06-05T18:45:22.971+0200] {logging_mixin.py:188} INFO - [2025-06-05T18:45:22.971+0200] {dag.py:3954} INFO - Setting next_dagrun for example_sensors to None, run_after=None
[2025-06-05T18:45:22.992+0200] {processor.py:183} INFO - Processing /home/leoja/airflow/airflow_venv/lib/python3.12/site-packages/airflow/example_dags/example_sensors.py took 0.062 seconds
[2025-06-05T18:46:08.345+0200] {processor.py:161} INFO - Started process (PID=534115) to work on /home/leoja/airflow/airflow_venv/lib/python3.12/site-packages/airflow/example_dags/example_sensors.py
[2025-06-05T18:46:08.347+0200] {processor.py:830} INFO - Processing file /home/leoja/airflow/airflow_venv/lib/python3.12/site-packages/airflow/example_dags/example_sensors.py for tasks to queue
[2025-06-05T18:46:08.348+0200] {logging_mixin.py:188} INFO - [2025-06-05T18:46:08.348+0200] {dagbag.py:540} INFO - Filling up the DagBag from /home/leoja/airflow/airflow_venv/lib/python3.12/site-packages/airflow/example_dags/example_sensors.py
[2025-06-05T18:46:08.356+0200] {processor.py:840} INFO - DAG(s) 'example_sensors' retrieved from /home/leoja/airflow/airflow_venv/lib/python3.12/site-packages/airflow/example_dags/example_sensors.py
[2025-06-05T18:46:08.374+0200] {logging_mixin.py:188} INFO - [2025-06-05T18:46:08.373+0200] {dag.py:3096} INFO - Sync 1 DAGs
[2025-06-05T18:46:08.383+0200] {logging_mixin.py:188} INFO - [2025-06-05T18:46:08.383+0200] {dag.py:3954} INFO - Setting next_dagrun for example_sensors to None, run_after=None
[2025-06-05T18:46:08.404+0200] {processor.py:183} INFO - Processing /home/leoja/airflow/airflow_venv/lib/python3.12/site-packages/airflow/example_dags/example_sensors.py took 0.066 seconds
[2025-06-05T18:47:12.461+0200] {processor.py:161} INFO - Started process (PID=534523) to work on /home/leoja/airflow/airflow_venv/lib/python3.12/site-packages/airflow/example_dags/example_sensors.py
[2025-06-05T18:47:12.463+0200] {processor.py:830} INFO - Processing file /home/leoja/airflow/airflow_venv/lib/python3.12/site-packages/airflow/example_dags/example_sensors.py for tasks to queue
[2025-06-05T18:47:12.465+0200] {logging_mixin.py:188} INFO - [2025-06-05T18:47:12.464+0200] {dagbag.py:540} INFO - Filling up the DagBag from /home/leoja/airflow/airflow_venv/lib/python3.12/site-packages/airflow/example_dags/example_sensors.py
[2025-06-05T18:47:12.472+0200] {processor.py:840} INFO - DAG(s) 'example_sensors' retrieved from /home/leoja/airflow/airflow_venv/lib/python3.12/site-packages/airflow/example_dags/example_sensors.py
[2025-06-05T18:47:12.488+0200] {logging_mixin.py:188} INFO - [2025-06-05T18:47:12.488+0200] {dag.py:3096} INFO - Sync 1 DAGs
[2025-06-05T18:47:12.497+0200] {logging_mixin.py:188} INFO - [2025-06-05T18:47:12.497+0200] {dag.py:3954} INFO - Setting next_dagrun for example_sensors to None, run_after=None
[2025-06-05T18:47:12.519+0200] {processor.py:183} INFO - Processing /home/leoja/airflow/airflow_venv/lib/python3.12/site-packages/airflow/example_dags/example_sensors.py took 0.067 seconds
[2025-06-05T18:47:59.053+0200] {processor.py:161} INFO - Started process (PID=534744) to work on /home/leoja/airflow/airflow_venv/lib/python3.12/site-packages/airflow/example_dags/example_sensors.py
[2025-06-05T18:47:59.055+0200] {processor.py:830} INFO - Processing file /home/leoja/airflow/airflow_venv/lib/python3.12/site-packages/airflow/example_dags/example_sensors.py for tasks to queue
[2025-06-05T18:47:59.068+0200] {logging_mixin.py:188} INFO - [2025-06-05T18:47:59.067+0200] {dagbag.py:540} INFO - Filling up the DagBag from /home/leoja/airflow/airflow_venv/lib/python3.12/site-packages/airflow/example_dags/example_sensors.py
[2025-06-05T18:47:59.100+0200] {processor.py:840} INFO - DAG(s) 'example_sensors' retrieved from /home/leoja/airflow/airflow_venv/lib/python3.12/site-packages/airflow/example_dags/example_sensors.py
[2025-06-05T18:47:59.193+0200] {logging_mixin.py:188} INFO - [2025-06-05T18:47:59.181+0200] {dag.py:3096} INFO - Sync 1 DAGs
[2025-06-05T18:47:59.242+0200] {logging_mixin.py:188} INFO - [2025-06-05T18:47:59.241+0200] {dag.py:3954} INFO - Setting next_dagrun for example_sensors to None, run_after=None
[2025-06-05T18:47:59.956+0200] {processor.py:183} INFO - Processing /home/leoja/airflow/airflow_venv/lib/python3.12/site-packages/airflow/example_dags/example_sensors.py took 0.915 seconds
[2025-06-05T18:48:47.179+0200] {processor.py:161} INFO - Started process (PID=535128) to work on /home/leoja/airflow/airflow_venv/lib/python3.12/site-packages/airflow/example_dags/example_sensors.py
[2025-06-05T18:48:47.181+0200] {processor.py:830} INFO - Processing file /home/leoja/airflow/airflow_venv/lib/python3.12/site-packages/airflow/example_dags/example_sensors.py for tasks to queue
[2025-06-05T18:48:47.183+0200] {logging_mixin.py:188} INFO - [2025-06-05T18:48:47.183+0200] {dagbag.py:540} INFO - Filling up the DagBag from /home/leoja/airflow/airflow_venv/lib/python3.12/site-packages/airflow/example_dags/example_sensors.py
[2025-06-05T18:48:47.190+0200] {processor.py:840} INFO - DAG(s) 'example_sensors' retrieved from /home/leoja/airflow/airflow_venv/lib/python3.12/site-packages/airflow/example_dags/example_sensors.py
[2025-06-05T18:48:47.212+0200] {logging_mixin.py:188} INFO - [2025-06-05T18:48:47.212+0200] {dag.py:3096} INFO - Sync 1 DAGs
[2025-06-05T18:48:47.222+0200] {logging_mixin.py:188} INFO - [2025-06-05T18:48:47.222+0200] {dag.py:3954} INFO - Setting next_dagrun for example_sensors to None, run_after=None
[2025-06-05T18:48:47.243+0200] {processor.py:183} INFO - Processing /home/leoja/airflow/airflow_venv/lib/python3.12/site-packages/airflow/example_dags/example_sensors.py took 0.070 seconds
[2025-06-05T18:49:49.212+0200] {processor.py:161} INFO - Started process (PID=535480) to work on /home/leoja/airflow/airflow_venv/lib/python3.12/site-packages/airflow/example_dags/example_sensors.py
[2025-06-05T18:49:49.214+0200] {processor.py:830} INFO - Processing file /home/leoja/airflow/airflow_venv/lib/python3.12/site-packages/airflow/example_dags/example_sensors.py for tasks to queue
[2025-06-05T18:49:49.215+0200] {logging_mixin.py:188} INFO - [2025-06-05T18:49:49.215+0200] {dagbag.py:540} INFO - Filling up the DagBag from /home/leoja/airflow/airflow_venv/lib/python3.12/site-packages/airflow/example_dags/example_sensors.py
[2025-06-05T18:49:49.222+0200] {processor.py:840} INFO - DAG(s) 'example_sensors' retrieved from /home/leoja/airflow/airflow_venv/lib/python3.12/site-packages/airflow/example_dags/example_sensors.py
[2025-06-05T18:49:49.237+0200] {logging_mixin.py:188} INFO - [2025-06-05T18:49:49.236+0200] {dag.py:3096} INFO - Sync 1 DAGs
[2025-06-05T18:49:49.244+0200] {logging_mixin.py:188} INFO - [2025-06-05T18:49:49.244+0200] {dag.py:3954} INFO - Setting next_dagrun for example_sensors to None, run_after=None
[2025-06-05T18:49:49.263+0200] {processor.py:183} INFO - Processing /home/leoja/airflow/airflow_venv/lib/python3.12/site-packages/airflow/example_dags/example_sensors.py took 0.057 seconds
[2025-06-05T18:51:11.986+0200] {processor.py:161} INFO - Started process (PID=536426) to work on /home/leoja/airflow/airflow_venv/lib/python3.12/site-packages/airflow/example_dags/example_sensors.py
[2025-06-05T18:51:11.988+0200] {processor.py:830} INFO - Processing file /home/leoja/airflow/airflow_venv/lib/python3.12/site-packages/airflow/example_dags/example_sensors.py for tasks to queue
[2025-06-05T18:51:11.989+0200] {logging_mixin.py:188} INFO - [2025-06-05T18:51:11.989+0200] {dagbag.py:540} INFO - Filling up the DagBag from /home/leoja/airflow/airflow_venv/lib/python3.12/site-packages/airflow/example_dags/example_sensors.py
[2025-06-05T18:51:11.997+0200] {processor.py:840} INFO - DAG(s) 'example_sensors' retrieved from /home/leoja/airflow/airflow_venv/lib/python3.12/site-packages/airflow/example_dags/example_sensors.py
[2025-06-05T18:51:12.013+0200] {logging_mixin.py:188} INFO - [2025-06-05T18:51:12.013+0200] {dag.py:3096} INFO - Sync 1 DAGs
[2025-06-05T18:51:12.022+0200] {logging_mixin.py:188} INFO - [2025-06-05T18:51:12.022+0200] {dag.py:3954} INFO - Setting next_dagrun for example_sensors to None, run_after=None
[2025-06-05T18:51:12.041+0200] {processor.py:183} INFO - Processing /home/leoja/airflow/airflow_venv/lib/python3.12/site-packages/airflow/example_dags/example_sensors.py took 0.061 seconds
[2025-06-05T18:52:01.498+0200] {processor.py:161} INFO - Started process (PID=536732) to work on /home/leoja/airflow/airflow_venv/lib/python3.12/site-packages/airflow/example_dags/example_sensors.py
[2025-06-05T18:52:01.500+0200] {processor.py:830} INFO - Processing file /home/leoja/airflow/airflow_venv/lib/python3.12/site-packages/airflow/example_dags/example_sensors.py for tasks to queue
[2025-06-05T18:52:01.501+0200] {logging_mixin.py:188} INFO - [2025-06-05T18:52:01.501+0200] {dagbag.py:540} INFO - Filling up the DagBag from /home/leoja/airflow/airflow_venv/lib/python3.12/site-packages/airflow/example_dags/example_sensors.py
[2025-06-05T18:52:01.509+0200] {processor.py:840} INFO - DAG(s) 'example_sensors' retrieved from /home/leoja/airflow/airflow_venv/lib/python3.12/site-packages/airflow/example_dags/example_sensors.py
[2025-06-05T18:52:01.526+0200] {logging_mixin.py:188} INFO - [2025-06-05T18:52:01.526+0200] {dag.py:3096} INFO - Sync 1 DAGs
[2025-06-05T18:52:01.537+0200] {logging_mixin.py:188} INFO - [2025-06-05T18:52:01.537+0200] {dag.py:3954} INFO - Setting next_dagrun for example_sensors to None, run_after=None
[2025-06-05T18:52:01.562+0200] {processor.py:183} INFO - Processing /home/leoja/airflow/airflow_venv/lib/python3.12/site-packages/airflow/example_dags/example_sensors.py took 0.070 seconds
[2025-06-05T18:53:04.333+0200] {processor.py:161} INFO - Started process (PID=537336) to work on /home/leoja/airflow/airflow_venv/lib/python3.12/site-packages/airflow/example_dags/example_sensors.py
[2025-06-05T18:53:04.335+0200] {processor.py:830} INFO - Processing file /home/leoja/airflow/airflow_venv/lib/python3.12/site-packages/airflow/example_dags/example_sensors.py for tasks to queue
[2025-06-05T18:53:04.336+0200] {logging_mixin.py:188} INFO - [2025-06-05T18:53:04.336+0200] {dagbag.py:540} INFO - Filling up the DagBag from /home/leoja/airflow/airflow_venv/lib/python3.12/site-packages/airflow/example_dags/example_sensors.py
[2025-06-05T18:53:04.346+0200] {processor.py:840} INFO - DAG(s) 'example_sensors' retrieved from /home/leoja/airflow/airflow_venv/lib/python3.12/site-packages/airflow/example_dags/example_sensors.py
[2025-06-05T18:53:04.371+0200] {logging_mixin.py:188} INFO - [2025-06-05T18:53:04.370+0200] {dag.py:3096} INFO - Sync 1 DAGs
[2025-06-05T18:53:04.380+0200] {logging_mixin.py:188} INFO - [2025-06-05T18:53:04.380+0200] {dag.py:3954} INFO - Setting next_dagrun for example_sensors to None, run_after=None
[2025-06-05T18:53:04.405+0200] {processor.py:183} INFO - Processing /home/leoja/airflow/airflow_venv/lib/python3.12/site-packages/airflow/example_dags/example_sensors.py took 0.079 seconds
[2025-06-05T18:54:15.221+0200] {processor.py:161} INFO - Started process (PID=538226) to work on /home/leoja/airflow/airflow_venv/lib/python3.12/site-packages/airflow/example_dags/example_sensors.py
[2025-06-05T18:54:15.223+0200] {processor.py:830} INFO - Processing file /home/leoja/airflow/airflow_venv/lib/python3.12/site-packages/airflow/example_dags/example_sensors.py for tasks to queue
[2025-06-05T18:54:15.225+0200] {logging_mixin.py:188} INFO - [2025-06-05T18:54:15.224+0200] {dagbag.py:540} INFO - Filling up the DagBag from /home/leoja/airflow/airflow_venv/lib/python3.12/site-packages/airflow/example_dags/example_sensors.py
[2025-06-05T18:54:15.233+0200] {processor.py:840} INFO - DAG(s) 'example_sensors' retrieved from /home/leoja/airflow/airflow_venv/lib/python3.12/site-packages/airflow/example_dags/example_sensors.py
[2025-06-05T18:54:15.252+0200] {logging_mixin.py:188} INFO - [2025-06-05T18:54:15.251+0200] {dag.py:3096} INFO - Sync 1 DAGs
[2025-06-05T18:54:15.262+0200] {logging_mixin.py:188} INFO - [2025-06-05T18:54:15.261+0200] {dag.py:3954} INFO - Setting next_dagrun for example_sensors to None, run_after=None
[2025-06-05T18:54:15.284+0200] {processor.py:183} INFO - Processing /home/leoja/airflow/airflow_venv/lib/python3.12/site-packages/airflow/example_dags/example_sensors.py took 0.069 seconds
[2025-06-05T18:55:10.850+0200] {processor.py:161} INFO - Started process (PID=538606) to work on /home/leoja/airflow/airflow_venv/lib/python3.12/site-packages/airflow/example_dags/example_sensors.py
[2025-06-05T18:55:10.852+0200] {processor.py:830} INFO - Processing file /home/leoja/airflow/airflow_venv/lib/python3.12/site-packages/airflow/example_dags/example_sensors.py for tasks to queue
[2025-06-05T18:55:10.854+0200] {logging_mixin.py:188} INFO - [2025-06-05T18:55:10.853+0200] {dagbag.py:540} INFO - Filling up the DagBag from /home/leoja/airflow/airflow_venv/lib/python3.12/site-packages/airflow/example_dags/example_sensors.py
[2025-06-05T18:55:10.862+0200] {processor.py:840} INFO - DAG(s) 'example_sensors' retrieved from /home/leoja/airflow/airflow_venv/lib/python3.12/site-packages/airflow/example_dags/example_sensors.py
[2025-06-05T18:55:10.879+0200] {logging_mixin.py:188} INFO - [2025-06-05T18:55:10.879+0200] {dag.py:3096} INFO - Sync 1 DAGs
[2025-06-05T18:55:10.888+0200] {logging_mixin.py:188} INFO - [2025-06-05T18:55:10.888+0200] {dag.py:3954} INFO - Setting next_dagrun for example_sensors to None, run_after=None
[2025-06-05T18:55:10.910+0200] {processor.py:183} INFO - Processing /home/leoja/airflow/airflow_venv/lib/python3.12/site-packages/airflow/example_dags/example_sensors.py took 0.067 seconds
[2025-06-05T18:56:14.485+0200] {processor.py:161} INFO - Started process (PID=538981) to work on /home/leoja/airflow/airflow_venv/lib/python3.12/site-packages/airflow/example_dags/example_sensors.py
[2025-06-05T18:56:14.486+0200] {processor.py:830} INFO - Processing file /home/leoja/airflow/airflow_venv/lib/python3.12/site-packages/airflow/example_dags/example_sensors.py for tasks to queue
[2025-06-05T18:56:14.489+0200] {logging_mixin.py:188} INFO - [2025-06-05T18:56:14.489+0200] {dagbag.py:540} INFO - Filling up the DagBag from /home/leoja/airflow/airflow_venv/lib/python3.12/site-packages/airflow/example_dags/example_sensors.py
[2025-06-05T18:56:14.496+0200] {processor.py:840} INFO - DAG(s) 'example_sensors' retrieved from /home/leoja/airflow/airflow_venv/lib/python3.12/site-packages/airflow/example_dags/example_sensors.py
[2025-06-05T18:56:14.513+0200] {logging_mixin.py:188} INFO - [2025-06-05T18:56:14.512+0200] {dag.py:3096} INFO - Sync 1 DAGs
[2025-06-05T18:56:14.520+0200] {logging_mixin.py:188} INFO - [2025-06-05T18:56:14.520+0200] {dag.py:3954} INFO - Setting next_dagrun for example_sensors to None, run_after=None
[2025-06-05T18:56:14.543+0200] {processor.py:183} INFO - Processing /home/leoja/airflow/airflow_venv/lib/python3.12/site-packages/airflow/example_dags/example_sensors.py took 0.064 seconds
[2025-06-05T18:57:18.680+0200] {processor.py:161} INFO - Started process (PID=539395) to work on /home/leoja/airflow/airflow_venv/lib/python3.12/site-packages/airflow/example_dags/example_sensors.py
[2025-06-05T18:57:18.681+0200] {processor.py:830} INFO - Processing file /home/leoja/airflow/airflow_venv/lib/python3.12/site-packages/airflow/example_dags/example_sensors.py for tasks to queue
[2025-06-05T18:57:18.683+0200] {logging_mixin.py:188} INFO - [2025-06-05T18:57:18.683+0200] {dagbag.py:540} INFO - Filling up the DagBag from /home/leoja/airflow/airflow_venv/lib/python3.12/site-packages/airflow/example_dags/example_sensors.py
[2025-06-05T18:57:18.696+0200] {processor.py:840} INFO - DAG(s) 'example_sensors' retrieved from /home/leoja/airflow/airflow_venv/lib/python3.12/site-packages/airflow/example_dags/example_sensors.py
[2025-06-05T18:57:18.726+0200] {logging_mixin.py:188} INFO - [2025-06-05T18:57:18.726+0200] {dag.py:3096} INFO - Sync 1 DAGs
[2025-06-05T18:57:18.749+0200] {logging_mixin.py:188} INFO - [2025-06-05T18:57:18.748+0200] {dag.py:3954} INFO - Setting next_dagrun for example_sensors to None, run_after=None
[2025-06-05T18:57:18.790+0200] {processor.py:183} INFO - Processing /home/leoja/airflow/airflow_venv/lib/python3.12/site-packages/airflow/example_dags/example_sensors.py took 0.121 seconds
[2025-06-05T18:58:01.147+0200] {processor.py:161} INFO - Started process (PID=539766) to work on /home/leoja/airflow/airflow_venv/lib/python3.12/site-packages/airflow/example_dags/example_sensors.py
[2025-06-05T18:58:01.149+0200] {processor.py:830} INFO - Processing file /home/leoja/airflow/airflow_venv/lib/python3.12/site-packages/airflow/example_dags/example_sensors.py for tasks to queue
[2025-06-05T18:58:01.151+0200] {logging_mixin.py:188} INFO - [2025-06-05T18:58:01.150+0200] {dagbag.py:540} INFO - Filling up the DagBag from /home/leoja/airflow/airflow_venv/lib/python3.12/site-packages/airflow/example_dags/example_sensors.py
[2025-06-05T18:58:01.163+0200] {processor.py:840} INFO - DAG(s) 'example_sensors' retrieved from /home/leoja/airflow/airflow_venv/lib/python3.12/site-packages/airflow/example_dags/example_sensors.py
[2025-06-05T18:58:01.190+0200] {logging_mixin.py:188} INFO - [2025-06-05T18:58:01.190+0200] {dag.py:3096} INFO - Sync 1 DAGs
[2025-06-05T18:58:01.203+0200] {logging_mixin.py:188} INFO - [2025-06-05T18:58:01.203+0200] {dag.py:3954} INFO - Setting next_dagrun for example_sensors to None, run_after=None
[2025-06-05T18:58:01.228+0200] {processor.py:183} INFO - Processing /home/leoja/airflow/airflow_venv/lib/python3.12/site-packages/airflow/example_dags/example_sensors.py took 0.095 seconds
[2025-06-05T18:59:04.173+0200] {processor.py:161} INFO - Started process (PID=540109) to work on /home/leoja/airflow/airflow_venv/lib/python3.12/site-packages/airflow/example_dags/example_sensors.py
[2025-06-05T18:59:04.175+0200] {processor.py:830} INFO - Processing file /home/leoja/airflow/airflow_venv/lib/python3.12/site-packages/airflow/example_dags/example_sensors.py for tasks to queue
[2025-06-05T18:59:04.177+0200] {logging_mixin.py:188} INFO - [2025-06-05T18:59:04.176+0200] {dagbag.py:540} INFO - Filling up the DagBag from /home/leoja/airflow/airflow_venv/lib/python3.12/site-packages/airflow/example_dags/example_sensors.py
[2025-06-05T18:59:04.184+0200] {processor.py:840} INFO - DAG(s) 'example_sensors' retrieved from /home/leoja/airflow/airflow_venv/lib/python3.12/site-packages/airflow/example_dags/example_sensors.py
[2025-06-05T18:59:04.200+0200] {logging_mixin.py:188} INFO - [2025-06-05T18:59:04.199+0200] {dag.py:3096} INFO - Sync 1 DAGs
[2025-06-05T18:59:04.209+0200] {logging_mixin.py:188} INFO - [2025-06-05T18:59:04.208+0200] {dag.py:3954} INFO - Setting next_dagrun for example_sensors to None, run_after=None
[2025-06-05T18:59:04.232+0200] {processor.py:183} INFO - Processing /home/leoja/airflow/airflow_venv/lib/python3.12/site-packages/airflow/example_dags/example_sensors.py took 0.065 seconds
[2025-06-05T19:00:07.805+0200] {processor.py:161} INFO - Started process (PID=540482) to work on /home/leoja/airflow/airflow_venv/lib/python3.12/site-packages/airflow/example_dags/example_sensors.py
[2025-06-05T19:00:07.806+0200] {processor.py:830} INFO - Processing file /home/leoja/airflow/airflow_venv/lib/python3.12/site-packages/airflow/example_dags/example_sensors.py for tasks to queue
[2025-06-05T19:00:07.808+0200] {logging_mixin.py:188} INFO - [2025-06-05T19:00:07.808+0200] {dagbag.py:540} INFO - Filling up the DagBag from /home/leoja/airflow/airflow_venv/lib/python3.12/site-packages/airflow/example_dags/example_sensors.py
[2025-06-05T19:00:07.815+0200] {processor.py:840} INFO - DAG(s) 'example_sensors' retrieved from /home/leoja/airflow/airflow_venv/lib/python3.12/site-packages/airflow/example_dags/example_sensors.py
[2025-06-05T19:00:07.831+0200] {logging_mixin.py:188} INFO - [2025-06-05T19:00:07.831+0200] {dag.py:3096} INFO - Sync 1 DAGs
[2025-06-05T19:00:07.840+0200] {logging_mixin.py:188} INFO - [2025-06-05T19:00:07.839+0200] {dag.py:3954} INFO - Setting next_dagrun for example_sensors to None, run_after=None
[2025-06-05T19:00:07.862+0200] {processor.py:183} INFO - Processing /home/leoja/airflow/airflow_venv/lib/python3.12/site-packages/airflow/example_dags/example_sensors.py took 0.063 seconds
[2025-06-05T19:01:09.358+0200] {processor.py:161} INFO - Started process (PID=540822) to work on /home/leoja/airflow/airflow_venv/lib/python3.12/site-packages/airflow/example_dags/example_sensors.py
[2025-06-05T19:01:09.360+0200] {processor.py:830} INFO - Processing file /home/leoja/airflow/airflow_venv/lib/python3.12/site-packages/airflow/example_dags/example_sensors.py for tasks to queue
[2025-06-05T19:01:09.362+0200] {logging_mixin.py:188} INFO - [2025-06-05T19:01:09.361+0200] {dagbag.py:540} INFO - Filling up the DagBag from /home/leoja/airflow/airflow_venv/lib/python3.12/site-packages/airflow/example_dags/example_sensors.py
[2025-06-05T19:01:09.371+0200] {processor.py:840} INFO - DAG(s) 'example_sensors' retrieved from /home/leoja/airflow/airflow_venv/lib/python3.12/site-packages/airflow/example_dags/example_sensors.py
[2025-06-05T19:01:09.386+0200] {logging_mixin.py:188} INFO - [2025-06-05T19:01:09.386+0200] {dag.py:3096} INFO - Sync 1 DAGs
[2025-06-05T19:01:09.396+0200] {logging_mixin.py:188} INFO - [2025-06-05T19:01:09.396+0200] {dag.py:3954} INFO - Setting next_dagrun for example_sensors to None, run_after=None
[2025-06-05T19:01:09.419+0200] {processor.py:183} INFO - Processing /home/leoja/airflow/airflow_venv/lib/python3.12/site-packages/airflow/example_dags/example_sensors.py took 0.068 seconds
[2025-06-05T19:02:13.009+0200] {processor.py:161} INFO - Started process (PID=541167) to work on /home/leoja/airflow/airflow_venv/lib/python3.12/site-packages/airflow/example_dags/example_sensors.py
[2025-06-05T19:02:13.010+0200] {processor.py:830} INFO - Processing file /home/leoja/airflow/airflow_venv/lib/python3.12/site-packages/airflow/example_dags/example_sensors.py for tasks to queue
[2025-06-05T19:02:13.012+0200] {logging_mixin.py:188} INFO - [2025-06-05T19:02:13.011+0200] {dagbag.py:540} INFO - Filling up the DagBag from /home/leoja/airflow/airflow_venv/lib/python3.12/site-packages/airflow/example_dags/example_sensors.py
[2025-06-05T19:02:13.019+0200] {processor.py:840} INFO - DAG(s) 'example_sensors' retrieved from /home/leoja/airflow/airflow_venv/lib/python3.12/site-packages/airflow/example_dags/example_sensors.py
[2025-06-05T19:02:13.035+0200] {logging_mixin.py:188} INFO - [2025-06-05T19:02:13.035+0200] {dag.py:3096} INFO - Sync 1 DAGs
[2025-06-05T19:02:13.044+0200] {logging_mixin.py:188} INFO - [2025-06-05T19:02:13.043+0200] {dag.py:3954} INFO - Setting next_dagrun for example_sensors to None, run_after=None
[2025-06-05T19:02:13.065+0200] {processor.py:183} INFO - Processing /home/leoja/airflow/airflow_venv/lib/python3.12/site-packages/airflow/example_dags/example_sensors.py took 0.063 seconds
[2025-06-05T19:03:00.638+0200] {processor.py:161} INFO - Started process (PID=541460) to work on /home/leoja/airflow/airflow_venv/lib/python3.12/site-packages/airflow/example_dags/example_sensors.py
[2025-06-05T19:03:00.640+0200] {processor.py:830} INFO - Processing file /home/leoja/airflow/airflow_venv/lib/python3.12/site-packages/airflow/example_dags/example_sensors.py for tasks to queue
[2025-06-05T19:03:00.642+0200] {logging_mixin.py:188} INFO - [2025-06-05T19:03:00.641+0200] {dagbag.py:540} INFO - Filling up the DagBag from /home/leoja/airflow/airflow_venv/lib/python3.12/site-packages/airflow/example_dags/example_sensors.py
[2025-06-05T19:03:00.649+0200] {processor.py:840} INFO - DAG(s) 'example_sensors' retrieved from /home/leoja/airflow/airflow_venv/lib/python3.12/site-packages/airflow/example_dags/example_sensors.py
[2025-06-05T19:03:00.666+0200] {logging_mixin.py:188} INFO - [2025-06-05T19:03:00.665+0200] {dag.py:3096} INFO - Sync 1 DAGs
[2025-06-05T19:03:00.676+0200] {logging_mixin.py:188} INFO - [2025-06-05T19:03:00.676+0200] {dag.py:3954} INFO - Setting next_dagrun for example_sensors to None, run_after=None
[2025-06-05T19:03:00.803+0200] {processor.py:183} INFO - Processing /home/leoja/airflow/airflow_venv/lib/python3.12/site-packages/airflow/example_dags/example_sensors.py took 0.172 seconds
[2025-06-05T19:03:49.020+0200] {processor.py:161} INFO - Started process (PID=541727) to work on /home/leoja/airflow/airflow_venv/lib/python3.12/site-packages/airflow/example_dags/example_sensors.py
[2025-06-05T19:03:49.022+0200] {processor.py:830} INFO - Processing file /home/leoja/airflow/airflow_venv/lib/python3.12/site-packages/airflow/example_dags/example_sensors.py for tasks to queue
[2025-06-05T19:03:49.024+0200] {logging_mixin.py:188} INFO - [2025-06-05T19:03:49.023+0200] {dagbag.py:540} INFO - Filling up the DagBag from /home/leoja/airflow/airflow_venv/lib/python3.12/site-packages/airflow/example_dags/example_sensors.py
[2025-06-05T19:03:49.031+0200] {processor.py:840} INFO - DAG(s) 'example_sensors' retrieved from /home/leoja/airflow/airflow_venv/lib/python3.12/site-packages/airflow/example_dags/example_sensors.py
[2025-06-05T19:03:49.047+0200] {logging_mixin.py:188} INFO - [2025-06-05T19:03:49.047+0200] {dag.py:3096} INFO - Sync 1 DAGs
[2025-06-05T19:03:49.056+0200] {logging_mixin.py:188} INFO - [2025-06-05T19:03:49.056+0200] {dag.py:3954} INFO - Setting next_dagrun for example_sensors to None, run_after=None
[2025-06-05T19:03:49.183+0200] {processor.py:183} INFO - Processing /home/leoja/airflow/airflow_venv/lib/python3.12/site-packages/airflow/example_dags/example_sensors.py took 0.168 seconds
[2025-06-05T19:04:33.952+0200] {processor.py:161} INFO - Started process (PID=541992) to work on /home/leoja/airflow/airflow_venv/lib/python3.12/site-packages/airflow/example_dags/example_sensors.py
[2025-06-05T19:04:33.953+0200] {processor.py:830} INFO - Processing file /home/leoja/airflow/airflow_venv/lib/python3.12/site-packages/airflow/example_dags/example_sensors.py for tasks to queue
[2025-06-05T19:04:33.955+0200] {logging_mixin.py:188} INFO - [2025-06-05T19:04:33.954+0200] {dagbag.py:540} INFO - Filling up the DagBag from /home/leoja/airflow/airflow_venv/lib/python3.12/site-packages/airflow/example_dags/example_sensors.py
[2025-06-05T19:04:33.960+0200] {processor.py:840} INFO - DAG(s) 'example_sensors' retrieved from /home/leoja/airflow/airflow_venv/lib/python3.12/site-packages/airflow/example_dags/example_sensors.py
[2025-06-05T19:04:33.975+0200] {logging_mixin.py:188} INFO - [2025-06-05T19:04:33.975+0200] {dag.py:3096} INFO - Sync 1 DAGs
[2025-06-05T19:04:33.986+0200] {logging_mixin.py:188} INFO - [2025-06-05T19:04:33.985+0200] {dag.py:3954} INFO - Setting next_dagrun for example_sensors to None, run_after=None
[2025-06-05T19:04:34.006+0200] {processor.py:183} INFO - Processing /home/leoja/airflow/airflow_venv/lib/python3.12/site-packages/airflow/example_dags/example_sensors.py took 0.062 seconds
[2025-06-05T19:05:21.422+0200] {processor.py:161} INFO - Started process (PID=542263) to work on /home/leoja/airflow/airflow_venv/lib/python3.12/site-packages/airflow/example_dags/example_sensors.py
[2025-06-05T19:05:21.424+0200] {processor.py:830} INFO - Processing file /home/leoja/airflow/airflow_venv/lib/python3.12/site-packages/airflow/example_dags/example_sensors.py for tasks to queue
[2025-06-05T19:05:21.425+0200] {logging_mixin.py:188} INFO - [2025-06-05T19:05:21.425+0200] {dagbag.py:540} INFO - Filling up the DagBag from /home/leoja/airflow/airflow_venv/lib/python3.12/site-packages/airflow/example_dags/example_sensors.py
[2025-06-05T19:05:21.432+0200] {processor.py:840} INFO - DAG(s) 'example_sensors' retrieved from /home/leoja/airflow/airflow_venv/lib/python3.12/site-packages/airflow/example_dags/example_sensors.py
[2025-06-05T19:05:21.536+0200] {logging_mixin.py:188} INFO - [2025-06-05T19:05:21.536+0200] {dag.py:3096} INFO - Sync 1 DAGs
[2025-06-05T19:05:21.543+0200] {logging_mixin.py:188} INFO - [2025-06-05T19:05:21.543+0200] {dag.py:3954} INFO - Setting next_dagrun for example_sensors to None, run_after=None
[2025-06-05T19:05:21.562+0200] {processor.py:183} INFO - Processing /home/leoja/airflow/airflow_venv/lib/python3.12/site-packages/airflow/example_dags/example_sensors.py took 0.146 seconds
[2025-06-05T19:06:09.057+0200] {processor.py:161} INFO - Started process (PID=542416) to work on /home/leoja/airflow/airflow_venv/lib/python3.12/site-packages/airflow/example_dags/example_sensors.py
[2025-06-05T19:06:09.058+0200] {processor.py:830} INFO - Processing file /home/leoja/airflow/airflow_venv/lib/python3.12/site-packages/airflow/example_dags/example_sensors.py for tasks to queue
[2025-06-05T19:06:09.060+0200] {logging_mixin.py:188} INFO - [2025-06-05T19:06:09.059+0200] {dagbag.py:540} INFO - Filling up the DagBag from /home/leoja/airflow/airflow_venv/lib/python3.12/site-packages/airflow/example_dags/example_sensors.py
[2025-06-05T19:06:09.066+0200] {processor.py:840} INFO - DAG(s) 'example_sensors' retrieved from /home/leoja/airflow/airflow_venv/lib/python3.12/site-packages/airflow/example_dags/example_sensors.py
[2025-06-05T19:06:09.080+0200] {logging_mixin.py:188} INFO - [2025-06-05T19:06:09.080+0200] {dag.py:3096} INFO - Sync 1 DAGs
[2025-06-05T19:06:09.088+0200] {logging_mixin.py:188} INFO - [2025-06-05T19:06:09.088+0200] {dag.py:3954} INFO - Setting next_dagrun for example_sensors to None, run_after=None
[2025-06-05T19:06:09.107+0200] {processor.py:183} INFO - Processing /home/leoja/airflow/airflow_venv/lib/python3.12/site-packages/airflow/example_dags/example_sensors.py took 0.056 seconds
[2025-06-05T19:07:08.190+0200] {processor.py:161} INFO - Started process (PID=542626) to work on /home/leoja/airflow/airflow_venv/lib/python3.12/site-packages/airflow/example_dags/example_sensors.py
[2025-06-05T19:07:08.192+0200] {processor.py:830} INFO - Processing file /home/leoja/airflow/airflow_venv/lib/python3.12/site-packages/airflow/example_dags/example_sensors.py for tasks to queue
[2025-06-05T19:07:08.193+0200] {logging_mixin.py:188} INFO - [2025-06-05T19:07:08.193+0200] {dagbag.py:540} INFO - Filling up the DagBag from /home/leoja/airflow/airflow_venv/lib/python3.12/site-packages/airflow/example_dags/example_sensors.py
[2025-06-05T19:07:08.201+0200] {processor.py:840} INFO - DAG(s) 'example_sensors' retrieved from /home/leoja/airflow/airflow_venv/lib/python3.12/site-packages/airflow/example_dags/example_sensors.py
[2025-06-05T19:07:08.216+0200] {logging_mixin.py:188} INFO - [2025-06-05T19:07:08.216+0200] {dag.py:3096} INFO - Sync 1 DAGs
[2025-06-05T19:07:08.224+0200] {logging_mixin.py:188} INFO - [2025-06-05T19:07:08.223+0200] {dag.py:3954} INFO - Setting next_dagrun for example_sensors to None, run_after=None
[2025-06-05T19:07:08.246+0200] {processor.py:183} INFO - Processing /home/leoja/airflow/airflow_venv/lib/python3.12/site-packages/airflow/example_dags/example_sensors.py took 0.062 seconds
[2025-06-05T19:08:09.220+0200] {processor.py:161} INFO - Started process (PID=543090) to work on /home/leoja/airflow/airflow_venv/lib/python3.12/site-packages/airflow/example_dags/example_sensors.py
[2025-06-05T19:08:09.222+0200] {processor.py:830} INFO - Processing file /home/leoja/airflow/airflow_venv/lib/python3.12/site-packages/airflow/example_dags/example_sensors.py for tasks to queue
[2025-06-05T19:08:09.224+0200] {logging_mixin.py:188} INFO - [2025-06-05T19:08:09.223+0200] {dagbag.py:540} INFO - Filling up the DagBag from /home/leoja/airflow/airflow_venv/lib/python3.12/site-packages/airflow/example_dags/example_sensors.py
[2025-06-05T19:08:09.231+0200] {processor.py:840} INFO - DAG(s) 'example_sensors' retrieved from /home/leoja/airflow/airflow_venv/lib/python3.12/site-packages/airflow/example_dags/example_sensors.py
[2025-06-05T19:08:09.247+0200] {logging_mixin.py:188} INFO - [2025-06-05T19:08:09.246+0200] {dag.py:3096} INFO - Sync 1 DAGs
[2025-06-05T19:08:09.255+0200] {logging_mixin.py:188} INFO - [2025-06-05T19:08:09.255+0200] {dag.py:3954} INFO - Setting next_dagrun for example_sensors to None, run_after=None
[2025-06-05T19:08:09.274+0200] {processor.py:183} INFO - Processing /home/leoja/airflow/airflow_venv/lib/python3.12/site-packages/airflow/example_dags/example_sensors.py took 0.060 seconds
[2025-06-05T19:10:03.357+0200] {processor.py:161} INFO - Started process (PID=544222) to work on /home/leoja/airflow/airflow_venv/lib/python3.12/site-packages/airflow/example_dags/example_sensors.py
[2025-06-05T19:10:03.367+0200] {processor.py:830} INFO - Processing file /home/leoja/airflow/airflow_venv/lib/python3.12/site-packages/airflow/example_dags/example_sensors.py for tasks to queue
[2025-06-05T19:10:03.386+0200] {logging_mixin.py:188} INFO - [2025-06-05T19:10:03.385+0200] {dagbag.py:540} INFO - Filling up the DagBag from /home/leoja/airflow/airflow_venv/lib/python3.12/site-packages/airflow/example_dags/example_sensors.py
[2025-06-05T19:10:03.394+0200] {processor.py:840} INFO - DAG(s) 'example_sensors' retrieved from /home/leoja/airflow/airflow_venv/lib/python3.12/site-packages/airflow/example_dags/example_sensors.py
[2025-06-05T19:10:03.494+0200] {logging_mixin.py:188} INFO - [2025-06-05T19:10:03.494+0200] {dag.py:3096} INFO - Sync 1 DAGs
[2025-06-05T19:10:03.502+0200] {logging_mixin.py:188} INFO - [2025-06-05T19:10:03.502+0200] {dag.py:3954} INFO - Setting next_dagrun for example_sensors to None, run_after=None
[2025-06-05T19:10:03.524+0200] {processor.py:183} INFO - Processing /home/leoja/airflow/airflow_venv/lib/python3.12/site-packages/airflow/example_dags/example_sensors.py took 0.174 seconds
[2025-06-05T19:10:53.796+0200] {processor.py:161} INFO - Started process (PID=544539) to work on /home/leoja/airflow/airflow_venv/lib/python3.12/site-packages/airflow/example_dags/example_sensors.py
[2025-06-05T19:10:53.798+0200] {processor.py:830} INFO - Processing file /home/leoja/airflow/airflow_venv/lib/python3.12/site-packages/airflow/example_dags/example_sensors.py for tasks to queue
[2025-06-05T19:10:53.800+0200] {logging_mixin.py:188} INFO - [2025-06-05T19:10:53.800+0200] {dagbag.py:540} INFO - Filling up the DagBag from /home/leoja/airflow/airflow_venv/lib/python3.12/site-packages/airflow/example_dags/example_sensors.py
[2025-06-05T19:10:53.807+0200] {processor.py:840} INFO - DAG(s) 'example_sensors' retrieved from /home/leoja/airflow/airflow_venv/lib/python3.12/site-packages/airflow/example_dags/example_sensors.py
[2025-06-05T19:10:53.822+0200] {logging_mixin.py:188} INFO - [2025-06-05T19:10:53.822+0200] {dag.py:3096} INFO - Sync 1 DAGs
[2025-06-05T19:10:53.829+0200] {logging_mixin.py:188} INFO - [2025-06-05T19:10:53.829+0200] {dag.py:3954} INFO - Setting next_dagrun for example_sensors to None, run_after=None
[2025-06-05T19:10:53.852+0200] {processor.py:183} INFO - Processing /home/leoja/airflow/airflow_venv/lib/python3.12/site-packages/airflow/example_dags/example_sensors.py took 0.062 seconds
[2025-06-05T19:11:54.212+0200] {processor.py:161} INFO - Started process (PID=544891) to work on /home/leoja/airflow/airflow_venv/lib/python3.12/site-packages/airflow/example_dags/example_sensors.py
[2025-06-05T19:11:54.218+0200] {processor.py:830} INFO - Processing file /home/leoja/airflow/airflow_venv/lib/python3.12/site-packages/airflow/example_dags/example_sensors.py for tasks to queue
[2025-06-05T19:11:54.219+0200] {logging_mixin.py:188} INFO - [2025-06-05T19:11:54.219+0200] {dagbag.py:540} INFO - Filling up the DagBag from /home/leoja/airflow/airflow_venv/lib/python3.12/site-packages/airflow/example_dags/example_sensors.py
[2025-06-05T19:11:54.227+0200] {processor.py:840} INFO - DAG(s) 'example_sensors' retrieved from /home/leoja/airflow/airflow_venv/lib/python3.12/site-packages/airflow/example_dags/example_sensors.py
[2025-06-05T19:11:54.244+0200] {logging_mixin.py:188} INFO - [2025-06-05T19:11:54.243+0200] {dag.py:3096} INFO - Sync 1 DAGs
[2025-06-05T19:11:54.253+0200] {logging_mixin.py:188} INFO - [2025-06-05T19:11:54.253+0200] {dag.py:3954} INFO - Setting next_dagrun for example_sensors to None, run_after=None
[2025-06-05T19:11:54.274+0200] {processor.py:183} INFO - Processing /home/leoja/airflow/airflow_venv/lib/python3.12/site-packages/airflow/example_dags/example_sensors.py took 0.069 seconds
[2025-06-05T19:12:57.386+0200] {processor.py:161} INFO - Started process (PID=545252) to work on /home/leoja/airflow/airflow_venv/lib/python3.12/site-packages/airflow/example_dags/example_sensors.py
[2025-06-05T19:12:57.388+0200] {processor.py:830} INFO - Processing file /home/leoja/airflow/airflow_venv/lib/python3.12/site-packages/airflow/example_dags/example_sensors.py for tasks to queue
[2025-06-05T19:12:57.390+0200] {logging_mixin.py:188} INFO - [2025-06-05T19:12:57.390+0200] {dagbag.py:540} INFO - Filling up the DagBag from /home/leoja/airflow/airflow_venv/lib/python3.12/site-packages/airflow/example_dags/example_sensors.py
[2025-06-05T19:12:57.398+0200] {processor.py:840} INFO - DAG(s) 'example_sensors' retrieved from /home/leoja/airflow/airflow_venv/lib/python3.12/site-packages/airflow/example_dags/example_sensors.py
[2025-06-05T19:12:57.414+0200] {logging_mixin.py:188} INFO - [2025-06-05T19:12:57.414+0200] {dag.py:3096} INFO - Sync 1 DAGs
[2025-06-05T19:12:57.424+0200] {logging_mixin.py:188} INFO - [2025-06-05T19:12:57.423+0200] {dag.py:3954} INFO - Setting next_dagrun for example_sensors to None, run_after=None
[2025-06-05T19:12:57.445+0200] {processor.py:183} INFO - Processing /home/leoja/airflow/airflow_venv/lib/python3.12/site-packages/airflow/example_dags/example_sensors.py took 0.065 seconds
[2025-06-05T19:13:41.604+0200] {processor.py:161} INFO - Started process (PID=545505) to work on /home/leoja/airflow/airflow_venv/lib/python3.12/site-packages/airflow/example_dags/example_sensors.py
[2025-06-05T19:13:41.606+0200] {processor.py:830} INFO - Processing file /home/leoja/airflow/airflow_venv/lib/python3.12/site-packages/airflow/example_dags/example_sensors.py for tasks to queue
[2025-06-05T19:13:41.607+0200] {logging_mixin.py:188} INFO - [2025-06-05T19:13:41.607+0200] {dagbag.py:540} INFO - Filling up the DagBag from /home/leoja/airflow/airflow_venv/lib/python3.12/site-packages/airflow/example_dags/example_sensors.py
[2025-06-05T19:13:41.615+0200] {processor.py:840} INFO - DAG(s) 'example_sensors' retrieved from /home/leoja/airflow/airflow_venv/lib/python3.12/site-packages/airflow/example_dags/example_sensors.py
[2025-06-05T19:13:41.634+0200] {logging_mixin.py:188} INFO - [2025-06-05T19:13:41.634+0200] {dag.py:3096} INFO - Sync 1 DAGs
[2025-06-05T19:13:41.643+0200] {logging_mixin.py:188} INFO - [2025-06-05T19:13:41.643+0200] {dag.py:3954} INFO - Setting next_dagrun for example_sensors to None, run_after=None
[2025-06-05T19:13:41.663+0200] {processor.py:183} INFO - Processing /home/leoja/airflow/airflow_venv/lib/python3.12/site-packages/airflow/example_dags/example_sensors.py took 0.064 seconds
[2025-06-05T19:14:42.275+0200] {processor.py:161} INFO - Started process (PID=545966) to work on /home/leoja/airflow/airflow_venv/lib/python3.12/site-packages/airflow/example_dags/example_sensors.py
[2025-06-05T19:14:42.277+0200] {processor.py:830} INFO - Processing file /home/leoja/airflow/airflow_venv/lib/python3.12/site-packages/airflow/example_dags/example_sensors.py for tasks to queue
[2025-06-05T19:14:42.279+0200] {logging_mixin.py:188} INFO - [2025-06-05T19:14:42.278+0200] {dagbag.py:540} INFO - Filling up the DagBag from /home/leoja/airflow/airflow_venv/lib/python3.12/site-packages/airflow/example_dags/example_sensors.py
[2025-06-05T19:14:42.285+0200] {processor.py:840} INFO - DAG(s) 'example_sensors' retrieved from /home/leoja/airflow/airflow_venv/lib/python3.12/site-packages/airflow/example_dags/example_sensors.py
[2025-06-05T19:14:42.300+0200] {logging_mixin.py:188} INFO - [2025-06-05T19:14:42.300+0200] {dag.py:3096} INFO - Sync 1 DAGs
[2025-06-05T19:14:42.307+0200] {logging_mixin.py:188} INFO - [2025-06-05T19:14:42.307+0200] {dag.py:3954} INFO - Setting next_dagrun for example_sensors to None, run_after=None
[2025-06-05T19:14:42.327+0200] {processor.py:183} INFO - Processing /home/leoja/airflow/airflow_venv/lib/python3.12/site-packages/airflow/example_dags/example_sensors.py took 0.058 seconds
[2025-06-05T19:15:26.747+0200] {processor.py:161} INFO - Started process (PID=546213) to work on /home/leoja/airflow/airflow_venv/lib/python3.12/site-packages/airflow/example_dags/example_sensors.py
[2025-06-05T19:15:26.749+0200] {processor.py:830} INFO - Processing file /home/leoja/airflow/airflow_venv/lib/python3.12/site-packages/airflow/example_dags/example_sensors.py for tasks to queue
[2025-06-05T19:15:26.751+0200] {logging_mixin.py:188} INFO - [2025-06-05T19:15:26.750+0200] {dagbag.py:540} INFO - Filling up the DagBag from /home/leoja/airflow/airflow_venv/lib/python3.12/site-packages/airflow/example_dags/example_sensors.py
[2025-06-05T19:15:26.758+0200] {processor.py:840} INFO - DAG(s) 'example_sensors' retrieved from /home/leoja/airflow/airflow_venv/lib/python3.12/site-packages/airflow/example_dags/example_sensors.py
[2025-06-05T19:15:26.773+0200] {logging_mixin.py:188} INFO - [2025-06-05T19:15:26.773+0200] {dag.py:3096} INFO - Sync 1 DAGs
[2025-06-05T19:15:26.782+0200] {logging_mixin.py:188} INFO - [2025-06-05T19:15:26.782+0200] {dag.py:3954} INFO - Setting next_dagrun for example_sensors to None, run_after=None
[2025-06-05T19:15:26.803+0200] {processor.py:183} INFO - Processing /home/leoja/airflow/airflow_venv/lib/python3.12/site-packages/airflow/example_dags/example_sensors.py took 0.061 seconds
[2025-06-05T19:16:28.564+0200] {processor.py:161} INFO - Started process (PID=546658) to work on /home/leoja/airflow/airflow_venv/lib/python3.12/site-packages/airflow/example_dags/example_sensors.py
[2025-06-05T19:16:28.565+0200] {processor.py:830} INFO - Processing file /home/leoja/airflow/airflow_venv/lib/python3.12/site-packages/airflow/example_dags/example_sensors.py for tasks to queue
[2025-06-05T19:16:28.567+0200] {logging_mixin.py:188} INFO - [2025-06-05T19:16:28.567+0200] {dagbag.py:540} INFO - Filling up the DagBag from /home/leoja/airflow/airflow_venv/lib/python3.12/site-packages/airflow/example_dags/example_sensors.py
[2025-06-05T19:16:28.575+0200] {processor.py:840} INFO - DAG(s) 'example_sensors' retrieved from /home/leoja/airflow/airflow_venv/lib/python3.12/site-packages/airflow/example_dags/example_sensors.py
[2025-06-05T19:16:28.594+0200] {logging_mixin.py:188} INFO - [2025-06-05T19:16:28.594+0200] {dag.py:3096} INFO - Sync 1 DAGs
[2025-06-05T19:16:28.605+0200] {logging_mixin.py:188} INFO - [2025-06-05T19:16:28.604+0200] {dag.py:3954} INFO - Setting next_dagrun for example_sensors to None, run_after=None
[2025-06-05T19:16:28.623+0200] {processor.py:183} INFO - Processing /home/leoja/airflow/airflow_venv/lib/python3.12/site-packages/airflow/example_dags/example_sensors.py took 0.064 seconds
[2025-06-05T19:17:14.470+0200] {processor.py:161} INFO - Started process (PID=547405) to work on /home/leoja/airflow/airflow_venv/lib/python3.12/site-packages/airflow/example_dags/example_sensors.py
[2025-06-05T19:17:14.471+0200] {processor.py:830} INFO - Processing file /home/leoja/airflow/airflow_venv/lib/python3.12/site-packages/airflow/example_dags/example_sensors.py for tasks to queue
[2025-06-05T19:17:14.473+0200] {logging_mixin.py:188} INFO - [2025-06-05T19:17:14.472+0200] {dagbag.py:540} INFO - Filling up the DagBag from /home/leoja/airflow/airflow_venv/lib/python3.12/site-packages/airflow/example_dags/example_sensors.py
[2025-06-05T19:17:14.479+0200] {processor.py:840} INFO - DAG(s) 'example_sensors' retrieved from /home/leoja/airflow/airflow_venv/lib/python3.12/site-packages/airflow/example_dags/example_sensors.py
[2025-06-05T19:17:14.494+0200] {logging_mixin.py:188} INFO - [2025-06-05T19:17:14.493+0200] {dag.py:3096} INFO - Sync 1 DAGs
[2025-06-05T19:17:14.503+0200] {logging_mixin.py:188} INFO - [2025-06-05T19:17:14.502+0200] {dag.py:3954} INFO - Setting next_dagrun for example_sensors to None, run_after=None
[2025-06-05T19:17:14.523+0200] {processor.py:183} INFO - Processing /home/leoja/airflow/airflow_venv/lib/python3.12/site-packages/airflow/example_dags/example_sensors.py took 0.060 seconds
[2025-06-05T19:18:09.806+0200] {processor.py:161} INFO - Started process (PID=547722) to work on /home/leoja/airflow/airflow_venv/lib/python3.12/site-packages/airflow/example_dags/example_sensors.py
[2025-06-05T19:18:09.808+0200] {processor.py:830} INFO - Processing file /home/leoja/airflow/airflow_venv/lib/python3.12/site-packages/airflow/example_dags/example_sensors.py for tasks to queue
[2025-06-05T19:18:09.809+0200] {logging_mixin.py:188} INFO - [2025-06-05T19:18:09.809+0200] {dagbag.py:540} INFO - Filling up the DagBag from /home/leoja/airflow/airflow_venv/lib/python3.12/site-packages/airflow/example_dags/example_sensors.py
[2025-06-05T19:18:09.816+0200] {processor.py:840} INFO - DAG(s) 'example_sensors' retrieved from /home/leoja/airflow/airflow_venv/lib/python3.12/site-packages/airflow/example_dags/example_sensors.py
[2025-06-05T19:18:09.830+0200] {logging_mixin.py:188} INFO - [2025-06-05T19:18:09.830+0200] {dag.py:3096} INFO - Sync 1 DAGs
[2025-06-05T19:18:09.838+0200] {logging_mixin.py:188} INFO - [2025-06-05T19:18:09.838+0200] {dag.py:3954} INFO - Setting next_dagrun for example_sensors to None, run_after=None
[2025-06-05T19:18:09.857+0200] {processor.py:183} INFO - Processing /home/leoja/airflow/airflow_venv/lib/python3.12/site-packages/airflow/example_dags/example_sensors.py took 0.056 seconds
[2025-06-05T19:19:13.301+0200] {processor.py:161} INFO - Started process (PID=548131) to work on /home/leoja/airflow/airflow_venv/lib/python3.12/site-packages/airflow/example_dags/example_sensors.py
[2025-06-05T19:19:13.303+0200] {processor.py:830} INFO - Processing file /home/leoja/airflow/airflow_venv/lib/python3.12/site-packages/airflow/example_dags/example_sensors.py for tasks to queue
[2025-06-05T19:19:13.305+0200] {logging_mixin.py:188} INFO - [2025-06-05T19:19:13.304+0200] {dagbag.py:540} INFO - Filling up the DagBag from /home/leoja/airflow/airflow_venv/lib/python3.12/site-packages/airflow/example_dags/example_sensors.py
[2025-06-05T19:19:13.313+0200] {processor.py:840} INFO - DAG(s) 'example_sensors' retrieved from /home/leoja/airflow/airflow_venv/lib/python3.12/site-packages/airflow/example_dags/example_sensors.py
[2025-06-05T19:19:13.336+0200] {logging_mixin.py:188} INFO - [2025-06-05T19:19:13.335+0200] {dag.py:3096} INFO - Sync 1 DAGs
[2025-06-05T19:19:13.347+0200] {logging_mixin.py:188} INFO - [2025-06-05T19:19:13.347+0200] {dag.py:3954} INFO - Setting next_dagrun for example_sensors to None, run_after=None
[2025-06-05T19:19:13.371+0200] {processor.py:183} INFO - Processing /home/leoja/airflow/airflow_venv/lib/python3.12/site-packages/airflow/example_dags/example_sensors.py took 0.076 seconds
[2025-06-05T19:20:11.573+0200] {processor.py:161} INFO - Started process (PID=548512) to work on /home/leoja/airflow/airflow_venv/lib/python3.12/site-packages/airflow/example_dags/example_sensors.py
[2025-06-05T19:20:11.575+0200] {processor.py:830} INFO - Processing file /home/leoja/airflow/airflow_venv/lib/python3.12/site-packages/airflow/example_dags/example_sensors.py for tasks to queue
[2025-06-05T19:20:11.576+0200] {logging_mixin.py:188} INFO - [2025-06-05T19:20:11.576+0200] {dagbag.py:540} INFO - Filling up the DagBag from /home/leoja/airflow/airflow_venv/lib/python3.12/site-packages/airflow/example_dags/example_sensors.py
[2025-06-05T19:20:11.583+0200] {processor.py:840} INFO - DAG(s) 'example_sensors' retrieved from /home/leoja/airflow/airflow_venv/lib/python3.12/site-packages/airflow/example_dags/example_sensors.py
[2025-06-05T19:20:11.598+0200] {logging_mixin.py:188} INFO - [2025-06-05T19:20:11.598+0200] {dag.py:3096} INFO - Sync 1 DAGs
[2025-06-05T19:20:11.608+0200] {logging_mixin.py:188} INFO - [2025-06-05T19:20:11.608+0200] {dag.py:3954} INFO - Setting next_dagrun for example_sensors to None, run_after=None
[2025-06-05T19:20:11.632+0200] {processor.py:183} INFO - Processing /home/leoja/airflow/airflow_venv/lib/python3.12/site-packages/airflow/example_dags/example_sensors.py took 0.066 seconds
[2025-06-05T19:21:15.877+0200] {processor.py:161} INFO - Started process (PID=548869) to work on /home/leoja/airflow/airflow_venv/lib/python3.12/site-packages/airflow/example_dags/example_sensors.py
[2025-06-05T19:21:15.879+0200] {processor.py:830} INFO - Processing file /home/leoja/airflow/airflow_venv/lib/python3.12/site-packages/airflow/example_dags/example_sensors.py for tasks to queue
[2025-06-05T19:21:15.880+0200] {logging_mixin.py:188} INFO - [2025-06-05T19:21:15.880+0200] {dagbag.py:540} INFO - Filling up the DagBag from /home/leoja/airflow/airflow_venv/lib/python3.12/site-packages/airflow/example_dags/example_sensors.py
[2025-06-05T19:21:15.888+0200] {processor.py:840} INFO - DAG(s) 'example_sensors' retrieved from /home/leoja/airflow/airflow_venv/lib/python3.12/site-packages/airflow/example_dags/example_sensors.py
[2025-06-05T19:21:15.904+0200] {logging_mixin.py:188} INFO - [2025-06-05T19:21:15.903+0200] {dag.py:3096} INFO - Sync 1 DAGs
[2025-06-05T19:21:15.913+0200] {logging_mixin.py:188} INFO - [2025-06-05T19:21:15.912+0200] {dag.py:3954} INFO - Setting next_dagrun for example_sensors to None, run_after=None
[2025-06-05T19:21:15.935+0200] {processor.py:183} INFO - Processing /home/leoja/airflow/airflow_venv/lib/python3.12/site-packages/airflow/example_dags/example_sensors.py took 0.065 seconds
[2025-06-05T19:22:16.749+0200] {processor.py:161} INFO - Started process (PID=549239) to work on /home/leoja/airflow/airflow_venv/lib/python3.12/site-packages/airflow/example_dags/example_sensors.py
[2025-06-05T19:22:16.751+0200] {processor.py:830} INFO - Processing file /home/leoja/airflow/airflow_venv/lib/python3.12/site-packages/airflow/example_dags/example_sensors.py for tasks to queue
[2025-06-05T19:22:16.752+0200] {logging_mixin.py:188} INFO - [2025-06-05T19:22:16.752+0200] {dagbag.py:540} INFO - Filling up the DagBag from /home/leoja/airflow/airflow_venv/lib/python3.12/site-packages/airflow/example_dags/example_sensors.py
[2025-06-05T19:22:16.760+0200] {processor.py:840} INFO - DAG(s) 'example_sensors' retrieved from /home/leoja/airflow/airflow_venv/lib/python3.12/site-packages/airflow/example_dags/example_sensors.py
[2025-06-05T19:22:16.776+0200] {logging_mixin.py:188} INFO - [2025-06-05T19:22:16.775+0200] {dag.py:3096} INFO - Sync 1 DAGs
[2025-06-05T19:22:16.784+0200] {logging_mixin.py:188} INFO - [2025-06-05T19:22:16.784+0200] {dag.py:3954} INFO - Setting next_dagrun for example_sensors to None, run_after=None
[2025-06-05T19:22:16.807+0200] {processor.py:183} INFO - Processing /home/leoja/airflow/airflow_venv/lib/python3.12/site-packages/airflow/example_dags/example_sensors.py took 0.064 seconds
[2025-06-05T19:23:20.091+0200] {processor.py:161} INFO - Started process (PID=549576) to work on /home/leoja/airflow/airflow_venv/lib/python3.12/site-packages/airflow/example_dags/example_sensors.py
[2025-06-05T19:23:20.093+0200] {processor.py:830} INFO - Processing file /home/leoja/airflow/airflow_venv/lib/python3.12/site-packages/airflow/example_dags/example_sensors.py for tasks to queue
[2025-06-05T19:23:20.095+0200] {logging_mixin.py:188} INFO - [2025-06-05T19:23:20.094+0200] {dagbag.py:540} INFO - Filling up the DagBag from /home/leoja/airflow/airflow_venv/lib/python3.12/site-packages/airflow/example_dags/example_sensors.py
[2025-06-05T19:23:20.102+0200] {processor.py:840} INFO - DAG(s) 'example_sensors' retrieved from /home/leoja/airflow/airflow_venv/lib/python3.12/site-packages/airflow/example_dags/example_sensors.py
[2025-06-05T19:23:20.115+0200] {logging_mixin.py:188} INFO - [2025-06-05T19:23:20.115+0200] {dag.py:3096} INFO - Sync 1 DAGs
[2025-06-05T19:23:20.123+0200] {logging_mixin.py:188} INFO - [2025-06-05T19:23:20.123+0200] {dag.py:3954} INFO - Setting next_dagrun for example_sensors to None, run_after=None
[2025-06-05T19:23:20.144+0200] {processor.py:183} INFO - Processing /home/leoja/airflow/airflow_venv/lib/python3.12/site-packages/airflow/example_dags/example_sensors.py took 0.059 seconds
[2025-06-05T19:24:22.067+0200] {processor.py:161} INFO - Started process (PID=549921) to work on /home/leoja/airflow/airflow_venv/lib/python3.12/site-packages/airflow/example_dags/example_sensors.py
[2025-06-05T19:24:22.069+0200] {processor.py:830} INFO - Processing file /home/leoja/airflow/airflow_venv/lib/python3.12/site-packages/airflow/example_dags/example_sensors.py for tasks to queue
[2025-06-05T19:24:22.070+0200] {logging_mixin.py:188} INFO - [2025-06-05T19:24:22.070+0200] {dagbag.py:540} INFO - Filling up the DagBag from /home/leoja/airflow/airflow_venv/lib/python3.12/site-packages/airflow/example_dags/example_sensors.py
[2025-06-05T19:24:22.077+0200] {processor.py:840} INFO - DAG(s) 'example_sensors' retrieved from /home/leoja/airflow/airflow_venv/lib/python3.12/site-packages/airflow/example_dags/example_sensors.py
[2025-06-05T19:24:22.093+0200] {logging_mixin.py:188} INFO - [2025-06-05T19:24:22.093+0200] {dag.py:3096} INFO - Sync 1 DAGs
[2025-06-05T19:24:22.101+0200] {logging_mixin.py:188} INFO - [2025-06-05T19:24:22.101+0200] {dag.py:3954} INFO - Setting next_dagrun for example_sensors to None, run_after=None
[2025-06-05T19:24:22.125+0200] {processor.py:183} INFO - Processing /home/leoja/airflow/airflow_venv/lib/python3.12/site-packages/airflow/example_dags/example_sensors.py took 0.064 seconds
[2025-06-05T19:25:06.097+0200] {processor.py:161} INFO - Started process (PID=550184) to work on /home/leoja/airflow/airflow_venv/lib/python3.12/site-packages/airflow/example_dags/example_sensors.py
[2025-06-05T19:25:06.100+0200] {processor.py:830} INFO - Processing file /home/leoja/airflow/airflow_venv/lib/python3.12/site-packages/airflow/example_dags/example_sensors.py for tasks to queue
[2025-06-05T19:25:06.101+0200] {logging_mixin.py:188} INFO - [2025-06-05T19:25:06.101+0200] {dagbag.py:540} INFO - Filling up the DagBag from /home/leoja/airflow/airflow_venv/lib/python3.12/site-packages/airflow/example_dags/example_sensors.py
[2025-06-05T19:25:06.107+0200] {processor.py:840} INFO - DAG(s) 'example_sensors' retrieved from /home/leoja/airflow/airflow_venv/lib/python3.12/site-packages/airflow/example_dags/example_sensors.py
[2025-06-05T19:25:06.123+0200] {logging_mixin.py:188} INFO - [2025-06-05T19:25:06.123+0200] {dag.py:3096} INFO - Sync 1 DAGs
[2025-06-05T19:25:06.133+0200] {logging_mixin.py:188} INFO - [2025-06-05T19:25:06.133+0200] {dag.py:3954} INFO - Setting next_dagrun for example_sensors to None, run_after=None
[2025-06-05T19:25:06.154+0200] {processor.py:183} INFO - Processing /home/leoja/airflow/airflow_venv/lib/python3.12/site-packages/airflow/example_dags/example_sensors.py took 0.063 seconds
[2025-06-05T19:26:01.736+0200] {processor.py:161} INFO - Started process (PID=550587) to work on /home/leoja/airflow/airflow_venv/lib/python3.12/site-packages/airflow/example_dags/example_sensors.py
[2025-06-05T19:26:01.738+0200] {processor.py:830} INFO - Processing file /home/leoja/airflow/airflow_venv/lib/python3.12/site-packages/airflow/example_dags/example_sensors.py for tasks to queue
[2025-06-05T19:26:01.740+0200] {logging_mixin.py:188} INFO - [2025-06-05T19:26:01.739+0200] {dagbag.py:540} INFO - Filling up the DagBag from /home/leoja/airflow/airflow_venv/lib/python3.12/site-packages/airflow/example_dags/example_sensors.py
[2025-06-05T19:26:01.746+0200] {processor.py:840} INFO - DAG(s) 'example_sensors' retrieved from /home/leoja/airflow/airflow_venv/lib/python3.12/site-packages/airflow/example_dags/example_sensors.py
[2025-06-05T19:26:01.759+0200] {logging_mixin.py:188} INFO - [2025-06-05T19:26:01.759+0200] {dag.py:3096} INFO - Sync 1 DAGs
[2025-06-05T19:26:01.767+0200] {logging_mixin.py:188} INFO - [2025-06-05T19:26:01.766+0200] {dag.py:3954} INFO - Setting next_dagrun for example_sensors to None, run_after=None
[2025-06-05T19:26:01.792+0200] {processor.py:183} INFO - Processing /home/leoja/airflow/airflow_venv/lib/python3.12/site-packages/airflow/example_dags/example_sensors.py took 0.061 seconds
[2025-06-05T19:26:47.131+0200] {processor.py:161} INFO - Started process (PID=550759) to work on /home/leoja/airflow/airflow_venv/lib/python3.12/site-packages/airflow/example_dags/example_sensors.py
[2025-06-05T19:26:47.133+0200] {processor.py:830} INFO - Processing file /home/leoja/airflow/airflow_venv/lib/python3.12/site-packages/airflow/example_dags/example_sensors.py for tasks to queue
[2025-06-05T19:26:47.135+0200] {logging_mixin.py:188} INFO - [2025-06-05T19:26:47.134+0200] {dagbag.py:540} INFO - Filling up the DagBag from /home/leoja/airflow/airflow_venv/lib/python3.12/site-packages/airflow/example_dags/example_sensors.py
[2025-06-05T19:26:47.142+0200] {processor.py:840} INFO - DAG(s) 'example_sensors' retrieved from /home/leoja/airflow/airflow_venv/lib/python3.12/site-packages/airflow/example_dags/example_sensors.py
[2025-06-05T19:26:47.158+0200] {logging_mixin.py:188} INFO - [2025-06-05T19:26:47.158+0200] {dag.py:3096} INFO - Sync 1 DAGs
[2025-06-05T19:26:47.166+0200] {logging_mixin.py:188} INFO - [2025-06-05T19:26:47.166+0200] {dag.py:3954} INFO - Setting next_dagrun for example_sensors to None, run_after=None
[2025-06-05T19:26:47.187+0200] {processor.py:183} INFO - Processing /home/leoja/airflow/airflow_venv/lib/python3.12/site-packages/airflow/example_dags/example_sensors.py took 0.063 seconds
[2025-06-05T19:27:54.419+0200] {processor.py:161} INFO - Started process (PID=551485) to work on /home/leoja/airflow/airflow_venv/lib/python3.12/site-packages/airflow/example_dags/example_sensors.py
[2025-06-05T19:27:54.421+0200] {processor.py:830} INFO - Processing file /home/leoja/airflow/airflow_venv/lib/python3.12/site-packages/airflow/example_dags/example_sensors.py for tasks to queue
[2025-06-05T19:27:54.422+0200] {logging_mixin.py:188} INFO - [2025-06-05T19:27:54.422+0200] {dagbag.py:540} INFO - Filling up the DagBag from /home/leoja/airflow/airflow_venv/lib/python3.12/site-packages/airflow/example_dags/example_sensors.py
[2025-06-05T19:27:54.428+0200] {processor.py:840} INFO - DAG(s) 'example_sensors' retrieved from /home/leoja/airflow/airflow_venv/lib/python3.12/site-packages/airflow/example_dags/example_sensors.py
[2025-06-05T19:27:54.442+0200] {logging_mixin.py:188} INFO - [2025-06-05T19:27:54.442+0200] {dag.py:3096} INFO - Sync 1 DAGs
[2025-06-05T19:27:54.449+0200] {logging_mixin.py:188} INFO - [2025-06-05T19:27:54.449+0200] {dag.py:3954} INFO - Setting next_dagrun for example_sensors to None, run_after=None
[2025-06-05T19:27:54.469+0200] {processor.py:183} INFO - Processing /home/leoja/airflow/airflow_venv/lib/python3.12/site-packages/airflow/example_dags/example_sensors.py took 0.055 seconds
[2025-06-05T19:28:44.495+0200] {processor.py:161} INFO - Started process (PID=552289) to work on /home/leoja/airflow/airflow_venv/lib/python3.12/site-packages/airflow/example_dags/example_sensors.py
[2025-06-05T19:28:44.496+0200] {processor.py:830} INFO - Processing file /home/leoja/airflow/airflow_venv/lib/python3.12/site-packages/airflow/example_dags/example_sensors.py for tasks to queue
[2025-06-05T19:28:44.498+0200] {logging_mixin.py:188} INFO - [2025-06-05T19:28:44.498+0200] {dagbag.py:540} INFO - Filling up the DagBag from /home/leoja/airflow/airflow_venv/lib/python3.12/site-packages/airflow/example_dags/example_sensors.py
[2025-06-05T19:28:44.508+0200] {processor.py:840} INFO - DAG(s) 'example_sensors' retrieved from /home/leoja/airflow/airflow_venv/lib/python3.12/site-packages/airflow/example_dags/example_sensors.py
[2025-06-05T19:28:44.529+0200] {logging_mixin.py:188} INFO - [2025-06-05T19:28:44.529+0200] {dag.py:3096} INFO - Sync 1 DAGs
[2025-06-05T19:28:44.544+0200] {logging_mixin.py:188} INFO - [2025-06-05T19:28:44.543+0200] {dag.py:3954} INFO - Setting next_dagrun for example_sensors to None, run_after=None
[2025-06-05T19:28:44.566+0200] {processor.py:183} INFO - Processing /home/leoja/airflow/airflow_venv/lib/python3.12/site-packages/airflow/example_dags/example_sensors.py took 0.080 seconds
[2025-06-05T19:29:30.581+0200] {processor.py:161} INFO - Started process (PID=552567) to work on /home/leoja/airflow/airflow_venv/lib/python3.12/site-packages/airflow/example_dags/example_sensors.py
[2025-06-05T19:29:30.583+0200] {processor.py:830} INFO - Processing file /home/leoja/airflow/airflow_venv/lib/python3.12/site-packages/airflow/example_dags/example_sensors.py for tasks to queue
[2025-06-05T19:29:30.585+0200] {logging_mixin.py:188} INFO - [2025-06-05T19:29:30.584+0200] {dagbag.py:540} INFO - Filling up the DagBag from /home/leoja/airflow/airflow_venv/lib/python3.12/site-packages/airflow/example_dags/example_sensors.py
[2025-06-05T19:29:30.593+0200] {processor.py:840} INFO - DAG(s) 'example_sensors' retrieved from /home/leoja/airflow/airflow_venv/lib/python3.12/site-packages/airflow/example_dags/example_sensors.py
[2025-06-05T19:29:30.614+0200] {logging_mixin.py:188} INFO - [2025-06-05T19:29:30.614+0200] {dag.py:3096} INFO - Sync 1 DAGs
[2025-06-05T19:29:30.626+0200] {logging_mixin.py:188} INFO - [2025-06-05T19:29:30.626+0200] {dag.py:3954} INFO - Setting next_dagrun for example_sensors to None, run_after=None
[2025-06-05T19:29:30.653+0200] {processor.py:183} INFO - Processing /home/leoja/airflow/airflow_venv/lib/python3.12/site-packages/airflow/example_dags/example_sensors.py took 0.081 seconds
[2025-06-05T19:30:15.016+0200] {processor.py:161} INFO - Started process (PID=552864) to work on /home/leoja/airflow/airflow_venv/lib/python3.12/site-packages/airflow/example_dags/example_sensors.py
[2025-06-05T19:30:15.017+0200] {processor.py:830} INFO - Processing file /home/leoja/airflow/airflow_venv/lib/python3.12/site-packages/airflow/example_dags/example_sensors.py for tasks to queue
[2025-06-05T19:30:15.019+0200] {logging_mixin.py:188} INFO - [2025-06-05T19:30:15.019+0200] {dagbag.py:540} INFO - Filling up the DagBag from /home/leoja/airflow/airflow_venv/lib/python3.12/site-packages/airflow/example_dags/example_sensors.py
[2025-06-05T19:30:15.026+0200] {processor.py:840} INFO - DAG(s) 'example_sensors' retrieved from /home/leoja/airflow/airflow_venv/lib/python3.12/site-packages/airflow/example_dags/example_sensors.py
[2025-06-05T19:30:15.043+0200] {logging_mixin.py:188} INFO - [2025-06-05T19:30:15.042+0200] {dag.py:3096} INFO - Sync 1 DAGs
[2025-06-05T19:30:15.051+0200] {logging_mixin.py:188} INFO - [2025-06-05T19:30:15.051+0200] {dag.py:3954} INFO - Setting next_dagrun for example_sensors to None, run_after=None
[2025-06-05T19:30:15.074+0200] {processor.py:183} INFO - Processing /home/leoja/airflow/airflow_venv/lib/python3.12/site-packages/airflow/example_dags/example_sensors.py took 0.065 seconds
[2025-06-05T19:30:59.903+0200] {processor.py:161} INFO - Started process (PID=553130) to work on /home/leoja/airflow/airflow_venv/lib/python3.12/site-packages/airflow/example_dags/example_sensors.py
[2025-06-05T19:30:59.904+0200] {processor.py:830} INFO - Processing file /home/leoja/airflow/airflow_venv/lib/python3.12/site-packages/airflow/example_dags/example_sensors.py for tasks to queue
[2025-06-05T19:30:59.906+0200] {logging_mixin.py:188} INFO - [2025-06-05T19:30:59.906+0200] {dagbag.py:540} INFO - Filling up the DagBag from /home/leoja/airflow/airflow_venv/lib/python3.12/site-packages/airflow/example_dags/example_sensors.py
[2025-06-05T19:30:59.915+0200] {processor.py:840} INFO - DAG(s) 'example_sensors' retrieved from /home/leoja/airflow/airflow_venv/lib/python3.12/site-packages/airflow/example_dags/example_sensors.py
[2025-06-05T19:30:59.931+0200] {logging_mixin.py:188} INFO - [2025-06-05T19:30:59.931+0200] {dag.py:3096} INFO - Sync 1 DAGs
[2025-06-05T19:30:59.940+0200] {logging_mixin.py:188} INFO - [2025-06-05T19:30:59.940+0200] {dag.py:3954} INFO - Setting next_dagrun for example_sensors to None, run_after=None
[2025-06-05T19:30:59.962+0200] {processor.py:183} INFO - Processing /home/leoja/airflow/airflow_venv/lib/python3.12/site-packages/airflow/example_dags/example_sensors.py took 0.065 seconds
[2025-06-05T19:31:43.926+0200] {processor.py:161} INFO - Started process (PID=553362) to work on /home/leoja/airflow/airflow_venv/lib/python3.12/site-packages/airflow/example_dags/example_sensors.py
[2025-06-05T19:31:43.928+0200] {processor.py:830} INFO - Processing file /home/leoja/airflow/airflow_venv/lib/python3.12/site-packages/airflow/example_dags/example_sensors.py for tasks to queue
[2025-06-05T19:31:43.931+0200] {logging_mixin.py:188} INFO - [2025-06-05T19:31:43.930+0200] {dagbag.py:540} INFO - Filling up the DagBag from /home/leoja/airflow/airflow_venv/lib/python3.12/site-packages/airflow/example_dags/example_sensors.py
[2025-06-05T19:31:43.949+0200] {processor.py:840} INFO - DAG(s) 'example_sensors' retrieved from /home/leoja/airflow/airflow_venv/lib/python3.12/site-packages/airflow/example_dags/example_sensors.py
[2025-06-05T19:31:43.994+0200] {logging_mixin.py:188} INFO - [2025-06-05T19:31:43.992+0200] {dag.py:3096} INFO - Sync 1 DAGs
[2025-06-05T19:31:44.030+0200] {logging_mixin.py:188} INFO - [2025-06-05T19:31:44.030+0200] {dag.py:3954} INFO - Setting next_dagrun for example_sensors to None, run_after=None
[2025-06-05T19:31:44.102+0200] {processor.py:183} INFO - Processing /home/leoja/airflow/airflow_venv/lib/python3.12/site-packages/airflow/example_dags/example_sensors.py took 0.189 seconds
[2025-06-05T19:32:47.833+0200] {processor.py:161} INFO - Started process (PID=553730) to work on /home/leoja/airflow/airflow_venv/lib/python3.12/site-packages/airflow/example_dags/example_sensors.py
[2025-06-05T19:32:47.834+0200] {processor.py:830} INFO - Processing file /home/leoja/airflow/airflow_venv/lib/python3.12/site-packages/airflow/example_dags/example_sensors.py for tasks to queue
[2025-06-05T19:32:47.836+0200] {logging_mixin.py:188} INFO - [2025-06-05T19:32:47.836+0200] {dagbag.py:540} INFO - Filling up the DagBag from /home/leoja/airflow/airflow_venv/lib/python3.12/site-packages/airflow/example_dags/example_sensors.py
[2025-06-05T19:32:47.844+0200] {processor.py:840} INFO - DAG(s) 'example_sensors' retrieved from /home/leoja/airflow/airflow_venv/lib/python3.12/site-packages/airflow/example_dags/example_sensors.py
[2025-06-05T19:32:47.862+0200] {logging_mixin.py:188} INFO - [2025-06-05T19:32:47.861+0200] {dag.py:3096} INFO - Sync 1 DAGs
[2025-06-05T19:32:47.870+0200] {logging_mixin.py:188} INFO - [2025-06-05T19:32:47.870+0200] {dag.py:3954} INFO - Setting next_dagrun for example_sensors to None, run_after=None
[2025-06-05T19:32:47.895+0200] {processor.py:183} INFO - Processing /home/leoja/airflow/airflow_venv/lib/python3.12/site-packages/airflow/example_dags/example_sensors.py took 0.068 seconds
[2025-06-05T19:33:32.603+0200] {processor.py:161} INFO - Started process (PID=553975) to work on /home/leoja/airflow/airflow_venv/lib/python3.12/site-packages/airflow/example_dags/example_sensors.py
[2025-06-05T19:33:32.604+0200] {processor.py:830} INFO - Processing file /home/leoja/airflow/airflow_venv/lib/python3.12/site-packages/airflow/example_dags/example_sensors.py for tasks to queue
[2025-06-05T19:33:32.606+0200] {logging_mixin.py:188} INFO - [2025-06-05T19:33:32.606+0200] {dagbag.py:540} INFO - Filling up the DagBag from /home/leoja/airflow/airflow_venv/lib/python3.12/site-packages/airflow/example_dags/example_sensors.py
[2025-06-05T19:33:32.613+0200] {processor.py:840} INFO - DAG(s) 'example_sensors' retrieved from /home/leoja/airflow/airflow_venv/lib/python3.12/site-packages/airflow/example_dags/example_sensors.py
[2025-06-05T19:33:32.633+0200] {logging_mixin.py:188} INFO - [2025-06-05T19:33:32.632+0200] {dag.py:3096} INFO - Sync 1 DAGs
[2025-06-05T19:33:32.641+0200] {logging_mixin.py:188} INFO - [2025-06-05T19:33:32.641+0200] {dag.py:3954} INFO - Setting next_dagrun for example_sensors to None, run_after=None
[2025-06-05T19:33:32.663+0200] {processor.py:183} INFO - Processing /home/leoja/airflow/airflow_venv/lib/python3.12/site-packages/airflow/example_dags/example_sensors.py took 0.067 seconds
[2025-06-05T19:34:16.148+0200] {processor.py:161} INFO - Started process (PID=554244) to work on /home/leoja/airflow/airflow_venv/lib/python3.12/site-packages/airflow/example_dags/example_sensors.py
[2025-06-05T19:34:16.149+0200] {processor.py:830} INFO - Processing file /home/leoja/airflow/airflow_venv/lib/python3.12/site-packages/airflow/example_dags/example_sensors.py for tasks to queue
[2025-06-05T19:34:16.151+0200] {logging_mixin.py:188} INFO - [2025-06-05T19:34:16.151+0200] {dagbag.py:540} INFO - Filling up the DagBag from /home/leoja/airflow/airflow_venv/lib/python3.12/site-packages/airflow/example_dags/example_sensors.py
[2025-06-05T19:34:16.158+0200] {processor.py:840} INFO - DAG(s) 'example_sensors' retrieved from /home/leoja/airflow/airflow_venv/lib/python3.12/site-packages/airflow/example_dags/example_sensors.py
[2025-06-05T19:34:16.174+0200] {logging_mixin.py:188} INFO - [2025-06-05T19:34:16.174+0200] {dag.py:3096} INFO - Sync 1 DAGs
[2025-06-05T19:34:16.184+0200] {logging_mixin.py:188} INFO - [2025-06-05T19:34:16.183+0200] {dag.py:3954} INFO - Setting next_dagrun for example_sensors to None, run_after=None
[2025-06-05T19:34:16.204+0200] {processor.py:183} INFO - Processing /home/leoja/airflow/airflow_venv/lib/python3.12/site-packages/airflow/example_dags/example_sensors.py took 0.062 seconds
[2025-06-05T19:35:17.589+0200] {processor.py:161} INFO - Started process (PID=554587) to work on /home/leoja/airflow/airflow_venv/lib/python3.12/site-packages/airflow/example_dags/example_sensors.py
[2025-06-05T19:35:17.591+0200] {processor.py:830} INFO - Processing file /home/leoja/airflow/airflow_venv/lib/python3.12/site-packages/airflow/example_dags/example_sensors.py for tasks to queue
[2025-06-05T19:35:17.592+0200] {logging_mixin.py:188} INFO - [2025-06-05T19:35:17.592+0200] {dagbag.py:540} INFO - Filling up the DagBag from /home/leoja/airflow/airflow_venv/lib/python3.12/site-packages/airflow/example_dags/example_sensors.py
[2025-06-05T19:35:17.599+0200] {processor.py:840} INFO - DAG(s) 'example_sensors' retrieved from /home/leoja/airflow/airflow_venv/lib/python3.12/site-packages/airflow/example_dags/example_sensors.py
[2025-06-05T19:35:17.617+0200] {logging_mixin.py:188} INFO - [2025-06-05T19:35:17.617+0200] {dag.py:3096} INFO - Sync 1 DAGs
[2025-06-05T19:35:17.626+0200] {logging_mixin.py:188} INFO - [2025-06-05T19:35:17.626+0200] {dag.py:3954} INFO - Setting next_dagrun for example_sensors to None, run_after=None
[2025-06-05T19:35:17.647+0200] {processor.py:183} INFO - Processing /home/leoja/airflow/airflow_venv/lib/python3.12/site-packages/airflow/example_dags/example_sensors.py took 0.066 seconds
[2025-06-05T19:36:21.699+0200] {processor.py:161} INFO - Started process (PID=554926) to work on /home/leoja/airflow/airflow_venv/lib/python3.12/site-packages/airflow/example_dags/example_sensors.py
[2025-06-05T19:36:21.701+0200] {processor.py:830} INFO - Processing file /home/leoja/airflow/airflow_venv/lib/python3.12/site-packages/airflow/example_dags/example_sensors.py for tasks to queue
[2025-06-05T19:36:21.702+0200] {logging_mixin.py:188} INFO - [2025-06-05T19:36:21.702+0200] {dagbag.py:540} INFO - Filling up the DagBag from /home/leoja/airflow/airflow_venv/lib/python3.12/site-packages/airflow/example_dags/example_sensors.py
[2025-06-05T19:36:21.710+0200] {processor.py:840} INFO - DAG(s) 'example_sensors' retrieved from /home/leoja/airflow/airflow_venv/lib/python3.12/site-packages/airflow/example_dags/example_sensors.py
[2025-06-05T19:36:21.726+0200] {logging_mixin.py:188} INFO - [2025-06-05T19:36:21.726+0200] {dag.py:3096} INFO - Sync 1 DAGs
[2025-06-05T19:36:21.734+0200] {logging_mixin.py:188} INFO - [2025-06-05T19:36:21.734+0200] {dag.py:3954} INFO - Setting next_dagrun for example_sensors to None, run_after=None
[2025-06-05T19:36:21.756+0200] {processor.py:183} INFO - Processing /home/leoja/airflow/airflow_venv/lib/python3.12/site-packages/airflow/example_dags/example_sensors.py took 0.069 seconds
[2025-06-05T19:37:27.395+0200] {processor.py:161} INFO - Started process (PID=555295) to work on /home/leoja/airflow/airflow_venv/lib/python3.12/site-packages/airflow/example_dags/example_sensors.py
[2025-06-05T19:37:27.397+0200] {processor.py:830} INFO - Processing file /home/leoja/airflow/airflow_venv/lib/python3.12/site-packages/airflow/example_dags/example_sensors.py for tasks to queue
[2025-06-05T19:37:27.399+0200] {logging_mixin.py:188} INFO - [2025-06-05T19:37:27.399+0200] {dagbag.py:540} INFO - Filling up the DagBag from /home/leoja/airflow/airflow_venv/lib/python3.12/site-packages/airflow/example_dags/example_sensors.py
[2025-06-05T19:37:27.407+0200] {processor.py:840} INFO - DAG(s) 'example_sensors' retrieved from /home/leoja/airflow/airflow_venv/lib/python3.12/site-packages/airflow/example_dags/example_sensors.py
[2025-06-05T19:37:27.422+0200] {logging_mixin.py:188} INFO - [2025-06-05T19:37:27.422+0200] {dag.py:3096} INFO - Sync 1 DAGs
[2025-06-05T19:37:27.430+0200] {logging_mixin.py:188} INFO - [2025-06-05T19:37:27.430+0200] {dag.py:3954} INFO - Setting next_dagrun for example_sensors to None, run_after=None
[2025-06-05T19:37:27.451+0200] {processor.py:183} INFO - Processing /home/leoja/airflow/airflow_venv/lib/python3.12/site-packages/airflow/example_dags/example_sensors.py took 0.062 seconds
[2025-06-05T19:38:12.881+0200] {processor.py:161} INFO - Started process (PID=555556) to work on /home/leoja/airflow/airflow_venv/lib/python3.12/site-packages/airflow/example_dags/example_sensors.py
[2025-06-05T19:38:12.883+0200] {processor.py:830} INFO - Processing file /home/leoja/airflow/airflow_venv/lib/python3.12/site-packages/airflow/example_dags/example_sensors.py for tasks to queue
[2025-06-05T19:38:12.884+0200] {logging_mixin.py:188} INFO - [2025-06-05T19:38:12.884+0200] {dagbag.py:540} INFO - Filling up the DagBag from /home/leoja/airflow/airflow_venv/lib/python3.12/site-packages/airflow/example_dags/example_sensors.py
[2025-06-05T19:38:12.892+0200] {processor.py:840} INFO - DAG(s) 'example_sensors' retrieved from /home/leoja/airflow/airflow_venv/lib/python3.12/site-packages/airflow/example_dags/example_sensors.py
[2025-06-05T19:38:12.907+0200] {logging_mixin.py:188} INFO - [2025-06-05T19:38:12.907+0200] {dag.py:3096} INFO - Sync 1 DAGs
[2025-06-05T19:38:12.915+0200] {logging_mixin.py:188} INFO - [2025-06-05T19:38:12.915+0200] {dag.py:3954} INFO - Setting next_dagrun for example_sensors to None, run_after=None
[2025-06-05T19:38:12.937+0200] {processor.py:183} INFO - Processing /home/leoja/airflow/airflow_venv/lib/python3.12/site-packages/airflow/example_dags/example_sensors.py took 0.062 seconds
[2025-06-05T19:39:14.800+0200] {processor.py:161} INFO - Started process (PID=555899) to work on /home/leoja/airflow/airflow_venv/lib/python3.12/site-packages/airflow/example_dags/example_sensors.py
[2025-06-05T19:39:14.802+0200] {processor.py:830} INFO - Processing file /home/leoja/airflow/airflow_venv/lib/python3.12/site-packages/airflow/example_dags/example_sensors.py for tasks to queue
[2025-06-05T19:39:14.803+0200] {logging_mixin.py:188} INFO - [2025-06-05T19:39:14.803+0200] {dagbag.py:540} INFO - Filling up the DagBag from /home/leoja/airflow/airflow_venv/lib/python3.12/site-packages/airflow/example_dags/example_sensors.py
[2025-06-05T19:39:14.810+0200] {processor.py:840} INFO - DAG(s) 'example_sensors' retrieved from /home/leoja/airflow/airflow_venv/lib/python3.12/site-packages/airflow/example_dags/example_sensors.py
[2025-06-05T19:39:14.824+0200] {logging_mixin.py:188} INFO - [2025-06-05T19:39:14.824+0200] {dag.py:3096} INFO - Sync 1 DAGs
[2025-06-05T19:39:14.831+0200] {logging_mixin.py:188} INFO - [2025-06-05T19:39:14.831+0200] {dag.py:3954} INFO - Setting next_dagrun for example_sensors to None, run_after=None
[2025-06-05T19:39:14.854+0200] {processor.py:183} INFO - Processing /home/leoja/airflow/airflow_venv/lib/python3.12/site-packages/airflow/example_dags/example_sensors.py took 0.059 seconds
[2025-06-05T19:39:59.108+0200] {processor.py:161} INFO - Started process (PID=556141) to work on /home/leoja/airflow/airflow_venv/lib/python3.12/site-packages/airflow/example_dags/example_sensors.py
[2025-06-05T19:39:59.110+0200] {processor.py:830} INFO - Processing file /home/leoja/airflow/airflow_venv/lib/python3.12/site-packages/airflow/example_dags/example_sensors.py for tasks to queue
[2025-06-05T19:39:59.111+0200] {logging_mixin.py:188} INFO - [2025-06-05T19:39:59.111+0200] {dagbag.py:540} INFO - Filling up the DagBag from /home/leoja/airflow/airflow_venv/lib/python3.12/site-packages/airflow/example_dags/example_sensors.py
[2025-06-05T19:39:59.118+0200] {processor.py:840} INFO - DAG(s) 'example_sensors' retrieved from /home/leoja/airflow/airflow_venv/lib/python3.12/site-packages/airflow/example_dags/example_sensors.py
[2025-06-05T19:39:59.133+0200] {logging_mixin.py:188} INFO - [2025-06-05T19:39:59.133+0200] {dag.py:3096} INFO - Sync 1 DAGs
[2025-06-05T19:39:59.141+0200] {logging_mixin.py:188} INFO - [2025-06-05T19:39:59.140+0200] {dag.py:3954} INFO - Setting next_dagrun for example_sensors to None, run_after=None
[2025-06-05T19:39:59.159+0200] {processor.py:183} INFO - Processing /home/leoja/airflow/airflow_venv/lib/python3.12/site-packages/airflow/example_dags/example_sensors.py took 0.057 seconds
[2025-06-05T19:40:47.536+0200] {processor.py:161} INFO - Started process (PID=556444) to work on /home/leoja/airflow/airflow_venv/lib/python3.12/site-packages/airflow/example_dags/example_sensors.py
[2025-06-05T19:40:47.538+0200] {processor.py:830} INFO - Processing file /home/leoja/airflow/airflow_venv/lib/python3.12/site-packages/airflow/example_dags/example_sensors.py for tasks to queue
[2025-06-05T19:40:47.539+0200] {logging_mixin.py:188} INFO - [2025-06-05T19:40:47.539+0200] {dagbag.py:540} INFO - Filling up the DagBag from /home/leoja/airflow/airflow_venv/lib/python3.12/site-packages/airflow/example_dags/example_sensors.py
[2025-06-05T19:40:47.547+0200] {processor.py:840} INFO - DAG(s) 'example_sensors' retrieved from /home/leoja/airflow/airflow_venv/lib/python3.12/site-packages/airflow/example_dags/example_sensors.py
[2025-06-05T19:40:47.563+0200] {logging_mixin.py:188} INFO - [2025-06-05T19:40:47.563+0200] {dag.py:3096} INFO - Sync 1 DAGs
[2025-06-05T19:40:47.572+0200] {logging_mixin.py:188} INFO - [2025-06-05T19:40:47.572+0200] {dag.py:3954} INFO - Setting next_dagrun for example_sensors to None, run_after=None
[2025-06-05T19:40:47.592+0200] {processor.py:183} INFO - Processing /home/leoja/airflow/airflow_venv/lib/python3.12/site-packages/airflow/example_dags/example_sensors.py took 0.063 seconds
[2025-06-05T19:41:31.927+0200] {processor.py:161} INFO - Started process (PID=556946) to work on /home/leoja/airflow/airflow_venv/lib/python3.12/site-packages/airflow/example_dags/example_sensors.py
[2025-06-05T19:41:31.930+0200] {processor.py:830} INFO - Processing file /home/leoja/airflow/airflow_venv/lib/python3.12/site-packages/airflow/example_dags/example_sensors.py for tasks to queue
[2025-06-05T19:41:31.943+0200] {logging_mixin.py:188} INFO - [2025-06-05T19:41:31.941+0200] {dagbag.py:540} INFO - Filling up the DagBag from /home/leoja/airflow/airflow_venv/lib/python3.12/site-packages/airflow/example_dags/example_sensors.py
[2025-06-05T19:41:31.982+0200] {processor.py:840} INFO - DAG(s) 'example_sensors' retrieved from /home/leoja/airflow/airflow_venv/lib/python3.12/site-packages/airflow/example_dags/example_sensors.py
[2025-06-05T19:41:32.061+0200] {logging_mixin.py:188} INFO - [2025-06-05T19:41:32.060+0200] {dag.py:3096} INFO - Sync 1 DAGs
[2025-06-05T19:41:32.113+0200] {logging_mixin.py:188} INFO - [2025-06-05T19:41:32.113+0200] {dag.py:3954} INFO - Setting next_dagrun for example_sensors to None, run_after=None
[2025-06-05T19:41:32.211+0200] {processor.py:183} INFO - Processing /home/leoja/airflow/airflow_venv/lib/python3.12/site-packages/airflow/example_dags/example_sensors.py took 0.313 seconds
[2025-06-05T19:42:17.681+0200] {processor.py:161} INFO - Started process (PID=557534) to work on /home/leoja/airflow/airflow_venv/lib/python3.12/site-packages/airflow/example_dags/example_sensors.py
[2025-06-05T19:42:17.683+0200] {processor.py:830} INFO - Processing file /home/leoja/airflow/airflow_venv/lib/python3.12/site-packages/airflow/example_dags/example_sensors.py for tasks to queue
[2025-06-05T19:42:17.684+0200] {logging_mixin.py:188} INFO - [2025-06-05T19:42:17.684+0200] {dagbag.py:540} INFO - Filling up the DagBag from /home/leoja/airflow/airflow_venv/lib/python3.12/site-packages/airflow/example_dags/example_sensors.py
[2025-06-05T19:42:17.693+0200] {processor.py:840} INFO - DAG(s) 'example_sensors' retrieved from /home/leoja/airflow/airflow_venv/lib/python3.12/site-packages/airflow/example_dags/example_sensors.py
[2025-06-05T19:42:17.707+0200] {logging_mixin.py:188} INFO - [2025-06-05T19:42:17.707+0200] {dag.py:3096} INFO - Sync 1 DAGs
[2025-06-05T19:42:17.714+0200] {logging_mixin.py:188} INFO - [2025-06-05T19:42:17.714+0200] {dag.py:3954} INFO - Setting next_dagrun for example_sensors to None, run_after=None
[2025-06-05T19:42:17.733+0200] {processor.py:183} INFO - Processing /home/leoja/airflow/airflow_venv/lib/python3.12/site-packages/airflow/example_dags/example_sensors.py took 0.057 seconds
[2025-06-05T19:43:24.987+0200] {processor.py:161} INFO - Started process (PID=557764) to work on /home/leoja/airflow/airflow_venv/lib/python3.12/site-packages/airflow/example_dags/example_sensors.py
[2025-06-05T19:43:24.989+0200] {processor.py:830} INFO - Processing file /home/leoja/airflow/airflow_venv/lib/python3.12/site-packages/airflow/example_dags/example_sensors.py for tasks to queue
[2025-06-05T19:43:24.992+0200] {logging_mixin.py:188} INFO - [2025-06-05T19:43:24.991+0200] {dagbag.py:540} INFO - Filling up the DagBag from /home/leoja/airflow/airflow_venv/lib/python3.12/site-packages/airflow/example_dags/example_sensors.py
[2025-06-05T19:43:24.999+0200] {processor.py:840} INFO - DAG(s) 'example_sensors' retrieved from /home/leoja/airflow/airflow_venv/lib/python3.12/site-packages/airflow/example_dags/example_sensors.py
[2025-06-05T19:43:25.015+0200] {logging_mixin.py:188} INFO - [2025-06-05T19:43:25.015+0200] {dag.py:3096} INFO - Sync 1 DAGs
[2025-06-05T19:43:25.025+0200] {logging_mixin.py:188} INFO - [2025-06-05T19:43:25.025+0200] {dag.py:3954} INFO - Setting next_dagrun for example_sensors to None, run_after=None
[2025-06-05T19:43:25.050+0200] {processor.py:183} INFO - Processing /home/leoja/airflow/airflow_venv/lib/python3.12/site-packages/airflow/example_dags/example_sensors.py took 0.071 seconds
[2025-06-05T19:44:24.159+0200] {processor.py:161} INFO - Started process (PID=558204) to work on /home/leoja/airflow/airflow_venv/lib/python3.12/site-packages/airflow/example_dags/example_sensors.py
[2025-06-05T19:44:24.161+0200] {processor.py:830} INFO - Processing file /home/leoja/airflow/airflow_venv/lib/python3.12/site-packages/airflow/example_dags/example_sensors.py for tasks to queue
[2025-06-05T19:44:24.162+0200] {logging_mixin.py:188} INFO - [2025-06-05T19:44:24.162+0200] {dagbag.py:540} INFO - Filling up the DagBag from /home/leoja/airflow/airflow_venv/lib/python3.12/site-packages/airflow/example_dags/example_sensors.py
[2025-06-05T19:44:24.169+0200] {processor.py:840} INFO - DAG(s) 'example_sensors' retrieved from /home/leoja/airflow/airflow_venv/lib/python3.12/site-packages/airflow/example_dags/example_sensors.py
[2025-06-05T19:44:24.184+0200] {logging_mixin.py:188} INFO - [2025-06-05T19:44:24.184+0200] {dag.py:3096} INFO - Sync 1 DAGs
[2025-06-05T19:44:24.194+0200] {logging_mixin.py:188} INFO - [2025-06-05T19:44:24.194+0200] {dag.py:3954} INFO - Setting next_dagrun for example_sensors to None, run_after=None
[2025-06-05T19:44:24.216+0200] {processor.py:183} INFO - Processing /home/leoja/airflow/airflow_venv/lib/python3.12/site-packages/airflow/example_dags/example_sensors.py took 0.063 seconds
