[2025-06-05T07:52:59.978+0200] {processor.py:161} INFO - Started process (PID=530754) to work on /home/leoja/airflow/airflow_venv/lib/python3.12/site-packages/airflow/example_dags/example_branch_labels.py
[2025-06-05T07:52:59.979+0200] {processor.py:830} INFO - Processing file /home/leoja/airflow/airflow_venv/lib/python3.12/site-packages/airflow/example_dags/example_branch_labels.py for tasks to queue
[2025-06-05T07:53:00.079+0200] {logging_mixin.py:188} INFO - [2025-06-05T07:53:00.070+0200] {dagbag.py:540} INFO - Filling up the DagBag from /home/leoja/airflow/airflow_venv/lib/python3.12/site-packages/airflow/example_dags/example_branch_labels.py
[2025-06-05T07:53:00.269+0200] {processor.py:840} INFO - DAG(s) 'example_branch_labels' retrieved from /home/leoja/airflow/airflow_venv/lib/python3.12/site-packages/airflow/example_dags/example_branch_labels.py
[2025-06-05T07:53:00.652+0200] {logging_mixin.py:188} INFO - [2025-06-05T07:53:00.651+0200] {dag.py:3096} INFO - Sync 1 DAGs
[2025-06-05T07:53:00.739+0200] {logging_mixin.py:188} INFO - [2025-06-05T07:53:00.739+0200] {dag.py:3954} INFO - Setting next_dagrun for example_branch_labels to 2025-06-04 00:00:00+00:00, run_after=2025-06-05 00:00:00+00:00
[2025-06-05T07:53:00.887+0200] {processor.py:183} INFO - Processing /home/leoja/airflow/airflow_venv/lib/python3.12/site-packages/airflow/example_dags/example_branch_labels.py took 0.927 seconds
[2025-06-05T07:54:21.355+0200] {processor.py:161} INFO - Started process (PID=531389) to work on /home/leoja/airflow/airflow_venv/lib/python3.12/site-packages/airflow/example_dags/example_branch_labels.py
[2025-06-05T07:54:21.357+0200] {processor.py:830} INFO - Processing file /home/leoja/airflow/airflow_venv/lib/python3.12/site-packages/airflow/example_dags/example_branch_labels.py for tasks to queue
[2025-06-05T07:54:21.359+0200] {logging_mixin.py:188} INFO - [2025-06-05T07:54:21.359+0200] {dagbag.py:540} INFO - Filling up the DagBag from /home/leoja/airflow/airflow_venv/lib/python3.12/site-packages/airflow/example_dags/example_branch_labels.py
[2025-06-05T07:54:21.365+0200] {processor.py:840} INFO - DAG(s) 'example_branch_labels' retrieved from /home/leoja/airflow/airflow_venv/lib/python3.12/site-packages/airflow/example_dags/example_branch_labels.py
[2025-06-05T07:54:21.378+0200] {logging_mixin.py:188} INFO - [2025-06-05T07:54:21.378+0200] {dag.py:3096} INFO - Sync 1 DAGs
[2025-06-05T07:54:21.391+0200] {logging_mixin.py:188} INFO - [2025-06-05T07:54:21.391+0200] {dag.py:3954} INFO - Setting next_dagrun for example_branch_labels to 2025-06-04 00:00:00+00:00, run_after=2025-06-05 00:00:00+00:00
[2025-06-05T07:54:21.409+0200] {processor.py:183} INFO - Processing /home/leoja/airflow/airflow_venv/lib/python3.12/site-packages/airflow/example_dags/example_branch_labels.py took 0.062 seconds
[2025-06-05T07:55:22.056+0200] {processor.py:161} INFO - Started process (PID=531602) to work on /home/leoja/airflow/airflow_venv/lib/python3.12/site-packages/airflow/example_dags/example_branch_labels.py
[2025-06-05T07:55:22.059+0200] {processor.py:830} INFO - Processing file /home/leoja/airflow/airflow_venv/lib/python3.12/site-packages/airflow/example_dags/example_branch_labels.py for tasks to queue
[2025-06-05T07:55:22.060+0200] {logging_mixin.py:188} INFO - [2025-06-05T07:55:22.060+0200] {dagbag.py:540} INFO - Filling up the DagBag from /home/leoja/airflow/airflow_venv/lib/python3.12/site-packages/airflow/example_dags/example_branch_labels.py
[2025-06-05T07:55:22.066+0200] {processor.py:840} INFO - DAG(s) 'example_branch_labels' retrieved from /home/leoja/airflow/airflow_venv/lib/python3.12/site-packages/airflow/example_dags/example_branch_labels.py
[2025-06-05T07:55:22.080+0200] {logging_mixin.py:188} INFO - [2025-06-05T07:55:22.080+0200] {dag.py:3096} INFO - Sync 1 DAGs
[2025-06-05T07:55:22.094+0200] {logging_mixin.py:188} INFO - [2025-06-05T07:55:22.094+0200] {dag.py:3954} INFO - Setting next_dagrun for example_branch_labels to 2025-06-04 00:00:00+00:00, run_after=2025-06-05 00:00:00+00:00
[2025-06-05T07:55:22.113+0200] {processor.py:183} INFO - Processing /home/leoja/airflow/airflow_venv/lib/python3.12/site-packages/airflow/example_dags/example_branch_labels.py took 0.063 seconds
[2025-06-05T07:56:26.805+0200] {processor.py:161} INFO - Started process (PID=531824) to work on /home/leoja/airflow/airflow_venv/lib/python3.12/site-packages/airflow/example_dags/example_branch_labels.py
[2025-06-05T07:56:26.807+0200] {processor.py:830} INFO - Processing file /home/leoja/airflow/airflow_venv/lib/python3.12/site-packages/airflow/example_dags/example_branch_labels.py for tasks to queue
[2025-06-05T07:56:26.808+0200] {logging_mixin.py:188} INFO - [2025-06-05T07:56:26.808+0200] {dagbag.py:540} INFO - Filling up the DagBag from /home/leoja/airflow/airflow_venv/lib/python3.12/site-packages/airflow/example_dags/example_branch_labels.py
[2025-06-05T07:56:26.813+0200] {processor.py:840} INFO - DAG(s) 'example_branch_labels' retrieved from /home/leoja/airflow/airflow_venv/lib/python3.12/site-packages/airflow/example_dags/example_branch_labels.py
[2025-06-05T07:56:26.825+0200] {logging_mixin.py:188} INFO - [2025-06-05T07:56:26.825+0200] {dag.py:3096} INFO - Sync 1 DAGs
[2025-06-05T07:56:26.840+0200] {logging_mixin.py:188} INFO - [2025-06-05T07:56:26.840+0200] {dag.py:3954} INFO - Setting next_dagrun for example_branch_labels to 2025-06-04 00:00:00+00:00, run_after=2025-06-05 00:00:00+00:00
[2025-06-05T07:56:26.859+0200] {processor.py:183} INFO - Processing /home/leoja/airflow/airflow_venv/lib/python3.12/site-packages/airflow/example_dags/example_branch_labels.py took 0.062 seconds
[2025-06-05T07:57:28.775+0200] {processor.py:161} INFO - Started process (PID=532059) to work on /home/leoja/airflow/airflow_venv/lib/python3.12/site-packages/airflow/example_dags/example_branch_labels.py
[2025-06-05T07:57:28.777+0200] {processor.py:830} INFO - Processing file /home/leoja/airflow/airflow_venv/lib/python3.12/site-packages/airflow/example_dags/example_branch_labels.py for tasks to queue
[2025-06-05T07:57:28.779+0200] {logging_mixin.py:188} INFO - [2025-06-05T07:57:28.778+0200] {dagbag.py:540} INFO - Filling up the DagBag from /home/leoja/airflow/airflow_venv/lib/python3.12/site-packages/airflow/example_dags/example_branch_labels.py
[2025-06-05T07:57:28.785+0200] {processor.py:840} INFO - DAG(s) 'example_branch_labels' retrieved from /home/leoja/airflow/airflow_venv/lib/python3.12/site-packages/airflow/example_dags/example_branch_labels.py
[2025-06-05T07:57:28.803+0200] {logging_mixin.py:188} INFO - [2025-06-05T07:57:28.803+0200] {dag.py:3096} INFO - Sync 1 DAGs
[2025-06-05T07:57:28.820+0200] {logging_mixin.py:188} INFO - [2025-06-05T07:57:28.819+0200] {dag.py:3954} INFO - Setting next_dagrun for example_branch_labels to 2025-06-04 00:00:00+00:00, run_after=2025-06-05 00:00:00+00:00
[2025-06-05T07:57:28.843+0200] {processor.py:183} INFO - Processing /home/leoja/airflow/airflow_venv/lib/python3.12/site-packages/airflow/example_dags/example_branch_labels.py took 0.085 seconds
[2025-06-05T07:58:34.153+0200] {processor.py:161} INFO - Started process (PID=532281) to work on /home/leoja/airflow/airflow_venv/lib/python3.12/site-packages/airflow/example_dags/example_branch_labels.py
[2025-06-05T07:58:34.155+0200] {processor.py:830} INFO - Processing file /home/leoja/airflow/airflow_venv/lib/python3.12/site-packages/airflow/example_dags/example_branch_labels.py for tasks to queue
[2025-06-05T07:58:34.156+0200] {logging_mixin.py:188} INFO - [2025-06-05T07:58:34.156+0200] {dagbag.py:540} INFO - Filling up the DagBag from /home/leoja/airflow/airflow_venv/lib/python3.12/site-packages/airflow/example_dags/example_branch_labels.py
[2025-06-05T07:58:34.162+0200] {processor.py:840} INFO - DAG(s) 'example_branch_labels' retrieved from /home/leoja/airflow/airflow_venv/lib/python3.12/site-packages/airflow/example_dags/example_branch_labels.py
[2025-06-05T07:58:34.173+0200] {logging_mixin.py:188} INFO - [2025-06-05T07:58:34.173+0200] {dag.py:3096} INFO - Sync 1 DAGs
[2025-06-05T07:58:34.186+0200] {logging_mixin.py:188} INFO - [2025-06-05T07:58:34.186+0200] {dag.py:3954} INFO - Setting next_dagrun for example_branch_labels to 2025-06-04 00:00:00+00:00, run_after=2025-06-05 00:00:00+00:00
[2025-06-05T07:58:34.204+0200] {processor.py:183} INFO - Processing /home/leoja/airflow/airflow_venv/lib/python3.12/site-packages/airflow/example_dags/example_branch_labels.py took 0.056 seconds
[2025-06-05T18:44:49.261+0200] {processor.py:161} INFO - Started process (PID=533662) to work on /home/leoja/airflow/airflow_venv/lib/python3.12/site-packages/airflow/example_dags/example_branch_labels.py
[2025-06-05T18:44:49.263+0200] {processor.py:830} INFO - Processing file /home/leoja/airflow/airflow_venv/lib/python3.12/site-packages/airflow/example_dags/example_branch_labels.py for tasks to queue
[2025-06-05T18:44:49.265+0200] {logging_mixin.py:188} INFO - [2025-06-05T18:44:49.264+0200] {dagbag.py:540} INFO - Filling up the DagBag from /home/leoja/airflow/airflow_venv/lib/python3.12/site-packages/airflow/example_dags/example_branch_labels.py
[2025-06-05T18:44:49.271+0200] {processor.py:840} INFO - DAG(s) 'example_branch_labels' retrieved from /home/leoja/airflow/airflow_venv/lib/python3.12/site-packages/airflow/example_dags/example_branch_labels.py
[2025-06-05T18:44:49.285+0200] {logging_mixin.py:188} INFO - [2025-06-05T18:44:49.285+0200] {dag.py:3096} INFO - Sync 1 DAGs
[2025-06-05T18:44:49.301+0200] {logging_mixin.py:188} INFO - [2025-06-05T18:44:49.301+0200] {dag.py:3954} INFO - Setting next_dagrun for example_branch_labels to 2025-06-04 00:00:00+00:00, run_after=2025-06-05 00:00:00+00:00
[2025-06-05T18:44:49.329+0200] {processor.py:183} INFO - Processing /home/leoja/airflow/airflow_venv/lib/python3.12/site-packages/airflow/example_dags/example_branch_labels.py took 0.074 seconds
[2025-06-05T18:45:54.503+0200] {processor.py:161} INFO - Started process (PID=534048) to work on /home/leoja/airflow/airflow_venv/lib/python3.12/site-packages/airflow/example_dags/example_branch_labels.py
[2025-06-05T18:45:54.504+0200] {processor.py:830} INFO - Processing file /home/leoja/airflow/airflow_venv/lib/python3.12/site-packages/airflow/example_dags/example_branch_labels.py for tasks to queue
[2025-06-05T18:45:54.506+0200] {logging_mixin.py:188} INFO - [2025-06-05T18:45:54.505+0200] {dagbag.py:540} INFO - Filling up the DagBag from /home/leoja/airflow/airflow_venv/lib/python3.12/site-packages/airflow/example_dags/example_branch_labels.py
[2025-06-05T18:45:54.512+0200] {processor.py:840} INFO - DAG(s) 'example_branch_labels' retrieved from /home/leoja/airflow/airflow_venv/lib/python3.12/site-packages/airflow/example_dags/example_branch_labels.py
[2025-06-05T18:45:54.524+0200] {logging_mixin.py:188} INFO - [2025-06-05T18:45:54.524+0200] {dag.py:3096} INFO - Sync 1 DAGs
[2025-06-05T18:45:54.539+0200] {logging_mixin.py:188} INFO - [2025-06-05T18:45:54.538+0200] {dag.py:3954} INFO - Setting next_dagrun for example_branch_labels to 2025-06-04 00:00:00+00:00, run_after=2025-06-05 00:00:00+00:00
[2025-06-05T18:45:54.560+0200] {processor.py:183} INFO - Processing /home/leoja/airflow/airflow_venv/lib/python3.12/site-packages/airflow/example_dags/example_branch_labels.py took 0.064 seconds
[2025-06-05T18:46:59.219+0200] {processor.py:161} INFO - Started process (PID=534419) to work on /home/leoja/airflow/airflow_venv/lib/python3.12/site-packages/airflow/example_dags/example_branch_labels.py
[2025-06-05T18:46:59.221+0200] {processor.py:830} INFO - Processing file /home/leoja/airflow/airflow_venv/lib/python3.12/site-packages/airflow/example_dags/example_branch_labels.py for tasks to queue
[2025-06-05T18:46:59.223+0200] {logging_mixin.py:188} INFO - [2025-06-05T18:46:59.222+0200] {dagbag.py:540} INFO - Filling up the DagBag from /home/leoja/airflow/airflow_venv/lib/python3.12/site-packages/airflow/example_dags/example_branch_labels.py
[2025-06-05T18:46:59.231+0200] {processor.py:840} INFO - DAG(s) 'example_branch_labels' retrieved from /home/leoja/airflow/airflow_venv/lib/python3.12/site-packages/airflow/example_dags/example_branch_labels.py
[2025-06-05T18:46:59.243+0200] {logging_mixin.py:188} INFO - [2025-06-05T18:46:59.243+0200] {dag.py:3096} INFO - Sync 1 DAGs
[2025-06-05T18:46:59.260+0200] {logging_mixin.py:188} INFO - [2025-06-05T18:46:59.260+0200] {dag.py:3954} INFO - Setting next_dagrun for example_branch_labels to 2025-06-04 00:00:00+00:00, run_after=2025-06-05 00:00:00+00:00
[2025-06-05T18:46:59.285+0200] {processor.py:183} INFO - Processing /home/leoja/airflow/airflow_venv/lib/python3.12/site-packages/airflow/example_dags/example_branch_labels.py took 0.072 seconds
[2025-06-05T18:48:10.033+0200] {processor.py:161} INFO - Started process (PID=534839) to work on /home/leoja/airflow/airflow_venv/lib/python3.12/site-packages/airflow/example_dags/example_branch_labels.py
[2025-06-05T18:48:10.037+0200] {processor.py:830} INFO - Processing file /home/leoja/airflow/airflow_venv/lib/python3.12/site-packages/airflow/example_dags/example_branch_labels.py for tasks to queue
[2025-06-05T18:48:10.039+0200] {logging_mixin.py:188} INFO - [2025-06-05T18:48:10.038+0200] {dagbag.py:540} INFO - Filling up the DagBag from /home/leoja/airflow/airflow_venv/lib/python3.12/site-packages/airflow/example_dags/example_branch_labels.py
[2025-06-05T18:48:10.057+0200] {processor.py:840} INFO - DAG(s) 'example_branch_labels' retrieved from /home/leoja/airflow/airflow_venv/lib/python3.12/site-packages/airflow/example_dags/example_branch_labels.py
[2025-06-05T18:48:10.091+0200] {logging_mixin.py:188} INFO - [2025-06-05T18:48:10.090+0200] {dag.py:3096} INFO - Sync 1 DAGs
[2025-06-05T18:48:10.122+0200] {logging_mixin.py:188} INFO - [2025-06-05T18:48:10.122+0200] {dag.py:3954} INFO - Setting next_dagrun for example_branch_labels to 2025-06-04 00:00:00+00:00, run_after=2025-06-05 00:00:00+00:00
[2025-06-05T18:48:10.150+0200] {processor.py:183} INFO - Processing /home/leoja/airflow/airflow_venv/lib/python3.12/site-packages/airflow/example_dags/example_branch_labels.py took 0.129 seconds
[2025-06-05T18:49:15.646+0200] {processor.py:161} INFO - Started process (PID=535241) to work on /home/leoja/airflow/airflow_venv/lib/python3.12/site-packages/airflow/example_dags/example_branch_labels.py
[2025-06-05T18:49:15.648+0200] {processor.py:830} INFO - Processing file /home/leoja/airflow/airflow_venv/lib/python3.12/site-packages/airflow/example_dags/example_branch_labels.py for tasks to queue
[2025-06-05T18:49:15.651+0200] {logging_mixin.py:188} INFO - [2025-06-05T18:49:15.650+0200] {dagbag.py:540} INFO - Filling up the DagBag from /home/leoja/airflow/airflow_venv/lib/python3.12/site-packages/airflow/example_dags/example_branch_labels.py
[2025-06-05T18:49:15.659+0200] {processor.py:840} INFO - DAG(s) 'example_branch_labels' retrieved from /home/leoja/airflow/airflow_venv/lib/python3.12/site-packages/airflow/example_dags/example_branch_labels.py
[2025-06-05T18:49:15.673+0200] {logging_mixin.py:188} INFO - [2025-06-05T18:49:15.673+0200] {dag.py:3096} INFO - Sync 1 DAGs
[2025-06-05T18:49:15.688+0200] {logging_mixin.py:188} INFO - [2025-06-05T18:49:15.688+0200] {dag.py:3954} INFO - Setting next_dagrun for example_branch_labels to 2025-06-04 00:00:00+00:00, run_after=2025-06-05 00:00:00+00:00
[2025-06-05T18:49:15.708+0200] {processor.py:183} INFO - Processing /home/leoja/airflow/airflow_venv/lib/python3.12/site-packages/airflow/example_dags/example_branch_labels.py took 0.070 seconds
[2025-06-05T18:50:50.104+0200] {processor.py:161} INFO - Started process (PID=536233) to work on /home/leoja/airflow/airflow_venv/lib/python3.12/site-packages/airflow/example_dags/example_branch_labels.py
[2025-06-05T18:50:50.105+0200] {processor.py:830} INFO - Processing file /home/leoja/airflow/airflow_venv/lib/python3.12/site-packages/airflow/example_dags/example_branch_labels.py for tasks to queue
[2025-06-05T18:50:50.107+0200] {logging_mixin.py:188} INFO - [2025-06-05T18:50:50.107+0200] {dagbag.py:540} INFO - Filling up the DagBag from /home/leoja/airflow/airflow_venv/lib/python3.12/site-packages/airflow/example_dags/example_branch_labels.py
[2025-06-05T18:50:50.114+0200] {processor.py:840} INFO - DAG(s) 'example_branch_labels' retrieved from /home/leoja/airflow/airflow_venv/lib/python3.12/site-packages/airflow/example_dags/example_branch_labels.py
[2025-06-05T18:50:50.127+0200] {logging_mixin.py:188} INFO - [2025-06-05T18:50:50.127+0200] {dag.py:3096} INFO - Sync 1 DAGs
[2025-06-05T18:50:50.141+0200] {logging_mixin.py:188} INFO - [2025-06-05T18:50:50.141+0200] {dag.py:3954} INFO - Setting next_dagrun for example_branch_labels to 2025-06-04 00:00:00+00:00, run_after=2025-06-05 00:00:00+00:00
[2025-06-05T18:50:50.163+0200] {processor.py:183} INFO - Processing /home/leoja/airflow/airflow_venv/lib/python3.12/site-packages/airflow/example_dags/example_branch_labels.py took 0.065 seconds
[2025-06-05T18:51:47.512+0200] {processor.py:161} INFO - Started process (PID=536641) to work on /home/leoja/airflow/airflow_venv/lib/python3.12/site-packages/airflow/example_dags/example_branch_labels.py
[2025-06-05T18:51:47.514+0200] {processor.py:830} INFO - Processing file /home/leoja/airflow/airflow_venv/lib/python3.12/site-packages/airflow/example_dags/example_branch_labels.py for tasks to queue
[2025-06-05T18:51:47.516+0200] {logging_mixin.py:188} INFO - [2025-06-05T18:51:47.515+0200] {dagbag.py:540} INFO - Filling up the DagBag from /home/leoja/airflow/airflow_venv/lib/python3.12/site-packages/airflow/example_dags/example_branch_labels.py
[2025-06-05T18:51:47.523+0200] {processor.py:840} INFO - DAG(s) 'example_branch_labels' retrieved from /home/leoja/airflow/airflow_venv/lib/python3.12/site-packages/airflow/example_dags/example_branch_labels.py
[2025-06-05T18:51:47.538+0200] {logging_mixin.py:188} INFO - [2025-06-05T18:51:47.538+0200] {dag.py:3096} INFO - Sync 1 DAGs
[2025-06-05T18:51:47.554+0200] {logging_mixin.py:188} INFO - [2025-06-05T18:51:47.554+0200] {dag.py:3954} INFO - Setting next_dagrun for example_branch_labels to 2025-06-04 00:00:00+00:00, run_after=2025-06-05 00:00:00+00:00
[2025-06-05T18:51:47.575+0200] {processor.py:183} INFO - Processing /home/leoja/airflow/airflow_venv/lib/python3.12/site-packages/airflow/example_dags/example_branch_labels.py took 0.069 seconds
[2025-06-05T18:52:48.381+0200] {processor.py:161} INFO - Started process (PID=537159) to work on /home/leoja/airflow/airflow_venv/lib/python3.12/site-packages/airflow/example_dags/example_branch_labels.py
[2025-06-05T18:52:48.382+0200] {processor.py:830} INFO - Processing file /home/leoja/airflow/airflow_venv/lib/python3.12/site-packages/airflow/example_dags/example_branch_labels.py for tasks to queue
[2025-06-05T18:52:48.384+0200] {logging_mixin.py:188} INFO - [2025-06-05T18:52:48.384+0200] {dagbag.py:540} INFO - Filling up the DagBag from /home/leoja/airflow/airflow_venv/lib/python3.12/site-packages/airflow/example_dags/example_branch_labels.py
[2025-06-05T18:52:48.390+0200] {processor.py:840} INFO - DAG(s) 'example_branch_labels' retrieved from /home/leoja/airflow/airflow_venv/lib/python3.12/site-packages/airflow/example_dags/example_branch_labels.py
[2025-06-05T18:52:48.403+0200] {logging_mixin.py:188} INFO - [2025-06-05T18:52:48.403+0200] {dag.py:3096} INFO - Sync 1 DAGs
[2025-06-05T18:52:48.418+0200] {logging_mixin.py:188} INFO - [2025-06-05T18:52:48.418+0200] {dag.py:3954} INFO - Setting next_dagrun for example_branch_labels to 2025-06-04 00:00:00+00:00, run_after=2025-06-05 00:00:00+00:00
[2025-06-05T18:52:48.437+0200] {processor.py:183} INFO - Processing /home/leoja/airflow/airflow_venv/lib/python3.12/site-packages/airflow/example_dags/example_branch_labels.py took 0.062 seconds
[2025-06-05T18:54:20.522+0200] {processor.py:161} INFO - Started process (PID=538256) to work on /home/leoja/airflow/airflow_venv/lib/python3.12/site-packages/airflow/example_dags/example_branch_labels.py
[2025-06-05T18:54:20.523+0200] {processor.py:830} INFO - Processing file /home/leoja/airflow/airflow_venv/lib/python3.12/site-packages/airflow/example_dags/example_branch_labels.py for tasks to queue
[2025-06-05T18:54:20.525+0200] {logging_mixin.py:188} INFO - [2025-06-05T18:54:20.525+0200] {dagbag.py:540} INFO - Filling up the DagBag from /home/leoja/airflow/airflow_venv/lib/python3.12/site-packages/airflow/example_dags/example_branch_labels.py
[2025-06-05T18:54:20.533+0200] {processor.py:840} INFO - DAG(s) 'example_branch_labels' retrieved from /home/leoja/airflow/airflow_venv/lib/python3.12/site-packages/airflow/example_dags/example_branch_labels.py
[2025-06-05T18:54:20.550+0200] {logging_mixin.py:188} INFO - [2025-06-05T18:54:20.549+0200] {dag.py:3096} INFO - Sync 1 DAGs
[2025-06-05T18:54:20.565+0200] {logging_mixin.py:188} INFO - [2025-06-05T18:54:20.565+0200] {dag.py:3954} INFO - Setting next_dagrun for example_branch_labels to 2025-06-04 00:00:00+00:00, run_after=2025-06-05 00:00:00+00:00
[2025-06-05T18:54:20.589+0200] {processor.py:183} INFO - Processing /home/leoja/airflow/airflow_venv/lib/python3.12/site-packages/airflow/example_dags/example_branch_labels.py took 0.074 seconds
[2025-06-05T18:55:17.355+0200] {processor.py:161} INFO - Started process (PID=538667) to work on /home/leoja/airflow/airflow_venv/lib/python3.12/site-packages/airflow/example_dags/example_branch_labels.py
[2025-06-05T18:55:17.357+0200] {processor.py:830} INFO - Processing file /home/leoja/airflow/airflow_venv/lib/python3.12/site-packages/airflow/example_dags/example_branch_labels.py for tasks to queue
[2025-06-05T18:55:17.359+0200] {logging_mixin.py:188} INFO - [2025-06-05T18:55:17.358+0200] {dagbag.py:540} INFO - Filling up the DagBag from /home/leoja/airflow/airflow_venv/lib/python3.12/site-packages/airflow/example_dags/example_branch_labels.py
[2025-06-05T18:55:17.365+0200] {processor.py:840} INFO - DAG(s) 'example_branch_labels' retrieved from /home/leoja/airflow/airflow_venv/lib/python3.12/site-packages/airflow/example_dags/example_branch_labels.py
[2025-06-05T18:55:17.380+0200] {logging_mixin.py:188} INFO - [2025-06-05T18:55:17.380+0200] {dag.py:3096} INFO - Sync 1 DAGs
[2025-06-05T18:55:17.395+0200] {logging_mixin.py:188} INFO - [2025-06-05T18:55:17.395+0200] {dag.py:3954} INFO - Setting next_dagrun for example_branch_labels to 2025-06-04 00:00:00+00:00, run_after=2025-06-05 00:00:00+00:00
[2025-06-05T18:55:17.416+0200] {processor.py:183} INFO - Processing /home/leoja/airflow/airflow_venv/lib/python3.12/site-packages/airflow/example_dags/example_branch_labels.py took 0.068 seconds
[2025-06-05T18:56:21.343+0200] {processor.py:161} INFO - Started process (PID=539010) to work on /home/leoja/airflow/airflow_venv/lib/python3.12/site-packages/airflow/example_dags/example_branch_labels.py
[2025-06-05T18:56:21.345+0200] {processor.py:830} INFO - Processing file /home/leoja/airflow/airflow_venv/lib/python3.12/site-packages/airflow/example_dags/example_branch_labels.py for tasks to queue
[2025-06-05T18:56:21.346+0200] {logging_mixin.py:188} INFO - [2025-06-05T18:56:21.346+0200] {dagbag.py:540} INFO - Filling up the DagBag from /home/leoja/airflow/airflow_venv/lib/python3.12/site-packages/airflow/example_dags/example_branch_labels.py
[2025-06-05T18:56:21.353+0200] {processor.py:840} INFO - DAG(s) 'example_branch_labels' retrieved from /home/leoja/airflow/airflow_venv/lib/python3.12/site-packages/airflow/example_dags/example_branch_labels.py
[2025-06-05T18:56:21.366+0200] {logging_mixin.py:188} INFO - [2025-06-05T18:56:21.365+0200] {dag.py:3096} INFO - Sync 1 DAGs
[2025-06-05T18:56:21.378+0200] {logging_mixin.py:188} INFO - [2025-06-05T18:56:21.378+0200] {dag.py:3954} INFO - Setting next_dagrun for example_branch_labels to 2025-06-04 00:00:00+00:00, run_after=2025-06-05 00:00:00+00:00
[2025-06-05T18:56:21.401+0200] {processor.py:183} INFO - Processing /home/leoja/airflow/airflow_venv/lib/python3.12/site-packages/airflow/example_dags/example_branch_labels.py took 0.065 seconds
[2025-06-05T18:57:24.662+0200] {processor.py:161} INFO - Started process (PID=539402) to work on /home/leoja/airflow/airflow_venv/lib/python3.12/site-packages/airflow/example_dags/example_branch_labels.py
[2025-06-05T18:57:24.664+0200] {processor.py:830} INFO - Processing file /home/leoja/airflow/airflow_venv/lib/python3.12/site-packages/airflow/example_dags/example_branch_labels.py for tasks to queue
[2025-06-05T18:57:24.665+0200] {logging_mixin.py:188} INFO - [2025-06-05T18:57:24.665+0200] {dagbag.py:540} INFO - Filling up the DagBag from /home/leoja/airflow/airflow_venv/lib/python3.12/site-packages/airflow/example_dags/example_branch_labels.py
[2025-06-05T18:57:24.673+0200] {processor.py:840} INFO - DAG(s) 'example_branch_labels' retrieved from /home/leoja/airflow/airflow_venv/lib/python3.12/site-packages/airflow/example_dags/example_branch_labels.py
[2025-06-05T18:57:24.689+0200] {logging_mixin.py:188} INFO - [2025-06-05T18:57:24.689+0200] {dag.py:3096} INFO - Sync 1 DAGs
[2025-06-05T18:57:24.707+0200] {logging_mixin.py:188} INFO - [2025-06-05T18:57:24.707+0200] {dag.py:3954} INFO - Setting next_dagrun for example_branch_labels to 2025-06-04 00:00:00+00:00, run_after=2025-06-05 00:00:00+00:00
[2025-06-05T18:57:24.730+0200] {processor.py:183} INFO - Processing /home/leoja/airflow/airflow_venv/lib/python3.12/site-packages/airflow/example_dags/example_branch_labels.py took 0.075 seconds
[2025-06-05T18:58:29.824+0200] {processor.py:161} INFO - Started process (PID=539927) to work on /home/leoja/airflow/airflow_venv/lib/python3.12/site-packages/airflow/example_dags/example_branch_labels.py
[2025-06-05T18:58:29.826+0200] {processor.py:830} INFO - Processing file /home/leoja/airflow/airflow_venv/lib/python3.12/site-packages/airflow/example_dags/example_branch_labels.py for tasks to queue
[2025-06-05T18:58:29.828+0200] {logging_mixin.py:188} INFO - [2025-06-05T18:58:29.827+0200] {dagbag.py:540} INFO - Filling up the DagBag from /home/leoja/airflow/airflow_venv/lib/python3.12/site-packages/airflow/example_dags/example_branch_labels.py
[2025-06-05T18:58:29.834+0200] {processor.py:840} INFO - DAG(s) 'example_branch_labels' retrieved from /home/leoja/airflow/airflow_venv/lib/python3.12/site-packages/airflow/example_dags/example_branch_labels.py
[2025-06-05T18:58:29.848+0200] {logging_mixin.py:188} INFO - [2025-06-05T18:58:29.847+0200] {dag.py:3096} INFO - Sync 1 DAGs
[2025-06-05T18:58:29.866+0200] {logging_mixin.py:188} INFO - [2025-06-05T18:58:29.866+0200] {dag.py:3954} INFO - Setting next_dagrun for example_branch_labels to 2025-06-04 00:00:00+00:00, run_after=2025-06-05 00:00:00+00:00
[2025-06-05T18:58:29.890+0200] {processor.py:183} INFO - Processing /home/leoja/airflow/airflow_venv/lib/python3.12/site-packages/airflow/example_dags/example_branch_labels.py took 0.073 seconds
[2025-06-05T18:59:33.425+0200] {processor.py:161} INFO - Started process (PID=540277) to work on /home/leoja/airflow/airflow_venv/lib/python3.12/site-packages/airflow/example_dags/example_branch_labels.py
[2025-06-05T18:59:33.427+0200] {processor.py:830} INFO - Processing file /home/leoja/airflow/airflow_venv/lib/python3.12/site-packages/airflow/example_dags/example_branch_labels.py for tasks to queue
[2025-06-05T18:59:33.428+0200] {logging_mixin.py:188} INFO - [2025-06-05T18:59:33.428+0200] {dagbag.py:540} INFO - Filling up the DagBag from /home/leoja/airflow/airflow_venv/lib/python3.12/site-packages/airflow/example_dags/example_branch_labels.py
[2025-06-05T18:59:33.433+0200] {processor.py:840} INFO - DAG(s) 'example_branch_labels' retrieved from /home/leoja/airflow/airflow_venv/lib/python3.12/site-packages/airflow/example_dags/example_branch_labels.py
[2025-06-05T18:59:33.446+0200] {logging_mixin.py:188} INFO - [2025-06-05T18:59:33.446+0200] {dag.py:3096} INFO - Sync 1 DAGs
[2025-06-05T18:59:33.459+0200] {logging_mixin.py:188} INFO - [2025-06-05T18:59:33.459+0200] {dag.py:3954} INFO - Setting next_dagrun for example_branch_labels to 2025-06-04 00:00:00+00:00, run_after=2025-06-05 00:00:00+00:00
[2025-06-05T18:59:33.479+0200] {processor.py:183} INFO - Processing /home/leoja/airflow/airflow_venv/lib/python3.12/site-packages/airflow/example_dags/example_branch_labels.py took 0.060 seconds
[2025-06-05T19:00:35.815+0200] {processor.py:161} INFO - Started process (PID=540641) to work on /home/leoja/airflow/airflow_venv/lib/python3.12/site-packages/airflow/example_dags/example_branch_labels.py
[2025-06-05T19:00:35.817+0200] {processor.py:830} INFO - Processing file /home/leoja/airflow/airflow_venv/lib/python3.12/site-packages/airflow/example_dags/example_branch_labels.py for tasks to queue
[2025-06-05T19:00:35.819+0200] {logging_mixin.py:188} INFO - [2025-06-05T19:00:35.818+0200] {dagbag.py:540} INFO - Filling up the DagBag from /home/leoja/airflow/airflow_venv/lib/python3.12/site-packages/airflow/example_dags/example_branch_labels.py
[2025-06-05T19:00:35.824+0200] {processor.py:840} INFO - DAG(s) 'example_branch_labels' retrieved from /home/leoja/airflow/airflow_venv/lib/python3.12/site-packages/airflow/example_dags/example_branch_labels.py
[2025-06-05T19:00:35.839+0200] {logging_mixin.py:188} INFO - [2025-06-05T19:00:35.839+0200] {dag.py:3096} INFO - Sync 1 DAGs
[2025-06-05T19:00:35.854+0200] {logging_mixin.py:188} INFO - [2025-06-05T19:00:35.854+0200] {dag.py:3954} INFO - Setting next_dagrun for example_branch_labels to 2025-06-04 00:00:00+00:00, run_after=2025-06-05 00:00:00+00:00
[2025-06-05T19:00:35.873+0200] {processor.py:183} INFO - Processing /home/leoja/airflow/airflow_venv/lib/python3.12/site-packages/airflow/example_dags/example_branch_labels.py took 0.066 seconds
[2025-06-05T19:01:36.937+0200] {processor.py:161} INFO - Started process (PID=540988) to work on /home/leoja/airflow/airflow_venv/lib/python3.12/site-packages/airflow/example_dags/example_branch_labels.py
[2025-06-05T19:01:36.938+0200] {processor.py:830} INFO - Processing file /home/leoja/airflow/airflow_venv/lib/python3.12/site-packages/airflow/example_dags/example_branch_labels.py for tasks to queue
[2025-06-05T19:01:36.940+0200] {logging_mixin.py:188} INFO - [2025-06-05T19:01:36.939+0200] {dagbag.py:540} INFO - Filling up the DagBag from /home/leoja/airflow/airflow_venv/lib/python3.12/site-packages/airflow/example_dags/example_branch_labels.py
[2025-06-05T19:01:36.945+0200] {processor.py:840} INFO - DAG(s) 'example_branch_labels' retrieved from /home/leoja/airflow/airflow_venv/lib/python3.12/site-packages/airflow/example_dags/example_branch_labels.py
[2025-06-05T19:01:36.957+0200] {logging_mixin.py:188} INFO - [2025-06-05T19:01:36.957+0200] {dag.py:3096} INFO - Sync 1 DAGs
[2025-06-05T19:01:36.973+0200] {logging_mixin.py:188} INFO - [2025-06-05T19:01:36.972+0200] {dag.py:3954} INFO - Setting next_dagrun for example_branch_labels to 2025-06-04 00:00:00+00:00, run_after=2025-06-05 00:00:00+00:00
[2025-06-05T19:01:36.995+0200] {processor.py:183} INFO - Processing /home/leoja/airflow/airflow_venv/lib/python3.12/site-packages/airflow/example_dags/example_branch_labels.py took 0.065 seconds
[2025-06-05T19:02:44.653+0200] {processor.py:161} INFO - Started process (PID=541381) to work on /home/leoja/airflow/airflow_venv/lib/python3.12/site-packages/airflow/example_dags/example_branch_labels.py
[2025-06-05T19:02:44.654+0200] {processor.py:830} INFO - Processing file /home/leoja/airflow/airflow_venv/lib/python3.12/site-packages/airflow/example_dags/example_branch_labels.py for tasks to queue
[2025-06-05T19:02:44.665+0200] {logging_mixin.py:188} INFO - [2025-06-05T19:02:44.664+0200] {dagbag.py:540} INFO - Filling up the DagBag from /home/leoja/airflow/airflow_venv/lib/python3.12/site-packages/airflow/example_dags/example_branch_labels.py
[2025-06-05T19:02:44.683+0200] {processor.py:840} INFO - DAG(s) 'example_branch_labels' retrieved from /home/leoja/airflow/airflow_venv/lib/python3.12/site-packages/airflow/example_dags/example_branch_labels.py
[2025-06-05T19:02:44.746+0200] {logging_mixin.py:188} INFO - [2025-06-05T19:02:44.746+0200] {dag.py:3096} INFO - Sync 1 DAGs
[2025-06-05T19:02:44.798+0200] {logging_mixin.py:188} INFO - [2025-06-05T19:02:44.798+0200] {dag.py:3954} INFO - Setting next_dagrun for example_branch_labels to 2025-06-04 00:00:00+00:00, run_after=2025-06-05 00:00:00+00:00
[2025-06-05T19:02:44.873+0200] {processor.py:183} INFO - Processing /home/leoja/airflow/airflow_venv/lib/python3.12/site-packages/airflow/example_dags/example_branch_labels.py took 0.239 seconds
[2025-06-05T19:03:55.489+0200] {processor.py:161} INFO - Started process (PID=541754) to work on /home/leoja/airflow/airflow_venv/lib/python3.12/site-packages/airflow/example_dags/example_branch_labels.py
[2025-06-05T19:03:55.491+0200] {processor.py:830} INFO - Processing file /home/leoja/airflow/airflow_venv/lib/python3.12/site-packages/airflow/example_dags/example_branch_labels.py for tasks to queue
[2025-06-05T19:03:55.492+0200] {logging_mixin.py:188} INFO - [2025-06-05T19:03:55.492+0200] {dagbag.py:540} INFO - Filling up the DagBag from /home/leoja/airflow/airflow_venv/lib/python3.12/site-packages/airflow/example_dags/example_branch_labels.py
[2025-06-05T19:03:55.498+0200] {processor.py:840} INFO - DAG(s) 'example_branch_labels' retrieved from /home/leoja/airflow/airflow_venv/lib/python3.12/site-packages/airflow/example_dags/example_branch_labels.py
[2025-06-05T19:03:55.511+0200] {logging_mixin.py:188} INFO - [2025-06-05T19:03:55.511+0200] {dag.py:3096} INFO - Sync 1 DAGs
[2025-06-05T19:03:55.527+0200] {logging_mixin.py:188} INFO - [2025-06-05T19:03:55.526+0200] {dag.py:3954} INFO - Setting next_dagrun for example_branch_labels to 2025-06-04 00:00:00+00:00, run_after=2025-06-05 00:00:00+00:00
[2025-06-05T19:03:55.655+0200] {processor.py:183} INFO - Processing /home/leoja/airflow/airflow_venv/lib/python3.12/site-packages/airflow/example_dags/example_branch_labels.py took 0.172 seconds
[2025-06-05T19:05:06.785+0200] {processor.py:161} INFO - Started process (PID=542197) to work on /home/leoja/airflow/airflow_venv/lib/python3.12/site-packages/airflow/example_dags/example_branch_labels.py
[2025-06-05T19:05:06.786+0200] {processor.py:830} INFO - Processing file /home/leoja/airflow/airflow_venv/lib/python3.12/site-packages/airflow/example_dags/example_branch_labels.py for tasks to queue
[2025-06-05T19:05:06.789+0200] {logging_mixin.py:188} INFO - [2025-06-05T19:05:06.788+0200] {dagbag.py:540} INFO - Filling up the DagBag from /home/leoja/airflow/airflow_venv/lib/python3.12/site-packages/airflow/example_dags/example_branch_labels.py
[2025-06-05T19:05:06.799+0200] {processor.py:840} INFO - DAG(s) 'example_branch_labels' retrieved from /home/leoja/airflow/airflow_venv/lib/python3.12/site-packages/airflow/example_dags/example_branch_labels.py
[2025-06-05T19:05:06.820+0200] {logging_mixin.py:188} INFO - [2025-06-05T19:05:06.820+0200] {dag.py:3096} INFO - Sync 1 DAGs
[2025-06-05T19:05:06.944+0200] {logging_mixin.py:188} INFO - [2025-06-05T19:05:06.943+0200] {dag.py:3954} INFO - Setting next_dagrun for example_branch_labels to 2025-06-04 00:00:00+00:00, run_after=2025-06-05 00:00:00+00:00
[2025-06-05T19:05:06.962+0200] {processor.py:183} INFO - Processing /home/leoja/airflow/airflow_venv/lib/python3.12/site-packages/airflow/example_dags/example_branch_labels.py took 0.188 seconds
[2025-06-05T19:06:15.762+0200] {processor.py:161} INFO - Started process (PID=542445) to work on /home/leoja/airflow/airflow_venv/lib/python3.12/site-packages/airflow/example_dags/example_branch_labels.py
[2025-06-05T19:06:15.763+0200] {processor.py:830} INFO - Processing file /home/leoja/airflow/airflow_venv/lib/python3.12/site-packages/airflow/example_dags/example_branch_labels.py for tasks to queue
[2025-06-05T19:06:15.765+0200] {logging_mixin.py:188} INFO - [2025-06-05T19:06:15.764+0200] {dagbag.py:540} INFO - Filling up the DagBag from /home/leoja/airflow/airflow_venv/lib/python3.12/site-packages/airflow/example_dags/example_branch_labels.py
[2025-06-05T19:06:15.770+0200] {processor.py:840} INFO - DAG(s) 'example_branch_labels' retrieved from /home/leoja/airflow/airflow_venv/lib/python3.12/site-packages/airflow/example_dags/example_branch_labels.py
[2025-06-05T19:06:15.783+0200] {logging_mixin.py:188} INFO - [2025-06-05T19:06:15.783+0200] {dag.py:3096} INFO - Sync 1 DAGs
[2025-06-05T19:06:15.796+0200] {logging_mixin.py:188} INFO - [2025-06-05T19:06:15.796+0200] {dag.py:3954} INFO - Setting next_dagrun for example_branch_labels to 2025-06-04 00:00:00+00:00, run_after=2025-06-05 00:00:00+00:00
[2025-06-05T19:06:15.816+0200] {processor.py:183} INFO - Processing /home/leoja/airflow/airflow_venv/lib/python3.12/site-packages/airflow/example_dags/example_branch_labels.py took 0.060 seconds
[2025-06-05T19:07:14.582+0200] {processor.py:161} INFO - Started process (PID=542655) to work on /home/leoja/airflow/airflow_venv/lib/python3.12/site-packages/airflow/example_dags/example_branch_labels.py
[2025-06-05T19:07:14.583+0200] {processor.py:830} INFO - Processing file /home/leoja/airflow/airflow_venv/lib/python3.12/site-packages/airflow/example_dags/example_branch_labels.py for tasks to queue
[2025-06-05T19:07:14.584+0200] {logging_mixin.py:188} INFO - [2025-06-05T19:07:14.584+0200] {dagbag.py:540} INFO - Filling up the DagBag from /home/leoja/airflow/airflow_venv/lib/python3.12/site-packages/airflow/example_dags/example_branch_labels.py
[2025-06-05T19:07:14.590+0200] {processor.py:840} INFO - DAG(s) 'example_branch_labels' retrieved from /home/leoja/airflow/airflow_venv/lib/python3.12/site-packages/airflow/example_dags/example_branch_labels.py
[2025-06-05T19:07:14.602+0200] {logging_mixin.py:188} INFO - [2025-06-05T19:07:14.602+0200] {dag.py:3096} INFO - Sync 1 DAGs
[2025-06-05T19:07:14.615+0200] {logging_mixin.py:188} INFO - [2025-06-05T19:07:14.615+0200] {dag.py:3954} INFO - Setting next_dagrun for example_branch_labels to 2025-06-04 00:00:00+00:00, run_after=2025-06-05 00:00:00+00:00
[2025-06-05T19:07:14.635+0200] {processor.py:183} INFO - Processing /home/leoja/airflow/airflow_venv/lib/python3.12/site-packages/airflow/example_dags/example_branch_labels.py took 0.059 seconds
[2025-06-05T19:08:16.618+0200] {processor.py:161} INFO - Started process (PID=543100) to work on /home/leoja/airflow/airflow_venv/lib/python3.12/site-packages/airflow/example_dags/example_branch_labels.py
[2025-06-05T19:08:16.620+0200] {processor.py:830} INFO - Processing file /home/leoja/airflow/airflow_venv/lib/python3.12/site-packages/airflow/example_dags/example_branch_labels.py for tasks to queue
[2025-06-05T19:08:16.621+0200] {logging_mixin.py:188} INFO - [2025-06-05T19:08:16.621+0200] {dagbag.py:540} INFO - Filling up the DagBag from /home/leoja/airflow/airflow_venv/lib/python3.12/site-packages/airflow/example_dags/example_branch_labels.py
[2025-06-05T19:08:16.627+0200] {processor.py:840} INFO - DAG(s) 'example_branch_labels' retrieved from /home/leoja/airflow/airflow_venv/lib/python3.12/site-packages/airflow/example_dags/example_branch_labels.py
[2025-06-05T19:08:16.639+0200] {logging_mixin.py:188} INFO - [2025-06-05T19:08:16.639+0200] {dag.py:3096} INFO - Sync 1 DAGs
[2025-06-05T19:08:16.653+0200] {logging_mixin.py:188} INFO - [2025-06-05T19:08:16.653+0200] {dag.py:3954} INFO - Setting next_dagrun for example_branch_labels to 2025-06-04 00:00:00+00:00, run_after=2025-06-05 00:00:00+00:00
[2025-06-05T19:08:16.674+0200] {processor.py:183} INFO - Processing /home/leoja/airflow/airflow_venv/lib/python3.12/site-packages/airflow/example_dags/example_branch_labels.py took 0.062 seconds
[2025-06-05T19:10:18.479+0200] {processor.py:161} INFO - Started process (PID=544322) to work on /home/leoja/airflow/airflow_venv/lib/python3.12/site-packages/airflow/example_dags/example_branch_labels.py
[2025-06-05T19:10:18.482+0200] {processor.py:830} INFO - Processing file /home/leoja/airflow/airflow_venv/lib/python3.12/site-packages/airflow/example_dags/example_branch_labels.py for tasks to queue
[2025-06-05T19:10:18.483+0200] {logging_mixin.py:188} INFO - [2025-06-05T19:10:18.483+0200] {dagbag.py:540} INFO - Filling up the DagBag from /home/leoja/airflow/airflow_venv/lib/python3.12/site-packages/airflow/example_dags/example_branch_labels.py
[2025-06-05T19:10:18.490+0200] {processor.py:840} INFO - DAG(s) 'example_branch_labels' retrieved from /home/leoja/airflow/airflow_venv/lib/python3.12/site-packages/airflow/example_dags/example_branch_labels.py
[2025-06-05T19:10:18.504+0200] {logging_mixin.py:188} INFO - [2025-06-05T19:10:18.503+0200] {dag.py:3096} INFO - Sync 1 DAGs
[2025-06-05T19:10:18.525+0200] {logging_mixin.py:188} INFO - [2025-06-05T19:10:18.524+0200] {dag.py:3954} INFO - Setting next_dagrun for example_branch_labels to 2025-06-04 00:00:00+00:00, run_after=2025-06-05 00:00:00+00:00
[2025-06-05T19:10:18.544+0200] {processor.py:183} INFO - Processing /home/leoja/airflow/airflow_venv/lib/python3.12/site-packages/airflow/example_dags/example_branch_labels.py took 0.071 seconds
[2025-06-05T19:11:20.502+0200] {processor.py:161} INFO - Started process (PID=544717) to work on /home/leoja/airflow/airflow_venv/lib/python3.12/site-packages/airflow/example_dags/example_branch_labels.py
[2025-06-05T19:11:20.507+0200] {processor.py:830} INFO - Processing file /home/leoja/airflow/airflow_venv/lib/python3.12/site-packages/airflow/example_dags/example_branch_labels.py for tasks to queue
[2025-06-05T19:11:20.508+0200] {logging_mixin.py:188} INFO - [2025-06-05T19:11:20.508+0200] {dagbag.py:540} INFO - Filling up the DagBag from /home/leoja/airflow/airflow_venv/lib/python3.12/site-packages/airflow/example_dags/example_branch_labels.py
[2025-06-05T19:11:20.515+0200] {processor.py:840} INFO - DAG(s) 'example_branch_labels' retrieved from /home/leoja/airflow/airflow_venv/lib/python3.12/site-packages/airflow/example_dags/example_branch_labels.py
[2025-06-05T19:11:20.528+0200] {logging_mixin.py:188} INFO - [2025-06-05T19:11:20.528+0200] {dag.py:3096} INFO - Sync 1 DAGs
[2025-06-05T19:11:20.544+0200] {logging_mixin.py:188} INFO - [2025-06-05T19:11:20.543+0200] {dag.py:3954} INFO - Setting next_dagrun for example_branch_labels to 2025-06-04 00:00:00+00:00, run_after=2025-06-05 00:00:00+00:00
[2025-06-05T19:11:20.565+0200] {processor.py:183} INFO - Processing /home/leoja/airflow/airflow_venv/lib/python3.12/site-packages/airflow/example_dags/example_branch_labels.py took 0.071 seconds
[2025-06-05T19:12:22.272+0200] {processor.py:161} INFO - Started process (PID=545056) to work on /home/leoja/airflow/airflow_venv/lib/python3.12/site-packages/airflow/example_dags/example_branch_labels.py
[2025-06-05T19:12:22.274+0200] {processor.py:830} INFO - Processing file /home/leoja/airflow/airflow_venv/lib/python3.12/site-packages/airflow/example_dags/example_branch_labels.py for tasks to queue
[2025-06-05T19:12:22.276+0200] {logging_mixin.py:188} INFO - [2025-06-05T19:12:22.275+0200] {dagbag.py:540} INFO - Filling up the DagBag from /home/leoja/airflow/airflow_venv/lib/python3.12/site-packages/airflow/example_dags/example_branch_labels.py
[2025-06-05T19:12:22.282+0200] {processor.py:840} INFO - DAG(s) 'example_branch_labels' retrieved from /home/leoja/airflow/airflow_venv/lib/python3.12/site-packages/airflow/example_dags/example_branch_labels.py
[2025-06-05T19:12:22.307+0200] {logging_mixin.py:188} INFO - [2025-06-05T19:12:22.306+0200] {dag.py:3096} INFO - Sync 1 DAGs
[2025-06-05T19:12:22.323+0200] {logging_mixin.py:188} INFO - [2025-06-05T19:12:22.323+0200] {dag.py:3954} INFO - Setting next_dagrun for example_branch_labels to 2025-06-04 00:00:00+00:00, run_after=2025-06-05 00:00:00+00:00
[2025-06-05T19:12:22.350+0200] {processor.py:183} INFO - Processing /home/leoja/airflow/airflow_venv/lib/python3.12/site-packages/airflow/example_dags/example_branch_labels.py took 0.085 seconds
[2025-06-05T19:13:28.565+0200] {processor.py:161} INFO - Started process (PID=545432) to work on /home/leoja/airflow/airflow_venv/lib/python3.12/site-packages/airflow/example_dags/example_branch_labels.py
[2025-06-05T19:13:28.567+0200] {processor.py:830} INFO - Processing file /home/leoja/airflow/airflow_venv/lib/python3.12/site-packages/airflow/example_dags/example_branch_labels.py for tasks to queue
[2025-06-05T19:13:28.568+0200] {logging_mixin.py:188} INFO - [2025-06-05T19:13:28.568+0200] {dagbag.py:540} INFO - Filling up the DagBag from /home/leoja/airflow/airflow_venv/lib/python3.12/site-packages/airflow/example_dags/example_branch_labels.py
[2025-06-05T19:13:28.578+0200] {processor.py:840} INFO - DAG(s) 'example_branch_labels' retrieved from /home/leoja/airflow/airflow_venv/lib/python3.12/site-packages/airflow/example_dags/example_branch_labels.py
[2025-06-05T19:13:28.602+0200] {logging_mixin.py:188} INFO - [2025-06-05T19:13:28.601+0200] {dag.py:3096} INFO - Sync 1 DAGs
[2025-06-05T19:13:28.650+0200] {logging_mixin.py:188} INFO - [2025-06-05T19:13:28.650+0200] {dag.py:3954} INFO - Setting next_dagrun for example_branch_labels to 2025-06-04 00:00:00+00:00, run_after=2025-06-05 00:00:00+00:00
[2025-06-05T19:13:28.669+0200] {processor.py:183} INFO - Processing /home/leoja/airflow/airflow_venv/lib/python3.12/site-packages/airflow/example_dags/example_branch_labels.py took 0.110 seconds
[2025-06-05T19:14:29.316+0200] {processor.py:161} INFO - Started process (PID=545866) to work on /home/leoja/airflow/airflow_venv/lib/python3.12/site-packages/airflow/example_dags/example_branch_labels.py
[2025-06-05T19:14:29.318+0200] {processor.py:830} INFO - Processing file /home/leoja/airflow/airflow_venv/lib/python3.12/site-packages/airflow/example_dags/example_branch_labels.py for tasks to queue
[2025-06-05T19:14:29.319+0200] {logging_mixin.py:188} INFO - [2025-06-05T19:14:29.319+0200] {dagbag.py:540} INFO - Filling up the DagBag from /home/leoja/airflow/airflow_venv/lib/python3.12/site-packages/airflow/example_dags/example_branch_labels.py
[2025-06-05T19:14:29.325+0200] {processor.py:840} INFO - DAG(s) 'example_branch_labels' retrieved from /home/leoja/airflow/airflow_venv/lib/python3.12/site-packages/airflow/example_dags/example_branch_labels.py
[2025-06-05T19:14:29.338+0200] {logging_mixin.py:188} INFO - [2025-06-05T19:14:29.338+0200] {dag.py:3096} INFO - Sync 1 DAGs
[2025-06-05T19:14:29.353+0200] {logging_mixin.py:188} INFO - [2025-06-05T19:14:29.353+0200] {dag.py:3954} INFO - Setting next_dagrun for example_branch_labels to 2025-06-04 00:00:00+00:00, run_after=2025-06-05 00:00:00+00:00
[2025-06-05T19:14:29.373+0200] {processor.py:183} INFO - Processing /home/leoja/airflow/airflow_venv/lib/python3.12/site-packages/airflow/example_dags/example_branch_labels.py took 0.064 seconds
[2025-06-05T19:15:34.252+0200] {processor.py:161} INFO - Started process (PID=546243) to work on /home/leoja/airflow/airflow_venv/lib/python3.12/site-packages/airflow/example_dags/example_branch_labels.py
[2025-06-05T19:15:34.254+0200] {processor.py:830} INFO - Processing file /home/leoja/airflow/airflow_venv/lib/python3.12/site-packages/airflow/example_dags/example_branch_labels.py for tasks to queue
[2025-06-05T19:15:34.255+0200] {logging_mixin.py:188} INFO - [2025-06-05T19:15:34.255+0200] {dagbag.py:540} INFO - Filling up the DagBag from /home/leoja/airflow/airflow_venv/lib/python3.12/site-packages/airflow/example_dags/example_branch_labels.py
[2025-06-05T19:15:34.261+0200] {processor.py:840} INFO - DAG(s) 'example_branch_labels' retrieved from /home/leoja/airflow/airflow_venv/lib/python3.12/site-packages/airflow/example_dags/example_branch_labels.py
[2025-06-05T19:15:34.275+0200] {logging_mixin.py:188} INFO - [2025-06-05T19:15:34.275+0200] {dag.py:3096} INFO - Sync 1 DAGs
[2025-06-05T19:15:34.289+0200] {logging_mixin.py:188} INFO - [2025-06-05T19:15:34.289+0200] {dag.py:3954} INFO - Setting next_dagrun for example_branch_labels to 2025-06-04 00:00:00+00:00, run_after=2025-06-05 00:00:00+00:00
[2025-06-05T19:15:34.311+0200] {processor.py:183} INFO - Processing /home/leoja/airflow/airflow_venv/lib/python3.12/site-packages/airflow/example_dags/example_branch_labels.py took 0.067 seconds
[2025-06-05T19:16:37.440+0200] {processor.py:161} INFO - Started process (PID=546849) to work on /home/leoja/airflow/airflow_venv/lib/python3.12/site-packages/airflow/example_dags/example_branch_labels.py
[2025-06-05T19:16:37.441+0200] {processor.py:830} INFO - Processing file /home/leoja/airflow/airflow_venv/lib/python3.12/site-packages/airflow/example_dags/example_branch_labels.py for tasks to queue
[2025-06-05T19:16:37.444+0200] {logging_mixin.py:188} INFO - [2025-06-05T19:16:37.443+0200] {dagbag.py:540} INFO - Filling up the DagBag from /home/leoja/airflow/airflow_venv/lib/python3.12/site-packages/airflow/example_dags/example_branch_labels.py
[2025-06-05T19:16:37.456+0200] {processor.py:840} INFO - DAG(s) 'example_branch_labels' retrieved from /home/leoja/airflow/airflow_venv/lib/python3.12/site-packages/airflow/example_dags/example_branch_labels.py
[2025-06-05T19:16:37.483+0200] {logging_mixin.py:188} INFO - [2025-06-05T19:16:37.483+0200] {dag.py:3096} INFO - Sync 1 DAGs
[2025-06-05T19:16:37.513+0200] {logging_mixin.py:188} INFO - [2025-06-05T19:16:37.512+0200] {dag.py:3954} INFO - Setting next_dagrun for example_branch_labels to 2025-06-04 00:00:00+00:00, run_after=2025-06-05 00:00:00+00:00
[2025-06-05T19:16:37.541+0200] {processor.py:183} INFO - Processing /home/leoja/airflow/airflow_venv/lib/python3.12/site-packages/airflow/example_dags/example_branch_labels.py took 0.113 seconds
[2025-06-05T19:17:37.115+0200] {processor.py:161} INFO - Started process (PID=547552) to work on /home/leoja/airflow/airflow_venv/lib/python3.12/site-packages/airflow/example_dags/example_branch_labels.py
[2025-06-05T19:17:37.117+0200] {processor.py:830} INFO - Processing file /home/leoja/airflow/airflow_venv/lib/python3.12/site-packages/airflow/example_dags/example_branch_labels.py for tasks to queue
[2025-06-05T19:17:37.118+0200] {logging_mixin.py:188} INFO - [2025-06-05T19:17:37.118+0200] {dagbag.py:540} INFO - Filling up the DagBag from /home/leoja/airflow/airflow_venv/lib/python3.12/site-packages/airflow/example_dags/example_branch_labels.py
[2025-06-05T19:17:37.124+0200] {processor.py:840} INFO - DAG(s) 'example_branch_labels' retrieved from /home/leoja/airflow/airflow_venv/lib/python3.12/site-packages/airflow/example_dags/example_branch_labels.py
[2025-06-05T19:17:37.136+0200] {logging_mixin.py:188} INFO - [2025-06-05T19:17:37.135+0200] {dag.py:3096} INFO - Sync 1 DAGs
[2025-06-05T19:17:37.148+0200] {logging_mixin.py:188} INFO - [2025-06-05T19:17:37.148+0200] {dag.py:3954} INFO - Setting next_dagrun for example_branch_labels to 2025-06-04 00:00:00+00:00, run_after=2025-06-05 00:00:00+00:00
[2025-06-05T19:17:37.172+0200] {processor.py:183} INFO - Processing /home/leoja/airflow/airflow_venv/lib/python3.12/site-packages/airflow/example_dags/example_branch_labels.py took 0.063 seconds
[2025-06-05T19:18:36.926+0200] {processor.py:161} INFO - Started process (PID=547890) to work on /home/leoja/airflow/airflow_venv/lib/python3.12/site-packages/airflow/example_dags/example_branch_labels.py
[2025-06-05T19:18:36.928+0200] {processor.py:830} INFO - Processing file /home/leoja/airflow/airflow_venv/lib/python3.12/site-packages/airflow/example_dags/example_branch_labels.py for tasks to queue
[2025-06-05T19:18:36.930+0200] {logging_mixin.py:188} INFO - [2025-06-05T19:18:36.930+0200] {dagbag.py:540} INFO - Filling up the DagBag from /home/leoja/airflow/airflow_venv/lib/python3.12/site-packages/airflow/example_dags/example_branch_labels.py
[2025-06-05T19:18:36.942+0200] {processor.py:840} INFO - DAG(s) 'example_branch_labels' retrieved from /home/leoja/airflow/airflow_venv/lib/python3.12/site-packages/airflow/example_dags/example_branch_labels.py
[2025-06-05T19:18:36.962+0200] {logging_mixin.py:188} INFO - [2025-06-05T19:18:36.961+0200] {dag.py:3096} INFO - Sync 1 DAGs
[2025-06-05T19:18:36.986+0200] {logging_mixin.py:188} INFO - [2025-06-05T19:18:36.986+0200] {dag.py:3954} INFO - Setting next_dagrun for example_branch_labels to 2025-06-04 00:00:00+00:00, run_after=2025-06-05 00:00:00+00:00
[2025-06-05T19:18:37.009+0200] {processor.py:183} INFO - Processing /home/leoja/airflow/airflow_venv/lib/python3.12/site-packages/airflow/example_dags/example_branch_labels.py took 0.093 seconds
[2025-06-05T19:19:38.705+0200] {processor.py:161} INFO - Started process (PID=548303) to work on /home/leoja/airflow/airflow_venv/lib/python3.12/site-packages/airflow/example_dags/example_branch_labels.py
[2025-06-05T19:19:38.707+0200] {processor.py:830} INFO - Processing file /home/leoja/airflow/airflow_venv/lib/python3.12/site-packages/airflow/example_dags/example_branch_labels.py for tasks to queue
[2025-06-05T19:19:38.710+0200] {logging_mixin.py:188} INFO - [2025-06-05T19:19:38.709+0200] {dagbag.py:540} INFO - Filling up the DagBag from /home/leoja/airflow/airflow_venv/lib/python3.12/site-packages/airflow/example_dags/example_branch_labels.py
[2025-06-05T19:19:38.741+0200] {processor.py:840} INFO - DAG(s) 'example_branch_labels' retrieved from /home/leoja/airflow/airflow_venv/lib/python3.12/site-packages/airflow/example_dags/example_branch_labels.py
[2025-06-05T19:19:38.820+0200] {logging_mixin.py:188} INFO - [2025-06-05T19:19:38.820+0200] {dag.py:3096} INFO - Sync 1 DAGs
[2025-06-05T19:19:38.867+0200] {logging_mixin.py:188} INFO - [2025-06-05T19:19:38.866+0200] {dag.py:3954} INFO - Setting next_dagrun for example_branch_labels to 2025-06-04 00:00:00+00:00, run_after=2025-06-05 00:00:00+00:00
[2025-06-05T19:19:38.898+0200] {processor.py:183} INFO - Processing /home/leoja/airflow/airflow_venv/lib/python3.12/site-packages/airflow/example_dags/example_branch_labels.py took 0.221 seconds
[2025-06-05T19:20:40.124+0200] {processor.py:161} INFO - Started process (PID=548662) to work on /home/leoja/airflow/airflow_venv/lib/python3.12/site-packages/airflow/example_dags/example_branch_labels.py
[2025-06-05T19:20:40.125+0200] {processor.py:830} INFO - Processing file /home/leoja/airflow/airflow_venv/lib/python3.12/site-packages/airflow/example_dags/example_branch_labels.py for tasks to queue
[2025-06-05T19:20:40.127+0200] {logging_mixin.py:188} INFO - [2025-06-05T19:20:40.126+0200] {dagbag.py:540} INFO - Filling up the DagBag from /home/leoja/airflow/airflow_venv/lib/python3.12/site-packages/airflow/example_dags/example_branch_labels.py
[2025-06-05T19:20:40.133+0200] {processor.py:840} INFO - DAG(s) 'example_branch_labels' retrieved from /home/leoja/airflow/airflow_venv/lib/python3.12/site-packages/airflow/example_dags/example_branch_labels.py
[2025-06-05T19:20:40.149+0200] {logging_mixin.py:188} INFO - [2025-06-05T19:20:40.148+0200] {dag.py:3096} INFO - Sync 1 DAGs
[2025-06-05T19:20:40.164+0200] {logging_mixin.py:188} INFO - [2025-06-05T19:20:40.164+0200] {dag.py:3954} INFO - Setting next_dagrun for example_branch_labels to 2025-06-04 00:00:00+00:00, run_after=2025-06-05 00:00:00+00:00
[2025-06-05T19:20:40.188+0200] {processor.py:183} INFO - Processing /home/leoja/airflow/airflow_venv/lib/python3.12/site-packages/airflow/example_dags/example_branch_labels.py took 0.071 seconds
[2025-06-05T19:21:42.911+0200] {processor.py:161} INFO - Started process (PID=549044) to work on /home/leoja/airflow/airflow_venv/lib/python3.12/site-packages/airflow/example_dags/example_branch_labels.py
[2025-06-05T19:21:42.913+0200] {processor.py:830} INFO - Processing file /home/leoja/airflow/airflow_venv/lib/python3.12/site-packages/airflow/example_dags/example_branch_labels.py for tasks to queue
[2025-06-05T19:21:42.915+0200] {logging_mixin.py:188} INFO - [2025-06-05T19:21:42.914+0200] {dagbag.py:540} INFO - Filling up the DagBag from /home/leoja/airflow/airflow_venv/lib/python3.12/site-packages/airflow/example_dags/example_branch_labels.py
[2025-06-05T19:21:42.921+0200] {processor.py:840} INFO - DAG(s) 'example_branch_labels' retrieved from /home/leoja/airflow/airflow_venv/lib/python3.12/site-packages/airflow/example_dags/example_branch_labels.py
[2025-06-05T19:21:42.935+0200] {logging_mixin.py:188} INFO - [2025-06-05T19:21:42.934+0200] {dag.py:3096} INFO - Sync 1 DAGs
[2025-06-05T19:21:42.953+0200] {logging_mixin.py:188} INFO - [2025-06-05T19:21:42.953+0200] {dag.py:3954} INFO - Setting next_dagrun for example_branch_labels to 2025-06-04 00:00:00+00:00, run_after=2025-06-05 00:00:00+00:00
[2025-06-05T19:21:42.975+0200] {processor.py:183} INFO - Processing /home/leoja/airflow/airflow_venv/lib/python3.12/site-packages/airflow/example_dags/example_branch_labels.py took 0.070 seconds
[2025-06-05T19:22:44.906+0200] {processor.py:161} INFO - Started process (PID=549381) to work on /home/leoja/airflow/airflow_venv/lib/python3.12/site-packages/airflow/example_dags/example_branch_labels.py
[2025-06-05T19:22:44.908+0200] {processor.py:830} INFO - Processing file /home/leoja/airflow/airflow_venv/lib/python3.12/site-packages/airflow/example_dags/example_branch_labels.py for tasks to queue
[2025-06-05T19:22:44.910+0200] {logging_mixin.py:188} INFO - [2025-06-05T19:22:44.909+0200] {dagbag.py:540} INFO - Filling up the DagBag from /home/leoja/airflow/airflow_venv/lib/python3.12/site-packages/airflow/example_dags/example_branch_labels.py
[2025-06-05T19:22:44.916+0200] {processor.py:840} INFO - DAG(s) 'example_branch_labels' retrieved from /home/leoja/airflow/airflow_venv/lib/python3.12/site-packages/airflow/example_dags/example_branch_labels.py
[2025-06-05T19:22:44.928+0200] {logging_mixin.py:188} INFO - [2025-06-05T19:22:44.928+0200] {dag.py:3096} INFO - Sync 1 DAGs
[2025-06-05T19:22:44.942+0200] {logging_mixin.py:188} INFO - [2025-06-05T19:22:44.941+0200] {dag.py:3954} INFO - Setting next_dagrun for example_branch_labels to 2025-06-04 00:00:00+00:00, run_after=2025-06-05 00:00:00+00:00
[2025-06-05T19:22:44.963+0200] {processor.py:183} INFO - Processing /home/leoja/airflow/airflow_venv/lib/python3.12/site-packages/airflow/example_dags/example_branch_labels.py took 0.064 seconds
[2025-06-05T19:23:48.640+0200] {processor.py:161} INFO - Started process (PID=549749) to work on /home/leoja/airflow/airflow_venv/lib/python3.12/site-packages/airflow/example_dags/example_branch_labels.py
[2025-06-05T19:23:48.642+0200] {processor.py:830} INFO - Processing file /home/leoja/airflow/airflow_venv/lib/python3.12/site-packages/airflow/example_dags/example_branch_labels.py for tasks to queue
[2025-06-05T19:23:48.643+0200] {logging_mixin.py:188} INFO - [2025-06-05T19:23:48.643+0200] {dagbag.py:540} INFO - Filling up the DagBag from /home/leoja/airflow/airflow_venv/lib/python3.12/site-packages/airflow/example_dags/example_branch_labels.py
[2025-06-05T19:23:48.649+0200] {processor.py:840} INFO - DAG(s) 'example_branch_labels' retrieved from /home/leoja/airflow/airflow_venv/lib/python3.12/site-packages/airflow/example_dags/example_branch_labels.py
[2025-06-05T19:23:48.663+0200] {logging_mixin.py:188} INFO - [2025-06-05T19:23:48.663+0200] {dag.py:3096} INFO - Sync 1 DAGs
[2025-06-05T19:23:48.678+0200] {logging_mixin.py:188} INFO - [2025-06-05T19:23:48.678+0200] {dag.py:3954} INFO - Setting next_dagrun for example_branch_labels to 2025-06-04 00:00:00+00:00, run_after=2025-06-05 00:00:00+00:00
[2025-06-05T19:23:48.698+0200] {processor.py:183} INFO - Processing /home/leoja/airflow/airflow_venv/lib/python3.12/site-packages/airflow/example_dags/example_branch_labels.py took 0.065 seconds
[2025-06-05T19:24:53.921+0200] {processor.py:161} INFO - Started process (PID=550111) to work on /home/leoja/airflow/airflow_venv/lib/python3.12/site-packages/airflow/example_dags/example_branch_labels.py
[2025-06-05T19:24:53.923+0200] {processor.py:830} INFO - Processing file /home/leoja/airflow/airflow_venv/lib/python3.12/site-packages/airflow/example_dags/example_branch_labels.py for tasks to queue
[2025-06-05T19:24:53.925+0200] {logging_mixin.py:188} INFO - [2025-06-05T19:24:53.925+0200] {dagbag.py:540} INFO - Filling up the DagBag from /home/leoja/airflow/airflow_venv/lib/python3.12/site-packages/airflow/example_dags/example_branch_labels.py
[2025-06-05T19:24:53.931+0200] {processor.py:840} INFO - DAG(s) 'example_branch_labels' retrieved from /home/leoja/airflow/airflow_venv/lib/python3.12/site-packages/airflow/example_dags/example_branch_labels.py
[2025-06-05T19:24:53.942+0200] {logging_mixin.py:188} INFO - [2025-06-05T19:24:53.942+0200] {dag.py:3096} INFO - Sync 1 DAGs
[2025-06-05T19:24:53.956+0200] {logging_mixin.py:188} INFO - [2025-06-05T19:24:53.955+0200] {dag.py:3954} INFO - Setting next_dagrun for example_branch_labels to 2025-06-04 00:00:00+00:00, run_after=2025-06-05 00:00:00+00:00
[2025-06-05T19:24:53.976+0200] {processor.py:183} INFO - Processing /home/leoja/airflow/airflow_venv/lib/python3.12/site-packages/airflow/example_dags/example_branch_labels.py took 0.062 seconds
[2025-06-05T19:25:50.685+0200] {processor.py:161} INFO - Started process (PID=550550) to work on /home/leoja/airflow/airflow_venv/lib/python3.12/site-packages/airflow/example_dags/example_branch_labels.py
[2025-06-05T19:25:50.687+0200] {processor.py:830} INFO - Processing file /home/leoja/airflow/airflow_venv/lib/python3.12/site-packages/airflow/example_dags/example_branch_labels.py for tasks to queue
[2025-06-05T19:25:50.689+0200] {logging_mixin.py:188} INFO - [2025-06-05T19:25:50.688+0200] {dagbag.py:540} INFO - Filling up the DagBag from /home/leoja/airflow/airflow_venv/lib/python3.12/site-packages/airflow/example_dags/example_branch_labels.py
[2025-06-05T19:25:50.696+0200] {processor.py:840} INFO - DAG(s) 'example_branch_labels' retrieved from /home/leoja/airflow/airflow_venv/lib/python3.12/site-packages/airflow/example_dags/example_branch_labels.py
[2025-06-05T19:25:50.709+0200] {logging_mixin.py:188} INFO - [2025-06-05T19:25:50.709+0200] {dag.py:3096} INFO - Sync 1 DAGs
[2025-06-05T19:25:50.723+0200] {logging_mixin.py:188} INFO - [2025-06-05T19:25:50.722+0200] {dag.py:3954} INFO - Setting next_dagrun for example_branch_labels to 2025-06-04 00:00:00+00:00, run_after=2025-06-05 00:00:00+00:00
[2025-06-05T19:25:50.741+0200] {processor.py:183} INFO - Processing /home/leoja/airflow/airflow_venv/lib/python3.12/site-packages/airflow/example_dags/example_branch_labels.py took 0.064 seconds
[2025-06-05T19:26:54.565+0200] {processor.py:161} INFO - Started process (PID=550887) to work on /home/leoja/airflow/airflow_venv/lib/python3.12/site-packages/airflow/example_dags/example_branch_labels.py
[2025-06-05T19:26:54.567+0200] {processor.py:830} INFO - Processing file /home/leoja/airflow/airflow_venv/lib/python3.12/site-packages/airflow/example_dags/example_branch_labels.py for tasks to queue
[2025-06-05T19:26:54.568+0200] {logging_mixin.py:188} INFO - [2025-06-05T19:26:54.568+0200] {dagbag.py:540} INFO - Filling up the DagBag from /home/leoja/airflow/airflow_venv/lib/python3.12/site-packages/airflow/example_dags/example_branch_labels.py
[2025-06-05T19:26:54.574+0200] {processor.py:840} INFO - DAG(s) 'example_branch_labels' retrieved from /home/leoja/airflow/airflow_venv/lib/python3.12/site-packages/airflow/example_dags/example_branch_labels.py
[2025-06-05T19:26:54.585+0200] {logging_mixin.py:188} INFO - [2025-06-05T19:26:54.585+0200] {dag.py:3096} INFO - Sync 1 DAGs
[2025-06-05T19:26:54.598+0200] {logging_mixin.py:188} INFO - [2025-06-05T19:26:54.598+0200] {dag.py:3954} INFO - Setting next_dagrun for example_branch_labels to 2025-06-04 00:00:00+00:00, run_after=2025-06-05 00:00:00+00:00
[2025-06-05T19:26:54.618+0200] {processor.py:183} INFO - Processing /home/leoja/airflow/airflow_venv/lib/python3.12/site-packages/airflow/example_dags/example_branch_labels.py took 0.059 seconds
[2025-06-05T19:28:04.716+0200] {processor.py:161} INFO - Started process (PID=551531) to work on /home/leoja/airflow/airflow_venv/lib/python3.12/site-packages/airflow/example_dags/example_branch_labels.py
[2025-06-05T19:28:04.719+0200] {processor.py:830} INFO - Processing file /home/leoja/airflow/airflow_venv/lib/python3.12/site-packages/airflow/example_dags/example_branch_labels.py for tasks to queue
[2025-06-05T19:28:04.721+0200] {logging_mixin.py:188} INFO - [2025-06-05T19:28:04.720+0200] {dagbag.py:540} INFO - Filling up the DagBag from /home/leoja/airflow/airflow_venv/lib/python3.12/site-packages/airflow/example_dags/example_branch_labels.py
[2025-06-05T19:28:04.727+0200] {processor.py:840} INFO - DAG(s) 'example_branch_labels' retrieved from /home/leoja/airflow/airflow_venv/lib/python3.12/site-packages/airflow/example_dags/example_branch_labels.py
[2025-06-05T19:28:04.759+0200] {logging_mixin.py:188} INFO - [2025-06-05T19:28:04.758+0200] {dag.py:3096} INFO - Sync 1 DAGs
[2025-06-05T19:28:04.802+0200] {logging_mixin.py:188} INFO - [2025-06-05T19:28:04.801+0200] {dag.py:3954} INFO - Setting next_dagrun for example_branch_labels to 2025-06-04 00:00:00+00:00, run_after=2025-06-05 00:00:00+00:00
[2025-06-05T19:28:04.872+0200] {processor.py:183} INFO - Processing /home/leoja/airflow/airflow_venv/lib/python3.12/site-packages/airflow/example_dags/example_branch_labels.py took 0.163 seconds
[2025-06-05T19:29:15.346+0200] {processor.py:161} INFO - Started process (PID=552471) to work on /home/leoja/airflow/airflow_venv/lib/python3.12/site-packages/airflow/example_dags/example_branch_labels.py
[2025-06-05T19:29:15.348+0200] {processor.py:830} INFO - Processing file /home/leoja/airflow/airflow_venv/lib/python3.12/site-packages/airflow/example_dags/example_branch_labels.py for tasks to queue
[2025-06-05T19:29:15.349+0200] {logging_mixin.py:188} INFO - [2025-06-05T19:29:15.349+0200] {dagbag.py:540} INFO - Filling up the DagBag from /home/leoja/airflow/airflow_venv/lib/python3.12/site-packages/airflow/example_dags/example_branch_labels.py
[2025-06-05T19:29:15.356+0200] {processor.py:840} INFO - DAG(s) 'example_branch_labels' retrieved from /home/leoja/airflow/airflow_venv/lib/python3.12/site-packages/airflow/example_dags/example_branch_labels.py
[2025-06-05T19:29:15.372+0200] {logging_mixin.py:188} INFO - [2025-06-05T19:29:15.372+0200] {dag.py:3096} INFO - Sync 1 DAGs
[2025-06-05T19:29:15.389+0200] {logging_mixin.py:188} INFO - [2025-06-05T19:29:15.389+0200] {dag.py:3954} INFO - Setting next_dagrun for example_branch_labels to 2025-06-04 00:00:00+00:00, run_after=2025-06-05 00:00:00+00:00
[2025-06-05T19:29:15.413+0200] {processor.py:183} INFO - Processing /home/leoja/airflow/airflow_venv/lib/python3.12/site-packages/airflow/example_dags/example_branch_labels.py took 0.075 seconds
[2025-06-05T19:30:23.285+0200] {processor.py:161} INFO - Started process (PID=552893) to work on /home/leoja/airflow/airflow_venv/lib/python3.12/site-packages/airflow/example_dags/example_branch_labels.py
[2025-06-05T19:30:23.286+0200] {processor.py:830} INFO - Processing file /home/leoja/airflow/airflow_venv/lib/python3.12/site-packages/airflow/example_dags/example_branch_labels.py for tasks to queue
[2025-06-05T19:30:23.288+0200] {logging_mixin.py:188} INFO - [2025-06-05T19:30:23.288+0200] {dagbag.py:540} INFO - Filling up the DagBag from /home/leoja/airflow/airflow_venv/lib/python3.12/site-packages/airflow/example_dags/example_branch_labels.py
[2025-06-05T19:30:23.293+0200] {processor.py:840} INFO - DAG(s) 'example_branch_labels' retrieved from /home/leoja/airflow/airflow_venv/lib/python3.12/site-packages/airflow/example_dags/example_branch_labels.py
[2025-06-05T19:30:23.307+0200] {logging_mixin.py:188} INFO - [2025-06-05T19:30:23.307+0200] {dag.py:3096} INFO - Sync 1 DAGs
[2025-06-05T19:30:23.321+0200] {logging_mixin.py:188} INFO - [2025-06-05T19:30:23.321+0200] {dag.py:3954} INFO - Setting next_dagrun for example_branch_labels to 2025-06-04 00:00:00+00:00, run_after=2025-06-05 00:00:00+00:00
[2025-06-05T19:30:23.341+0200] {processor.py:183} INFO - Processing /home/leoja/airflow/airflow_venv/lib/python3.12/site-packages/airflow/example_dags/example_branch_labels.py took 0.063 seconds
[2025-06-05T19:31:30.125+0200] {processor.py:161} INFO - Started process (PID=553294) to work on /home/leoja/airflow/airflow_venv/lib/python3.12/site-packages/airflow/example_dags/example_branch_labels.py
[2025-06-05T19:31:30.127+0200] {processor.py:830} INFO - Processing file /home/leoja/airflow/airflow_venv/lib/python3.12/site-packages/airflow/example_dags/example_branch_labels.py for tasks to queue
[2025-06-05T19:31:30.129+0200] {logging_mixin.py:188} INFO - [2025-06-05T19:31:30.129+0200] {dagbag.py:540} INFO - Filling up the DagBag from /home/leoja/airflow/airflow_venv/lib/python3.12/site-packages/airflow/example_dags/example_branch_labels.py
[2025-06-05T19:31:30.136+0200] {processor.py:840} INFO - DAG(s) 'example_branch_labels' retrieved from /home/leoja/airflow/airflow_venv/lib/python3.12/site-packages/airflow/example_dags/example_branch_labels.py
[2025-06-05T19:31:30.152+0200] {logging_mixin.py:188} INFO - [2025-06-05T19:31:30.151+0200] {dag.py:3096} INFO - Sync 1 DAGs
[2025-06-05T19:31:30.169+0200] {logging_mixin.py:188} INFO - [2025-06-05T19:31:30.169+0200] {dag.py:3954} INFO - Setting next_dagrun for example_branch_labels to 2025-06-04 00:00:00+00:00, run_after=2025-06-05 00:00:00+00:00
[2025-06-05T19:31:30.191+0200] {processor.py:183} INFO - Processing /home/leoja/airflow/airflow_venv/lib/python3.12/site-packages/airflow/example_dags/example_branch_labels.py took 0.072 seconds
[2025-06-05T19:32:32.712+0200] {processor.py:161} INFO - Started process (PID=553639) to work on /home/leoja/airflow/airflow_venv/lib/python3.12/site-packages/airflow/example_dags/example_branch_labels.py
[2025-06-05T19:32:32.714+0200] {processor.py:830} INFO - Processing file /home/leoja/airflow/airflow_venv/lib/python3.12/site-packages/airflow/example_dags/example_branch_labels.py for tasks to queue
[2025-06-05T19:32:32.715+0200] {logging_mixin.py:188} INFO - [2025-06-05T19:32:32.715+0200] {dagbag.py:540} INFO - Filling up the DagBag from /home/leoja/airflow/airflow_venv/lib/python3.12/site-packages/airflow/example_dags/example_branch_labels.py
[2025-06-05T19:32:32.721+0200] {processor.py:840} INFO - DAG(s) 'example_branch_labels' retrieved from /home/leoja/airflow/airflow_venv/lib/python3.12/site-packages/airflow/example_dags/example_branch_labels.py
[2025-06-05T19:32:32.736+0200] {logging_mixin.py:188} INFO - [2025-06-05T19:32:32.736+0200] {dag.py:3096} INFO - Sync 1 DAGs
[2025-06-05T19:32:32.752+0200] {logging_mixin.py:188} INFO - [2025-06-05T19:32:32.752+0200] {dag.py:3954} INFO - Setting next_dagrun for example_branch_labels to 2025-06-04 00:00:00+00:00, run_after=2025-06-05 00:00:00+00:00
[2025-06-05T19:32:32.772+0200] {processor.py:183} INFO - Processing /home/leoja/airflow/airflow_venv/lib/python3.12/site-packages/airflow/example_dags/example_branch_labels.py took 0.074 seconds
[2025-06-05T19:33:39.565+0200] {processor.py:161} INFO - Started process (PID=554004) to work on /home/leoja/airflow/airflow_venv/lib/python3.12/site-packages/airflow/example_dags/example_branch_labels.py
[2025-06-05T19:33:39.566+0200] {processor.py:830} INFO - Processing file /home/leoja/airflow/airflow_venv/lib/python3.12/site-packages/airflow/example_dags/example_branch_labels.py for tasks to queue
[2025-06-05T19:33:39.568+0200] {logging_mixin.py:188} INFO - [2025-06-05T19:33:39.567+0200] {dagbag.py:540} INFO - Filling up the DagBag from /home/leoja/airflow/airflow_venv/lib/python3.12/site-packages/airflow/example_dags/example_branch_labels.py
[2025-06-05T19:33:39.574+0200] {processor.py:840} INFO - DAG(s) 'example_branch_labels' retrieved from /home/leoja/airflow/airflow_venv/lib/python3.12/site-packages/airflow/example_dags/example_branch_labels.py
[2025-06-05T19:33:39.587+0200] {logging_mixin.py:188} INFO - [2025-06-05T19:33:39.587+0200] {dag.py:3096} INFO - Sync 1 DAGs
[2025-06-05T19:33:39.600+0200] {logging_mixin.py:188} INFO - [2025-06-05T19:33:39.599+0200] {dag.py:3954} INFO - Setting next_dagrun for example_branch_labels to 2025-06-04 00:00:00+00:00, run_after=2025-06-05 00:00:00+00:00
[2025-06-05T19:33:39.621+0200] {processor.py:183} INFO - Processing /home/leoja/airflow/airflow_venv/lib/python3.12/site-packages/airflow/example_dags/example_branch_labels.py took 0.063 seconds
[2025-06-05T19:34:43.459+0200] {processor.py:161} INFO - Started process (PID=554354) to work on /home/leoja/airflow/airflow_venv/lib/python3.12/site-packages/airflow/example_dags/example_branch_labels.py
[2025-06-05T19:34:43.460+0200] {processor.py:830} INFO - Processing file /home/leoja/airflow/airflow_venv/lib/python3.12/site-packages/airflow/example_dags/example_branch_labels.py for tasks to queue
[2025-06-05T19:34:43.462+0200] {logging_mixin.py:188} INFO - [2025-06-05T19:34:43.462+0200] {dagbag.py:540} INFO - Filling up the DagBag from /home/leoja/airflow/airflow_venv/lib/python3.12/site-packages/airflow/example_dags/example_branch_labels.py
[2025-06-05T19:34:43.469+0200] {processor.py:840} INFO - DAG(s) 'example_branch_labels' retrieved from /home/leoja/airflow/airflow_venv/lib/python3.12/site-packages/airflow/example_dags/example_branch_labels.py
[2025-06-05T19:34:43.483+0200] {logging_mixin.py:188} INFO - [2025-06-05T19:34:43.483+0200] {dag.py:3096} INFO - Sync 1 DAGs
[2025-06-05T19:34:43.498+0200] {logging_mixin.py:188} INFO - [2025-06-05T19:34:43.498+0200] {dag.py:3954} INFO - Setting next_dagrun for example_branch_labels to 2025-06-04 00:00:00+00:00, run_after=2025-06-05 00:00:00+00:00
[2025-06-05T19:34:43.520+0200] {processor.py:183} INFO - Processing /home/leoja/airflow/airflow_venv/lib/python3.12/site-packages/airflow/example_dags/example_branch_labels.py took 0.069 seconds
[2025-06-05T19:35:43.638+0200] {processor.py:161} INFO - Started process (PID=554711) to work on /home/leoja/airflow/airflow_venv/lib/python3.12/site-packages/airflow/example_dags/example_branch_labels.py
[2025-06-05T19:35:43.640+0200] {processor.py:830} INFO - Processing file /home/leoja/airflow/airflow_venv/lib/python3.12/site-packages/airflow/example_dags/example_branch_labels.py for tasks to queue
[2025-06-05T19:35:43.643+0200] {logging_mixin.py:188} INFO - [2025-06-05T19:35:43.641+0200] {dagbag.py:540} INFO - Filling up the DagBag from /home/leoja/airflow/airflow_venv/lib/python3.12/site-packages/airflow/example_dags/example_branch_labels.py
[2025-06-05T19:35:43.648+0200] {processor.py:840} INFO - DAG(s) 'example_branch_labels' retrieved from /home/leoja/airflow/airflow_venv/lib/python3.12/site-packages/airflow/example_dags/example_branch_labels.py
[2025-06-05T19:35:43.660+0200] {logging_mixin.py:188} INFO - [2025-06-05T19:35:43.660+0200] {dag.py:3096} INFO - Sync 1 DAGs
[2025-06-05T19:35:43.673+0200] {logging_mixin.py:188} INFO - [2025-06-05T19:35:43.673+0200] {dag.py:3954} INFO - Setting next_dagrun for example_branch_labels to 2025-06-04 00:00:00+00:00, run_after=2025-06-05 00:00:00+00:00
[2025-06-05T19:35:43.692+0200] {processor.py:183} INFO - Processing /home/leoja/airflow/airflow_venv/lib/python3.12/site-packages/airflow/example_dags/example_branch_labels.py took 0.061 seconds
[2025-06-05T19:36:48.504+0200] {processor.py:161} INFO - Started process (PID=555091) to work on /home/leoja/airflow/airflow_venv/lib/python3.12/site-packages/airflow/example_dags/example_branch_labels.py
[2025-06-05T19:36:48.506+0200] {processor.py:830} INFO - Processing file /home/leoja/airflow/airflow_venv/lib/python3.12/site-packages/airflow/example_dags/example_branch_labels.py for tasks to queue
[2025-06-05T19:36:48.507+0200] {logging_mixin.py:188} INFO - [2025-06-05T19:36:48.507+0200] {dagbag.py:540} INFO - Filling up the DagBag from /home/leoja/airflow/airflow_venv/lib/python3.12/site-packages/airflow/example_dags/example_branch_labels.py
[2025-06-05T19:36:48.513+0200] {processor.py:840} INFO - DAG(s) 'example_branch_labels' retrieved from /home/leoja/airflow/airflow_venv/lib/python3.12/site-packages/airflow/example_dags/example_branch_labels.py
[2025-06-05T19:36:48.526+0200] {logging_mixin.py:188} INFO - [2025-06-05T19:36:48.526+0200] {dag.py:3096} INFO - Sync 1 DAGs
[2025-06-05T19:36:48.540+0200] {logging_mixin.py:188} INFO - [2025-06-05T19:36:48.540+0200] {dag.py:3954} INFO - Setting next_dagrun for example_branch_labels to 2025-06-04 00:00:00+00:00, run_after=2025-06-05 00:00:00+00:00
[2025-06-05T19:36:48.561+0200] {processor.py:183} INFO - Processing /home/leoja/airflow/airflow_venv/lib/python3.12/site-packages/airflow/example_dags/example_branch_labels.py took 0.064 seconds
[2025-06-05T19:37:58.933+0200] {processor.py:161} INFO - Started process (PID=555458) to work on /home/leoja/airflow/airflow_venv/lib/python3.12/site-packages/airflow/example_dags/example_branch_labels.py
[2025-06-05T19:37:58.935+0200] {processor.py:830} INFO - Processing file /home/leoja/airflow/airflow_venv/lib/python3.12/site-packages/airflow/example_dags/example_branch_labels.py for tasks to queue
[2025-06-05T19:37:58.937+0200] {logging_mixin.py:188} INFO - [2025-06-05T19:37:58.936+0200] {dagbag.py:540} INFO - Filling up the DagBag from /home/leoja/airflow/airflow_venv/lib/python3.12/site-packages/airflow/example_dags/example_branch_labels.py
[2025-06-05T19:37:58.943+0200] {processor.py:840} INFO - DAG(s) 'example_branch_labels' retrieved from /home/leoja/airflow/airflow_venv/lib/python3.12/site-packages/airflow/example_dags/example_branch_labels.py
[2025-06-05T19:37:58.956+0200] {logging_mixin.py:188} INFO - [2025-06-05T19:37:58.955+0200] {dag.py:3096} INFO - Sync 1 DAGs
[2025-06-05T19:37:58.975+0200] {logging_mixin.py:188} INFO - [2025-06-05T19:37:58.975+0200] {dag.py:3954} INFO - Setting next_dagrun for example_branch_labels to 2025-06-04 00:00:00+00:00, run_after=2025-06-05 00:00:00+00:00
[2025-06-05T19:37:58.996+0200] {processor.py:183} INFO - Processing /home/leoja/airflow/airflow_venv/lib/python3.12/site-packages/airflow/example_dags/example_branch_labels.py took 0.070 seconds
[2025-06-05T19:39:01.699+0200] {processor.py:161} INFO - Started process (PID=555863) to work on /home/leoja/airflow/airflow_venv/lib/python3.12/site-packages/airflow/example_dags/example_branch_labels.py
[2025-06-05T19:39:01.700+0200] {processor.py:830} INFO - Processing file /home/leoja/airflow/airflow_venv/lib/python3.12/site-packages/airflow/example_dags/example_branch_labels.py for tasks to queue
[2025-06-05T19:39:01.702+0200] {logging_mixin.py:188} INFO - [2025-06-05T19:39:01.702+0200] {dagbag.py:540} INFO - Filling up the DagBag from /home/leoja/airflow/airflow_venv/lib/python3.12/site-packages/airflow/example_dags/example_branch_labels.py
[2025-06-05T19:39:01.711+0200] {processor.py:840} INFO - DAG(s) 'example_branch_labels' retrieved from /home/leoja/airflow/airflow_venv/lib/python3.12/site-packages/airflow/example_dags/example_branch_labels.py
[2025-06-05T19:39:01.726+0200] {logging_mixin.py:188} INFO - [2025-06-05T19:39:01.726+0200] {dag.py:3096} INFO - Sync 1 DAGs
[2025-06-05T19:39:01.744+0200] {logging_mixin.py:188} INFO - [2025-06-05T19:39:01.744+0200] {dag.py:3954} INFO - Setting next_dagrun for example_branch_labels to 2025-06-04 00:00:00+00:00, run_after=2025-06-05 00:00:00+00:00
[2025-06-05T19:39:01.765+0200] {processor.py:183} INFO - Processing /home/leoja/airflow/airflow_venv/lib/python3.12/site-packages/airflow/example_dags/example_branch_labels.py took 0.074 seconds
[2025-06-05T19:40:07.597+0200] {processor.py:161} INFO - Started process (PID=556201) to work on /home/leoja/airflow/airflow_venv/lib/python3.12/site-packages/airflow/example_dags/example_branch_labels.py
[2025-06-05T19:40:07.599+0200] {processor.py:830} INFO - Processing file /home/leoja/airflow/airflow_venv/lib/python3.12/site-packages/airflow/example_dags/example_branch_labels.py for tasks to queue
[2025-06-05T19:40:07.600+0200] {logging_mixin.py:188} INFO - [2025-06-05T19:40:07.600+0200] {dagbag.py:540} INFO - Filling up the DagBag from /home/leoja/airflow/airflow_venv/lib/python3.12/site-packages/airflow/example_dags/example_branch_labels.py
[2025-06-05T19:40:07.606+0200] {processor.py:840} INFO - DAG(s) 'example_branch_labels' retrieved from /home/leoja/airflow/airflow_venv/lib/python3.12/site-packages/airflow/example_dags/example_branch_labels.py
[2025-06-05T19:40:07.620+0200] {logging_mixin.py:188} INFO - [2025-06-05T19:40:07.619+0200] {dag.py:3096} INFO - Sync 1 DAGs
[2025-06-05T19:40:07.635+0200] {logging_mixin.py:188} INFO - [2025-06-05T19:40:07.635+0200] {dag.py:3954} INFO - Setting next_dagrun for example_branch_labels to 2025-06-04 00:00:00+00:00, run_after=2025-06-05 00:00:00+00:00
[2025-06-05T19:40:07.653+0200] {processor.py:183} INFO - Processing /home/leoja/airflow/airflow_venv/lib/python3.12/site-packages/airflow/example_dags/example_branch_labels.py took 0.062 seconds
[2025-06-05T19:41:17.014+0200] {processor.py:161} INFO - Started process (PID=556658) to work on /home/leoja/airflow/airflow_venv/lib/python3.12/site-packages/airflow/example_dags/example_branch_labels.py
[2025-06-05T19:41:17.016+0200] {processor.py:830} INFO - Processing file /home/leoja/airflow/airflow_venv/lib/python3.12/site-packages/airflow/example_dags/example_branch_labels.py for tasks to queue
[2025-06-05T19:41:17.017+0200] {logging_mixin.py:188} INFO - [2025-06-05T19:41:17.017+0200] {dagbag.py:540} INFO - Filling up the DagBag from /home/leoja/airflow/airflow_venv/lib/python3.12/site-packages/airflow/example_dags/example_branch_labels.py
[2025-06-05T19:41:17.026+0200] {processor.py:840} INFO - DAG(s) 'example_branch_labels' retrieved from /home/leoja/airflow/airflow_venv/lib/python3.12/site-packages/airflow/example_dags/example_branch_labels.py
[2025-06-05T19:41:17.044+0200] {logging_mixin.py:188} INFO - [2025-06-05T19:41:17.044+0200] {dag.py:3096} INFO - Sync 1 DAGs
[2025-06-05T19:41:17.066+0200] {logging_mixin.py:188} INFO - [2025-06-05T19:41:17.066+0200] {dag.py:3954} INFO - Setting next_dagrun for example_branch_labels to 2025-06-04 00:00:00+00:00, run_after=2025-06-05 00:00:00+00:00
[2025-06-05T19:41:17.091+0200] {processor.py:183} INFO - Processing /home/leoja/airflow/airflow_venv/lib/python3.12/site-packages/airflow/example_dags/example_branch_labels.py took 0.085 seconds
[2025-06-05T19:42:25.674+0200] {processor.py:161} INFO - Started process (PID=557549) to work on /home/leoja/airflow/airflow_venv/lib/python3.12/site-packages/airflow/example_dags/example_branch_labels.py
[2025-06-05T19:42:25.676+0200] {processor.py:830} INFO - Processing file /home/leoja/airflow/airflow_venv/lib/python3.12/site-packages/airflow/example_dags/example_branch_labels.py for tasks to queue
[2025-06-05T19:42:25.677+0200] {logging_mixin.py:188} INFO - [2025-06-05T19:42:25.677+0200] {dagbag.py:540} INFO - Filling up the DagBag from /home/leoja/airflow/airflow_venv/lib/python3.12/site-packages/airflow/example_dags/example_branch_labels.py
[2025-06-05T19:42:25.684+0200] {processor.py:840} INFO - DAG(s) 'example_branch_labels' retrieved from /home/leoja/airflow/airflow_venv/lib/python3.12/site-packages/airflow/example_dags/example_branch_labels.py
[2025-06-05T19:42:25.695+0200] {logging_mixin.py:188} INFO - [2025-06-05T19:42:25.695+0200] {dag.py:3096} INFO - Sync 1 DAGs
[2025-06-05T19:42:25.708+0200] {logging_mixin.py:188} INFO - [2025-06-05T19:42:25.708+0200] {dag.py:3954} INFO - Setting next_dagrun for example_branch_labels to 2025-06-04 00:00:00+00:00, run_after=2025-06-05 00:00:00+00:00
[2025-06-05T19:42:25.727+0200] {processor.py:183} INFO - Processing /home/leoja/airflow/airflow_venv/lib/python3.12/site-packages/airflow/example_dags/example_branch_labels.py took 0.061 seconds
[2025-06-05T19:43:33.568+0200] {processor.py:161} INFO - Started process (PID=557794) to work on /home/leoja/airflow/airflow_venv/lib/python3.12/site-packages/airflow/example_dags/example_branch_labels.py
[2025-06-05T19:43:33.570+0200] {processor.py:830} INFO - Processing file /home/leoja/airflow/airflow_venv/lib/python3.12/site-packages/airflow/example_dags/example_branch_labels.py for tasks to queue
[2025-06-05T19:43:33.572+0200] {logging_mixin.py:188} INFO - [2025-06-05T19:43:33.572+0200] {dagbag.py:540} INFO - Filling up the DagBag from /home/leoja/airflow/airflow_venv/lib/python3.12/site-packages/airflow/example_dags/example_branch_labels.py
[2025-06-05T19:43:33.579+0200] {processor.py:840} INFO - DAG(s) 'example_branch_labels' retrieved from /home/leoja/airflow/airflow_venv/lib/python3.12/site-packages/airflow/example_dags/example_branch_labels.py
[2025-06-05T19:43:33.594+0200] {logging_mixin.py:188} INFO - [2025-06-05T19:43:33.593+0200] {dag.py:3096} INFO - Sync 1 DAGs
[2025-06-05T19:43:33.610+0200] {logging_mixin.py:188} INFO - [2025-06-05T19:43:33.610+0200] {dag.py:3954} INFO - Setting next_dagrun for example_branch_labels to 2025-06-04 00:00:00+00:00, run_after=2025-06-05 00:00:00+00:00
[2025-06-05T19:43:33.630+0200] {processor.py:183} INFO - Processing /home/leoja/airflow/airflow_venv/lib/python3.12/site-packages/airflow/example_dags/example_branch_labels.py took 0.068 seconds
[2025-06-05T19:44:31.770+0200] {processor.py:161} INFO - Started process (PID=558237) to work on /home/leoja/airflow/airflow_venv/lib/python3.12/site-packages/airflow/example_dags/example_branch_labels.py
[2025-06-05T19:44:31.772+0200] {processor.py:830} INFO - Processing file /home/leoja/airflow/airflow_venv/lib/python3.12/site-packages/airflow/example_dags/example_branch_labels.py for tasks to queue
[2025-06-05T19:44:31.773+0200] {logging_mixin.py:188} INFO - [2025-06-05T19:44:31.773+0200] {dagbag.py:540} INFO - Filling up the DagBag from /home/leoja/airflow/airflow_venv/lib/python3.12/site-packages/airflow/example_dags/example_branch_labels.py
[2025-06-05T19:44:31.799+0200] {processor.py:840} INFO - DAG(s) 'example_branch_labels' retrieved from /home/leoja/airflow/airflow_venv/lib/python3.12/site-packages/airflow/example_dags/example_branch_labels.py
[2025-06-05T19:44:31.826+0200] {logging_mixin.py:188} INFO - [2025-06-05T19:44:31.826+0200] {dag.py:3096} INFO - Sync 1 DAGs
[2025-06-05T19:44:31.876+0200] {logging_mixin.py:188} INFO - [2025-06-05T19:44:31.876+0200] {dag.py:3954} INFO - Setting next_dagrun for example_branch_labels to 2025-06-04 00:00:00+00:00, run_after=2025-06-05 00:00:00+00:00
[2025-06-05T19:44:31.907+0200] {processor.py:183} INFO - Processing /home/leoja/airflow/airflow_venv/lib/python3.12/site-packages/airflow/example_dags/example_branch_labels.py took 0.145 seconds
