[2025-06-05T07:53:57.141+0200] {processor.py:161} INFO - Started process (PID=531291) to work on /home/leoja/airflow/airflow_venv/lib/python3.12/site-packages/airflow/example_dags/example_branch_python_dop_operator_3.py
[2025-06-05T07:53:57.142+0200] {processor.py:830} INFO - Processing file /home/leoja/airflow/airflow_venv/lib/python3.12/site-packages/airflow/example_dags/example_branch_python_dop_operator_3.py for tasks to queue
[2025-06-05T07:53:57.144+0200] {logging_mixin.py:188} INFO - [2025-06-05T07:53:57.144+0200] {dagbag.py:540} INFO - Filling up the DagBag from /home/leoja/airflow/airflow_venv/lib/python3.12/site-packages/airflow/example_dags/example_branch_python_dop_operator_3.py
[2025-06-05T07:53:57.153+0200] {processor.py:840} INFO - DAG(s) 'example_branch_dop_operator_v3' retrieved from /home/leoja/airflow/airflow_venv/lib/python3.12/site-packages/airflow/example_dags/example_branch_python_dop_operator_3.py
[2025-06-05T07:53:57.171+0200] {logging_mixin.py:188} INFO - [2025-06-05T07:53:57.170+0200] {dag.py:3096} INFO - Sync 1 DAGs
[2025-06-05T07:53:57.197+0200] {logging_mixin.py:188} INFO - [2025-06-05T07:53:57.197+0200] {dag.py:3954} INFO - Setting next_dagrun for example_branch_dop_operator_v3 to 2025-06-05 05:52:00+00:00, run_after=2025-06-05 05:53:00+00:00
[2025-06-05T07:53:57.219+0200] {processor.py:183} INFO - Processing /home/leoja/airflow/airflow_venv/lib/python3.12/site-packages/airflow/example_dags/example_branch_python_dop_operator_3.py took 0.086 seconds
[2025-06-05T07:54:59.611+0200] {processor.py:161} INFO - Started process (PID=531533) to work on /home/leoja/airflow/airflow_venv/lib/python3.12/site-packages/airflow/example_dags/example_branch_python_dop_operator_3.py
[2025-06-05T07:54:59.613+0200] {processor.py:830} INFO - Processing file /home/leoja/airflow/airflow_venv/lib/python3.12/site-packages/airflow/example_dags/example_branch_python_dop_operator_3.py for tasks to queue
[2025-06-05T07:54:59.615+0200] {logging_mixin.py:188} INFO - [2025-06-05T07:54:59.615+0200] {dagbag.py:540} INFO - Filling up the DagBag from /home/leoja/airflow/airflow_venv/lib/python3.12/site-packages/airflow/example_dags/example_branch_python_dop_operator_3.py
[2025-06-05T07:54:59.622+0200] {processor.py:840} INFO - DAG(s) 'example_branch_dop_operator_v3' retrieved from /home/leoja/airflow/airflow_venv/lib/python3.12/site-packages/airflow/example_dags/example_branch_python_dop_operator_3.py
[2025-06-05T07:54:59.636+0200] {logging_mixin.py:188} INFO - [2025-06-05T07:54:59.635+0200] {dag.py:3096} INFO - Sync 1 DAGs
[2025-06-05T07:54:59.651+0200] {logging_mixin.py:188} INFO - [2025-06-05T07:54:59.651+0200] {dag.py:3954} INFO - Setting next_dagrun for example_branch_dop_operator_v3 to 2025-06-05 05:53:00+00:00, run_after=2025-06-05 05:54:00+00:00
[2025-06-05T07:54:59.672+0200] {processor.py:183} INFO - Processing /home/leoja/airflow/airflow_venv/lib/python3.12/site-packages/airflow/example_dags/example_branch_python_dop_operator_3.py took 0.069 seconds
[2025-06-05T07:56:04.483+0200] {processor.py:161} INFO - Started process (PID=531749) to work on /home/leoja/airflow/airflow_venv/lib/python3.12/site-packages/airflow/example_dags/example_branch_python_dop_operator_3.py
[2025-06-05T07:56:04.485+0200] {processor.py:830} INFO - Processing file /home/leoja/airflow/airflow_venv/lib/python3.12/site-packages/airflow/example_dags/example_branch_python_dop_operator_3.py for tasks to queue
[2025-06-05T07:56:04.487+0200] {logging_mixin.py:188} INFO - [2025-06-05T07:56:04.487+0200] {dagbag.py:540} INFO - Filling up the DagBag from /home/leoja/airflow/airflow_venv/lib/python3.12/site-packages/airflow/example_dags/example_branch_python_dop_operator_3.py
[2025-06-05T07:56:04.493+0200] {processor.py:840} INFO - DAG(s) 'example_branch_dop_operator_v3' retrieved from /home/leoja/airflow/airflow_venv/lib/python3.12/site-packages/airflow/example_dags/example_branch_python_dop_operator_3.py
[2025-06-05T07:56:04.505+0200] {logging_mixin.py:188} INFO - [2025-06-05T07:56:04.504+0200] {dag.py:3096} INFO - Sync 1 DAGs
[2025-06-05T07:56:04.519+0200] {logging_mixin.py:188} INFO - [2025-06-05T07:56:04.519+0200] {dag.py:3954} INFO - Setting next_dagrun for example_branch_dop_operator_v3 to 2025-06-05 05:55:00+00:00, run_after=2025-06-05 05:56:00+00:00
[2025-06-05T07:56:04.538+0200] {processor.py:183} INFO - Processing /home/leoja/airflow/airflow_venv/lib/python3.12/site-packages/airflow/example_dags/example_branch_python_dop_operator_3.py took 0.061 seconds
[2025-06-05T07:57:08.183+0200] {processor.py:161} INFO - Started process (PID=531971) to work on /home/leoja/airflow/airflow_venv/lib/python3.12/site-packages/airflow/example_dags/example_branch_python_dop_operator_3.py
[2025-06-05T07:57:08.184+0200] {processor.py:830} INFO - Processing file /home/leoja/airflow/airflow_venv/lib/python3.12/site-packages/airflow/example_dags/example_branch_python_dop_operator_3.py for tasks to queue
[2025-06-05T07:57:08.186+0200] {logging_mixin.py:188} INFO - [2025-06-05T07:57:08.186+0200] {dagbag.py:540} INFO - Filling up the DagBag from /home/leoja/airflow/airflow_venv/lib/python3.12/site-packages/airflow/example_dags/example_branch_python_dop_operator_3.py
[2025-06-05T07:57:08.193+0200] {processor.py:840} INFO - DAG(s) 'example_branch_dop_operator_v3' retrieved from /home/leoja/airflow/airflow_venv/lib/python3.12/site-packages/airflow/example_dags/example_branch_python_dop_operator_3.py
[2025-06-05T07:57:08.205+0200] {logging_mixin.py:188} INFO - [2025-06-05T07:57:08.205+0200] {dag.py:3096} INFO - Sync 1 DAGs
[2025-06-05T07:57:08.220+0200] {logging_mixin.py:188} INFO - [2025-06-05T07:57:08.220+0200] {dag.py:3954} INFO - Setting next_dagrun for example_branch_dop_operator_v3 to 2025-06-05 05:56:00+00:00, run_after=2025-06-05 05:57:00+00:00
[2025-06-05T07:57:08.242+0200] {processor.py:183} INFO - Processing /home/leoja/airflow/airflow_venv/lib/python3.12/site-packages/airflow/example_dags/example_branch_python_dop_operator_3.py took 0.065 seconds
[2025-06-05T07:58:10.811+0200] {processor.py:161} INFO - Started process (PID=532206) to work on /home/leoja/airflow/airflow_venv/lib/python3.12/site-packages/airflow/example_dags/example_branch_python_dop_operator_3.py
[2025-06-05T07:58:10.812+0200] {processor.py:830} INFO - Processing file /home/leoja/airflow/airflow_venv/lib/python3.12/site-packages/airflow/example_dags/example_branch_python_dop_operator_3.py for tasks to queue
[2025-06-05T07:58:10.814+0200] {logging_mixin.py:188} INFO - [2025-06-05T07:58:10.814+0200] {dagbag.py:540} INFO - Filling up the DagBag from /home/leoja/airflow/airflow_venv/lib/python3.12/site-packages/airflow/example_dags/example_branch_python_dop_operator_3.py
[2025-06-05T07:58:10.820+0200] {processor.py:840} INFO - DAG(s) 'example_branch_dop_operator_v3' retrieved from /home/leoja/airflow/airflow_venv/lib/python3.12/site-packages/airflow/example_dags/example_branch_python_dop_operator_3.py
[2025-06-05T07:58:10.833+0200] {logging_mixin.py:188} INFO - [2025-06-05T07:58:10.832+0200] {dag.py:3096} INFO - Sync 1 DAGs
[2025-06-05T07:58:10.848+0200] {logging_mixin.py:188} INFO - [2025-06-05T07:58:10.848+0200] {dag.py:3954} INFO - Setting next_dagrun for example_branch_dop_operator_v3 to 2025-06-05 05:57:00+00:00, run_after=2025-06-05 05:58:00+00:00
[2025-06-05T07:58:10.875+0200] {processor.py:183} INFO - Processing /home/leoja/airflow/airflow_venv/lib/python3.12/site-packages/airflow/example_dags/example_branch_python_dop_operator_3.py took 0.069 seconds
[2025-06-05T18:44:46.858+0200] {processor.py:161} INFO - Started process (PID=533621) to work on /home/leoja/airflow/airflow_venv/lib/python3.12/site-packages/airflow/example_dags/example_branch_python_dop_operator_3.py
[2025-06-05T18:44:46.860+0200] {processor.py:830} INFO - Processing file /home/leoja/airflow/airflow_venv/lib/python3.12/site-packages/airflow/example_dags/example_branch_python_dop_operator_3.py for tasks to queue
[2025-06-05T18:44:46.862+0200] {logging_mixin.py:188} INFO - [2025-06-05T18:44:46.862+0200] {dagbag.py:540} INFO - Filling up the DagBag from /home/leoja/airflow/airflow_venv/lib/python3.12/site-packages/airflow/example_dags/example_branch_python_dop_operator_3.py
[2025-06-05T18:44:46.869+0200] {processor.py:840} INFO - DAG(s) 'example_branch_dop_operator_v3' retrieved from /home/leoja/airflow/airflow_venv/lib/python3.12/site-packages/airflow/example_dags/example_branch_python_dop_operator_3.py
[2025-06-05T18:44:46.881+0200] {logging_mixin.py:188} INFO - [2025-06-05T18:44:46.881+0200] {dag.py:3096} INFO - Sync 1 DAGs
[2025-06-05T18:44:46.896+0200] {logging_mixin.py:188} INFO - [2025-06-05T18:44:46.896+0200] {dag.py:3954} INFO - Setting next_dagrun for example_branch_dop_operator_v3 to 2025-06-05 16:43:00+00:00, run_after=2025-06-05 16:44:00+00:00
[2025-06-05T18:44:46.928+0200] {processor.py:183} INFO - Processing /home/leoja/airflow/airflow_venv/lib/python3.12/site-packages/airflow/example_dags/example_branch_python_dop_operator_3.py took 0.075 seconds
[2025-06-05T18:45:52.234+0200] {processor.py:161} INFO - Started process (PID=534046) to work on /home/leoja/airflow/airflow_venv/lib/python3.12/site-packages/airflow/example_dags/example_branch_python_dop_operator_3.py
[2025-06-05T18:45:52.236+0200] {processor.py:830} INFO - Processing file /home/leoja/airflow/airflow_venv/lib/python3.12/site-packages/airflow/example_dags/example_branch_python_dop_operator_3.py for tasks to queue
[2025-06-05T18:45:52.238+0200] {logging_mixin.py:188} INFO - [2025-06-05T18:45:52.238+0200] {dagbag.py:540} INFO - Filling up the DagBag from /home/leoja/airflow/airflow_venv/lib/python3.12/site-packages/airflow/example_dags/example_branch_python_dop_operator_3.py
[2025-06-05T18:45:52.245+0200] {processor.py:840} INFO - DAG(s) 'example_branch_dop_operator_v3' retrieved from /home/leoja/airflow/airflow_venv/lib/python3.12/site-packages/airflow/example_dags/example_branch_python_dop_operator_3.py
[2025-06-05T18:45:52.256+0200] {logging_mixin.py:188} INFO - [2025-06-05T18:45:52.256+0200] {dag.py:3096} INFO - Sync 1 DAGs
[2025-06-05T18:45:52.271+0200] {logging_mixin.py:188} INFO - [2025-06-05T18:45:52.271+0200] {dag.py:3954} INFO - Setting next_dagrun for example_branch_dop_operator_v3 to 2025-06-05 16:44:00+00:00, run_after=2025-06-05 16:45:00+00:00
[2025-06-05T18:45:52.290+0200] {processor.py:183} INFO - Processing /home/leoja/airflow/airflow_venv/lib/python3.12/site-packages/airflow/example_dags/example_branch_python_dop_operator_3.py took 0.062 seconds
[2025-06-05T18:46:58.157+0200] {processor.py:161} INFO - Started process (PID=534417) to work on /home/leoja/airflow/airflow_venv/lib/python3.12/site-packages/airflow/example_dags/example_branch_python_dop_operator_3.py
[2025-06-05T18:46:58.158+0200] {processor.py:830} INFO - Processing file /home/leoja/airflow/airflow_venv/lib/python3.12/site-packages/airflow/example_dags/example_branch_python_dop_operator_3.py for tasks to queue
[2025-06-05T18:46:58.160+0200] {logging_mixin.py:188} INFO - [2025-06-05T18:46:58.160+0200] {dagbag.py:540} INFO - Filling up the DagBag from /home/leoja/airflow/airflow_venv/lib/python3.12/site-packages/airflow/example_dags/example_branch_python_dop_operator_3.py
[2025-06-05T18:46:58.166+0200] {processor.py:840} INFO - DAG(s) 'example_branch_dop_operator_v3' retrieved from /home/leoja/airflow/airflow_venv/lib/python3.12/site-packages/airflow/example_dags/example_branch_python_dop_operator_3.py
[2025-06-05T18:46:58.179+0200] {logging_mixin.py:188} INFO - [2025-06-05T18:46:58.179+0200] {dag.py:3096} INFO - Sync 1 DAGs
[2025-06-05T18:46:58.198+0200] {logging_mixin.py:188} INFO - [2025-06-05T18:46:58.197+0200] {dag.py:3954} INFO - Setting next_dagrun for example_branch_dop_operator_v3 to 2025-06-05 16:45:00+00:00, run_after=2025-06-05 16:46:00+00:00
[2025-06-05T18:46:58.216+0200] {processor.py:183} INFO - Processing /home/leoja/airflow/airflow_venv/lib/python3.12/site-packages/airflow/example_dags/example_branch_python_dop_operator_3.py took 0.065 seconds
[2025-06-05T18:48:07.750+0200] {processor.py:161} INFO - Started process (PID=534804) to work on /home/leoja/airflow/airflow_venv/lib/python3.12/site-packages/airflow/example_dags/example_branch_python_dop_operator_3.py
[2025-06-05T18:48:07.751+0200] {processor.py:830} INFO - Processing file /home/leoja/airflow/airflow_venv/lib/python3.12/site-packages/airflow/example_dags/example_branch_python_dop_operator_3.py for tasks to queue
[2025-06-05T18:48:07.754+0200] {logging_mixin.py:188} INFO - [2025-06-05T18:48:07.754+0200] {dagbag.py:540} INFO - Filling up the DagBag from /home/leoja/airflow/airflow_venv/lib/python3.12/site-packages/airflow/example_dags/example_branch_python_dop_operator_3.py
[2025-06-05T18:48:07.766+0200] {processor.py:840} INFO - DAG(s) 'example_branch_dop_operator_v3' retrieved from /home/leoja/airflow/airflow_venv/lib/python3.12/site-packages/airflow/example_dags/example_branch_python_dop_operator_3.py
[2025-06-05T18:48:07.785+0200] {logging_mixin.py:188} INFO - [2025-06-05T18:48:07.784+0200] {dag.py:3096} INFO - Sync 1 DAGs
[2025-06-05T18:48:07.805+0200] {logging_mixin.py:188} INFO - [2025-06-05T18:48:07.805+0200] {dag.py:3954} INFO - Setting next_dagrun for example_branch_dop_operator_v3 to 2025-06-05 16:47:00+00:00, run_after=2025-06-05 16:48:00+00:00
[2025-06-05T18:48:07.828+0200] {processor.py:183} INFO - Processing /home/leoja/airflow/airflow_venv/lib/python3.12/site-packages/airflow/example_dags/example_branch_python_dop_operator_3.py took 0.087 seconds
[2025-06-05T18:49:14.091+0200] {processor.py:161} INFO - Started process (PID=535239) to work on /home/leoja/airflow/airflow_venv/lib/python3.12/site-packages/airflow/example_dags/example_branch_python_dop_operator_3.py
[2025-06-05T18:49:14.093+0200] {processor.py:830} INFO - Processing file /home/leoja/airflow/airflow_venv/lib/python3.12/site-packages/airflow/example_dags/example_branch_python_dop_operator_3.py for tasks to queue
[2025-06-05T18:49:14.094+0200] {logging_mixin.py:188} INFO - [2025-06-05T18:49:14.094+0200] {dagbag.py:540} INFO - Filling up the DagBag from /home/leoja/airflow/airflow_venv/lib/python3.12/site-packages/airflow/example_dags/example_branch_python_dop_operator_3.py
[2025-06-05T18:49:14.102+0200] {processor.py:840} INFO - DAG(s) 'example_branch_dop_operator_v3' retrieved from /home/leoja/airflow/airflow_venv/lib/python3.12/site-packages/airflow/example_dags/example_branch_python_dop_operator_3.py
[2025-06-05T18:49:14.116+0200] {logging_mixin.py:188} INFO - [2025-06-05T18:49:14.116+0200] {dag.py:3096} INFO - Sync 1 DAGs
[2025-06-05T18:49:14.137+0200] {logging_mixin.py:188} INFO - [2025-06-05T18:49:14.137+0200] {dag.py:3954} INFO - Setting next_dagrun for example_branch_dop_operator_v3 to 2025-06-05 16:48:00+00:00, run_after=2025-06-05 16:49:00+00:00
[2025-06-05T18:49:14.161+0200] {processor.py:183} INFO - Processing /home/leoja/airflow/airflow_venv/lib/python3.12/site-packages/airflow/example_dags/example_branch_python_dop_operator_3.py took 0.076 seconds
[2025-06-05T18:50:49.000+0200] {processor.py:161} INFO - Started process (PID=536207) to work on /home/leoja/airflow/airflow_venv/lib/python3.12/site-packages/airflow/example_dags/example_branch_python_dop_operator_3.py
[2025-06-05T18:50:49.003+0200] {processor.py:830} INFO - Processing file /home/leoja/airflow/airflow_venv/lib/python3.12/site-packages/airflow/example_dags/example_branch_python_dop_operator_3.py for tasks to queue
[2025-06-05T18:50:49.004+0200] {logging_mixin.py:188} INFO - [2025-06-05T18:50:49.004+0200] {dagbag.py:540} INFO - Filling up the DagBag from /home/leoja/airflow/airflow_venv/lib/python3.12/site-packages/airflow/example_dags/example_branch_python_dop_operator_3.py
[2025-06-05T18:50:49.010+0200] {processor.py:840} INFO - DAG(s) 'example_branch_dop_operator_v3' retrieved from /home/leoja/airflow/airflow_venv/lib/python3.12/site-packages/airflow/example_dags/example_branch_python_dop_operator_3.py
[2025-06-05T18:50:49.023+0200] {logging_mixin.py:188} INFO - [2025-06-05T18:50:49.023+0200] {dag.py:3096} INFO - Sync 1 DAGs
[2025-06-05T18:50:49.037+0200] {logging_mixin.py:188} INFO - [2025-06-05T18:50:49.037+0200] {dag.py:3954} INFO - Setting next_dagrun for example_branch_dop_operator_v3 to 2025-06-05 16:49:00+00:00, run_after=2025-06-05 16:50:00+00:00
[2025-06-05T18:50:49.057+0200] {processor.py:183} INFO - Processing /home/leoja/airflow/airflow_venv/lib/python3.12/site-packages/airflow/example_dags/example_branch_python_dop_operator_3.py took 0.062 seconds
[2025-06-05T18:51:45.203+0200] {processor.py:161} INFO - Started process (PID=536639) to work on /home/leoja/airflow/airflow_venv/lib/python3.12/site-packages/airflow/example_dags/example_branch_python_dop_operator_3.py
[2025-06-05T18:51:45.205+0200] {processor.py:830} INFO - Processing file /home/leoja/airflow/airflow_venv/lib/python3.12/site-packages/airflow/example_dags/example_branch_python_dop_operator_3.py for tasks to queue
[2025-06-05T18:51:45.207+0200] {logging_mixin.py:188} INFO - [2025-06-05T18:51:45.206+0200] {dagbag.py:540} INFO - Filling up the DagBag from /home/leoja/airflow/airflow_venv/lib/python3.12/site-packages/airflow/example_dags/example_branch_python_dop_operator_3.py
[2025-06-05T18:51:45.216+0200] {processor.py:840} INFO - DAG(s) 'example_branch_dop_operator_v3' retrieved from /home/leoja/airflow/airflow_venv/lib/python3.12/site-packages/airflow/example_dags/example_branch_python_dop_operator_3.py
[2025-06-05T18:51:45.233+0200] {logging_mixin.py:188} INFO - [2025-06-05T18:51:45.233+0200] {dag.py:3096} INFO - Sync 1 DAGs
[2025-06-05T18:51:45.261+0200] {logging_mixin.py:188} INFO - [2025-06-05T18:51:45.261+0200] {dag.py:3954} INFO - Setting next_dagrun for example_branch_dop_operator_v3 to 2025-06-05 16:50:00+00:00, run_after=2025-06-05 16:51:00+00:00
[2025-06-05T18:51:45.286+0200] {processor.py:183} INFO - Processing /home/leoja/airflow/airflow_venv/lib/python3.12/site-packages/airflow/example_dags/example_branch_python_dop_operator_3.py took 0.089 seconds
[2025-06-05T18:52:46.085+0200] {processor.py:161} INFO - Started process (PID=537157) to work on /home/leoja/airflow/airflow_venv/lib/python3.12/site-packages/airflow/example_dags/example_branch_python_dop_operator_3.py
[2025-06-05T18:52:46.087+0200] {processor.py:830} INFO - Processing file /home/leoja/airflow/airflow_venv/lib/python3.12/site-packages/airflow/example_dags/example_branch_python_dop_operator_3.py for tasks to queue
[2025-06-05T18:52:46.088+0200] {logging_mixin.py:188} INFO - [2025-06-05T18:52:46.088+0200] {dagbag.py:540} INFO - Filling up the DagBag from /home/leoja/airflow/airflow_venv/lib/python3.12/site-packages/airflow/example_dags/example_branch_python_dop_operator_3.py
[2025-06-05T18:52:46.096+0200] {processor.py:840} INFO - DAG(s) 'example_branch_dop_operator_v3' retrieved from /home/leoja/airflow/airflow_venv/lib/python3.12/site-packages/airflow/example_dags/example_branch_python_dop_operator_3.py
[2025-06-05T18:52:46.110+0200] {logging_mixin.py:188} INFO - [2025-06-05T18:52:46.110+0200] {dag.py:3096} INFO - Sync 1 DAGs
[2025-06-05T18:52:46.128+0200] {logging_mixin.py:188} INFO - [2025-06-05T18:52:46.128+0200] {dag.py:3954} INFO - Setting next_dagrun for example_branch_dop_operator_v3 to 2025-06-05 16:51:00+00:00, run_after=2025-06-05 16:52:00+00:00
[2025-06-05T18:52:46.151+0200] {processor.py:183} INFO - Processing /home/leoja/airflow/airflow_venv/lib/python3.12/site-packages/airflow/example_dags/example_branch_python_dop_operator_3.py took 0.072 seconds
[2025-06-05T18:54:20.053+0200] {processor.py:161} INFO - Started process (PID=538254) to work on /home/leoja/airflow/airflow_venv/lib/python3.12/site-packages/airflow/example_dags/example_branch_python_dop_operator_3.py
[2025-06-05T18:54:20.055+0200] {processor.py:830} INFO - Processing file /home/leoja/airflow/airflow_venv/lib/python3.12/site-packages/airflow/example_dags/example_branch_python_dop_operator_3.py for tasks to queue
[2025-06-05T18:54:20.056+0200] {logging_mixin.py:188} INFO - [2025-06-05T18:54:20.056+0200] {dagbag.py:540} INFO - Filling up the DagBag from /home/leoja/airflow/airflow_venv/lib/python3.12/site-packages/airflow/example_dags/example_branch_python_dop_operator_3.py
[2025-06-05T18:54:20.062+0200] {processor.py:840} INFO - DAG(s) 'example_branch_dop_operator_v3' retrieved from /home/leoja/airflow/airflow_venv/lib/python3.12/site-packages/airflow/example_dags/example_branch_python_dop_operator_3.py
[2025-06-05T18:54:20.075+0200] {logging_mixin.py:188} INFO - [2025-06-05T18:54:20.075+0200] {dag.py:3096} INFO - Sync 1 DAGs
[2025-06-05T18:54:20.091+0200] {logging_mixin.py:188} INFO - [2025-06-05T18:54:20.090+0200] {dag.py:3954} INFO - Setting next_dagrun for example_branch_dop_operator_v3 to 2025-06-05 16:53:00+00:00, run_after=2025-06-05 16:54:00+00:00
[2025-06-05T18:54:20.113+0200] {processor.py:183} INFO - Processing /home/leoja/airflow/airflow_venv/lib/python3.12/site-packages/airflow/example_dags/example_branch_python_dop_operator_3.py took 0.067 seconds
[2025-06-05T18:55:15.082+0200] {processor.py:161} INFO - Started process (PID=538643) to work on /home/leoja/airflow/airflow_venv/lib/python3.12/site-packages/airflow/example_dags/example_branch_python_dop_operator_3.py
[2025-06-05T18:55:15.083+0200] {processor.py:830} INFO - Processing file /home/leoja/airflow/airflow_venv/lib/python3.12/site-packages/airflow/example_dags/example_branch_python_dop_operator_3.py for tasks to queue
[2025-06-05T18:55:15.085+0200] {logging_mixin.py:188} INFO - [2025-06-05T18:55:15.085+0200] {dagbag.py:540} INFO - Filling up the DagBag from /home/leoja/airflow/airflow_venv/lib/python3.12/site-packages/airflow/example_dags/example_branch_python_dop_operator_3.py
[2025-06-05T18:55:15.093+0200] {processor.py:840} INFO - DAG(s) 'example_branch_dop_operator_v3' retrieved from /home/leoja/airflow/airflow_venv/lib/python3.12/site-packages/airflow/example_dags/example_branch_python_dop_operator_3.py
[2025-06-05T18:55:15.107+0200] {logging_mixin.py:188} INFO - [2025-06-05T18:55:15.107+0200] {dag.py:3096} INFO - Sync 1 DAGs
[2025-06-05T18:55:15.124+0200] {logging_mixin.py:188} INFO - [2025-06-05T18:55:15.124+0200] {dag.py:3954} INFO - Setting next_dagrun for example_branch_dop_operator_v3 to 2025-06-05 16:54:00+00:00, run_after=2025-06-05 16:55:00+00:00
[2025-06-05T18:55:15.146+0200] {processor.py:183} INFO - Processing /home/leoja/airflow/airflow_venv/lib/python3.12/site-packages/airflow/example_dags/example_branch_python_dop_operator_3.py took 0.071 seconds
[2025-06-05T18:56:19.625+0200] {processor.py:161} INFO - Started process (PID=539008) to work on /home/leoja/airflow/airflow_venv/lib/python3.12/site-packages/airflow/example_dags/example_branch_python_dop_operator_3.py
[2025-06-05T18:56:19.627+0200] {processor.py:830} INFO - Processing file /home/leoja/airflow/airflow_venv/lib/python3.12/site-packages/airflow/example_dags/example_branch_python_dop_operator_3.py for tasks to queue
[2025-06-05T18:56:19.629+0200] {logging_mixin.py:188} INFO - [2025-06-05T18:56:19.629+0200] {dagbag.py:540} INFO - Filling up the DagBag from /home/leoja/airflow/airflow_venv/lib/python3.12/site-packages/airflow/example_dags/example_branch_python_dop_operator_3.py
[2025-06-05T18:56:19.636+0200] {processor.py:840} INFO - DAG(s) 'example_branch_dop_operator_v3' retrieved from /home/leoja/airflow/airflow_venv/lib/python3.12/site-packages/airflow/example_dags/example_branch_python_dop_operator_3.py
[2025-06-05T18:56:19.648+0200] {logging_mixin.py:188} INFO - [2025-06-05T18:56:19.648+0200] {dag.py:3096} INFO - Sync 1 DAGs
[2025-06-05T18:56:19.663+0200] {logging_mixin.py:188} INFO - [2025-06-05T18:56:19.663+0200] {dag.py:3954} INFO - Setting next_dagrun for example_branch_dop_operator_v3 to 2025-06-05 16:55:00+00:00, run_after=2025-06-05 16:56:00+00:00
[2025-06-05T18:56:19.684+0200] {processor.py:183} INFO - Processing /home/leoja/airflow/airflow_venv/lib/python3.12/site-packages/airflow/example_dags/example_branch_python_dop_operator_3.py took 0.066 seconds
[2025-06-05T18:57:23.181+0200] {processor.py:161} INFO - Started process (PID=539400) to work on /home/leoja/airflow/airflow_venv/lib/python3.12/site-packages/airflow/example_dags/example_branch_python_dop_operator_3.py
[2025-06-05T18:57:23.183+0200] {processor.py:830} INFO - Processing file /home/leoja/airflow/airflow_venv/lib/python3.12/site-packages/airflow/example_dags/example_branch_python_dop_operator_3.py for tasks to queue
[2025-06-05T18:57:23.184+0200] {logging_mixin.py:188} INFO - [2025-06-05T18:57:23.184+0200] {dagbag.py:540} INFO - Filling up the DagBag from /home/leoja/airflow/airflow_venv/lib/python3.12/site-packages/airflow/example_dags/example_branch_python_dop_operator_3.py
[2025-06-05T18:57:23.192+0200] {processor.py:840} INFO - DAG(s) 'example_branch_dop_operator_v3' retrieved from /home/leoja/airflow/airflow_venv/lib/python3.12/site-packages/airflow/example_dags/example_branch_python_dop_operator_3.py
[2025-06-05T18:57:23.208+0200] {logging_mixin.py:188} INFO - [2025-06-05T18:57:23.208+0200] {dag.py:3096} INFO - Sync 1 DAGs
[2025-06-05T18:57:23.230+0200] {logging_mixin.py:188} INFO - [2025-06-05T18:57:23.230+0200] {dag.py:3954} INFO - Setting next_dagrun for example_branch_dop_operator_v3 to 2025-06-05 16:56:00+00:00, run_after=2025-06-05 16:57:00+00:00
[2025-06-05T18:57:23.256+0200] {processor.py:183} INFO - Processing /home/leoja/airflow/airflow_venv/lib/python3.12/site-packages/airflow/example_dags/example_branch_python_dop_operator_3.py took 0.083 seconds
[2025-06-05T18:58:27.523+0200] {processor.py:161} INFO - Started process (PID=539894) to work on /home/leoja/airflow/airflow_venv/lib/python3.12/site-packages/airflow/example_dags/example_branch_python_dop_operator_3.py
[2025-06-05T18:58:27.531+0200] {processor.py:830} INFO - Processing file /home/leoja/airflow/airflow_venv/lib/python3.12/site-packages/airflow/example_dags/example_branch_python_dop_operator_3.py for tasks to queue
[2025-06-05T18:58:27.532+0200] {logging_mixin.py:188} INFO - [2025-06-05T18:58:27.532+0200] {dagbag.py:540} INFO - Filling up the DagBag from /home/leoja/airflow/airflow_venv/lib/python3.12/site-packages/airflow/example_dags/example_branch_python_dop_operator_3.py
[2025-06-05T18:58:27.539+0200] {processor.py:840} INFO - DAG(s) 'example_branch_dop_operator_v3' retrieved from /home/leoja/airflow/airflow_venv/lib/python3.12/site-packages/airflow/example_dags/example_branch_python_dop_operator_3.py
[2025-06-05T18:58:27.552+0200] {logging_mixin.py:188} INFO - [2025-06-05T18:58:27.552+0200] {dag.py:3096} INFO - Sync 1 DAGs
[2025-06-05T18:58:27.569+0200] {logging_mixin.py:188} INFO - [2025-06-05T18:58:27.569+0200] {dag.py:3954} INFO - Setting next_dagrun for example_branch_dop_operator_v3 to 2025-06-05 16:57:00+00:00, run_after=2025-06-05 16:58:00+00:00
[2025-06-05T18:58:27.590+0200] {processor.py:183} INFO - Processing /home/leoja/airflow/airflow_venv/lib/python3.12/site-packages/airflow/example_dags/example_branch_python_dop_operator_3.py took 0.073 seconds
[2025-06-05T18:59:31.151+0200] {processor.py:161} INFO - Started process (PID=540275) to work on /home/leoja/airflow/airflow_venv/lib/python3.12/site-packages/airflow/example_dags/example_branch_python_dop_operator_3.py
[2025-06-05T18:59:31.153+0200] {processor.py:830} INFO - Processing file /home/leoja/airflow/airflow_venv/lib/python3.12/site-packages/airflow/example_dags/example_branch_python_dop_operator_3.py for tasks to queue
[2025-06-05T18:59:31.154+0200] {logging_mixin.py:188} INFO - [2025-06-05T18:59:31.154+0200] {dagbag.py:540} INFO - Filling up the DagBag from /home/leoja/airflow/airflow_venv/lib/python3.12/site-packages/airflow/example_dags/example_branch_python_dop_operator_3.py
[2025-06-05T18:59:31.160+0200] {processor.py:840} INFO - DAG(s) 'example_branch_dop_operator_v3' retrieved from /home/leoja/airflow/airflow_venv/lib/python3.12/site-packages/airflow/example_dags/example_branch_python_dop_operator_3.py
[2025-06-05T18:59:31.172+0200] {logging_mixin.py:188} INFO - [2025-06-05T18:59:31.172+0200] {dag.py:3096} INFO - Sync 1 DAGs
[2025-06-05T18:59:31.187+0200] {logging_mixin.py:188} INFO - [2025-06-05T18:59:31.187+0200] {dag.py:3954} INFO - Setting next_dagrun for example_branch_dop_operator_v3 to 2025-06-05 16:58:00+00:00, run_after=2025-06-05 16:59:00+00:00
[2025-06-05T18:59:31.207+0200] {processor.py:183} INFO - Processing /home/leoja/airflow/airflow_venv/lib/python3.12/site-packages/airflow/example_dags/example_branch_python_dop_operator_3.py took 0.063 seconds
[2025-06-05T19:00:34.175+0200] {processor.py:161} INFO - Started process (PID=540617) to work on /home/leoja/airflow/airflow_venv/lib/python3.12/site-packages/airflow/example_dags/example_branch_python_dop_operator_3.py
[2025-06-05T19:00:34.177+0200] {processor.py:830} INFO - Processing file /home/leoja/airflow/airflow_venv/lib/python3.12/site-packages/airflow/example_dags/example_branch_python_dop_operator_3.py for tasks to queue
[2025-06-05T19:00:34.179+0200] {logging_mixin.py:188} INFO - [2025-06-05T19:00:34.178+0200] {dagbag.py:540} INFO - Filling up the DagBag from /home/leoja/airflow/airflow_venv/lib/python3.12/site-packages/airflow/example_dags/example_branch_python_dop_operator_3.py
[2025-06-05T19:00:34.185+0200] {processor.py:840} INFO - DAG(s) 'example_branch_dop_operator_v3' retrieved from /home/leoja/airflow/airflow_venv/lib/python3.12/site-packages/airflow/example_dags/example_branch_python_dop_operator_3.py
[2025-06-05T19:00:34.198+0200] {logging_mixin.py:188} INFO - [2025-06-05T19:00:34.197+0200] {dag.py:3096} INFO - Sync 1 DAGs
[2025-06-05T19:00:34.213+0200] {logging_mixin.py:188} INFO - [2025-06-05T19:00:34.213+0200] {dag.py:3954} INFO - Setting next_dagrun for example_branch_dop_operator_v3 to 2025-06-05 16:59:00+00:00, run_after=2025-06-05 17:00:00+00:00
[2025-06-05T19:00:34.232+0200] {processor.py:183} INFO - Processing /home/leoja/airflow/airflow_venv/lib/python3.12/site-packages/airflow/example_dags/example_branch_python_dop_operator_3.py took 0.064 seconds
[2025-06-05T19:01:35.183+0200] {processor.py:161} INFO - Started process (PID=540986) to work on /home/leoja/airflow/airflow_venv/lib/python3.12/site-packages/airflow/example_dags/example_branch_python_dop_operator_3.py
[2025-06-05T19:01:35.185+0200] {processor.py:830} INFO - Processing file /home/leoja/airflow/airflow_venv/lib/python3.12/site-packages/airflow/example_dags/example_branch_python_dop_operator_3.py for tasks to queue
[2025-06-05T19:01:35.186+0200] {logging_mixin.py:188} INFO - [2025-06-05T19:01:35.186+0200] {dagbag.py:540} INFO - Filling up the DagBag from /home/leoja/airflow/airflow_venv/lib/python3.12/site-packages/airflow/example_dags/example_branch_python_dop_operator_3.py
[2025-06-05T19:01:35.193+0200] {processor.py:840} INFO - DAG(s) 'example_branch_dop_operator_v3' retrieved from /home/leoja/airflow/airflow_venv/lib/python3.12/site-packages/airflow/example_dags/example_branch_python_dop_operator_3.py
[2025-06-05T19:01:35.207+0200] {logging_mixin.py:188} INFO - [2025-06-05T19:01:35.207+0200] {dag.py:3096} INFO - Sync 1 DAGs
[2025-06-05T19:01:35.234+0200] {logging_mixin.py:188} INFO - [2025-06-05T19:01:35.233+0200] {dag.py:3954} INFO - Setting next_dagrun for example_branch_dop_operator_v3 to 2025-06-05 17:00:00+00:00, run_after=2025-06-05 17:01:00+00:00
[2025-06-05T19:01:35.259+0200] {processor.py:183} INFO - Processing /home/leoja/airflow/airflow_venv/lib/python3.12/site-packages/airflow/example_dags/example_branch_python_dop_operator_3.py took 0.083 seconds
[2025-06-05T19:02:42.329+0200] {processor.py:161} INFO - Started process (PID=541327) to work on /home/leoja/airflow/airflow_venv/lib/python3.12/site-packages/airflow/example_dags/example_branch_python_dop_operator_3.py
[2025-06-05T19:02:42.331+0200] {processor.py:830} INFO - Processing file /home/leoja/airflow/airflow_venv/lib/python3.12/site-packages/airflow/example_dags/example_branch_python_dop_operator_3.py for tasks to queue
[2025-06-05T19:02:42.332+0200] {logging_mixin.py:188} INFO - [2025-06-05T19:02:42.332+0200] {dagbag.py:540} INFO - Filling up the DagBag from /home/leoja/airflow/airflow_venv/lib/python3.12/site-packages/airflow/example_dags/example_branch_python_dop_operator_3.py
[2025-06-05T19:02:42.342+0200] {processor.py:840} INFO - DAG(s) 'example_branch_dop_operator_v3' retrieved from /home/leoja/airflow/airflow_venv/lib/python3.12/site-packages/airflow/example_dags/example_branch_python_dop_operator_3.py
[2025-06-05T19:02:42.358+0200] {logging_mixin.py:188} INFO - [2025-06-05T19:02:42.358+0200] {dag.py:3096} INFO - Sync 1 DAGs
[2025-06-05T19:02:42.375+0200] {logging_mixin.py:188} INFO - [2025-06-05T19:02:42.375+0200] {dag.py:3954} INFO - Setting next_dagrun for example_branch_dop_operator_v3 to 2025-06-05 17:01:00+00:00, run_after=2025-06-05 17:02:00+00:00
[2025-06-05T19:02:42.397+0200] {processor.py:183} INFO - Processing /home/leoja/airflow/airflow_venv/lib/python3.12/site-packages/airflow/example_dags/example_branch_python_dop_operator_3.py took 0.075 seconds
[2025-06-05T19:03:53.025+0200] {processor.py:161} INFO - Started process (PID=541752) to work on /home/leoja/airflow/airflow_venv/lib/python3.12/site-packages/airflow/example_dags/example_branch_python_dop_operator_3.py
[2025-06-05T19:03:53.027+0200] {processor.py:830} INFO - Processing file /home/leoja/airflow/airflow_venv/lib/python3.12/site-packages/airflow/example_dags/example_branch_python_dop_operator_3.py for tasks to queue
[2025-06-05T19:03:53.028+0200] {logging_mixin.py:188} INFO - [2025-06-05T19:03:53.028+0200] {dagbag.py:540} INFO - Filling up the DagBag from /home/leoja/airflow/airflow_venv/lib/python3.12/site-packages/airflow/example_dags/example_branch_python_dop_operator_3.py
[2025-06-05T19:03:53.036+0200] {processor.py:840} INFO - DAG(s) 'example_branch_dop_operator_v3' retrieved from /home/leoja/airflow/airflow_venv/lib/python3.12/site-packages/airflow/example_dags/example_branch_python_dop_operator_3.py
[2025-06-05T19:03:53.048+0200] {logging_mixin.py:188} INFO - [2025-06-05T19:03:53.048+0200] {dag.py:3096} INFO - Sync 1 DAGs
[2025-06-05T19:03:53.064+0200] {logging_mixin.py:188} INFO - [2025-06-05T19:03:53.064+0200] {dag.py:3954} INFO - Setting next_dagrun for example_branch_dop_operator_v3 to 2025-06-05 17:02:00+00:00, run_after=2025-06-05 17:03:00+00:00
[2025-06-05T19:03:53.175+0200] {processor.py:183} INFO - Processing /home/leoja/airflow/airflow_venv/lib/python3.12/site-packages/airflow/example_dags/example_branch_python_dop_operator_3.py took 0.156 seconds
[2025-06-05T19:05:04.495+0200] {processor.py:161} INFO - Started process (PID=542195) to work on /home/leoja/airflow/airflow_venv/lib/python3.12/site-packages/airflow/example_dags/example_branch_python_dop_operator_3.py
[2025-06-05T19:05:04.496+0200] {processor.py:830} INFO - Processing file /home/leoja/airflow/airflow_venv/lib/python3.12/site-packages/airflow/example_dags/example_branch_python_dop_operator_3.py for tasks to queue
[2025-06-05T19:05:04.498+0200] {logging_mixin.py:188} INFO - [2025-06-05T19:05:04.497+0200] {dagbag.py:540} INFO - Filling up the DagBag from /home/leoja/airflow/airflow_venv/lib/python3.12/site-packages/airflow/example_dags/example_branch_python_dop_operator_3.py
[2025-06-05T19:05:04.504+0200] {processor.py:840} INFO - DAG(s) 'example_branch_dop_operator_v3' retrieved from /home/leoja/airflow/airflow_venv/lib/python3.12/site-packages/airflow/example_dags/example_branch_python_dop_operator_3.py
[2025-06-05T19:05:04.518+0200] {logging_mixin.py:188} INFO - [2025-06-05T19:05:04.517+0200] {dag.py:3096} INFO - Sync 1 DAGs
[2025-06-05T19:05:04.624+0200] {logging_mixin.py:188} INFO - [2025-06-05T19:05:04.624+0200] {dag.py:3954} INFO - Setting next_dagrun for example_branch_dop_operator_v3 to 2025-06-05 17:04:00+00:00, run_after=2025-06-05 17:05:00+00:00
[2025-06-05T19:05:04.644+0200] {processor.py:183} INFO - Processing /home/leoja/airflow/airflow_venv/lib/python3.12/site-packages/airflow/example_dags/example_branch_python_dop_operator_3.py took 0.157 seconds
[2025-06-05T19:06:14.043+0200] {processor.py:161} INFO - Started process (PID=542443) to work on /home/leoja/airflow/airflow_venv/lib/python3.12/site-packages/airflow/example_dags/example_branch_python_dop_operator_3.py
[2025-06-05T19:06:14.045+0200] {processor.py:830} INFO - Processing file /home/leoja/airflow/airflow_venv/lib/python3.12/site-packages/airflow/example_dags/example_branch_python_dop_operator_3.py for tasks to queue
[2025-06-05T19:06:14.046+0200] {logging_mixin.py:188} INFO - [2025-06-05T19:06:14.046+0200] {dagbag.py:540} INFO - Filling up the DagBag from /home/leoja/airflow/airflow_venv/lib/python3.12/site-packages/airflow/example_dags/example_branch_python_dop_operator_3.py
[2025-06-05T19:06:14.052+0200] {processor.py:840} INFO - DAG(s) 'example_branch_dop_operator_v3' retrieved from /home/leoja/airflow/airflow_venv/lib/python3.12/site-packages/airflow/example_dags/example_branch_python_dop_operator_3.py
[2025-06-05T19:06:14.064+0200] {logging_mixin.py:188} INFO - [2025-06-05T19:06:14.064+0200] {dag.py:3096} INFO - Sync 1 DAGs
[2025-06-05T19:06:14.078+0200] {logging_mixin.py:188} INFO - [2025-06-05T19:06:14.078+0200] {dag.py:3954} INFO - Setting next_dagrun for example_branch_dop_operator_v3 to 2025-06-05 17:05:00+00:00, run_after=2025-06-05 17:06:00+00:00
[2025-06-05T19:06:14.097+0200] {processor.py:183} INFO - Processing /home/leoja/airflow/airflow_venv/lib/python3.12/site-packages/airflow/example_dags/example_branch_python_dop_operator_3.py took 0.061 seconds
[2025-06-05T19:07:12.882+0200] {processor.py:161} INFO - Started process (PID=542653) to work on /home/leoja/airflow/airflow_venv/lib/python3.12/site-packages/airflow/example_dags/example_branch_python_dop_operator_3.py
[2025-06-05T19:07:12.884+0200] {processor.py:830} INFO - Processing file /home/leoja/airflow/airflow_venv/lib/python3.12/site-packages/airflow/example_dags/example_branch_python_dop_operator_3.py for tasks to queue
[2025-06-05T19:07:12.886+0200] {logging_mixin.py:188} INFO - [2025-06-05T19:07:12.885+0200] {dagbag.py:540} INFO - Filling up the DagBag from /home/leoja/airflow/airflow_venv/lib/python3.12/site-packages/airflow/example_dags/example_branch_python_dop_operator_3.py
[2025-06-05T19:07:12.892+0200] {processor.py:840} INFO - DAG(s) 'example_branch_dop_operator_v3' retrieved from /home/leoja/airflow/airflow_venv/lib/python3.12/site-packages/airflow/example_dags/example_branch_python_dop_operator_3.py
[2025-06-05T19:07:12.903+0200] {logging_mixin.py:188} INFO - [2025-06-05T19:07:12.903+0200] {dag.py:3096} INFO - Sync 1 DAGs
[2025-06-05T19:07:12.917+0200] {logging_mixin.py:188} INFO - [2025-06-05T19:07:12.917+0200] {dag.py:3954} INFO - Setting next_dagrun for example_branch_dop_operator_v3 to 2025-06-05 17:06:00+00:00, run_after=2025-06-05 17:07:00+00:00
[2025-06-05T19:07:12.936+0200] {processor.py:183} INFO - Processing /home/leoja/airflow/airflow_venv/lib/python3.12/site-packages/airflow/example_dags/example_branch_python_dop_operator_3.py took 0.060 seconds
[2025-06-05T19:08:14.348+0200] {processor.py:161} INFO - Started process (PID=543098) to work on /home/leoja/airflow/airflow_venv/lib/python3.12/site-packages/airflow/example_dags/example_branch_python_dop_operator_3.py
[2025-06-05T19:08:14.351+0200] {processor.py:830} INFO - Processing file /home/leoja/airflow/airflow_venv/lib/python3.12/site-packages/airflow/example_dags/example_branch_python_dop_operator_3.py for tasks to queue
[2025-06-05T19:08:14.352+0200] {logging_mixin.py:188} INFO - [2025-06-05T19:08:14.352+0200] {dagbag.py:540} INFO - Filling up the DagBag from /home/leoja/airflow/airflow_venv/lib/python3.12/site-packages/airflow/example_dags/example_branch_python_dop_operator_3.py
[2025-06-05T19:08:14.359+0200] {processor.py:840} INFO - DAG(s) 'example_branch_dop_operator_v3' retrieved from /home/leoja/airflow/airflow_venv/lib/python3.12/site-packages/airflow/example_dags/example_branch_python_dop_operator_3.py
[2025-06-05T19:08:14.370+0200] {logging_mixin.py:188} INFO - [2025-06-05T19:08:14.370+0200] {dag.py:3096} INFO - Sync 1 DAGs
[2025-06-05T19:08:14.386+0200] {logging_mixin.py:188} INFO - [2025-06-05T19:08:14.386+0200] {dag.py:3954} INFO - Setting next_dagrun for example_branch_dop_operator_v3 to 2025-06-05 17:07:00+00:00, run_after=2025-06-05 17:08:00+00:00
[2025-06-05T19:08:14.408+0200] {processor.py:183} INFO - Processing /home/leoja/airflow/airflow_venv/lib/python3.12/site-packages/airflow/example_dags/example_branch_python_dop_operator_3.py took 0.065 seconds
[2025-06-05T19:10:17.011+0200] {processor.py:161} INFO - Started process (PID=544320) to work on /home/leoja/airflow/airflow_venv/lib/python3.12/site-packages/airflow/example_dags/example_branch_python_dop_operator_3.py
[2025-06-05T19:10:17.014+0200] {processor.py:830} INFO - Processing file /home/leoja/airflow/airflow_venv/lib/python3.12/site-packages/airflow/example_dags/example_branch_python_dop_operator_3.py for tasks to queue
[2025-06-05T19:10:17.016+0200] {logging_mixin.py:188} INFO - [2025-06-05T19:10:17.015+0200] {dagbag.py:540} INFO - Filling up the DagBag from /home/leoja/airflow/airflow_venv/lib/python3.12/site-packages/airflow/example_dags/example_branch_python_dop_operator_3.py
[2025-06-05T19:10:17.022+0200] {processor.py:840} INFO - DAG(s) 'example_branch_dop_operator_v3' retrieved from /home/leoja/airflow/airflow_venv/lib/python3.12/site-packages/airflow/example_dags/example_branch_python_dop_operator_3.py
[2025-06-05T19:10:17.037+0200] {logging_mixin.py:188} INFO - [2025-06-05T19:10:17.037+0200] {dag.py:3096} INFO - Sync 1 DAGs
[2025-06-05T19:10:17.055+0200] {logging_mixin.py:188} INFO - [2025-06-05T19:10:17.055+0200] {dag.py:3954} INFO - Setting next_dagrun for example_branch_dop_operator_v3 to 2025-06-05 17:09:00+00:00, run_after=2025-06-05 17:10:00+00:00
[2025-06-05T19:10:17.080+0200] {processor.py:183} INFO - Processing /home/leoja/airflow/airflow_venv/lib/python3.12/site-packages/airflow/example_dags/example_branch_python_dop_operator_3.py took 0.075 seconds
[2025-06-05T19:11:18.366+0200] {processor.py:161} INFO - Started process (PID=544715) to work on /home/leoja/airflow/airflow_venv/lib/python3.12/site-packages/airflow/example_dags/example_branch_python_dop_operator_3.py
[2025-06-05T19:11:18.368+0200] {processor.py:830} INFO - Processing file /home/leoja/airflow/airflow_venv/lib/python3.12/site-packages/airflow/example_dags/example_branch_python_dop_operator_3.py for tasks to queue
[2025-06-05T19:11:18.370+0200] {logging_mixin.py:188} INFO - [2025-06-05T19:11:18.370+0200] {dagbag.py:540} INFO - Filling up the DagBag from /home/leoja/airflow/airflow_venv/lib/python3.12/site-packages/airflow/example_dags/example_branch_python_dop_operator_3.py
[2025-06-05T19:11:18.378+0200] {processor.py:840} INFO - DAG(s) 'example_branch_dop_operator_v3' retrieved from /home/leoja/airflow/airflow_venv/lib/python3.12/site-packages/airflow/example_dags/example_branch_python_dop_operator_3.py
[2025-06-05T19:11:18.392+0200] {logging_mixin.py:188} INFO - [2025-06-05T19:11:18.392+0200] {dag.py:3096} INFO - Sync 1 DAGs
[2025-06-05T19:11:18.409+0200] {logging_mixin.py:188} INFO - [2025-06-05T19:11:18.409+0200] {dag.py:3954} INFO - Setting next_dagrun for example_branch_dop_operator_v3 to 2025-06-05 17:10:00+00:00, run_after=2025-06-05 17:11:00+00:00
[2025-06-05T19:11:18.431+0200] {processor.py:183} INFO - Processing /home/leoja/airflow/airflow_venv/lib/python3.12/site-packages/airflow/example_dags/example_branch_python_dop_operator_3.py took 0.071 seconds
[2025-06-05T19:12:20.494+0200] {processor.py:161} INFO - Started process (PID=545054) to work on /home/leoja/airflow/airflow_venv/lib/python3.12/site-packages/airflow/example_dags/example_branch_python_dop_operator_3.py
[2025-06-05T19:12:20.496+0200] {processor.py:830} INFO - Processing file /home/leoja/airflow/airflow_venv/lib/python3.12/site-packages/airflow/example_dags/example_branch_python_dop_operator_3.py for tasks to queue
[2025-06-05T19:12:20.499+0200] {logging_mixin.py:188} INFO - [2025-06-05T19:12:20.498+0200] {dagbag.py:540} INFO - Filling up the DagBag from /home/leoja/airflow/airflow_venv/lib/python3.12/site-packages/airflow/example_dags/example_branch_python_dop_operator_3.py
[2025-06-05T19:12:20.509+0200] {processor.py:840} INFO - DAG(s) 'example_branch_dop_operator_v3' retrieved from /home/leoja/airflow/airflow_venv/lib/python3.12/site-packages/airflow/example_dags/example_branch_python_dop_operator_3.py
[2025-06-05T19:12:20.524+0200] {logging_mixin.py:188} INFO - [2025-06-05T19:12:20.524+0200] {dag.py:3096} INFO - Sync 1 DAGs
[2025-06-05T19:12:20.543+0200] {logging_mixin.py:188} INFO - [2025-06-05T19:12:20.542+0200] {dag.py:3954} INFO - Setting next_dagrun for example_branch_dop_operator_v3 to 2025-06-05 17:11:00+00:00, run_after=2025-06-05 17:12:00+00:00
[2025-06-05T19:12:20.567+0200] {processor.py:183} INFO - Processing /home/leoja/airflow/airflow_venv/lib/python3.12/site-packages/airflow/example_dags/example_branch_python_dop_operator_3.py took 0.080 seconds
[2025-06-05T19:13:27.067+0200] {processor.py:161} INFO - Started process (PID=545428) to work on /home/leoja/airflow/airflow_venv/lib/python3.12/site-packages/airflow/example_dags/example_branch_python_dop_operator_3.py
[2025-06-05T19:13:27.068+0200] {processor.py:830} INFO - Processing file /home/leoja/airflow/airflow_venv/lib/python3.12/site-packages/airflow/example_dags/example_branch_python_dop_operator_3.py for tasks to queue
[2025-06-05T19:13:27.070+0200] {logging_mixin.py:188} INFO - [2025-06-05T19:13:27.070+0200] {dagbag.py:540} INFO - Filling up the DagBag from /home/leoja/airflow/airflow_venv/lib/python3.12/site-packages/airflow/example_dags/example_branch_python_dop_operator_3.py
[2025-06-05T19:13:27.077+0200] {processor.py:840} INFO - DAG(s) 'example_branch_dop_operator_v3' retrieved from /home/leoja/airflow/airflow_venv/lib/python3.12/site-packages/airflow/example_dags/example_branch_python_dop_operator_3.py
[2025-06-05T19:13:27.092+0200] {logging_mixin.py:188} INFO - [2025-06-05T19:13:27.092+0200] {dag.py:3096} INFO - Sync 1 DAGs
[2025-06-05T19:13:27.110+0200] {logging_mixin.py:188} INFO - [2025-06-05T19:13:27.110+0200] {dag.py:3954} INFO - Setting next_dagrun for example_branch_dop_operator_v3 to 2025-06-05 17:12:00+00:00, run_after=2025-06-05 17:13:00+00:00
[2025-06-05T19:13:27.131+0200] {processor.py:183} INFO - Processing /home/leoja/airflow/airflow_venv/lib/python3.12/site-packages/airflow/example_dags/example_branch_python_dop_operator_3.py took 0.072 seconds
[2025-06-05T19:14:27.475+0200] {processor.py:161} INFO - Started process (PID=545864) to work on /home/leoja/airflow/airflow_venv/lib/python3.12/site-packages/airflow/example_dags/example_branch_python_dop_operator_3.py
[2025-06-05T19:14:27.477+0200] {processor.py:830} INFO - Processing file /home/leoja/airflow/airflow_venv/lib/python3.12/site-packages/airflow/example_dags/example_branch_python_dop_operator_3.py for tasks to queue
[2025-06-05T19:14:27.479+0200] {logging_mixin.py:188} INFO - [2025-06-05T19:14:27.478+0200] {dagbag.py:540} INFO - Filling up the DagBag from /home/leoja/airflow/airflow_venv/lib/python3.12/site-packages/airflow/example_dags/example_branch_python_dop_operator_3.py
[2025-06-05T19:14:27.486+0200] {processor.py:840} INFO - DAG(s) 'example_branch_dop_operator_v3' retrieved from /home/leoja/airflow/airflow_venv/lib/python3.12/site-packages/airflow/example_dags/example_branch_python_dop_operator_3.py
[2025-06-05T19:14:27.498+0200] {logging_mixin.py:188} INFO - [2025-06-05T19:14:27.498+0200] {dag.py:3096} INFO - Sync 1 DAGs
[2025-06-05T19:14:27.513+0200] {logging_mixin.py:188} INFO - [2025-06-05T19:14:27.513+0200] {dag.py:3954} INFO - Setting next_dagrun for example_branch_dop_operator_v3 to 2025-06-05 17:13:00+00:00, run_after=2025-06-05 17:14:00+00:00
[2025-06-05T19:14:27.535+0200] {processor.py:183} INFO - Processing /home/leoja/airflow/airflow_venv/lib/python3.12/site-packages/airflow/example_dags/example_branch_python_dop_operator_3.py took 0.065 seconds
[2025-06-05T19:15:32.627+0200] {processor.py:161} INFO - Started process (PID=546241) to work on /home/leoja/airflow/airflow_venv/lib/python3.12/site-packages/airflow/example_dags/example_branch_python_dop_operator_3.py
[2025-06-05T19:15:32.629+0200] {processor.py:830} INFO - Processing file /home/leoja/airflow/airflow_venv/lib/python3.12/site-packages/airflow/example_dags/example_branch_python_dop_operator_3.py for tasks to queue
[2025-06-05T19:15:32.631+0200] {logging_mixin.py:188} INFO - [2025-06-05T19:15:32.630+0200] {dagbag.py:540} INFO - Filling up the DagBag from /home/leoja/airflow/airflow_venv/lib/python3.12/site-packages/airflow/example_dags/example_branch_python_dop_operator_3.py
[2025-06-05T19:15:32.642+0200] {processor.py:840} INFO - DAG(s) 'example_branch_dop_operator_v3' retrieved from /home/leoja/airflow/airflow_venv/lib/python3.12/site-packages/airflow/example_dags/example_branch_python_dop_operator_3.py
[2025-06-05T19:15:32.659+0200] {logging_mixin.py:188} INFO - [2025-06-05T19:15:32.659+0200] {dag.py:3096} INFO - Sync 1 DAGs
[2025-06-05T19:15:32.677+0200] {logging_mixin.py:188} INFO - [2025-06-05T19:15:32.677+0200] {dag.py:3954} INFO - Setting next_dagrun for example_branch_dop_operator_v3 to 2025-06-05 17:14:00+00:00, run_after=2025-06-05 17:15:00+00:00
[2025-06-05T19:15:32.697+0200] {processor.py:183} INFO - Processing /home/leoja/airflow/airflow_venv/lib/python3.12/site-packages/airflow/example_dags/example_branch_python_dop_operator_3.py took 0.076 seconds
[2025-06-05T19:16:34.947+0200] {processor.py:161} INFO - Started process (PID=546795) to work on /home/leoja/airflow/airflow_venv/lib/python3.12/site-packages/airflow/example_dags/example_branch_python_dop_operator_3.py
[2025-06-05T19:16:34.950+0200] {processor.py:830} INFO - Processing file /home/leoja/airflow/airflow_venv/lib/python3.12/site-packages/airflow/example_dags/example_branch_python_dop_operator_3.py for tasks to queue
[2025-06-05T19:16:34.952+0200] {logging_mixin.py:188} INFO - [2025-06-05T19:16:34.952+0200] {dagbag.py:540} INFO - Filling up the DagBag from /home/leoja/airflow/airflow_venv/lib/python3.12/site-packages/airflow/example_dags/example_branch_python_dop_operator_3.py
[2025-06-05T19:16:34.964+0200] {processor.py:840} INFO - DAG(s) 'example_branch_dop_operator_v3' retrieved from /home/leoja/airflow/airflow_venv/lib/python3.12/site-packages/airflow/example_dags/example_branch_python_dop_operator_3.py
[2025-06-05T19:16:34.985+0200] {logging_mixin.py:188} INFO - [2025-06-05T19:16:34.984+0200] {dag.py:3096} INFO - Sync 1 DAGs
[2025-06-05T19:16:35.008+0200] {logging_mixin.py:188} INFO - [2025-06-05T19:16:35.007+0200] {dag.py:3954} INFO - Setting next_dagrun for example_branch_dop_operator_v3 to 2025-06-05 17:15:00+00:00, run_after=2025-06-05 17:16:00+00:00
[2025-06-05T19:16:35.044+0200] {processor.py:183} INFO - Processing /home/leoja/airflow/airflow_venv/lib/python3.12/site-packages/airflow/example_dags/example_branch_python_dop_operator_3.py took 0.108 seconds
[2025-06-05T19:17:35.161+0200] {processor.py:161} INFO - Started process (PID=547521) to work on /home/leoja/airflow/airflow_venv/lib/python3.12/site-packages/airflow/example_dags/example_branch_python_dop_operator_3.py
[2025-06-05T19:17:35.163+0200] {processor.py:830} INFO - Processing file /home/leoja/airflow/airflow_venv/lib/python3.12/site-packages/airflow/example_dags/example_branch_python_dop_operator_3.py for tasks to queue
[2025-06-05T19:17:35.165+0200] {logging_mixin.py:188} INFO - [2025-06-05T19:17:35.164+0200] {dagbag.py:540} INFO - Filling up the DagBag from /home/leoja/airflow/airflow_venv/lib/python3.12/site-packages/airflow/example_dags/example_branch_python_dop_operator_3.py
[2025-06-05T19:17:35.171+0200] {processor.py:840} INFO - DAG(s) 'example_branch_dop_operator_v3' retrieved from /home/leoja/airflow/airflow_venv/lib/python3.12/site-packages/airflow/example_dags/example_branch_python_dop_operator_3.py
[2025-06-05T19:17:35.186+0200] {logging_mixin.py:188} INFO - [2025-06-05T19:17:35.186+0200] {dag.py:3096} INFO - Sync 1 DAGs
[2025-06-05T19:17:35.234+0200] {logging_mixin.py:188} INFO - [2025-06-05T19:17:35.234+0200] {dag.py:3954} INFO - Setting next_dagrun for example_branch_dop_operator_v3 to 2025-06-05 17:16:00+00:00, run_after=2025-06-05 17:17:00+00:00
[2025-06-05T19:17:35.291+0200] {processor.py:183} INFO - Processing /home/leoja/airflow/airflow_venv/lib/python3.12/site-packages/airflow/example_dags/example_branch_python_dop_operator_3.py took 0.136 seconds
[2025-06-05T19:18:35.401+0200] {processor.py:161} INFO - Started process (PID=547880) to work on /home/leoja/airflow/airflow_venv/lib/python3.12/site-packages/airflow/example_dags/example_branch_python_dop_operator_3.py
[2025-06-05T19:18:35.404+0200] {processor.py:830} INFO - Processing file /home/leoja/airflow/airflow_venv/lib/python3.12/site-packages/airflow/example_dags/example_branch_python_dop_operator_3.py for tasks to queue
[2025-06-05T19:18:35.405+0200] {logging_mixin.py:188} INFO - [2025-06-05T19:18:35.405+0200] {dagbag.py:540} INFO - Filling up the DagBag from /home/leoja/airflow/airflow_venv/lib/python3.12/site-packages/airflow/example_dags/example_branch_python_dop_operator_3.py
[2025-06-05T19:18:35.413+0200] {processor.py:840} INFO - DAG(s) 'example_branch_dop_operator_v3' retrieved from /home/leoja/airflow/airflow_venv/lib/python3.12/site-packages/airflow/example_dags/example_branch_python_dop_operator_3.py
[2025-06-05T19:18:35.428+0200] {logging_mixin.py:188} INFO - [2025-06-05T19:18:35.428+0200] {dag.py:3096} INFO - Sync 1 DAGs
[2025-06-05T19:18:35.445+0200] {logging_mixin.py:188} INFO - [2025-06-05T19:18:35.445+0200] {dag.py:3954} INFO - Setting next_dagrun for example_branch_dop_operator_v3 to 2025-06-05 17:17:00+00:00, run_after=2025-06-05 17:18:00+00:00
[2025-06-05T19:18:35.465+0200] {processor.py:183} INFO - Processing /home/leoja/airflow/airflow_venv/lib/python3.12/site-packages/airflow/example_dags/example_branch_python_dop_operator_3.py took 0.070 seconds
[2025-06-05T19:19:37.244+0200] {processor.py:161} INFO - Started process (PID=548250) to work on /home/leoja/airflow/airflow_venv/lib/python3.12/site-packages/airflow/example_dags/example_branch_python_dop_operator_3.py
[2025-06-05T19:19:37.246+0200] {processor.py:830} INFO - Processing file /home/leoja/airflow/airflow_venv/lib/python3.12/site-packages/airflow/example_dags/example_branch_python_dop_operator_3.py for tasks to queue
[2025-06-05T19:19:37.248+0200] {logging_mixin.py:188} INFO - [2025-06-05T19:19:37.248+0200] {dagbag.py:540} INFO - Filling up the DagBag from /home/leoja/airflow/airflow_venv/lib/python3.12/site-packages/airflow/example_dags/example_branch_python_dop_operator_3.py
[2025-06-05T19:19:37.258+0200] {processor.py:840} INFO - DAG(s) 'example_branch_dop_operator_v3' retrieved from /home/leoja/airflow/airflow_venv/lib/python3.12/site-packages/airflow/example_dags/example_branch_python_dop_operator_3.py
[2025-06-05T19:19:37.274+0200] {logging_mixin.py:188} INFO - [2025-06-05T19:19:37.273+0200] {dag.py:3096} INFO - Sync 1 DAGs
[2025-06-05T19:19:37.289+0200] {logging_mixin.py:188} INFO - [2025-06-05T19:19:37.289+0200] {dag.py:3954} INFO - Setting next_dagrun for example_branch_dop_operator_v3 to 2025-06-05 17:18:00+00:00, run_after=2025-06-05 17:19:00+00:00
[2025-06-05T19:19:37.310+0200] {processor.py:183} INFO - Processing /home/leoja/airflow/airflow_venv/lib/python3.12/site-packages/airflow/example_dags/example_branch_python_dop_operator_3.py took 0.072 seconds
[2025-06-05T19:20:38.307+0200] {processor.py:161} INFO - Started process (PID=548660) to work on /home/leoja/airflow/airflow_venv/lib/python3.12/site-packages/airflow/example_dags/example_branch_python_dop_operator_3.py
[2025-06-05T19:20:38.309+0200] {processor.py:830} INFO - Processing file /home/leoja/airflow/airflow_venv/lib/python3.12/site-packages/airflow/example_dags/example_branch_python_dop_operator_3.py for tasks to queue
[2025-06-05T19:20:38.311+0200] {logging_mixin.py:188} INFO - [2025-06-05T19:20:38.310+0200] {dagbag.py:540} INFO - Filling up the DagBag from /home/leoja/airflow/airflow_venv/lib/python3.12/site-packages/airflow/example_dags/example_branch_python_dop_operator_3.py
[2025-06-05T19:20:38.318+0200] {processor.py:840} INFO - DAG(s) 'example_branch_dop_operator_v3' retrieved from /home/leoja/airflow/airflow_venv/lib/python3.12/site-packages/airflow/example_dags/example_branch_python_dop_operator_3.py
[2025-06-05T19:20:38.331+0200] {logging_mixin.py:188} INFO - [2025-06-05T19:20:38.331+0200] {dag.py:3096} INFO - Sync 1 DAGs
[2025-06-05T19:20:38.354+0200] {logging_mixin.py:188} INFO - [2025-06-05T19:20:38.354+0200] {dag.py:3954} INFO - Setting next_dagrun for example_branch_dop_operator_v3 to 2025-06-05 17:19:00+00:00, run_after=2025-06-05 17:20:00+00:00
[2025-06-05T19:20:38.380+0200] {processor.py:183} INFO - Processing /home/leoja/airflow/airflow_venv/lib/python3.12/site-packages/airflow/example_dags/example_branch_python_dop_operator_3.py took 0.080 seconds
[2025-06-05T19:21:40.634+0200] {processor.py:161} INFO - Started process (PID=549009) to work on /home/leoja/airflow/airflow_venv/lib/python3.12/site-packages/airflow/example_dags/example_branch_python_dop_operator_3.py
[2025-06-05T19:21:40.636+0200] {processor.py:830} INFO - Processing file /home/leoja/airflow/airflow_venv/lib/python3.12/site-packages/airflow/example_dags/example_branch_python_dop_operator_3.py for tasks to queue
[2025-06-05T19:21:40.637+0200] {logging_mixin.py:188} INFO - [2025-06-05T19:21:40.637+0200] {dagbag.py:540} INFO - Filling up the DagBag from /home/leoja/airflow/airflow_venv/lib/python3.12/site-packages/airflow/example_dags/example_branch_python_dop_operator_3.py
[2025-06-05T19:21:40.644+0200] {processor.py:840} INFO - DAG(s) 'example_branch_dop_operator_v3' retrieved from /home/leoja/airflow/airflow_venv/lib/python3.12/site-packages/airflow/example_dags/example_branch_python_dop_operator_3.py
[2025-06-05T19:21:40.657+0200] {logging_mixin.py:188} INFO - [2025-06-05T19:21:40.657+0200] {dag.py:3096} INFO - Sync 1 DAGs
[2025-06-05T19:21:40.684+0200] {logging_mixin.py:188} INFO - [2025-06-05T19:21:40.684+0200] {dag.py:3954} INFO - Setting next_dagrun for example_branch_dop_operator_v3 to 2025-06-05 17:20:00+00:00, run_after=2025-06-05 17:21:00+00:00
[2025-06-05T19:21:40.707+0200] {processor.py:183} INFO - Processing /home/leoja/airflow/airflow_venv/lib/python3.12/site-packages/airflow/example_dags/example_branch_python_dop_operator_3.py took 0.080 seconds
[2025-06-05T19:22:43.294+0200] {processor.py:161} INFO - Started process (PID=549379) to work on /home/leoja/airflow/airflow_venv/lib/python3.12/site-packages/airflow/example_dags/example_branch_python_dop_operator_3.py
[2025-06-05T19:22:43.297+0200] {processor.py:830} INFO - Processing file /home/leoja/airflow/airflow_venv/lib/python3.12/site-packages/airflow/example_dags/example_branch_python_dop_operator_3.py for tasks to queue
[2025-06-05T19:22:43.299+0200] {logging_mixin.py:188} INFO - [2025-06-05T19:22:43.298+0200] {dagbag.py:540} INFO - Filling up the DagBag from /home/leoja/airflow/airflow_venv/lib/python3.12/site-packages/airflow/example_dags/example_branch_python_dop_operator_3.py
[2025-06-05T19:22:43.306+0200] {processor.py:840} INFO - DAG(s) 'example_branch_dop_operator_v3' retrieved from /home/leoja/airflow/airflow_venv/lib/python3.12/site-packages/airflow/example_dags/example_branch_python_dop_operator_3.py
[2025-06-05T19:22:43.320+0200] {logging_mixin.py:188} INFO - [2025-06-05T19:22:43.319+0200] {dag.py:3096} INFO - Sync 1 DAGs
[2025-06-05T19:22:43.335+0200] {logging_mixin.py:188} INFO - [2025-06-05T19:22:43.335+0200] {dag.py:3954} INFO - Setting next_dagrun for example_branch_dop_operator_v3 to 2025-06-05 17:21:00+00:00, run_after=2025-06-05 17:22:00+00:00
[2025-06-05T19:22:43.358+0200] {processor.py:183} INFO - Processing /home/leoja/airflow/airflow_venv/lib/python3.12/site-packages/airflow/example_dags/example_branch_python_dop_operator_3.py took 0.071 seconds
[2025-06-05T19:23:46.353+0200] {processor.py:161} INFO - Started process (PID=549747) to work on /home/leoja/airflow/airflow_venv/lib/python3.12/site-packages/airflow/example_dags/example_branch_python_dop_operator_3.py
[2025-06-05T19:23:46.355+0200] {processor.py:830} INFO - Processing file /home/leoja/airflow/airflow_venv/lib/python3.12/site-packages/airflow/example_dags/example_branch_python_dop_operator_3.py for tasks to queue
[2025-06-05T19:23:46.356+0200] {logging_mixin.py:188} INFO - [2025-06-05T19:23:46.356+0200] {dagbag.py:540} INFO - Filling up the DagBag from /home/leoja/airflow/airflow_venv/lib/python3.12/site-packages/airflow/example_dags/example_branch_python_dop_operator_3.py
[2025-06-05T19:23:46.365+0200] {processor.py:840} INFO - DAG(s) 'example_branch_dop_operator_v3' retrieved from /home/leoja/airflow/airflow_venv/lib/python3.12/site-packages/airflow/example_dags/example_branch_python_dop_operator_3.py
[2025-06-05T19:23:46.377+0200] {logging_mixin.py:188} INFO - [2025-06-05T19:23:46.376+0200] {dag.py:3096} INFO - Sync 1 DAGs
[2025-06-05T19:23:46.392+0200] {logging_mixin.py:188} INFO - [2025-06-05T19:23:46.391+0200] {dag.py:3954} INFO - Setting next_dagrun for example_branch_dop_operator_v3 to 2025-06-05 17:22:00+00:00, run_after=2025-06-05 17:23:00+00:00
[2025-06-05T19:23:46.411+0200] {processor.py:183} INFO - Processing /home/leoja/airflow/airflow_venv/lib/python3.12/site-packages/airflow/example_dags/example_branch_python_dop_operator_3.py took 0.065 seconds
[2025-06-05T19:24:52.509+0200] {processor.py:161} INFO - Started process (PID=550087) to work on /home/leoja/airflow/airflow_venv/lib/python3.12/site-packages/airflow/example_dags/example_branch_python_dop_operator_3.py
[2025-06-05T19:24:52.511+0200] {processor.py:830} INFO - Processing file /home/leoja/airflow/airflow_venv/lib/python3.12/site-packages/airflow/example_dags/example_branch_python_dop_operator_3.py for tasks to queue
[2025-06-05T19:24:52.513+0200] {logging_mixin.py:188} INFO - [2025-06-05T19:24:52.512+0200] {dagbag.py:540} INFO - Filling up the DagBag from /home/leoja/airflow/airflow_venv/lib/python3.12/site-packages/airflow/example_dags/example_branch_python_dop_operator_3.py
[2025-06-05T19:24:52.521+0200] {processor.py:840} INFO - DAG(s) 'example_branch_dop_operator_v3' retrieved from /home/leoja/airflow/airflow_venv/lib/python3.12/site-packages/airflow/example_dags/example_branch_python_dop_operator_3.py
[2025-06-05T19:24:52.534+0200] {logging_mixin.py:188} INFO - [2025-06-05T19:24:52.533+0200] {dag.py:3096} INFO - Sync 1 DAGs
[2025-06-05T19:24:52.550+0200] {logging_mixin.py:188} INFO - [2025-06-05T19:24:52.550+0200] {dag.py:3954} INFO - Setting next_dagrun for example_branch_dop_operator_v3 to 2025-06-05 17:23:00+00:00, run_after=2025-06-05 17:24:00+00:00
[2025-06-05T19:24:52.568+0200] {processor.py:183} INFO - Processing /home/leoja/airflow/airflow_venv/lib/python3.12/site-packages/airflow/example_dags/example_branch_python_dop_operator_3.py took 0.065 seconds
[2025-06-05T19:25:49.148+0200] {processor.py:161} INFO - Started process (PID=550509) to work on /home/leoja/airflow/airflow_venv/lib/python3.12/site-packages/airflow/example_dags/example_branch_python_dop_operator_3.py
[2025-06-05T19:25:49.150+0200] {processor.py:830} INFO - Processing file /home/leoja/airflow/airflow_venv/lib/python3.12/site-packages/airflow/example_dags/example_branch_python_dop_operator_3.py for tasks to queue
[2025-06-05T19:25:49.152+0200] {logging_mixin.py:188} INFO - [2025-06-05T19:25:49.152+0200] {dagbag.py:540} INFO - Filling up the DagBag from /home/leoja/airflow/airflow_venv/lib/python3.12/site-packages/airflow/example_dags/example_branch_python_dop_operator_3.py
[2025-06-05T19:25:49.159+0200] {processor.py:840} INFO - DAG(s) 'example_branch_dop_operator_v3' retrieved from /home/leoja/airflow/airflow_venv/lib/python3.12/site-packages/airflow/example_dags/example_branch_python_dop_operator_3.py
[2025-06-05T19:25:49.171+0200] {logging_mixin.py:188} INFO - [2025-06-05T19:25:49.171+0200] {dag.py:3096} INFO - Sync 1 DAGs
[2025-06-05T19:25:49.186+0200] {logging_mixin.py:188} INFO - [2025-06-05T19:25:49.186+0200] {dag.py:3954} INFO - Setting next_dagrun for example_branch_dop_operator_v3 to 2025-06-05 17:24:00+00:00, run_after=2025-06-05 17:25:00+00:00
[2025-06-05T19:25:49.205+0200] {processor.py:183} INFO - Processing /home/leoja/airflow/airflow_venv/lib/python3.12/site-packages/airflow/example_dags/example_branch_python_dop_operator_3.py took 0.062 seconds
[2025-06-05T19:26:52.239+0200] {processor.py:161} INFO - Started process (PID=550825) to work on /home/leoja/airflow/airflow_venv/lib/python3.12/site-packages/airflow/example_dags/example_branch_python_dop_operator_3.py
[2025-06-05T19:26:52.241+0200] {processor.py:830} INFO - Processing file /home/leoja/airflow/airflow_venv/lib/python3.12/site-packages/airflow/example_dags/example_branch_python_dop_operator_3.py for tasks to queue
[2025-06-05T19:26:52.243+0200] {logging_mixin.py:188} INFO - [2025-06-05T19:26:52.243+0200] {dagbag.py:540} INFO - Filling up the DagBag from /home/leoja/airflow/airflow_venv/lib/python3.12/site-packages/airflow/example_dags/example_branch_python_dop_operator_3.py
[2025-06-05T19:26:52.251+0200] {processor.py:840} INFO - DAG(s) 'example_branch_dop_operator_v3' retrieved from /home/leoja/airflow/airflow_venv/lib/python3.12/site-packages/airflow/example_dags/example_branch_python_dop_operator_3.py
[2025-06-05T19:26:52.265+0200] {logging_mixin.py:188} INFO - [2025-06-05T19:26:52.265+0200] {dag.py:3096} INFO - Sync 1 DAGs
[2025-06-05T19:26:52.283+0200] {logging_mixin.py:188} INFO - [2025-06-05T19:26:52.283+0200] {dag.py:3954} INFO - Setting next_dagrun for example_branch_dop_operator_v3 to 2025-06-05 17:25:00+00:00, run_after=2025-06-05 17:26:00+00:00
[2025-06-05T19:26:52.304+0200] {processor.py:183} INFO - Processing /home/leoja/airflow/airflow_venv/lib/python3.12/site-packages/airflow/example_dags/example_branch_python_dop_operator_3.py took 0.071 seconds
[2025-06-05T19:28:02.451+0200] {processor.py:161} INFO - Started process (PID=551526) to work on /home/leoja/airflow/airflow_venv/lib/python3.12/site-packages/airflow/example_dags/example_branch_python_dop_operator_3.py
[2025-06-05T19:28:02.453+0200] {processor.py:830} INFO - Processing file /home/leoja/airflow/airflow_venv/lib/python3.12/site-packages/airflow/example_dags/example_branch_python_dop_operator_3.py for tasks to queue
[2025-06-05T19:28:02.454+0200] {logging_mixin.py:188} INFO - [2025-06-05T19:28:02.454+0200] {dagbag.py:540} INFO - Filling up the DagBag from /home/leoja/airflow/airflow_venv/lib/python3.12/site-packages/airflow/example_dags/example_branch_python_dop_operator_3.py
[2025-06-05T19:28:02.461+0200] {processor.py:840} INFO - DAG(s) 'example_branch_dop_operator_v3' retrieved from /home/leoja/airflow/airflow_venv/lib/python3.12/site-packages/airflow/example_dags/example_branch_python_dop_operator_3.py
[2025-06-05T19:28:02.471+0200] {logging_mixin.py:188} INFO - [2025-06-05T19:28:02.471+0200] {dag.py:3096} INFO - Sync 1 DAGs
[2025-06-05T19:28:02.485+0200] {logging_mixin.py:188} INFO - [2025-06-05T19:28:02.485+0200] {dag.py:3954} INFO - Setting next_dagrun for example_branch_dop_operator_v3 to 2025-06-05 17:27:00+00:00, run_after=2025-06-05 17:28:00+00:00
[2025-06-05T19:28:02.505+0200] {processor.py:183} INFO - Processing /home/leoja/airflow/airflow_venv/lib/python3.12/site-packages/airflow/example_dags/example_branch_python_dop_operator_3.py took 0.060 seconds
[2025-06-05T19:29:13.348+0200] {processor.py:161} INFO - Started process (PID=552469) to work on /home/leoja/airflow/airflow_venv/lib/python3.12/site-packages/airflow/example_dags/example_branch_python_dop_operator_3.py
[2025-06-05T19:29:13.350+0200] {processor.py:830} INFO - Processing file /home/leoja/airflow/airflow_venv/lib/python3.12/site-packages/airflow/example_dags/example_branch_python_dop_operator_3.py for tasks to queue
[2025-06-05T19:29:13.351+0200] {logging_mixin.py:188} INFO - [2025-06-05T19:29:13.351+0200] {dagbag.py:540} INFO - Filling up the DagBag from /home/leoja/airflow/airflow_venv/lib/python3.12/site-packages/airflow/example_dags/example_branch_python_dop_operator_3.py
[2025-06-05T19:29:13.358+0200] {processor.py:840} INFO - DAG(s) 'example_branch_dop_operator_v3' retrieved from /home/leoja/airflow/airflow_venv/lib/python3.12/site-packages/airflow/example_dags/example_branch_python_dop_operator_3.py
[2025-06-05T19:29:13.370+0200] {logging_mixin.py:188} INFO - [2025-06-05T19:29:13.370+0200] {dag.py:3096} INFO - Sync 1 DAGs
[2025-06-05T19:29:13.386+0200] {logging_mixin.py:188} INFO - [2025-06-05T19:29:13.385+0200] {dag.py:3954} INFO - Setting next_dagrun for example_branch_dop_operator_v3 to 2025-06-05 17:28:00+00:00, run_after=2025-06-05 17:29:00+00:00
[2025-06-05T19:29:13.408+0200] {processor.py:183} INFO - Processing /home/leoja/airflow/airflow_venv/lib/python3.12/site-packages/airflow/example_dags/example_branch_python_dop_operator_3.py took 0.068 seconds
[2025-06-05T19:30:21.003+0200] {processor.py:161} INFO - Started process (PID=552891) to work on /home/leoja/airflow/airflow_venv/lib/python3.12/site-packages/airflow/example_dags/example_branch_python_dop_operator_3.py
[2025-06-05T19:30:21.005+0200] {processor.py:830} INFO - Processing file /home/leoja/airflow/airflow_venv/lib/python3.12/site-packages/airflow/example_dags/example_branch_python_dop_operator_3.py for tasks to queue
[2025-06-05T19:30:21.006+0200] {logging_mixin.py:188} INFO - [2025-06-05T19:30:21.006+0200] {dagbag.py:540} INFO - Filling up the DagBag from /home/leoja/airflow/airflow_venv/lib/python3.12/site-packages/airflow/example_dags/example_branch_python_dop_operator_3.py
[2025-06-05T19:30:21.013+0200] {processor.py:840} INFO - DAG(s) 'example_branch_dop_operator_v3' retrieved from /home/leoja/airflow/airflow_venv/lib/python3.12/site-packages/airflow/example_dags/example_branch_python_dop_operator_3.py
[2025-06-05T19:30:21.027+0200] {logging_mixin.py:188} INFO - [2025-06-05T19:30:21.027+0200] {dag.py:3096} INFO - Sync 1 DAGs
[2025-06-05T19:30:21.054+0200] {logging_mixin.py:188} INFO - [2025-06-05T19:30:21.054+0200] {dag.py:3954} INFO - Setting next_dagrun for example_branch_dop_operator_v3 to 2025-06-05 17:29:00+00:00, run_after=2025-06-05 17:30:00+00:00
[2025-06-05T19:30:21.074+0200] {processor.py:183} INFO - Processing /home/leoja/airflow/airflow_venv/lib/python3.12/site-packages/airflow/example_dags/example_branch_python_dop_operator_3.py took 0.079 seconds
[2025-06-05T19:31:28.416+0200] {processor.py:161} INFO - Started process (PID=553259) to work on /home/leoja/airflow/airflow_venv/lib/python3.12/site-packages/airflow/example_dags/example_branch_python_dop_operator_3.py
[2025-06-05T19:31:28.419+0200] {processor.py:830} INFO - Processing file /home/leoja/airflow/airflow_venv/lib/python3.12/site-packages/airflow/example_dags/example_branch_python_dop_operator_3.py for tasks to queue
[2025-06-05T19:31:28.420+0200] {logging_mixin.py:188} INFO - [2025-06-05T19:31:28.420+0200] {dagbag.py:540} INFO - Filling up the DagBag from /home/leoja/airflow/airflow_venv/lib/python3.12/site-packages/airflow/example_dags/example_branch_python_dop_operator_3.py
[2025-06-05T19:31:28.427+0200] {processor.py:840} INFO - DAG(s) 'example_branch_dop_operator_v3' retrieved from /home/leoja/airflow/airflow_venv/lib/python3.12/site-packages/airflow/example_dags/example_branch_python_dop_operator_3.py
[2025-06-05T19:31:28.439+0200] {logging_mixin.py:188} INFO - [2025-06-05T19:31:28.439+0200] {dag.py:3096} INFO - Sync 1 DAGs
[2025-06-05T19:31:28.455+0200] {logging_mixin.py:188} INFO - [2025-06-05T19:31:28.455+0200] {dag.py:3954} INFO - Setting next_dagrun for example_branch_dop_operator_v3 to 2025-06-05 17:30:00+00:00, run_after=2025-06-05 17:31:00+00:00
[2025-06-05T19:31:28.478+0200] {processor.py:183} INFO - Processing /home/leoja/airflow/airflow_venv/lib/python3.12/site-packages/airflow/example_dags/example_branch_python_dop_operator_3.py took 0.069 seconds
[2025-06-05T19:32:31.310+0200] {processor.py:161} INFO - Started process (PID=553637) to work on /home/leoja/airflow/airflow_venv/lib/python3.12/site-packages/airflow/example_dags/example_branch_python_dop_operator_3.py
[2025-06-05T19:32:31.312+0200] {processor.py:830} INFO - Processing file /home/leoja/airflow/airflow_venv/lib/python3.12/site-packages/airflow/example_dags/example_branch_python_dop_operator_3.py for tasks to queue
[2025-06-05T19:32:31.313+0200] {logging_mixin.py:188} INFO - [2025-06-05T19:32:31.313+0200] {dagbag.py:540} INFO - Filling up the DagBag from /home/leoja/airflow/airflow_venv/lib/python3.12/site-packages/airflow/example_dags/example_branch_python_dop_operator_3.py
[2025-06-05T19:32:31.320+0200] {processor.py:840} INFO - DAG(s) 'example_branch_dop_operator_v3' retrieved from /home/leoja/airflow/airflow_venv/lib/python3.12/site-packages/airflow/example_dags/example_branch_python_dop_operator_3.py
[2025-06-05T19:32:31.332+0200] {logging_mixin.py:188} INFO - [2025-06-05T19:32:31.332+0200] {dag.py:3096} INFO - Sync 1 DAGs
[2025-06-05T19:32:31.350+0200] {logging_mixin.py:188} INFO - [2025-06-05T19:32:31.350+0200] {dag.py:3954} INFO - Setting next_dagrun for example_branch_dop_operator_v3 to 2025-06-05 17:31:00+00:00, run_after=2025-06-05 17:32:00+00:00
[2025-06-05T19:32:31.375+0200] {processor.py:183} INFO - Processing /home/leoja/airflow/airflow_venv/lib/python3.12/site-packages/airflow/example_dags/example_branch_python_dop_operator_3.py took 0.073 seconds
[2025-06-05T19:33:37.294+0200] {processor.py:161} INFO - Started process (PID=554002) to work on /home/leoja/airflow/airflow_venv/lib/python3.12/site-packages/airflow/example_dags/example_branch_python_dop_operator_3.py
[2025-06-05T19:33:37.296+0200] {processor.py:830} INFO - Processing file /home/leoja/airflow/airflow_venv/lib/python3.12/site-packages/airflow/example_dags/example_branch_python_dop_operator_3.py for tasks to queue
[2025-06-05T19:33:37.297+0200] {logging_mixin.py:188} INFO - [2025-06-05T19:33:37.297+0200] {dagbag.py:540} INFO - Filling up the DagBag from /home/leoja/airflow/airflow_venv/lib/python3.12/site-packages/airflow/example_dags/example_branch_python_dop_operator_3.py
[2025-06-05T19:33:37.304+0200] {processor.py:840} INFO - DAG(s) 'example_branch_dop_operator_v3' retrieved from /home/leoja/airflow/airflow_venv/lib/python3.12/site-packages/airflow/example_dags/example_branch_python_dop_operator_3.py
[2025-06-05T19:33:37.317+0200] {logging_mixin.py:188} INFO - [2025-06-05T19:33:37.317+0200] {dag.py:3096} INFO - Sync 1 DAGs
[2025-06-05T19:33:37.332+0200] {logging_mixin.py:188} INFO - [2025-06-05T19:33:37.332+0200] {dag.py:3954} INFO - Setting next_dagrun for example_branch_dop_operator_v3 to 2025-06-05 17:32:00+00:00, run_after=2025-06-05 17:33:00+00:00
[2025-06-05T19:33:37.350+0200] {processor.py:183} INFO - Processing /home/leoja/airflow/airflow_venv/lib/python3.12/site-packages/airflow/example_dags/example_branch_python_dop_operator_3.py took 0.063 seconds
[2025-06-05T19:34:41.190+0200] {processor.py:161} INFO - Started process (PID=554352) to work on /home/leoja/airflow/airflow_venv/lib/python3.12/site-packages/airflow/example_dags/example_branch_python_dop_operator_3.py
[2025-06-05T19:34:41.193+0200] {processor.py:830} INFO - Processing file /home/leoja/airflow/airflow_venv/lib/python3.12/site-packages/airflow/example_dags/example_branch_python_dop_operator_3.py for tasks to queue
[2025-06-05T19:34:41.194+0200] {logging_mixin.py:188} INFO - [2025-06-05T19:34:41.194+0200] {dagbag.py:540} INFO - Filling up the DagBag from /home/leoja/airflow/airflow_venv/lib/python3.12/site-packages/airflow/example_dags/example_branch_python_dop_operator_3.py
[2025-06-05T19:34:41.202+0200] {processor.py:840} INFO - DAG(s) 'example_branch_dop_operator_v3' retrieved from /home/leoja/airflow/airflow_venv/lib/python3.12/site-packages/airflow/example_dags/example_branch_python_dop_operator_3.py
[2025-06-05T19:34:41.215+0200] {logging_mixin.py:188} INFO - [2025-06-05T19:34:41.215+0200] {dag.py:3096} INFO - Sync 1 DAGs
[2025-06-05T19:34:41.231+0200] {logging_mixin.py:188} INFO - [2025-06-05T19:34:41.231+0200] {dag.py:3954} INFO - Setting next_dagrun for example_branch_dop_operator_v3 to 2025-06-05 17:33:00+00:00, run_after=2025-06-05 17:34:00+00:00
[2025-06-05T19:34:41.252+0200] {processor.py:183} INFO - Processing /home/leoja/airflow/airflow_venv/lib/python3.12/site-packages/airflow/example_dags/example_branch_python_dop_operator_3.py took 0.069 seconds
[2025-06-05T19:35:42.151+0200] {processor.py:161} INFO - Started process (PID=554687) to work on /home/leoja/airflow/airflow_venv/lib/python3.12/site-packages/airflow/example_dags/example_branch_python_dop_operator_3.py
[2025-06-05T19:35:42.152+0200] {processor.py:830} INFO - Processing file /home/leoja/airflow/airflow_venv/lib/python3.12/site-packages/airflow/example_dags/example_branch_python_dop_operator_3.py for tasks to queue
[2025-06-05T19:35:42.154+0200] {logging_mixin.py:188} INFO - [2025-06-05T19:35:42.154+0200] {dagbag.py:540} INFO - Filling up the DagBag from /home/leoja/airflow/airflow_venv/lib/python3.12/site-packages/airflow/example_dags/example_branch_python_dop_operator_3.py
[2025-06-05T19:35:42.162+0200] {processor.py:840} INFO - DAG(s) 'example_branch_dop_operator_v3' retrieved from /home/leoja/airflow/airflow_venv/lib/python3.12/site-packages/airflow/example_dags/example_branch_python_dop_operator_3.py
[2025-06-05T19:35:42.174+0200] {logging_mixin.py:188} INFO - [2025-06-05T19:35:42.174+0200] {dag.py:3096} INFO - Sync 1 DAGs
[2025-06-05T19:35:42.190+0200] {logging_mixin.py:188} INFO - [2025-06-05T19:35:42.190+0200] {dag.py:3954} INFO - Setting next_dagrun for example_branch_dop_operator_v3 to 2025-06-05 17:34:00+00:00, run_after=2025-06-05 17:35:00+00:00
[2025-06-05T19:35:42.214+0200] {processor.py:183} INFO - Processing /home/leoja/airflow/airflow_venv/lib/python3.12/site-packages/airflow/example_dags/example_branch_python_dop_operator_3.py took 0.071 seconds
[2025-06-05T19:36:46.417+0200] {processor.py:161} INFO - Started process (PID=555089) to work on /home/leoja/airflow/airflow_venv/lib/python3.12/site-packages/airflow/example_dags/example_branch_python_dop_operator_3.py
[2025-06-05T19:36:46.418+0200] {processor.py:830} INFO - Processing file /home/leoja/airflow/airflow_venv/lib/python3.12/site-packages/airflow/example_dags/example_branch_python_dop_operator_3.py for tasks to queue
[2025-06-05T19:36:46.420+0200] {logging_mixin.py:188} INFO - [2025-06-05T19:36:46.420+0200] {dagbag.py:540} INFO - Filling up the DagBag from /home/leoja/airflow/airflow_venv/lib/python3.12/site-packages/airflow/example_dags/example_branch_python_dop_operator_3.py
[2025-06-05T19:36:46.427+0200] {processor.py:840} INFO - DAG(s) 'example_branch_dop_operator_v3' retrieved from /home/leoja/airflow/airflow_venv/lib/python3.12/site-packages/airflow/example_dags/example_branch_python_dop_operator_3.py
[2025-06-05T19:36:46.440+0200] {logging_mixin.py:188} INFO - [2025-06-05T19:36:46.440+0200] {dag.py:3096} INFO - Sync 1 DAGs
[2025-06-05T19:36:46.457+0200] {logging_mixin.py:188} INFO - [2025-06-05T19:36:46.457+0200] {dag.py:3954} INFO - Setting next_dagrun for example_branch_dop_operator_v3 to 2025-06-05 17:35:00+00:00, run_after=2025-06-05 17:36:00+00:00
[2025-06-05T19:36:46.479+0200] {processor.py:183} INFO - Processing /home/leoja/airflow/airflow_venv/lib/python3.12/site-packages/airflow/example_dags/example_branch_python_dop_operator_3.py took 0.069 seconds
[2025-06-05T19:37:56.662+0200] {processor.py:161} INFO - Started process (PID=555456) to work on /home/leoja/airflow/airflow_venv/lib/python3.12/site-packages/airflow/example_dags/example_branch_python_dop_operator_3.py
[2025-06-05T19:37:56.664+0200] {processor.py:830} INFO - Processing file /home/leoja/airflow/airflow_venv/lib/python3.12/site-packages/airflow/example_dags/example_branch_python_dop_operator_3.py for tasks to queue
[2025-06-05T19:37:56.665+0200] {logging_mixin.py:188} INFO - [2025-06-05T19:37:56.665+0200] {dagbag.py:540} INFO - Filling up the DagBag from /home/leoja/airflow/airflow_venv/lib/python3.12/site-packages/airflow/example_dags/example_branch_python_dop_operator_3.py
[2025-06-05T19:37:56.672+0200] {processor.py:840} INFO - DAG(s) 'example_branch_dop_operator_v3' retrieved from /home/leoja/airflow/airflow_venv/lib/python3.12/site-packages/airflow/example_dags/example_branch_python_dop_operator_3.py
[2025-06-05T19:37:56.685+0200] {logging_mixin.py:188} INFO - [2025-06-05T19:37:56.685+0200] {dag.py:3096} INFO - Sync 1 DAGs
[2025-06-05T19:37:56.701+0200] {logging_mixin.py:188} INFO - [2025-06-05T19:37:56.701+0200] {dag.py:3954} INFO - Setting next_dagrun for example_branch_dop_operator_v3 to 2025-06-05 17:36:00+00:00, run_after=2025-06-05 17:37:00+00:00
[2025-06-05T19:37:56.729+0200] {processor.py:183} INFO - Processing /home/leoja/airflow/airflow_venv/lib/python3.12/site-packages/airflow/example_dags/example_branch_python_dop_operator_3.py took 0.075 seconds
[2025-06-05T19:38:59.669+0200] {processor.py:161} INFO - Started process (PID=555807) to work on /home/leoja/airflow/airflow_venv/lib/python3.12/site-packages/airflow/example_dags/example_branch_python_dop_operator_3.py
[2025-06-05T19:38:59.670+0200] {processor.py:830} INFO - Processing file /home/leoja/airflow/airflow_venv/lib/python3.12/site-packages/airflow/example_dags/example_branch_python_dop_operator_3.py for tasks to queue
[2025-06-05T19:38:59.672+0200] {logging_mixin.py:188} INFO - [2025-06-05T19:38:59.671+0200] {dagbag.py:540} INFO - Filling up the DagBag from /home/leoja/airflow/airflow_venv/lib/python3.12/site-packages/airflow/example_dags/example_branch_python_dop_operator_3.py
[2025-06-05T19:38:59.678+0200] {processor.py:840} INFO - DAG(s) 'example_branch_dop_operator_v3' retrieved from /home/leoja/airflow/airflow_venv/lib/python3.12/site-packages/airflow/example_dags/example_branch_python_dop_operator_3.py
[2025-06-05T19:38:59.689+0200] {logging_mixin.py:188} INFO - [2025-06-05T19:38:59.689+0200] {dag.py:3096} INFO - Sync 1 DAGs
[2025-06-05T19:38:59.703+0200] {logging_mixin.py:188} INFO - [2025-06-05T19:38:59.703+0200] {dag.py:3954} INFO - Setting next_dagrun for example_branch_dop_operator_v3 to 2025-06-05 17:37:00+00:00, run_after=2025-06-05 17:38:00+00:00
[2025-06-05T19:38:59.724+0200] {processor.py:183} INFO - Processing /home/leoja/airflow/airflow_venv/lib/python3.12/site-packages/airflow/example_dags/example_branch_python_dop_operator_3.py took 0.061 seconds
[2025-06-05T19:40:05.393+0200] {processor.py:161} INFO - Started process (PID=556199) to work on /home/leoja/airflow/airflow_venv/lib/python3.12/site-packages/airflow/example_dags/example_branch_python_dop_operator_3.py
[2025-06-05T19:40:05.394+0200] {processor.py:830} INFO - Processing file /home/leoja/airflow/airflow_venv/lib/python3.12/site-packages/airflow/example_dags/example_branch_python_dop_operator_3.py for tasks to queue
[2025-06-05T19:40:05.396+0200] {logging_mixin.py:188} INFO - [2025-06-05T19:40:05.396+0200] {dagbag.py:540} INFO - Filling up the DagBag from /home/leoja/airflow/airflow_venv/lib/python3.12/site-packages/airflow/example_dags/example_branch_python_dop_operator_3.py
[2025-06-05T19:40:05.404+0200] {processor.py:840} INFO - DAG(s) 'example_branch_dop_operator_v3' retrieved from /home/leoja/airflow/airflow_venv/lib/python3.12/site-packages/airflow/example_dags/example_branch_python_dop_operator_3.py
[2025-06-05T19:40:05.417+0200] {logging_mixin.py:188} INFO - [2025-06-05T19:40:05.416+0200] {dag.py:3096} INFO - Sync 1 DAGs
[2025-06-05T19:40:05.433+0200] {logging_mixin.py:188} INFO - [2025-06-05T19:40:05.432+0200] {dag.py:3954} INFO - Setting next_dagrun for example_branch_dop_operator_v3 to 2025-06-05 17:39:00+00:00, run_after=2025-06-05 17:40:00+00:00
[2025-06-05T19:40:05.453+0200] {processor.py:183} INFO - Processing /home/leoja/airflow/airflow_venv/lib/python3.12/site-packages/airflow/example_dags/example_branch_python_dop_operator_3.py took 0.066 seconds
[2025-06-05T19:41:14.740+0200] {processor.py:161} INFO - Started process (PID=556654) to work on /home/leoja/airflow/airflow_venv/lib/python3.12/site-packages/airflow/example_dags/example_branch_python_dop_operator_3.py
[2025-06-05T19:41:14.742+0200] {processor.py:830} INFO - Processing file /home/leoja/airflow/airflow_venv/lib/python3.12/site-packages/airflow/example_dags/example_branch_python_dop_operator_3.py for tasks to queue
[2025-06-05T19:41:14.743+0200] {logging_mixin.py:188} INFO - [2025-06-05T19:41:14.743+0200] {dagbag.py:540} INFO - Filling up the DagBag from /home/leoja/airflow/airflow_venv/lib/python3.12/site-packages/airflow/example_dags/example_branch_python_dop_operator_3.py
[2025-06-05T19:41:14.750+0200] {processor.py:840} INFO - DAG(s) 'example_branch_dop_operator_v3' retrieved from /home/leoja/airflow/airflow_venv/lib/python3.12/site-packages/airflow/example_dags/example_branch_python_dop_operator_3.py
[2025-06-05T19:41:14.763+0200] {logging_mixin.py:188} INFO - [2025-06-05T19:41:14.762+0200] {dag.py:3096} INFO - Sync 1 DAGs
[2025-06-05T19:41:14.778+0200] {logging_mixin.py:188} INFO - [2025-06-05T19:41:14.778+0200] {dag.py:3954} INFO - Setting next_dagrun for example_branch_dop_operator_v3 to 2025-06-05 17:40:00+00:00, run_after=2025-06-05 17:41:00+00:00
[2025-06-05T19:41:14.795+0200] {processor.py:183} INFO - Processing /home/leoja/airflow/airflow_venv/lib/python3.12/site-packages/airflow/example_dags/example_branch_python_dop_operator_3.py took 0.062 seconds
[2025-06-05T19:42:23.879+0200] {processor.py:161} INFO - Started process (PID=557547) to work on /home/leoja/airflow/airflow_venv/lib/python3.12/site-packages/airflow/example_dags/example_branch_python_dop_operator_3.py
[2025-06-05T19:42:23.881+0200] {processor.py:830} INFO - Processing file /home/leoja/airflow/airflow_venv/lib/python3.12/site-packages/airflow/example_dags/example_branch_python_dop_operator_3.py for tasks to queue
[2025-06-05T19:42:23.882+0200] {logging_mixin.py:188} INFO - [2025-06-05T19:42:23.882+0200] {dagbag.py:540} INFO - Filling up the DagBag from /home/leoja/airflow/airflow_venv/lib/python3.12/site-packages/airflow/example_dags/example_branch_python_dop_operator_3.py
[2025-06-05T19:42:23.888+0200] {processor.py:840} INFO - DAG(s) 'example_branch_dop_operator_v3' retrieved from /home/leoja/airflow/airflow_venv/lib/python3.12/site-packages/airflow/example_dags/example_branch_python_dop_operator_3.py
[2025-06-05T19:42:23.901+0200] {logging_mixin.py:188} INFO - [2025-06-05T19:42:23.900+0200] {dag.py:3096} INFO - Sync 1 DAGs
[2025-06-05T19:42:23.917+0200] {logging_mixin.py:188} INFO - [2025-06-05T19:42:23.917+0200] {dag.py:3954} INFO - Setting next_dagrun for example_branch_dop_operator_v3 to 2025-06-05 17:41:00+00:00, run_after=2025-06-05 17:42:00+00:00
[2025-06-05T19:42:23.935+0200] {processor.py:183} INFO - Processing /home/leoja/airflow/airflow_venv/lib/python3.12/site-packages/airflow/example_dags/example_branch_python_dop_operator_3.py took 0.061 seconds
[2025-06-05T19:43:31.267+0200] {processor.py:161} INFO - Started process (PID=557792) to work on /home/leoja/airflow/airflow_venv/lib/python3.12/site-packages/airflow/example_dags/example_branch_python_dop_operator_3.py
[2025-06-05T19:43:31.268+0200] {processor.py:830} INFO - Processing file /home/leoja/airflow/airflow_venv/lib/python3.12/site-packages/airflow/example_dags/example_branch_python_dop_operator_3.py for tasks to queue
[2025-06-05T19:43:31.270+0200] {logging_mixin.py:188} INFO - [2025-06-05T19:43:31.269+0200] {dagbag.py:540} INFO - Filling up the DagBag from /home/leoja/airflow/airflow_venv/lib/python3.12/site-packages/airflow/example_dags/example_branch_python_dop_operator_3.py
[2025-06-05T19:43:31.276+0200] {processor.py:840} INFO - DAG(s) 'example_branch_dop_operator_v3' retrieved from /home/leoja/airflow/airflow_venv/lib/python3.12/site-packages/airflow/example_dags/example_branch_python_dop_operator_3.py
[2025-06-05T19:43:31.287+0200] {logging_mixin.py:188} INFO - [2025-06-05T19:43:31.287+0200] {dag.py:3096} INFO - Sync 1 DAGs
[2025-06-05T19:43:31.300+0200] {logging_mixin.py:188} INFO - [2025-06-05T19:43:31.300+0200] {dag.py:3954} INFO - Setting next_dagrun for example_branch_dop_operator_v3 to 2025-06-05 17:42:00+00:00, run_after=2025-06-05 17:43:00+00:00
[2025-06-05T19:43:31.321+0200] {processor.py:183} INFO - Processing /home/leoja/airflow/airflow_venv/lib/python3.12/site-packages/airflow/example_dags/example_branch_python_dop_operator_3.py took 0.060 seconds
[2025-06-05T19:44:29.485+0200] {processor.py:161} INFO - Started process (PID=558232) to work on /home/leoja/airflow/airflow_venv/lib/python3.12/site-packages/airflow/example_dags/example_branch_python_dop_operator_3.py
[2025-06-05T19:44:29.486+0200] {processor.py:830} INFO - Processing file /home/leoja/airflow/airflow_venv/lib/python3.12/site-packages/airflow/example_dags/example_branch_python_dop_operator_3.py for tasks to queue
[2025-06-05T19:44:29.487+0200] {logging_mixin.py:188} INFO - [2025-06-05T19:44:29.487+0200] {dagbag.py:540} INFO - Filling up the DagBag from /home/leoja/airflow/airflow_venv/lib/python3.12/site-packages/airflow/example_dags/example_branch_python_dop_operator_3.py
[2025-06-05T19:44:29.494+0200] {processor.py:840} INFO - DAG(s) 'example_branch_dop_operator_v3' retrieved from /home/leoja/airflow/airflow_venv/lib/python3.12/site-packages/airflow/example_dags/example_branch_python_dop_operator_3.py
[2025-06-05T19:44:29.505+0200] {logging_mixin.py:188} INFO - [2025-06-05T19:44:29.505+0200] {dag.py:3096} INFO - Sync 1 DAGs
[2025-06-05T19:44:29.519+0200] {logging_mixin.py:188} INFO - [2025-06-05T19:44:29.519+0200] {dag.py:3954} INFO - Setting next_dagrun for example_branch_dop_operator_v3 to 2025-06-05 17:43:00+00:00, run_after=2025-06-05 17:44:00+00:00
[2025-06-05T19:44:29.539+0200] {processor.py:183} INFO - Processing /home/leoja/airflow/airflow_venv/lib/python3.12/site-packages/airflow/example_dags/example_branch_python_dop_operator_3.py took 0.060 seconds
