[2025-06-05T07:53:55.495+0200] {processor.py:161} INFO - Started process (PID=531289) to work on /home/leoja/airflow/airflow_venv/lib/python3.12/site-packages/airflow/example_dags/example_complex.py
[2025-06-05T07:53:55.496+0200] {processor.py:830} INFO - Processing file /home/leoja/airflow/airflow_venv/lib/python3.12/site-packages/airflow/example_dags/example_complex.py for tasks to queue
[2025-06-05T07:53:55.502+0200] {logging_mixin.py:188} INFO - [2025-06-05T07:53:55.502+0200] {dagbag.py:540} INFO - Filling up the DagBag from /home/leoja/airflow/airflow_venv/lib/python3.12/site-packages/airflow/example_dags/example_complex.py
[2025-06-05T07:53:55.524+0200] {processor.py:840} INFO - DAG(s) 'example_complex' retrieved from /home/leoja/airflow/airflow_venv/lib/python3.12/site-packages/airflow/example_dags/example_complex.py
[2025-06-05T07:53:55.563+0200] {logging_mixin.py:188} INFO - [2025-06-05T07:53:55.563+0200] {dag.py:3096} INFO - Sync 1 DAGs
[2025-06-05T07:53:55.581+0200] {logging_mixin.py:188} INFO - [2025-06-05T07:53:55.581+0200] {dag.py:3954} INFO - Setting next_dagrun for example_complex to None, run_after=None
[2025-06-05T07:53:55.693+0200] {processor.py:183} INFO - Processing /home/leoja/airflow/airflow_venv/lib/python3.12/site-packages/airflow/example_dags/example_complex.py took 0.207 seconds
[2025-06-05T07:54:58.219+0200] {processor.py:161} INFO - Started process (PID=531531) to work on /home/leoja/airflow/airflow_venv/lib/python3.12/site-packages/airflow/example_dags/example_complex.py
[2025-06-05T07:54:58.226+0200] {processor.py:830} INFO - Processing file /home/leoja/airflow/airflow_venv/lib/python3.12/site-packages/airflow/example_dags/example_complex.py for tasks to queue
[2025-06-05T07:54:58.228+0200] {logging_mixin.py:188} INFO - [2025-06-05T07:54:58.227+0200] {dagbag.py:540} INFO - Filling up the DagBag from /home/leoja/airflow/airflow_venv/lib/python3.12/site-packages/airflow/example_dags/example_complex.py
[2025-06-05T07:54:58.235+0200] {processor.py:840} INFO - DAG(s) 'example_complex' retrieved from /home/leoja/airflow/airflow_venv/lib/python3.12/site-packages/airflow/example_dags/example_complex.py
[2025-06-05T07:54:58.252+0200] {logging_mixin.py:188} INFO - [2025-06-05T07:54:58.252+0200] {dag.py:3096} INFO - Sync 1 DAGs
[2025-06-05T07:54:58.260+0200] {logging_mixin.py:188} INFO - [2025-06-05T07:54:58.259+0200] {dag.py:3954} INFO - Setting next_dagrun for example_complex to None, run_after=None
[2025-06-05T07:54:58.281+0200] {processor.py:183} INFO - Processing /home/leoja/airflow/airflow_venv/lib/python3.12/site-packages/airflow/example_dags/example_complex.py took 0.069 seconds
[2025-06-05T07:56:02.209+0200] {processor.py:161} INFO - Started process (PID=531747) to work on /home/leoja/airflow/airflow_venv/lib/python3.12/site-packages/airflow/example_dags/example_complex.py
[2025-06-05T07:56:02.210+0200] {processor.py:830} INFO - Processing file /home/leoja/airflow/airflow_venv/lib/python3.12/site-packages/airflow/example_dags/example_complex.py for tasks to queue
[2025-06-05T07:56:02.212+0200] {logging_mixin.py:188} INFO - [2025-06-05T07:56:02.211+0200] {dagbag.py:540} INFO - Filling up the DagBag from /home/leoja/airflow/airflow_venv/lib/python3.12/site-packages/airflow/example_dags/example_complex.py
[2025-06-05T07:56:02.218+0200] {processor.py:840} INFO - DAG(s) 'example_complex' retrieved from /home/leoja/airflow/airflow_venv/lib/python3.12/site-packages/airflow/example_dags/example_complex.py
[2025-06-05T07:56:02.236+0200] {logging_mixin.py:188} INFO - [2025-06-05T07:56:02.236+0200] {dag.py:3096} INFO - Sync 1 DAGs
[2025-06-05T07:56:02.246+0200] {logging_mixin.py:188} INFO - [2025-06-05T07:56:02.246+0200] {dag.py:3954} INFO - Setting next_dagrun for example_complex to None, run_after=None
[2025-06-05T07:56:02.266+0200] {processor.py:183} INFO - Processing /home/leoja/airflow/airflow_venv/lib/python3.12/site-packages/airflow/example_dags/example_complex.py took 0.065 seconds
[2025-06-05T07:57:06.449+0200] {processor.py:161} INFO - Started process (PID=531969) to work on /home/leoja/airflow/airflow_venv/lib/python3.12/site-packages/airflow/example_dags/example_complex.py
[2025-06-05T07:57:06.450+0200] {processor.py:830} INFO - Processing file /home/leoja/airflow/airflow_venv/lib/python3.12/site-packages/airflow/example_dags/example_complex.py for tasks to queue
[2025-06-05T07:57:06.452+0200] {logging_mixin.py:188} INFO - [2025-06-05T07:57:06.451+0200] {dagbag.py:540} INFO - Filling up the DagBag from /home/leoja/airflow/airflow_venv/lib/python3.12/site-packages/airflow/example_dags/example_complex.py
[2025-06-05T07:57:06.459+0200] {processor.py:840} INFO - DAG(s) 'example_complex' retrieved from /home/leoja/airflow/airflow_venv/lib/python3.12/site-packages/airflow/example_dags/example_complex.py
[2025-06-05T07:57:06.475+0200] {logging_mixin.py:188} INFO - [2025-06-05T07:57:06.475+0200] {dag.py:3096} INFO - Sync 1 DAGs
[2025-06-05T07:57:06.482+0200] {logging_mixin.py:188} INFO - [2025-06-05T07:57:06.482+0200] {dag.py:3954} INFO - Setting next_dagrun for example_complex to None, run_after=None
[2025-06-05T07:57:06.502+0200] {processor.py:183} INFO - Processing /home/leoja/airflow/airflow_venv/lib/python3.12/site-packages/airflow/example_dags/example_complex.py took 0.060 seconds
[2025-06-05T07:58:08.536+0200] {processor.py:161} INFO - Started process (PID=532182) to work on /home/leoja/airflow/airflow_venv/lib/python3.12/site-packages/airflow/example_dags/example_complex.py
[2025-06-05T07:58:08.538+0200] {processor.py:830} INFO - Processing file /home/leoja/airflow/airflow_venv/lib/python3.12/site-packages/airflow/example_dags/example_complex.py for tasks to queue
[2025-06-05T07:58:08.539+0200] {logging_mixin.py:188} INFO - [2025-06-05T07:58:08.539+0200] {dagbag.py:540} INFO - Filling up the DagBag from /home/leoja/airflow/airflow_venv/lib/python3.12/site-packages/airflow/example_dags/example_complex.py
[2025-06-05T07:58:08.547+0200] {processor.py:840} INFO - DAG(s) 'example_complex' retrieved from /home/leoja/airflow/airflow_venv/lib/python3.12/site-packages/airflow/example_dags/example_complex.py
[2025-06-05T07:58:08.563+0200] {logging_mixin.py:188} INFO - [2025-06-05T07:58:08.563+0200] {dag.py:3096} INFO - Sync 1 DAGs
[2025-06-05T07:58:08.570+0200] {logging_mixin.py:188} INFO - [2025-06-05T07:58:08.570+0200] {dag.py:3954} INFO - Setting next_dagrun for example_complex to None, run_after=None
[2025-06-05T07:58:08.590+0200] {processor.py:183} INFO - Processing /home/leoja/airflow/airflow_venv/lib/python3.12/site-packages/airflow/example_dags/example_complex.py took 0.059 seconds
[2025-06-05T18:44:44.791+0200] {processor.py:161} INFO - Started process (PID=533619) to work on /home/leoja/airflow/airflow_venv/lib/python3.12/site-packages/airflow/example_dags/example_complex.py
[2025-06-05T18:44:44.792+0200] {processor.py:830} INFO - Processing file /home/leoja/airflow/airflow_venv/lib/python3.12/site-packages/airflow/example_dags/example_complex.py for tasks to queue
[2025-06-05T18:44:44.794+0200] {logging_mixin.py:188} INFO - [2025-06-05T18:44:44.793+0200] {dagbag.py:540} INFO - Filling up the DagBag from /home/leoja/airflow/airflow_venv/lib/python3.12/site-packages/airflow/example_dags/example_complex.py
[2025-06-05T18:44:44.801+0200] {processor.py:840} INFO - DAG(s) 'example_complex' retrieved from /home/leoja/airflow/airflow_venv/lib/python3.12/site-packages/airflow/example_dags/example_complex.py
[2025-06-05T18:44:44.818+0200] {logging_mixin.py:188} INFO - [2025-06-05T18:44:44.818+0200] {dag.py:3096} INFO - Sync 1 DAGs
[2025-06-05T18:44:44.829+0200] {logging_mixin.py:188} INFO - [2025-06-05T18:44:44.829+0200] {dag.py:3954} INFO - Setting next_dagrun for example_complex to None, run_after=None
[2025-06-05T18:44:44.850+0200] {processor.py:183} INFO - Processing /home/leoja/airflow/airflow_venv/lib/python3.12/site-packages/airflow/example_dags/example_complex.py took 0.065 seconds
[2025-06-05T18:45:50.518+0200] {processor.py:161} INFO - Started process (PID=534022) to work on /home/leoja/airflow/airflow_venv/lib/python3.12/site-packages/airflow/example_dags/example_complex.py
[2025-06-05T18:45:50.519+0200] {processor.py:830} INFO - Processing file /home/leoja/airflow/airflow_venv/lib/python3.12/site-packages/airflow/example_dags/example_complex.py for tasks to queue
[2025-06-05T18:45:50.521+0200] {logging_mixin.py:188} INFO - [2025-06-05T18:45:50.521+0200] {dagbag.py:540} INFO - Filling up the DagBag from /home/leoja/airflow/airflow_venv/lib/python3.12/site-packages/airflow/example_dags/example_complex.py
[2025-06-05T18:45:50.528+0200] {processor.py:840} INFO - DAG(s) 'example_complex' retrieved from /home/leoja/airflow/airflow_venv/lib/python3.12/site-packages/airflow/example_dags/example_complex.py
[2025-06-05T18:45:50.544+0200] {logging_mixin.py:188} INFO - [2025-06-05T18:45:50.544+0200] {dag.py:3096} INFO - Sync 1 DAGs
[2025-06-05T18:45:50.552+0200] {logging_mixin.py:188} INFO - [2025-06-05T18:45:50.552+0200] {dag.py:3954} INFO - Setting next_dagrun for example_complex to None, run_after=None
[2025-06-05T18:45:50.573+0200] {processor.py:183} INFO - Processing /home/leoja/airflow/airflow_venv/lib/python3.12/site-packages/airflow/example_dags/example_complex.py took 0.062 seconds
[2025-06-05T18:46:55.575+0200] {processor.py:161} INFO - Started process (PID=534384) to work on /home/leoja/airflow/airflow_venv/lib/python3.12/site-packages/airflow/example_dags/example_complex.py
[2025-06-05T18:46:55.577+0200] {processor.py:830} INFO - Processing file /home/leoja/airflow/airflow_venv/lib/python3.12/site-packages/airflow/example_dags/example_complex.py for tasks to queue
[2025-06-05T18:46:55.579+0200] {logging_mixin.py:188} INFO - [2025-06-05T18:46:55.578+0200] {dagbag.py:540} INFO - Filling up the DagBag from /home/leoja/airflow/airflow_venv/lib/python3.12/site-packages/airflow/example_dags/example_complex.py
[2025-06-05T18:46:55.588+0200] {processor.py:840} INFO - DAG(s) 'example_complex' retrieved from /home/leoja/airflow/airflow_venv/lib/python3.12/site-packages/airflow/example_dags/example_complex.py
[2025-06-05T18:46:55.616+0200] {logging_mixin.py:188} INFO - [2025-06-05T18:46:55.615+0200] {dag.py:3096} INFO - Sync 1 DAGs
[2025-06-05T18:46:55.629+0200] {logging_mixin.py:188} INFO - [2025-06-05T18:46:55.628+0200] {dag.py:3954} INFO - Setting next_dagrun for example_complex to None, run_after=None
[2025-06-05T18:46:55.653+0200] {processor.py:183} INFO - Processing /home/leoja/airflow/airflow_venv/lib/python3.12/site-packages/airflow/example_dags/example_complex.py took 0.084 seconds
[2025-06-05T18:48:05.127+0200] {processor.py:161} INFO - Started process (PID=534802) to work on /home/leoja/airflow/airflow_venv/lib/python3.12/site-packages/airflow/example_dags/example_complex.py
[2025-06-05T18:48:05.129+0200] {processor.py:830} INFO - Processing file /home/leoja/airflow/airflow_venv/lib/python3.12/site-packages/airflow/example_dags/example_complex.py for tasks to queue
[2025-06-05T18:48:05.132+0200] {logging_mixin.py:188} INFO - [2025-06-05T18:48:05.131+0200] {dagbag.py:540} INFO - Filling up the DagBag from /home/leoja/airflow/airflow_venv/lib/python3.12/site-packages/airflow/example_dags/example_complex.py
[2025-06-05T18:48:05.143+0200] {processor.py:840} INFO - DAG(s) 'example_complex' retrieved from /home/leoja/airflow/airflow_venv/lib/python3.12/site-packages/airflow/example_dags/example_complex.py
[2025-06-05T18:48:05.181+0200] {logging_mixin.py:188} INFO - [2025-06-05T18:48:05.180+0200] {dag.py:3096} INFO - Sync 1 DAGs
[2025-06-05T18:48:05.192+0200] {logging_mixin.py:188} INFO - [2025-06-05T18:48:05.191+0200] {dag.py:3954} INFO - Setting next_dagrun for example_complex to None, run_after=None
[2025-06-05T18:48:05.241+0200] {processor.py:183} INFO - Processing /home/leoja/airflow/airflow_venv/lib/python3.12/site-packages/airflow/example_dags/example_complex.py took 0.126 seconds
[2025-06-05T18:48:56.171+0200] {processor.py:161} INFO - Started process (PID=535167) to work on /home/leoja/airflow/airflow_venv/lib/python3.12/site-packages/airflow/example_dags/example_complex.py
[2025-06-05T18:48:56.173+0200] {processor.py:830} INFO - Processing file /home/leoja/airflow/airflow_venv/lib/python3.12/site-packages/airflow/example_dags/example_complex.py for tasks to queue
[2025-06-05T18:48:56.174+0200] {logging_mixin.py:188} INFO - [2025-06-05T18:48:56.174+0200] {dagbag.py:540} INFO - Filling up the DagBag from /home/leoja/airflow/airflow_venv/lib/python3.12/site-packages/airflow/example_dags/example_complex.py
[2025-06-05T18:48:56.181+0200] {processor.py:840} INFO - DAG(s) 'example_complex' retrieved from /home/leoja/airflow/airflow_venv/lib/python3.12/site-packages/airflow/example_dags/example_complex.py
[2025-06-05T18:48:56.198+0200] {logging_mixin.py:188} INFO - [2025-06-05T18:48:56.198+0200] {dag.py:3096} INFO - Sync 1 DAGs
[2025-06-05T18:48:56.207+0200] {logging_mixin.py:188} INFO - [2025-06-05T18:48:56.206+0200] {dag.py:3954} INFO - Setting next_dagrun for example_complex to None, run_after=None
[2025-06-05T18:48:56.227+0200] {processor.py:183} INFO - Processing /home/leoja/airflow/airflow_venv/lib/python3.12/site-packages/airflow/example_dags/example_complex.py took 0.062 seconds
[2025-06-05T18:49:59.540+0200] {processor.py:161} INFO - Started process (PID=535620) to work on /home/leoja/airflow/airflow_venv/lib/python3.12/site-packages/airflow/example_dags/example_complex.py
[2025-06-05T18:49:59.542+0200] {processor.py:830} INFO - Processing file /home/leoja/airflow/airflow_venv/lib/python3.12/site-packages/airflow/example_dags/example_complex.py for tasks to queue
[2025-06-05T18:49:59.544+0200] {logging_mixin.py:188} INFO - [2025-06-05T18:49:59.543+0200] {dagbag.py:540} INFO - Filling up the DagBag from /home/leoja/airflow/airflow_venv/lib/python3.12/site-packages/airflow/example_dags/example_complex.py
[2025-06-05T18:49:59.552+0200] {processor.py:840} INFO - DAG(s) 'example_complex' retrieved from /home/leoja/airflow/airflow_venv/lib/python3.12/site-packages/airflow/example_dags/example_complex.py
[2025-06-05T18:49:59.572+0200] {logging_mixin.py:188} INFO - [2025-06-05T18:49:59.572+0200] {dag.py:3096} INFO - Sync 1 DAGs
[2025-06-05T18:49:59.583+0200] {logging_mixin.py:188} INFO - [2025-06-05T18:49:59.582+0200] {dag.py:3954} INFO - Setting next_dagrun for example_complex to None, run_after=None
[2025-06-05T18:49:59.607+0200] {processor.py:183} INFO - Processing /home/leoja/airflow/airflow_venv/lib/python3.12/site-packages/airflow/example_dags/example_complex.py took 0.075 seconds
[2025-06-05T18:51:26.081+0200] {processor.py:161} INFO - Started process (PID=536504) to work on /home/leoja/airflow/airflow_venv/lib/python3.12/site-packages/airflow/example_dags/example_complex.py
[2025-06-05T18:51:26.083+0200] {processor.py:830} INFO - Processing file /home/leoja/airflow/airflow_venv/lib/python3.12/site-packages/airflow/example_dags/example_complex.py for tasks to queue
[2025-06-05T18:51:26.085+0200] {logging_mixin.py:188} INFO - [2025-06-05T18:51:26.084+0200] {dagbag.py:540} INFO - Filling up the DagBag from /home/leoja/airflow/airflow_venv/lib/python3.12/site-packages/airflow/example_dags/example_complex.py
[2025-06-05T18:51:26.091+0200] {processor.py:840} INFO - DAG(s) 'example_complex' retrieved from /home/leoja/airflow/airflow_venv/lib/python3.12/site-packages/airflow/example_dags/example_complex.py
[2025-06-05T18:51:26.113+0200] {logging_mixin.py:188} INFO - [2025-06-05T18:51:26.113+0200] {dag.py:3096} INFO - Sync 1 DAGs
[2025-06-05T18:51:26.126+0200] {logging_mixin.py:188} INFO - [2025-06-05T18:51:26.126+0200] {dag.py:3954} INFO - Setting next_dagrun for example_complex to None, run_after=None
[2025-06-05T18:51:26.149+0200] {processor.py:183} INFO - Processing /home/leoja/airflow/airflow_venv/lib/python3.12/site-packages/airflow/example_dags/example_complex.py took 0.074 seconds
[2025-06-05T18:52:25.758+0200] {processor.py:161} INFO - Started process (PID=536958) to work on /home/leoja/airflow/airflow_venv/lib/python3.12/site-packages/airflow/example_dags/example_complex.py
[2025-06-05T18:52:25.760+0200] {processor.py:830} INFO - Processing file /home/leoja/airflow/airflow_venv/lib/python3.12/site-packages/airflow/example_dags/example_complex.py for tasks to queue
[2025-06-05T18:52:25.761+0200] {logging_mixin.py:188} INFO - [2025-06-05T18:52:25.761+0200] {dagbag.py:540} INFO - Filling up the DagBag from /home/leoja/airflow/airflow_venv/lib/python3.12/site-packages/airflow/example_dags/example_complex.py
[2025-06-05T18:52:25.768+0200] {processor.py:840} INFO - DAG(s) 'example_complex' retrieved from /home/leoja/airflow/airflow_venv/lib/python3.12/site-packages/airflow/example_dags/example_complex.py
[2025-06-05T18:52:25.786+0200] {logging_mixin.py:188} INFO - [2025-06-05T18:52:25.786+0200] {dag.py:3096} INFO - Sync 1 DAGs
[2025-06-05T18:52:25.796+0200] {logging_mixin.py:188} INFO - [2025-06-05T18:52:25.795+0200] {dag.py:3954} INFO - Setting next_dagrun for example_complex to None, run_after=None
[2025-06-05T18:52:25.818+0200] {processor.py:183} INFO - Processing /home/leoja/airflow/airflow_venv/lib/python3.12/site-packages/airflow/example_dags/example_complex.py took 0.066 seconds
[2025-06-05T18:53:34.106+0200] {processor.py:161} INFO - Started process (PID=537515) to work on /home/leoja/airflow/airflow_venv/lib/python3.12/site-packages/airflow/example_dags/example_complex.py
[2025-06-05T18:53:34.108+0200] {processor.py:830} INFO - Processing file /home/leoja/airflow/airflow_venv/lib/python3.12/site-packages/airflow/example_dags/example_complex.py for tasks to queue
[2025-06-05T18:53:34.109+0200] {logging_mixin.py:188} INFO - [2025-06-05T18:53:34.109+0200] {dagbag.py:540} INFO - Filling up the DagBag from /home/leoja/airflow/airflow_venv/lib/python3.12/site-packages/airflow/example_dags/example_complex.py
[2025-06-05T18:53:34.119+0200] {processor.py:840} INFO - DAG(s) 'example_complex' retrieved from /home/leoja/airflow/airflow_venv/lib/python3.12/site-packages/airflow/example_dags/example_complex.py
[2025-06-05T18:53:34.137+0200] {logging_mixin.py:188} INFO - [2025-06-05T18:53:34.137+0200] {dag.py:3096} INFO - Sync 1 DAGs
[2025-06-05T18:53:34.147+0200] {logging_mixin.py:188} INFO - [2025-06-05T18:53:34.146+0200] {dag.py:3954} INFO - Setting next_dagrun for example_complex to None, run_after=None
[2025-06-05T18:53:34.168+0200] {processor.py:183} INFO - Processing /home/leoja/airflow/airflow_venv/lib/python3.12/site-packages/airflow/example_dags/example_complex.py took 0.068 seconds
[2025-06-05T18:54:54.439+0200] {processor.py:161} INFO - Started process (PID=538495) to work on /home/leoja/airflow/airflow_venv/lib/python3.12/site-packages/airflow/example_dags/example_complex.py
[2025-06-05T18:54:54.441+0200] {processor.py:830} INFO - Processing file /home/leoja/airflow/airflow_venv/lib/python3.12/site-packages/airflow/example_dags/example_complex.py for tasks to queue
[2025-06-05T18:54:54.443+0200] {logging_mixin.py:188} INFO - [2025-06-05T18:54:54.442+0200] {dagbag.py:540} INFO - Filling up the DagBag from /home/leoja/airflow/airflow_venv/lib/python3.12/site-packages/airflow/example_dags/example_complex.py
[2025-06-05T18:54:54.450+0200] {processor.py:840} INFO - DAG(s) 'example_complex' retrieved from /home/leoja/airflow/airflow_venv/lib/python3.12/site-packages/airflow/example_dags/example_complex.py
[2025-06-05T18:54:54.472+0200] {logging_mixin.py:188} INFO - [2025-06-05T18:54:54.472+0200] {dag.py:3096} INFO - Sync 1 DAGs
[2025-06-05T18:54:54.481+0200] {logging_mixin.py:188} INFO - [2025-06-05T18:54:54.481+0200] {dag.py:3954} INFO - Setting next_dagrun for example_complex to None, run_after=None
[2025-06-05T18:54:54.504+0200] {processor.py:183} INFO - Processing /home/leoja/airflow/airflow_venv/lib/python3.12/site-packages/airflow/example_dags/example_complex.py took 0.072 seconds
[2025-06-05T18:55:58.366+0200] {processor.py:161} INFO - Started process (PID=538910) to work on /home/leoja/airflow/airflow_venv/lib/python3.12/site-packages/airflow/example_dags/example_complex.py
[2025-06-05T18:55:58.368+0200] {processor.py:830} INFO - Processing file /home/leoja/airflow/airflow_venv/lib/python3.12/site-packages/airflow/example_dags/example_complex.py for tasks to queue
[2025-06-05T18:55:58.370+0200] {logging_mixin.py:188} INFO - [2025-06-05T18:55:58.369+0200] {dagbag.py:540} INFO - Filling up the DagBag from /home/leoja/airflow/airflow_venv/lib/python3.12/site-packages/airflow/example_dags/example_complex.py
[2025-06-05T18:55:58.376+0200] {processor.py:840} INFO - DAG(s) 'example_complex' retrieved from /home/leoja/airflow/airflow_venv/lib/python3.12/site-packages/airflow/example_dags/example_complex.py
[2025-06-05T18:55:58.395+0200] {logging_mixin.py:188} INFO - [2025-06-05T18:55:58.395+0200] {dag.py:3096} INFO - Sync 1 DAGs
[2025-06-05T18:55:58.404+0200] {logging_mixin.py:188} INFO - [2025-06-05T18:55:58.403+0200] {dag.py:3954} INFO - Setting next_dagrun for example_complex to None, run_after=None
[2025-06-05T18:55:58.422+0200] {processor.py:183} INFO - Processing /home/leoja/airflow/airflow_venv/lib/python3.12/site-packages/airflow/example_dags/example_complex.py took 0.062 seconds
[2025-06-05T18:57:03.803+0200] {processor.py:161} INFO - Started process (PID=539254) to work on /home/leoja/airflow/airflow_venv/lib/python3.12/site-packages/airflow/example_dags/example_complex.py
[2025-06-05T18:57:03.805+0200] {processor.py:830} INFO - Processing file /home/leoja/airflow/airflow_venv/lib/python3.12/site-packages/airflow/example_dags/example_complex.py for tasks to queue
[2025-06-05T18:57:03.806+0200] {logging_mixin.py:188} INFO - [2025-06-05T18:57:03.806+0200] {dagbag.py:540} INFO - Filling up the DagBag from /home/leoja/airflow/airflow_venv/lib/python3.12/site-packages/airflow/example_dags/example_complex.py
[2025-06-05T18:57:03.816+0200] {processor.py:840} INFO - DAG(s) 'example_complex' retrieved from /home/leoja/airflow/airflow_venv/lib/python3.12/site-packages/airflow/example_dags/example_complex.py
[2025-06-05T18:57:03.837+0200] {logging_mixin.py:188} INFO - [2025-06-05T18:57:03.837+0200] {dag.py:3096} INFO - Sync 1 DAGs
[2025-06-05T18:57:03.849+0200] {logging_mixin.py:188} INFO - [2025-06-05T18:57:03.848+0200] {dag.py:3954} INFO - Setting next_dagrun for example_complex to None, run_after=None
[2025-06-05T18:57:03.871+0200] {processor.py:183} INFO - Processing /home/leoja/airflow/airflow_venv/lib/python3.12/site-packages/airflow/example_dags/example_complex.py took 0.077 seconds
[2025-06-05T18:58:08.779+0200] {processor.py:161} INFO - Started process (PID=539794) to work on /home/leoja/airflow/airflow_venv/lib/python3.12/site-packages/airflow/example_dags/example_complex.py
[2025-06-05T18:58:08.781+0200] {processor.py:830} INFO - Processing file /home/leoja/airflow/airflow_venv/lib/python3.12/site-packages/airflow/example_dags/example_complex.py for tasks to queue
[2025-06-05T18:58:08.783+0200] {logging_mixin.py:188} INFO - [2025-06-05T18:58:08.782+0200] {dagbag.py:540} INFO - Filling up the DagBag from /home/leoja/airflow/airflow_venv/lib/python3.12/site-packages/airflow/example_dags/example_complex.py
[2025-06-05T18:58:08.792+0200] {processor.py:840} INFO - DAG(s) 'example_complex' retrieved from /home/leoja/airflow/airflow_venv/lib/python3.12/site-packages/airflow/example_dags/example_complex.py
[2025-06-05T18:58:08.821+0200] {logging_mixin.py:188} INFO - [2025-06-05T18:58:08.821+0200] {dag.py:3096} INFO - Sync 1 DAGs
[2025-06-05T18:58:08.830+0200] {logging_mixin.py:188} INFO - [2025-06-05T18:58:08.829+0200] {dag.py:3954} INFO - Setting next_dagrun for example_complex to None, run_after=None
[2025-06-05T18:58:08.855+0200] {processor.py:183} INFO - Processing /home/leoja/airflow/airflow_venv/lib/python3.12/site-packages/airflow/example_dags/example_complex.py took 0.082 seconds
[2025-06-05T18:59:10.446+0200] {processor.py:161} INFO - Started process (PID=540138) to work on /home/leoja/airflow/airflow_venv/lib/python3.12/site-packages/airflow/example_dags/example_complex.py
[2025-06-05T18:59:10.448+0200] {processor.py:830} INFO - Processing file /home/leoja/airflow/airflow_venv/lib/python3.12/site-packages/airflow/example_dags/example_complex.py for tasks to queue
[2025-06-05T18:59:10.450+0200] {logging_mixin.py:188} INFO - [2025-06-05T18:59:10.449+0200] {dagbag.py:540} INFO - Filling up the DagBag from /home/leoja/airflow/airflow_venv/lib/python3.12/site-packages/airflow/example_dags/example_complex.py
[2025-06-05T18:59:10.457+0200] {processor.py:840} INFO - DAG(s) 'example_complex' retrieved from /home/leoja/airflow/airflow_venv/lib/python3.12/site-packages/airflow/example_dags/example_complex.py
[2025-06-05T18:59:10.477+0200] {logging_mixin.py:188} INFO - [2025-06-05T18:59:10.476+0200] {dag.py:3096} INFO - Sync 1 DAGs
[2025-06-05T18:59:10.486+0200] {logging_mixin.py:188} INFO - [2025-06-05T18:59:10.485+0200] {dag.py:3954} INFO - Setting next_dagrun for example_complex to None, run_after=None
[2025-06-05T18:59:10.508+0200] {processor.py:183} INFO - Processing /home/leoja/airflow/airflow_venv/lib/python3.12/site-packages/airflow/example_dags/example_complex.py took 0.068 seconds
[2025-06-05T19:00:14.637+0200] {processor.py:161} INFO - Started process (PID=540522) to work on /home/leoja/airflow/airflow_venv/lib/python3.12/site-packages/airflow/example_dags/example_complex.py
[2025-06-05T19:00:14.639+0200] {processor.py:830} INFO - Processing file /home/leoja/airflow/airflow_venv/lib/python3.12/site-packages/airflow/example_dags/example_complex.py for tasks to queue
[2025-06-05T19:00:14.641+0200] {logging_mixin.py:188} INFO - [2025-06-05T19:00:14.640+0200] {dagbag.py:540} INFO - Filling up the DagBag from /home/leoja/airflow/airflow_venv/lib/python3.12/site-packages/airflow/example_dags/example_complex.py
[2025-06-05T19:00:14.647+0200] {processor.py:840} INFO - DAG(s) 'example_complex' retrieved from /home/leoja/airflow/airflow_venv/lib/python3.12/site-packages/airflow/example_dags/example_complex.py
[2025-06-05T19:00:14.665+0200] {logging_mixin.py:188} INFO - [2025-06-05T19:00:14.665+0200] {dag.py:3096} INFO - Sync 1 DAGs
[2025-06-05T19:00:14.673+0200] {logging_mixin.py:188} INFO - [2025-06-05T19:00:14.673+0200] {dag.py:3954} INFO - Setting next_dagrun for example_complex to None, run_after=None
[2025-06-05T19:00:14.700+0200] {processor.py:183} INFO - Processing /home/leoja/airflow/airflow_venv/lib/python3.12/site-packages/airflow/example_dags/example_complex.py took 0.070 seconds
[2025-06-05T19:01:16.456+0200] {processor.py:161} INFO - Started process (PID=540883) to work on /home/leoja/airflow/airflow_venv/lib/python3.12/site-packages/airflow/example_dags/example_complex.py
[2025-06-05T19:01:16.457+0200] {processor.py:830} INFO - Processing file /home/leoja/airflow/airflow_venv/lib/python3.12/site-packages/airflow/example_dags/example_complex.py for tasks to queue
[2025-06-05T19:01:16.459+0200] {logging_mixin.py:188} INFO - [2025-06-05T19:01:16.459+0200] {dagbag.py:540} INFO - Filling up the DagBag from /home/leoja/airflow/airflow_venv/lib/python3.12/site-packages/airflow/example_dags/example_complex.py
[2025-06-05T19:01:16.467+0200] {processor.py:840} INFO - DAG(s) 'example_complex' retrieved from /home/leoja/airflow/airflow_venv/lib/python3.12/site-packages/airflow/example_dags/example_complex.py
[2025-06-05T19:01:16.486+0200] {logging_mixin.py:188} INFO - [2025-06-05T19:01:16.486+0200] {dag.py:3096} INFO - Sync 1 DAGs
[2025-06-05T19:01:16.495+0200] {logging_mixin.py:188} INFO - [2025-06-05T19:01:16.494+0200] {dag.py:3954} INFO - Setting next_dagrun for example_complex to None, run_after=None
[2025-06-05T19:01:16.516+0200] {processor.py:183} INFO - Processing /home/leoja/airflow/airflow_venv/lib/python3.12/site-packages/airflow/example_dags/example_complex.py took 0.065 seconds
[2025-06-05T19:02:19.965+0200] {processor.py:161} INFO - Started process (PID=541228) to work on /home/leoja/airflow/airflow_venv/lib/python3.12/site-packages/airflow/example_dags/example_complex.py
[2025-06-05T19:02:19.967+0200] {processor.py:830} INFO - Processing file /home/leoja/airflow/airflow_venv/lib/python3.12/site-packages/airflow/example_dags/example_complex.py for tasks to queue
[2025-06-05T19:02:19.968+0200] {logging_mixin.py:188} INFO - [2025-06-05T19:02:19.968+0200] {dagbag.py:540} INFO - Filling up the DagBag from /home/leoja/airflow/airflow_venv/lib/python3.12/site-packages/airflow/example_dags/example_complex.py
[2025-06-05T19:02:19.976+0200] {processor.py:840} INFO - DAG(s) 'example_complex' retrieved from /home/leoja/airflow/airflow_venv/lib/python3.12/site-packages/airflow/example_dags/example_complex.py
[2025-06-05T19:02:19.996+0200] {logging_mixin.py:188} INFO - [2025-06-05T19:02:19.995+0200] {dag.py:3096} INFO - Sync 1 DAGs
[2025-06-05T19:02:20.005+0200] {logging_mixin.py:188} INFO - [2025-06-05T19:02:20.005+0200] {dag.py:3954} INFO - Setting next_dagrun for example_complex to None, run_after=None
[2025-06-05T19:02:20.027+0200] {processor.py:183} INFO - Processing /home/leoja/airflow/airflow_venv/lib/python3.12/site-packages/airflow/example_dags/example_complex.py took 0.069 seconds
[2025-06-05T19:03:32.675+0200] {processor.py:161} INFO - Started process (PID=541651) to work on /home/leoja/airflow/airflow_venv/lib/python3.12/site-packages/airflow/example_dags/example_complex.py
[2025-06-05T19:03:32.677+0200] {processor.py:830} INFO - Processing file /home/leoja/airflow/airflow_venv/lib/python3.12/site-packages/airflow/example_dags/example_complex.py for tasks to queue
[2025-06-05T19:03:32.679+0200] {logging_mixin.py:188} INFO - [2025-06-05T19:03:32.678+0200] {dagbag.py:540} INFO - Filling up the DagBag from /home/leoja/airflow/airflow_venv/lib/python3.12/site-packages/airflow/example_dags/example_complex.py
[2025-06-05T19:03:32.686+0200] {processor.py:840} INFO - DAG(s) 'example_complex' retrieved from /home/leoja/airflow/airflow_venv/lib/python3.12/site-packages/airflow/example_dags/example_complex.py
[2025-06-05T19:03:32.704+0200] {logging_mixin.py:188} INFO - [2025-06-05T19:03:32.704+0200] {dag.py:3096} INFO - Sync 1 DAGs
[2025-06-05T19:03:32.714+0200] {logging_mixin.py:188} INFO - [2025-06-05T19:03:32.713+0200] {dag.py:3954} INFO - Setting next_dagrun for example_complex to None, run_after=None
[2025-06-05T19:03:32.737+0200] {processor.py:183} INFO - Processing /home/leoja/airflow/airflow_venv/lib/python3.12/site-packages/airflow/example_dags/example_complex.py took 0.069 seconds
[2025-06-05T19:04:39.684+0200] {processor.py:161} INFO - Started process (PID=541999) to work on /home/leoja/airflow/airflow_venv/lib/python3.12/site-packages/airflow/example_dags/example_complex.py
[2025-06-05T19:04:39.686+0200] {processor.py:830} INFO - Processing file /home/leoja/airflow/airflow_venv/lib/python3.12/site-packages/airflow/example_dags/example_complex.py for tasks to queue
[2025-06-05T19:04:39.687+0200] {logging_mixin.py:188} INFO - [2025-06-05T19:04:39.687+0200] {dagbag.py:540} INFO - Filling up the DagBag from /home/leoja/airflow/airflow_venv/lib/python3.12/site-packages/airflow/example_dags/example_complex.py
[2025-06-05T19:04:39.694+0200] {processor.py:840} INFO - DAG(s) 'example_complex' retrieved from /home/leoja/airflow/airflow_venv/lib/python3.12/site-packages/airflow/example_dags/example_complex.py
[2025-06-05T19:04:39.713+0200] {logging_mixin.py:188} INFO - [2025-06-05T19:04:39.713+0200] {dag.py:3096} INFO - Sync 1 DAGs
[2025-06-05T19:04:39.722+0200] {logging_mixin.py:188} INFO - [2025-06-05T19:04:39.722+0200] {dag.py:3954} INFO - Setting next_dagrun for example_complex to None, run_after=None
[2025-06-05T19:04:39.743+0200] {processor.py:183} INFO - Processing /home/leoja/airflow/airflow_venv/lib/python3.12/site-packages/airflow/example_dags/example_complex.py took 0.065 seconds
[2025-06-05T19:05:53.470+0200] {processor.py:161} INFO - Started process (PID=542370) to work on /home/leoja/airflow/airflow_venv/lib/python3.12/site-packages/airflow/example_dags/example_complex.py
[2025-06-05T19:05:53.473+0200] {processor.py:830} INFO - Processing file /home/leoja/airflow/airflow_venv/lib/python3.12/site-packages/airflow/example_dags/example_complex.py for tasks to queue
[2025-06-05T19:05:53.474+0200] {logging_mixin.py:188} INFO - [2025-06-05T19:05:53.474+0200] {dagbag.py:540} INFO - Filling up the DagBag from /home/leoja/airflow/airflow_venv/lib/python3.12/site-packages/airflow/example_dags/example_complex.py
[2025-06-05T19:05:53.480+0200] {processor.py:840} INFO - DAG(s) 'example_complex' retrieved from /home/leoja/airflow/airflow_venv/lib/python3.12/site-packages/airflow/example_dags/example_complex.py
[2025-06-05T19:05:53.497+0200] {logging_mixin.py:188} INFO - [2025-06-05T19:05:53.497+0200] {dag.py:3096} INFO - Sync 1 DAGs
[2025-06-05T19:05:53.505+0200] {logging_mixin.py:188} INFO - [2025-06-05T19:05:53.505+0200] {dag.py:3954} INFO - Setting next_dagrun for example_complex to None, run_after=None
[2025-06-05T19:05:53.525+0200] {processor.py:183} INFO - Processing /home/leoja/airflow/airflow_venv/lib/python3.12/site-packages/airflow/example_dags/example_complex.py took 0.060 seconds
[2025-06-05T19:06:54.632+0200] {processor.py:161} INFO - Started process (PID=542590) to work on /home/leoja/airflow/airflow_venv/lib/python3.12/site-packages/airflow/example_dags/example_complex.py
[2025-06-05T19:06:54.634+0200] {processor.py:830} INFO - Processing file /home/leoja/airflow/airflow_venv/lib/python3.12/site-packages/airflow/example_dags/example_complex.py for tasks to queue
[2025-06-05T19:06:54.636+0200] {logging_mixin.py:188} INFO - [2025-06-05T19:06:54.635+0200] {dagbag.py:540} INFO - Filling up the DagBag from /home/leoja/airflow/airflow_venv/lib/python3.12/site-packages/airflow/example_dags/example_complex.py
[2025-06-05T19:06:54.642+0200] {processor.py:840} INFO - DAG(s) 'example_complex' retrieved from /home/leoja/airflow/airflow_venv/lib/python3.12/site-packages/airflow/example_dags/example_complex.py
[2025-06-05T19:06:54.657+0200] {logging_mixin.py:188} INFO - [2025-06-05T19:06:54.657+0200] {dag.py:3096} INFO - Sync 1 DAGs
[2025-06-05T19:06:54.665+0200] {logging_mixin.py:188} INFO - [2025-06-05T19:06:54.665+0200] {dag.py:3954} INFO - Setting next_dagrun for example_complex to None, run_after=None
[2025-06-05T19:06:54.689+0200] {processor.py:183} INFO - Processing /home/leoja/airflow/airflow_venv/lib/python3.12/site-packages/airflow/example_dags/example_complex.py took 0.064 seconds
[2025-06-05T19:07:53.813+0200] {processor.py:161} INFO - Started process (PID=543016) to work on /home/leoja/airflow/airflow_venv/lib/python3.12/site-packages/airflow/example_dags/example_complex.py
[2025-06-05T19:07:53.815+0200] {processor.py:830} INFO - Processing file /home/leoja/airflow/airflow_venv/lib/python3.12/site-packages/airflow/example_dags/example_complex.py for tasks to queue
[2025-06-05T19:07:53.817+0200] {logging_mixin.py:188} INFO - [2025-06-05T19:07:53.816+0200] {dagbag.py:540} INFO - Filling up the DagBag from /home/leoja/airflow/airflow_venv/lib/python3.12/site-packages/airflow/example_dags/example_complex.py
[2025-06-05T19:07:53.824+0200] {processor.py:840} INFO - DAG(s) 'example_complex' retrieved from /home/leoja/airflow/airflow_venv/lib/python3.12/site-packages/airflow/example_dags/example_complex.py
[2025-06-05T19:07:53.843+0200] {logging_mixin.py:188} INFO - [2025-06-05T19:07:53.843+0200] {dag.py:3096} INFO - Sync 1 DAGs
[2025-06-05T19:07:53.852+0200] {logging_mixin.py:188} INFO - [2025-06-05T19:07:53.852+0200] {dag.py:3954} INFO - Setting next_dagrun for example_complex to None, run_after=None
[2025-06-05T19:07:53.871+0200] {processor.py:183} INFO - Processing /home/leoja/airflow/airflow_venv/lib/python3.12/site-packages/airflow/example_dags/example_complex.py took 0.065 seconds
[2025-06-05T19:09:34.709+0200] {processor.py:161} INFO - Started process (PID=544029) to work on /home/leoja/airflow/airflow_venv/lib/python3.12/site-packages/airflow/example_dags/example_complex.py
[2025-06-05T19:09:34.716+0200] {processor.py:830} INFO - Processing file /home/leoja/airflow/airflow_venv/lib/python3.12/site-packages/airflow/example_dags/example_complex.py for tasks to queue
[2025-06-05T19:09:34.719+0200] {logging_mixin.py:188} INFO - [2025-06-05T19:09:34.718+0200] {dagbag.py:540} INFO - Filling up the DagBag from /home/leoja/airflow/airflow_venv/lib/python3.12/site-packages/airflow/example_dags/example_complex.py
[2025-06-05T19:09:34.730+0200] {processor.py:840} INFO - DAG(s) 'example_complex' retrieved from /home/leoja/airflow/airflow_venv/lib/python3.12/site-packages/airflow/example_dags/example_complex.py
[2025-06-05T19:09:34.766+0200] {logging_mixin.py:188} INFO - [2025-06-05T19:09:34.766+0200] {dag.py:3096} INFO - Sync 1 DAGs
[2025-06-05T19:09:34.778+0200] {logging_mixin.py:188} INFO - [2025-06-05T19:09:34.778+0200] {dag.py:3954} INFO - Setting next_dagrun for example_complex to None, run_after=None
[2025-06-05T19:09:34.801+0200] {processor.py:183} INFO - Processing /home/leoja/airflow/airflow_venv/lib/python3.12/site-packages/airflow/example_dags/example_complex.py took 0.101 seconds
[2025-06-05T19:10:38.107+0200] {processor.py:161} INFO - Started process (PID=544427) to work on /home/leoja/airflow/airflow_venv/lib/python3.12/site-packages/airflow/example_dags/example_complex.py
[2025-06-05T19:10:38.112+0200] {processor.py:830} INFO - Processing file /home/leoja/airflow/airflow_venv/lib/python3.12/site-packages/airflow/example_dags/example_complex.py for tasks to queue
[2025-06-05T19:10:38.114+0200] {logging_mixin.py:188} INFO - [2025-06-05T19:10:38.113+0200] {dagbag.py:540} INFO - Filling up the DagBag from /home/leoja/airflow/airflow_venv/lib/python3.12/site-packages/airflow/example_dags/example_complex.py
[2025-06-05T19:10:38.122+0200] {processor.py:840} INFO - DAG(s) 'example_complex' retrieved from /home/leoja/airflow/airflow_venv/lib/python3.12/site-packages/airflow/example_dags/example_complex.py
[2025-06-05T19:10:38.145+0200] {logging_mixin.py:188} INFO - [2025-06-05T19:10:38.145+0200] {dag.py:3096} INFO - Sync 1 DAGs
[2025-06-05T19:10:38.156+0200] {logging_mixin.py:188} INFO - [2025-06-05T19:10:38.156+0200] {dag.py:3954} INFO - Setting next_dagrun for example_complex to None, run_after=None
[2025-06-05T19:10:38.182+0200] {processor.py:183} INFO - Processing /home/leoja/airflow/airflow_venv/lib/python3.12/site-packages/airflow/example_dags/example_complex.py took 0.083 seconds
[2025-06-05T19:11:40.532+0200] {processor.py:161} INFO - Started process (PID=544816) to work on /home/leoja/airflow/airflow_venv/lib/python3.12/site-packages/airflow/example_dags/example_complex.py
[2025-06-05T19:11:40.533+0200] {processor.py:830} INFO - Processing file /home/leoja/airflow/airflow_venv/lib/python3.12/site-packages/airflow/example_dags/example_complex.py for tasks to queue
[2025-06-05T19:11:40.535+0200] {logging_mixin.py:188} INFO - [2025-06-05T19:11:40.535+0200] {dagbag.py:540} INFO - Filling up the DagBag from /home/leoja/airflow/airflow_venv/lib/python3.12/site-packages/airflow/example_dags/example_complex.py
[2025-06-05T19:11:40.542+0200] {processor.py:840} INFO - DAG(s) 'example_complex' retrieved from /home/leoja/airflow/airflow_venv/lib/python3.12/site-packages/airflow/example_dags/example_complex.py
[2025-06-05T19:11:40.565+0200] {logging_mixin.py:188} INFO - [2025-06-05T19:11:40.565+0200] {dag.py:3096} INFO - Sync 1 DAGs
[2025-06-05T19:11:40.576+0200] {logging_mixin.py:188} INFO - [2025-06-05T19:11:40.575+0200] {dag.py:3954} INFO - Setting next_dagrun for example_complex to None, run_after=None
[2025-06-05T19:11:40.595+0200] {processor.py:183} INFO - Processing /home/leoja/airflow/airflow_venv/lib/python3.12/site-packages/airflow/example_dags/example_complex.py took 0.069 seconds
[2025-06-05T19:12:43.378+0200] {processor.py:161} INFO - Started process (PID=545162) to work on /home/leoja/airflow/airflow_venv/lib/python3.12/site-packages/airflow/example_dags/example_complex.py
[2025-06-05T19:12:43.380+0200] {processor.py:830} INFO - Processing file /home/leoja/airflow/airflow_venv/lib/python3.12/site-packages/airflow/example_dags/example_complex.py for tasks to queue
[2025-06-05T19:12:43.382+0200] {logging_mixin.py:188} INFO - [2025-06-05T19:12:43.382+0200] {dagbag.py:540} INFO - Filling up the DagBag from /home/leoja/airflow/airflow_venv/lib/python3.12/site-packages/airflow/example_dags/example_complex.py
[2025-06-05T19:12:43.390+0200] {processor.py:840} INFO - DAG(s) 'example_complex' retrieved from /home/leoja/airflow/airflow_venv/lib/python3.12/site-packages/airflow/example_dags/example_complex.py
[2025-06-05T19:12:43.409+0200] {logging_mixin.py:188} INFO - [2025-06-05T19:12:43.409+0200] {dag.py:3096} INFO - Sync 1 DAGs
[2025-06-05T19:12:43.419+0200] {logging_mixin.py:188} INFO - [2025-06-05T19:12:43.418+0200] {dag.py:3954} INFO - Setting next_dagrun for example_complex to None, run_after=None
[2025-06-05T19:12:43.442+0200] {processor.py:183} INFO - Processing /home/leoja/airflow/airflow_venv/lib/python3.12/site-packages/airflow/example_dags/example_complex.py took 0.069 seconds
[2025-06-05T19:13:48.354+0200] {processor.py:161} INFO - Started process (PID=545575) to work on /home/leoja/airflow/airflow_venv/lib/python3.12/site-packages/airflow/example_dags/example_complex.py
[2025-06-05T19:13:48.356+0200] {processor.py:830} INFO - Processing file /home/leoja/airflow/airflow_venv/lib/python3.12/site-packages/airflow/example_dags/example_complex.py for tasks to queue
[2025-06-05T19:13:48.358+0200] {logging_mixin.py:188} INFO - [2025-06-05T19:13:48.358+0200] {dagbag.py:540} INFO - Filling up the DagBag from /home/leoja/airflow/airflow_venv/lib/python3.12/site-packages/airflow/example_dags/example_complex.py
[2025-06-05T19:13:48.366+0200] {processor.py:840} INFO - DAG(s) 'example_complex' retrieved from /home/leoja/airflow/airflow_venv/lib/python3.12/site-packages/airflow/example_dags/example_complex.py
[2025-06-05T19:13:48.389+0200] {logging_mixin.py:188} INFO - [2025-06-05T19:13:48.388+0200] {dag.py:3096} INFO - Sync 1 DAGs
[2025-06-05T19:13:48.398+0200] {logging_mixin.py:188} INFO - [2025-06-05T19:13:48.398+0200] {dag.py:3954} INFO - Setting next_dagrun for example_complex to None, run_after=None
[2025-06-05T19:13:48.418+0200] {processor.py:183} INFO - Processing /home/leoja/airflow/airflow_venv/lib/python3.12/site-packages/airflow/example_dags/example_complex.py took 0.071 seconds
[2025-06-05T19:14:50.145+0200] {processor.py:161} INFO - Started process (PID=545974) to work on /home/leoja/airflow/airflow_venv/lib/python3.12/site-packages/airflow/example_dags/example_complex.py
[2025-06-05T19:14:50.147+0200] {processor.py:830} INFO - Processing file /home/leoja/airflow/airflow_venv/lib/python3.12/site-packages/airflow/example_dags/example_complex.py for tasks to queue
[2025-06-05T19:14:50.148+0200] {logging_mixin.py:188} INFO - [2025-06-05T19:14:50.148+0200] {dagbag.py:540} INFO - Filling up the DagBag from /home/leoja/airflow/airflow_venv/lib/python3.12/site-packages/airflow/example_dags/example_complex.py
[2025-06-05T19:14:50.156+0200] {processor.py:840} INFO - DAG(s) 'example_complex' retrieved from /home/leoja/airflow/airflow_venv/lib/python3.12/site-packages/airflow/example_dags/example_complex.py
[2025-06-05T19:14:50.174+0200] {logging_mixin.py:188} INFO - [2025-06-05T19:14:50.174+0200] {dag.py:3096} INFO - Sync 1 DAGs
[2025-06-05T19:14:50.182+0200] {logging_mixin.py:188} INFO - [2025-06-05T19:14:50.182+0200] {dag.py:3954} INFO - Setting next_dagrun for example_complex to None, run_after=None
[2025-06-05T19:14:50.204+0200] {processor.py:183} INFO - Processing /home/leoja/airflow/airflow_venv/lib/python3.12/site-packages/airflow/example_dags/example_complex.py took 0.066 seconds
[2025-06-05T19:15:53.021+0200] {processor.py:161} INFO - Started process (PID=546380) to work on /home/leoja/airflow/airflow_venv/lib/python3.12/site-packages/airflow/example_dags/example_complex.py
[2025-06-05T19:15:53.023+0200] {processor.py:830} INFO - Processing file /home/leoja/airflow/airflow_venv/lib/python3.12/site-packages/airflow/example_dags/example_complex.py for tasks to queue
[2025-06-05T19:15:53.026+0200] {logging_mixin.py:188} INFO - [2025-06-05T19:15:53.025+0200] {dagbag.py:540} INFO - Filling up the DagBag from /home/leoja/airflow/airflow_venv/lib/python3.12/site-packages/airflow/example_dags/example_complex.py
[2025-06-05T19:15:53.034+0200] {processor.py:840} INFO - DAG(s) 'example_complex' retrieved from /home/leoja/airflow/airflow_venv/lib/python3.12/site-packages/airflow/example_dags/example_complex.py
[2025-06-05T19:15:53.066+0200] {logging_mixin.py:188} INFO - [2025-06-05T19:15:53.066+0200] {dag.py:3096} INFO - Sync 1 DAGs
[2025-06-05T19:15:53.086+0200] {logging_mixin.py:188} INFO - [2025-06-05T19:15:53.085+0200] {dag.py:3954} INFO - Setting next_dagrun for example_complex to None, run_after=None
[2025-06-05T19:15:53.140+0200] {processor.py:183} INFO - Processing /home/leoja/airflow/airflow_venv/lib/python3.12/site-packages/airflow/example_dags/example_complex.py took 0.133 seconds
[2025-06-05T19:16:59.497+0200] {processor.py:161} INFO - Started process (PID=547273) to work on /home/leoja/airflow/airflow_venv/lib/python3.12/site-packages/airflow/example_dags/example_complex.py
[2025-06-05T19:16:59.499+0200] {processor.py:830} INFO - Processing file /home/leoja/airflow/airflow_venv/lib/python3.12/site-packages/airflow/example_dags/example_complex.py for tasks to queue
[2025-06-05T19:16:59.500+0200] {logging_mixin.py:188} INFO - [2025-06-05T19:16:59.500+0200] {dagbag.py:540} INFO - Filling up the DagBag from /home/leoja/airflow/airflow_venv/lib/python3.12/site-packages/airflow/example_dags/example_complex.py
[2025-06-05T19:16:59.508+0200] {processor.py:840} INFO - DAG(s) 'example_complex' retrieved from /home/leoja/airflow/airflow_venv/lib/python3.12/site-packages/airflow/example_dags/example_complex.py
[2025-06-05T19:16:59.529+0200] {logging_mixin.py:188} INFO - [2025-06-05T19:16:59.529+0200] {dag.py:3096} INFO - Sync 1 DAGs
[2025-06-05T19:16:59.539+0200] {logging_mixin.py:188} INFO - [2025-06-05T19:16:59.539+0200] {dag.py:3954} INFO - Setting next_dagrun for example_complex to None, run_after=None
[2025-06-05T19:16:59.562+0200] {processor.py:183} INFO - Processing /home/leoja/airflow/airflow_venv/lib/python3.12/site-packages/airflow/example_dags/example_complex.py took 0.071 seconds
[2025-06-05T19:17:55.185+0200] {processor.py:161} INFO - Started process (PID=547655) to work on /home/leoja/airflow/airflow_venv/lib/python3.12/site-packages/airflow/example_dags/example_complex.py
[2025-06-05T19:17:55.186+0200] {processor.py:830} INFO - Processing file /home/leoja/airflow/airflow_venv/lib/python3.12/site-packages/airflow/example_dags/example_complex.py for tasks to queue
[2025-06-05T19:17:55.188+0200] {logging_mixin.py:188} INFO - [2025-06-05T19:17:55.188+0200] {dagbag.py:540} INFO - Filling up the DagBag from /home/leoja/airflow/airflow_venv/lib/python3.12/site-packages/airflow/example_dags/example_complex.py
[2025-06-05T19:17:55.195+0200] {processor.py:840} INFO - DAG(s) 'example_complex' retrieved from /home/leoja/airflow/airflow_venv/lib/python3.12/site-packages/airflow/example_dags/example_complex.py
[2025-06-05T19:17:55.212+0200] {logging_mixin.py:188} INFO - [2025-06-05T19:17:55.212+0200] {dag.py:3096} INFO - Sync 1 DAGs
[2025-06-05T19:17:55.221+0200] {logging_mixin.py:188} INFO - [2025-06-05T19:17:55.221+0200] {dag.py:3954} INFO - Setting next_dagrun for example_complex to None, run_after=None
[2025-06-05T19:17:55.243+0200] {processor.py:183} INFO - Processing /home/leoja/airflow/airflow_venv/lib/python3.12/site-packages/airflow/example_dags/example_complex.py took 0.064 seconds
[2025-06-05T19:18:55.712+0200] {processor.py:161} INFO - Started process (PID=548035) to work on /home/leoja/airflow/airflow_venv/lib/python3.12/site-packages/airflow/example_dags/example_complex.py
[2025-06-05T19:18:55.714+0200] {processor.py:830} INFO - Processing file /home/leoja/airflow/airflow_venv/lib/python3.12/site-packages/airflow/example_dags/example_complex.py for tasks to queue
[2025-06-05T19:18:55.715+0200] {logging_mixin.py:188} INFO - [2025-06-05T19:18:55.715+0200] {dagbag.py:540} INFO - Filling up the DagBag from /home/leoja/airflow/airflow_venv/lib/python3.12/site-packages/airflow/example_dags/example_complex.py
[2025-06-05T19:18:55.722+0200] {processor.py:840} INFO - DAG(s) 'example_complex' retrieved from /home/leoja/airflow/airflow_venv/lib/python3.12/site-packages/airflow/example_dags/example_complex.py
[2025-06-05T19:18:55.741+0200] {logging_mixin.py:188} INFO - [2025-06-05T19:18:55.741+0200] {dag.py:3096} INFO - Sync 1 DAGs
[2025-06-05T19:18:55.750+0200] {logging_mixin.py:188} INFO - [2025-06-05T19:18:55.749+0200] {dag.py:3954} INFO - Setting next_dagrun for example_complex to None, run_after=None
[2025-06-05T19:18:55.769+0200] {processor.py:183} INFO - Processing /home/leoja/airflow/airflow_venv/lib/python3.12/site-packages/airflow/example_dags/example_complex.py took 0.064 seconds
[2025-06-05T19:19:56.050+0200] {processor.py:161} INFO - Started process (PID=548379) to work on /home/leoja/airflow/airflow_venv/lib/python3.12/site-packages/airflow/example_dags/example_complex.py
[2025-06-05T19:19:56.052+0200] {processor.py:830} INFO - Processing file /home/leoja/airflow/airflow_venv/lib/python3.12/site-packages/airflow/example_dags/example_complex.py for tasks to queue
[2025-06-05T19:19:56.054+0200] {logging_mixin.py:188} INFO - [2025-06-05T19:19:56.053+0200] {dagbag.py:540} INFO - Filling up the DagBag from /home/leoja/airflow/airflow_venv/lib/python3.12/site-packages/airflow/example_dags/example_complex.py
[2025-06-05T19:19:56.061+0200] {processor.py:840} INFO - DAG(s) 'example_complex' retrieved from /home/leoja/airflow/airflow_venv/lib/python3.12/site-packages/airflow/example_dags/example_complex.py
[2025-06-05T19:19:56.083+0200] {logging_mixin.py:188} INFO - [2025-06-05T19:19:56.083+0200] {dag.py:3096} INFO - Sync 1 DAGs
[2025-06-05T19:19:56.106+0200] {logging_mixin.py:188} INFO - [2025-06-05T19:19:56.106+0200] {dag.py:3954} INFO - Setting next_dagrun for example_complex to None, run_after=None
[2025-06-05T19:19:56.218+0200] {processor.py:183} INFO - Processing /home/leoja/airflow/airflow_venv/lib/python3.12/site-packages/airflow/example_dags/example_complex.py took 0.174 seconds
[2025-06-05T19:20:59.449+0200] {processor.py:161} INFO - Started process (PID=548799) to work on /home/leoja/airflow/airflow_venv/lib/python3.12/site-packages/airflow/example_dags/example_complex.py
[2025-06-05T19:20:59.451+0200] {processor.py:830} INFO - Processing file /home/leoja/airflow/airflow_venv/lib/python3.12/site-packages/airflow/example_dags/example_complex.py for tasks to queue
[2025-06-05T19:20:59.452+0200] {logging_mixin.py:188} INFO - [2025-06-05T19:20:59.452+0200] {dagbag.py:540} INFO - Filling up the DagBag from /home/leoja/airflow/airflow_venv/lib/python3.12/site-packages/airflow/example_dags/example_complex.py
[2025-06-05T19:20:59.460+0200] {processor.py:840} INFO - DAG(s) 'example_complex' retrieved from /home/leoja/airflow/airflow_venv/lib/python3.12/site-packages/airflow/example_dags/example_complex.py
[2025-06-05T19:20:59.478+0200] {logging_mixin.py:188} INFO - [2025-06-05T19:20:59.477+0200] {dag.py:3096} INFO - Sync 1 DAGs
[2025-06-05T19:20:59.486+0200] {logging_mixin.py:188} INFO - [2025-06-05T19:20:59.486+0200] {dag.py:3954} INFO - Setting next_dagrun for example_complex to None, run_after=None
[2025-06-05T19:20:59.508+0200] {processor.py:183} INFO - Processing /home/leoja/airflow/airflow_venv/lib/python3.12/site-packages/airflow/example_dags/example_complex.py took 0.064 seconds
[2025-06-05T19:22:01.775+0200] {processor.py:161} INFO - Started process (PID=549140) to work on /home/leoja/airflow/airflow_venv/lib/python3.12/site-packages/airflow/example_dags/example_complex.py
[2025-06-05T19:22:01.784+0200] {processor.py:830} INFO - Processing file /home/leoja/airflow/airflow_venv/lib/python3.12/site-packages/airflow/example_dags/example_complex.py for tasks to queue
[2025-06-05T19:22:01.785+0200] {logging_mixin.py:188} INFO - [2025-06-05T19:22:01.785+0200] {dagbag.py:540} INFO - Filling up the DagBag from /home/leoja/airflow/airflow_venv/lib/python3.12/site-packages/airflow/example_dags/example_complex.py
[2025-06-05T19:22:01.793+0200] {processor.py:840} INFO - DAG(s) 'example_complex' retrieved from /home/leoja/airflow/airflow_venv/lib/python3.12/site-packages/airflow/example_dags/example_complex.py
[2025-06-05T19:22:01.811+0200] {logging_mixin.py:188} INFO - [2025-06-05T19:22:01.811+0200] {dag.py:3096} INFO - Sync 1 DAGs
[2025-06-05T19:22:01.819+0200] {logging_mixin.py:188} INFO - [2025-06-05T19:22:01.819+0200] {dag.py:3954} INFO - Setting next_dagrun for example_complex to None, run_after=None
[2025-06-05T19:22:01.840+0200] {processor.py:183} INFO - Processing /home/leoja/airflow/airflow_venv/lib/python3.12/site-packages/airflow/example_dags/example_complex.py took 0.071 seconds
[2025-06-05T19:23:07.331+0200] {processor.py:161} INFO - Started process (PID=549509) to work on /home/leoja/airflow/airflow_venv/lib/python3.12/site-packages/airflow/example_dags/example_complex.py
[2025-06-05T19:23:07.333+0200] {processor.py:830} INFO - Processing file /home/leoja/airflow/airflow_venv/lib/python3.12/site-packages/airflow/example_dags/example_complex.py for tasks to queue
[2025-06-05T19:23:07.335+0200] {logging_mixin.py:188} INFO - [2025-06-05T19:23:07.334+0200] {dagbag.py:540} INFO - Filling up the DagBag from /home/leoja/airflow/airflow_venv/lib/python3.12/site-packages/airflow/example_dags/example_complex.py
[2025-06-05T19:23:07.341+0200] {processor.py:840} INFO - DAG(s) 'example_complex' retrieved from /home/leoja/airflow/airflow_venv/lib/python3.12/site-packages/airflow/example_dags/example_complex.py
[2025-06-05T19:23:07.358+0200] {logging_mixin.py:188} INFO - [2025-06-05T19:23:07.358+0200] {dag.py:3096} INFO - Sync 1 DAGs
[2025-06-05T19:23:07.366+0200] {logging_mixin.py:188} INFO - [2025-06-05T19:23:07.366+0200] {dag.py:3954} INFO - Setting next_dagrun for example_complex to None, run_after=None
[2025-06-05T19:23:07.387+0200] {processor.py:183} INFO - Processing /home/leoja/airflow/airflow_venv/lib/python3.12/site-packages/airflow/example_dags/example_complex.py took 0.061 seconds
[2025-06-05T19:24:08.869+0200] {processor.py:161} INFO - Started process (PID=549845) to work on /home/leoja/airflow/airflow_venv/lib/python3.12/site-packages/airflow/example_dags/example_complex.py
[2025-06-05T19:24:08.871+0200] {processor.py:830} INFO - Processing file /home/leoja/airflow/airflow_venv/lib/python3.12/site-packages/airflow/example_dags/example_complex.py for tasks to queue
[2025-06-05T19:24:08.872+0200] {logging_mixin.py:188} INFO - [2025-06-05T19:24:08.872+0200] {dagbag.py:540} INFO - Filling up the DagBag from /home/leoja/airflow/airflow_venv/lib/python3.12/site-packages/airflow/example_dags/example_complex.py
[2025-06-05T19:24:08.880+0200] {processor.py:840} INFO - DAG(s) 'example_complex' retrieved from /home/leoja/airflow/airflow_venv/lib/python3.12/site-packages/airflow/example_dags/example_complex.py
[2025-06-05T19:24:08.898+0200] {logging_mixin.py:188} INFO - [2025-06-05T19:24:08.897+0200] {dag.py:3096} INFO - Sync 1 DAGs
[2025-06-05T19:24:08.907+0200] {logging_mixin.py:188} INFO - [2025-06-05T19:24:08.906+0200] {dag.py:3954} INFO - Setting next_dagrun for example_complex to None, run_after=None
[2025-06-05T19:24:08.926+0200] {processor.py:183} INFO - Processing /home/leoja/airflow/airflow_venv/lib/python3.12/site-packages/airflow/example_dags/example_complex.py took 0.063 seconds
[2025-06-05T19:25:12.749+0200] {processor.py:161} INFO - Started process (PID=550226) to work on /home/leoja/airflow/airflow_venv/lib/python3.12/site-packages/airflow/example_dags/example_complex.py
[2025-06-05T19:25:12.751+0200] {processor.py:830} INFO - Processing file /home/leoja/airflow/airflow_venv/lib/python3.12/site-packages/airflow/example_dags/example_complex.py for tasks to queue
[2025-06-05T19:25:12.761+0200] {logging_mixin.py:188} INFO - [2025-06-05T19:25:12.757+0200] {dagbag.py:540} INFO - Filling up the DagBag from /home/leoja/airflow/airflow_venv/lib/python3.12/site-packages/airflow/example_dags/example_complex.py
[2025-06-05T19:25:12.784+0200] {processor.py:840} INFO - DAG(s) 'example_complex' retrieved from /home/leoja/airflow/airflow_venv/lib/python3.12/site-packages/airflow/example_dags/example_complex.py
[2025-06-05T19:25:12.827+0200] {logging_mixin.py:188} INFO - [2025-06-05T19:25:12.827+0200] {dag.py:3096} INFO - Sync 1 DAGs
[2025-06-05T19:25:12.847+0200] {logging_mixin.py:188} INFO - [2025-06-05T19:25:12.847+0200] {dag.py:3954} INFO - Setting next_dagrun for example_complex to None, run_after=None
[2025-06-05T19:25:12.944+0200] {processor.py:183} INFO - Processing /home/leoja/airflow/airflow_venv/lib/python3.12/site-packages/airflow/example_dags/example_complex.py took 0.230 seconds
[2025-06-05T19:26:09.721+0200] {processor.py:161} INFO - Started process (PID=550618) to work on /home/leoja/airflow/airflow_venv/lib/python3.12/site-packages/airflow/example_dags/example_complex.py
[2025-06-05T19:26:09.722+0200] {processor.py:830} INFO - Processing file /home/leoja/airflow/airflow_venv/lib/python3.12/site-packages/airflow/example_dags/example_complex.py for tasks to queue
[2025-06-05T19:26:09.725+0200] {logging_mixin.py:188} INFO - [2025-06-05T19:26:09.724+0200] {dagbag.py:540} INFO - Filling up the DagBag from /home/leoja/airflow/airflow_venv/lib/python3.12/site-packages/airflow/example_dags/example_complex.py
[2025-06-05T19:26:09.732+0200] {processor.py:840} INFO - DAG(s) 'example_complex' retrieved from /home/leoja/airflow/airflow_venv/lib/python3.12/site-packages/airflow/example_dags/example_complex.py
[2025-06-05T19:26:09.753+0200] {logging_mixin.py:188} INFO - [2025-06-05T19:26:09.752+0200] {dag.py:3096} INFO - Sync 1 DAGs
[2025-06-05T19:26:09.761+0200] {logging_mixin.py:188} INFO - [2025-06-05T19:26:09.761+0200] {dag.py:3954} INFO - Setting next_dagrun for example_complex to None, run_after=None
[2025-06-05T19:26:09.784+0200] {processor.py:183} INFO - Processing /home/leoja/airflow/airflow_venv/lib/python3.12/site-packages/airflow/example_dags/example_complex.py took 0.070 seconds
[2025-06-05T19:27:15.215+0200] {processor.py:161} INFO - Started process (PID=551039) to work on /home/leoja/airflow/airflow_venv/lib/python3.12/site-packages/airflow/example_dags/example_complex.py
[2025-06-05T19:27:15.218+0200] {processor.py:830} INFO - Processing file /home/leoja/airflow/airflow_venv/lib/python3.12/site-packages/airflow/example_dags/example_complex.py for tasks to queue
[2025-06-05T19:27:15.220+0200] {logging_mixin.py:188} INFO - [2025-06-05T19:27:15.219+0200] {dagbag.py:540} INFO - Filling up the DagBag from /home/leoja/airflow/airflow_venv/lib/python3.12/site-packages/airflow/example_dags/example_complex.py
[2025-06-05T19:27:15.227+0200] {processor.py:840} INFO - DAG(s) 'example_complex' retrieved from /home/leoja/airflow/airflow_venv/lib/python3.12/site-packages/airflow/example_dags/example_complex.py
[2025-06-05T19:27:15.245+0200] {logging_mixin.py:188} INFO - [2025-06-05T19:27:15.245+0200] {dag.py:3096} INFO - Sync 1 DAGs
[2025-06-05T19:27:15.253+0200] {logging_mixin.py:188} INFO - [2025-06-05T19:27:15.253+0200] {dag.py:3954} INFO - Setting next_dagrun for example_complex to None, run_after=None
[2025-06-05T19:27:15.274+0200] {processor.py:183} INFO - Processing /home/leoja/airflow/airflow_venv/lib/python3.12/site-packages/airflow/example_dags/example_complex.py took 0.064 seconds
[2025-06-05T19:28:27.643+0200] {processor.py:161} INFO - Started process (PID=552115) to work on /home/leoja/airflow/airflow_venv/lib/python3.12/site-packages/airflow/example_dags/example_complex.py
[2025-06-05T19:28:27.645+0200] {processor.py:830} INFO - Processing file /home/leoja/airflow/airflow_venv/lib/python3.12/site-packages/airflow/example_dags/example_complex.py for tasks to queue
[2025-06-05T19:28:27.647+0200] {logging_mixin.py:188} INFO - [2025-06-05T19:28:27.647+0200] {dagbag.py:540} INFO - Filling up the DagBag from /home/leoja/airflow/airflow_venv/lib/python3.12/site-packages/airflow/example_dags/example_complex.py
[2025-06-05T19:28:27.658+0200] {processor.py:840} INFO - DAG(s) 'example_complex' retrieved from /home/leoja/airflow/airflow_venv/lib/python3.12/site-packages/airflow/example_dags/example_complex.py
[2025-06-05T19:28:27.682+0200] {logging_mixin.py:188} INFO - [2025-06-05T19:28:27.682+0200] {dag.py:3096} INFO - Sync 1 DAGs
[2025-06-05T19:28:27.694+0200] {logging_mixin.py:188} INFO - [2025-06-05T19:28:27.693+0200] {dag.py:3954} INFO - Setting next_dagrun for example_complex to None, run_after=None
[2025-06-05T19:28:27.720+0200] {processor.py:183} INFO - Processing /home/leoja/airflow/airflow_venv/lib/python3.12/site-packages/airflow/example_dags/example_complex.py took 0.085 seconds
[2025-06-05T19:29:37.284+0200] {processor.py:161} INFO - Started process (PID=552614) to work on /home/leoja/airflow/airflow_venv/lib/python3.12/site-packages/airflow/example_dags/example_complex.py
[2025-06-05T19:29:37.286+0200] {processor.py:830} INFO - Processing file /home/leoja/airflow/airflow_venv/lib/python3.12/site-packages/airflow/example_dags/example_complex.py for tasks to queue
[2025-06-05T19:29:37.289+0200] {logging_mixin.py:188} INFO - [2025-06-05T19:29:37.288+0200] {dagbag.py:540} INFO - Filling up the DagBag from /home/leoja/airflow/airflow_venv/lib/python3.12/site-packages/airflow/example_dags/example_complex.py
[2025-06-05T19:29:37.300+0200] {processor.py:840} INFO - DAG(s) 'example_complex' retrieved from /home/leoja/airflow/airflow_venv/lib/python3.12/site-packages/airflow/example_dags/example_complex.py
[2025-06-05T19:29:37.329+0200] {logging_mixin.py:188} INFO - [2025-06-05T19:29:37.329+0200] {dag.py:3096} INFO - Sync 1 DAGs
[2025-06-05T19:29:37.344+0200] {logging_mixin.py:188} INFO - [2025-06-05T19:29:37.344+0200] {dag.py:3954} INFO - Setting next_dagrun for example_complex to None, run_after=None
[2025-06-05T19:29:37.373+0200] {processor.py:183} INFO - Processing /home/leoja/airflow/airflow_venv/lib/python3.12/site-packages/airflow/example_dags/example_complex.py took 0.096 seconds
[2025-06-05T19:30:44.800+0200] {processor.py:161} INFO - Started process (PID=553031) to work on /home/leoja/airflow/airflow_venv/lib/python3.12/site-packages/airflow/example_dags/example_complex.py
[2025-06-05T19:30:44.802+0200] {processor.py:830} INFO - Processing file /home/leoja/airflow/airflow_venv/lib/python3.12/site-packages/airflow/example_dags/example_complex.py for tasks to queue
[2025-06-05T19:30:44.804+0200] {logging_mixin.py:188} INFO - [2025-06-05T19:30:44.804+0200] {dagbag.py:540} INFO - Filling up the DagBag from /home/leoja/airflow/airflow_venv/lib/python3.12/site-packages/airflow/example_dags/example_complex.py
[2025-06-05T19:30:44.811+0200] {processor.py:840} INFO - DAG(s) 'example_complex' retrieved from /home/leoja/airflow/airflow_venv/lib/python3.12/site-packages/airflow/example_dags/example_complex.py
[2025-06-05T19:30:44.828+0200] {logging_mixin.py:188} INFO - [2025-06-05T19:30:44.828+0200] {dag.py:3096} INFO - Sync 1 DAGs
[2025-06-05T19:30:44.837+0200] {logging_mixin.py:188} INFO - [2025-06-05T19:30:44.836+0200] {dag.py:3954} INFO - Setting next_dagrun for example_complex to None, run_after=None
[2025-06-05T19:30:44.857+0200] {processor.py:183} INFO - Processing /home/leoja/airflow/airflow_venv/lib/python3.12/site-packages/airflow/example_dags/example_complex.py took 0.063 seconds
[2025-06-05T19:31:49.659+0200] {processor.py:161} INFO - Started process (PID=553406) to work on /home/leoja/airflow/airflow_venv/lib/python3.12/site-packages/airflow/example_dags/example_complex.py
[2025-06-05T19:31:49.662+0200] {processor.py:830} INFO - Processing file /home/leoja/airflow/airflow_venv/lib/python3.12/site-packages/airflow/example_dags/example_complex.py for tasks to queue
[2025-06-05T19:31:49.663+0200] {logging_mixin.py:188} INFO - [2025-06-05T19:31:49.663+0200] {dagbag.py:540} INFO - Filling up the DagBag from /home/leoja/airflow/airflow_venv/lib/python3.12/site-packages/airflow/example_dags/example_complex.py
[2025-06-05T19:31:49.670+0200] {processor.py:840} INFO - DAG(s) 'example_complex' retrieved from /home/leoja/airflow/airflow_venv/lib/python3.12/site-packages/airflow/example_dags/example_complex.py
[2025-06-05T19:31:49.690+0200] {logging_mixin.py:188} INFO - [2025-06-05T19:31:49.690+0200] {dag.py:3096} INFO - Sync 1 DAGs
[2025-06-05T19:31:49.700+0200] {logging_mixin.py:188} INFO - [2025-06-05T19:31:49.700+0200] {dag.py:3954} INFO - Setting next_dagrun for example_complex to None, run_after=None
[2025-06-05T19:31:49.722+0200] {processor.py:183} INFO - Processing /home/leoja/airflow/airflow_venv/lib/python3.12/site-packages/airflow/example_dags/example_complex.py took 0.069 seconds
[2025-06-05T19:32:54.381+0200] {processor.py:161} INFO - Started process (PID=553744) to work on /home/leoja/airflow/airflow_venv/lib/python3.12/site-packages/airflow/example_dags/example_complex.py
[2025-06-05T19:32:54.383+0200] {processor.py:830} INFO - Processing file /home/leoja/airflow/airflow_venv/lib/python3.12/site-packages/airflow/example_dags/example_complex.py for tasks to queue
[2025-06-05T19:32:54.385+0200] {logging_mixin.py:188} INFO - [2025-06-05T19:32:54.384+0200] {dagbag.py:540} INFO - Filling up the DagBag from /home/leoja/airflow/airflow_venv/lib/python3.12/site-packages/airflow/example_dags/example_complex.py
[2025-06-05T19:32:54.392+0200] {processor.py:840} INFO - DAG(s) 'example_complex' retrieved from /home/leoja/airflow/airflow_venv/lib/python3.12/site-packages/airflow/example_dags/example_complex.py
[2025-06-05T19:32:54.410+0200] {logging_mixin.py:188} INFO - [2025-06-05T19:32:54.410+0200] {dag.py:3096} INFO - Sync 1 DAGs
[2025-06-05T19:32:54.419+0200] {logging_mixin.py:188} INFO - [2025-06-05T19:32:54.419+0200] {dag.py:3954} INFO - Setting next_dagrun for example_complex to None, run_after=None
[2025-06-05T19:32:54.440+0200] {processor.py:183} INFO - Processing /home/leoja/airflow/airflow_venv/lib/python3.12/site-packages/airflow/example_dags/example_complex.py took 0.065 seconds
[2025-06-05T19:34:01.355+0200] {processor.py:161} INFO - Started process (PID=554151) to work on /home/leoja/airflow/airflow_venv/lib/python3.12/site-packages/airflow/example_dags/example_complex.py
[2025-06-05T19:34:01.357+0200] {processor.py:830} INFO - Processing file /home/leoja/airflow/airflow_venv/lib/python3.12/site-packages/airflow/example_dags/example_complex.py for tasks to queue
[2025-06-05T19:34:01.359+0200] {logging_mixin.py:188} INFO - [2025-06-05T19:34:01.358+0200] {dagbag.py:540} INFO - Filling up the DagBag from /home/leoja/airflow/airflow_venv/lib/python3.12/site-packages/airflow/example_dags/example_complex.py
[2025-06-05T19:34:01.369+0200] {processor.py:840} INFO - DAG(s) 'example_complex' retrieved from /home/leoja/airflow/airflow_venv/lib/python3.12/site-packages/airflow/example_dags/example_complex.py
[2025-06-05T19:34:01.389+0200] {logging_mixin.py:188} INFO - [2025-06-05T19:34:01.389+0200] {dag.py:3096} INFO - Sync 1 DAGs
[2025-06-05T19:34:01.400+0200] {logging_mixin.py:188} INFO - [2025-06-05T19:34:01.399+0200] {dag.py:3954} INFO - Setting next_dagrun for example_complex to None, run_after=None
[2025-06-05T19:34:01.423+0200] {processor.py:183} INFO - Processing /home/leoja/airflow/airflow_venv/lib/python3.12/site-packages/airflow/example_dags/example_complex.py took 0.074 seconds
[2025-06-05T19:35:03.924+0200] {processor.py:161} INFO - Started process (PID=554489) to work on /home/leoja/airflow/airflow_venv/lib/python3.12/site-packages/airflow/example_dags/example_complex.py
[2025-06-05T19:35:03.925+0200] {processor.py:830} INFO - Processing file /home/leoja/airflow/airflow_venv/lib/python3.12/site-packages/airflow/example_dags/example_complex.py for tasks to queue
[2025-06-05T19:35:03.927+0200] {logging_mixin.py:188} INFO - [2025-06-05T19:35:03.926+0200] {dagbag.py:540} INFO - Filling up the DagBag from /home/leoja/airflow/airflow_venv/lib/python3.12/site-packages/airflow/example_dags/example_complex.py
[2025-06-05T19:35:03.934+0200] {processor.py:840} INFO - DAG(s) 'example_complex' retrieved from /home/leoja/airflow/airflow_venv/lib/python3.12/site-packages/airflow/example_dags/example_complex.py
[2025-06-05T19:35:03.951+0200] {logging_mixin.py:188} INFO - [2025-06-05T19:35:03.951+0200] {dag.py:3096} INFO - Sync 1 DAGs
[2025-06-05T19:35:03.959+0200] {logging_mixin.py:188} INFO - [2025-06-05T19:35:03.959+0200] {dag.py:3954} INFO - Setting next_dagrun for example_complex to None, run_after=None
[2025-06-05T19:35:03.980+0200] {processor.py:183} INFO - Processing /home/leoja/airflow/airflow_venv/lib/python3.12/site-packages/airflow/example_dags/example_complex.py took 0.062 seconds
[2025-06-05T19:36:05.056+0200] {processor.py:161} INFO - Started process (PID=554855) to work on /home/leoja/airflow/airflow_venv/lib/python3.12/site-packages/airflow/example_dags/example_complex.py
[2025-06-05T19:36:05.058+0200] {processor.py:830} INFO - Processing file /home/leoja/airflow/airflow_venv/lib/python3.12/site-packages/airflow/example_dags/example_complex.py for tasks to queue
[2025-06-05T19:36:05.060+0200] {logging_mixin.py:188} INFO - [2025-06-05T19:36:05.060+0200] {dagbag.py:540} INFO - Filling up the DagBag from /home/leoja/airflow/airflow_venv/lib/python3.12/site-packages/airflow/example_dags/example_complex.py
[2025-06-05T19:36:05.067+0200] {processor.py:840} INFO - DAG(s) 'example_complex' retrieved from /home/leoja/airflow/airflow_venv/lib/python3.12/site-packages/airflow/example_dags/example_complex.py
[2025-06-05T19:36:05.085+0200] {logging_mixin.py:188} INFO - [2025-06-05T19:36:05.085+0200] {dag.py:3096} INFO - Sync 1 DAGs
[2025-06-05T19:36:05.094+0200] {logging_mixin.py:188} INFO - [2025-06-05T19:36:05.094+0200] {dag.py:3954} INFO - Setting next_dagrun for example_complex to None, run_after=None
[2025-06-05T19:36:05.113+0200] {processor.py:183} INFO - Processing /home/leoja/airflow/airflow_venv/lib/python3.12/site-packages/airflow/example_dags/example_complex.py took 0.064 seconds
[2025-06-05T19:37:11.767+0200] {processor.py:161} INFO - Started process (PID=555197) to work on /home/leoja/airflow/airflow_venv/lib/python3.12/site-packages/airflow/example_dags/example_complex.py
[2025-06-05T19:37:11.769+0200] {processor.py:830} INFO - Processing file /home/leoja/airflow/airflow_venv/lib/python3.12/site-packages/airflow/example_dags/example_complex.py for tasks to queue
[2025-06-05T19:37:11.771+0200] {logging_mixin.py:188} INFO - [2025-06-05T19:37:11.770+0200] {dagbag.py:540} INFO - Filling up the DagBag from /home/leoja/airflow/airflow_venv/lib/python3.12/site-packages/airflow/example_dags/example_complex.py
[2025-06-05T19:37:11.779+0200] {processor.py:840} INFO - DAG(s) 'example_complex' retrieved from /home/leoja/airflow/airflow_venv/lib/python3.12/site-packages/airflow/example_dags/example_complex.py
[2025-06-05T19:37:11.796+0200] {logging_mixin.py:188} INFO - [2025-06-05T19:37:11.796+0200] {dag.py:3096} INFO - Sync 1 DAGs
[2025-06-05T19:37:11.805+0200] {logging_mixin.py:188} INFO - [2025-06-05T19:37:11.804+0200] {dag.py:3954} INFO - Setting next_dagrun for example_complex to None, run_after=None
[2025-06-05T19:37:11.828+0200] {processor.py:183} INFO - Processing /home/leoja/airflow/airflow_venv/lib/python3.12/site-packages/airflow/example_dags/example_complex.py took 0.067 seconds
[2025-06-05T19:38:19.849+0200] {processor.py:161} INFO - Started process (PID=555604) to work on /home/leoja/airflow/airflow_venv/lib/python3.12/site-packages/airflow/example_dags/example_complex.py
[2025-06-05T19:38:19.850+0200] {processor.py:830} INFO - Processing file /home/leoja/airflow/airflow_venv/lib/python3.12/site-packages/airflow/example_dags/example_complex.py for tasks to queue
[2025-06-05T19:38:19.852+0200] {logging_mixin.py:188} INFO - [2025-06-05T19:38:19.851+0200] {dagbag.py:540} INFO - Filling up the DagBag from /home/leoja/airflow/airflow_venv/lib/python3.12/site-packages/airflow/example_dags/example_complex.py
[2025-06-05T19:38:19.859+0200] {processor.py:840} INFO - DAG(s) 'example_complex' retrieved from /home/leoja/airflow/airflow_venv/lib/python3.12/site-packages/airflow/example_dags/example_complex.py
[2025-06-05T19:38:19.877+0200] {logging_mixin.py:188} INFO - [2025-06-05T19:38:19.877+0200] {dag.py:3096} INFO - Sync 1 DAGs
[2025-06-05T19:38:19.887+0200] {logging_mixin.py:188} INFO - [2025-06-05T19:38:19.887+0200] {dag.py:3954} INFO - Setting next_dagrun for example_complex to None, run_after=None
[2025-06-05T19:38:19.908+0200] {processor.py:183} INFO - Processing /home/leoja/airflow/airflow_venv/lib/python3.12/site-packages/airflow/example_dags/example_complex.py took 0.066 seconds
[2025-06-05T19:39:22.220+0200] {processor.py:161} INFO - Started process (PID=555968) to work on /home/leoja/airflow/airflow_venv/lib/python3.12/site-packages/airflow/example_dags/example_complex.py
[2025-06-05T19:39:22.222+0200] {processor.py:830} INFO - Processing file /home/leoja/airflow/airflow_venv/lib/python3.12/site-packages/airflow/example_dags/example_complex.py for tasks to queue
[2025-06-05T19:39:22.223+0200] {logging_mixin.py:188} INFO - [2025-06-05T19:39:22.223+0200] {dagbag.py:540} INFO - Filling up the DagBag from /home/leoja/airflow/airflow_venv/lib/python3.12/site-packages/airflow/example_dags/example_complex.py
[2025-06-05T19:39:22.230+0200] {processor.py:840} INFO - DAG(s) 'example_complex' retrieved from /home/leoja/airflow/airflow_venv/lib/python3.12/site-packages/airflow/example_dags/example_complex.py
[2025-06-05T19:39:22.246+0200] {logging_mixin.py:188} INFO - [2025-06-05T19:39:22.246+0200] {dag.py:3096} INFO - Sync 1 DAGs
[2025-06-05T19:39:22.254+0200] {logging_mixin.py:188} INFO - [2025-06-05T19:39:22.253+0200] {dag.py:3954} INFO - Setting next_dagrun for example_complex to None, run_after=None
[2025-06-05T19:39:22.354+0200] {processor.py:183} INFO - Processing /home/leoja/airflow/airflow_venv/lib/python3.12/site-packages/airflow/example_dags/example_complex.py took 0.139 seconds
[2025-06-05T19:40:29.809+0200] {processor.py:161} INFO - Started process (PID=556337) to work on /home/leoja/airflow/airflow_venv/lib/python3.12/site-packages/airflow/example_dags/example_complex.py
[2025-06-05T19:40:29.812+0200] {processor.py:830} INFO - Processing file /home/leoja/airflow/airflow_venv/lib/python3.12/site-packages/airflow/example_dags/example_complex.py for tasks to queue
[2025-06-05T19:40:29.813+0200] {logging_mixin.py:188} INFO - [2025-06-05T19:40:29.813+0200] {dagbag.py:540} INFO - Filling up the DagBag from /home/leoja/airflow/airflow_venv/lib/python3.12/site-packages/airflow/example_dags/example_complex.py
[2025-06-05T19:40:29.820+0200] {processor.py:840} INFO - DAG(s) 'example_complex' retrieved from /home/leoja/airflow/airflow_venv/lib/python3.12/site-packages/airflow/example_dags/example_complex.py
[2025-06-05T19:40:29.838+0200] {logging_mixin.py:188} INFO - [2025-06-05T19:40:29.838+0200] {dag.py:3096} INFO - Sync 1 DAGs
[2025-06-05T19:40:29.846+0200] {logging_mixin.py:188} INFO - [2025-06-05T19:40:29.846+0200] {dag.py:3954} INFO - Setting next_dagrun for example_complex to None, run_after=None
[2025-06-05T19:40:29.867+0200] {processor.py:183} INFO - Processing /home/leoja/airflow/airflow_venv/lib/python3.12/site-packages/airflow/example_dags/example_complex.py took 0.063 seconds
[2025-06-05T19:41:37.273+0200] {processor.py:161} INFO - Started process (PID=557183) to work on /home/leoja/airflow/airflow_venv/lib/python3.12/site-packages/airflow/example_dags/example_complex.py
[2025-06-05T19:41:37.275+0200] {processor.py:830} INFO - Processing file /home/leoja/airflow/airflow_venv/lib/python3.12/site-packages/airflow/example_dags/example_complex.py for tasks to queue
[2025-06-05T19:41:37.278+0200] {logging_mixin.py:188} INFO - [2025-06-05T19:41:37.277+0200] {dagbag.py:540} INFO - Filling up the DagBag from /home/leoja/airflow/airflow_venv/lib/python3.12/site-packages/airflow/example_dags/example_complex.py
[2025-06-05T19:41:37.292+0200] {processor.py:840} INFO - DAG(s) 'example_complex' retrieved from /home/leoja/airflow/airflow_venv/lib/python3.12/site-packages/airflow/example_dags/example_complex.py
[2025-06-05T19:41:37.330+0200] {logging_mixin.py:188} INFO - [2025-06-05T19:41:37.329+0200] {dag.py:3096} INFO - Sync 1 DAGs
[2025-06-05T19:41:37.515+0200] {logging_mixin.py:188} INFO - [2025-06-05T19:41:37.514+0200] {dag.py:3954} INFO - Setting next_dagrun for example_complex to None, run_after=None
[2025-06-05T19:41:37.548+0200] {processor.py:183} INFO - Processing /home/leoja/airflow/airflow_venv/lib/python3.12/site-packages/airflow/example_dags/example_complex.py took 0.286 seconds
[2025-06-05T19:42:44.769+0200] {processor.py:161} INFO - Started process (PID=557629) to work on /home/leoja/airflow/airflow_venv/lib/python3.12/site-packages/airflow/example_dags/example_complex.py
[2025-06-05T19:42:44.770+0200] {processor.py:830} INFO - Processing file /home/leoja/airflow/airflow_venv/lib/python3.12/site-packages/airflow/example_dags/example_complex.py for tasks to queue
[2025-06-05T19:42:44.772+0200] {logging_mixin.py:188} INFO - [2025-06-05T19:42:44.772+0200] {dagbag.py:540} INFO - Filling up the DagBag from /home/leoja/airflow/airflow_venv/lib/python3.12/site-packages/airflow/example_dags/example_complex.py
[2025-06-05T19:42:44.780+0200] {processor.py:840} INFO - DAG(s) 'example_complex' retrieved from /home/leoja/airflow/airflow_venv/lib/python3.12/site-packages/airflow/example_dags/example_complex.py
[2025-06-05T19:42:44.801+0200] {logging_mixin.py:188} INFO - [2025-06-05T19:42:44.800+0200] {dag.py:3096} INFO - Sync 1 DAGs
[2025-06-05T19:42:44.911+0200] {logging_mixin.py:188} INFO - [2025-06-05T19:42:44.910+0200] {dag.py:3954} INFO - Setting next_dagrun for example_complex to None, run_after=None
[2025-06-05T19:42:44.929+0200] {processor.py:183} INFO - Processing /home/leoja/airflow/airflow_venv/lib/python3.12/site-packages/airflow/example_dags/example_complex.py took 0.166 seconds
[2025-06-05T19:43:52.349+0200] {processor.py:161} INFO - Started process (PID=557907) to work on /home/leoja/airflow/airflow_venv/lib/python3.12/site-packages/airflow/example_dags/example_complex.py
[2025-06-05T19:43:52.352+0200] {processor.py:830} INFO - Processing file /home/leoja/airflow/airflow_venv/lib/python3.12/site-packages/airflow/example_dags/example_complex.py for tasks to queue
[2025-06-05T19:43:52.354+0200] {logging_mixin.py:188} INFO - [2025-06-05T19:43:52.353+0200] {dagbag.py:540} INFO - Filling up the DagBag from /home/leoja/airflow/airflow_venv/lib/python3.12/site-packages/airflow/example_dags/example_complex.py
[2025-06-05T19:43:52.360+0200] {processor.py:840} INFO - DAG(s) 'example_complex' retrieved from /home/leoja/airflow/airflow_venv/lib/python3.12/site-packages/airflow/example_dags/example_complex.py
[2025-06-05T19:43:52.376+0200] {logging_mixin.py:188} INFO - [2025-06-05T19:43:52.376+0200] {dag.py:3096} INFO - Sync 1 DAGs
[2025-06-05T19:43:52.384+0200] {logging_mixin.py:188} INFO - [2025-06-05T19:43:52.383+0200] {dag.py:3954} INFO - Setting next_dagrun for example_complex to None, run_after=None
[2025-06-05T19:43:52.403+0200] {processor.py:183} INFO - Processing /home/leoja/airflow/airflow_venv/lib/python3.12/site-packages/airflow/example_dags/example_complex.py took 0.059 seconds
