[2025-06-05T07:53:40.493+0200] {processor.py:161} INFO - Started process (PID=531177) to work on /home/leoja/airflow/airflow_venv/lib/python3.12/site-packages/airflow/example_dags/tutorial_objectstorage.py
[2025-06-05T07:53:40.493+0200] {processor.py:830} INFO - Processing file /home/leoja/airflow/airflow_venv/lib/python3.12/site-packages/airflow/example_dags/tutorial_objectstorage.py for tasks to queue
[2025-06-05T07:53:40.495+0200] {logging_mixin.py:188} INFO - [2025-06-05T07:53:40.494+0200] {dagbag.py:540} INFO - Filling up the DagBag from /home/leoja/airflow/airflow_venv/lib/python3.12/site-packages/airflow/example_dags/tutorial_objectstorage.py
[2025-06-05T07:53:40.503+0200] {processor.py:840} INFO - DAG(s) 'tutorial_objectstorage' retrieved from /home/leoja/airflow/airflow_venv/lib/python3.12/site-packages/airflow/example_dags/tutorial_objectstorage.py
[2025-06-05T07:53:40.525+0200] {logging_mixin.py:188} INFO - [2025-06-05T07:53:40.524+0200] {dag.py:3096} INFO - Sync 1 DAGs
[2025-06-05T07:53:40.541+0200] {logging_mixin.py:188} INFO - [2025-06-05T07:53:40.541+0200] {dag.py:3954} INFO - Setting next_dagrun for tutorial_objectstorage to None, run_after=None
[2025-06-05T07:53:40.579+0200] {processor.py:183} INFO - Processing /home/leoja/airflow/airflow_venv/lib/python3.12/site-packages/airflow/example_dags/tutorial_objectstorage.py took 0.096 seconds
[2025-06-05T07:54:31.957+0200] {processor.py:161} INFO - Started process (PID=531423) to work on /home/leoja/airflow/airflow_venv/lib/python3.12/site-packages/airflow/example_dags/tutorial_objectstorage.py
[2025-06-05T07:54:31.959+0200] {processor.py:830} INFO - Processing file /home/leoja/airflow/airflow_venv/lib/python3.12/site-packages/airflow/example_dags/tutorial_objectstorage.py for tasks to queue
[2025-06-05T07:54:31.961+0200] {logging_mixin.py:188} INFO - [2025-06-05T07:54:31.960+0200] {dagbag.py:540} INFO - Filling up the DagBag from /home/leoja/airflow/airflow_venv/lib/python3.12/site-packages/airflow/example_dags/tutorial_objectstorage.py
[2025-06-05T07:54:31.966+0200] {processor.py:840} INFO - DAG(s) 'tutorial_objectstorage' retrieved from /home/leoja/airflow/airflow_venv/lib/python3.12/site-packages/airflow/example_dags/tutorial_objectstorage.py
[2025-06-05T07:54:31.978+0200] {logging_mixin.py:188} INFO - [2025-06-05T07:54:31.978+0200] {dag.py:3096} INFO - Sync 1 DAGs
[2025-06-05T07:54:31.986+0200] {logging_mixin.py:188} INFO - [2025-06-05T07:54:31.986+0200] {dag.py:3954} INFO - Setting next_dagrun for tutorial_objectstorage to None, run_after=None
[2025-06-05T07:54:32.006+0200] {processor.py:183} INFO - Processing /home/leoja/airflow/airflow_venv/lib/python3.12/site-packages/airflow/example_dags/tutorial_objectstorage.py took 0.055 seconds
[2025-06-05T07:55:34.113+0200] {processor.py:161} INFO - Started process (PID=531644) to work on /home/leoja/airflow/airflow_venv/lib/python3.12/site-packages/airflow/example_dags/tutorial_objectstorage.py
[2025-06-05T07:55:34.116+0200] {processor.py:830} INFO - Processing file /home/leoja/airflow/airflow_venv/lib/python3.12/site-packages/airflow/example_dags/tutorial_objectstorage.py for tasks to queue
[2025-06-05T07:55:34.118+0200] {logging_mixin.py:188} INFO - [2025-06-05T07:55:34.118+0200] {dagbag.py:540} INFO - Filling up the DagBag from /home/leoja/airflow/airflow_venv/lib/python3.12/site-packages/airflow/example_dags/tutorial_objectstorage.py
[2025-06-05T07:55:34.123+0200] {processor.py:840} INFO - DAG(s) 'tutorial_objectstorage' retrieved from /home/leoja/airflow/airflow_venv/lib/python3.12/site-packages/airflow/example_dags/tutorial_objectstorage.py
[2025-06-05T07:55:34.134+0200] {logging_mixin.py:188} INFO - [2025-06-05T07:55:34.134+0200] {dag.py:3096} INFO - Sync 1 DAGs
[2025-06-05T07:55:34.144+0200] {logging_mixin.py:188} INFO - [2025-06-05T07:55:34.144+0200] {dag.py:3954} INFO - Setting next_dagrun for tutorial_objectstorage to None, run_after=None
[2025-06-05T07:55:34.162+0200] {processor.py:183} INFO - Processing /home/leoja/airflow/airflow_venv/lib/python3.12/site-packages/airflow/example_dags/tutorial_objectstorage.py took 0.054 seconds
[2025-06-05T07:56:25.163+0200] {processor.py:161} INFO - Started process (PID=531822) to work on /home/leoja/airflow/airflow_venv/lib/python3.12/site-packages/airflow/example_dags/tutorial_objectstorage.py
[2025-06-05T07:56:25.166+0200] {processor.py:830} INFO - Processing file /home/leoja/airflow/airflow_venv/lib/python3.12/site-packages/airflow/example_dags/tutorial_objectstorage.py for tasks to queue
[2025-06-05T07:56:25.167+0200] {logging_mixin.py:188} INFO - [2025-06-05T07:56:25.167+0200] {dagbag.py:540} INFO - Filling up the DagBag from /home/leoja/airflow/airflow_venv/lib/python3.12/site-packages/airflow/example_dags/tutorial_objectstorage.py
[2025-06-05T07:56:25.172+0200] {processor.py:840} INFO - DAG(s) 'tutorial_objectstorage' retrieved from /home/leoja/airflow/airflow_venv/lib/python3.12/site-packages/airflow/example_dags/tutorial_objectstorage.py
[2025-06-05T07:56:25.183+0200] {logging_mixin.py:188} INFO - [2025-06-05T07:56:25.183+0200] {dag.py:3096} INFO - Sync 1 DAGs
[2025-06-05T07:56:25.190+0200] {logging_mixin.py:188} INFO - [2025-06-05T07:56:25.190+0200] {dag.py:3954} INFO - Setting next_dagrun for tutorial_objectstorage to None, run_after=None
[2025-06-05T07:56:25.209+0200] {processor.py:183} INFO - Processing /home/leoja/airflow/airflow_venv/lib/python3.12/site-packages/airflow/example_dags/tutorial_objectstorage.py took 0.053 seconds
[2025-06-05T07:57:27.008+0200] {processor.py:161} INFO - Started process (PID=532035) to work on /home/leoja/airflow/airflow_venv/lib/python3.12/site-packages/airflow/example_dags/tutorial_objectstorage.py
[2025-06-05T07:57:27.012+0200] {processor.py:830} INFO - Processing file /home/leoja/airflow/airflow_venv/lib/python3.12/site-packages/airflow/example_dags/tutorial_objectstorage.py for tasks to queue
[2025-06-05T07:57:27.013+0200] {logging_mixin.py:188} INFO - [2025-06-05T07:57:27.013+0200] {dagbag.py:540} INFO - Filling up the DagBag from /home/leoja/airflow/airflow_venv/lib/python3.12/site-packages/airflow/example_dags/tutorial_objectstorage.py
[2025-06-05T07:57:27.019+0200] {processor.py:840} INFO - DAG(s) 'tutorial_objectstorage' retrieved from /home/leoja/airflow/airflow_venv/lib/python3.12/site-packages/airflow/example_dags/tutorial_objectstorage.py
[2025-06-05T07:57:27.030+0200] {logging_mixin.py:188} INFO - [2025-06-05T07:57:27.030+0200] {dag.py:3096} INFO - Sync 1 DAGs
[2025-06-05T07:57:27.039+0200] {logging_mixin.py:188} INFO - [2025-06-05T07:57:27.039+0200] {dag.py:3954} INFO - Setting next_dagrun for tutorial_objectstorage to None, run_after=None
[2025-06-05T07:57:27.060+0200] {processor.py:183} INFO - Processing /home/leoja/airflow/airflow_venv/lib/python3.12/site-packages/airflow/example_dags/tutorial_objectstorage.py took 0.057 seconds
[2025-06-05T07:58:31.076+0200] {processor.py:161} INFO - Started process (PID=532278) to work on /home/leoja/airflow/airflow_venv/lib/python3.12/site-packages/airflow/example_dags/tutorial_objectstorage.py
[2025-06-05T07:58:31.077+0200] {processor.py:830} INFO - Processing file /home/leoja/airflow/airflow_venv/lib/python3.12/site-packages/airflow/example_dags/tutorial_objectstorage.py for tasks to queue
[2025-06-05T07:58:31.079+0200] {logging_mixin.py:188} INFO - [2025-06-05T07:58:31.078+0200] {dagbag.py:540} INFO - Filling up the DagBag from /home/leoja/airflow/airflow_venv/lib/python3.12/site-packages/airflow/example_dags/tutorial_objectstorage.py
[2025-06-05T07:58:31.084+0200] {processor.py:840} INFO - DAG(s) 'tutorial_objectstorage' retrieved from /home/leoja/airflow/airflow_venv/lib/python3.12/site-packages/airflow/example_dags/tutorial_objectstorage.py
[2025-06-05T07:58:31.095+0200] {logging_mixin.py:188} INFO - [2025-06-05T07:58:31.095+0200] {dag.py:3096} INFO - Sync 1 DAGs
[2025-06-05T07:58:31.103+0200] {logging_mixin.py:188} INFO - [2025-06-05T07:58:31.103+0200] {dag.py:3954} INFO - Setting next_dagrun for tutorial_objectstorage to None, run_after=None
[2025-06-05T07:58:31.122+0200] {processor.py:183} INFO - Processing /home/leoja/airflow/airflow_venv/lib/python3.12/site-packages/airflow/example_dags/tutorial_objectstorage.py took 0.051 seconds
[2025-06-05T18:44:36.554+0200] {processor.py:161} INFO - Started process (PID=533578) to work on /home/leoja/airflow/airflow_venv/lib/python3.12/site-packages/airflow/example_dags/tutorial_objectstorage.py
[2025-06-05T18:44:36.556+0200] {processor.py:830} INFO - Processing file /home/leoja/airflow/airflow_venv/lib/python3.12/site-packages/airflow/example_dags/tutorial_objectstorage.py for tasks to queue
[2025-06-05T18:44:36.557+0200] {logging_mixin.py:188} INFO - [2025-06-05T18:44:36.557+0200] {dagbag.py:540} INFO - Filling up the DagBag from /home/leoja/airflow/airflow_venv/lib/python3.12/site-packages/airflow/example_dags/tutorial_objectstorage.py
[2025-06-05T18:44:36.562+0200] {processor.py:840} INFO - DAG(s) 'tutorial_objectstorage' retrieved from /home/leoja/airflow/airflow_venv/lib/python3.12/site-packages/airflow/example_dags/tutorial_objectstorage.py
[2025-06-05T18:44:36.574+0200] {logging_mixin.py:188} INFO - [2025-06-05T18:44:36.573+0200] {dag.py:3096} INFO - Sync 1 DAGs
[2025-06-05T18:44:36.581+0200] {logging_mixin.py:188} INFO - [2025-06-05T18:44:36.581+0200] {dag.py:3954} INFO - Setting next_dagrun for tutorial_objectstorage to None, run_after=None
[2025-06-05T18:44:36.600+0200] {processor.py:183} INFO - Processing /home/leoja/airflow/airflow_venv/lib/python3.12/site-packages/airflow/example_dags/tutorial_objectstorage.py took 0.052 seconds
[2025-06-05T18:45:29.227+0200] {processor.py:161} INFO - Started process (PID=533907) to work on /home/leoja/airflow/airflow_venv/lib/python3.12/site-packages/airflow/example_dags/tutorial_objectstorage.py
[2025-06-05T18:45:29.228+0200] {processor.py:830} INFO - Processing file /home/leoja/airflow/airflow_venv/lib/python3.12/site-packages/airflow/example_dags/tutorial_objectstorage.py for tasks to queue
[2025-06-05T18:45:29.230+0200] {logging_mixin.py:188} INFO - [2025-06-05T18:45:29.230+0200] {dagbag.py:540} INFO - Filling up the DagBag from /home/leoja/airflow/airflow_venv/lib/python3.12/site-packages/airflow/example_dags/tutorial_objectstorage.py
[2025-06-05T18:45:29.238+0200] {processor.py:840} INFO - DAG(s) 'tutorial_objectstorage' retrieved from /home/leoja/airflow/airflow_venv/lib/python3.12/site-packages/airflow/example_dags/tutorial_objectstorage.py
[2025-06-05T18:45:29.250+0200] {logging_mixin.py:188} INFO - [2025-06-05T18:45:29.249+0200] {dag.py:3096} INFO - Sync 1 DAGs
[2025-06-05T18:45:29.257+0200] {logging_mixin.py:188} INFO - [2025-06-05T18:45:29.257+0200] {dag.py:3954} INFO - Setting next_dagrun for tutorial_objectstorage to None, run_after=None
[2025-06-05T18:45:29.275+0200] {processor.py:183} INFO - Processing /home/leoja/airflow/airflow_venv/lib/python3.12/site-packages/airflow/example_dags/tutorial_objectstorage.py took 0.057 seconds
[2025-06-05T18:46:31.659+0200] {processor.py:161} INFO - Started process (PID=534275) to work on /home/leoja/airflow/airflow_venv/lib/python3.12/site-packages/airflow/example_dags/tutorial_objectstorage.py
[2025-06-05T18:46:31.661+0200] {processor.py:830} INFO - Processing file /home/leoja/airflow/airflow_venv/lib/python3.12/site-packages/airflow/example_dags/tutorial_objectstorage.py for tasks to queue
[2025-06-05T18:46:31.662+0200] {logging_mixin.py:188} INFO - [2025-06-05T18:46:31.662+0200] {dagbag.py:540} INFO - Filling up the DagBag from /home/leoja/airflow/airflow_venv/lib/python3.12/site-packages/airflow/example_dags/tutorial_objectstorage.py
[2025-06-05T18:46:31.668+0200] {processor.py:840} INFO - DAG(s) 'tutorial_objectstorage' retrieved from /home/leoja/airflow/airflow_venv/lib/python3.12/site-packages/airflow/example_dags/tutorial_objectstorage.py
[2025-06-05T18:46:31.682+0200] {logging_mixin.py:188} INFO - [2025-06-05T18:46:31.682+0200] {dag.py:3096} INFO - Sync 1 DAGs
[2025-06-05T18:46:31.692+0200] {logging_mixin.py:188} INFO - [2025-06-05T18:46:31.692+0200] {dag.py:3954} INFO - Setting next_dagrun for tutorial_objectstorage to None, run_after=None
[2025-06-05T18:46:31.714+0200] {processor.py:183} INFO - Processing /home/leoja/airflow/airflow_venv/lib/python3.12/site-packages/airflow/example_dags/tutorial_objectstorage.py took 0.062 seconds
[2025-06-05T18:47:38.388+0200] {processor.py:161} INFO - Started process (PID=534596) to work on /home/leoja/airflow/airflow_venv/lib/python3.12/site-packages/airflow/example_dags/tutorial_objectstorage.py
[2025-06-05T18:47:38.390+0200] {processor.py:830} INFO - Processing file /home/leoja/airflow/airflow_venv/lib/python3.12/site-packages/airflow/example_dags/tutorial_objectstorage.py for tasks to queue
[2025-06-05T18:47:38.391+0200] {logging_mixin.py:188} INFO - [2025-06-05T18:47:38.391+0200] {dagbag.py:540} INFO - Filling up the DagBag from /home/leoja/airflow/airflow_venv/lib/python3.12/site-packages/airflow/example_dags/tutorial_objectstorage.py
[2025-06-05T18:47:38.397+0200] {processor.py:840} INFO - DAG(s) 'tutorial_objectstorage' retrieved from /home/leoja/airflow/airflow_venv/lib/python3.12/site-packages/airflow/example_dags/tutorial_objectstorage.py
[2025-06-05T18:47:38.408+0200] {logging_mixin.py:188} INFO - [2025-06-05T18:47:38.408+0200] {dag.py:3096} INFO - Sync 1 DAGs
[2025-06-05T18:47:38.416+0200] {logging_mixin.py:188} INFO - [2025-06-05T18:47:38.416+0200] {dag.py:3954} INFO - Setting next_dagrun for tutorial_objectstorage to None, run_after=None
[2025-06-05T18:47:38.435+0200] {processor.py:183} INFO - Processing /home/leoja/airflow/airflow_venv/lib/python3.12/site-packages/airflow/example_dags/tutorial_objectstorage.py took 0.052 seconds
[2025-06-05T18:48:30.660+0200] {processor.py:161} INFO - Started process (PID=535083) to work on /home/leoja/airflow/airflow_venv/lib/python3.12/site-packages/airflow/example_dags/tutorial_objectstorage.py
[2025-06-05T18:48:30.662+0200] {processor.py:830} INFO - Processing file /home/leoja/airflow/airflow_venv/lib/python3.12/site-packages/airflow/example_dags/tutorial_objectstorage.py for tasks to queue
[2025-06-05T18:48:30.664+0200] {logging_mixin.py:188} INFO - [2025-06-05T18:48:30.664+0200] {dagbag.py:540} INFO - Filling up the DagBag from /home/leoja/airflow/airflow_venv/lib/python3.12/site-packages/airflow/example_dags/tutorial_objectstorage.py
[2025-06-05T18:48:30.669+0200] {processor.py:840} INFO - DAG(s) 'tutorial_objectstorage' retrieved from /home/leoja/airflow/airflow_venv/lib/python3.12/site-packages/airflow/example_dags/tutorial_objectstorage.py
[2025-06-05T18:48:30.680+0200] {logging_mixin.py:188} INFO - [2025-06-05T18:48:30.680+0200] {dag.py:3096} INFO - Sync 1 DAGs
[2025-06-05T18:48:30.687+0200] {logging_mixin.py:188} INFO - [2025-06-05T18:48:30.687+0200] {dag.py:3954} INFO - Setting next_dagrun for tutorial_objectstorage to None, run_after=None
[2025-06-05T18:48:30.707+0200] {processor.py:183} INFO - Processing /home/leoja/airflow/airflow_venv/lib/python3.12/site-packages/airflow/example_dags/tutorial_objectstorage.py took 0.053 seconds
[2025-06-05T18:49:29.634+0200] {processor.py:161} INFO - Started process (PID=535341) to work on /home/leoja/airflow/airflow_venv/lib/python3.12/site-packages/airflow/example_dags/tutorial_objectstorage.py
[2025-06-05T18:49:29.635+0200] {processor.py:830} INFO - Processing file /home/leoja/airflow/airflow_venv/lib/python3.12/site-packages/airflow/example_dags/tutorial_objectstorage.py for tasks to queue
[2025-06-05T18:49:29.637+0200] {logging_mixin.py:188} INFO - [2025-06-05T18:49:29.637+0200] {dagbag.py:540} INFO - Filling up the DagBag from /home/leoja/airflow/airflow_venv/lib/python3.12/site-packages/airflow/example_dags/tutorial_objectstorage.py
[2025-06-05T18:49:29.643+0200] {processor.py:840} INFO - DAG(s) 'tutorial_objectstorage' retrieved from /home/leoja/airflow/airflow_venv/lib/python3.12/site-packages/airflow/example_dags/tutorial_objectstorage.py
[2025-06-05T18:49:29.654+0200] {logging_mixin.py:188} INFO - [2025-06-05T18:49:29.653+0200] {dag.py:3096} INFO - Sync 1 DAGs
[2025-06-05T18:49:29.661+0200] {logging_mixin.py:188} INFO - [2025-06-05T18:49:29.661+0200] {dag.py:3954} INFO - Setting next_dagrun for tutorial_objectstorage to None, run_after=None
[2025-06-05T18:49:29.684+0200] {processor.py:183} INFO - Processing /home/leoja/airflow/airflow_venv/lib/python3.12/site-packages/airflow/example_dags/tutorial_objectstorage.py took 0.056 seconds
[2025-06-05T18:50:46.712+0200] {processor.py:161} INFO - Started process (PID=536205) to work on /home/leoja/airflow/airflow_venv/lib/python3.12/site-packages/airflow/example_dags/tutorial_objectstorage.py
[2025-06-05T18:50:46.713+0200] {processor.py:830} INFO - Processing file /home/leoja/airflow/airflow_venv/lib/python3.12/site-packages/airflow/example_dags/tutorial_objectstorage.py for tasks to queue
[2025-06-05T18:50:46.715+0200] {logging_mixin.py:188} INFO - [2025-06-05T18:50:46.714+0200] {dagbag.py:540} INFO - Filling up the DagBag from /home/leoja/airflow/airflow_venv/lib/python3.12/site-packages/airflow/example_dags/tutorial_objectstorage.py
[2025-06-05T18:50:46.721+0200] {processor.py:840} INFO - DAG(s) 'tutorial_objectstorage' retrieved from /home/leoja/airflow/airflow_venv/lib/python3.12/site-packages/airflow/example_dags/tutorial_objectstorage.py
[2025-06-05T18:50:46.733+0200] {logging_mixin.py:188} INFO - [2025-06-05T18:50:46.733+0200] {dag.py:3096} INFO - Sync 1 DAGs
[2025-06-05T18:50:46.742+0200] {logging_mixin.py:188} INFO - [2025-06-05T18:50:46.742+0200] {dag.py:3954} INFO - Setting next_dagrun for tutorial_objectstorage to None, run_after=None
[2025-06-05T18:50:46.762+0200] {processor.py:183} INFO - Processing /home/leoja/airflow/airflow_venv/lib/python3.12/site-packages/airflow/example_dags/tutorial_objectstorage.py took 0.056 seconds
[2025-06-05T18:51:42.807+0200] {processor.py:161} INFO - Started process (PID=536604) to work on /home/leoja/airflow/airflow_venv/lib/python3.12/site-packages/airflow/example_dags/tutorial_objectstorage.py
[2025-06-05T18:51:42.808+0200] {processor.py:830} INFO - Processing file /home/leoja/airflow/airflow_venv/lib/python3.12/site-packages/airflow/example_dags/tutorial_objectstorage.py for tasks to queue
[2025-06-05T18:51:42.810+0200] {logging_mixin.py:188} INFO - [2025-06-05T18:51:42.810+0200] {dagbag.py:540} INFO - Filling up the DagBag from /home/leoja/airflow/airflow_venv/lib/python3.12/site-packages/airflow/example_dags/tutorial_objectstorage.py
[2025-06-05T18:51:42.818+0200] {processor.py:840} INFO - DAG(s) 'tutorial_objectstorage' retrieved from /home/leoja/airflow/airflow_venv/lib/python3.12/site-packages/airflow/example_dags/tutorial_objectstorage.py
[2025-06-05T18:51:42.832+0200] {logging_mixin.py:188} INFO - [2025-06-05T18:51:42.832+0200] {dag.py:3096} INFO - Sync 1 DAGs
[2025-06-05T18:51:42.842+0200] {logging_mixin.py:188} INFO - [2025-06-05T18:51:42.842+0200] {dag.py:3954} INFO - Setting next_dagrun for tutorial_objectstorage to None, run_after=None
[2025-06-05T18:51:42.871+0200] {processor.py:183} INFO - Processing /home/leoja/airflow/airflow_venv/lib/python3.12/site-packages/airflow/example_dags/tutorial_objectstorage.py took 0.071 seconds
[2025-06-05T18:52:43.939+0200] {processor.py:161} INFO - Started process (PID=537152) to work on /home/leoja/airflow/airflow_venv/lib/python3.12/site-packages/airflow/example_dags/tutorial_objectstorage.py
[2025-06-05T18:52:43.941+0200] {processor.py:830} INFO - Processing file /home/leoja/airflow/airflow_venv/lib/python3.12/site-packages/airflow/example_dags/tutorial_objectstorage.py for tasks to queue
[2025-06-05T18:52:43.942+0200] {logging_mixin.py:188} INFO - [2025-06-05T18:52:43.942+0200] {dagbag.py:540} INFO - Filling up the DagBag from /home/leoja/airflow/airflow_venv/lib/python3.12/site-packages/airflow/example_dags/tutorial_objectstorage.py
[2025-06-05T18:52:43.950+0200] {processor.py:840} INFO - DAG(s) 'tutorial_objectstorage' retrieved from /home/leoja/airflow/airflow_venv/lib/python3.12/site-packages/airflow/example_dags/tutorial_objectstorage.py
[2025-06-05T18:52:43.964+0200] {logging_mixin.py:188} INFO - [2025-06-05T18:52:43.963+0200] {dag.py:3096} INFO - Sync 1 DAGs
[2025-06-05T18:52:43.974+0200] {logging_mixin.py:188} INFO - [2025-06-05T18:52:43.974+0200] {dag.py:3954} INFO - Setting next_dagrun for tutorial_objectstorage to None, run_after=None
[2025-06-05T18:52:43.996+0200] {processor.py:183} INFO - Processing /home/leoja/airflow/airflow_venv/lib/python3.12/site-packages/airflow/example_dags/tutorial_objectstorage.py took 0.063 seconds
[2025-06-05T18:54:17.670+0200] {processor.py:161} INFO - Started process (PID=538252) to work on /home/leoja/airflow/airflow_venv/lib/python3.12/site-packages/airflow/example_dags/tutorial_objectstorage.py
[2025-06-05T18:54:17.672+0200] {processor.py:830} INFO - Processing file /home/leoja/airflow/airflow_venv/lib/python3.12/site-packages/airflow/example_dags/tutorial_objectstorage.py for tasks to queue
[2025-06-05T18:54:17.675+0200] {logging_mixin.py:188} INFO - [2025-06-05T18:54:17.675+0200] {dagbag.py:540} INFO - Filling up the DagBag from /home/leoja/airflow/airflow_venv/lib/python3.12/site-packages/airflow/example_dags/tutorial_objectstorage.py
[2025-06-05T18:54:17.684+0200] {processor.py:840} INFO - DAG(s) 'tutorial_objectstorage' retrieved from /home/leoja/airflow/airflow_venv/lib/python3.12/site-packages/airflow/example_dags/tutorial_objectstorage.py
[2025-06-05T18:54:17.702+0200] {logging_mixin.py:188} INFO - [2025-06-05T18:54:17.702+0200] {dag.py:3096} INFO - Sync 1 DAGs
[2025-06-05T18:54:17.715+0200] {logging_mixin.py:188} INFO - [2025-06-05T18:54:17.715+0200] {dag.py:3954} INFO - Setting next_dagrun for tutorial_objectstorage to None, run_after=None
[2025-06-05T18:54:17.738+0200] {processor.py:183} INFO - Processing /home/leoja/airflow/airflow_venv/lib/python3.12/site-packages/airflow/example_dags/tutorial_objectstorage.py took 0.075 seconds
[2025-06-05T18:55:13.717+0200] {processor.py:161} INFO - Started process (PID=538641) to work on /home/leoja/airflow/airflow_venv/lib/python3.12/site-packages/airflow/example_dags/tutorial_objectstorage.py
[2025-06-05T18:55:13.719+0200] {processor.py:830} INFO - Processing file /home/leoja/airflow/airflow_venv/lib/python3.12/site-packages/airflow/example_dags/tutorial_objectstorage.py for tasks to queue
[2025-06-05T18:55:13.721+0200] {logging_mixin.py:188} INFO - [2025-06-05T18:55:13.720+0200] {dagbag.py:540} INFO - Filling up the DagBag from /home/leoja/airflow/airflow_venv/lib/python3.12/site-packages/airflow/example_dags/tutorial_objectstorage.py
[2025-06-05T18:55:13.727+0200] {processor.py:840} INFO - DAG(s) 'tutorial_objectstorage' retrieved from /home/leoja/airflow/airflow_venv/lib/python3.12/site-packages/airflow/example_dags/tutorial_objectstorage.py
[2025-06-05T18:55:13.740+0200] {logging_mixin.py:188} INFO - [2025-06-05T18:55:13.740+0200] {dag.py:3096} INFO - Sync 1 DAGs
[2025-06-05T18:55:13.750+0200] {logging_mixin.py:188} INFO - [2025-06-05T18:55:13.750+0200] {dag.py:3954} INFO - Setting next_dagrun for tutorial_objectstorage to None, run_after=None
[2025-06-05T18:55:13.772+0200] {processor.py:183} INFO - Processing /home/leoja/airflow/airflow_venv/lib/python3.12/site-packages/airflow/example_dags/tutorial_objectstorage.py took 0.061 seconds
[2025-06-05T18:56:17.708+0200] {processor.py:161} INFO - Started process (PID=539006) to work on /home/leoja/airflow/airflow_venv/lib/python3.12/site-packages/airflow/example_dags/tutorial_objectstorage.py
[2025-06-05T18:56:17.710+0200] {processor.py:830} INFO - Processing file /home/leoja/airflow/airflow_venv/lib/python3.12/site-packages/airflow/example_dags/tutorial_objectstorage.py for tasks to queue
[2025-06-05T18:56:17.711+0200] {logging_mixin.py:188} INFO - [2025-06-05T18:56:17.711+0200] {dagbag.py:540} INFO - Filling up the DagBag from /home/leoja/airflow/airflow_venv/lib/python3.12/site-packages/airflow/example_dags/tutorial_objectstorage.py
[2025-06-05T18:56:17.719+0200] {processor.py:840} INFO - DAG(s) 'tutorial_objectstorage' retrieved from /home/leoja/airflow/airflow_venv/lib/python3.12/site-packages/airflow/example_dags/tutorial_objectstorage.py
[2025-06-05T18:56:17.730+0200] {logging_mixin.py:188} INFO - [2025-06-05T18:56:17.730+0200] {dag.py:3096} INFO - Sync 1 DAGs
[2025-06-05T18:56:17.739+0200] {logging_mixin.py:188} INFO - [2025-06-05T18:56:17.739+0200] {dag.py:3954} INFO - Setting next_dagrun for tutorial_objectstorage to None, run_after=None
[2025-06-05T18:56:17.759+0200] {processor.py:183} INFO - Processing /home/leoja/airflow/airflow_venv/lib/python3.12/site-packages/airflow/example_dags/tutorial_objectstorage.py took 0.057 seconds
[2025-06-05T18:57:20.910+0200] {processor.py:161} INFO - Started process (PID=539398) to work on /home/leoja/airflow/airflow_venv/lib/python3.12/site-packages/airflow/example_dags/tutorial_objectstorage.py
[2025-06-05T18:57:20.911+0200] {processor.py:830} INFO - Processing file /home/leoja/airflow/airflow_venv/lib/python3.12/site-packages/airflow/example_dags/tutorial_objectstorage.py for tasks to queue
[2025-06-05T18:57:20.913+0200] {logging_mixin.py:188} INFO - [2025-06-05T18:57:20.912+0200] {dagbag.py:540} INFO - Filling up the DagBag from /home/leoja/airflow/airflow_venv/lib/python3.12/site-packages/airflow/example_dags/tutorial_objectstorage.py
[2025-06-05T18:57:20.920+0200] {processor.py:840} INFO - DAG(s) 'tutorial_objectstorage' retrieved from /home/leoja/airflow/airflow_venv/lib/python3.12/site-packages/airflow/example_dags/tutorial_objectstorage.py
[2025-06-05T18:57:20.937+0200] {logging_mixin.py:188} INFO - [2025-06-05T18:57:20.936+0200] {dag.py:3096} INFO - Sync 1 DAGs
[2025-06-05T18:57:20.950+0200] {logging_mixin.py:188} INFO - [2025-06-05T18:57:20.950+0200] {dag.py:3954} INFO - Setting next_dagrun for tutorial_objectstorage to None, run_after=None
[2025-06-05T18:57:20.979+0200] {processor.py:183} INFO - Processing /home/leoja/airflow/airflow_venv/lib/python3.12/site-packages/airflow/example_dags/tutorial_objectstorage.py took 0.076 seconds
[2025-06-05T18:58:26.088+0200] {processor.py:161} INFO - Started process (PID=539890) to work on /home/leoja/airflow/airflow_venv/lib/python3.12/site-packages/airflow/example_dags/tutorial_objectstorage.py
[2025-06-05T18:58:26.091+0200] {processor.py:830} INFO - Processing file /home/leoja/airflow/airflow_venv/lib/python3.12/site-packages/airflow/example_dags/tutorial_objectstorage.py for tasks to queue
[2025-06-05T18:58:26.093+0200] {logging_mixin.py:188} INFO - [2025-06-05T18:58:26.092+0200] {dagbag.py:540} INFO - Filling up the DagBag from /home/leoja/airflow/airflow_venv/lib/python3.12/site-packages/airflow/example_dags/tutorial_objectstorage.py
[2025-06-05T18:58:26.100+0200] {processor.py:840} INFO - DAG(s) 'tutorial_objectstorage' retrieved from /home/leoja/airflow/airflow_venv/lib/python3.12/site-packages/airflow/example_dags/tutorial_objectstorage.py
[2025-06-05T18:58:26.113+0200] {logging_mixin.py:188} INFO - [2025-06-05T18:58:26.113+0200] {dag.py:3096} INFO - Sync 1 DAGs
[2025-06-05T18:58:26.124+0200] {logging_mixin.py:188} INFO - [2025-06-05T18:58:26.123+0200] {dag.py:3954} INFO - Setting next_dagrun for tutorial_objectstorage to None, run_after=None
[2025-06-05T18:58:26.145+0200] {processor.py:183} INFO - Processing /home/leoja/airflow/airflow_venv/lib/python3.12/site-packages/airflow/example_dags/tutorial_objectstorage.py took 0.063 seconds
[2025-06-05T18:59:28.895+0200] {processor.py:161} INFO - Started process (PID=540273) to work on /home/leoja/airflow/airflow_venv/lib/python3.12/site-packages/airflow/example_dags/tutorial_objectstorage.py
[2025-06-05T18:59:28.897+0200] {processor.py:830} INFO - Processing file /home/leoja/airflow/airflow_venv/lib/python3.12/site-packages/airflow/example_dags/tutorial_objectstorage.py for tasks to queue
[2025-06-05T18:59:28.899+0200] {logging_mixin.py:188} INFO - [2025-06-05T18:59:28.898+0200] {dagbag.py:540} INFO - Filling up the DagBag from /home/leoja/airflow/airflow_venv/lib/python3.12/site-packages/airflow/example_dags/tutorial_objectstorage.py
[2025-06-05T18:59:28.905+0200] {processor.py:840} INFO - DAG(s) 'tutorial_objectstorage' retrieved from /home/leoja/airflow/airflow_venv/lib/python3.12/site-packages/airflow/example_dags/tutorial_objectstorage.py
[2025-06-05T18:59:28.917+0200] {logging_mixin.py:188} INFO - [2025-06-05T18:59:28.917+0200] {dag.py:3096} INFO - Sync 1 DAGs
[2025-06-05T18:59:28.926+0200] {logging_mixin.py:188} INFO - [2025-06-05T18:59:28.926+0200] {dag.py:3954} INFO - Setting next_dagrun for tutorial_objectstorage to None, run_after=None
[2025-06-05T18:59:28.953+0200] {processor.py:183} INFO - Processing /home/leoja/airflow/airflow_venv/lib/python3.12/site-packages/airflow/example_dags/tutorial_objectstorage.py took 0.076 seconds
[2025-06-05T19:00:31.900+0200] {processor.py:161} INFO - Started process (PID=540615) to work on /home/leoja/airflow/airflow_venv/lib/python3.12/site-packages/airflow/example_dags/tutorial_objectstorage.py
[2025-06-05T19:00:31.902+0200] {processor.py:830} INFO - Processing file /home/leoja/airflow/airflow_venv/lib/python3.12/site-packages/airflow/example_dags/tutorial_objectstorage.py for tasks to queue
[2025-06-05T19:00:31.903+0200] {logging_mixin.py:188} INFO - [2025-06-05T19:00:31.903+0200] {dagbag.py:540} INFO - Filling up the DagBag from /home/leoja/airflow/airflow_venv/lib/python3.12/site-packages/airflow/example_dags/tutorial_objectstorage.py
[2025-06-05T19:00:31.909+0200] {processor.py:840} INFO - DAG(s) 'tutorial_objectstorage' retrieved from /home/leoja/airflow/airflow_venv/lib/python3.12/site-packages/airflow/example_dags/tutorial_objectstorage.py
[2025-06-05T19:00:31.920+0200] {logging_mixin.py:188} INFO - [2025-06-05T19:00:31.920+0200] {dag.py:3096} INFO - Sync 1 DAGs
[2025-06-05T19:00:31.930+0200] {logging_mixin.py:188} INFO - [2025-06-05T19:00:31.929+0200] {dag.py:3954} INFO - Setting next_dagrun for tutorial_objectstorage to None, run_after=None
[2025-06-05T19:00:31.951+0200] {processor.py:183} INFO - Processing /home/leoja/airflow/airflow_venv/lib/python3.12/site-packages/airflow/example_dags/tutorial_objectstorage.py took 0.056 seconds
[2025-06-05T19:01:33.138+0200] {processor.py:161} INFO - Started process (PID=540963) to work on /home/leoja/airflow/airflow_venv/lib/python3.12/site-packages/airflow/example_dags/tutorial_objectstorage.py
[2025-06-05T19:01:33.140+0200] {processor.py:830} INFO - Processing file /home/leoja/airflow/airflow_venv/lib/python3.12/site-packages/airflow/example_dags/tutorial_objectstorage.py for tasks to queue
[2025-06-05T19:01:33.141+0200] {logging_mixin.py:188} INFO - [2025-06-05T19:01:33.141+0200] {dagbag.py:540} INFO - Filling up the DagBag from /home/leoja/airflow/airflow_venv/lib/python3.12/site-packages/airflow/example_dags/tutorial_objectstorage.py
[2025-06-05T19:01:33.149+0200] {processor.py:840} INFO - DAG(s) 'tutorial_objectstorage' retrieved from /home/leoja/airflow/airflow_venv/lib/python3.12/site-packages/airflow/example_dags/tutorial_objectstorage.py
[2025-06-05T19:01:33.164+0200] {logging_mixin.py:188} INFO - [2025-06-05T19:01:33.163+0200] {dag.py:3096} INFO - Sync 1 DAGs
[2025-06-05T19:01:33.173+0200] {logging_mixin.py:188} INFO - [2025-06-05T19:01:33.172+0200] {dag.py:3954} INFO - Setting next_dagrun for tutorial_objectstorage to None, run_after=None
[2025-06-05T19:01:33.194+0200] {processor.py:183} INFO - Processing /home/leoja/airflow/airflow_venv/lib/python3.12/site-packages/airflow/example_dags/tutorial_objectstorage.py took 0.064 seconds
[2025-06-05T19:02:40.064+0200] {processor.py:161} INFO - Started process (PID=541325) to work on /home/leoja/airflow/airflow_venv/lib/python3.12/site-packages/airflow/example_dags/tutorial_objectstorage.py
[2025-06-05T19:02:40.066+0200] {processor.py:830} INFO - Processing file /home/leoja/airflow/airflow_venv/lib/python3.12/site-packages/airflow/example_dags/tutorial_objectstorage.py for tasks to queue
[2025-06-05T19:02:40.068+0200] {logging_mixin.py:188} INFO - [2025-06-05T19:02:40.068+0200] {dagbag.py:540} INFO - Filling up the DagBag from /home/leoja/airflow/airflow_venv/lib/python3.12/site-packages/airflow/example_dags/tutorial_objectstorage.py
[2025-06-05T19:02:40.074+0200] {processor.py:840} INFO - DAG(s) 'tutorial_objectstorage' retrieved from /home/leoja/airflow/airflow_venv/lib/python3.12/site-packages/airflow/example_dags/tutorial_objectstorage.py
[2025-06-05T19:02:40.087+0200] {logging_mixin.py:188} INFO - [2025-06-05T19:02:40.087+0200] {dag.py:3096} INFO - Sync 1 DAGs
[2025-06-05T19:02:40.097+0200] {logging_mixin.py:188} INFO - [2025-06-05T19:02:40.096+0200] {dag.py:3954} INFO - Setting next_dagrun for tutorial_objectstorage to None, run_after=None
[2025-06-05T19:02:40.121+0200] {processor.py:183} INFO - Processing /home/leoja/airflow/airflow_venv/lib/python3.12/site-packages/airflow/example_dags/tutorial_objectstorage.py took 0.064 seconds
[2025-06-05T19:03:27.643+0200] {processor.py:161} INFO - Started process (PID=541593) to work on /home/leoja/airflow/airflow_venv/lib/python3.12/site-packages/airflow/example_dags/tutorial_objectstorage.py
[2025-06-05T19:03:27.644+0200] {processor.py:830} INFO - Processing file /home/leoja/airflow/airflow_venv/lib/python3.12/site-packages/airflow/example_dags/tutorial_objectstorage.py for tasks to queue
[2025-06-05T19:03:27.647+0200] {logging_mixin.py:188} INFO - [2025-06-05T19:03:27.646+0200] {dagbag.py:540} INFO - Filling up the DagBag from /home/leoja/airflow/airflow_venv/lib/python3.12/site-packages/airflow/example_dags/tutorial_objectstorage.py
[2025-06-05T19:03:27.654+0200] {processor.py:840} INFO - DAG(s) 'tutorial_objectstorage' retrieved from /home/leoja/airflow/airflow_venv/lib/python3.12/site-packages/airflow/example_dags/tutorial_objectstorage.py
[2025-06-05T19:03:27.668+0200] {logging_mixin.py:188} INFO - [2025-06-05T19:03:27.668+0200] {dag.py:3096} INFO - Sync 1 DAGs
[2025-06-05T19:03:27.678+0200] {logging_mixin.py:188} INFO - [2025-06-05T19:03:27.678+0200] {dag.py:3954} INFO - Setting next_dagrun for tutorial_objectstorage to None, run_after=None
[2025-06-05T19:03:27.699+0200] {processor.py:183} INFO - Processing /home/leoja/airflow/airflow_venv/lib/python3.12/site-packages/airflow/example_dags/tutorial_objectstorage.py took 0.067 seconds
[2025-06-05T19:04:35.257+0200] {processor.py:161} INFO - Started process (PID=541994) to work on /home/leoja/airflow/airflow_venv/lib/python3.12/site-packages/airflow/example_dags/tutorial_objectstorage.py
[2025-06-05T19:04:35.259+0200] {processor.py:830} INFO - Processing file /home/leoja/airflow/airflow_venv/lib/python3.12/site-packages/airflow/example_dags/tutorial_objectstorage.py for tasks to queue
[2025-06-05T19:04:35.260+0200] {logging_mixin.py:188} INFO - [2025-06-05T19:04:35.260+0200] {dagbag.py:540} INFO - Filling up the DagBag from /home/leoja/airflow/airflow_venv/lib/python3.12/site-packages/airflow/example_dags/tutorial_objectstorage.py
[2025-06-05T19:04:35.266+0200] {processor.py:840} INFO - DAG(s) 'tutorial_objectstorage' retrieved from /home/leoja/airflow/airflow_venv/lib/python3.12/site-packages/airflow/example_dags/tutorial_objectstorage.py
[2025-06-05T19:04:35.279+0200] {logging_mixin.py:188} INFO - [2025-06-05T19:04:35.278+0200] {dag.py:3096} INFO - Sync 1 DAGs
[2025-06-05T19:04:35.286+0200] {logging_mixin.py:188} INFO - [2025-06-05T19:04:35.286+0200] {dag.py:3954} INFO - Setting next_dagrun for tutorial_objectstorage to None, run_after=None
[2025-06-05T19:04:35.308+0200] {processor.py:183} INFO - Processing /home/leoja/airflow/airflow_venv/lib/python3.12/site-packages/airflow/example_dags/tutorial_objectstorage.py took 0.057 seconds
[2025-06-05T19:05:24.872+0200] {processor.py:161} INFO - Started process (PID=542266) to work on /home/leoja/airflow/airflow_venv/lib/python3.12/site-packages/airflow/example_dags/tutorial_objectstorage.py
[2025-06-05T19:05:24.874+0200] {processor.py:830} INFO - Processing file /home/leoja/airflow/airflow_venv/lib/python3.12/site-packages/airflow/example_dags/tutorial_objectstorage.py for tasks to queue
[2025-06-05T19:05:24.876+0200] {logging_mixin.py:188} INFO - [2025-06-05T19:05:24.875+0200] {dagbag.py:540} INFO - Filling up the DagBag from /home/leoja/airflow/airflow_venv/lib/python3.12/site-packages/airflow/example_dags/tutorial_objectstorage.py
[2025-06-05T19:05:24.883+0200] {processor.py:840} INFO - DAG(s) 'tutorial_objectstorage' retrieved from /home/leoja/airflow/airflow_venv/lib/python3.12/site-packages/airflow/example_dags/tutorial_objectstorage.py
[2025-06-05T19:05:24.992+0200] {logging_mixin.py:188} INFO - [2025-06-05T19:05:24.991+0200] {dag.py:3096} INFO - Sync 1 DAGs
[2025-06-05T19:05:24.998+0200] {logging_mixin.py:188} INFO - [2025-06-05T19:05:24.998+0200] {dag.py:3954} INFO - Setting next_dagrun for tutorial_objectstorage to None, run_after=None
[2025-06-05T19:05:25.019+0200] {processor.py:183} INFO - Processing /home/leoja/airflow/airflow_venv/lib/python3.12/site-packages/airflow/example_dags/tutorial_objectstorage.py took 0.155 seconds
[2025-06-05T19:06:11.764+0200] {processor.py:161} INFO - Started process (PID=542441) to work on /home/leoja/airflow/airflow_venv/lib/python3.12/site-packages/airflow/example_dags/tutorial_objectstorage.py
[2025-06-05T19:06:11.766+0200] {processor.py:830} INFO - Processing file /home/leoja/airflow/airflow_venv/lib/python3.12/site-packages/airflow/example_dags/tutorial_objectstorage.py for tasks to queue
[2025-06-05T19:06:11.767+0200] {logging_mixin.py:188} INFO - [2025-06-05T19:06:11.767+0200] {dagbag.py:540} INFO - Filling up the DagBag from /home/leoja/airflow/airflow_venv/lib/python3.12/site-packages/airflow/example_dags/tutorial_objectstorage.py
[2025-06-05T19:06:11.773+0200] {processor.py:840} INFO - DAG(s) 'tutorial_objectstorage' retrieved from /home/leoja/airflow/airflow_venv/lib/python3.12/site-packages/airflow/example_dags/tutorial_objectstorage.py
[2025-06-05T19:06:11.785+0200] {logging_mixin.py:188} INFO - [2025-06-05T19:06:11.784+0200] {dag.py:3096} INFO - Sync 1 DAGs
[2025-06-05T19:06:11.793+0200] {logging_mixin.py:188} INFO - [2025-06-05T19:06:11.792+0200] {dag.py:3954} INFO - Setting next_dagrun for tutorial_objectstorage to None, run_after=None
[2025-06-05T19:06:11.813+0200] {processor.py:183} INFO - Processing /home/leoja/airflow/airflow_venv/lib/python3.12/site-packages/airflow/example_dags/tutorial_objectstorage.py took 0.055 seconds
[2025-06-05T19:07:11.076+0200] {processor.py:161} INFO - Started process (PID=542651) to work on /home/leoja/airflow/airflow_venv/lib/python3.12/site-packages/airflow/example_dags/tutorial_objectstorage.py
[2025-06-05T19:07:11.078+0200] {processor.py:830} INFO - Processing file /home/leoja/airflow/airflow_venv/lib/python3.12/site-packages/airflow/example_dags/tutorial_objectstorage.py for tasks to queue
[2025-06-05T19:07:11.079+0200] {logging_mixin.py:188} INFO - [2025-06-05T19:07:11.079+0200] {dagbag.py:540} INFO - Filling up the DagBag from /home/leoja/airflow/airflow_venv/lib/python3.12/site-packages/airflow/example_dags/tutorial_objectstorage.py
[2025-06-05T19:07:11.084+0200] {processor.py:840} INFO - DAG(s) 'tutorial_objectstorage' retrieved from /home/leoja/airflow/airflow_venv/lib/python3.12/site-packages/airflow/example_dags/tutorial_objectstorage.py
[2025-06-05T19:07:11.095+0200] {logging_mixin.py:188} INFO - [2025-06-05T19:07:11.095+0200] {dag.py:3096} INFO - Sync 1 DAGs
[2025-06-05T19:07:11.103+0200] {logging_mixin.py:188} INFO - [2025-06-05T19:07:11.103+0200] {dag.py:3954} INFO - Setting next_dagrun for tutorial_objectstorage to None, run_after=None
[2025-06-05T19:07:11.122+0200] {processor.py:183} INFO - Processing /home/leoja/airflow/airflow_venv/lib/python3.12/site-packages/airflow/example_dags/tutorial_objectstorage.py took 0.053 seconds
[2025-06-05T19:08:12.075+0200] {processor.py:161} INFO - Started process (PID=543094) to work on /home/leoja/airflow/airflow_venv/lib/python3.12/site-packages/airflow/example_dags/tutorial_objectstorage.py
[2025-06-05T19:08:12.076+0200] {processor.py:830} INFO - Processing file /home/leoja/airflow/airflow_venv/lib/python3.12/site-packages/airflow/example_dags/tutorial_objectstorage.py for tasks to queue
[2025-06-05T19:08:12.078+0200] {logging_mixin.py:188} INFO - [2025-06-05T19:08:12.078+0200] {dagbag.py:540} INFO - Filling up the DagBag from /home/leoja/airflow/airflow_venv/lib/python3.12/site-packages/airflow/example_dags/tutorial_objectstorage.py
[2025-06-05T19:08:12.084+0200] {processor.py:840} INFO - DAG(s) 'tutorial_objectstorage' retrieved from /home/leoja/airflow/airflow_venv/lib/python3.12/site-packages/airflow/example_dags/tutorial_objectstorage.py
[2025-06-05T19:08:12.097+0200] {logging_mixin.py:188} INFO - [2025-06-05T19:08:12.096+0200] {dag.py:3096} INFO - Sync 1 DAGs
[2025-06-05T19:08:12.107+0200] {logging_mixin.py:188} INFO - [2025-06-05T19:08:12.106+0200] {dag.py:3954} INFO - Setting next_dagrun for tutorial_objectstorage to None, run_after=None
[2025-06-05T19:08:12.127+0200] {processor.py:183} INFO - Processing /home/leoja/airflow/airflow_venv/lib/python3.12/site-packages/airflow/example_dags/tutorial_objectstorage.py took 0.060 seconds
[2025-06-05T19:10:07.570+0200] {processor.py:161} INFO - Started process (PID=544248) to work on /home/leoja/airflow/airflow_venv/lib/python3.12/site-packages/airflow/example_dags/tutorial_objectstorage.py
[2025-06-05T19:10:07.572+0200] {processor.py:830} INFO - Processing file /home/leoja/airflow/airflow_venv/lib/python3.12/site-packages/airflow/example_dags/tutorial_objectstorage.py for tasks to queue
[2025-06-05T19:10:07.574+0200] {logging_mixin.py:188} INFO - [2025-06-05T19:10:07.574+0200] {dagbag.py:540} INFO - Filling up the DagBag from /home/leoja/airflow/airflow_venv/lib/python3.12/site-packages/airflow/example_dags/tutorial_objectstorage.py
[2025-06-05T19:10:07.582+0200] {processor.py:840} INFO - DAG(s) 'tutorial_objectstorage' retrieved from /home/leoja/airflow/airflow_venv/lib/python3.12/site-packages/airflow/example_dags/tutorial_objectstorage.py
[2025-06-05T19:10:07.597+0200] {logging_mixin.py:188} INFO - [2025-06-05T19:10:07.597+0200] {dag.py:3096} INFO - Sync 1 DAGs
[2025-06-05T19:10:07.606+0200] {logging_mixin.py:188} INFO - [2025-06-05T19:10:07.605+0200] {dag.py:3954} INFO - Setting next_dagrun for tutorial_objectstorage to None, run_after=None
[2025-06-05T19:10:07.632+0200] {processor.py:183} INFO - Processing /home/leoja/airflow/airflow_venv/lib/python3.12/site-packages/airflow/example_dags/tutorial_objectstorage.py took 0.069 seconds
[2025-06-05T19:10:57.281+0200] {processor.py:161} INFO - Started process (PID=544568) to work on /home/leoja/airflow/airflow_venv/lib/python3.12/site-packages/airflow/example_dags/tutorial_objectstorage.py
[2025-06-05T19:10:57.284+0200] {processor.py:830} INFO - Processing file /home/leoja/airflow/airflow_venv/lib/python3.12/site-packages/airflow/example_dags/tutorial_objectstorage.py for tasks to queue
[2025-06-05T19:10:57.285+0200] {logging_mixin.py:188} INFO - [2025-06-05T19:10:57.285+0200] {dagbag.py:540} INFO - Filling up the DagBag from /home/leoja/airflow/airflow_venv/lib/python3.12/site-packages/airflow/example_dags/tutorial_objectstorage.py
[2025-06-05T19:10:57.292+0200] {processor.py:840} INFO - DAG(s) 'tutorial_objectstorage' retrieved from /home/leoja/airflow/airflow_venv/lib/python3.12/site-packages/airflow/example_dags/tutorial_objectstorage.py
[2025-06-05T19:10:57.311+0200] {logging_mixin.py:188} INFO - [2025-06-05T19:10:57.310+0200] {dag.py:3096} INFO - Sync 1 DAGs
[2025-06-05T19:10:57.323+0200] {logging_mixin.py:188} INFO - [2025-06-05T19:10:57.323+0200] {dag.py:3954} INFO - Setting next_dagrun for tutorial_objectstorage to None, run_after=None
[2025-06-05T19:10:57.356+0200] {processor.py:183} INFO - Processing /home/leoja/airflow/airflow_venv/lib/python3.12/site-packages/airflow/example_dags/tutorial_objectstorage.py took 0.085 seconds
[2025-06-05T19:11:58.121+0200] {processor.py:161} INFO - Started process (PID=544917) to work on /home/leoja/airflow/airflow_venv/lib/python3.12/site-packages/airflow/example_dags/tutorial_objectstorage.py
[2025-06-05T19:11:58.123+0200] {processor.py:830} INFO - Processing file /home/leoja/airflow/airflow_venv/lib/python3.12/site-packages/airflow/example_dags/tutorial_objectstorage.py for tasks to queue
[2025-06-05T19:11:58.124+0200] {logging_mixin.py:188} INFO - [2025-06-05T19:11:58.124+0200] {dagbag.py:540} INFO - Filling up the DagBag from /home/leoja/airflow/airflow_venv/lib/python3.12/site-packages/airflow/example_dags/tutorial_objectstorage.py
[2025-06-05T19:11:58.131+0200] {processor.py:840} INFO - DAG(s) 'tutorial_objectstorage' retrieved from /home/leoja/airflow/airflow_venv/lib/python3.12/site-packages/airflow/example_dags/tutorial_objectstorage.py
[2025-06-05T19:11:58.145+0200] {logging_mixin.py:188} INFO - [2025-06-05T19:11:58.145+0200] {dag.py:3096} INFO - Sync 1 DAGs
[2025-06-05T19:11:58.156+0200] {logging_mixin.py:188} INFO - [2025-06-05T19:11:58.156+0200] {dag.py:3954} INFO - Setting next_dagrun for tutorial_objectstorage to None, run_after=None
[2025-06-05T19:11:58.178+0200] {processor.py:183} INFO - Processing /home/leoja/airflow/airflow_venv/lib/python3.12/site-packages/airflow/example_dags/tutorial_objectstorage.py took 0.064 seconds
[2025-06-05T19:13:01.693+0200] {processor.py:161} INFO - Started process (PID=545256) to work on /home/leoja/airflow/airflow_venv/lib/python3.12/site-packages/airflow/example_dags/tutorial_objectstorage.py
[2025-06-05T19:13:01.694+0200] {processor.py:830} INFO - Processing file /home/leoja/airflow/airflow_venv/lib/python3.12/site-packages/airflow/example_dags/tutorial_objectstorage.py for tasks to queue
[2025-06-05T19:13:01.696+0200] {logging_mixin.py:188} INFO - [2025-06-05T19:13:01.696+0200] {dagbag.py:540} INFO - Filling up the DagBag from /home/leoja/airflow/airflow_venv/lib/python3.12/site-packages/airflow/example_dags/tutorial_objectstorage.py
[2025-06-05T19:13:01.702+0200] {processor.py:840} INFO - DAG(s) 'tutorial_objectstorage' retrieved from /home/leoja/airflow/airflow_venv/lib/python3.12/site-packages/airflow/example_dags/tutorial_objectstorage.py
[2025-06-05T19:13:01.714+0200] {logging_mixin.py:188} INFO - [2025-06-05T19:13:01.714+0200] {dag.py:3096} INFO - Sync 1 DAGs
[2025-06-05T19:13:01.722+0200] {logging_mixin.py:188} INFO - [2025-06-05T19:13:01.722+0200] {dag.py:3954} INFO - Setting next_dagrun for tutorial_objectstorage to None, run_after=None
[2025-06-05T19:13:01.744+0200] {processor.py:183} INFO - Processing /home/leoja/airflow/airflow_venv/lib/python3.12/site-packages/airflow/example_dags/tutorial_objectstorage.py took 0.058 seconds
[2025-06-05T19:14:02.349+0200] {processor.py:161} INFO - Started process (PID=545622) to work on /home/leoja/airflow/airflow_venv/lib/python3.12/site-packages/airflow/example_dags/tutorial_objectstorage.py
[2025-06-05T19:14:02.351+0200] {processor.py:830} INFO - Processing file /home/leoja/airflow/airflow_venv/lib/python3.12/site-packages/airflow/example_dags/tutorial_objectstorage.py for tasks to queue
[2025-06-05T19:14:02.352+0200] {logging_mixin.py:188} INFO - [2025-06-05T19:14:02.352+0200] {dagbag.py:540} INFO - Filling up the DagBag from /home/leoja/airflow/airflow_venv/lib/python3.12/site-packages/airflow/example_dags/tutorial_objectstorage.py
[2025-06-05T19:14:02.358+0200] {processor.py:840} INFO - DAG(s) 'tutorial_objectstorage' retrieved from /home/leoja/airflow/airflow_venv/lib/python3.12/site-packages/airflow/example_dags/tutorial_objectstorage.py
[2025-06-05T19:14:02.369+0200] {logging_mixin.py:188} INFO - [2025-06-05T19:14:02.369+0200] {dag.py:3096} INFO - Sync 1 DAGs
[2025-06-05T19:14:02.377+0200] {logging_mixin.py:188} INFO - [2025-06-05T19:14:02.377+0200] {dag.py:3954} INFO - Setting next_dagrun for tutorial_objectstorage to None, run_after=None
[2025-06-05T19:14:02.398+0200] {processor.py:183} INFO - Processing /home/leoja/airflow/airflow_venv/lib/python3.12/site-packages/airflow/example_dags/tutorial_objectstorage.py took 0.055 seconds
[2025-06-05T19:15:07.962+0200] {processor.py:161} INFO - Started process (PID=546069) to work on /home/leoja/airflow/airflow_venv/lib/python3.12/site-packages/airflow/example_dags/tutorial_objectstorage.py
[2025-06-05T19:15:07.964+0200] {processor.py:830} INFO - Processing file /home/leoja/airflow/airflow_venv/lib/python3.12/site-packages/airflow/example_dags/tutorial_objectstorage.py for tasks to queue
[2025-06-05T19:15:07.965+0200] {logging_mixin.py:188} INFO - [2025-06-05T19:15:07.965+0200] {dagbag.py:540} INFO - Filling up the DagBag from /home/leoja/airflow/airflow_venv/lib/python3.12/site-packages/airflow/example_dags/tutorial_objectstorage.py
[2025-06-05T19:15:07.971+0200] {processor.py:840} INFO - DAG(s) 'tutorial_objectstorage' retrieved from /home/leoja/airflow/airflow_venv/lib/python3.12/site-packages/airflow/example_dags/tutorial_objectstorage.py
[2025-06-05T19:15:07.983+0200] {logging_mixin.py:188} INFO - [2025-06-05T19:15:07.983+0200] {dag.py:3096} INFO - Sync 1 DAGs
[2025-06-05T19:15:07.993+0200] {logging_mixin.py:188} INFO - [2025-06-05T19:15:07.993+0200] {dag.py:3954} INFO - Setting next_dagrun for tutorial_objectstorage to None, run_after=None
[2025-06-05T19:15:08.013+0200] {processor.py:183} INFO - Processing /home/leoja/airflow/airflow_venv/lib/python3.12/site-packages/airflow/example_dags/tutorial_objectstorage.py took 0.057 seconds
[2025-06-05T19:16:08.550+0200] {processor.py:161} INFO - Started process (PID=546470) to work on /home/leoja/airflow/airflow_venv/lib/python3.12/site-packages/airflow/example_dags/tutorial_objectstorage.py
[2025-06-05T19:16:08.552+0200] {processor.py:830} INFO - Processing file /home/leoja/airflow/airflow_venv/lib/python3.12/site-packages/airflow/example_dags/tutorial_objectstorage.py for tasks to queue
[2025-06-05T19:16:08.554+0200] {logging_mixin.py:188} INFO - [2025-06-05T19:16:08.554+0200] {dagbag.py:540} INFO - Filling up the DagBag from /home/leoja/airflow/airflow_venv/lib/python3.12/site-packages/airflow/example_dags/tutorial_objectstorage.py
[2025-06-05T19:16:08.563+0200] {processor.py:840} INFO - DAG(s) 'tutorial_objectstorage' retrieved from /home/leoja/airflow/airflow_venv/lib/python3.12/site-packages/airflow/example_dags/tutorial_objectstorage.py
[2025-06-05T19:16:08.583+0200] {logging_mixin.py:188} INFO - [2025-06-05T19:16:08.582+0200] {dag.py:3096} INFO - Sync 1 DAGs
[2025-06-05T19:16:08.598+0200] {logging_mixin.py:188} INFO - [2025-06-05T19:16:08.598+0200] {dag.py:3954} INFO - Setting next_dagrun for tutorial_objectstorage to None, run_after=None
[2025-06-05T19:16:08.660+0200] {processor.py:183} INFO - Processing /home/leoja/airflow/airflow_venv/lib/python3.12/site-packages/airflow/example_dags/tutorial_objectstorage.py took 0.122 seconds
[2025-06-05T19:17:15.698+0200] {processor.py:161} INFO - Started process (PID=547407) to work on /home/leoja/airflow/airflow_venv/lib/python3.12/site-packages/airflow/example_dags/tutorial_objectstorage.py
[2025-06-05T19:17:15.700+0200] {processor.py:830} INFO - Processing file /home/leoja/airflow/airflow_venv/lib/python3.12/site-packages/airflow/example_dags/tutorial_objectstorage.py for tasks to queue
[2025-06-05T19:17:15.702+0200] {logging_mixin.py:188} INFO - [2025-06-05T19:17:15.702+0200] {dagbag.py:540} INFO - Filling up the DagBag from /home/leoja/airflow/airflow_venv/lib/python3.12/site-packages/airflow/example_dags/tutorial_objectstorage.py
[2025-06-05T19:17:15.708+0200] {processor.py:840} INFO - DAG(s) 'tutorial_objectstorage' retrieved from /home/leoja/airflow/airflow_venv/lib/python3.12/site-packages/airflow/example_dags/tutorial_objectstorage.py
[2025-06-05T19:17:15.719+0200] {logging_mixin.py:188} INFO - [2025-06-05T19:17:15.719+0200] {dag.py:3096} INFO - Sync 1 DAGs
[2025-06-05T19:17:15.727+0200] {logging_mixin.py:188} INFO - [2025-06-05T19:17:15.726+0200] {dag.py:3954} INFO - Setting next_dagrun for tutorial_objectstorage to None, run_after=None
[2025-06-05T19:17:15.748+0200] {processor.py:183} INFO - Processing /home/leoja/airflow/airflow_venv/lib/python3.12/site-packages/airflow/example_dags/tutorial_objectstorage.py took 0.056 seconds
[2025-06-05T19:18:10.597+0200] {processor.py:161} INFO - Started process (PID=547724) to work on /home/leoja/airflow/airflow_venv/lib/python3.12/site-packages/airflow/example_dags/tutorial_objectstorage.py
[2025-06-05T19:18:10.600+0200] {processor.py:830} INFO - Processing file /home/leoja/airflow/airflow_venv/lib/python3.12/site-packages/airflow/example_dags/tutorial_objectstorage.py for tasks to queue
[2025-06-05T19:18:10.602+0200] {logging_mixin.py:188} INFO - [2025-06-05T19:18:10.602+0200] {dagbag.py:540} INFO - Filling up the DagBag from /home/leoja/airflow/airflow_venv/lib/python3.12/site-packages/airflow/example_dags/tutorial_objectstorage.py
[2025-06-05T19:18:10.608+0200] {processor.py:840} INFO - DAG(s) 'tutorial_objectstorage' retrieved from /home/leoja/airflow/airflow_venv/lib/python3.12/site-packages/airflow/example_dags/tutorial_objectstorage.py
[2025-06-05T19:18:10.619+0200] {logging_mixin.py:188} INFO - [2025-06-05T19:18:10.619+0200] {dag.py:3096} INFO - Sync 1 DAGs
[2025-06-05T19:18:10.628+0200] {logging_mixin.py:188} INFO - [2025-06-05T19:18:10.628+0200] {dag.py:3954} INFO - Setting next_dagrun for tutorial_objectstorage to None, run_after=None
[2025-06-05T19:18:10.652+0200] {processor.py:183} INFO - Processing /home/leoja/airflow/airflow_venv/lib/python3.12/site-packages/airflow/example_dags/tutorial_objectstorage.py took 0.062 seconds
[2025-06-05T19:19:15.564+0200] {processor.py:161} INFO - Started process (PID=548134) to work on /home/leoja/airflow/airflow_venv/lib/python3.12/site-packages/airflow/example_dags/tutorial_objectstorage.py
[2025-06-05T19:19:15.565+0200] {processor.py:830} INFO - Processing file /home/leoja/airflow/airflow_venv/lib/python3.12/site-packages/airflow/example_dags/tutorial_objectstorage.py for tasks to queue
[2025-06-05T19:19:15.567+0200] {logging_mixin.py:188} INFO - [2025-06-05T19:19:15.567+0200] {dagbag.py:540} INFO - Filling up the DagBag from /home/leoja/airflow/airflow_venv/lib/python3.12/site-packages/airflow/example_dags/tutorial_objectstorage.py
[2025-06-05T19:19:15.574+0200] {processor.py:840} INFO - DAG(s) 'tutorial_objectstorage' retrieved from /home/leoja/airflow/airflow_venv/lib/python3.12/site-packages/airflow/example_dags/tutorial_objectstorage.py
[2025-06-05T19:19:15.587+0200] {logging_mixin.py:188} INFO - [2025-06-05T19:19:15.587+0200] {dag.py:3096} INFO - Sync 1 DAGs
[2025-06-05T19:19:15.597+0200] {logging_mixin.py:188} INFO - [2025-06-05T19:19:15.597+0200] {dag.py:3954} INFO - Setting next_dagrun for tutorial_objectstorage to None, run_after=None
[2025-06-05T19:19:15.617+0200] {processor.py:183} INFO - Processing /home/leoja/airflow/airflow_venv/lib/python3.12/site-packages/airflow/example_dags/tutorial_objectstorage.py took 0.060 seconds
[2025-06-05T19:20:13.845+0200] {processor.py:161} INFO - Started process (PID=548514) to work on /home/leoja/airflow/airflow_venv/lib/python3.12/site-packages/airflow/example_dags/tutorial_objectstorage.py
[2025-06-05T19:20:13.846+0200] {processor.py:830} INFO - Processing file /home/leoja/airflow/airflow_venv/lib/python3.12/site-packages/airflow/example_dags/tutorial_objectstorage.py for tasks to queue
[2025-06-05T19:20:13.848+0200] {logging_mixin.py:188} INFO - [2025-06-05T19:20:13.847+0200] {dagbag.py:540} INFO - Filling up the DagBag from /home/leoja/airflow/airflow_venv/lib/python3.12/site-packages/airflow/example_dags/tutorial_objectstorage.py
[2025-06-05T19:20:13.856+0200] {processor.py:840} INFO - DAG(s) 'tutorial_objectstorage' retrieved from /home/leoja/airflow/airflow_venv/lib/python3.12/site-packages/airflow/example_dags/tutorial_objectstorage.py
[2025-06-05T19:20:13.870+0200] {logging_mixin.py:188} INFO - [2025-06-05T19:20:13.870+0200] {dag.py:3096} INFO - Sync 1 DAGs
[2025-06-05T19:20:13.882+0200] {logging_mixin.py:188} INFO - [2025-06-05T19:20:13.881+0200] {dag.py:3954} INFO - Setting next_dagrun for tutorial_objectstorage to None, run_after=None
[2025-06-05T19:20:13.907+0200] {processor.py:183} INFO - Processing /home/leoja/airflow/airflow_venv/lib/python3.12/site-packages/airflow/example_dags/tutorial_objectstorage.py took 0.069 seconds
[2025-06-05T19:21:17.159+0200] {processor.py:161} INFO - Started process (PID=548893) to work on /home/leoja/airflow/airflow_venv/lib/python3.12/site-packages/airflow/example_dags/tutorial_objectstorage.py
[2025-06-05T19:21:17.160+0200] {processor.py:830} INFO - Processing file /home/leoja/airflow/airflow_venv/lib/python3.12/site-packages/airflow/example_dags/tutorial_objectstorage.py for tasks to queue
[2025-06-05T19:21:17.162+0200] {logging_mixin.py:188} INFO - [2025-06-05T19:21:17.162+0200] {dagbag.py:540} INFO - Filling up the DagBag from /home/leoja/airflow/airflow_venv/lib/python3.12/site-packages/airflow/example_dags/tutorial_objectstorage.py
[2025-06-05T19:21:17.168+0200] {processor.py:840} INFO - DAG(s) 'tutorial_objectstorage' retrieved from /home/leoja/airflow/airflow_venv/lib/python3.12/site-packages/airflow/example_dags/tutorial_objectstorage.py
[2025-06-05T19:21:17.181+0200] {logging_mixin.py:188} INFO - [2025-06-05T19:21:17.181+0200] {dag.py:3096} INFO - Sync 1 DAGs
[2025-06-05T19:21:17.190+0200] {logging_mixin.py:188} INFO - [2025-06-05T19:21:17.189+0200] {dag.py:3954} INFO - Setting next_dagrun for tutorial_objectstorage to None, run_after=None
[2025-06-05T19:21:17.212+0200] {processor.py:183} INFO - Processing /home/leoja/airflow/airflow_venv/lib/python3.12/site-packages/airflow/example_dags/tutorial_objectstorage.py took 0.061 seconds
[2025-06-05T19:22:18.592+0200] {processor.py:161} INFO - Started process (PID=549241) to work on /home/leoja/airflow/airflow_venv/lib/python3.12/site-packages/airflow/example_dags/tutorial_objectstorage.py
[2025-06-05T19:22:18.594+0200] {processor.py:830} INFO - Processing file /home/leoja/airflow/airflow_venv/lib/python3.12/site-packages/airflow/example_dags/tutorial_objectstorage.py for tasks to queue
[2025-06-05T19:22:18.596+0200] {logging_mixin.py:188} INFO - [2025-06-05T19:22:18.596+0200] {dagbag.py:540} INFO - Filling up the DagBag from /home/leoja/airflow/airflow_venv/lib/python3.12/site-packages/airflow/example_dags/tutorial_objectstorage.py
[2025-06-05T19:22:18.602+0200] {processor.py:840} INFO - DAG(s) 'tutorial_objectstorage' retrieved from /home/leoja/airflow/airflow_venv/lib/python3.12/site-packages/airflow/example_dags/tutorial_objectstorage.py
[2025-06-05T19:22:18.614+0200] {logging_mixin.py:188} INFO - [2025-06-05T19:22:18.614+0200] {dag.py:3096} INFO - Sync 1 DAGs
[2025-06-05T19:22:18.624+0200] {logging_mixin.py:188} INFO - [2025-06-05T19:22:18.623+0200] {dag.py:3954} INFO - Setting next_dagrun for tutorial_objectstorage to None, run_after=None
[2025-06-05T19:22:18.647+0200] {processor.py:183} INFO - Processing /home/leoja/airflow/airflow_venv/lib/python3.12/site-packages/airflow/example_dags/tutorial_objectstorage.py took 0.060 seconds
[2025-06-05T19:23:23.516+0200] {processor.py:161} INFO - Started process (PID=549579) to work on /home/leoja/airflow/airflow_venv/lib/python3.12/site-packages/airflow/example_dags/tutorial_objectstorage.py
[2025-06-05T19:23:23.518+0200] {processor.py:830} INFO - Processing file /home/leoja/airflow/airflow_venv/lib/python3.12/site-packages/airflow/example_dags/tutorial_objectstorage.py for tasks to queue
[2025-06-05T19:23:23.519+0200] {logging_mixin.py:188} INFO - [2025-06-05T19:23:23.519+0200] {dagbag.py:540} INFO - Filling up the DagBag from /home/leoja/airflow/airflow_venv/lib/python3.12/site-packages/airflow/example_dags/tutorial_objectstorage.py
[2025-06-05T19:23:23.525+0200] {processor.py:840} INFO - DAG(s) 'tutorial_objectstorage' retrieved from /home/leoja/airflow/airflow_venv/lib/python3.12/site-packages/airflow/example_dags/tutorial_objectstorage.py
[2025-06-05T19:23:23.536+0200] {logging_mixin.py:188} INFO - [2025-06-05T19:23:23.536+0200] {dag.py:3096} INFO - Sync 1 DAGs
[2025-06-05T19:23:23.544+0200] {logging_mixin.py:188} INFO - [2025-06-05T19:23:23.544+0200] {dag.py:3954} INFO - Setting next_dagrun for tutorial_objectstorage to None, run_after=None
[2025-06-05T19:23:23.563+0200] {processor.py:183} INFO - Processing /home/leoja/airflow/airflow_venv/lib/python3.12/site-packages/airflow/example_dags/tutorial_objectstorage.py took 0.053 seconds
[2025-06-05T19:24:25.488+0200] {processor.py:161} INFO - Started process (PID=549946) to work on /home/leoja/airflow/airflow_venv/lib/python3.12/site-packages/airflow/example_dags/tutorial_objectstorage.py
[2025-06-05T19:24:25.490+0200] {processor.py:830} INFO - Processing file /home/leoja/airflow/airflow_venv/lib/python3.12/site-packages/airflow/example_dags/tutorial_objectstorage.py for tasks to queue
[2025-06-05T19:24:25.491+0200] {logging_mixin.py:188} INFO - [2025-06-05T19:24:25.491+0200] {dagbag.py:540} INFO - Filling up the DagBag from /home/leoja/airflow/airflow_venv/lib/python3.12/site-packages/airflow/example_dags/tutorial_objectstorage.py
[2025-06-05T19:24:25.498+0200] {processor.py:840} INFO - DAG(s) 'tutorial_objectstorage' retrieved from /home/leoja/airflow/airflow_venv/lib/python3.12/site-packages/airflow/example_dags/tutorial_objectstorage.py
[2025-06-05T19:24:25.509+0200] {logging_mixin.py:188} INFO - [2025-06-05T19:24:25.509+0200] {dag.py:3096} INFO - Sync 1 DAGs
[2025-06-05T19:24:25.519+0200] {logging_mixin.py:188} INFO - [2025-06-05T19:24:25.519+0200] {dag.py:3954} INFO - Setting next_dagrun for tutorial_objectstorage to None, run_after=None
[2025-06-05T19:24:25.538+0200] {processor.py:183} INFO - Processing /home/leoja/airflow/airflow_venv/lib/python3.12/site-packages/airflow/example_dags/tutorial_objectstorage.py took 0.059 seconds
[2025-06-05T19:25:26.904+0200] {processor.py:161} INFO - Started process (PID=550388) to work on /home/leoja/airflow/airflow_venv/lib/python3.12/site-packages/airflow/example_dags/tutorial_objectstorage.py
[2025-06-05T19:25:26.907+0200] {processor.py:830} INFO - Processing file /home/leoja/airflow/airflow_venv/lib/python3.12/site-packages/airflow/example_dags/tutorial_objectstorage.py for tasks to queue
[2025-06-05T19:25:26.908+0200] {logging_mixin.py:188} INFO - [2025-06-05T19:25:26.908+0200] {dagbag.py:540} INFO - Filling up the DagBag from /home/leoja/airflow/airflow_venv/lib/python3.12/site-packages/airflow/example_dags/tutorial_objectstorage.py
[2025-06-05T19:25:26.914+0200] {processor.py:840} INFO - DAG(s) 'tutorial_objectstorage' retrieved from /home/leoja/airflow/airflow_venv/lib/python3.12/site-packages/airflow/example_dags/tutorial_objectstorage.py
[2025-06-05T19:25:26.925+0200] {logging_mixin.py:188} INFO - [2025-06-05T19:25:26.925+0200] {dag.py:3096} INFO - Sync 1 DAGs
[2025-06-05T19:25:26.933+0200] {logging_mixin.py:188} INFO - [2025-06-05T19:25:26.933+0200] {dag.py:3954} INFO - Setting next_dagrun for tutorial_objectstorage to None, run_after=None
[2025-06-05T19:25:26.955+0200] {processor.py:183} INFO - Processing /home/leoja/airflow/airflow_venv/lib/python3.12/site-packages/airflow/example_dags/tutorial_objectstorage.py took 0.057 seconds
[2025-06-05T19:26:26.360+0200] {processor.py:161} INFO - Started process (PID=550686) to work on /home/leoja/airflow/airflow_venv/lib/python3.12/site-packages/airflow/example_dags/tutorial_objectstorage.py
[2025-06-05T19:26:26.362+0200] {processor.py:830} INFO - Processing file /home/leoja/airflow/airflow_venv/lib/python3.12/site-packages/airflow/example_dags/tutorial_objectstorage.py for tasks to queue
[2025-06-05T19:26:26.363+0200] {logging_mixin.py:188} INFO - [2025-06-05T19:26:26.363+0200] {dagbag.py:540} INFO - Filling up the DagBag from /home/leoja/airflow/airflow_venv/lib/python3.12/site-packages/airflow/example_dags/tutorial_objectstorage.py
[2025-06-05T19:26:26.370+0200] {processor.py:840} INFO - DAG(s) 'tutorial_objectstorage' retrieved from /home/leoja/airflow/airflow_venv/lib/python3.12/site-packages/airflow/example_dags/tutorial_objectstorage.py
[2025-06-05T19:26:26.383+0200] {logging_mixin.py:188} INFO - [2025-06-05T19:26:26.383+0200] {dag.py:3096} INFO - Sync 1 DAGs
[2025-06-05T19:26:26.392+0200] {logging_mixin.py:188} INFO - [2025-06-05T19:26:26.392+0200] {dag.py:3954} INFO - Setting next_dagrun for tutorial_objectstorage to None, run_after=None
[2025-06-05T19:26:26.414+0200] {processor.py:183} INFO - Processing /home/leoja/airflow/airflow_venv/lib/python3.12/site-packages/airflow/example_dags/tutorial_objectstorage.py took 0.060 seconds
[2025-06-05T19:27:32.155+0200] {processor.py:161} INFO - Started process (PID=551103) to work on /home/leoja/airflow/airflow_venv/lib/python3.12/site-packages/airflow/example_dags/tutorial_objectstorage.py
[2025-06-05T19:27:32.157+0200] {processor.py:830} INFO - Processing file /home/leoja/airflow/airflow_venv/lib/python3.12/site-packages/airflow/example_dags/tutorial_objectstorage.py for tasks to queue
[2025-06-05T19:27:32.158+0200] {logging_mixin.py:188} INFO - [2025-06-05T19:27:32.158+0200] {dagbag.py:540} INFO - Filling up the DagBag from /home/leoja/airflow/airflow_venv/lib/python3.12/site-packages/airflow/example_dags/tutorial_objectstorage.py
[2025-06-05T19:27:32.165+0200] {processor.py:840} INFO - DAG(s) 'tutorial_objectstorage' retrieved from /home/leoja/airflow/airflow_venv/lib/python3.12/site-packages/airflow/example_dags/tutorial_objectstorage.py
[2025-06-05T19:27:32.177+0200] {logging_mixin.py:188} INFO - [2025-06-05T19:27:32.177+0200] {dag.py:3096} INFO - Sync 1 DAGs
[2025-06-05T19:27:32.186+0200] {logging_mixin.py:188} INFO - [2025-06-05T19:27:32.186+0200] {dag.py:3954} INFO - Setting next_dagrun for tutorial_objectstorage to None, run_after=None
[2025-06-05T19:27:32.205+0200] {processor.py:183} INFO - Processing /home/leoja/airflow/airflow_venv/lib/python3.12/site-packages/airflow/example_dags/tutorial_objectstorage.py took 0.057 seconds
[2025-06-05T19:28:21.369+0200] {processor.py:161} INFO - Started process (PID=552041) to work on /home/leoja/airflow/airflow_venv/lib/python3.12/site-packages/airflow/example_dags/tutorial_objectstorage.py
[2025-06-05T19:28:21.371+0200] {processor.py:830} INFO - Processing file /home/leoja/airflow/airflow_venv/lib/python3.12/site-packages/airflow/example_dags/tutorial_objectstorage.py for tasks to queue
[2025-06-05T19:28:21.372+0200] {logging_mixin.py:188} INFO - [2025-06-05T19:28:21.372+0200] {dagbag.py:540} INFO - Filling up the DagBag from /home/leoja/airflow/airflow_venv/lib/python3.12/site-packages/airflow/example_dags/tutorial_objectstorage.py
[2025-06-05T19:28:21.379+0200] {processor.py:840} INFO - DAG(s) 'tutorial_objectstorage' retrieved from /home/leoja/airflow/airflow_venv/lib/python3.12/site-packages/airflow/example_dags/tutorial_objectstorage.py
[2025-06-05T19:28:21.394+0200] {logging_mixin.py:188} INFO - [2025-06-05T19:28:21.394+0200] {dag.py:3096} INFO - Sync 1 DAGs
[2025-06-05T19:28:21.404+0200] {logging_mixin.py:188} INFO - [2025-06-05T19:28:21.404+0200] {dag.py:3954} INFO - Setting next_dagrun for tutorial_objectstorage to None, run_after=None
[2025-06-05T19:28:21.434+0200] {processor.py:183} INFO - Processing /home/leoja/airflow/airflow_venv/lib/python3.12/site-packages/airflow/example_dags/tutorial_objectstorage.py took 0.072 seconds
[2025-06-05T19:29:09.359+0200] {processor.py:161} INFO - Started process (PID=552440) to work on /home/leoja/airflow/airflow_venv/lib/python3.12/site-packages/airflow/example_dags/tutorial_objectstorage.py
[2025-06-05T19:29:09.361+0200] {processor.py:830} INFO - Processing file /home/leoja/airflow/airflow_venv/lib/python3.12/site-packages/airflow/example_dags/tutorial_objectstorage.py for tasks to queue
[2025-06-05T19:29:09.362+0200] {logging_mixin.py:188} INFO - [2025-06-05T19:29:09.362+0200] {dagbag.py:540} INFO - Filling up the DagBag from /home/leoja/airflow/airflow_venv/lib/python3.12/site-packages/airflow/example_dags/tutorial_objectstorage.py
[2025-06-05T19:29:09.368+0200] {processor.py:840} INFO - DAG(s) 'tutorial_objectstorage' retrieved from /home/leoja/airflow/airflow_venv/lib/python3.12/site-packages/airflow/example_dags/tutorial_objectstorage.py
[2025-06-05T19:29:09.380+0200] {logging_mixin.py:188} INFO - [2025-06-05T19:29:09.380+0200] {dag.py:3096} INFO - Sync 1 DAGs
[2025-06-05T19:29:09.388+0200] {logging_mixin.py:188} INFO - [2025-06-05T19:29:09.388+0200] {dag.py:3954} INFO - Setting next_dagrun for tutorial_objectstorage to None, run_after=None
[2025-06-05T19:29:09.408+0200] {processor.py:183} INFO - Processing /home/leoja/airflow/airflow_venv/lib/python3.12/site-packages/airflow/example_dags/tutorial_objectstorage.py took 0.054 seconds
[2025-06-05T19:30:16.161+0200] {processor.py:161} INFO - Started process (PID=552865) to work on /home/leoja/airflow/airflow_venv/lib/python3.12/site-packages/airflow/example_dags/tutorial_objectstorage.py
[2025-06-05T19:30:16.163+0200] {processor.py:830} INFO - Processing file /home/leoja/airflow/airflow_venv/lib/python3.12/site-packages/airflow/example_dags/tutorial_objectstorage.py for tasks to queue
[2025-06-05T19:30:16.165+0200] {logging_mixin.py:188} INFO - [2025-06-05T19:30:16.165+0200] {dagbag.py:540} INFO - Filling up the DagBag from /home/leoja/airflow/airflow_venv/lib/python3.12/site-packages/airflow/example_dags/tutorial_objectstorage.py
[2025-06-05T19:30:16.173+0200] {processor.py:840} INFO - DAG(s) 'tutorial_objectstorage' retrieved from /home/leoja/airflow/airflow_venv/lib/python3.12/site-packages/airflow/example_dags/tutorial_objectstorage.py
[2025-06-05T19:30:16.191+0200] {logging_mixin.py:188} INFO - [2025-06-05T19:30:16.191+0200] {dag.py:3096} INFO - Sync 1 DAGs
[2025-06-05T19:30:16.205+0200] {logging_mixin.py:188} INFO - [2025-06-05T19:30:16.204+0200] {dag.py:3954} INFO - Setting next_dagrun for tutorial_objectstorage to None, run_after=None
[2025-06-05T19:30:16.231+0200] {processor.py:183} INFO - Processing /home/leoja/airflow/airflow_venv/lib/python3.12/site-packages/airflow/example_dags/tutorial_objectstorage.py took 0.077 seconds
[2025-06-05T19:31:03.857+0200] {processor.py:161} INFO - Started process (PID=553134) to work on /home/leoja/airflow/airflow_venv/lib/python3.12/site-packages/airflow/example_dags/tutorial_objectstorage.py
[2025-06-05T19:31:03.860+0200] {processor.py:830} INFO - Processing file /home/leoja/airflow/airflow_venv/lib/python3.12/site-packages/airflow/example_dags/tutorial_objectstorage.py for tasks to queue
[2025-06-05T19:31:03.862+0200] {logging_mixin.py:188} INFO - [2025-06-05T19:31:03.862+0200] {dagbag.py:540} INFO - Filling up the DagBag from /home/leoja/airflow/airflow_venv/lib/python3.12/site-packages/airflow/example_dags/tutorial_objectstorage.py
[2025-06-05T19:31:03.870+0200] {processor.py:840} INFO - DAG(s) 'tutorial_objectstorage' retrieved from /home/leoja/airflow/airflow_venv/lib/python3.12/site-packages/airflow/example_dags/tutorial_objectstorage.py
[2025-06-05T19:31:03.886+0200] {logging_mixin.py:188} INFO - [2025-06-05T19:31:03.886+0200] {dag.py:3096} INFO - Sync 1 DAGs
[2025-06-05T19:31:03.899+0200] {logging_mixin.py:188} INFO - [2025-06-05T19:31:03.899+0200] {dag.py:3954} INFO - Setting next_dagrun for tutorial_objectstorage to None, run_after=None
[2025-06-05T19:31:03.922+0200] {processor.py:183} INFO - Processing /home/leoja/airflow/airflow_venv/lib/python3.12/site-packages/airflow/example_dags/tutorial_objectstorage.py took 0.078 seconds
[2025-06-05T19:32:05.612+0200] {processor.py:161} INFO - Started process (PID=553477) to work on /home/leoja/airflow/airflow_venv/lib/python3.12/site-packages/airflow/example_dags/tutorial_objectstorage.py
[2025-06-05T19:32:05.614+0200] {processor.py:830} INFO - Processing file /home/leoja/airflow/airflow_venv/lib/python3.12/site-packages/airflow/example_dags/tutorial_objectstorage.py for tasks to queue
[2025-06-05T19:32:05.615+0200] {logging_mixin.py:188} INFO - [2025-06-05T19:32:05.615+0200] {dagbag.py:540} INFO - Filling up the DagBag from /home/leoja/airflow/airflow_venv/lib/python3.12/site-packages/airflow/example_dags/tutorial_objectstorage.py
[2025-06-05T19:32:05.623+0200] {processor.py:840} INFO - DAG(s) 'tutorial_objectstorage' retrieved from /home/leoja/airflow/airflow_venv/lib/python3.12/site-packages/airflow/example_dags/tutorial_objectstorage.py
[2025-06-05T19:32:05.635+0200] {logging_mixin.py:188} INFO - [2025-06-05T19:32:05.635+0200] {dag.py:3096} INFO - Sync 1 DAGs
[2025-06-05T19:32:05.645+0200] {logging_mixin.py:188} INFO - [2025-06-05T19:32:05.645+0200] {dag.py:3954} INFO - Setting next_dagrun for tutorial_objectstorage to None, run_after=None
[2025-06-05T19:32:05.676+0200] {processor.py:183} INFO - Processing /home/leoja/airflow/airflow_venv/lib/python3.12/site-packages/airflow/example_dags/tutorial_objectstorage.py took 0.070 seconds
[2025-06-05T19:33:12.297+0200] {processor.py:161} INFO - Started process (PID=553846) to work on /home/leoja/airflow/airflow_venv/lib/python3.12/site-packages/airflow/example_dags/tutorial_objectstorage.py
[2025-06-05T19:33:12.299+0200] {processor.py:830} INFO - Processing file /home/leoja/airflow/airflow_venv/lib/python3.12/site-packages/airflow/example_dags/tutorial_objectstorage.py for tasks to queue
[2025-06-05T19:33:12.300+0200] {logging_mixin.py:188} INFO - [2025-06-05T19:33:12.300+0200] {dagbag.py:540} INFO - Filling up the DagBag from /home/leoja/airflow/airflow_venv/lib/python3.12/site-packages/airflow/example_dags/tutorial_objectstorage.py
[2025-06-05T19:33:12.307+0200] {processor.py:840} INFO - DAG(s) 'tutorial_objectstorage' retrieved from /home/leoja/airflow/airflow_venv/lib/python3.12/site-packages/airflow/example_dags/tutorial_objectstorage.py
[2025-06-05T19:33:12.320+0200] {logging_mixin.py:188} INFO - [2025-06-05T19:33:12.320+0200] {dag.py:3096} INFO - Sync 1 DAGs
[2025-06-05T19:33:12.329+0200] {logging_mixin.py:188} INFO - [2025-06-05T19:33:12.328+0200] {dag.py:3954} INFO - Setting next_dagrun for tutorial_objectstorage to None, run_after=None
[2025-06-05T19:33:12.358+0200] {processor.py:183} INFO - Processing /home/leoja/airflow/airflow_venv/lib/python3.12/site-packages/airflow/example_dags/tutorial_objectstorage.py took 0.069 seconds
[2025-06-05T19:34:18.428+0200] {processor.py:161} INFO - Started process (PID=554246) to work on /home/leoja/airflow/airflow_venv/lib/python3.12/site-packages/airflow/example_dags/tutorial_objectstorage.py
[2025-06-05T19:34:18.430+0200] {processor.py:830} INFO - Processing file /home/leoja/airflow/airflow_venv/lib/python3.12/site-packages/airflow/example_dags/tutorial_objectstorage.py for tasks to queue
[2025-06-05T19:34:18.431+0200] {logging_mixin.py:188} INFO - [2025-06-05T19:34:18.431+0200] {dagbag.py:540} INFO - Filling up the DagBag from /home/leoja/airflow/airflow_venv/lib/python3.12/site-packages/airflow/example_dags/tutorial_objectstorage.py
[2025-06-05T19:34:18.438+0200] {processor.py:840} INFO - DAG(s) 'tutorial_objectstorage' retrieved from /home/leoja/airflow/airflow_venv/lib/python3.12/site-packages/airflow/example_dags/tutorial_objectstorage.py
[2025-06-05T19:34:18.449+0200] {logging_mixin.py:188} INFO - [2025-06-05T19:34:18.449+0200] {dag.py:3096} INFO - Sync 1 DAGs
[2025-06-05T19:34:18.459+0200] {logging_mixin.py:188} INFO - [2025-06-05T19:34:18.459+0200] {dag.py:3954} INFO - Setting next_dagrun for tutorial_objectstorage to None, run_after=None
[2025-06-05T19:34:18.481+0200] {processor.py:183} INFO - Processing /home/leoja/airflow/airflow_venv/lib/python3.12/site-packages/airflow/example_dags/tutorial_objectstorage.py took 0.059 seconds
[2025-06-05T19:35:19.865+0200] {processor.py:161} INFO - Started process (PID=554590) to work on /home/leoja/airflow/airflow_venv/lib/python3.12/site-packages/airflow/example_dags/tutorial_objectstorage.py
[2025-06-05T19:35:19.867+0200] {processor.py:830} INFO - Processing file /home/leoja/airflow/airflow_venv/lib/python3.12/site-packages/airflow/example_dags/tutorial_objectstorage.py for tasks to queue
[2025-06-05T19:35:19.869+0200] {logging_mixin.py:188} INFO - [2025-06-05T19:35:19.868+0200] {dagbag.py:540} INFO - Filling up the DagBag from /home/leoja/airflow/airflow_venv/lib/python3.12/site-packages/airflow/example_dags/tutorial_objectstorage.py
[2025-06-05T19:35:19.874+0200] {processor.py:840} INFO - DAG(s) 'tutorial_objectstorage' retrieved from /home/leoja/airflow/airflow_venv/lib/python3.12/site-packages/airflow/example_dags/tutorial_objectstorage.py
[2025-06-05T19:35:19.886+0200] {logging_mixin.py:188} INFO - [2025-06-05T19:35:19.886+0200] {dag.py:3096} INFO - Sync 1 DAGs
[2025-06-05T19:35:19.894+0200] {logging_mixin.py:188} INFO - [2025-06-05T19:35:19.894+0200] {dag.py:3954} INFO - Setting next_dagrun for tutorial_objectstorage to None, run_after=None
[2025-06-05T19:35:19.914+0200] {processor.py:183} INFO - Processing /home/leoja/airflow/airflow_venv/lib/python3.12/site-packages/airflow/example_dags/tutorial_objectstorage.py took 0.055 seconds
[2025-06-05T19:36:23.413+0200] {processor.py:161} INFO - Started process (PID=554949) to work on /home/leoja/airflow/airflow_venv/lib/python3.12/site-packages/airflow/example_dags/tutorial_objectstorage.py
[2025-06-05T19:36:23.415+0200] {processor.py:830} INFO - Processing file /home/leoja/airflow/airflow_venv/lib/python3.12/site-packages/airflow/example_dags/tutorial_objectstorage.py for tasks to queue
[2025-06-05T19:36:23.417+0200] {logging_mixin.py:188} INFO - [2025-06-05T19:36:23.416+0200] {dagbag.py:540} INFO - Filling up the DagBag from /home/leoja/airflow/airflow_venv/lib/python3.12/site-packages/airflow/example_dags/tutorial_objectstorage.py
[2025-06-05T19:36:23.423+0200] {processor.py:840} INFO - DAG(s) 'tutorial_objectstorage' retrieved from /home/leoja/airflow/airflow_venv/lib/python3.12/site-packages/airflow/example_dags/tutorial_objectstorage.py
[2025-06-05T19:36:23.436+0200] {logging_mixin.py:188} INFO - [2025-06-05T19:36:23.436+0200] {dag.py:3096} INFO - Sync 1 DAGs
[2025-06-05T19:36:23.446+0200] {logging_mixin.py:188} INFO - [2025-06-05T19:36:23.446+0200] {dag.py:3954} INFO - Setting next_dagrun for tutorial_objectstorage to None, run_after=None
[2025-06-05T19:36:23.468+0200] {processor.py:183} INFO - Processing /home/leoja/airflow/airflow_venv/lib/python3.12/site-packages/airflow/example_dags/tutorial_objectstorage.py took 0.062 seconds
[2025-06-05T19:37:31.269+0200] {processor.py:161} INFO - Started process (PID=555332) to work on /home/leoja/airflow/airflow_venv/lib/python3.12/site-packages/airflow/example_dags/tutorial_objectstorage.py
[2025-06-05T19:37:31.270+0200] {processor.py:830} INFO - Processing file /home/leoja/airflow/airflow_venv/lib/python3.12/site-packages/airflow/example_dags/tutorial_objectstorage.py for tasks to queue
[2025-06-05T19:37:31.272+0200] {logging_mixin.py:188} INFO - [2025-06-05T19:37:31.272+0200] {dagbag.py:540} INFO - Filling up the DagBag from /home/leoja/airflow/airflow_venv/lib/python3.12/site-packages/airflow/example_dags/tutorial_objectstorage.py
[2025-06-05T19:37:31.278+0200] {processor.py:840} INFO - DAG(s) 'tutorial_objectstorage' retrieved from /home/leoja/airflow/airflow_venv/lib/python3.12/site-packages/airflow/example_dags/tutorial_objectstorage.py
[2025-06-05T19:37:31.298+0200] {logging_mixin.py:188} INFO - [2025-06-05T19:37:31.298+0200] {dag.py:3096} INFO - Sync 1 DAGs
[2025-06-05T19:37:31.308+0200] {logging_mixin.py:188} INFO - [2025-06-05T19:37:31.308+0200] {dag.py:3954} INFO - Setting next_dagrun for tutorial_objectstorage to None, run_after=None
[2025-06-05T19:37:31.331+0200] {processor.py:183} INFO - Processing /home/leoja/airflow/airflow_venv/lib/python3.12/site-packages/airflow/example_dags/tutorial_objectstorage.py took 0.069 seconds
[2025-06-05T19:38:36.577+0200] {processor.py:161} INFO - Started process (PID=555697) to work on /home/leoja/airflow/airflow_venv/lib/python3.12/site-packages/airflow/example_dags/tutorial_objectstorage.py
[2025-06-05T19:38:36.579+0200] {processor.py:830} INFO - Processing file /home/leoja/airflow/airflow_venv/lib/python3.12/site-packages/airflow/example_dags/tutorial_objectstorage.py for tasks to queue
[2025-06-05T19:38:36.581+0200] {logging_mixin.py:188} INFO - [2025-06-05T19:38:36.580+0200] {dagbag.py:540} INFO - Filling up the DagBag from /home/leoja/airflow/airflow_venv/lib/python3.12/site-packages/airflow/example_dags/tutorial_objectstorage.py
[2025-06-05T19:38:36.587+0200] {processor.py:840} INFO - DAG(s) 'tutorial_objectstorage' retrieved from /home/leoja/airflow/airflow_venv/lib/python3.12/site-packages/airflow/example_dags/tutorial_objectstorage.py
[2025-06-05T19:38:36.599+0200] {logging_mixin.py:188} INFO - [2025-06-05T19:38:36.599+0200] {dag.py:3096} INFO - Sync 1 DAGs
[2025-06-05T19:38:36.608+0200] {logging_mixin.py:188} INFO - [2025-06-05T19:38:36.608+0200] {dag.py:3954} INFO - Setting next_dagrun for tutorial_objectstorage to None, run_after=None
[2025-06-05T19:38:36.629+0200] {processor.py:183} INFO - Processing /home/leoja/airflow/airflow_venv/lib/python3.12/site-packages/airflow/example_dags/tutorial_objectstorage.py took 0.058 seconds
[2025-06-05T19:39:40.761+0200] {processor.py:161} INFO - Started process (PID=556068) to work on /home/leoja/airflow/airflow_venv/lib/python3.12/site-packages/airflow/example_dags/tutorial_objectstorage.py
[2025-06-05T19:39:40.763+0200] {processor.py:830} INFO - Processing file /home/leoja/airflow/airflow_venv/lib/python3.12/site-packages/airflow/example_dags/tutorial_objectstorage.py for tasks to queue
[2025-06-05T19:39:40.765+0200] {logging_mixin.py:188} INFO - [2025-06-05T19:39:40.764+0200] {dagbag.py:540} INFO - Filling up the DagBag from /home/leoja/airflow/airflow_venv/lib/python3.12/site-packages/airflow/example_dags/tutorial_objectstorage.py
[2025-06-05T19:39:40.771+0200] {processor.py:840} INFO - DAG(s) 'tutorial_objectstorage' retrieved from /home/leoja/airflow/airflow_venv/lib/python3.12/site-packages/airflow/example_dags/tutorial_objectstorage.py
[2025-06-05T19:39:40.783+0200] {logging_mixin.py:188} INFO - [2025-06-05T19:39:40.782+0200] {dag.py:3096} INFO - Sync 1 DAGs
[2025-06-05T19:39:40.792+0200] {logging_mixin.py:188} INFO - [2025-06-05T19:39:40.791+0200] {dag.py:3954} INFO - Setting next_dagrun for tutorial_objectstorage to None, run_after=None
[2025-06-05T19:39:40.810+0200] {processor.py:183} INFO - Processing /home/leoja/airflow/airflow_venv/lib/python3.12/site-packages/airflow/example_dags/tutorial_objectstorage.py took 0.056 seconds
[2025-06-05T19:40:51.635+0200] {processor.py:161} INFO - Started process (PID=556473) to work on /home/leoja/airflow/airflow_venv/lib/python3.12/site-packages/airflow/example_dags/tutorial_objectstorage.py
[2025-06-05T19:40:51.637+0200] {processor.py:830} INFO - Processing file /home/leoja/airflow/airflow_venv/lib/python3.12/site-packages/airflow/example_dags/tutorial_objectstorage.py for tasks to queue
[2025-06-05T19:40:51.638+0200] {logging_mixin.py:188} INFO - [2025-06-05T19:40:51.638+0200] {dagbag.py:540} INFO - Filling up the DagBag from /home/leoja/airflow/airflow_venv/lib/python3.12/site-packages/airflow/example_dags/tutorial_objectstorage.py
[2025-06-05T19:40:51.643+0200] {processor.py:840} INFO - DAG(s) 'tutorial_objectstorage' retrieved from /home/leoja/airflow/airflow_venv/lib/python3.12/site-packages/airflow/example_dags/tutorial_objectstorage.py
[2025-06-05T19:40:51.655+0200] {logging_mixin.py:188} INFO - [2025-06-05T19:40:51.654+0200] {dag.py:3096} INFO - Sync 1 DAGs
[2025-06-05T19:40:51.662+0200] {logging_mixin.py:188} INFO - [2025-06-05T19:40:51.662+0200] {dag.py:3954} INFO - Setting next_dagrun for tutorial_objectstorage to None, run_after=None
[2025-06-05T19:40:51.682+0200] {processor.py:183} INFO - Processing /home/leoja/airflow/airflow_venv/lib/python3.12/site-packages/airflow/example_dags/tutorial_objectstorage.py took 0.052 seconds
[2025-06-05T19:41:58.636+0200] {processor.py:161} INFO - Started process (PID=557403) to work on /home/leoja/airflow/airflow_venv/lib/python3.12/site-packages/airflow/example_dags/tutorial_objectstorage.py
[2025-06-05T19:41:58.637+0200] {processor.py:830} INFO - Processing file /home/leoja/airflow/airflow_venv/lib/python3.12/site-packages/airflow/example_dags/tutorial_objectstorage.py for tasks to queue
[2025-06-05T19:41:58.639+0200] {logging_mixin.py:188} INFO - [2025-06-05T19:41:58.638+0200] {dagbag.py:540} INFO - Filling up the DagBag from /home/leoja/airflow/airflow_venv/lib/python3.12/site-packages/airflow/example_dags/tutorial_objectstorage.py
[2025-06-05T19:41:58.644+0200] {processor.py:840} INFO - DAG(s) 'tutorial_objectstorage' retrieved from /home/leoja/airflow/airflow_venv/lib/python3.12/site-packages/airflow/example_dags/tutorial_objectstorage.py
[2025-06-05T19:41:58.656+0200] {logging_mixin.py:188} INFO - [2025-06-05T19:41:58.656+0200] {dag.py:3096} INFO - Sync 1 DAGs
[2025-06-05T19:41:58.664+0200] {logging_mixin.py:188} INFO - [2025-06-05T19:41:58.664+0200] {dag.py:3954} INFO - Setting next_dagrun for tutorial_objectstorage to None, run_after=None
[2025-06-05T19:41:58.684+0200] {processor.py:183} INFO - Processing /home/leoja/airflow/airflow_venv/lib/python3.12/site-packages/airflow/example_dags/tutorial_objectstorage.py took 0.053 seconds
[2025-06-05T19:43:05.338+0200] {processor.py:161} INFO - Started process (PID=557692) to work on /home/leoja/airflow/airflow_venv/lib/python3.12/site-packages/airflow/example_dags/tutorial_objectstorage.py
[2025-06-05T19:43:05.340+0200] {processor.py:830} INFO - Processing file /home/leoja/airflow/airflow_venv/lib/python3.12/site-packages/airflow/example_dags/tutorial_objectstorage.py for tasks to queue
[2025-06-05T19:43:05.342+0200] {logging_mixin.py:188} INFO - [2025-06-05T19:43:05.341+0200] {dagbag.py:540} INFO - Filling up the DagBag from /home/leoja/airflow/airflow_venv/lib/python3.12/site-packages/airflow/example_dags/tutorial_objectstorage.py
[2025-06-05T19:43:05.347+0200] {processor.py:840} INFO - DAG(s) 'tutorial_objectstorage' retrieved from /home/leoja/airflow/airflow_venv/lib/python3.12/site-packages/airflow/example_dags/tutorial_objectstorage.py
[2025-06-05T19:43:05.441+0200] {logging_mixin.py:188} INFO - [2025-06-05T19:43:05.441+0200] {dag.py:3096} INFO - Sync 1 DAGs
[2025-06-05T19:43:05.447+0200] {logging_mixin.py:188} INFO - [2025-06-05T19:43:05.447+0200] {dag.py:3954} INFO - Setting next_dagrun for tutorial_objectstorage to None, run_after=None
[2025-06-05T19:43:05.469+0200] {processor.py:183} INFO - Processing /home/leoja/airflow/airflow_venv/lib/python3.12/site-packages/airflow/example_dags/tutorial_objectstorage.py took 0.138 seconds
[2025-06-05T19:44:07.752+0200] {processor.py:161} INFO - Started process (PID=558017) to work on /home/leoja/airflow/airflow_venv/lib/python3.12/site-packages/airflow/example_dags/tutorial_objectstorage.py
[2025-06-05T19:44:07.754+0200] {processor.py:830} INFO - Processing file /home/leoja/airflow/airflow_venv/lib/python3.12/site-packages/airflow/example_dags/tutorial_objectstorage.py for tasks to queue
[2025-06-05T19:44:07.755+0200] {logging_mixin.py:188} INFO - [2025-06-05T19:44:07.755+0200] {dagbag.py:540} INFO - Filling up the DagBag from /home/leoja/airflow/airflow_venv/lib/python3.12/site-packages/airflow/example_dags/tutorial_objectstorage.py
[2025-06-05T19:44:07.760+0200] {processor.py:840} INFO - DAG(s) 'tutorial_objectstorage' retrieved from /home/leoja/airflow/airflow_venv/lib/python3.12/site-packages/airflow/example_dags/tutorial_objectstorage.py
[2025-06-05T19:44:07.772+0200] {logging_mixin.py:188} INFO - [2025-06-05T19:44:07.772+0200] {dag.py:3096} INFO - Sync 1 DAGs
[2025-06-05T19:44:07.780+0200] {logging_mixin.py:188} INFO - [2025-06-05T19:44:07.780+0200] {dag.py:3954} INFO - Setting next_dagrun for tutorial_objectstorage to None, run_after=None
[2025-06-05T19:44:07.800+0200] {processor.py:183} INFO - Processing /home/leoja/airflow/airflow_venv/lib/python3.12/site-packages/airflow/example_dags/tutorial_objectstorage.py took 0.055 seconds
