[2025-06-05T07:53:33.615+0200] {processor.py:161} INFO - Started process (PID=531110) to work on /home/leoja/airflow/airflow_venv/lib/python3.12/site-packages/airflow/example_dags/tutorial_dag.py
[2025-06-05T07:53:33.616+0200] {processor.py:830} INFO - Processing file /home/leoja/airflow/airflow_venv/lib/python3.12/site-packages/airflow/example_dags/tutorial_dag.py for tasks to queue
[2025-06-05T07:53:33.617+0200] {logging_mixin.py:188} INFO - [2025-06-05T07:53:33.617+0200] {dagbag.py:540} INFO - Filling up the DagBag from /home/leoja/airflow/airflow_venv/lib/python3.12/site-packages/airflow/example_dags/tutorial_dag.py
[2025-06-05T07:53:33.623+0200] {processor.py:840} INFO - DAG(s) 'tutorial_dag' retrieved from /home/leoja/airflow/airflow_venv/lib/python3.12/site-packages/airflow/example_dags/tutorial_dag.py
[2025-06-05T07:53:33.639+0200] {logging_mixin.py:188} INFO - [2025-06-05T07:53:33.639+0200] {dag.py:3096} INFO - Sync 1 DAGs
[2025-06-05T07:53:33.648+0200] {logging_mixin.py:188} INFO - [2025-06-05T07:53:33.648+0200] {dag.py:3954} INFO - Setting next_dagrun for tutorial_dag to None, run_after=None
[2025-06-05T07:53:33.670+0200] {processor.py:183} INFO - Processing /home/leoja/airflow/airflow_venv/lib/python3.12/site-packages/airflow/example_dags/tutorial_dag.py took 0.062 seconds
[2025-06-05T07:54:26.221+0200] {processor.py:161} INFO - Started process (PID=531394) to work on /home/leoja/airflow/airflow_venv/lib/python3.12/site-packages/airflow/example_dags/tutorial_dag.py
[2025-06-05T07:54:26.223+0200] {processor.py:830} INFO - Processing file /home/leoja/airflow/airflow_venv/lib/python3.12/site-packages/airflow/example_dags/tutorial_dag.py for tasks to queue
[2025-06-05T07:54:26.225+0200] {logging_mixin.py:188} INFO - [2025-06-05T07:54:26.225+0200] {dagbag.py:540} INFO - Filling up the DagBag from /home/leoja/airflow/airflow_venv/lib/python3.12/site-packages/airflow/example_dags/tutorial_dag.py
[2025-06-05T07:54:26.230+0200] {processor.py:840} INFO - DAG(s) 'tutorial_dag' retrieved from /home/leoja/airflow/airflow_venv/lib/python3.12/site-packages/airflow/example_dags/tutorial_dag.py
[2025-06-05T07:54:26.243+0200] {logging_mixin.py:188} INFO - [2025-06-05T07:54:26.243+0200] {dag.py:3096} INFO - Sync 1 DAGs
[2025-06-05T07:54:26.251+0200] {logging_mixin.py:188} INFO - [2025-06-05T07:54:26.251+0200] {dag.py:3954} INFO - Setting next_dagrun for tutorial_dag to None, run_after=None
[2025-06-05T07:54:26.271+0200] {processor.py:183} INFO - Processing /home/leoja/airflow/airflow_venv/lib/python3.12/site-packages/airflow/example_dags/tutorial_dag.py took 0.057 seconds
[2025-06-05T07:55:15.589+0200] {processor.py:161} INFO - Started process (PID=531573) to work on /home/leoja/airflow/airflow_venv/lib/python3.12/site-packages/airflow/example_dags/tutorial_dag.py
[2025-06-05T07:55:15.591+0200] {processor.py:830} INFO - Processing file /home/leoja/airflow/airflow_venv/lib/python3.12/site-packages/airflow/example_dags/tutorial_dag.py for tasks to queue
[2025-06-05T07:55:15.593+0200] {logging_mixin.py:188} INFO - [2025-06-05T07:55:15.592+0200] {dagbag.py:540} INFO - Filling up the DagBag from /home/leoja/airflow/airflow_venv/lib/python3.12/site-packages/airflow/example_dags/tutorial_dag.py
[2025-06-05T07:55:15.597+0200] {processor.py:840} INFO - DAG(s) 'tutorial_dag' retrieved from /home/leoja/airflow/airflow_venv/lib/python3.12/site-packages/airflow/example_dags/tutorial_dag.py
[2025-06-05T07:55:15.609+0200] {logging_mixin.py:188} INFO - [2025-06-05T07:55:15.609+0200] {dag.py:3096} INFO - Sync 1 DAGs
[2025-06-05T07:55:15.617+0200] {logging_mixin.py:188} INFO - [2025-06-05T07:55:15.617+0200] {dag.py:3954} INFO - Setting next_dagrun for tutorial_dag to None, run_after=None
[2025-06-05T07:55:15.638+0200] {processor.py:183} INFO - Processing /home/leoja/airflow/airflow_venv/lib/python3.12/site-packages/airflow/example_dags/tutorial_dag.py took 0.055 seconds
[2025-06-05T07:56:17.642+0200] {processor.py:161} INFO - Started process (PID=531793) to work on /home/leoja/airflow/airflow_venv/lib/python3.12/site-packages/airflow/example_dags/tutorial_dag.py
[2025-06-05T07:56:17.644+0200] {processor.py:830} INFO - Processing file /home/leoja/airflow/airflow_venv/lib/python3.12/site-packages/airflow/example_dags/tutorial_dag.py for tasks to queue
[2025-06-05T07:56:17.646+0200] {logging_mixin.py:188} INFO - [2025-06-05T07:56:17.645+0200] {dagbag.py:540} INFO - Filling up the DagBag from /home/leoja/airflow/airflow_venv/lib/python3.12/site-packages/airflow/example_dags/tutorial_dag.py
[2025-06-05T07:56:17.650+0200] {processor.py:840} INFO - DAG(s) 'tutorial_dag' retrieved from /home/leoja/airflow/airflow_venv/lib/python3.12/site-packages/airflow/example_dags/tutorial_dag.py
[2025-06-05T07:56:17.662+0200] {logging_mixin.py:188} INFO - [2025-06-05T07:56:17.661+0200] {dag.py:3096} INFO - Sync 1 DAGs
[2025-06-05T07:56:17.669+0200] {logging_mixin.py:188} INFO - [2025-06-05T07:56:17.669+0200] {dag.py:3954} INFO - Setting next_dagrun for tutorial_dag to None, run_after=None
[2025-06-05T07:56:17.689+0200] {processor.py:183} INFO - Processing /home/leoja/airflow/airflow_venv/lib/python3.12/site-packages/airflow/example_dags/tutorial_dag.py took 0.053 seconds
[2025-06-05T07:57:01.884+0200] {processor.py:161} INFO - Started process (PID=531965) to work on /home/leoja/airflow/airflow_venv/lib/python3.12/site-packages/airflow/example_dags/tutorial_dag.py
[2025-06-05T07:57:01.886+0200] {processor.py:830} INFO - Processing file /home/leoja/airflow/airflow_venv/lib/python3.12/site-packages/airflow/example_dags/tutorial_dag.py for tasks to queue
[2025-06-05T07:57:01.888+0200] {logging_mixin.py:188} INFO - [2025-06-05T07:57:01.887+0200] {dagbag.py:540} INFO - Filling up the DagBag from /home/leoja/airflow/airflow_venv/lib/python3.12/site-packages/airflow/example_dags/tutorial_dag.py
[2025-06-05T07:57:01.891+0200] {processor.py:840} INFO - DAG(s) 'tutorial_dag' retrieved from /home/leoja/airflow/airflow_venv/lib/python3.12/site-packages/airflow/example_dags/tutorial_dag.py
[2025-06-05T07:57:01.903+0200] {logging_mixin.py:188} INFO - [2025-06-05T07:57:01.903+0200] {dag.py:3096} INFO - Sync 1 DAGs
[2025-06-05T07:57:01.912+0200] {logging_mixin.py:188} INFO - [2025-06-05T07:57:01.912+0200] {dag.py:3954} INFO - Setting next_dagrun for tutorial_dag to None, run_after=None
[2025-06-05T07:57:01.934+0200] {processor.py:183} INFO - Processing /home/leoja/airflow/airflow_venv/lib/python3.12/site-packages/airflow/example_dags/tutorial_dag.py took 0.056 seconds
[2025-06-05T07:58:03.388+0200] {processor.py:161} INFO - Started process (PID=532177) to work on /home/leoja/airflow/airflow_venv/lib/python3.12/site-packages/airflow/example_dags/tutorial_dag.py
[2025-06-05T07:58:03.390+0200] {processor.py:830} INFO - Processing file /home/leoja/airflow/airflow_venv/lib/python3.12/site-packages/airflow/example_dags/tutorial_dag.py for tasks to queue
[2025-06-05T07:58:03.391+0200] {logging_mixin.py:188} INFO - [2025-06-05T07:58:03.391+0200] {dagbag.py:540} INFO - Filling up the DagBag from /home/leoja/airflow/airflow_venv/lib/python3.12/site-packages/airflow/example_dags/tutorial_dag.py
[2025-06-05T07:58:03.395+0200] {processor.py:840} INFO - DAG(s) 'tutorial_dag' retrieved from /home/leoja/airflow/airflow_venv/lib/python3.12/site-packages/airflow/example_dags/tutorial_dag.py
[2025-06-05T07:58:03.405+0200] {logging_mixin.py:188} INFO - [2025-06-05T07:58:03.405+0200] {dag.py:3096} INFO - Sync 1 DAGs
[2025-06-05T07:58:03.413+0200] {logging_mixin.py:188} INFO - [2025-06-05T07:58:03.412+0200] {dag.py:3954} INFO - Setting next_dagrun for tutorial_dag to None, run_after=None
[2025-06-05T07:58:03.433+0200] {processor.py:183} INFO - Processing /home/leoja/airflow/airflow_venv/lib/python3.12/site-packages/airflow/example_dags/tutorial_dag.py took 0.052 seconds
[2025-06-05T07:58:49.623+0200] {processor.py:161} INFO - Started process (PID=532350) to work on /home/leoja/airflow/airflow_venv/lib/python3.12/site-packages/airflow/example_dags/tutorial_dag.py
[2025-06-05T07:58:49.625+0200] {processor.py:830} INFO - Processing file /home/leoja/airflow/airflow_venv/lib/python3.12/site-packages/airflow/example_dags/tutorial_dag.py for tasks to queue
[2025-06-05T07:58:49.627+0200] {logging_mixin.py:188} INFO - [2025-06-05T07:58:49.627+0200] {dagbag.py:540} INFO - Filling up the DagBag from /home/leoja/airflow/airflow_venv/lib/python3.12/site-packages/airflow/example_dags/tutorial_dag.py
[2025-06-05T07:58:49.643+0200] {processor.py:840} INFO - DAG(s) 'tutorial_dag' retrieved from /home/leoja/airflow/airflow_venv/lib/python3.12/site-packages/airflow/example_dags/tutorial_dag.py
[2025-06-05T07:58:49.682+0200] {logging_mixin.py:188} INFO - [2025-06-05T07:58:49.681+0200] {dag.py:3096} INFO - Sync 1 DAGs
[2025-06-05T07:58:49.733+0200] {logging_mixin.py:188} INFO - [2025-06-05T07:58:49.732+0200] {dag.py:3954} INFO - Setting next_dagrun for tutorial_dag to None, run_after=None
[2025-06-05T07:58:49.835+0200] {processor.py:183} INFO - Processing /home/leoja/airflow/airflow_venv/lib/python3.12/site-packages/airflow/example_dags/tutorial_dag.py took 0.233 seconds
[2025-06-05T18:44:29.652+0200] {processor.py:161} INFO - Started process (PID=533510) to work on /home/leoja/airflow/airflow_venv/lib/python3.12/site-packages/airflow/example_dags/tutorial_dag.py
[2025-06-05T18:44:29.654+0200] {processor.py:830} INFO - Processing file /home/leoja/airflow/airflow_venv/lib/python3.12/site-packages/airflow/example_dags/tutorial_dag.py for tasks to queue
[2025-06-05T18:44:29.655+0200] {logging_mixin.py:188} INFO - [2025-06-05T18:44:29.655+0200] {dagbag.py:540} INFO - Filling up the DagBag from /home/leoja/airflow/airflow_venv/lib/python3.12/site-packages/airflow/example_dags/tutorial_dag.py
[2025-06-05T18:44:29.659+0200] {processor.py:840} INFO - DAG(s) 'tutorial_dag' retrieved from /home/leoja/airflow/airflow_venv/lib/python3.12/site-packages/airflow/example_dags/tutorial_dag.py
[2025-06-05T18:44:29.672+0200] {logging_mixin.py:188} INFO - [2025-06-05T18:44:29.671+0200] {dag.py:3096} INFO - Sync 1 DAGs
[2025-06-05T18:44:29.680+0200] {logging_mixin.py:188} INFO - [2025-06-05T18:44:29.680+0200] {dag.py:3954} INFO - Setting next_dagrun for tutorial_dag to None, run_after=None
[2025-06-05T18:44:29.701+0200] {processor.py:183} INFO - Processing /home/leoja/airflow/airflow_venv/lib/python3.12/site-packages/airflow/example_dags/tutorial_dag.py took 0.061 seconds
[2025-06-05T18:45:21.798+0200] {processor.py:161} INFO - Started process (PID=533846) to work on /home/leoja/airflow/airflow_venv/lib/python3.12/site-packages/airflow/example_dags/tutorial_dag.py
[2025-06-05T18:45:21.800+0200] {processor.py:830} INFO - Processing file /home/leoja/airflow/airflow_venv/lib/python3.12/site-packages/airflow/example_dags/tutorial_dag.py for tasks to queue
[2025-06-05T18:45:21.801+0200] {logging_mixin.py:188} INFO - [2025-06-05T18:45:21.801+0200] {dagbag.py:540} INFO - Filling up the DagBag from /home/leoja/airflow/airflow_venv/lib/python3.12/site-packages/airflow/example_dags/tutorial_dag.py
[2025-06-05T18:45:21.806+0200] {processor.py:840} INFO - DAG(s) 'tutorial_dag' retrieved from /home/leoja/airflow/airflow_venv/lib/python3.12/site-packages/airflow/example_dags/tutorial_dag.py
[2025-06-05T18:45:21.818+0200] {logging_mixin.py:188} INFO - [2025-06-05T18:45:21.818+0200] {dag.py:3096} INFO - Sync 1 DAGs
[2025-06-05T18:45:21.826+0200] {logging_mixin.py:188} INFO - [2025-06-05T18:45:21.826+0200] {dag.py:3954} INFO - Setting next_dagrun for tutorial_dag to None, run_after=None
[2025-06-05T18:45:21.846+0200] {processor.py:183} INFO - Processing /home/leoja/airflow/airflow_venv/lib/python3.12/site-packages/airflow/example_dags/tutorial_dag.py took 0.054 seconds
[2025-06-05T18:46:07.215+0200] {processor.py:161} INFO - Started process (PID=534114) to work on /home/leoja/airflow/airflow_venv/lib/python3.12/site-packages/airflow/example_dags/tutorial_dag.py
[2025-06-05T18:46:07.216+0200] {processor.py:830} INFO - Processing file /home/leoja/airflow/airflow_venv/lib/python3.12/site-packages/airflow/example_dags/tutorial_dag.py for tasks to queue
[2025-06-05T18:46:07.218+0200] {logging_mixin.py:188} INFO - [2025-06-05T18:46:07.217+0200] {dagbag.py:540} INFO - Filling up the DagBag from /home/leoja/airflow/airflow_venv/lib/python3.12/site-packages/airflow/example_dags/tutorial_dag.py
[2025-06-05T18:46:07.222+0200] {processor.py:840} INFO - DAG(s) 'tutorial_dag' retrieved from /home/leoja/airflow/airflow_venv/lib/python3.12/site-packages/airflow/example_dags/tutorial_dag.py
[2025-06-05T18:46:07.235+0200] {logging_mixin.py:188} INFO - [2025-06-05T18:46:07.235+0200] {dag.py:3096} INFO - Sync 1 DAGs
[2025-06-05T18:46:07.243+0200] {logging_mixin.py:188} INFO - [2025-06-05T18:46:07.243+0200] {dag.py:3954} INFO - Setting next_dagrun for tutorial_dag to None, run_after=None
[2025-06-05T18:46:07.266+0200] {processor.py:183} INFO - Processing /home/leoja/airflow/airflow_venv/lib/python3.12/site-packages/airflow/example_dags/tutorial_dag.py took 0.059 seconds
[2025-06-05T18:46:53.164+0200] {processor.py:161} INFO - Started process (PID=534382) to work on /home/leoja/airflow/airflow_venv/lib/python3.12/site-packages/airflow/example_dags/tutorial_dag.py
[2025-06-05T18:46:53.165+0200] {processor.py:830} INFO - Processing file /home/leoja/airflow/airflow_venv/lib/python3.12/site-packages/airflow/example_dags/tutorial_dag.py for tasks to queue
[2025-06-05T18:46:53.168+0200] {logging_mixin.py:188} INFO - [2025-06-05T18:46:53.167+0200] {dagbag.py:540} INFO - Filling up the DagBag from /home/leoja/airflow/airflow_venv/lib/python3.12/site-packages/airflow/example_dags/tutorial_dag.py
[2025-06-05T18:46:53.173+0200] {processor.py:840} INFO - DAG(s) 'tutorial_dag' retrieved from /home/leoja/airflow/airflow_venv/lib/python3.12/site-packages/airflow/example_dags/tutorial_dag.py
[2025-06-05T18:46:53.186+0200] {logging_mixin.py:188} INFO - [2025-06-05T18:46:53.185+0200] {dag.py:3096} INFO - Sync 1 DAGs
[2025-06-05T18:46:53.194+0200] {logging_mixin.py:188} INFO - [2025-06-05T18:46:53.194+0200] {dag.py:3954} INFO - Setting next_dagrun for tutorial_dag to None, run_after=None
[2025-06-05T18:46:53.219+0200] {processor.py:183} INFO - Processing /home/leoja/airflow/airflow_venv/lib/python3.12/site-packages/airflow/example_dags/tutorial_dag.py took 0.062 seconds
[2025-06-05T18:47:58.035+0200] {processor.py:161} INFO - Started process (PID=534736) to work on /home/leoja/airflow/airflow_venv/lib/python3.12/site-packages/airflow/example_dags/tutorial_dag.py
[2025-06-05T18:47:58.037+0200] {processor.py:830} INFO - Processing file /home/leoja/airflow/airflow_venv/lib/python3.12/site-packages/airflow/example_dags/tutorial_dag.py for tasks to queue
[2025-06-05T18:47:58.041+0200] {logging_mixin.py:188} INFO - [2025-06-05T18:47:58.040+0200] {dagbag.py:540} INFO - Filling up the DagBag from /home/leoja/airflow/airflow_venv/lib/python3.12/site-packages/airflow/example_dags/tutorial_dag.py
[2025-06-05T18:47:58.049+0200] {processor.py:840} INFO - DAG(s) 'tutorial_dag' retrieved from /home/leoja/airflow/airflow_venv/lib/python3.12/site-packages/airflow/example_dags/tutorial_dag.py
[2025-06-05T18:47:58.073+0200] {logging_mixin.py:188} INFO - [2025-06-05T18:47:58.072+0200] {dag.py:3096} INFO - Sync 1 DAGs
[2025-06-05T18:47:58.088+0200] {logging_mixin.py:188} INFO - [2025-06-05T18:47:58.088+0200] {dag.py:3954} INFO - Setting next_dagrun for tutorial_dag to None, run_after=None
[2025-06-05T18:47:58.116+0200] {processor.py:183} INFO - Processing /home/leoja/airflow/airflow_venv/lib/python3.12/site-packages/airflow/example_dags/tutorial_dag.py took 0.088 seconds
[2025-06-05T18:48:46.929+0200] {processor.py:161} INFO - Started process (PID=535127) to work on /home/leoja/airflow/airflow_venv/lib/python3.12/site-packages/airflow/example_dags/tutorial_dag.py
[2025-06-05T18:48:46.931+0200] {processor.py:830} INFO - Processing file /home/leoja/airflow/airflow_venv/lib/python3.12/site-packages/airflow/example_dags/tutorial_dag.py for tasks to queue
[2025-06-05T18:48:46.933+0200] {logging_mixin.py:188} INFO - [2025-06-05T18:48:46.933+0200] {dagbag.py:540} INFO - Filling up the DagBag from /home/leoja/airflow/airflow_venv/lib/python3.12/site-packages/airflow/example_dags/tutorial_dag.py
[2025-06-05T18:48:46.938+0200] {processor.py:840} INFO - DAG(s) 'tutorial_dag' retrieved from /home/leoja/airflow/airflow_venv/lib/python3.12/site-packages/airflow/example_dags/tutorial_dag.py
[2025-06-05T18:48:46.950+0200] {logging_mixin.py:188} INFO - [2025-06-05T18:48:46.950+0200] {dag.py:3096} INFO - Sync 1 DAGs
[2025-06-05T18:48:46.958+0200] {logging_mixin.py:188} INFO - [2025-06-05T18:48:46.958+0200] {dag.py:3954} INFO - Setting next_dagrun for tutorial_dag to None, run_after=None
[2025-06-05T18:48:46.978+0200] {processor.py:183} INFO - Processing /home/leoja/airflow/airflow_venv/lib/python3.12/site-packages/airflow/example_dags/tutorial_dag.py took 0.055 seconds
[2025-06-05T18:49:48.071+0200] {processor.py:161} INFO - Started process (PID=535479) to work on /home/leoja/airflow/airflow_venv/lib/python3.12/site-packages/airflow/example_dags/tutorial_dag.py
[2025-06-05T18:49:48.073+0200] {processor.py:830} INFO - Processing file /home/leoja/airflow/airflow_venv/lib/python3.12/site-packages/airflow/example_dags/tutorial_dag.py for tasks to queue
[2025-06-05T18:49:48.074+0200] {logging_mixin.py:188} INFO - [2025-06-05T18:49:48.074+0200] {dagbag.py:540} INFO - Filling up the DagBag from /home/leoja/airflow/airflow_venv/lib/python3.12/site-packages/airflow/example_dags/tutorial_dag.py
[2025-06-05T18:49:48.078+0200] {processor.py:840} INFO - DAG(s) 'tutorial_dag' retrieved from /home/leoja/airflow/airflow_venv/lib/python3.12/site-packages/airflow/example_dags/tutorial_dag.py
[2025-06-05T18:49:48.090+0200] {logging_mixin.py:188} INFO - [2025-06-05T18:49:48.089+0200] {dag.py:3096} INFO - Sync 1 DAGs
[2025-06-05T18:49:48.097+0200] {logging_mixin.py:188} INFO - [2025-06-05T18:49:48.097+0200] {dag.py:3954} INFO - Setting next_dagrun for tutorial_dag to None, run_after=None
[2025-06-05T18:49:48.116+0200] {processor.py:183} INFO - Processing /home/leoja/airflow/airflow_venv/lib/python3.12/site-packages/airflow/example_dags/tutorial_dag.py took 0.051 seconds
[2025-06-05T18:51:11.574+0200] {processor.py:161} INFO - Started process (PID=536425) to work on /home/leoja/airflow/airflow_venv/lib/python3.12/site-packages/airflow/example_dags/tutorial_dag.py
[2025-06-05T18:51:11.575+0200] {processor.py:830} INFO - Processing file /home/leoja/airflow/airflow_venv/lib/python3.12/site-packages/airflow/example_dags/tutorial_dag.py for tasks to queue
[2025-06-05T18:51:11.577+0200] {logging_mixin.py:188} INFO - [2025-06-05T18:51:11.577+0200] {dagbag.py:540} INFO - Filling up the DagBag from /home/leoja/airflow/airflow_venv/lib/python3.12/site-packages/airflow/example_dags/tutorial_dag.py
[2025-06-05T18:51:11.581+0200] {processor.py:840} INFO - DAG(s) 'tutorial_dag' retrieved from /home/leoja/airflow/airflow_venv/lib/python3.12/site-packages/airflow/example_dags/tutorial_dag.py
[2025-06-05T18:51:11.593+0200] {logging_mixin.py:188} INFO - [2025-06-05T18:51:11.593+0200] {dag.py:3096} INFO - Sync 1 DAGs
[2025-06-05T18:51:11.602+0200] {logging_mixin.py:188} INFO - [2025-06-05T18:51:11.601+0200] {dag.py:3954} INFO - Setting next_dagrun for tutorial_dag to None, run_after=None
[2025-06-05T18:51:11.622+0200] {processor.py:183} INFO - Processing /home/leoja/airflow/airflow_venv/lib/python3.12/site-packages/airflow/example_dags/tutorial_dag.py took 0.055 seconds
[2025-06-05T18:52:00.346+0200] {processor.py:161} INFO - Started process (PID=536731) to work on /home/leoja/airflow/airflow_venv/lib/python3.12/site-packages/airflow/example_dags/tutorial_dag.py
[2025-06-05T18:52:00.348+0200] {processor.py:830} INFO - Processing file /home/leoja/airflow/airflow_venv/lib/python3.12/site-packages/airflow/example_dags/tutorial_dag.py for tasks to queue
[2025-06-05T18:52:00.350+0200] {logging_mixin.py:188} INFO - [2025-06-05T18:52:00.349+0200] {dagbag.py:540} INFO - Filling up the DagBag from /home/leoja/airflow/airflow_venv/lib/python3.12/site-packages/airflow/example_dags/tutorial_dag.py
[2025-06-05T18:52:00.354+0200] {processor.py:840} INFO - DAG(s) 'tutorial_dag' retrieved from /home/leoja/airflow/airflow_venv/lib/python3.12/site-packages/airflow/example_dags/tutorial_dag.py
[2025-06-05T18:52:00.369+0200] {logging_mixin.py:188} INFO - [2025-06-05T18:52:00.369+0200] {dag.py:3096} INFO - Sync 1 DAGs
[2025-06-05T18:52:00.379+0200] {logging_mixin.py:188} INFO - [2025-06-05T18:52:00.378+0200] {dag.py:3954} INFO - Setting next_dagrun for tutorial_dag to None, run_after=None
[2025-06-05T18:52:00.402+0200] {processor.py:183} INFO - Processing /home/leoja/airflow/airflow_venv/lib/python3.12/site-packages/airflow/example_dags/tutorial_dag.py took 0.063 seconds
[2025-06-05T18:53:03.118+0200] {processor.py:161} INFO - Started process (PID=537335) to work on /home/leoja/airflow/airflow_venv/lib/python3.12/site-packages/airflow/example_dags/tutorial_dag.py
[2025-06-05T18:53:03.120+0200] {processor.py:830} INFO - Processing file /home/leoja/airflow/airflow_venv/lib/python3.12/site-packages/airflow/example_dags/tutorial_dag.py for tasks to queue
[2025-06-05T18:53:03.122+0200] {logging_mixin.py:188} INFO - [2025-06-05T18:53:03.121+0200] {dagbag.py:540} INFO - Filling up the DagBag from /home/leoja/airflow/airflow_venv/lib/python3.12/site-packages/airflow/example_dags/tutorial_dag.py
[2025-06-05T18:53:03.129+0200] {processor.py:840} INFO - DAG(s) 'tutorial_dag' retrieved from /home/leoja/airflow/airflow_venv/lib/python3.12/site-packages/airflow/example_dags/tutorial_dag.py
[2025-06-05T18:53:03.144+0200] {logging_mixin.py:188} INFO - [2025-06-05T18:53:03.144+0200] {dag.py:3096} INFO - Sync 1 DAGs
[2025-06-05T18:53:03.154+0200] {logging_mixin.py:188} INFO - [2025-06-05T18:53:03.153+0200] {dag.py:3954} INFO - Setting next_dagrun for tutorial_dag to None, run_after=None
[2025-06-05T18:53:03.178+0200] {processor.py:183} INFO - Processing /home/leoja/airflow/airflow_venv/lib/python3.12/site-packages/airflow/example_dags/tutorial_dag.py took 0.067 seconds
[2025-06-05T18:54:14.787+0200] {processor.py:161} INFO - Started process (PID=538225) to work on /home/leoja/airflow/airflow_venv/lib/python3.12/site-packages/airflow/example_dags/tutorial_dag.py
[2025-06-05T18:54:14.789+0200] {processor.py:830} INFO - Processing file /home/leoja/airflow/airflow_venv/lib/python3.12/site-packages/airflow/example_dags/tutorial_dag.py for tasks to queue
[2025-06-05T18:54:14.790+0200] {logging_mixin.py:188} INFO - [2025-06-05T18:54:14.790+0200] {dagbag.py:540} INFO - Filling up the DagBag from /home/leoja/airflow/airflow_venv/lib/python3.12/site-packages/airflow/example_dags/tutorial_dag.py
[2025-06-05T18:54:14.796+0200] {processor.py:840} INFO - DAG(s) 'tutorial_dag' retrieved from /home/leoja/airflow/airflow_venv/lib/python3.12/site-packages/airflow/example_dags/tutorial_dag.py
[2025-06-05T18:54:14.812+0200] {logging_mixin.py:188} INFO - [2025-06-05T18:54:14.811+0200] {dag.py:3096} INFO - Sync 1 DAGs
[2025-06-05T18:54:14.823+0200] {logging_mixin.py:188} INFO - [2025-06-05T18:54:14.822+0200] {dag.py:3954} INFO - Setting next_dagrun for tutorial_dag to None, run_after=None
[2025-06-05T18:54:14.848+0200] {processor.py:183} INFO - Processing /home/leoja/airflow/airflow_venv/lib/python3.12/site-packages/airflow/example_dags/tutorial_dag.py took 0.067 seconds
[2025-06-05T18:55:09.719+0200] {processor.py:161} INFO - Started process (PID=538605) to work on /home/leoja/airflow/airflow_venv/lib/python3.12/site-packages/airflow/example_dags/tutorial_dag.py
[2025-06-05T18:55:09.721+0200] {processor.py:830} INFO - Processing file /home/leoja/airflow/airflow_venv/lib/python3.12/site-packages/airflow/example_dags/tutorial_dag.py for tasks to queue
[2025-06-05T18:55:09.722+0200] {logging_mixin.py:188} INFO - [2025-06-05T18:55:09.722+0200] {dagbag.py:540} INFO - Filling up the DagBag from /home/leoja/airflow/airflow_venv/lib/python3.12/site-packages/airflow/example_dags/tutorial_dag.py
[2025-06-05T18:55:09.728+0200] {processor.py:840} INFO - DAG(s) 'tutorial_dag' retrieved from /home/leoja/airflow/airflow_venv/lib/python3.12/site-packages/airflow/example_dags/tutorial_dag.py
[2025-06-05T18:55:09.741+0200] {logging_mixin.py:188} INFO - [2025-06-05T18:55:09.741+0200] {dag.py:3096} INFO - Sync 1 DAGs
[2025-06-05T18:55:09.750+0200] {logging_mixin.py:188} INFO - [2025-06-05T18:55:09.750+0200] {dag.py:3954} INFO - Setting next_dagrun for tutorial_dag to None, run_after=None
[2025-06-05T18:55:09.773+0200] {processor.py:183} INFO - Processing /home/leoja/airflow/airflow_venv/lib/python3.12/site-packages/airflow/example_dags/tutorial_dag.py took 0.061 seconds
[2025-06-05T18:56:13.350+0200] {processor.py:161} INFO - Started process (PID=538980) to work on /home/leoja/airflow/airflow_venv/lib/python3.12/site-packages/airflow/example_dags/tutorial_dag.py
[2025-06-05T18:56:13.352+0200] {processor.py:830} INFO - Processing file /home/leoja/airflow/airflow_venv/lib/python3.12/site-packages/airflow/example_dags/tutorial_dag.py for tasks to queue
[2025-06-05T18:56:13.353+0200] {logging_mixin.py:188} INFO - [2025-06-05T18:56:13.353+0200] {dagbag.py:540} INFO - Filling up the DagBag from /home/leoja/airflow/airflow_venv/lib/python3.12/site-packages/airflow/example_dags/tutorial_dag.py
[2025-06-05T18:56:13.358+0200] {processor.py:840} INFO - DAG(s) 'tutorial_dag' retrieved from /home/leoja/airflow/airflow_venv/lib/python3.12/site-packages/airflow/example_dags/tutorial_dag.py
[2025-06-05T18:56:13.373+0200] {logging_mixin.py:188} INFO - [2025-06-05T18:56:13.373+0200] {dag.py:3096} INFO - Sync 1 DAGs
[2025-06-05T18:56:13.383+0200] {logging_mixin.py:188} INFO - [2025-06-05T18:56:13.383+0200] {dag.py:3954} INFO - Setting next_dagrun for tutorial_dag to None, run_after=None
[2025-06-05T18:56:13.409+0200] {processor.py:183} INFO - Processing /home/leoja/airflow/airflow_venv/lib/python3.12/site-packages/airflow/example_dags/tutorial_dag.py took 0.066 seconds
[2025-06-05T18:57:17.436+0200] {processor.py:161} INFO - Started process (PID=539394) to work on /home/leoja/airflow/airflow_venv/lib/python3.12/site-packages/airflow/example_dags/tutorial_dag.py
[2025-06-05T18:57:17.460+0200] {processor.py:830} INFO - Processing file /home/leoja/airflow/airflow_venv/lib/python3.12/site-packages/airflow/example_dags/tutorial_dag.py for tasks to queue
[2025-06-05T18:57:17.463+0200] {logging_mixin.py:188} INFO - [2025-06-05T18:57:17.462+0200] {dagbag.py:540} INFO - Filling up the DagBag from /home/leoja/airflow/airflow_venv/lib/python3.12/site-packages/airflow/example_dags/tutorial_dag.py
[2025-06-05T18:57:17.468+0200] {processor.py:840} INFO - DAG(s) 'tutorial_dag' retrieved from /home/leoja/airflow/airflow_venv/lib/python3.12/site-packages/airflow/example_dags/tutorial_dag.py
[2025-06-05T18:57:17.485+0200] {logging_mixin.py:188} INFO - [2025-06-05T18:57:17.485+0200] {dag.py:3096} INFO - Sync 1 DAGs
[2025-06-05T18:57:17.496+0200] {logging_mixin.py:188} INFO - [2025-06-05T18:57:17.496+0200] {dag.py:3954} INFO - Setting next_dagrun for tutorial_dag to None, run_after=None
[2025-06-05T18:57:17.541+0200] {processor.py:183} INFO - Processing /home/leoja/airflow/airflow_venv/lib/python3.12/site-packages/airflow/example_dags/tutorial_dag.py took 0.115 seconds
[2025-06-05T18:58:00.903+0200] {processor.py:161} INFO - Started process (PID=539765) to work on /home/leoja/airflow/airflow_venv/lib/python3.12/site-packages/airflow/example_dags/tutorial_dag.py
[2025-06-05T18:58:00.905+0200] {processor.py:830} INFO - Processing file /home/leoja/airflow/airflow_venv/lib/python3.12/site-packages/airflow/example_dags/tutorial_dag.py for tasks to queue
[2025-06-05T18:58:00.907+0200] {logging_mixin.py:188} INFO - [2025-06-05T18:58:00.906+0200] {dagbag.py:540} INFO - Filling up the DagBag from /home/leoja/airflow/airflow_venv/lib/python3.12/site-packages/airflow/example_dags/tutorial_dag.py
[2025-06-05T18:58:00.911+0200] {processor.py:840} INFO - DAG(s) 'tutorial_dag' retrieved from /home/leoja/airflow/airflow_venv/lib/python3.12/site-packages/airflow/example_dags/tutorial_dag.py
[2025-06-05T18:58:00.925+0200] {logging_mixin.py:188} INFO - [2025-06-05T18:58:00.925+0200] {dag.py:3096} INFO - Sync 1 DAGs
[2025-06-05T18:58:00.934+0200] {logging_mixin.py:188} INFO - [2025-06-05T18:58:00.934+0200] {dag.py:3954} INFO - Setting next_dagrun for tutorial_dag to None, run_after=None
[2025-06-05T18:58:00.962+0200] {processor.py:183} INFO - Processing /home/leoja/airflow/airflow_venv/lib/python3.12/site-packages/airflow/example_dags/tutorial_dag.py took 0.065 seconds
[2025-06-05T18:59:03.029+0200] {processor.py:161} INFO - Started process (PID=540108) to work on /home/leoja/airflow/airflow_venv/lib/python3.12/site-packages/airflow/example_dags/tutorial_dag.py
[2025-06-05T18:59:03.031+0200] {processor.py:830} INFO - Processing file /home/leoja/airflow/airflow_venv/lib/python3.12/site-packages/airflow/example_dags/tutorial_dag.py for tasks to queue
[2025-06-05T18:59:03.033+0200] {logging_mixin.py:188} INFO - [2025-06-05T18:59:03.033+0200] {dagbag.py:540} INFO - Filling up the DagBag from /home/leoja/airflow/airflow_venv/lib/python3.12/site-packages/airflow/example_dags/tutorial_dag.py
[2025-06-05T18:59:03.037+0200] {processor.py:840} INFO - DAG(s) 'tutorial_dag' retrieved from /home/leoja/airflow/airflow_venv/lib/python3.12/site-packages/airflow/example_dags/tutorial_dag.py
[2025-06-05T18:59:03.051+0200] {logging_mixin.py:188} INFO - [2025-06-05T18:59:03.051+0200] {dag.py:3096} INFO - Sync 1 DAGs
[2025-06-05T18:59:03.060+0200] {logging_mixin.py:188} INFO - [2025-06-05T18:59:03.060+0200] {dag.py:3954} INFO - Setting next_dagrun for tutorial_dag to None, run_after=None
[2025-06-05T18:59:03.082+0200] {processor.py:183} INFO - Processing /home/leoja/airflow/airflow_venv/lib/python3.12/site-packages/airflow/example_dags/tutorial_dag.py took 0.060 seconds
[2025-06-05T18:59:46.885+0200] {processor.py:161} INFO - Started process (PID=540367) to work on /home/leoja/airflow/airflow_venv/lib/python3.12/site-packages/airflow/example_dags/tutorial_dag.py
[2025-06-05T18:59:46.888+0200] {processor.py:830} INFO - Processing file /home/leoja/airflow/airflow_venv/lib/python3.12/site-packages/airflow/example_dags/tutorial_dag.py for tasks to queue
[2025-06-05T18:59:46.889+0200] {logging_mixin.py:188} INFO - [2025-06-05T18:59:46.889+0200] {dagbag.py:540} INFO - Filling up the DagBag from /home/leoja/airflow/airflow_venv/lib/python3.12/site-packages/airflow/example_dags/tutorial_dag.py
[2025-06-05T18:59:46.896+0200] {processor.py:840} INFO - DAG(s) 'tutorial_dag' retrieved from /home/leoja/airflow/airflow_venv/lib/python3.12/site-packages/airflow/example_dags/tutorial_dag.py
[2025-06-05T18:59:46.909+0200] {logging_mixin.py:188} INFO - [2025-06-05T18:59:46.909+0200] {dag.py:3096} INFO - Sync 1 DAGs
[2025-06-05T18:59:46.919+0200] {logging_mixin.py:188} INFO - [2025-06-05T18:59:46.919+0200] {dag.py:3954} INFO - Setting next_dagrun for tutorial_dag to None, run_after=None
[2025-06-05T18:59:46.940+0200] {processor.py:183} INFO - Processing /home/leoja/airflow/airflow_venv/lib/python3.12/site-packages/airflow/example_dags/tutorial_dag.py took 0.061 seconds
[2025-06-05T19:00:48.595+0200] {processor.py:161} INFO - Started process (PID=540715) to work on /home/leoja/airflow/airflow_venv/lib/python3.12/site-packages/airflow/example_dags/tutorial_dag.py
[2025-06-05T19:00:48.597+0200] {processor.py:830} INFO - Processing file /home/leoja/airflow/airflow_venv/lib/python3.12/site-packages/airflow/example_dags/tutorial_dag.py for tasks to queue
[2025-06-05T19:00:48.598+0200] {logging_mixin.py:188} INFO - [2025-06-05T19:00:48.598+0200] {dagbag.py:540} INFO - Filling up the DagBag from /home/leoja/airflow/airflow_venv/lib/python3.12/site-packages/airflow/example_dags/tutorial_dag.py
[2025-06-05T19:00:48.603+0200] {processor.py:840} INFO - DAG(s) 'tutorial_dag' retrieved from /home/leoja/airflow/airflow_venv/lib/python3.12/site-packages/airflow/example_dags/tutorial_dag.py
[2025-06-05T19:00:48.618+0200] {logging_mixin.py:188} INFO - [2025-06-05T19:00:48.618+0200] {dag.py:3096} INFO - Sync 1 DAGs
[2025-06-05T19:00:48.627+0200] {logging_mixin.py:188} INFO - [2025-06-05T19:00:48.627+0200] {dag.py:3954} INFO - Setting next_dagrun for tutorial_dag to None, run_after=None
[2025-06-05T19:00:48.651+0200] {processor.py:183} INFO - Processing /home/leoja/airflow/airflow_venv/lib/python3.12/site-packages/airflow/example_dags/tutorial_dag.py took 0.062 seconds
[2025-06-05T19:01:50.315+0200] {processor.py:161} INFO - Started process (PID=541054) to work on /home/leoja/airflow/airflow_venv/lib/python3.12/site-packages/airflow/example_dags/tutorial_dag.py
[2025-06-05T19:01:50.317+0200] {processor.py:830} INFO - Processing file /home/leoja/airflow/airflow_venv/lib/python3.12/site-packages/airflow/example_dags/tutorial_dag.py for tasks to queue
[2025-06-05T19:01:50.319+0200] {logging_mixin.py:188} INFO - [2025-06-05T19:01:50.318+0200] {dagbag.py:540} INFO - Filling up the DagBag from /home/leoja/airflow/airflow_venv/lib/python3.12/site-packages/airflow/example_dags/tutorial_dag.py
[2025-06-05T19:01:50.324+0200] {processor.py:840} INFO - DAG(s) 'tutorial_dag' retrieved from /home/leoja/airflow/airflow_venv/lib/python3.12/site-packages/airflow/example_dags/tutorial_dag.py
[2025-06-05T19:01:50.337+0200] {logging_mixin.py:188} INFO - [2025-06-05T19:01:50.337+0200] {dag.py:3096} INFO - Sync 1 DAGs
[2025-06-05T19:01:50.346+0200] {logging_mixin.py:188} INFO - [2025-06-05T19:01:50.346+0200] {dag.py:3954} INFO - Setting next_dagrun for tutorial_dag to None, run_after=None
[2025-06-05T19:01:50.368+0200] {processor.py:183} INFO - Processing /home/leoja/airflow/airflow_venv/lib/python3.12/site-packages/airflow/example_dags/tutorial_dag.py took 0.058 seconds
[2025-06-05T19:02:35.661+0200] {processor.py:161} INFO - Started process (PID=541320) to work on /home/leoja/airflow/airflow_venv/lib/python3.12/site-packages/airflow/example_dags/tutorial_dag.py
[2025-06-05T19:02:35.663+0200] {processor.py:830} INFO - Processing file /home/leoja/airflow/airflow_venv/lib/python3.12/site-packages/airflow/example_dags/tutorial_dag.py for tasks to queue
[2025-06-05T19:02:35.664+0200] {logging_mixin.py:188} INFO - [2025-06-05T19:02:35.664+0200] {dagbag.py:540} INFO - Filling up the DagBag from /home/leoja/airflow/airflow_venv/lib/python3.12/site-packages/airflow/example_dags/tutorial_dag.py
[2025-06-05T19:02:35.669+0200] {processor.py:840} INFO - DAG(s) 'tutorial_dag' retrieved from /home/leoja/airflow/airflow_venv/lib/python3.12/site-packages/airflow/example_dags/tutorial_dag.py
[2025-06-05T19:02:35.683+0200] {logging_mixin.py:188} INFO - [2025-06-05T19:02:35.683+0200] {dag.py:3096} INFO - Sync 1 DAGs
[2025-06-05T19:02:35.692+0200] {logging_mixin.py:188} INFO - [2025-06-05T19:02:35.692+0200] {dag.py:3954} INFO - Setting next_dagrun for tutorial_dag to None, run_after=None
[2025-06-05T19:02:35.715+0200] {processor.py:183} INFO - Processing /home/leoja/airflow/airflow_venv/lib/python3.12/site-packages/airflow/example_dags/tutorial_dag.py took 0.059 seconds
[2025-06-05T19:03:22.510+0200] {processor.py:161} INFO - Started process (PID=541588) to work on /home/leoja/airflow/airflow_venv/lib/python3.12/site-packages/airflow/example_dags/tutorial_dag.py
[2025-06-05T19:03:22.512+0200] {processor.py:830} INFO - Processing file /home/leoja/airflow/airflow_venv/lib/python3.12/site-packages/airflow/example_dags/tutorial_dag.py for tasks to queue
[2025-06-05T19:03:22.514+0200] {logging_mixin.py:188} INFO - [2025-06-05T19:03:22.513+0200] {dagbag.py:540} INFO - Filling up the DagBag from /home/leoja/airflow/airflow_venv/lib/python3.12/site-packages/airflow/example_dags/tutorial_dag.py
[2025-06-05T19:03:22.518+0200] {processor.py:840} INFO - DAG(s) 'tutorial_dag' retrieved from /home/leoja/airflow/airflow_venv/lib/python3.12/site-packages/airflow/example_dags/tutorial_dag.py
[2025-06-05T19:03:22.533+0200] {logging_mixin.py:188} INFO - [2025-06-05T19:03:22.533+0200] {dag.py:3096} INFO - Sync 1 DAGs
[2025-06-05T19:03:22.542+0200] {logging_mixin.py:188} INFO - [2025-06-05T19:03:22.542+0200] {dag.py:3954} INFO - Setting next_dagrun for tutorial_dag to None, run_after=None
[2025-06-05T19:03:22.565+0200] {processor.py:183} INFO - Processing /home/leoja/airflow/airflow_venv/lib/python3.12/site-packages/airflow/example_dags/tutorial_dag.py took 0.064 seconds
[2025-06-05T19:04:09.214+0200] {processor.py:161} INFO - Started process (PID=541823) to work on /home/leoja/airflow/airflow_venv/lib/python3.12/site-packages/airflow/example_dags/tutorial_dag.py
[2025-06-05T19:04:09.216+0200] {processor.py:830} INFO - Processing file /home/leoja/airflow/airflow_venv/lib/python3.12/site-packages/airflow/example_dags/tutorial_dag.py for tasks to queue
[2025-06-05T19:04:09.217+0200] {logging_mixin.py:188} INFO - [2025-06-05T19:04:09.217+0200] {dagbag.py:540} INFO - Filling up the DagBag from /home/leoja/airflow/airflow_venv/lib/python3.12/site-packages/airflow/example_dags/tutorial_dag.py
[2025-06-05T19:04:09.222+0200] {processor.py:840} INFO - DAG(s) 'tutorial_dag' retrieved from /home/leoja/airflow/airflow_venv/lib/python3.12/site-packages/airflow/example_dags/tutorial_dag.py
[2025-06-05T19:04:09.237+0200] {logging_mixin.py:188} INFO - [2025-06-05T19:04:09.237+0200] {dag.py:3096} INFO - Sync 1 DAGs
[2025-06-05T19:04:09.246+0200] {logging_mixin.py:188} INFO - [2025-06-05T19:04:09.246+0200] {dag.py:3954} INFO - Setting next_dagrun for tutorial_dag to None, run_after=None
[2025-06-05T19:04:09.268+0200] {processor.py:183} INFO - Processing /home/leoja/airflow/airflow_venv/lib/python3.12/site-packages/airflow/example_dags/tutorial_dag.py took 0.060 seconds
[2025-06-05T19:04:57.895+0200] {processor.py:161} INFO - Started process (PID=542167) to work on /home/leoja/airflow/airflow_venv/lib/python3.12/site-packages/airflow/example_dags/tutorial_dag.py
[2025-06-05T19:04:57.897+0200] {processor.py:830} INFO - Processing file /home/leoja/airflow/airflow_venv/lib/python3.12/site-packages/airflow/example_dags/tutorial_dag.py for tasks to queue
[2025-06-05T19:04:57.898+0200] {logging_mixin.py:188} INFO - [2025-06-05T19:04:57.898+0200] {dagbag.py:540} INFO - Filling up the DagBag from /home/leoja/airflow/airflow_venv/lib/python3.12/site-packages/airflow/example_dags/tutorial_dag.py
[2025-06-05T19:04:57.902+0200] {processor.py:840} INFO - DAG(s) 'tutorial_dag' retrieved from /home/leoja/airflow/airflow_venv/lib/python3.12/site-packages/airflow/example_dags/tutorial_dag.py
[2025-06-05T19:04:57.915+0200] {logging_mixin.py:188} INFO - [2025-06-05T19:04:57.915+0200] {dag.py:3096} INFO - Sync 1 DAGs
[2025-06-05T19:04:58.014+0200] {logging_mixin.py:188} INFO - [2025-06-05T19:04:58.013+0200] {dag.py:3954} INFO - Setting next_dagrun for tutorial_dag to None, run_after=None
[2025-06-05T19:04:58.032+0200] {processor.py:183} INFO - Processing /home/leoja/airflow/airflow_venv/lib/python3.12/site-packages/airflow/example_dags/tutorial_dag.py took 0.144 seconds
[2025-06-05T19:05:46.463+0200] {processor.py:161} INFO - Started process (PID=542341) to work on /home/leoja/airflow/airflow_venv/lib/python3.12/site-packages/airflow/example_dags/tutorial_dag.py
[2025-06-05T19:05:46.465+0200] {processor.py:830} INFO - Processing file /home/leoja/airflow/airflow_venv/lib/python3.12/site-packages/airflow/example_dags/tutorial_dag.py for tasks to queue
[2025-06-05T19:05:46.466+0200] {logging_mixin.py:188} INFO - [2025-06-05T19:05:46.466+0200] {dagbag.py:540} INFO - Filling up the DagBag from /home/leoja/airflow/airflow_venv/lib/python3.12/site-packages/airflow/example_dags/tutorial_dag.py
[2025-06-05T19:05:46.471+0200] {processor.py:840} INFO - DAG(s) 'tutorial_dag' retrieved from /home/leoja/airflow/airflow_venv/lib/python3.12/site-packages/airflow/example_dags/tutorial_dag.py
[2025-06-05T19:05:46.482+0200] {logging_mixin.py:188} INFO - [2025-06-05T19:05:46.482+0200] {dag.py:3096} INFO - Sync 1 DAGs
[2025-06-05T19:05:46.489+0200] {logging_mixin.py:188} INFO - [2025-06-05T19:05:46.489+0200] {dag.py:3954} INFO - Setting next_dagrun for tutorial_dag to None, run_after=None
[2025-06-05T19:05:46.510+0200] {processor.py:183} INFO - Processing /home/leoja/airflow/airflow_venv/lib/python3.12/site-packages/airflow/example_dags/tutorial_dag.py took 0.053 seconds
[2025-06-05T19:06:47.920+0200] {processor.py:161} INFO - Started process (PID=542561) to work on /home/leoja/airflow/airflow_venv/lib/python3.12/site-packages/airflow/example_dags/tutorial_dag.py
[2025-06-05T19:06:47.921+0200] {processor.py:830} INFO - Processing file /home/leoja/airflow/airflow_venv/lib/python3.12/site-packages/airflow/example_dags/tutorial_dag.py for tasks to queue
[2025-06-05T19:06:47.923+0200] {logging_mixin.py:188} INFO - [2025-06-05T19:06:47.922+0200] {dagbag.py:540} INFO - Filling up the DagBag from /home/leoja/airflow/airflow_venv/lib/python3.12/site-packages/airflow/example_dags/tutorial_dag.py
[2025-06-05T19:06:47.927+0200] {processor.py:840} INFO - DAG(s) 'tutorial_dag' retrieved from /home/leoja/airflow/airflow_venv/lib/python3.12/site-packages/airflow/example_dags/tutorial_dag.py
[2025-06-05T19:06:47.939+0200] {logging_mixin.py:188} INFO - [2025-06-05T19:06:47.938+0200] {dag.py:3096} INFO - Sync 1 DAGs
[2025-06-05T19:06:47.946+0200] {logging_mixin.py:188} INFO - [2025-06-05T19:06:47.946+0200] {dag.py:3954} INFO - Setting next_dagrun for tutorial_dag to None, run_after=None
[2025-06-05T19:06:47.965+0200] {processor.py:183} INFO - Processing /home/leoja/airflow/airflow_venv/lib/python3.12/site-packages/airflow/example_dags/tutorial_dag.py took 0.051 seconds
[2025-06-05T19:07:47.538+0200] {processor.py:161} INFO - Started process (PID=542983) to work on /home/leoja/airflow/airflow_venv/lib/python3.12/site-packages/airflow/example_dags/tutorial_dag.py
[2025-06-05T19:07:47.540+0200] {processor.py:830} INFO - Processing file /home/leoja/airflow/airflow_venv/lib/python3.12/site-packages/airflow/example_dags/tutorial_dag.py for tasks to queue
[2025-06-05T19:07:47.541+0200] {logging_mixin.py:188} INFO - [2025-06-05T19:07:47.541+0200] {dagbag.py:540} INFO - Filling up the DagBag from /home/leoja/airflow/airflow_venv/lib/python3.12/site-packages/airflow/example_dags/tutorial_dag.py
[2025-06-05T19:07:47.546+0200] {processor.py:840} INFO - DAG(s) 'tutorial_dag' retrieved from /home/leoja/airflow/airflow_venv/lib/python3.12/site-packages/airflow/example_dags/tutorial_dag.py
[2025-06-05T19:07:47.559+0200] {logging_mixin.py:188} INFO - [2025-06-05T19:07:47.559+0200] {dag.py:3096} INFO - Sync 1 DAGs
[2025-06-05T19:07:47.567+0200] {logging_mixin.py:188} INFO - [2025-06-05T19:07:47.567+0200] {dag.py:3954} INFO - Setting next_dagrun for tutorial_dag to None, run_after=None
[2025-06-05T19:07:47.589+0200] {processor.py:183} INFO - Processing /home/leoja/airflow/airflow_venv/lib/python3.12/site-packages/airflow/example_dags/tutorial_dag.py took 0.058 seconds
[2025-06-05T19:09:00.232+0200] {processor.py:161} INFO - Started process (PID=543412) to work on /home/leoja/airflow/airflow_venv/lib/python3.12/site-packages/airflow/example_dags/tutorial_dag.py
[2025-06-05T19:09:00.235+0200] {processor.py:830} INFO - Processing file /home/leoja/airflow/airflow_venv/lib/python3.12/site-packages/airflow/example_dags/tutorial_dag.py for tasks to queue
[2025-06-05T19:09:00.236+0200] {logging_mixin.py:188} INFO - [2025-06-05T19:09:00.236+0200] {dagbag.py:540} INFO - Filling up the DagBag from /home/leoja/airflow/airflow_venv/lib/python3.12/site-packages/airflow/example_dags/tutorial_dag.py
[2025-06-05T19:09:00.240+0200] {processor.py:840} INFO - DAG(s) 'tutorial_dag' retrieved from /home/leoja/airflow/airflow_venv/lib/python3.12/site-packages/airflow/example_dags/tutorial_dag.py
[2025-06-05T19:09:00.252+0200] {logging_mixin.py:188} INFO - [2025-06-05T19:09:00.252+0200] {dag.py:3096} INFO - Sync 1 DAGs
[2025-06-05T19:09:00.260+0200] {logging_mixin.py:188} INFO - [2025-06-05T19:09:00.260+0200] {dag.py:3954} INFO - Setting next_dagrun for tutorial_dag to None, run_after=None
[2025-06-05T19:09:00.280+0200] {processor.py:183} INFO - Processing /home/leoja/airflow/airflow_venv/lib/python3.12/site-packages/airflow/example_dags/tutorial_dag.py took 0.053 seconds
[2025-06-05T19:10:02.222+0200] {processor.py:161} INFO - Started process (PID=544221) to work on /home/leoja/airflow/airflow_venv/lib/python3.12/site-packages/airflow/example_dags/tutorial_dag.py
[2025-06-05T19:10:02.224+0200] {processor.py:830} INFO - Processing file /home/leoja/airflow/airflow_venv/lib/python3.12/site-packages/airflow/example_dags/tutorial_dag.py for tasks to queue
[2025-06-05T19:10:02.226+0200] {logging_mixin.py:188} INFO - [2025-06-05T19:10:02.225+0200] {dagbag.py:540} INFO - Filling up the DagBag from /home/leoja/airflow/airflow_venv/lib/python3.12/site-packages/airflow/example_dags/tutorial_dag.py
[2025-06-05T19:10:02.232+0200] {processor.py:840} INFO - DAG(s) 'tutorial_dag' retrieved from /home/leoja/airflow/airflow_venv/lib/python3.12/site-packages/airflow/example_dags/tutorial_dag.py
[2025-06-05T19:10:02.247+0200] {logging_mixin.py:188} INFO - [2025-06-05T19:10:02.246+0200] {dag.py:3096} INFO - Sync 1 DAGs
[2025-06-05T19:10:02.260+0200] {logging_mixin.py:188} INFO - [2025-06-05T19:10:02.259+0200] {dag.py:3954} INFO - Setting next_dagrun for tutorial_dag to None, run_after=None
[2025-06-05T19:10:02.282+0200] {processor.py:183} INFO - Processing /home/leoja/airflow/airflow_venv/lib/python3.12/site-packages/airflow/example_dags/tutorial_dag.py took 0.066 seconds
[2025-06-05T19:10:52.654+0200] {processor.py:161} INFO - Started process (PID=544537) to work on /home/leoja/airflow/airflow_venv/lib/python3.12/site-packages/airflow/example_dags/tutorial_dag.py
[2025-06-05T19:10:52.656+0200] {processor.py:830} INFO - Processing file /home/leoja/airflow/airflow_venv/lib/python3.12/site-packages/airflow/example_dags/tutorial_dag.py for tasks to queue
[2025-06-05T19:10:52.659+0200] {logging_mixin.py:188} INFO - [2025-06-05T19:10:52.658+0200] {dagbag.py:540} INFO - Filling up the DagBag from /home/leoja/airflow/airflow_venv/lib/python3.12/site-packages/airflow/example_dags/tutorial_dag.py
[2025-06-05T19:10:52.667+0200] {processor.py:840} INFO - DAG(s) 'tutorial_dag' retrieved from /home/leoja/airflow/airflow_venv/lib/python3.12/site-packages/airflow/example_dags/tutorial_dag.py
[2025-06-05T19:10:52.684+0200] {logging_mixin.py:188} INFO - [2025-06-05T19:10:52.683+0200] {dag.py:3096} INFO - Sync 1 DAGs
[2025-06-05T19:10:52.695+0200] {logging_mixin.py:188} INFO - [2025-06-05T19:10:52.695+0200] {dag.py:3954} INFO - Setting next_dagrun for tutorial_dag to None, run_after=None
[2025-06-05T19:10:52.727+0200] {processor.py:183} INFO - Processing /home/leoja/airflow/airflow_venv/lib/python3.12/site-packages/airflow/example_dags/tutorial_dag.py took 0.081 seconds
[2025-06-05T19:11:53.079+0200] {processor.py:161} INFO - Started process (PID=544890) to work on /home/leoja/airflow/airflow_venv/lib/python3.12/site-packages/airflow/example_dags/tutorial_dag.py
[2025-06-05T19:11:53.086+0200] {processor.py:830} INFO - Processing file /home/leoja/airflow/airflow_venv/lib/python3.12/site-packages/airflow/example_dags/tutorial_dag.py for tasks to queue
[2025-06-05T19:11:53.089+0200] {logging_mixin.py:188} INFO - [2025-06-05T19:11:53.088+0200] {dagbag.py:540} INFO - Filling up the DagBag from /home/leoja/airflow/airflow_venv/lib/python3.12/site-packages/airflow/example_dags/tutorial_dag.py
[2025-06-05T19:11:53.095+0200] {processor.py:840} INFO - DAG(s) 'tutorial_dag' retrieved from /home/leoja/airflow/airflow_venv/lib/python3.12/site-packages/airflow/example_dags/tutorial_dag.py
[2025-06-05T19:11:53.111+0200] {logging_mixin.py:188} INFO - [2025-06-05T19:11:53.111+0200] {dag.py:3096} INFO - Sync 1 DAGs
[2025-06-05T19:11:53.120+0200] {logging_mixin.py:188} INFO - [2025-06-05T19:11:53.119+0200] {dag.py:3954} INFO - Setting next_dagrun for tutorial_dag to None, run_after=None
[2025-06-05T19:11:53.142+0200] {processor.py:183} INFO - Processing /home/leoja/airflow/airflow_venv/lib/python3.12/site-packages/airflow/example_dags/tutorial_dag.py took 0.069 seconds
[2025-06-05T19:12:37.093+0200] {processor.py:161} INFO - Started process (PID=545156) to work on /home/leoja/airflow/airflow_venv/lib/python3.12/site-packages/airflow/example_dags/tutorial_dag.py
[2025-06-05T19:12:37.095+0200] {processor.py:830} INFO - Processing file /home/leoja/airflow/airflow_venv/lib/python3.12/site-packages/airflow/example_dags/tutorial_dag.py for tasks to queue
[2025-06-05T19:12:37.097+0200] {logging_mixin.py:188} INFO - [2025-06-05T19:12:37.096+0200] {dagbag.py:540} INFO - Filling up the DagBag from /home/leoja/airflow/airflow_venv/lib/python3.12/site-packages/airflow/example_dags/tutorial_dag.py
[2025-06-05T19:12:37.101+0200] {processor.py:840} INFO - DAG(s) 'tutorial_dag' retrieved from /home/leoja/airflow/airflow_venv/lib/python3.12/site-packages/airflow/example_dags/tutorial_dag.py
[2025-06-05T19:12:37.120+0200] {logging_mixin.py:188} INFO - [2025-06-05T19:12:37.120+0200] {dag.py:3096} INFO - Sync 1 DAGs
[2025-06-05T19:12:37.133+0200] {logging_mixin.py:188} INFO - [2025-06-05T19:12:37.133+0200] {dag.py:3954} INFO - Setting next_dagrun for tutorial_dag to None, run_after=None
[2025-06-05T19:12:37.154+0200] {processor.py:183} INFO - Processing /home/leoja/airflow/airflow_venv/lib/python3.12/site-packages/airflow/example_dags/tutorial_dag.py took 0.068 seconds
[2025-06-05T19:13:23.890+0200] {processor.py:161} INFO - Started process (PID=545423) to work on /home/leoja/airflow/airflow_venv/lib/python3.12/site-packages/airflow/example_dags/tutorial_dag.py
[2025-06-05T19:13:23.893+0200] {processor.py:830} INFO - Processing file /home/leoja/airflow/airflow_venv/lib/python3.12/site-packages/airflow/example_dags/tutorial_dag.py for tasks to queue
[2025-06-05T19:13:23.896+0200] {logging_mixin.py:188} INFO - [2025-06-05T19:13:23.895+0200] {dagbag.py:540} INFO - Filling up the DagBag from /home/leoja/airflow/airflow_venv/lib/python3.12/site-packages/airflow/example_dags/tutorial_dag.py
[2025-06-05T19:13:23.902+0200] {processor.py:840} INFO - DAG(s) 'tutorial_dag' retrieved from /home/leoja/airflow/airflow_venv/lib/python3.12/site-packages/airflow/example_dags/tutorial_dag.py
[2025-06-05T19:13:23.923+0200] {logging_mixin.py:188} INFO - [2025-06-05T19:13:23.923+0200] {dag.py:3096} INFO - Sync 1 DAGs
[2025-06-05T19:13:23.935+0200] {logging_mixin.py:188} INFO - [2025-06-05T19:13:23.934+0200] {dag.py:3954} INFO - Setting next_dagrun for tutorial_dag to None, run_after=None
[2025-06-05T19:13:23.960+0200] {processor.py:183} INFO - Processing /home/leoja/airflow/airflow_venv/lib/python3.12/site-packages/airflow/example_dags/tutorial_dag.py took 0.077 seconds
[2025-06-05T19:14:22.316+0200] {processor.py:161} INFO - Started process (PID=545798) to work on /home/leoja/airflow/airflow_venv/lib/python3.12/site-packages/airflow/example_dags/tutorial_dag.py
[2025-06-05T19:14:22.318+0200] {processor.py:830} INFO - Processing file /home/leoja/airflow/airflow_venv/lib/python3.12/site-packages/airflow/example_dags/tutorial_dag.py for tasks to queue
[2025-06-05T19:14:22.320+0200] {logging_mixin.py:188} INFO - [2025-06-05T19:14:22.319+0200] {dagbag.py:540} INFO - Filling up the DagBag from /home/leoja/airflow/airflow_venv/lib/python3.12/site-packages/airflow/example_dags/tutorial_dag.py
[2025-06-05T19:14:22.324+0200] {processor.py:840} INFO - DAG(s) 'tutorial_dag' retrieved from /home/leoja/airflow/airflow_venv/lib/python3.12/site-packages/airflow/example_dags/tutorial_dag.py
[2025-06-05T19:14:22.336+0200] {logging_mixin.py:188} INFO - [2025-06-05T19:14:22.336+0200] {dag.py:3096} INFO - Sync 1 DAGs
[2025-06-05T19:14:22.343+0200] {logging_mixin.py:188} INFO - [2025-06-05T19:14:22.343+0200] {dag.py:3954} INFO - Setting next_dagrun for tutorial_dag to None, run_after=None
[2025-06-05T19:14:22.364+0200] {processor.py:183} INFO - Processing /home/leoja/airflow/airflow_venv/lib/python3.12/site-packages/airflow/example_dags/tutorial_dag.py took 0.055 seconds
[2025-06-05T19:15:06.255+0200] {processor.py:161} INFO - Started process (PID=546067) to work on /home/leoja/airflow/airflow_venv/lib/python3.12/site-packages/airflow/example_dags/tutorial_dag.py
[2025-06-05T19:15:06.256+0200] {processor.py:830} INFO - Processing file /home/leoja/airflow/airflow_venv/lib/python3.12/site-packages/airflow/example_dags/tutorial_dag.py for tasks to queue
[2025-06-05T19:15:06.259+0200] {logging_mixin.py:188} INFO - [2025-06-05T19:15:06.258+0200] {dagbag.py:540} INFO - Filling up the DagBag from /home/leoja/airflow/airflow_venv/lib/python3.12/site-packages/airflow/example_dags/tutorial_dag.py
[2025-06-05T19:15:06.263+0200] {processor.py:840} INFO - DAG(s) 'tutorial_dag' retrieved from /home/leoja/airflow/airflow_venv/lib/python3.12/site-packages/airflow/example_dags/tutorial_dag.py
[2025-06-05T19:15:06.277+0200] {logging_mixin.py:188} INFO - [2025-06-05T19:15:06.277+0200] {dag.py:3096} INFO - Sync 1 DAGs
[2025-06-05T19:15:06.287+0200] {logging_mixin.py:188} INFO - [2025-06-05T19:15:06.287+0200] {dag.py:3954} INFO - Setting next_dagrun for tutorial_dag to None, run_after=None
[2025-06-05T19:15:06.308+0200] {processor.py:183} INFO - Processing /home/leoja/airflow/airflow_venv/lib/python3.12/site-packages/airflow/example_dags/tutorial_dag.py took 0.060 seconds
[2025-06-05T19:16:06.820+0200] {processor.py:161} INFO - Started process (PID=546466) to work on /home/leoja/airflow/airflow_venv/lib/python3.12/site-packages/airflow/example_dags/tutorial_dag.py
[2025-06-05T19:16:06.822+0200] {processor.py:830} INFO - Processing file /home/leoja/airflow/airflow_venv/lib/python3.12/site-packages/airflow/example_dags/tutorial_dag.py for tasks to queue
[2025-06-05T19:16:06.824+0200] {logging_mixin.py:188} INFO - [2025-06-05T19:16:06.823+0200] {dagbag.py:540} INFO - Filling up the DagBag from /home/leoja/airflow/airflow_venv/lib/python3.12/site-packages/airflow/example_dags/tutorial_dag.py
[2025-06-05T19:16:06.828+0200] {processor.py:840} INFO - DAG(s) 'tutorial_dag' retrieved from /home/leoja/airflow/airflow_venv/lib/python3.12/site-packages/airflow/example_dags/tutorial_dag.py
[2025-06-05T19:16:06.841+0200] {logging_mixin.py:188} INFO - [2025-06-05T19:16:06.841+0200] {dag.py:3096} INFO - Sync 1 DAGs
[2025-06-05T19:16:06.849+0200] {logging_mixin.py:188} INFO - [2025-06-05T19:16:06.849+0200] {dag.py:3954} INFO - Setting next_dagrun for tutorial_dag to None, run_after=None
[2025-06-05T19:16:06.869+0200] {processor.py:183} INFO - Processing /home/leoja/airflow/airflow_venv/lib/python3.12/site-packages/airflow/example_dags/tutorial_dag.py took 0.056 seconds
[2025-06-05T19:16:52.784+0200] {processor.py:161} INFO - Started process (PID=547264) to work on /home/leoja/airflow/airflow_venv/lib/python3.12/site-packages/airflow/example_dags/tutorial_dag.py
[2025-06-05T19:16:52.786+0200] {processor.py:830} INFO - Processing file /home/leoja/airflow/airflow_venv/lib/python3.12/site-packages/airflow/example_dags/tutorial_dag.py for tasks to queue
[2025-06-05T19:16:52.788+0200] {logging_mixin.py:188} INFO - [2025-06-05T19:16:52.788+0200] {dagbag.py:540} INFO - Filling up the DagBag from /home/leoja/airflow/airflow_venv/lib/python3.12/site-packages/airflow/example_dags/tutorial_dag.py
[2025-06-05T19:16:52.792+0200] {processor.py:840} INFO - DAG(s) 'tutorial_dag' retrieved from /home/leoja/airflow/airflow_venv/lib/python3.12/site-packages/airflow/example_dags/tutorial_dag.py
[2025-06-05T19:16:52.808+0200] {logging_mixin.py:188} INFO - [2025-06-05T19:16:52.808+0200] {dag.py:3096} INFO - Sync 1 DAGs
[2025-06-05T19:16:52.819+0200] {logging_mixin.py:188} INFO - [2025-06-05T19:16:52.818+0200] {dag.py:3954} INFO - Setting next_dagrun for tutorial_dag to None, run_after=None
[2025-06-05T19:16:52.842+0200] {processor.py:183} INFO - Processing /home/leoja/airflow/airflow_venv/lib/python3.12/site-packages/airflow/example_dags/tutorial_dag.py took 0.067 seconds
[2025-06-05T19:17:47.249+0200] {processor.py:161} INFO - Started process (PID=547622) to work on /home/leoja/airflow/airflow_venv/lib/python3.12/site-packages/airflow/example_dags/tutorial_dag.py
[2025-06-05T19:17:47.252+0200] {processor.py:830} INFO - Processing file /home/leoja/airflow/airflow_venv/lib/python3.12/site-packages/airflow/example_dags/tutorial_dag.py for tasks to queue
[2025-06-05T19:17:47.254+0200] {logging_mixin.py:188} INFO - [2025-06-05T19:17:47.253+0200] {dagbag.py:540} INFO - Filling up the DagBag from /home/leoja/airflow/airflow_venv/lib/python3.12/site-packages/airflow/example_dags/tutorial_dag.py
[2025-06-05T19:17:47.258+0200] {processor.py:840} INFO - DAG(s) 'tutorial_dag' retrieved from /home/leoja/airflow/airflow_venv/lib/python3.12/site-packages/airflow/example_dags/tutorial_dag.py
[2025-06-05T19:17:47.271+0200] {logging_mixin.py:188} INFO - [2025-06-05T19:17:47.271+0200] {dag.py:3096} INFO - Sync 1 DAGs
[2025-06-05T19:17:47.280+0200] {logging_mixin.py:188} INFO - [2025-06-05T19:17:47.280+0200] {dag.py:3954} INFO - Setting next_dagrun for tutorial_dag to None, run_after=None
[2025-06-05T19:17:47.296+0200] {processor.py:183} INFO - Processing /home/leoja/airflow/airflow_venv/lib/python3.12/site-packages/airflow/example_dags/tutorial_dag.py took 0.053 seconds
[2025-06-05T19:18:48.090+0200] {processor.py:161} INFO - Started process (PID=547964) to work on /home/leoja/airflow/airflow_venv/lib/python3.12/site-packages/airflow/example_dags/tutorial_dag.py
[2025-06-05T19:18:48.092+0200] {processor.py:830} INFO - Processing file /home/leoja/airflow/airflow_venv/lib/python3.12/site-packages/airflow/example_dags/tutorial_dag.py for tasks to queue
[2025-06-05T19:18:48.094+0200] {logging_mixin.py:188} INFO - [2025-06-05T19:18:48.093+0200] {dagbag.py:540} INFO - Filling up the DagBag from /home/leoja/airflow/airflow_venv/lib/python3.12/site-packages/airflow/example_dags/tutorial_dag.py
[2025-06-05T19:18:48.099+0200] {processor.py:840} INFO - DAG(s) 'tutorial_dag' retrieved from /home/leoja/airflow/airflow_venv/lib/python3.12/site-packages/airflow/example_dags/tutorial_dag.py
[2025-06-05T19:18:48.111+0200] {logging_mixin.py:188} INFO - [2025-06-05T19:18:48.111+0200] {dag.py:3096} INFO - Sync 1 DAGs
[2025-06-05T19:18:48.119+0200] {logging_mixin.py:188} INFO - [2025-06-05T19:18:48.119+0200] {dag.py:3954} INFO - Setting next_dagrun for tutorial_dag to None, run_after=None
[2025-06-05T19:18:48.142+0200] {processor.py:183} INFO - Processing /home/leoja/airflow/airflow_venv/lib/python3.12/site-packages/airflow/example_dags/tutorial_dag.py took 0.059 seconds
[2025-06-05T19:19:30.976+0200] {processor.py:161} INFO - Started process (PID=548244) to work on /home/leoja/airflow/airflow_venv/lib/python3.12/site-packages/airflow/example_dags/tutorial_dag.py
[2025-06-05T19:19:30.977+0200] {processor.py:830} INFO - Processing file /home/leoja/airflow/airflow_venv/lib/python3.12/site-packages/airflow/example_dags/tutorial_dag.py for tasks to queue
[2025-06-05T19:19:30.979+0200] {logging_mixin.py:188} INFO - [2025-06-05T19:19:30.978+0200] {dagbag.py:540} INFO - Filling up the DagBag from /home/leoja/airflow/airflow_venv/lib/python3.12/site-packages/airflow/example_dags/tutorial_dag.py
[2025-06-05T19:19:30.983+0200] {processor.py:840} INFO - DAG(s) 'tutorial_dag' retrieved from /home/leoja/airflow/airflow_venv/lib/python3.12/site-packages/airflow/example_dags/tutorial_dag.py
[2025-06-05T19:19:30.998+0200] {logging_mixin.py:188} INFO - [2025-06-05T19:19:30.998+0200] {dag.py:3096} INFO - Sync 1 DAGs
[2025-06-05T19:19:31.009+0200] {logging_mixin.py:188} INFO - [2025-06-05T19:19:31.009+0200] {dag.py:3954} INFO - Setting next_dagrun for tutorial_dag to None, run_after=None
[2025-06-05T19:19:31.031+0200] {processor.py:183} INFO - Processing /home/leoja/airflow/airflow_venv/lib/python3.12/site-packages/airflow/example_dags/tutorial_dag.py took 0.062 seconds
[2025-06-05T19:20:32.710+0200] {processor.py:161} INFO - Started process (PID=548628) to work on /home/leoja/airflow/airflow_venv/lib/python3.12/site-packages/airflow/example_dags/tutorial_dag.py
[2025-06-05T19:20:32.712+0200] {processor.py:830} INFO - Processing file /home/leoja/airflow/airflow_venv/lib/python3.12/site-packages/airflow/example_dags/tutorial_dag.py for tasks to queue
[2025-06-05T19:20:32.714+0200] {logging_mixin.py:188} INFO - [2025-06-05T19:20:32.713+0200] {dagbag.py:540} INFO - Filling up the DagBag from /home/leoja/airflow/airflow_venv/lib/python3.12/site-packages/airflow/example_dags/tutorial_dag.py
[2025-06-05T19:20:32.718+0200] {processor.py:840} INFO - DAG(s) 'tutorial_dag' retrieved from /home/leoja/airflow/airflow_venv/lib/python3.12/site-packages/airflow/example_dags/tutorial_dag.py
[2025-06-05T19:20:32.731+0200] {logging_mixin.py:188} INFO - [2025-06-05T19:20:32.731+0200] {dag.py:3096} INFO - Sync 1 DAGs
[2025-06-05T19:20:32.740+0200] {logging_mixin.py:188} INFO - [2025-06-05T19:20:32.740+0200] {dag.py:3954} INFO - Setting next_dagrun for tutorial_dag to None, run_after=None
[2025-06-05T19:20:32.763+0200] {processor.py:183} INFO - Processing /home/leoja/airflow/airflow_venv/lib/python3.12/site-packages/airflow/example_dags/tutorial_dag.py took 0.059 seconds
[2025-06-05T19:21:34.366+0200] {processor.py:161} INFO - Started process (PID=548981) to work on /home/leoja/airflow/airflow_venv/lib/python3.12/site-packages/airflow/example_dags/tutorial_dag.py
[2025-06-05T19:21:34.367+0200] {processor.py:830} INFO - Processing file /home/leoja/airflow/airflow_venv/lib/python3.12/site-packages/airflow/example_dags/tutorial_dag.py for tasks to queue
[2025-06-05T19:21:34.369+0200] {logging_mixin.py:188} INFO - [2025-06-05T19:21:34.368+0200] {dagbag.py:540} INFO - Filling up the DagBag from /home/leoja/airflow/airflow_venv/lib/python3.12/site-packages/airflow/example_dags/tutorial_dag.py
[2025-06-05T19:21:34.373+0200] {processor.py:840} INFO - DAG(s) 'tutorial_dag' retrieved from /home/leoja/airflow/airflow_venv/lib/python3.12/site-packages/airflow/example_dags/tutorial_dag.py
[2025-06-05T19:21:34.386+0200] {logging_mixin.py:188} INFO - [2025-06-05T19:21:34.386+0200] {dag.py:3096} INFO - Sync 1 DAGs
[2025-06-05T19:21:34.395+0200] {logging_mixin.py:188} INFO - [2025-06-05T19:21:34.394+0200] {dag.py:3954} INFO - Setting next_dagrun for tutorial_dag to None, run_after=None
[2025-06-05T19:21:34.417+0200] {processor.py:183} INFO - Processing /home/leoja/airflow/airflow_venv/lib/python3.12/site-packages/airflow/example_dags/tutorial_dag.py took 0.058 seconds
[2025-06-05T19:22:36.599+0200] {processor.py:161} INFO - Started process (PID=549342) to work on /home/leoja/airflow/airflow_venv/lib/python3.12/site-packages/airflow/example_dags/tutorial_dag.py
[2025-06-05T19:22:36.601+0200] {processor.py:830} INFO - Processing file /home/leoja/airflow/airflow_venv/lib/python3.12/site-packages/airflow/example_dags/tutorial_dag.py for tasks to queue
[2025-06-05T19:22:36.603+0200] {logging_mixin.py:188} INFO - [2025-06-05T19:22:36.603+0200] {dagbag.py:540} INFO - Filling up the DagBag from /home/leoja/airflow/airflow_venv/lib/python3.12/site-packages/airflow/example_dags/tutorial_dag.py
[2025-06-05T19:22:36.607+0200] {processor.py:840} INFO - DAG(s) 'tutorial_dag' retrieved from /home/leoja/airflow/airflow_venv/lib/python3.12/site-packages/airflow/example_dags/tutorial_dag.py
[2025-06-05T19:22:36.620+0200] {logging_mixin.py:188} INFO - [2025-06-05T19:22:36.620+0200] {dag.py:3096} INFO - Sync 1 DAGs
[2025-06-05T19:22:36.629+0200] {logging_mixin.py:188} INFO - [2025-06-05T19:22:36.629+0200] {dag.py:3954} INFO - Setting next_dagrun for tutorial_dag to None, run_after=None
[2025-06-05T19:22:36.651+0200] {processor.py:183} INFO - Processing /home/leoja/airflow/airflow_venv/lib/python3.12/site-packages/airflow/example_dags/tutorial_dag.py took 0.057 seconds
[2025-06-05T19:23:18.950+0200] {processor.py:161} INFO - Started process (PID=549575) to work on /home/leoja/airflow/airflow_venv/lib/python3.12/site-packages/airflow/example_dags/tutorial_dag.py
[2025-06-05T19:23:18.951+0200] {processor.py:830} INFO - Processing file /home/leoja/airflow/airflow_venv/lib/python3.12/site-packages/airflow/example_dags/tutorial_dag.py for tasks to queue
[2025-06-05T19:23:18.953+0200] {logging_mixin.py:188} INFO - [2025-06-05T19:23:18.953+0200] {dagbag.py:540} INFO - Filling up the DagBag from /home/leoja/airflow/airflow_venv/lib/python3.12/site-packages/airflow/example_dags/tutorial_dag.py
[2025-06-05T19:23:18.957+0200] {processor.py:840} INFO - DAG(s) 'tutorial_dag' retrieved from /home/leoja/airflow/airflow_venv/lib/python3.12/site-packages/airflow/example_dags/tutorial_dag.py
[2025-06-05T19:23:18.969+0200] {logging_mixin.py:188} INFO - [2025-06-05T19:23:18.969+0200] {dag.py:3096} INFO - Sync 1 DAGs
[2025-06-05T19:23:18.977+0200] {logging_mixin.py:188} INFO - [2025-06-05T19:23:18.977+0200] {dag.py:3954} INFO - Setting next_dagrun for tutorial_dag to None, run_after=None
[2025-06-05T19:23:18.996+0200] {processor.py:183} INFO - Processing /home/leoja/airflow/airflow_venv/lib/python3.12/site-packages/airflow/example_dags/tutorial_dag.py took 0.052 seconds
[2025-06-05T19:24:02.685+0200] {processor.py:161} INFO - Started process (PID=549816) to work on /home/leoja/airflow/airflow_venv/lib/python3.12/site-packages/airflow/example_dags/tutorial_dag.py
[2025-06-05T19:24:02.686+0200] {processor.py:830} INFO - Processing file /home/leoja/airflow/airflow_venv/lib/python3.12/site-packages/airflow/example_dags/tutorial_dag.py for tasks to queue
[2025-06-05T19:24:02.688+0200] {logging_mixin.py:188} INFO - [2025-06-05T19:24:02.687+0200] {dagbag.py:540} INFO - Filling up the DagBag from /home/leoja/airflow/airflow_venv/lib/python3.12/site-packages/airflow/example_dags/tutorial_dag.py
[2025-06-05T19:24:02.692+0200] {processor.py:840} INFO - DAG(s) 'tutorial_dag' retrieved from /home/leoja/airflow/airflow_venv/lib/python3.12/site-packages/airflow/example_dags/tutorial_dag.py
[2025-06-05T19:24:02.704+0200] {logging_mixin.py:188} INFO - [2025-06-05T19:24:02.704+0200] {dag.py:3096} INFO - Sync 1 DAGs
[2025-06-05T19:24:02.713+0200] {logging_mixin.py:188} INFO - [2025-06-05T19:24:02.712+0200] {dag.py:3954} INFO - Setting next_dagrun for tutorial_dag to None, run_after=None
[2025-06-05T19:24:02.731+0200] {processor.py:183} INFO - Processing /home/leoja/airflow/airflow_venv/lib/python3.12/site-packages/airflow/example_dags/tutorial_dag.py took 0.053 seconds
[2025-06-05T19:24:48.792+0200] {processor.py:161} INFO - Started process (PID=550083) to work on /home/leoja/airflow/airflow_venv/lib/python3.12/site-packages/airflow/example_dags/tutorial_dag.py
[2025-06-05T19:24:48.794+0200] {processor.py:830} INFO - Processing file /home/leoja/airflow/airflow_venv/lib/python3.12/site-packages/airflow/example_dags/tutorial_dag.py for tasks to queue
[2025-06-05T19:24:48.795+0200] {logging_mixin.py:188} INFO - [2025-06-05T19:24:48.795+0200] {dagbag.py:540} INFO - Filling up the DagBag from /home/leoja/airflow/airflow_venv/lib/python3.12/site-packages/airflow/example_dags/tutorial_dag.py
[2025-06-05T19:24:48.800+0200] {processor.py:840} INFO - DAG(s) 'tutorial_dag' retrieved from /home/leoja/airflow/airflow_venv/lib/python3.12/site-packages/airflow/example_dags/tutorial_dag.py
[2025-06-05T19:24:48.812+0200] {logging_mixin.py:188} INFO - [2025-06-05T19:24:48.812+0200] {dag.py:3096} INFO - Sync 1 DAGs
[2025-06-05T19:24:48.819+0200] {logging_mixin.py:188} INFO - [2025-06-05T19:24:48.819+0200] {dag.py:3954} INFO - Setting next_dagrun for tutorial_dag to None, run_after=None
[2025-06-05T19:24:48.840+0200] {processor.py:183} INFO - Processing /home/leoja/airflow/airflow_venv/lib/python3.12/site-packages/airflow/example_dags/tutorial_dag.py took 0.053 seconds
[2025-06-05T19:25:45.241+0200] {processor.py:161} INFO - Started process (PID=550505) to work on /home/leoja/airflow/airflow_venv/lib/python3.12/site-packages/airflow/example_dags/tutorial_dag.py
[2025-06-05T19:25:45.242+0200] {processor.py:830} INFO - Processing file /home/leoja/airflow/airflow_venv/lib/python3.12/site-packages/airflow/example_dags/tutorial_dag.py for tasks to queue
[2025-06-05T19:25:45.244+0200] {logging_mixin.py:188} INFO - [2025-06-05T19:25:45.244+0200] {dagbag.py:540} INFO - Filling up the DagBag from /home/leoja/airflow/airflow_venv/lib/python3.12/site-packages/airflow/example_dags/tutorial_dag.py
[2025-06-05T19:25:45.248+0200] {processor.py:840} INFO - DAG(s) 'tutorial_dag' retrieved from /home/leoja/airflow/airflow_venv/lib/python3.12/site-packages/airflow/example_dags/tutorial_dag.py
[2025-06-05T19:25:45.262+0200] {logging_mixin.py:188} INFO - [2025-06-05T19:25:45.262+0200] {dag.py:3096} INFO - Sync 1 DAGs
[2025-06-05T19:25:45.271+0200] {logging_mixin.py:188} INFO - [2025-06-05T19:25:45.270+0200] {dag.py:3954} INFO - Setting next_dagrun for tutorial_dag to None, run_after=None
[2025-06-05T19:25:45.289+0200] {processor.py:183} INFO - Processing /home/leoja/airflow/airflow_venv/lib/python3.12/site-packages/airflow/example_dags/tutorial_dag.py took 0.055 seconds
[2025-06-05T19:26:45.998+0200] {processor.py:161} INFO - Started process (PID=550758) to work on /home/leoja/airflow/airflow_venv/lib/python3.12/site-packages/airflow/example_dags/tutorial_dag.py
[2025-06-05T19:26:45.999+0200] {processor.py:830} INFO - Processing file /home/leoja/airflow/airflow_venv/lib/python3.12/site-packages/airflow/example_dags/tutorial_dag.py for tasks to queue
[2025-06-05T19:26:46.001+0200] {logging_mixin.py:188} INFO - [2025-06-05T19:26:46.001+0200] {dagbag.py:540} INFO - Filling up the DagBag from /home/leoja/airflow/airflow_venv/lib/python3.12/site-packages/airflow/example_dags/tutorial_dag.py
[2025-06-05T19:26:46.005+0200] {processor.py:840} INFO - DAG(s) 'tutorial_dag' retrieved from /home/leoja/airflow/airflow_venv/lib/python3.12/site-packages/airflow/example_dags/tutorial_dag.py
[2025-06-05T19:26:46.017+0200] {logging_mixin.py:188} INFO - [2025-06-05T19:26:46.017+0200] {dag.py:3096} INFO - Sync 1 DAGs
[2025-06-05T19:26:46.024+0200] {logging_mixin.py:188} INFO - [2025-06-05T19:26:46.024+0200] {dag.py:3954} INFO - Setting next_dagrun for tutorial_dag to None, run_after=None
[2025-06-05T19:26:46.045+0200] {processor.py:183} INFO - Processing /home/leoja/airflow/airflow_venv/lib/python3.12/site-packages/airflow/example_dags/tutorial_dag.py took 0.053 seconds
[2025-06-05T19:27:31.017+0200] {processor.py:161} INFO - Started process (PID=551102) to work on /home/leoja/airflow/airflow_venv/lib/python3.12/site-packages/airflow/example_dags/tutorial_dag.py
[2025-06-05T19:27:31.020+0200] {processor.py:830} INFO - Processing file /home/leoja/airflow/airflow_venv/lib/python3.12/site-packages/airflow/example_dags/tutorial_dag.py for tasks to queue
[2025-06-05T19:27:31.022+0200] {logging_mixin.py:188} INFO - [2025-06-05T19:27:31.022+0200] {dagbag.py:540} INFO - Filling up the DagBag from /home/leoja/airflow/airflow_venv/lib/python3.12/site-packages/airflow/example_dags/tutorial_dag.py
[2025-06-05T19:27:31.027+0200] {processor.py:840} INFO - DAG(s) 'tutorial_dag' retrieved from /home/leoja/airflow/airflow_venv/lib/python3.12/site-packages/airflow/example_dags/tutorial_dag.py
[2025-06-05T19:27:31.040+0200] {logging_mixin.py:188} INFO - [2025-06-05T19:27:31.039+0200] {dag.py:3096} INFO - Sync 1 DAGs
[2025-06-05T19:27:31.048+0200] {logging_mixin.py:188} INFO - [2025-06-05T19:27:31.048+0200] {dag.py:3954} INFO - Setting next_dagrun for tutorial_dag to None, run_after=None
[2025-06-05T19:27:31.068+0200] {processor.py:183} INFO - Processing /home/leoja/airflow/airflow_venv/lib/python3.12/site-packages/airflow/example_dags/tutorial_dag.py took 0.057 seconds
[2025-06-05T19:28:20.040+0200] {processor.py:161} INFO - Started process (PID=551962) to work on /home/leoja/airflow/airflow_venv/lib/python3.12/site-packages/airflow/example_dags/tutorial_dag.py
[2025-06-05T19:28:20.042+0200] {processor.py:830} INFO - Processing file /home/leoja/airflow/airflow_venv/lib/python3.12/site-packages/airflow/example_dags/tutorial_dag.py for tasks to queue
[2025-06-05T19:28:19.441+0200] {logging_mixin.py:188} INFO - [2025-06-05T19:28:19.441+0200] {dagbag.py:540} INFO - Filling up the DagBag from /home/leoja/airflow/airflow_venv/lib/python3.12/site-packages/airflow/example_dags/tutorial_dag.py
[2025-06-05T19:28:19.449+0200] {processor.py:840} INFO - DAG(s) 'tutorial_dag' retrieved from /home/leoja/airflow/airflow_venv/lib/python3.12/site-packages/airflow/example_dags/tutorial_dag.py
[2025-06-05T19:28:19.471+0200] {logging_mixin.py:188} INFO - [2025-06-05T19:28:19.471+0200] {dag.py:3096} INFO - Sync 1 DAGs
[2025-06-05T19:28:19.486+0200] {logging_mixin.py:188} INFO - [2025-06-05T19:28:19.486+0200] {dag.py:3954} INFO - Setting next_dagrun for tutorial_dag to None, run_after=None
[2025-06-05T19:28:19.518+0200] {processor.py:183} INFO - Processing /home/leoja/airflow/airflow_venv/lib/python3.12/site-packages/airflow/example_dags/tutorial_dag.py took 0.090 seconds
[2025-06-05T19:29:07.076+0200] {processor.py:161} INFO - Started process (PID=552438) to work on /home/leoja/airflow/airflow_venv/lib/python3.12/site-packages/airflow/example_dags/tutorial_dag.py
[2025-06-05T19:29:07.078+0200] {processor.py:830} INFO - Processing file /home/leoja/airflow/airflow_venv/lib/python3.12/site-packages/airflow/example_dags/tutorial_dag.py for tasks to queue
[2025-06-05T19:29:07.079+0200] {logging_mixin.py:188} INFO - [2025-06-05T19:29:07.079+0200] {dagbag.py:540} INFO - Filling up the DagBag from /home/leoja/airflow/airflow_venv/lib/python3.12/site-packages/airflow/example_dags/tutorial_dag.py
[2025-06-05T19:29:07.083+0200] {processor.py:840} INFO - DAG(s) 'tutorial_dag' retrieved from /home/leoja/airflow/airflow_venv/lib/python3.12/site-packages/airflow/example_dags/tutorial_dag.py
[2025-06-05T19:29:07.096+0200] {logging_mixin.py:188} INFO - [2025-06-05T19:29:07.095+0200] {dag.py:3096} INFO - Sync 1 DAGs
[2025-06-05T19:29:07.103+0200] {logging_mixin.py:188} INFO - [2025-06-05T19:29:07.103+0200] {dag.py:3954} INFO - Setting next_dagrun for tutorial_dag to None, run_after=None
[2025-06-05T19:29:07.126+0200] {processor.py:183} INFO - Processing /home/leoja/airflow/airflow_venv/lib/python3.12/site-packages/airflow/example_dags/tutorial_dag.py took 0.057 seconds
[2025-06-05T19:29:52.315+0200] {processor.py:161} INFO - Started process (PID=552716) to work on /home/leoja/airflow/airflow_venv/lib/python3.12/site-packages/airflow/example_dags/tutorial_dag.py
[2025-06-05T19:29:52.354+0200] {processor.py:830} INFO - Processing file /home/leoja/airflow/airflow_venv/lib/python3.12/site-packages/airflow/example_dags/tutorial_dag.py for tasks to queue
[2025-06-05T19:29:52.356+0200] {logging_mixin.py:188} INFO - [2025-06-05T19:29:52.356+0200] {dagbag.py:540} INFO - Filling up the DagBag from /home/leoja/airflow/airflow_venv/lib/python3.12/site-packages/airflow/example_dags/tutorial_dag.py
[2025-06-05T19:29:52.362+0200] {processor.py:840} INFO - DAG(s) 'tutorial_dag' retrieved from /home/leoja/airflow/airflow_venv/lib/python3.12/site-packages/airflow/example_dags/tutorial_dag.py
[2025-06-05T19:29:52.377+0200] {logging_mixin.py:188} INFO - [2025-06-05T19:29:52.376+0200] {dag.py:3096} INFO - Sync 1 DAGs
[2025-06-05T19:29:52.388+0200] {logging_mixin.py:188} INFO - [2025-06-05T19:29:52.388+0200] {dag.py:3954} INFO - Setting next_dagrun for tutorial_dag to None, run_after=None
[2025-06-05T19:29:52.411+0200] {processor.py:183} INFO - Processing /home/leoja/airflow/airflow_venv/lib/python3.12/site-packages/airflow/example_dags/tutorial_dag.py took 0.103 seconds
[2025-06-05T19:30:36.948+0200] {processor.py:161} INFO - Started process (PID=552963) to work on /home/leoja/airflow/airflow_venv/lib/python3.12/site-packages/airflow/example_dags/tutorial_dag.py
[2025-06-05T19:30:36.950+0200] {processor.py:830} INFO - Processing file /home/leoja/airflow/airflow_venv/lib/python3.12/site-packages/airflow/example_dags/tutorial_dag.py for tasks to queue
[2025-06-05T19:30:36.951+0200] {logging_mixin.py:188} INFO - [2025-06-05T19:30:36.951+0200] {dagbag.py:540} INFO - Filling up the DagBag from /home/leoja/airflow/airflow_venv/lib/python3.12/site-packages/airflow/example_dags/tutorial_dag.py
[2025-06-05T19:30:36.955+0200] {processor.py:840} INFO - DAG(s) 'tutorial_dag' retrieved from /home/leoja/airflow/airflow_venv/lib/python3.12/site-packages/airflow/example_dags/tutorial_dag.py
[2025-06-05T19:30:36.967+0200] {logging_mixin.py:188} INFO - [2025-06-05T19:30:36.967+0200] {dag.py:3096} INFO - Sync 1 DAGs
[2025-06-05T19:30:36.975+0200] {logging_mixin.py:188} INFO - [2025-06-05T19:30:36.975+0200] {dag.py:3954} INFO - Setting next_dagrun for tutorial_dag to None, run_after=None
[2025-06-05T19:30:36.997+0200] {processor.py:183} INFO - Processing /home/leoja/airflow/airflow_venv/lib/python3.12/site-packages/airflow/example_dags/tutorial_dag.py took 0.055 seconds
[2025-06-05T19:31:22.757+0200] {processor.py:161} INFO - Started process (PID=553231) to work on /home/leoja/airflow/airflow_venv/lib/python3.12/site-packages/airflow/example_dags/tutorial_dag.py
[2025-06-05T19:31:22.758+0200] {processor.py:830} INFO - Processing file /home/leoja/airflow/airflow_venv/lib/python3.12/site-packages/airflow/example_dags/tutorial_dag.py for tasks to queue
[2025-06-05T19:31:22.760+0200] {logging_mixin.py:188} INFO - [2025-06-05T19:31:22.760+0200] {dagbag.py:540} INFO - Filling up the DagBag from /home/leoja/airflow/airflow_venv/lib/python3.12/site-packages/airflow/example_dags/tutorial_dag.py
[2025-06-05T19:31:22.765+0200] {processor.py:840} INFO - DAG(s) 'tutorial_dag' retrieved from /home/leoja/airflow/airflow_venv/lib/python3.12/site-packages/airflow/example_dags/tutorial_dag.py
[2025-06-05T19:31:22.778+0200] {logging_mixin.py:188} INFO - [2025-06-05T19:31:22.778+0200] {dag.py:3096} INFO - Sync 1 DAGs
[2025-06-05T19:31:22.786+0200] {logging_mixin.py:188} INFO - [2025-06-05T19:31:22.786+0200] {dag.py:3954} INFO - Setting next_dagrun for tutorial_dag to None, run_after=None
[2025-06-05T19:31:22.808+0200] {processor.py:183} INFO - Processing /home/leoja/airflow/airflow_venv/lib/python3.12/site-packages/airflow/example_dags/tutorial_dag.py took 0.057 seconds
[2025-06-05T19:32:25.025+0200] {processor.py:161} INFO - Started process (PID=553578) to work on /home/leoja/airflow/airflow_venv/lib/python3.12/site-packages/airflow/example_dags/tutorial_dag.py
[2025-06-05T19:32:25.027+0200] {processor.py:830} INFO - Processing file /home/leoja/airflow/airflow_venv/lib/python3.12/site-packages/airflow/example_dags/tutorial_dag.py for tasks to queue
[2025-06-05T19:32:25.028+0200] {logging_mixin.py:188} INFO - [2025-06-05T19:32:25.028+0200] {dagbag.py:540} INFO - Filling up the DagBag from /home/leoja/airflow/airflow_venv/lib/python3.12/site-packages/airflow/example_dags/tutorial_dag.py
[2025-06-05T19:32:25.033+0200] {processor.py:840} INFO - DAG(s) 'tutorial_dag' retrieved from /home/leoja/airflow/airflow_venv/lib/python3.12/site-packages/airflow/example_dags/tutorial_dag.py
[2025-06-05T19:32:25.053+0200] {logging_mixin.py:188} INFO - [2025-06-05T19:32:25.053+0200] {dag.py:3096} INFO - Sync 1 DAGs
[2025-06-05T19:32:25.063+0200] {logging_mixin.py:188} INFO - [2025-06-05T19:32:25.063+0200] {dag.py:3954} INFO - Setting next_dagrun for tutorial_dag to None, run_after=None
[2025-06-05T19:32:25.088+0200] {processor.py:183} INFO - Processing /home/leoja/airflow/airflow_venv/lib/python3.12/site-packages/airflow/example_dags/tutorial_dag.py took 0.069 seconds
[2025-06-05T19:33:07.945+0200] {processor.py:161} INFO - Started process (PID=553842) to work on /home/leoja/airflow/airflow_venv/lib/python3.12/site-packages/airflow/example_dags/tutorial_dag.py
[2025-06-05T19:33:07.947+0200] {processor.py:830} INFO - Processing file /home/leoja/airflow/airflow_venv/lib/python3.12/site-packages/airflow/example_dags/tutorial_dag.py for tasks to queue
[2025-06-05T19:33:07.948+0200] {logging_mixin.py:188} INFO - [2025-06-05T19:33:07.948+0200] {dagbag.py:540} INFO - Filling up the DagBag from /home/leoja/airflow/airflow_venv/lib/python3.12/site-packages/airflow/example_dags/tutorial_dag.py
[2025-06-05T19:33:07.953+0200] {processor.py:840} INFO - DAG(s) 'tutorial_dag' retrieved from /home/leoja/airflow/airflow_venv/lib/python3.12/site-packages/airflow/example_dags/tutorial_dag.py
[2025-06-05T19:33:07.967+0200] {logging_mixin.py:188} INFO - [2025-06-05T19:33:07.967+0200] {dag.py:3096} INFO - Sync 1 DAGs
[2025-06-05T19:33:07.978+0200] {logging_mixin.py:188} INFO - [2025-06-05T19:33:07.978+0200] {dag.py:3954} INFO - Setting next_dagrun for tutorial_dag to None, run_after=None
[2025-06-05T19:33:08.000+0200] {processor.py:183} INFO - Processing /home/leoja/airflow/airflow_venv/lib/python3.12/site-packages/airflow/example_dags/tutorial_dag.py took 0.062 seconds
[2025-06-05T19:33:53.346+0200] {processor.py:161} INFO - Started process (PID=554079) to work on /home/leoja/airflow/airflow_venv/lib/python3.12/site-packages/airflow/example_dags/tutorial_dag.py
[2025-06-05T19:33:53.348+0200] {processor.py:830} INFO - Processing file /home/leoja/airflow/airflow_venv/lib/python3.12/site-packages/airflow/example_dags/tutorial_dag.py for tasks to queue
[2025-06-05T19:33:53.350+0200] {logging_mixin.py:188} INFO - [2025-06-05T19:33:53.349+0200] {dagbag.py:540} INFO - Filling up the DagBag from /home/leoja/airflow/airflow_venv/lib/python3.12/site-packages/airflow/example_dags/tutorial_dag.py
[2025-06-05T19:33:53.354+0200] {processor.py:840} INFO - DAG(s) 'tutorial_dag' retrieved from /home/leoja/airflow/airflow_venv/lib/python3.12/site-packages/airflow/example_dags/tutorial_dag.py
[2025-06-05T19:33:53.368+0200] {logging_mixin.py:188} INFO - [2025-06-05T19:33:53.368+0200] {dag.py:3096} INFO - Sync 1 DAGs
[2025-06-05T19:33:53.377+0200] {logging_mixin.py:188} INFO - [2025-06-05T19:33:53.377+0200] {dag.py:3954} INFO - Setting next_dagrun for tutorial_dag to None, run_after=None
[2025-06-05T19:33:53.395+0200] {processor.py:183} INFO - Processing /home/leoja/airflow/airflow_venv/lib/python3.12/site-packages/airflow/example_dags/tutorial_dag.py took 0.056 seconds
[2025-06-05T19:34:36.694+0200] {processor.py:161} INFO - Started process (PID=554347) to work on /home/leoja/airflow/airflow_venv/lib/python3.12/site-packages/airflow/example_dags/tutorial_dag.py
[2025-06-05T19:34:36.696+0200] {processor.py:830} INFO - Processing file /home/leoja/airflow/airflow_venv/lib/python3.12/site-packages/airflow/example_dags/tutorial_dag.py for tasks to queue
[2025-06-05T19:34:36.697+0200] {logging_mixin.py:188} INFO - [2025-06-05T19:34:36.697+0200] {dagbag.py:540} INFO - Filling up the DagBag from /home/leoja/airflow/airflow_venv/lib/python3.12/site-packages/airflow/example_dags/tutorial_dag.py
[2025-06-05T19:34:36.702+0200] {processor.py:840} INFO - DAG(s) 'tutorial_dag' retrieved from /home/leoja/airflow/airflow_venv/lib/python3.12/site-packages/airflow/example_dags/tutorial_dag.py
[2025-06-05T19:34:36.713+0200] {logging_mixin.py:188} INFO - [2025-06-05T19:34:36.713+0200] {dag.py:3096} INFO - Sync 1 DAGs
[2025-06-05T19:34:36.721+0200] {logging_mixin.py:188} INFO - [2025-06-05T19:34:36.721+0200] {dag.py:3954} INFO - Setting next_dagrun for tutorial_dag to None, run_after=None
[2025-06-05T19:34:36.741+0200] {processor.py:183} INFO - Processing /home/leoja/airflow/airflow_venv/lib/python3.12/site-packages/airflow/example_dags/tutorial_dag.py took 0.054 seconds
[2025-06-05T19:35:36.999+0200] {processor.py:161} INFO - Started process (PID=554682) to work on /home/leoja/airflow/airflow_venv/lib/python3.12/site-packages/airflow/example_dags/tutorial_dag.py
[2025-06-05T19:35:37.000+0200] {processor.py:830} INFO - Processing file /home/leoja/airflow/airflow_venv/lib/python3.12/site-packages/airflow/example_dags/tutorial_dag.py for tasks to queue
[2025-06-05T19:35:37.001+0200] {logging_mixin.py:188} INFO - [2025-06-05T19:35:37.001+0200] {dagbag.py:540} INFO - Filling up the DagBag from /home/leoja/airflow/airflow_venv/lib/python3.12/site-packages/airflow/example_dags/tutorial_dag.py
[2025-06-05T19:35:37.006+0200] {processor.py:840} INFO - DAG(s) 'tutorial_dag' retrieved from /home/leoja/airflow/airflow_venv/lib/python3.12/site-packages/airflow/example_dags/tutorial_dag.py
[2025-06-05T19:35:37.019+0200] {logging_mixin.py:188} INFO - [2025-06-05T19:35:37.019+0200] {dag.py:3096} INFO - Sync 1 DAGs
[2025-06-05T19:35:37.029+0200] {logging_mixin.py:188} INFO - [2025-06-05T19:35:37.029+0200] {dag.py:3954} INFO - Setting next_dagrun for tutorial_dag to None, run_after=None
[2025-06-05T19:35:37.048+0200] {processor.py:183} INFO - Processing /home/leoja/airflow/airflow_venv/lib/python3.12/site-packages/airflow/example_dags/tutorial_dag.py took 0.056 seconds
[2025-06-05T19:36:20.551+0200] {processor.py:161} INFO - Started process (PID=554925) to work on /home/leoja/airflow/airflow_venv/lib/python3.12/site-packages/airflow/example_dags/tutorial_dag.py
[2025-06-05T19:36:20.552+0200] {processor.py:830} INFO - Processing file /home/leoja/airflow/airflow_venv/lib/python3.12/site-packages/airflow/example_dags/tutorial_dag.py for tasks to queue
[2025-06-05T19:36:20.555+0200] {logging_mixin.py:188} INFO - [2025-06-05T19:36:20.555+0200] {dagbag.py:540} INFO - Filling up the DagBag from /home/leoja/airflow/airflow_venv/lib/python3.12/site-packages/airflow/example_dags/tutorial_dag.py
[2025-06-05T19:36:20.559+0200] {processor.py:840} INFO - DAG(s) 'tutorial_dag' retrieved from /home/leoja/airflow/airflow_venv/lib/python3.12/site-packages/airflow/example_dags/tutorial_dag.py
[2025-06-05T19:36:20.572+0200] {logging_mixin.py:188} INFO - [2025-06-05T19:36:20.572+0200] {dag.py:3096} INFO - Sync 1 DAGs
[2025-06-05T19:36:20.580+0200] {logging_mixin.py:188} INFO - [2025-06-05T19:36:20.580+0200] {dag.py:3954} INFO - Setting next_dagrun for tutorial_dag to None, run_after=None
[2025-06-05T19:36:20.599+0200] {processor.py:183} INFO - Processing /home/leoja/airflow/airflow_venv/lib/python3.12/site-packages/airflow/example_dags/tutorial_dag.py took 0.054 seconds
[2025-06-05T19:37:26.252+0200] {processor.py:161} INFO - Started process (PID=555294) to work on /home/leoja/airflow/airflow_venv/lib/python3.12/site-packages/airflow/example_dags/tutorial_dag.py
[2025-06-05T19:37:26.254+0200] {processor.py:830} INFO - Processing file /home/leoja/airflow/airflow_venv/lib/python3.12/site-packages/airflow/example_dags/tutorial_dag.py for tasks to queue
[2025-06-05T19:37:26.255+0200] {logging_mixin.py:188} INFO - [2025-06-05T19:37:26.255+0200] {dagbag.py:540} INFO - Filling up the DagBag from /home/leoja/airflow/airflow_venv/lib/python3.12/site-packages/airflow/example_dags/tutorial_dag.py
[2025-06-05T19:37:26.260+0200] {processor.py:840} INFO - DAG(s) 'tutorial_dag' retrieved from /home/leoja/airflow/airflow_venv/lib/python3.12/site-packages/airflow/example_dags/tutorial_dag.py
[2025-06-05T19:37:26.272+0200] {logging_mixin.py:188} INFO - [2025-06-05T19:37:26.272+0200] {dag.py:3096} INFO - Sync 1 DAGs
[2025-06-05T19:37:26.281+0200] {logging_mixin.py:188} INFO - [2025-06-05T19:37:26.281+0200] {dag.py:3954} INFO - Setting next_dagrun for tutorial_dag to None, run_after=None
[2025-06-05T19:37:26.302+0200] {processor.py:183} INFO - Processing /home/leoja/airflow/airflow_venv/lib/python3.12/site-packages/airflow/example_dags/tutorial_dag.py took 0.056 seconds
[2025-06-05T19:38:11.749+0200] {processor.py:161} INFO - Started process (PID=555555) to work on /home/leoja/airflow/airflow_venv/lib/python3.12/site-packages/airflow/example_dags/tutorial_dag.py
[2025-06-05T19:38:11.751+0200] {processor.py:830} INFO - Processing file /home/leoja/airflow/airflow_venv/lib/python3.12/site-packages/airflow/example_dags/tutorial_dag.py for tasks to queue
[2025-06-05T19:38:11.753+0200] {logging_mixin.py:188} INFO - [2025-06-05T19:38:11.752+0200] {dagbag.py:540} INFO - Filling up the DagBag from /home/leoja/airflow/airflow_venv/lib/python3.12/site-packages/airflow/example_dags/tutorial_dag.py
[2025-06-05T19:38:11.757+0200] {processor.py:840} INFO - DAG(s) 'tutorial_dag' retrieved from /home/leoja/airflow/airflow_venv/lib/python3.12/site-packages/airflow/example_dags/tutorial_dag.py
[2025-06-05T19:38:11.770+0200] {logging_mixin.py:188} INFO - [2025-06-05T19:38:11.769+0200] {dag.py:3096} INFO - Sync 1 DAGs
[2025-06-05T19:38:11.778+0200] {logging_mixin.py:188} INFO - [2025-06-05T19:38:11.778+0200] {dag.py:3954} INFO - Setting next_dagrun for tutorial_dag to None, run_after=None
[2025-06-05T19:38:11.800+0200] {processor.py:183} INFO - Processing /home/leoja/airflow/airflow_venv/lib/python3.12/site-packages/airflow/example_dags/tutorial_dag.py took 0.058 seconds
[2025-06-05T19:38:54.362+0200] {processor.py:161} INFO - Started process (PID=555801) to work on /home/leoja/airflow/airflow_venv/lib/python3.12/site-packages/airflow/example_dags/tutorial_dag.py
[2025-06-05T19:38:54.364+0200] {processor.py:830} INFO - Processing file /home/leoja/airflow/airflow_venv/lib/python3.12/site-packages/airflow/example_dags/tutorial_dag.py for tasks to queue
[2025-06-05T19:38:54.365+0200] {logging_mixin.py:188} INFO - [2025-06-05T19:38:54.365+0200] {dagbag.py:540} INFO - Filling up the DagBag from /home/leoja/airflow/airflow_venv/lib/python3.12/site-packages/airflow/example_dags/tutorial_dag.py
[2025-06-05T19:38:54.369+0200] {processor.py:840} INFO - DAG(s) 'tutorial_dag' retrieved from /home/leoja/airflow/airflow_venv/lib/python3.12/site-packages/airflow/example_dags/tutorial_dag.py
[2025-06-05T19:38:54.383+0200] {logging_mixin.py:188} INFO - [2025-06-05T19:38:54.383+0200] {dag.py:3096} INFO - Sync 1 DAGs
[2025-06-05T19:38:54.393+0200] {logging_mixin.py:188} INFO - [2025-06-05T19:38:54.392+0200] {dag.py:3954} INFO - Setting next_dagrun for tutorial_dag to None, run_after=None
[2025-06-05T19:38:54.412+0200] {processor.py:183} INFO - Processing /home/leoja/airflow/airflow_venv/lib/python3.12/site-packages/airflow/example_dags/tutorial_dag.py took 0.057 seconds
[2025-06-05T19:39:58.454+0200] {processor.py:161} INFO - Started process (PID=556140) to work on /home/leoja/airflow/airflow_venv/lib/python3.12/site-packages/airflow/example_dags/tutorial_dag.py
[2025-06-05T19:39:58.455+0200] {processor.py:830} INFO - Processing file /home/leoja/airflow/airflow_venv/lib/python3.12/site-packages/airflow/example_dags/tutorial_dag.py for tasks to queue
[2025-06-05T19:39:58.457+0200] {logging_mixin.py:188} INFO - [2025-06-05T19:39:58.457+0200] {dagbag.py:540} INFO - Filling up the DagBag from /home/leoja/airflow/airflow_venv/lib/python3.12/site-packages/airflow/example_dags/tutorial_dag.py
[2025-06-05T19:39:58.461+0200] {processor.py:840} INFO - DAG(s) 'tutorial_dag' retrieved from /home/leoja/airflow/airflow_venv/lib/python3.12/site-packages/airflow/example_dags/tutorial_dag.py
[2025-06-05T19:39:58.474+0200] {logging_mixin.py:188} INFO - [2025-06-05T19:39:58.474+0200] {dag.py:3096} INFO - Sync 1 DAGs
[2025-06-05T19:39:58.482+0200] {logging_mixin.py:188} INFO - [2025-06-05T19:39:58.482+0200] {dag.py:3954} INFO - Setting next_dagrun for tutorial_dag to None, run_after=None
[2025-06-05T19:39:58.500+0200] {processor.py:183} INFO - Processing /home/leoja/airflow/airflow_venv/lib/python3.12/site-packages/airflow/example_dags/tutorial_dag.py took 0.053 seconds
[2025-06-05T19:40:46.301+0200] {processor.py:161} INFO - Started process (PID=556443) to work on /home/leoja/airflow/airflow_venv/lib/python3.12/site-packages/airflow/example_dags/tutorial_dag.py
[2025-06-05T19:40:46.303+0200] {processor.py:830} INFO - Processing file /home/leoja/airflow/airflow_venv/lib/python3.12/site-packages/airflow/example_dags/tutorial_dag.py for tasks to queue
[2025-06-05T19:40:46.305+0200] {logging_mixin.py:188} INFO - [2025-06-05T19:40:46.305+0200] {dagbag.py:540} INFO - Filling up the DagBag from /home/leoja/airflow/airflow_venv/lib/python3.12/site-packages/airflow/example_dags/tutorial_dag.py
[2025-06-05T19:40:46.310+0200] {processor.py:840} INFO - DAG(s) 'tutorial_dag' retrieved from /home/leoja/airflow/airflow_venv/lib/python3.12/site-packages/airflow/example_dags/tutorial_dag.py
[2025-06-05T19:40:46.323+0200] {logging_mixin.py:188} INFO - [2025-06-05T19:40:46.322+0200] {dag.py:3096} INFO - Sync 1 DAGs
[2025-06-05T19:40:46.429+0200] {logging_mixin.py:188} INFO - [2025-06-05T19:40:46.429+0200] {dag.py:3954} INFO - Setting next_dagrun for tutorial_dag to None, run_after=None
[2025-06-05T19:40:46.448+0200] {processor.py:183} INFO - Processing /home/leoja/airflow/airflow_venv/lib/python3.12/site-packages/airflow/example_dags/tutorial_dag.py took 0.153 seconds
[2025-06-05T19:41:30.623+0200] {processor.py:161} INFO - Started process (PID=556943) to work on /home/leoja/airflow/airflow_venv/lib/python3.12/site-packages/airflow/example_dags/tutorial_dag.py
[2025-06-05T19:41:30.625+0200] {processor.py:830} INFO - Processing file /home/leoja/airflow/airflow_venv/lib/python3.12/site-packages/airflow/example_dags/tutorial_dag.py for tasks to queue
[2025-06-05T19:41:30.628+0200] {logging_mixin.py:188} INFO - [2025-06-05T19:41:30.627+0200] {dagbag.py:540} INFO - Filling up the DagBag from /home/leoja/airflow/airflow_venv/lib/python3.12/site-packages/airflow/example_dags/tutorial_dag.py
[2025-06-05T19:41:30.636+0200] {processor.py:840} INFO - DAG(s) 'tutorial_dag' retrieved from /home/leoja/airflow/airflow_venv/lib/python3.12/site-packages/airflow/example_dags/tutorial_dag.py
[2025-06-05T19:41:30.654+0200] {logging_mixin.py:188} INFO - [2025-06-05T19:41:30.654+0200] {dag.py:3096} INFO - Sync 1 DAGs
[2025-06-05T19:41:30.665+0200] {logging_mixin.py:188} INFO - [2025-06-05T19:41:30.665+0200] {dag.py:3954} INFO - Setting next_dagrun for tutorial_dag to None, run_after=None
[2025-06-05T19:41:30.691+0200] {processor.py:183} INFO - Processing /home/leoja/airflow/airflow_venv/lib/python3.12/site-packages/airflow/example_dags/tutorial_dag.py took 0.075 seconds
[2025-06-05T19:42:16.545+0200] {processor.py:161} INFO - Started process (PID=557508) to work on /home/leoja/airflow/airflow_venv/lib/python3.12/site-packages/airflow/example_dags/tutorial_dag.py
[2025-06-05T19:42:16.546+0200] {processor.py:830} INFO - Processing file /home/leoja/airflow/airflow_venv/lib/python3.12/site-packages/airflow/example_dags/tutorial_dag.py for tasks to queue
[2025-06-05T19:42:16.548+0200] {logging_mixin.py:188} INFO - [2025-06-05T19:42:16.547+0200] {dagbag.py:540} INFO - Filling up the DagBag from /home/leoja/airflow/airflow_venv/lib/python3.12/site-packages/airflow/example_dags/tutorial_dag.py
[2025-06-05T19:42:16.552+0200] {processor.py:840} INFO - DAG(s) 'tutorial_dag' retrieved from /home/leoja/airflow/airflow_venv/lib/python3.12/site-packages/airflow/example_dags/tutorial_dag.py
[2025-06-05T19:42:16.564+0200] {logging_mixin.py:188} INFO - [2025-06-05T19:42:16.564+0200] {dag.py:3096} INFO - Sync 1 DAGs
[2025-06-05T19:42:16.572+0200] {logging_mixin.py:188} INFO - [2025-06-05T19:42:16.572+0200] {dag.py:3954} INFO - Setting next_dagrun for tutorial_dag to None, run_after=None
[2025-06-05T19:42:16.593+0200] {processor.py:183} INFO - Processing /home/leoja/airflow/airflow_venv/lib/python3.12/site-packages/airflow/example_dags/tutorial_dag.py took 0.055 seconds
[2025-06-05T19:43:00.370+0200] {processor.py:161} INFO - Started process (PID=557688) to work on /home/leoja/airflow/airflow_venv/lib/python3.12/site-packages/airflow/example_dags/tutorial_dag.py
[2025-06-05T19:43:00.371+0200] {processor.py:830} INFO - Processing file /home/leoja/airflow/airflow_venv/lib/python3.12/site-packages/airflow/example_dags/tutorial_dag.py for tasks to queue
[2025-06-05T19:43:00.373+0200] {logging_mixin.py:188} INFO - [2025-06-05T19:43:00.373+0200] {dagbag.py:540} INFO - Filling up the DagBag from /home/leoja/airflow/airflow_venv/lib/python3.12/site-packages/airflow/example_dags/tutorial_dag.py
[2025-06-05T19:43:00.377+0200] {processor.py:840} INFO - DAG(s) 'tutorial_dag' retrieved from /home/leoja/airflow/airflow_venv/lib/python3.12/site-packages/airflow/example_dags/tutorial_dag.py
[2025-06-05T19:43:00.477+0200] {logging_mixin.py:188} INFO - [2025-06-05T19:43:00.477+0200] {dag.py:3096} INFO - Sync 1 DAGs
[2025-06-05T19:43:00.483+0200] {logging_mixin.py:188} INFO - [2025-06-05T19:43:00.483+0200] {dag.py:3954} INFO - Setting next_dagrun for tutorial_dag to None, run_after=None
[2025-06-05T19:43:00.500+0200] {processor.py:183} INFO - Processing /home/leoja/airflow/airflow_venv/lib/python3.12/site-packages/airflow/example_dags/tutorial_dag.py took 0.136 seconds
[2025-06-05T19:43:45.787+0200] {processor.py:161} INFO - Started process (PID=557830) to work on /home/leoja/airflow/airflow_venv/lib/python3.12/site-packages/airflow/example_dags/tutorial_dag.py
[2025-06-05T19:43:45.793+0200] {processor.py:830} INFO - Processing file /home/leoja/airflow/airflow_venv/lib/python3.12/site-packages/airflow/example_dags/tutorial_dag.py for tasks to queue
[2025-06-05T19:43:45.796+0200] {logging_mixin.py:188} INFO - [2025-06-05T19:43:45.795+0200] {dagbag.py:540} INFO - Filling up the DagBag from /home/leoja/airflow/airflow_venv/lib/python3.12/site-packages/airflow/example_dags/tutorial_dag.py
[2025-06-05T19:43:45.813+0200] {processor.py:840} INFO - DAG(s) 'tutorial_dag' retrieved from /home/leoja/airflow/airflow_venv/lib/python3.12/site-packages/airflow/example_dags/tutorial_dag.py
[2025-06-05T19:43:45.866+0200] {logging_mixin.py:188} INFO - [2025-06-05T19:43:45.866+0200] {dag.py:3096} INFO - Sync 1 DAGs
[2025-06-05T19:43:45.930+0200] {logging_mixin.py:188} INFO - [2025-06-05T19:43:45.929+0200] {dag.py:3954} INFO - Setting next_dagrun for tutorial_dag to None, run_after=None
[2025-06-05T19:43:45.972+0200] {processor.py:183} INFO - Processing /home/leoja/airflow/airflow_venv/lib/python3.12/site-packages/airflow/example_dags/tutorial_dag.py took 0.195 seconds
[2025-06-05T19:44:44.975+0200] {processor.py:161} INFO - Started process (PID=558312) to work on /home/leoja/airflow/airflow_venv/lib/python3.12/site-packages/airflow/example_dags/tutorial_dag.py
[2025-06-05T19:44:44.976+0200] {processor.py:830} INFO - Processing file /home/leoja/airflow/airflow_venv/lib/python3.12/site-packages/airflow/example_dags/tutorial_dag.py for tasks to queue
[2025-06-05T19:44:44.978+0200] {logging_mixin.py:188} INFO - [2025-06-05T19:44:44.978+0200] {dagbag.py:540} INFO - Filling up the DagBag from /home/leoja/airflow/airflow_venv/lib/python3.12/site-packages/airflow/example_dags/tutorial_dag.py
[2025-06-05T19:44:44.983+0200] {processor.py:840} INFO - DAG(s) 'tutorial_dag' retrieved from /home/leoja/airflow/airflow_venv/lib/python3.12/site-packages/airflow/example_dags/tutorial_dag.py
[2025-06-05T19:44:44.998+0200] {logging_mixin.py:188} INFO - [2025-06-05T19:44:44.998+0200] {dag.py:3096} INFO - Sync 1 DAGs
[2025-06-05T19:44:45.010+0200] {logging_mixin.py:188} INFO - [2025-06-05T19:44:45.010+0200] {dag.py:3954} INFO - Setting next_dagrun for tutorial_dag to None, run_after=None
[2025-06-05T19:44:45.049+0200] {processor.py:183} INFO - Processing /home/leoja/airflow/airflow_venv/lib/python3.12/site-packages/airflow/example_dags/tutorial_dag.py took 0.086 seconds
