[2025-06-05T19:09:02.071+0200] {local_task_job_runner.py:120} INFO - ::group::Pre task execution logs
[2025-06-05T19:09:02.083+0200] {taskinstance.py:2073} INFO - Dependencies all met for dep_context=non-requeueable deps ti=<TaskInstance: macro_trading_dag.format_indicators_data manual__2025-06-05T17:08:47.892714+00:00 [queued]>
[2025-06-05T19:09:02.087+0200] {taskinstance.py:2073} INFO - Dependencies all met for dep_context=requeueable deps ti=<TaskInstance: macro_trading_dag.format_indicators_data manual__2025-06-05T17:08:47.892714+00:00 [queued]>
[2025-06-05T19:09:02.087+0200] {taskinstance.py:2303} INFO - Starting attempt 1 of 3
[2025-06-05T19:09:02.101+0200] {taskinstance.py:2327} INFO - Executing <Task(PythonOperator): format_indicators_data> on 2025-06-05 17:08:47.892714+00:00
[2025-06-05T19:09:02.108+0200] {standard_task_runner.py:90} INFO - Running: ['airflow', 'tasks', 'run', 'macro_trading_dag', 'format_indicators_data', 'manual__2025-06-05T17:08:47.892714+00:00', '--job-id', '286', '--raw', '--subdir', 'DAGS_FOLDER/macro_trading_dag.py', '--cfg-path', '/tmp/tmpdiwy0vlo']
[2025-06-05T19:09:02.109+0200] {standard_task_runner.py:91} INFO - Job 286: Subtask format_indicators_data
[2025-06-05T19:09:02.115+0200] {logging_mixin.py:188} WARNING - /home/leoja/airflow/airflow_venv/lib/python3.12/site-packages/airflow/task/task_runner/standard_task_runner.py:61 DeprecationWarning: This process (pid=543413) is multi-threaded, use of fork() may lead to deadlocks in the child.
[2025-06-05T19:09:02.115+0200] {standard_task_runner.py:63} INFO - Started process 543428 to run task
[2025-06-05T19:09:02.145+0200] {task_command.py:426} INFO - Running <TaskInstance: macro_trading_dag.format_indicators_data manual__2025-06-05T17:08:47.892714+00:00 [running]> on host N15I711-16GR512.localdomain
[2025-06-05T19:09:02.209+0200] {taskinstance.py:2644} INFO - Exporting env vars: AIRFLOW_CTX_DAG_OWNER='airflow' AIRFLOW_CTX_DAG_ID='macro_trading_dag' AIRFLOW_CTX_TASK_ID='format_indicators_data' AIRFLOW_CTX_EXECUTION_DATE='2025-06-05T17:08:47.892714+00:00' AIRFLOW_CTX_TRY_NUMBER='1' AIRFLOW_CTX_DAG_RUN_ID='manual__2025-06-05T17:08:47.892714+00:00'
[2025-06-05T19:09:02.210+0200] {taskinstance.py:430} INFO - ::endgroup::
[2025-06-05T19:09:02.211+0200] {logging_mixin.py:188} INFO - → format_and_clean_data: on lit le fichier CSV : /home/leoja/airflow/data/combined_indicators.csv
[2025-06-05T19:09:02.226+0200] {logging_mixin.py:188} INFO -    Colonnes lues dans df : ['date', 'INFLATION', 'UNEMPLOYMENT', 'CONSUMER_SENTIMENT', 'High_Yield_Bond_SPREAD', '10-2Year_Treasury_Yield_Bond', 'TAUX_FED']
[2025-06-05T19:09:02.237+0200] {logging_mixin.py:188} WARNING - /home/leoja/airflow/dags/macro_trading_dag.py:189 FutureWarning: 'M' is deprecated and will be removed in a future version, please use 'ME' instead.
[2025-06-05T19:09:02.266+0200] {logging_mixin.py:188} INFO - Données Indicators mensuelles nettoyées sauvegardées: /home/leoja/airflow/data/Indicators.parquet
[2025-06-05T19:09:02.274+0200] {logging_mixin.py:188} INFO -            date  INFLATION  ...  10-2Year_Treasury_Yield_Bond  TAUX_FED
241  2025-02-28    319.775  ...                          0.25      4.33
242  2025-03-31    319.615  ...                          0.34      4.33
243  2025-04-30    320.321  ...                          0.57      4.33
244  2025-05-31    320.321  ...                          0.52      4.33
245  2025-06-30    320.321  ...                          0.50      4.33

[5 rows x 7 columns]
[2025-06-05T19:09:02.275+0200] {python.py:237} INFO - Done. Returned value was: /home/leoja/airflow/data/Indicators.parquet
[2025-06-05T19:09:02.275+0200] {taskinstance.py:441} INFO - ::group::Post task execution logs
[2025-06-05T19:09:02.289+0200] {taskinstance.py:1205} INFO - Marking task as SUCCESS. dag_id=macro_trading_dag, task_id=format_indicators_data, execution_date=20250605T170847, start_date=20250605T170902, end_date=20250605T170902
[2025-06-05T19:09:02.334+0200] {local_task_job_runner.py:240} INFO - Task exited with return code 0
[2025-06-05T19:09:02.345+0200] {taskinstance.py:3482} INFO - 1 downstream tasks scheduled from follow-on schedule check
[2025-06-05T19:09:02.356+0200] {local_task_job_runner.py:222} INFO - ::endgroup::
