[2025-05-31T23:51:37.729+0200] {processor.py:161} INFO - Started process (PID=133101) to work on /home/leoja/airflow/airflow_venv/lib/python3.12/site-packages/airflow/example_dags/example_dag_decorator.py
[2025-05-31T23:51:37.730+0200] {processor.py:830} INFO - Processing file /home/leoja/airflow/airflow_venv/lib/python3.12/site-packages/airflow/example_dags/example_dag_decorator.py for tasks to queue
[2025-05-31T23:51:37.731+0200] {logging_mixin.py:188} INFO - [2025-05-31T23:51:37.731+0200] {dagbag.py:540} INFO - Filling up the DagBag from /home/leoja/airflow/airflow_venv/lib/python3.12/site-packages/airflow/example_dags/example_dag_decorator.py
[2025-05-31T23:51:37.769+0200] {processor.py:840} INFO - DAG(s) 'example_dag_decorator' retrieved from /home/leoja/airflow/airflow_venv/lib/python3.12/site-packages/airflow/example_dags/example_dag_decorator.py
[2025-05-31T23:51:37.786+0200] {logging_mixin.py:188} INFO - [2025-05-31T23:51:37.786+0200] {dag.py:3096} INFO - Sync 1 DAGs
[2025-05-31T23:51:37.799+0200] {logging_mixin.py:188} INFO - [2025-05-31T23:51:37.799+0200] {dag.py:3954} INFO - Setting next_dagrun for example_dag_decorator to None, run_after=None
[2025-05-31T23:51:37.825+0200] {processor.py:183} INFO - Processing /home/leoja/airflow/airflow_venv/lib/python3.12/site-packages/airflow/example_dags/example_dag_decorator.py took 0.103 seconds
[2025-05-31T23:52:34.674+0200] {processor.py:161} INFO - Started process (PID=133309) to work on /home/leoja/airflow/airflow_venv/lib/python3.12/site-packages/airflow/example_dags/example_dag_decorator.py
[2025-05-31T23:52:34.676+0200] {processor.py:830} INFO - Processing file /home/leoja/airflow/airflow_venv/lib/python3.12/site-packages/airflow/example_dags/example_dag_decorator.py for tasks to queue
[2025-05-31T23:52:34.678+0200] {logging_mixin.py:188} INFO - [2025-05-31T23:52:34.677+0200] {dagbag.py:540} INFO - Filling up the DagBag from /home/leoja/airflow/airflow_venv/lib/python3.12/site-packages/airflow/example_dags/example_dag_decorator.py
[2025-05-31T23:52:34.720+0200] {processor.py:840} INFO - DAG(s) 'example_dag_decorator' retrieved from /home/leoja/airflow/airflow_venv/lib/python3.12/site-packages/airflow/example_dags/example_dag_decorator.py
[2025-05-31T23:52:34.801+0200] {logging_mixin.py:188} INFO - [2025-05-31T23:52:34.800+0200] {dag.py:3096} INFO - Sync 1 DAGs
[2025-05-31T23:52:34.813+0200] {logging_mixin.py:188} INFO - [2025-05-31T23:52:34.813+0200] {dag.py:3954} INFO - Setting next_dagrun for example_dag_decorator to None, run_after=None
[2025-05-31T23:52:34.841+0200] {processor.py:183} INFO - Processing /home/leoja/airflow/airflow_venv/lib/python3.12/site-packages/airflow/example_dags/example_dag_decorator.py took 0.179 seconds
[2025-05-31T23:53:29.585+0200] {processor.py:161} INFO - Started process (PID=133494) to work on /home/leoja/airflow/airflow_venv/lib/python3.12/site-packages/airflow/example_dags/example_dag_decorator.py
[2025-05-31T23:53:29.586+0200] {processor.py:830} INFO - Processing file /home/leoja/airflow/airflow_venv/lib/python3.12/site-packages/airflow/example_dags/example_dag_decorator.py for tasks to queue
[2025-05-31T23:53:29.587+0200] {logging_mixin.py:188} INFO - [2025-05-31T23:53:29.587+0200] {dagbag.py:540} INFO - Filling up the DagBag from /home/leoja/airflow/airflow_venv/lib/python3.12/site-packages/airflow/example_dags/example_dag_decorator.py
[2025-05-31T23:53:29.612+0200] {processor.py:840} INFO - DAG(s) 'example_dag_decorator' retrieved from /home/leoja/airflow/airflow_venv/lib/python3.12/site-packages/airflow/example_dags/example_dag_decorator.py
[2025-05-31T23:53:29.687+0200] {logging_mixin.py:188} INFO - [2025-05-31T23:53:29.687+0200] {dag.py:3096} INFO - Sync 1 DAGs
[2025-05-31T23:53:29.694+0200] {logging_mixin.py:188} INFO - [2025-05-31T23:53:29.694+0200] {dag.py:3954} INFO - Setting next_dagrun for example_dag_decorator to None, run_after=None
[2025-05-31T23:53:29.716+0200] {processor.py:183} INFO - Processing /home/leoja/airflow/airflow_venv/lib/python3.12/site-packages/airflow/example_dags/example_dag_decorator.py took 0.139 seconds
[2025-05-31T23:54:45.488+0200] {processor.py:161} INFO - Started process (PID=133772) to work on /home/leoja/airflow/airflow_venv/lib/python3.12/site-packages/airflow/example_dags/example_dag_decorator.py
[2025-05-31T23:54:45.489+0200] {processor.py:830} INFO - Processing file /home/leoja/airflow/airflow_venv/lib/python3.12/site-packages/airflow/example_dags/example_dag_decorator.py for tasks to queue
[2025-05-31T23:54:45.490+0200] {logging_mixin.py:188} INFO - [2025-05-31T23:54:45.490+0200] {dagbag.py:540} INFO - Filling up the DagBag from /home/leoja/airflow/airflow_venv/lib/python3.12/site-packages/airflow/example_dags/example_dag_decorator.py
[2025-05-31T23:54:45.520+0200] {processor.py:840} INFO - DAG(s) 'example_dag_decorator' retrieved from /home/leoja/airflow/airflow_venv/lib/python3.12/site-packages/airflow/example_dags/example_dag_decorator.py
[2025-05-31T23:54:45.592+0200] {logging_mixin.py:188} INFO - [2025-05-31T23:54:45.592+0200] {dag.py:3096} INFO - Sync 1 DAGs
[2025-05-31T23:54:45.601+0200] {logging_mixin.py:188} INFO - [2025-05-31T23:54:45.601+0200] {dag.py:3954} INFO - Setting next_dagrun for example_dag_decorator to None, run_after=None
[2025-05-31T23:54:45.620+0200] {processor.py:183} INFO - Processing /home/leoja/airflow/airflow_venv/lib/python3.12/site-packages/airflow/example_dags/example_dag_decorator.py took 0.138 seconds
[2025-05-31T23:55:40.347+0200] {processor.py:161} INFO - Started process (PID=133957) to work on /home/leoja/airflow/airflow_venv/lib/python3.12/site-packages/airflow/example_dags/example_dag_decorator.py
[2025-05-31T23:55:40.349+0200] {processor.py:830} INFO - Processing file /home/leoja/airflow/airflow_venv/lib/python3.12/site-packages/airflow/example_dags/example_dag_decorator.py for tasks to queue
[2025-05-31T23:55:40.350+0200] {logging_mixin.py:188} INFO - [2025-05-31T23:55:40.350+0200] {dagbag.py:540} INFO - Filling up the DagBag from /home/leoja/airflow/airflow_venv/lib/python3.12/site-packages/airflow/example_dags/example_dag_decorator.py
[2025-05-31T23:55:40.380+0200] {processor.py:840} INFO - DAG(s) 'example_dag_decorator' retrieved from /home/leoja/airflow/airflow_venv/lib/python3.12/site-packages/airflow/example_dags/example_dag_decorator.py
[2025-05-31T23:55:40.448+0200] {logging_mixin.py:188} INFO - [2025-05-31T23:55:40.448+0200] {dag.py:3096} INFO - Sync 1 DAGs
[2025-05-31T23:55:40.454+0200] {logging_mixin.py:188} INFO - [2025-05-31T23:55:40.454+0200] {dag.py:3954} INFO - Setting next_dagrun for example_dag_decorator to None, run_after=None
[2025-05-31T23:55:40.475+0200] {processor.py:183} INFO - Processing /home/leoja/airflow/airflow_venv/lib/python3.12/site-packages/airflow/example_dags/example_dag_decorator.py took 0.135 seconds
[2025-05-31T23:57:00.604+0200] {processor.py:161} INFO - Started process (PID=134242) to work on /home/leoja/airflow/airflow_venv/lib/python3.12/site-packages/airflow/example_dags/example_dag_decorator.py
[2025-05-31T23:57:00.606+0200] {processor.py:830} INFO - Processing file /home/leoja/airflow/airflow_venv/lib/python3.12/site-packages/airflow/example_dags/example_dag_decorator.py for tasks to queue
[2025-05-31T23:57:00.607+0200] {logging_mixin.py:188} INFO - [2025-05-31T23:57:00.606+0200] {dagbag.py:540} INFO - Filling up the DagBag from /home/leoja/airflow/airflow_venv/lib/python3.12/site-packages/airflow/example_dags/example_dag_decorator.py
[2025-05-31T23:57:00.641+0200] {processor.py:840} INFO - DAG(s) 'example_dag_decorator' retrieved from /home/leoja/airflow/airflow_venv/lib/python3.12/site-packages/airflow/example_dags/example_dag_decorator.py
[2025-05-31T23:57:00.656+0200] {logging_mixin.py:188} INFO - [2025-05-31T23:57:00.655+0200] {dag.py:3096} INFO - Sync 1 DAGs
[2025-05-31T23:57:00.666+0200] {logging_mixin.py:188} INFO - [2025-05-31T23:57:00.666+0200] {dag.py:3954} INFO - Setting next_dagrun for example_dag_decorator to None, run_after=None
[2025-05-31T23:57:00.685+0200] {processor.py:183} INFO - Processing /home/leoja/airflow/airflow_venv/lib/python3.12/site-packages/airflow/example_dags/example_dag_decorator.py took 0.087 seconds
[2025-05-31T23:58:13.751+0200] {processor.py:161} INFO - Started process (PID=134525) to work on /home/leoja/airflow/airflow_venv/lib/python3.12/site-packages/airflow/example_dags/example_dag_decorator.py
[2025-05-31T23:58:13.753+0200] {processor.py:830} INFO - Processing file /home/leoja/airflow/airflow_venv/lib/python3.12/site-packages/airflow/example_dags/example_dag_decorator.py for tasks to queue
[2025-05-31T23:58:13.754+0200] {logging_mixin.py:188} INFO - [2025-05-31T23:58:13.754+0200] {dagbag.py:540} INFO - Filling up the DagBag from /home/leoja/airflow/airflow_venv/lib/python3.12/site-packages/airflow/example_dags/example_dag_decorator.py
[2025-05-31T23:58:13.792+0200] {processor.py:840} INFO - DAG(s) 'example_dag_decorator' retrieved from /home/leoja/airflow/airflow_venv/lib/python3.12/site-packages/airflow/example_dags/example_dag_decorator.py
[2025-05-31T23:58:13.883+0200] {logging_mixin.py:188} INFO - [2025-05-31T23:58:13.882+0200] {dag.py:3096} INFO - Sync 1 DAGs
[2025-05-31T23:58:13.891+0200] {logging_mixin.py:188} INFO - [2025-05-31T23:58:13.890+0200] {dag.py:3954} INFO - Setting next_dagrun for example_dag_decorator to None, run_after=None
[2025-05-31T23:58:13.919+0200] {processor.py:183} INFO - Processing /home/leoja/airflow/airflow_venv/lib/python3.12/site-packages/airflow/example_dags/example_dag_decorator.py took 0.177 seconds
[2025-05-31T23:59:08.169+0200] {processor.py:161} INFO - Started process (PID=134708) to work on /home/leoja/airflow/airflow_venv/lib/python3.12/site-packages/airflow/example_dags/example_dag_decorator.py
[2025-05-31T23:59:08.171+0200] {processor.py:830} INFO - Processing file /home/leoja/airflow/airflow_venv/lib/python3.12/site-packages/airflow/example_dags/example_dag_decorator.py for tasks to queue
[2025-05-31T23:59:08.172+0200] {logging_mixin.py:188} INFO - [2025-05-31T23:59:08.171+0200] {dagbag.py:540} INFO - Filling up the DagBag from /home/leoja/airflow/airflow_venv/lib/python3.12/site-packages/airflow/example_dags/example_dag_decorator.py
[2025-05-31T23:59:08.198+0200] {processor.py:840} INFO - DAG(s) 'example_dag_decorator' retrieved from /home/leoja/airflow/airflow_venv/lib/python3.12/site-packages/airflow/example_dags/example_dag_decorator.py
[2025-05-31T23:59:08.260+0200] {logging_mixin.py:188} INFO - [2025-05-31T23:59:08.259+0200] {dag.py:3096} INFO - Sync 1 DAGs
[2025-05-31T23:59:08.265+0200] {logging_mixin.py:188} INFO - [2025-05-31T23:59:08.265+0200] {dag.py:3954} INFO - Setting next_dagrun for example_dag_decorator to None, run_after=None
[2025-05-31T23:59:08.285+0200] {processor.py:183} INFO - Processing /home/leoja/airflow/airflow_venv/lib/python3.12/site-packages/airflow/example_dags/example_dag_decorator.py took 0.122 seconds
[2025-06-01T00:00:05.316+0200] {processor.py:161} INFO - Started process (PID=134956) to work on /home/leoja/airflow/airflow_venv/lib/python3.12/site-packages/airflow/example_dags/example_dag_decorator.py
[2025-06-01T00:00:05.317+0200] {processor.py:830} INFO - Processing file /home/leoja/airflow/airflow_venv/lib/python3.12/site-packages/airflow/example_dags/example_dag_decorator.py for tasks to queue
[2025-06-01T00:00:05.318+0200] {logging_mixin.py:188} INFO - [2025-06-01T00:00:05.318+0200] {dagbag.py:540} INFO - Filling up the DagBag from /home/leoja/airflow/airflow_venv/lib/python3.12/site-packages/airflow/example_dags/example_dag_decorator.py
[2025-06-01T00:00:05.346+0200] {processor.py:840} INFO - DAG(s) 'example_dag_decorator' retrieved from /home/leoja/airflow/airflow_venv/lib/python3.12/site-packages/airflow/example_dags/example_dag_decorator.py
[2025-06-01T00:00:05.415+0200] {logging_mixin.py:188} INFO - [2025-06-01T00:00:05.414+0200] {dag.py:3096} INFO - Sync 1 DAGs
[2025-06-01T00:00:05.421+0200] {logging_mixin.py:188} INFO - [2025-06-01T00:00:05.421+0200] {dag.py:3954} INFO - Setting next_dagrun for example_dag_decorator to None, run_after=None
[2025-06-01T00:00:05.441+0200] {processor.py:183} INFO - Processing /home/leoja/airflow/airflow_venv/lib/python3.12/site-packages/airflow/example_dags/example_dag_decorator.py took 0.129 seconds
[2025-06-01T00:00:59.071+0200] {processor.py:161} INFO - Started process (PID=135137) to work on /home/leoja/airflow/airflow_venv/lib/python3.12/site-packages/airflow/example_dags/example_dag_decorator.py
[2025-06-01T00:00:59.073+0200] {processor.py:830} INFO - Processing file /home/leoja/airflow/airflow_venv/lib/python3.12/site-packages/airflow/example_dags/example_dag_decorator.py for tasks to queue
[2025-06-01T00:00:59.074+0200] {logging_mixin.py:188} INFO - [2025-06-01T00:00:59.074+0200] {dagbag.py:540} INFO - Filling up the DagBag from /home/leoja/airflow/airflow_venv/lib/python3.12/site-packages/airflow/example_dags/example_dag_decorator.py
[2025-06-01T00:00:59.111+0200] {processor.py:840} INFO - DAG(s) 'example_dag_decorator' retrieved from /home/leoja/airflow/airflow_venv/lib/python3.12/site-packages/airflow/example_dags/example_dag_decorator.py
[2025-06-01T00:00:59.192+0200] {logging_mixin.py:188} INFO - [2025-06-01T00:00:59.191+0200] {dag.py:3096} INFO - Sync 1 DAGs
[2025-06-01T00:00:59.202+0200] {logging_mixin.py:188} INFO - [2025-06-01T00:00:59.202+0200] {dag.py:3954} INFO - Setting next_dagrun for example_dag_decorator to None, run_after=None
[2025-06-01T00:00:59.226+0200] {processor.py:183} INFO - Processing /home/leoja/airflow/airflow_venv/lib/python3.12/site-packages/airflow/example_dags/example_dag_decorator.py took 0.161 seconds
[2025-06-01T00:02:16.035+0200] {processor.py:161} INFO - Started process (PID=135415) to work on /home/leoja/airflow/airflow_venv/lib/python3.12/site-packages/airflow/example_dags/example_dag_decorator.py
[2025-06-01T00:02:16.036+0200] {processor.py:830} INFO - Processing file /home/leoja/airflow/airflow_venv/lib/python3.12/site-packages/airflow/example_dags/example_dag_decorator.py for tasks to queue
[2025-06-01T00:02:16.038+0200] {logging_mixin.py:188} INFO - [2025-06-01T00:02:16.037+0200] {dagbag.py:540} INFO - Filling up the DagBag from /home/leoja/airflow/airflow_venv/lib/python3.12/site-packages/airflow/example_dags/example_dag_decorator.py
[2025-06-01T00:02:16.067+0200] {processor.py:840} INFO - DAG(s) 'example_dag_decorator' retrieved from /home/leoja/airflow/airflow_venv/lib/python3.12/site-packages/airflow/example_dags/example_dag_decorator.py
[2025-06-01T00:02:16.147+0200] {logging_mixin.py:188} INFO - [2025-06-01T00:02:16.147+0200] {dag.py:3096} INFO - Sync 1 DAGs
[2025-06-01T00:02:16.157+0200] {logging_mixin.py:188} INFO - [2025-06-01T00:02:16.157+0200] {dag.py:3954} INFO - Setting next_dagrun for example_dag_decorator to None, run_after=None
[2025-06-01T00:02:16.181+0200] {processor.py:183} INFO - Processing /home/leoja/airflow/airflow_venv/lib/python3.12/site-packages/airflow/example_dags/example_dag_decorator.py took 0.157 seconds
[2025-06-01T00:03:29.313+0200] {processor.py:161} INFO - Started process (PID=135667) to work on /home/leoja/airflow/airflow_venv/lib/python3.12/site-packages/airflow/example_dags/example_dag_decorator.py
[2025-06-01T00:03:29.314+0200] {processor.py:830} INFO - Processing file /home/leoja/airflow/airflow_venv/lib/python3.12/site-packages/airflow/example_dags/example_dag_decorator.py for tasks to queue
[2025-06-01T00:03:29.315+0200] {logging_mixin.py:188} INFO - [2025-06-01T00:03:29.315+0200] {dagbag.py:540} INFO - Filling up the DagBag from /home/leoja/airflow/airflow_venv/lib/python3.12/site-packages/airflow/example_dags/example_dag_decorator.py
[2025-06-01T00:03:29.343+0200] {processor.py:840} INFO - DAG(s) 'example_dag_decorator' retrieved from /home/leoja/airflow/airflow_venv/lib/python3.12/site-packages/airflow/example_dags/example_dag_decorator.py
[2025-06-01T00:03:29.425+0200] {logging_mixin.py:188} INFO - [2025-06-01T00:03:29.425+0200] {dag.py:3096} INFO - Sync 1 DAGs
[2025-06-01T00:03:29.433+0200] {logging_mixin.py:188} INFO - [2025-06-01T00:03:29.433+0200] {dag.py:3954} INFO - Setting next_dagrun for example_dag_decorator to None, run_after=None
[2025-06-01T00:03:29.454+0200] {processor.py:183} INFO - Processing /home/leoja/airflow/airflow_venv/lib/python3.12/site-packages/airflow/example_dags/example_dag_decorator.py took 0.147 seconds
[2025-06-01T00:04:43.747+0200] {processor.py:161} INFO - Started process (PID=135947) to work on /home/leoja/airflow/airflow_venv/lib/python3.12/site-packages/airflow/example_dags/example_dag_decorator.py
[2025-06-01T00:04:43.748+0200] {processor.py:830} INFO - Processing file /home/leoja/airflow/airflow_venv/lib/python3.12/site-packages/airflow/example_dags/example_dag_decorator.py for tasks to queue
[2025-06-01T00:04:43.749+0200] {logging_mixin.py:188} INFO - [2025-06-01T00:04:43.749+0200] {dagbag.py:540} INFO - Filling up the DagBag from /home/leoja/airflow/airflow_venv/lib/python3.12/site-packages/airflow/example_dags/example_dag_decorator.py
[2025-06-01T00:04:43.775+0200] {processor.py:840} INFO - DAG(s) 'example_dag_decorator' retrieved from /home/leoja/airflow/airflow_venv/lib/python3.12/site-packages/airflow/example_dags/example_dag_decorator.py
[2025-06-01T00:04:43.855+0200] {logging_mixin.py:188} INFO - [2025-06-01T00:04:43.854+0200] {dag.py:3096} INFO - Sync 1 DAGs
[2025-06-01T00:04:43.864+0200] {logging_mixin.py:188} INFO - [2025-06-01T00:04:43.863+0200] {dag.py:3954} INFO - Setting next_dagrun for example_dag_decorator to None, run_after=None
[2025-06-01T00:04:43.887+0200] {processor.py:183} INFO - Processing /home/leoja/airflow/airflow_venv/lib/python3.12/site-packages/airflow/example_dags/example_dag_decorator.py took 0.145 seconds
[2025-06-01T00:05:52.907+0200] {processor.py:161} INFO - Started process (PID=136173) to work on /home/leoja/airflow/airflow_venv/lib/python3.12/site-packages/airflow/example_dags/example_dag_decorator.py
[2025-06-01T00:05:52.908+0200] {processor.py:830} INFO - Processing file /home/leoja/airflow/airflow_venv/lib/python3.12/site-packages/airflow/example_dags/example_dag_decorator.py for tasks to queue
[2025-06-01T00:05:52.908+0200] {logging_mixin.py:188} INFO - [2025-06-01T00:05:52.908+0200] {dagbag.py:540} INFO - Filling up the DagBag from /home/leoja/airflow/airflow_venv/lib/python3.12/site-packages/airflow/example_dags/example_dag_decorator.py
[2025-06-01T00:05:52.934+0200] {processor.py:840} INFO - DAG(s) 'example_dag_decorator' retrieved from /home/leoja/airflow/airflow_venv/lib/python3.12/site-packages/airflow/example_dags/example_dag_decorator.py
[2025-06-01T00:05:53.005+0200] {logging_mixin.py:188} INFO - [2025-06-01T00:05:53.005+0200] {dag.py:3096} INFO - Sync 1 DAGs
[2025-06-01T00:05:53.013+0200] {logging_mixin.py:188} INFO - [2025-06-01T00:05:53.013+0200] {dag.py:3954} INFO - Setting next_dagrun for example_dag_decorator to None, run_after=None
[2025-06-01T00:05:53.033+0200] {processor.py:183} INFO - Processing /home/leoja/airflow/airflow_venv/lib/python3.12/site-packages/airflow/example_dags/example_dag_decorator.py took 0.133 seconds
[2025-06-01T00:06:45.657+0200] {processor.py:161} INFO - Started process (PID=136378) to work on /home/leoja/airflow/airflow_venv/lib/python3.12/site-packages/airflow/example_dags/example_dag_decorator.py
[2025-06-01T00:06:45.658+0200] {processor.py:830} INFO - Processing file /home/leoja/airflow/airflow_venv/lib/python3.12/site-packages/airflow/example_dags/example_dag_decorator.py for tasks to queue
[2025-06-01T00:06:45.659+0200] {logging_mixin.py:188} INFO - [2025-06-01T00:06:45.658+0200] {dagbag.py:540} INFO - Filling up the DagBag from /home/leoja/airflow/airflow_venv/lib/python3.12/site-packages/airflow/example_dags/example_dag_decorator.py
[2025-06-01T00:06:45.697+0200] {processor.py:840} INFO - DAG(s) 'example_dag_decorator' retrieved from /home/leoja/airflow/airflow_venv/lib/python3.12/site-packages/airflow/example_dags/example_dag_decorator.py
[2025-06-01T00:06:45.790+0200] {logging_mixin.py:188} INFO - [2025-06-01T00:06:45.790+0200] {dag.py:3096} INFO - Sync 1 DAGs
[2025-06-01T00:06:45.798+0200] {logging_mixin.py:188} INFO - [2025-06-01T00:06:45.798+0200] {dag.py:3954} INFO - Setting next_dagrun for example_dag_decorator to None, run_after=None
[2025-06-01T00:06:45.820+0200] {processor.py:183} INFO - Processing /home/leoja/airflow/airflow_venv/lib/python3.12/site-packages/airflow/example_dags/example_dag_decorator.py took 0.169 seconds
[2025-06-01T00:08:04.356+0200] {processor.py:161} INFO - Started process (PID=136646) to work on /home/leoja/airflow/airflow_venv/lib/python3.12/site-packages/airflow/example_dags/example_dag_decorator.py
[2025-06-01T00:08:04.358+0200] {processor.py:830} INFO - Processing file /home/leoja/airflow/airflow_venv/lib/python3.12/site-packages/airflow/example_dags/example_dag_decorator.py for tasks to queue
[2025-06-01T00:08:04.359+0200] {logging_mixin.py:188} INFO - [2025-06-01T00:08:04.358+0200] {dagbag.py:540} INFO - Filling up the DagBag from /home/leoja/airflow/airflow_venv/lib/python3.12/site-packages/airflow/example_dags/example_dag_decorator.py
[2025-06-01T00:08:04.387+0200] {processor.py:840} INFO - DAG(s) 'example_dag_decorator' retrieved from /home/leoja/airflow/airflow_venv/lib/python3.12/site-packages/airflow/example_dags/example_dag_decorator.py
[2025-06-01T00:08:04.466+0200] {logging_mixin.py:188} INFO - [2025-06-01T00:08:04.466+0200] {dag.py:3096} INFO - Sync 1 DAGs
[2025-06-01T00:08:04.473+0200] {logging_mixin.py:188} INFO - [2025-06-01T00:08:04.472+0200] {dag.py:3954} INFO - Setting next_dagrun for example_dag_decorator to None, run_after=None
[2025-06-01T00:08:04.618+0200] {processor.py:183} INFO - Processing /home/leoja/airflow/airflow_venv/lib/python3.12/site-packages/airflow/example_dags/example_dag_decorator.py took 0.271 seconds
[2025-06-01T00:09:15.828+0200] {processor.py:161} INFO - Started process (PID=136919) to work on /home/leoja/airflow/airflow_venv/lib/python3.12/site-packages/airflow/example_dags/example_dag_decorator.py
[2025-06-01T00:09:15.829+0200] {processor.py:830} INFO - Processing file /home/leoja/airflow/airflow_venv/lib/python3.12/site-packages/airflow/example_dags/example_dag_decorator.py for tasks to queue
[2025-06-01T00:09:15.830+0200] {logging_mixin.py:188} INFO - [2025-06-01T00:09:15.830+0200] {dagbag.py:540} INFO - Filling up the DagBag from /home/leoja/airflow/airflow_venv/lib/python3.12/site-packages/airflow/example_dags/example_dag_decorator.py
[2025-06-01T00:09:15.858+0200] {processor.py:840} INFO - DAG(s) 'example_dag_decorator' retrieved from /home/leoja/airflow/airflow_venv/lib/python3.12/site-packages/airflow/example_dags/example_dag_decorator.py
[2025-06-01T00:09:15.934+0200] {logging_mixin.py:188} INFO - [2025-06-01T00:09:15.934+0200] {dag.py:3096} INFO - Sync 1 DAGs
[2025-06-01T00:09:15.940+0200] {logging_mixin.py:188} INFO - [2025-06-01T00:09:15.940+0200] {dag.py:3954} INFO - Setting next_dagrun for example_dag_decorator to None, run_after=None
[2025-06-01T00:09:16.060+0200] {processor.py:183} INFO - Processing /home/leoja/airflow/airflow_venv/lib/python3.12/site-packages/airflow/example_dags/example_dag_decorator.py took 0.238 seconds
[2025-06-01T00:10:28.666+0200] {processor.py:161} INFO - Started process (PID=137175) to work on /home/leoja/airflow/airflow_venv/lib/python3.12/site-packages/airflow/example_dags/example_dag_decorator.py
[2025-06-01T00:10:28.668+0200] {processor.py:830} INFO - Processing file /home/leoja/airflow/airflow_venv/lib/python3.12/site-packages/airflow/example_dags/example_dag_decorator.py for tasks to queue
[2025-06-01T00:10:28.669+0200] {logging_mixin.py:188} INFO - [2025-06-01T00:10:28.668+0200] {dagbag.py:540} INFO - Filling up the DagBag from /home/leoja/airflow/airflow_venv/lib/python3.12/site-packages/airflow/example_dags/example_dag_decorator.py
[2025-06-01T00:10:28.707+0200] {processor.py:840} INFO - DAG(s) 'example_dag_decorator' retrieved from /home/leoja/airflow/airflow_venv/lib/python3.12/site-packages/airflow/example_dags/example_dag_decorator.py
[2025-06-01T00:10:28.787+0200] {logging_mixin.py:188} INFO - [2025-06-01T00:10:28.786+0200] {dag.py:3096} INFO - Sync 1 DAGs
[2025-06-01T00:10:28.905+0200] {logging_mixin.py:188} INFO - [2025-06-01T00:10:28.905+0200] {dag.py:3954} INFO - Setting next_dagrun for example_dag_decorator to None, run_after=None
[2025-06-01T00:10:28.922+0200] {processor.py:183} INFO - Processing /home/leoja/airflow/airflow_venv/lib/python3.12/site-packages/airflow/example_dags/example_dag_decorator.py took 0.261 seconds
[2025-06-01T00:11:40.993+0200] {processor.py:161} INFO - Started process (PID=137427) to work on /home/leoja/airflow/airflow_venv/lib/python3.12/site-packages/airflow/example_dags/example_dag_decorator.py
[2025-06-01T00:11:40.995+0200] {processor.py:830} INFO - Processing file /home/leoja/airflow/airflow_venv/lib/python3.12/site-packages/airflow/example_dags/example_dag_decorator.py for tasks to queue
[2025-06-01T00:11:40.996+0200] {logging_mixin.py:188} INFO - [2025-06-01T00:11:40.995+0200] {dagbag.py:540} INFO - Filling up the DagBag from /home/leoja/airflow/airflow_venv/lib/python3.12/site-packages/airflow/example_dags/example_dag_decorator.py
[2025-06-01T00:11:41.034+0200] {processor.py:840} INFO - DAG(s) 'example_dag_decorator' retrieved from /home/leoja/airflow/airflow_venv/lib/python3.12/site-packages/airflow/example_dags/example_dag_decorator.py
[2025-06-01T00:11:41.104+0200] {logging_mixin.py:188} INFO - [2025-06-01T00:11:41.103+0200] {dag.py:3096} INFO - Sync 1 DAGs
[2025-06-01T00:11:41.216+0200] {logging_mixin.py:188} INFO - [2025-06-01T00:11:41.216+0200] {dag.py:3954} INFO - Setting next_dagrun for example_dag_decorator to None, run_after=None
[2025-06-01T00:11:41.234+0200] {processor.py:183} INFO - Processing /home/leoja/airflow/airflow_venv/lib/python3.12/site-packages/airflow/example_dags/example_dag_decorator.py took 0.248 seconds
[2025-06-01T00:12:57.563+0200] {processor.py:161} INFO - Started process (PID=137705) to work on /home/leoja/airflow/airflow_venv/lib/python3.12/site-packages/airflow/example_dags/example_dag_decorator.py
[2025-06-01T00:12:57.565+0200] {processor.py:830} INFO - Processing file /home/leoja/airflow/airflow_venv/lib/python3.12/site-packages/airflow/example_dags/example_dag_decorator.py for tasks to queue
[2025-06-01T00:12:57.566+0200] {logging_mixin.py:188} INFO - [2025-06-01T00:12:57.565+0200] {dagbag.py:540} INFO - Filling up the DagBag from /home/leoja/airflow/airflow_venv/lib/python3.12/site-packages/airflow/example_dags/example_dag_decorator.py
[2025-06-01T00:12:57.593+0200] {processor.py:840} INFO - DAG(s) 'example_dag_decorator' retrieved from /home/leoja/airflow/airflow_venv/lib/python3.12/site-packages/airflow/example_dags/example_dag_decorator.py
[2025-06-01T00:12:57.776+0200] {logging_mixin.py:188} INFO - [2025-06-01T00:12:57.775+0200] {dag.py:3096} INFO - Sync 1 DAGs
[2025-06-01T00:12:57.785+0200] {logging_mixin.py:188} INFO - [2025-06-01T00:12:57.785+0200] {dag.py:3954} INFO - Setting next_dagrun for example_dag_decorator to None, run_after=None
[2025-06-01T00:12:57.809+0200] {processor.py:183} INFO - Processing /home/leoja/airflow/airflow_venv/lib/python3.12/site-packages/airflow/example_dags/example_dag_decorator.py took 0.251 seconds
[2025-06-01T00:14:16.673+0200] {processor.py:161} INFO - Started process (PID=137991) to work on /home/leoja/airflow/airflow_venv/lib/python3.12/site-packages/airflow/example_dags/example_dag_decorator.py
[2025-06-01T00:14:16.678+0200] {processor.py:830} INFO - Processing file /home/leoja/airflow/airflow_venv/lib/python3.12/site-packages/airflow/example_dags/example_dag_decorator.py for tasks to queue
[2025-06-01T00:14:16.679+0200] {logging_mixin.py:188} INFO - [2025-06-01T00:14:16.678+0200] {dagbag.py:540} INFO - Filling up the DagBag from /home/leoja/airflow/airflow_venv/lib/python3.12/site-packages/airflow/example_dags/example_dag_decorator.py
[2025-06-01T00:14:16.711+0200] {processor.py:840} INFO - DAG(s) 'example_dag_decorator' retrieved from /home/leoja/airflow/airflow_venv/lib/python3.12/site-packages/airflow/example_dags/example_dag_decorator.py
[2025-06-01T00:14:16.901+0200] {logging_mixin.py:188} INFO - [2025-06-01T00:14:16.901+0200] {dag.py:3096} INFO - Sync 1 DAGs
[2025-06-01T00:14:16.906+0200] {logging_mixin.py:188} INFO - [2025-06-01T00:14:16.906+0200] {dag.py:3954} INFO - Setting next_dagrun for example_dag_decorator to None, run_after=None
[2025-06-01T00:14:16.935+0200] {processor.py:183} INFO - Processing /home/leoja/airflow/airflow_venv/lib/python3.12/site-packages/airflow/example_dags/example_dag_decorator.py took 0.268 seconds
[2025-06-01T00:15:29.202+0200] {processor.py:161} INFO - Started process (PID=138248) to work on /home/leoja/airflow/airflow_venv/lib/python3.12/site-packages/airflow/example_dags/example_dag_decorator.py
[2025-06-01T00:15:29.203+0200] {processor.py:830} INFO - Processing file /home/leoja/airflow/airflow_venv/lib/python3.12/site-packages/airflow/example_dags/example_dag_decorator.py for tasks to queue
[2025-06-01T00:15:29.204+0200] {logging_mixin.py:188} INFO - [2025-06-01T00:15:29.204+0200] {dagbag.py:540} INFO - Filling up the DagBag from /home/leoja/airflow/airflow_venv/lib/python3.12/site-packages/airflow/example_dags/example_dag_decorator.py
[2025-06-01T00:15:29.232+0200] {processor.py:840} INFO - DAG(s) 'example_dag_decorator' retrieved from /home/leoja/airflow/airflow_venv/lib/python3.12/site-packages/airflow/example_dags/example_dag_decorator.py
[2025-06-01T00:15:29.399+0200] {logging_mixin.py:188} INFO - [2025-06-01T00:15:29.399+0200] {dag.py:3096} INFO - Sync 1 DAGs
[2025-06-01T00:15:29.405+0200] {logging_mixin.py:188} INFO - [2025-06-01T00:15:29.405+0200] {dag.py:3954} INFO - Setting next_dagrun for example_dag_decorator to None, run_after=None
[2025-06-01T00:15:29.425+0200] {processor.py:183} INFO - Processing /home/leoja/airflow/airflow_venv/lib/python3.12/site-packages/airflow/example_dags/example_dag_decorator.py took 0.228 seconds
[2025-06-01T00:16:42.237+0200] {processor.py:161} INFO - Started process (PID=138497) to work on /home/leoja/airflow/airflow_venv/lib/python3.12/site-packages/airflow/example_dags/example_dag_decorator.py
[2025-06-01T00:16:42.239+0200] {processor.py:830} INFO - Processing file /home/leoja/airflow/airflow_venv/lib/python3.12/site-packages/airflow/example_dags/example_dag_decorator.py for tasks to queue
[2025-06-01T00:16:42.239+0200] {logging_mixin.py:188} INFO - [2025-06-01T00:16:42.239+0200] {dagbag.py:540} INFO - Filling up the DagBag from /home/leoja/airflow/airflow_venv/lib/python3.12/site-packages/airflow/example_dags/example_dag_decorator.py
[2025-06-01T00:16:42.269+0200] {processor.py:840} INFO - DAG(s) 'example_dag_decorator' retrieved from /home/leoja/airflow/airflow_venv/lib/python3.12/site-packages/airflow/example_dags/example_dag_decorator.py
[2025-06-01T00:16:42.449+0200] {logging_mixin.py:188} INFO - [2025-06-01T00:16:42.448+0200] {dag.py:3096} INFO - Sync 1 DAGs
[2025-06-01T00:16:42.455+0200] {logging_mixin.py:188} INFO - [2025-06-01T00:16:42.454+0200] {dag.py:3954} INFO - Setting next_dagrun for example_dag_decorator to None, run_after=None
[2025-06-01T00:16:42.474+0200] {processor.py:183} INFO - Processing /home/leoja/airflow/airflow_venv/lib/python3.12/site-packages/airflow/example_dags/example_dag_decorator.py took 0.242 seconds
[2025-06-01T00:17:56.853+0200] {processor.py:161} INFO - Started process (PID=138763) to work on /home/leoja/airflow/airflow_venv/lib/python3.12/site-packages/airflow/example_dags/example_dag_decorator.py
[2025-06-01T00:17:56.855+0200] {processor.py:830} INFO - Processing file /home/leoja/airflow/airflow_venv/lib/python3.12/site-packages/airflow/example_dags/example_dag_decorator.py for tasks to queue
[2025-06-01T00:17:56.855+0200] {logging_mixin.py:188} INFO - [2025-06-01T00:17:56.855+0200] {dagbag.py:540} INFO - Filling up the DagBag from /home/leoja/airflow/airflow_venv/lib/python3.12/site-packages/airflow/example_dags/example_dag_decorator.py
[2025-06-01T00:17:56.884+0200] {processor.py:840} INFO - DAG(s) 'example_dag_decorator' retrieved from /home/leoja/airflow/airflow_venv/lib/python3.12/site-packages/airflow/example_dags/example_dag_decorator.py
[2025-06-01T00:17:57.055+0200] {logging_mixin.py:188} INFO - [2025-06-01T00:17:57.055+0200] {dag.py:3096} INFO - Sync 1 DAGs
[2025-06-01T00:17:57.065+0200] {logging_mixin.py:188} INFO - [2025-06-01T00:17:57.064+0200] {dag.py:3954} INFO - Setting next_dagrun for example_dag_decorator to None, run_after=None
[2025-06-01T00:17:57.089+0200] {processor.py:183} INFO - Processing /home/leoja/airflow/airflow_venv/lib/python3.12/site-packages/airflow/example_dags/example_dag_decorator.py took 0.241 seconds
[2025-06-01T00:19:05.700+0200] {processor.py:161} INFO - Started process (PID=139014) to work on /home/leoja/airflow/airflow_venv/lib/python3.12/site-packages/airflow/example_dags/example_dag_decorator.py
[2025-06-01T00:19:05.707+0200] {processor.py:830} INFO - Processing file /home/leoja/airflow/airflow_venv/lib/python3.12/site-packages/airflow/example_dags/example_dag_decorator.py for tasks to queue
[2025-06-01T00:19:05.708+0200] {logging_mixin.py:188} INFO - [2025-06-01T00:19:05.708+0200] {dagbag.py:540} INFO - Filling up the DagBag from /home/leoja/airflow/airflow_venv/lib/python3.12/site-packages/airflow/example_dags/example_dag_decorator.py
[2025-06-01T00:19:05.738+0200] {processor.py:840} INFO - DAG(s) 'example_dag_decorator' retrieved from /home/leoja/airflow/airflow_venv/lib/python3.12/site-packages/airflow/example_dags/example_dag_decorator.py
[2025-06-01T00:19:05.913+0200] {logging_mixin.py:188} INFO - [2025-06-01T00:19:05.912+0200] {dag.py:3096} INFO - Sync 1 DAGs
[2025-06-01T00:19:05.918+0200] {logging_mixin.py:188} INFO - [2025-06-01T00:19:05.918+0200] {dag.py:3954} INFO - Setting next_dagrun for example_dag_decorator to None, run_after=None
[2025-06-01T00:19:05.936+0200] {processor.py:183} INFO - Processing /home/leoja/airflow/airflow_venv/lib/python3.12/site-packages/airflow/example_dags/example_dag_decorator.py took 0.246 seconds
[2025-06-01T00:20:20.948+0200] {processor.py:161} INFO - Started process (PID=139290) to work on /home/leoja/airflow/airflow_venv/lib/python3.12/site-packages/airflow/example_dags/example_dag_decorator.py
[2025-06-01T00:20:20.958+0200] {processor.py:830} INFO - Processing file /home/leoja/airflow/airflow_venv/lib/python3.12/site-packages/airflow/example_dags/example_dag_decorator.py for tasks to queue
[2025-06-01T00:20:20.960+0200] {logging_mixin.py:188} INFO - [2025-06-01T00:20:20.959+0200] {dagbag.py:540} INFO - Filling up the DagBag from /home/leoja/airflow/airflow_venv/lib/python3.12/site-packages/airflow/example_dags/example_dag_decorator.py
[2025-06-01T00:20:20.991+0200] {processor.py:840} INFO - DAG(s) 'example_dag_decorator' retrieved from /home/leoja/airflow/airflow_venv/lib/python3.12/site-packages/airflow/example_dags/example_dag_decorator.py
[2025-06-01T00:20:21.166+0200] {logging_mixin.py:188} INFO - [2025-06-01T00:20:21.165+0200] {dag.py:3096} INFO - Sync 1 DAGs
[2025-06-01T00:20:21.175+0200] {logging_mixin.py:188} INFO - [2025-06-01T00:20:21.174+0200] {dag.py:3954} INFO - Setting next_dagrun for example_dag_decorator to None, run_after=None
[2025-06-01T00:20:21.203+0200] {processor.py:183} INFO - Processing /home/leoja/airflow/airflow_venv/lib/python3.12/site-packages/airflow/example_dags/example_dag_decorator.py took 0.262 seconds
[2025-06-01T00:21:32.908+0200] {processor.py:161} INFO - Started process (PID=139543) to work on /home/leoja/airflow/airflow_venv/lib/python3.12/site-packages/airflow/example_dags/example_dag_decorator.py
[2025-06-01T00:21:32.910+0200] {processor.py:830} INFO - Processing file /home/leoja/airflow/airflow_venv/lib/python3.12/site-packages/airflow/example_dags/example_dag_decorator.py for tasks to queue
[2025-06-01T00:21:32.911+0200] {logging_mixin.py:188} INFO - [2025-06-01T00:21:32.910+0200] {dagbag.py:540} INFO - Filling up the DagBag from /home/leoja/airflow/airflow_venv/lib/python3.12/site-packages/airflow/example_dags/example_dag_decorator.py
[2025-06-01T00:21:32.941+0200] {processor.py:840} INFO - DAG(s) 'example_dag_decorator' retrieved from /home/leoja/airflow/airflow_venv/lib/python3.12/site-packages/airflow/example_dags/example_dag_decorator.py
[2025-06-01T00:21:33.128+0200] {logging_mixin.py:188} INFO - [2025-06-01T00:21:33.127+0200] {dag.py:3096} INFO - Sync 1 DAGs
[2025-06-01T00:21:33.136+0200] {logging_mixin.py:188} INFO - [2025-06-01T00:21:33.135+0200] {dag.py:3954} INFO - Setting next_dagrun for example_dag_decorator to None, run_after=None
[2025-06-01T00:21:33.154+0200] {processor.py:183} INFO - Processing /home/leoja/airflow/airflow_venv/lib/python3.12/site-packages/airflow/example_dags/example_dag_decorator.py took 0.252 seconds
[2025-06-01T00:22:51.919+0200] {processor.py:161} INFO - Started process (PID=139823) to work on /home/leoja/airflow/airflow_venv/lib/python3.12/site-packages/airflow/example_dags/example_dag_decorator.py
[2025-06-01T00:22:51.920+0200] {processor.py:830} INFO - Processing file /home/leoja/airflow/airflow_venv/lib/python3.12/site-packages/airflow/example_dags/example_dag_decorator.py for tasks to queue
[2025-06-01T00:22:51.921+0200] {logging_mixin.py:188} INFO - [2025-06-01T00:22:51.921+0200] {dagbag.py:540} INFO - Filling up the DagBag from /home/leoja/airflow/airflow_venv/lib/python3.12/site-packages/airflow/example_dags/example_dag_decorator.py
[2025-06-01T00:22:51.950+0200] {processor.py:840} INFO - DAG(s) 'example_dag_decorator' retrieved from /home/leoja/airflow/airflow_venv/lib/python3.12/site-packages/airflow/example_dags/example_dag_decorator.py
[2025-06-01T00:22:52.133+0200] {logging_mixin.py:188} INFO - [2025-06-01T00:22:52.133+0200] {dag.py:3096} INFO - Sync 1 DAGs
[2025-06-01T00:22:52.141+0200] {logging_mixin.py:188} INFO - [2025-06-01T00:22:52.140+0200] {dag.py:3954} INFO - Setting next_dagrun for example_dag_decorator to None, run_after=None
[2025-06-01T00:22:52.164+0200] {processor.py:183} INFO - Processing /home/leoja/airflow/airflow_venv/lib/python3.12/site-packages/airflow/example_dags/example_dag_decorator.py took 0.251 seconds
[2025-06-01T00:23:48.970+0200] {processor.py:161} INFO - Started process (PID=140025) to work on /home/leoja/airflow/airflow_venv/lib/python3.12/site-packages/airflow/example_dags/example_dag_decorator.py
[2025-06-01T00:23:48.972+0200] {processor.py:830} INFO - Processing file /home/leoja/airflow/airflow_venv/lib/python3.12/site-packages/airflow/example_dags/example_dag_decorator.py for tasks to queue
[2025-06-01T00:23:48.972+0200] {logging_mixin.py:188} INFO - [2025-06-01T00:23:48.972+0200] {dagbag.py:540} INFO - Filling up the DagBag from /home/leoja/airflow/airflow_venv/lib/python3.12/site-packages/airflow/example_dags/example_dag_decorator.py
[2025-06-01T00:23:49.107+0200] {processor.py:840} INFO - DAG(s) 'example_dag_decorator' retrieved from /home/leoja/airflow/airflow_venv/lib/python3.12/site-packages/airflow/example_dags/example_dag_decorator.py
[2025-06-01T00:23:49.167+0200] {logging_mixin.py:188} INFO - [2025-06-01T00:23:49.166+0200] {dag.py:3096} INFO - Sync 1 DAGs
[2025-06-01T00:23:49.175+0200] {logging_mixin.py:188} INFO - [2025-06-01T00:23:49.174+0200] {dag.py:3954} INFO - Setting next_dagrun for example_dag_decorator to None, run_after=None
[2025-06-01T00:23:49.194+0200] {processor.py:183} INFO - Processing /home/leoja/airflow/airflow_venv/lib/python3.12/site-packages/airflow/example_dags/example_dag_decorator.py took 0.230 seconds
[2025-06-01T00:24:45.235+0200] {processor.py:161} INFO - Started process (PID=140206) to work on /home/leoja/airflow/airflow_venv/lib/python3.12/site-packages/airflow/example_dags/example_dag_decorator.py
[2025-06-01T00:24:45.236+0200] {processor.py:830} INFO - Processing file /home/leoja/airflow/airflow_venv/lib/python3.12/site-packages/airflow/example_dags/example_dag_decorator.py for tasks to queue
[2025-06-01T00:24:45.237+0200] {logging_mixin.py:188} INFO - [2025-06-01T00:24:45.236+0200] {dagbag.py:540} INFO - Filling up the DagBag from /home/leoja/airflow/airflow_venv/lib/python3.12/site-packages/airflow/example_dags/example_dag_decorator.py
[2025-06-01T00:24:45.265+0200] {processor.py:840} INFO - DAG(s) 'example_dag_decorator' retrieved from /home/leoja/airflow/airflow_venv/lib/python3.12/site-packages/airflow/example_dags/example_dag_decorator.py
[2025-06-01T00:24:45.340+0200] {logging_mixin.py:188} INFO - [2025-06-01T00:24:45.340+0200] {dag.py:3096} INFO - Sync 1 DAGs
[2025-06-01T00:24:45.347+0200] {logging_mixin.py:188} INFO - [2025-06-01T00:24:45.347+0200] {dag.py:3954} INFO - Setting next_dagrun for example_dag_decorator to None, run_after=None
[2025-06-01T00:24:45.373+0200] {processor.py:183} INFO - Processing /home/leoja/airflow/airflow_venv/lib/python3.12/site-packages/airflow/example_dags/example_dag_decorator.py took 0.145 seconds
[2025-06-01T00:25:38.225+0200] {processor.py:161} INFO - Started process (PID=140388) to work on /home/leoja/airflow/airflow_venv/lib/python3.12/site-packages/airflow/example_dags/example_dag_decorator.py
[2025-06-01T00:25:38.226+0200] {processor.py:830} INFO - Processing file /home/leoja/airflow/airflow_venv/lib/python3.12/site-packages/airflow/example_dags/example_dag_decorator.py for tasks to queue
[2025-06-01T00:25:38.227+0200] {logging_mixin.py:188} INFO - [2025-06-01T00:25:38.226+0200] {dagbag.py:540} INFO - Filling up the DagBag from /home/leoja/airflow/airflow_venv/lib/python3.12/site-packages/airflow/example_dags/example_dag_decorator.py
[2025-06-01T00:25:38.255+0200] {processor.py:840} INFO - DAG(s) 'example_dag_decorator' retrieved from /home/leoja/airflow/airflow_venv/lib/python3.12/site-packages/airflow/example_dags/example_dag_decorator.py
[2025-06-01T00:25:38.335+0200] {logging_mixin.py:188} INFO - [2025-06-01T00:25:38.334+0200] {dag.py:3096} INFO - Sync 1 DAGs
[2025-06-01T00:25:38.343+0200] {logging_mixin.py:188} INFO - [2025-06-01T00:25:38.343+0200] {dag.py:3954} INFO - Setting next_dagrun for example_dag_decorator to None, run_after=None
[2025-06-01T00:25:38.367+0200] {processor.py:183} INFO - Processing /home/leoja/airflow/airflow_venv/lib/python3.12/site-packages/airflow/example_dags/example_dag_decorator.py took 0.147 seconds
[2025-06-01T00:26:50.050+0200] {processor.py:161} INFO - Started process (PID=140669) to work on /home/leoja/airflow/airflow_venv/lib/python3.12/site-packages/airflow/example_dags/example_dag_decorator.py
[2025-06-01T00:26:50.052+0200] {processor.py:830} INFO - Processing file /home/leoja/airflow/airflow_venv/lib/python3.12/site-packages/airflow/example_dags/example_dag_decorator.py for tasks to queue
[2025-06-01T00:26:50.052+0200] {logging_mixin.py:188} INFO - [2025-06-01T00:26:50.052+0200] {dagbag.py:540} INFO - Filling up the DagBag from /home/leoja/airflow/airflow_venv/lib/python3.12/site-packages/airflow/example_dags/example_dag_decorator.py
[2025-06-01T00:26:50.082+0200] {processor.py:840} INFO - DAG(s) 'example_dag_decorator' retrieved from /home/leoja/airflow/airflow_venv/lib/python3.12/site-packages/airflow/example_dags/example_dag_decorator.py
[2025-06-01T00:26:50.098+0200] {logging_mixin.py:188} INFO - [2025-06-01T00:26:50.098+0200] {dag.py:3096} INFO - Sync 1 DAGs
[2025-06-01T00:26:50.107+0200] {logging_mixin.py:188} INFO - [2025-06-01T00:26:50.107+0200] {dag.py:3954} INFO - Setting next_dagrun for example_dag_decorator to None, run_after=None
[2025-06-01T00:26:50.130+0200] {processor.py:183} INFO - Processing /home/leoja/airflow/airflow_venv/lib/python3.12/site-packages/airflow/example_dags/example_dag_decorator.py took 0.086 seconds
[2025-06-01T00:28:01.683+0200] {processor.py:161} INFO - Started process (PID=140926) to work on /home/leoja/airflow/airflow_venv/lib/python3.12/site-packages/airflow/example_dags/example_dag_decorator.py
[2025-06-01T00:28:01.686+0200] {processor.py:830} INFO - Processing file /home/leoja/airflow/airflow_venv/lib/python3.12/site-packages/airflow/example_dags/example_dag_decorator.py for tasks to queue
[2025-06-01T00:28:01.687+0200] {logging_mixin.py:188} INFO - [2025-06-01T00:28:01.686+0200] {dagbag.py:540} INFO - Filling up the DagBag from /home/leoja/airflow/airflow_venv/lib/python3.12/site-packages/airflow/example_dags/example_dag_decorator.py
[2025-06-01T00:28:01.715+0200] {processor.py:840} INFO - DAG(s) 'example_dag_decorator' retrieved from /home/leoja/airflow/airflow_venv/lib/python3.12/site-packages/airflow/example_dags/example_dag_decorator.py
[2025-06-01T00:28:01.731+0200] {logging_mixin.py:188} INFO - [2025-06-01T00:28:01.731+0200] {dag.py:3096} INFO - Sync 1 DAGs
[2025-06-01T00:28:01.740+0200] {logging_mixin.py:188} INFO - [2025-06-01T00:28:01.740+0200] {dag.py:3954} INFO - Setting next_dagrun for example_dag_decorator to None, run_after=None
[2025-06-01T00:28:01.761+0200] {processor.py:183} INFO - Processing /home/leoja/airflow/airflow_venv/lib/python3.12/site-packages/airflow/example_dags/example_dag_decorator.py took 0.091 seconds
[2025-06-01T00:29:17.459+0200] {processor.py:161} INFO - Started process (PID=141177) to work on /home/leoja/airflow/airflow_venv/lib/python3.12/site-packages/airflow/example_dags/example_dag_decorator.py
[2025-06-01T00:29:17.461+0200] {processor.py:830} INFO - Processing file /home/leoja/airflow/airflow_venv/lib/python3.12/site-packages/airflow/example_dags/example_dag_decorator.py for tasks to queue
[2025-06-01T00:29:17.462+0200] {logging_mixin.py:188} INFO - [2025-06-01T00:29:17.461+0200] {dagbag.py:540} INFO - Filling up the DagBag from /home/leoja/airflow/airflow_venv/lib/python3.12/site-packages/airflow/example_dags/example_dag_decorator.py
[2025-06-01T00:29:17.491+0200] {processor.py:840} INFO - DAG(s) 'example_dag_decorator' retrieved from /home/leoja/airflow/airflow_venv/lib/python3.12/site-packages/airflow/example_dags/example_dag_decorator.py
[2025-06-01T00:29:17.559+0200] {logging_mixin.py:188} INFO - [2025-06-01T00:29:17.559+0200] {dag.py:3096} INFO - Sync 1 DAGs
[2025-06-01T00:29:17.565+0200] {logging_mixin.py:188} INFO - [2025-06-01T00:29:17.565+0200] {dag.py:3954} INFO - Setting next_dagrun for example_dag_decorator to None, run_after=None
[2025-06-01T00:29:17.591+0200] {processor.py:183} INFO - Processing /home/leoja/airflow/airflow_venv/lib/python3.12/site-packages/airflow/example_dags/example_dag_decorator.py took 0.137 seconds
[2025-06-01T00:30:29.775+0200] {processor.py:161} INFO - Started process (PID=141431) to work on /home/leoja/airflow/airflow_venv/lib/python3.12/site-packages/airflow/example_dags/example_dag_decorator.py
[2025-06-01T00:30:29.776+0200] {processor.py:830} INFO - Processing file /home/leoja/airflow/airflow_venv/lib/python3.12/site-packages/airflow/example_dags/example_dag_decorator.py for tasks to queue
[2025-06-01T00:30:29.777+0200] {logging_mixin.py:188} INFO - [2025-06-01T00:30:29.777+0200] {dagbag.py:540} INFO - Filling up the DagBag from /home/leoja/airflow/airflow_venv/lib/python3.12/site-packages/airflow/example_dags/example_dag_decorator.py
[2025-06-01T00:30:29.802+0200] {processor.py:840} INFO - DAG(s) 'example_dag_decorator' retrieved from /home/leoja/airflow/airflow_venv/lib/python3.12/site-packages/airflow/example_dags/example_dag_decorator.py
[2025-06-01T00:30:29.880+0200] {logging_mixin.py:188} INFO - [2025-06-01T00:30:29.880+0200] {dag.py:3096} INFO - Sync 1 DAGs
[2025-06-01T00:30:29.888+0200] {logging_mixin.py:188} INFO - [2025-06-01T00:30:29.888+0200] {dag.py:3954} INFO - Setting next_dagrun for example_dag_decorator to None, run_after=None
[2025-06-01T00:30:29.910+0200] {processor.py:183} INFO - Processing /home/leoja/airflow/airflow_venv/lib/python3.12/site-packages/airflow/example_dags/example_dag_decorator.py took 0.140 seconds
[2025-06-01T00:31:45.336+0200] {processor.py:161} INFO - Started process (PID=141707) to work on /home/leoja/airflow/airflow_venv/lib/python3.12/site-packages/airflow/example_dags/example_dag_decorator.py
[2025-06-01T00:31:45.339+0200] {processor.py:830} INFO - Processing file /home/leoja/airflow/airflow_venv/lib/python3.12/site-packages/airflow/example_dags/example_dag_decorator.py for tasks to queue
[2025-06-01T00:31:45.340+0200] {logging_mixin.py:188} INFO - [2025-06-01T00:31:45.340+0200] {dagbag.py:540} INFO - Filling up the DagBag from /home/leoja/airflow/airflow_venv/lib/python3.12/site-packages/airflow/example_dags/example_dag_decorator.py
[2025-06-01T00:31:45.369+0200] {processor.py:840} INFO - DAG(s) 'example_dag_decorator' retrieved from /home/leoja/airflow/airflow_venv/lib/python3.12/site-packages/airflow/example_dags/example_dag_decorator.py
[2025-06-01T00:31:45.441+0200] {logging_mixin.py:188} INFO - [2025-06-01T00:31:45.440+0200] {dag.py:3096} INFO - Sync 1 DAGs
[2025-06-01T00:31:45.448+0200] {logging_mixin.py:188} INFO - [2025-06-01T00:31:45.447+0200] {dag.py:3954} INFO - Setting next_dagrun for example_dag_decorator to None, run_after=None
[2025-06-01T00:31:45.468+0200] {processor.py:183} INFO - Processing /home/leoja/airflow/airflow_venv/lib/python3.12/site-packages/airflow/example_dags/example_dag_decorator.py took 0.137 seconds
[2025-06-01T00:32:56.150+0200] {processor.py:161} INFO - Started process (PID=141960) to work on /home/leoja/airflow/airflow_venv/lib/python3.12/site-packages/airflow/example_dags/example_dag_decorator.py
[2025-06-01T00:32:56.152+0200] {processor.py:830} INFO - Processing file /home/leoja/airflow/airflow_venv/lib/python3.12/site-packages/airflow/example_dags/example_dag_decorator.py for tasks to queue
[2025-06-01T00:32:56.153+0200] {logging_mixin.py:188} INFO - [2025-06-01T00:32:56.152+0200] {dagbag.py:540} INFO - Filling up the DagBag from /home/leoja/airflow/airflow_venv/lib/python3.12/site-packages/airflow/example_dags/example_dag_decorator.py
[2025-06-01T00:32:56.183+0200] {processor.py:840} INFO - DAG(s) 'example_dag_decorator' retrieved from /home/leoja/airflow/airflow_venv/lib/python3.12/site-packages/airflow/example_dags/example_dag_decorator.py
[2025-06-01T00:32:56.258+0200] {logging_mixin.py:188} INFO - [2025-06-01T00:32:56.258+0200] {dag.py:3096} INFO - Sync 1 DAGs
[2025-06-01T00:32:56.265+0200] {logging_mixin.py:188} INFO - [2025-06-01T00:32:56.265+0200] {dag.py:3954} INFO - Setting next_dagrun for example_dag_decorator to None, run_after=None
[2025-06-01T00:32:56.289+0200] {processor.py:183} INFO - Processing /home/leoja/airflow/airflow_venv/lib/python3.12/site-packages/airflow/example_dags/example_dag_decorator.py took 0.144 seconds
[2025-06-01T00:34:10.190+0200] {processor.py:161} INFO - Started process (PID=142219) to work on /home/leoja/airflow/airflow_venv/lib/python3.12/site-packages/airflow/example_dags/example_dag_decorator.py
[2025-06-01T00:34:10.191+0200] {processor.py:830} INFO - Processing file /home/leoja/airflow/airflow_venv/lib/python3.12/site-packages/airflow/example_dags/example_dag_decorator.py for tasks to queue
[2025-06-01T00:34:10.192+0200] {logging_mixin.py:188} INFO - [2025-06-01T00:34:10.192+0200] {dagbag.py:540} INFO - Filling up the DagBag from /home/leoja/airflow/airflow_venv/lib/python3.12/site-packages/airflow/example_dags/example_dag_decorator.py
[2025-06-01T00:34:10.222+0200] {processor.py:840} INFO - DAG(s) 'example_dag_decorator' retrieved from /home/leoja/airflow/airflow_venv/lib/python3.12/site-packages/airflow/example_dags/example_dag_decorator.py
[2025-06-01T00:34:10.285+0200] {logging_mixin.py:188} INFO - [2025-06-01T00:34:10.285+0200] {dag.py:3096} INFO - Sync 1 DAGs
[2025-06-01T00:34:10.292+0200] {logging_mixin.py:188} INFO - [2025-06-01T00:34:10.292+0200] {dag.py:3954} INFO - Setting next_dagrun for example_dag_decorator to None, run_after=None
[2025-06-01T00:34:10.314+0200] {processor.py:183} INFO - Processing /home/leoja/airflow/airflow_venv/lib/python3.12/site-packages/airflow/example_dags/example_dag_decorator.py took 0.129 seconds
[2025-06-01T00:35:23.584+0200] {processor.py:161} INFO - Started process (PID=142501) to work on /home/leoja/airflow/airflow_venv/lib/python3.12/site-packages/airflow/example_dags/example_dag_decorator.py
[2025-06-01T00:35:23.585+0200] {processor.py:830} INFO - Processing file /home/leoja/airflow/airflow_venv/lib/python3.12/site-packages/airflow/example_dags/example_dag_decorator.py for tasks to queue
[2025-06-01T00:35:23.586+0200] {logging_mixin.py:188} INFO - [2025-06-01T00:35:23.586+0200] {dagbag.py:540} INFO - Filling up the DagBag from /home/leoja/airflow/airflow_venv/lib/python3.12/site-packages/airflow/example_dags/example_dag_decorator.py
[2025-06-01T00:35:23.624+0200] {processor.py:840} INFO - DAG(s) 'example_dag_decorator' retrieved from /home/leoja/airflow/airflow_venv/lib/python3.12/site-packages/airflow/example_dags/example_dag_decorator.py
[2025-06-01T00:35:23.704+0200] {logging_mixin.py:188} INFO - [2025-06-01T00:35:23.704+0200] {dag.py:3096} INFO - Sync 1 DAGs
[2025-06-01T00:35:23.714+0200] {logging_mixin.py:188} INFO - [2025-06-01T00:35:23.714+0200] {dag.py:3954} INFO - Setting next_dagrun for example_dag_decorator to None, run_after=None
[2025-06-01T00:35:23.739+0200] {processor.py:183} INFO - Processing /home/leoja/airflow/airflow_venv/lib/python3.12/site-packages/airflow/example_dags/example_dag_decorator.py took 0.161 seconds
[2025-06-01T00:36:34.353+0200] {processor.py:161} INFO - Started process (PID=142752) to work on /home/leoja/airflow/airflow_venv/lib/python3.12/site-packages/airflow/example_dags/example_dag_decorator.py
[2025-06-01T00:36:34.355+0200] {processor.py:830} INFO - Processing file /home/leoja/airflow/airflow_venv/lib/python3.12/site-packages/airflow/example_dags/example_dag_decorator.py for tasks to queue
[2025-06-01T00:36:34.356+0200] {logging_mixin.py:188} INFO - [2025-06-01T00:36:34.356+0200] {dagbag.py:540} INFO - Filling up the DagBag from /home/leoja/airflow/airflow_venv/lib/python3.12/site-packages/airflow/example_dags/example_dag_decorator.py
[2025-06-01T00:36:34.390+0200] {processor.py:840} INFO - DAG(s) 'example_dag_decorator' retrieved from /home/leoja/airflow/airflow_venv/lib/python3.12/site-packages/airflow/example_dags/example_dag_decorator.py
[2025-06-01T00:36:34.460+0200] {logging_mixin.py:188} INFO - [2025-06-01T00:36:34.460+0200] {dag.py:3096} INFO - Sync 1 DAGs
[2025-06-01T00:36:34.467+0200] {logging_mixin.py:188} INFO - [2025-06-01T00:36:34.467+0200] {dag.py:3954} INFO - Setting next_dagrun for example_dag_decorator to None, run_after=None
[2025-06-01T00:36:34.488+0200] {processor.py:183} INFO - Processing /home/leoja/airflow/airflow_venv/lib/python3.12/site-packages/airflow/example_dags/example_dag_decorator.py took 0.140 seconds
[2025-06-01T00:37:45.565+0200] {processor.py:161} INFO - Started process (PID=143008) to work on /home/leoja/airflow/airflow_venv/lib/python3.12/site-packages/airflow/example_dags/example_dag_decorator.py
[2025-06-01T00:37:45.566+0200] {processor.py:830} INFO - Processing file /home/leoja/airflow/airflow_venv/lib/python3.12/site-packages/airflow/example_dags/example_dag_decorator.py for tasks to queue
[2025-06-01T00:37:45.567+0200] {logging_mixin.py:188} INFO - [2025-06-01T00:37:45.567+0200] {dagbag.py:540} INFO - Filling up the DagBag from /home/leoja/airflow/airflow_venv/lib/python3.12/site-packages/airflow/example_dags/example_dag_decorator.py
[2025-06-01T00:37:45.593+0200] {processor.py:840} INFO - DAG(s) 'example_dag_decorator' retrieved from /home/leoja/airflow/airflow_venv/lib/python3.12/site-packages/airflow/example_dags/example_dag_decorator.py
[2025-06-01T00:37:45.661+0200] {logging_mixin.py:188} INFO - [2025-06-01T00:37:45.661+0200] {dag.py:3096} INFO - Sync 1 DAGs
[2025-06-01T00:37:45.667+0200] {logging_mixin.py:188} INFO - [2025-06-01T00:37:45.667+0200] {dag.py:3954} INFO - Setting next_dagrun for example_dag_decorator to None, run_after=None
[2025-06-01T00:37:45.689+0200] {processor.py:183} INFO - Processing /home/leoja/airflow/airflow_venv/lib/python3.12/site-packages/airflow/example_dags/example_dag_decorator.py took 0.130 seconds
[2025-06-01T00:38:52.379+0200] {processor.py:161} INFO - Started process (PID=143231) to work on /home/leoja/airflow/airflow_venv/lib/python3.12/site-packages/airflow/example_dags/example_dag_decorator.py
[2025-06-01T00:38:52.381+0200] {processor.py:830} INFO - Processing file /home/leoja/airflow/airflow_venv/lib/python3.12/site-packages/airflow/example_dags/example_dag_decorator.py for tasks to queue
[2025-06-01T00:38:52.382+0200] {logging_mixin.py:188} INFO - [2025-06-01T00:38:52.381+0200] {dagbag.py:540} INFO - Filling up the DagBag from /home/leoja/airflow/airflow_venv/lib/python3.12/site-packages/airflow/example_dags/example_dag_decorator.py
[2025-06-01T00:38:52.411+0200] {processor.py:840} INFO - DAG(s) 'example_dag_decorator' retrieved from /home/leoja/airflow/airflow_venv/lib/python3.12/site-packages/airflow/example_dags/example_dag_decorator.py
[2025-06-01T00:38:52.506+0200] {logging_mixin.py:188} INFO - [2025-06-01T00:38:52.506+0200] {dag.py:3096} INFO - Sync 1 DAGs
[2025-06-01T00:38:52.515+0200] {logging_mixin.py:188} INFO - [2025-06-01T00:38:52.514+0200] {dag.py:3954} INFO - Setting next_dagrun for example_dag_decorator to None, run_after=None
[2025-06-01T00:38:52.539+0200] {processor.py:183} INFO - Processing /home/leoja/airflow/airflow_venv/lib/python3.12/site-packages/airflow/example_dags/example_dag_decorator.py took 0.166 seconds
[2025-06-01T00:40:02.277+0200] {processor.py:161} INFO - Started process (PID=143486) to work on /home/leoja/airflow/airflow_venv/lib/python3.12/site-packages/airflow/example_dags/example_dag_decorator.py
[2025-06-01T00:40:02.278+0200] {processor.py:830} INFO - Processing file /home/leoja/airflow/airflow_venv/lib/python3.12/site-packages/airflow/example_dags/example_dag_decorator.py for tasks to queue
[2025-06-01T00:40:02.279+0200] {logging_mixin.py:188} INFO - [2025-06-01T00:40:02.278+0200] {dagbag.py:540} INFO - Filling up the DagBag from /home/leoja/airflow/airflow_venv/lib/python3.12/site-packages/airflow/example_dags/example_dag_decorator.py
[2025-06-01T00:40:02.308+0200] {processor.py:840} INFO - DAG(s) 'example_dag_decorator' retrieved from /home/leoja/airflow/airflow_venv/lib/python3.12/site-packages/airflow/example_dags/example_dag_decorator.py
[2025-06-01T00:40:02.387+0200] {logging_mixin.py:188} INFO - [2025-06-01T00:40:02.387+0200] {dag.py:3096} INFO - Sync 1 DAGs
[2025-06-01T00:40:02.394+0200] {logging_mixin.py:188} INFO - [2025-06-01T00:40:02.394+0200] {dag.py:3954} INFO - Setting next_dagrun for example_dag_decorator to None, run_after=None
[2025-06-01T00:40:02.419+0200] {processor.py:183} INFO - Processing /home/leoja/airflow/airflow_venv/lib/python3.12/site-packages/airflow/example_dags/example_dag_decorator.py took 0.148 seconds
[2025-06-01T00:41:20.577+0200] {processor.py:161} INFO - Started process (PID=143764) to work on /home/leoja/airflow/airflow_venv/lib/python3.12/site-packages/airflow/example_dags/example_dag_decorator.py
[2025-06-01T00:41:20.579+0200] {processor.py:830} INFO - Processing file /home/leoja/airflow/airflow_venv/lib/python3.12/site-packages/airflow/example_dags/example_dag_decorator.py for tasks to queue
[2025-06-01T00:41:20.580+0200] {logging_mixin.py:188} INFO - [2025-06-01T00:41:20.579+0200] {dagbag.py:540} INFO - Filling up the DagBag from /home/leoja/airflow/airflow_venv/lib/python3.12/site-packages/airflow/example_dags/example_dag_decorator.py
[2025-06-01T00:41:20.611+0200] {processor.py:840} INFO - DAG(s) 'example_dag_decorator' retrieved from /home/leoja/airflow/airflow_venv/lib/python3.12/site-packages/airflow/example_dags/example_dag_decorator.py
[2025-06-01T00:41:20.680+0200] {logging_mixin.py:188} INFO - [2025-06-01T00:41:20.680+0200] {dag.py:3096} INFO - Sync 1 DAGs
[2025-06-01T00:41:20.687+0200] {logging_mixin.py:188} INFO - [2025-06-01T00:41:20.687+0200] {dag.py:3954} INFO - Setting next_dagrun for example_dag_decorator to None, run_after=None
[2025-06-01T00:41:20.706+0200] {processor.py:183} INFO - Processing /home/leoja/airflow/airflow_venv/lib/python3.12/site-packages/airflow/example_dags/example_dag_decorator.py took 0.134 seconds
[2025-06-01T00:42:14.235+0200] {processor.py:161} INFO - Started process (PID=143947) to work on /home/leoja/airflow/airflow_venv/lib/python3.12/site-packages/airflow/example_dags/example_dag_decorator.py
[2025-06-01T00:42:14.236+0200] {processor.py:830} INFO - Processing file /home/leoja/airflow/airflow_venv/lib/python3.12/site-packages/airflow/example_dags/example_dag_decorator.py for tasks to queue
[2025-06-01T00:42:14.237+0200] {logging_mixin.py:188} INFO - [2025-06-01T00:42:14.237+0200] {dagbag.py:540} INFO - Filling up the DagBag from /home/leoja/airflow/airflow_venv/lib/python3.12/site-packages/airflow/example_dags/example_dag_decorator.py
[2025-06-01T00:42:14.266+0200] {processor.py:840} INFO - DAG(s) 'example_dag_decorator' retrieved from /home/leoja/airflow/airflow_venv/lib/python3.12/site-packages/airflow/example_dags/example_dag_decorator.py
[2025-06-01T00:42:14.338+0200] {logging_mixin.py:188} INFO - [2025-06-01T00:42:14.338+0200] {dag.py:3096} INFO - Sync 1 DAGs
[2025-06-01T00:42:14.345+0200] {logging_mixin.py:188} INFO - [2025-06-01T00:42:14.345+0200] {dag.py:3954} INFO - Setting next_dagrun for example_dag_decorator to None, run_after=None
[2025-06-01T00:42:14.366+0200] {processor.py:183} INFO - Processing /home/leoja/airflow/airflow_venv/lib/python3.12/site-packages/airflow/example_dags/example_dag_decorator.py took 0.136 seconds
[2025-06-01T00:43:28.132+0200] {processor.py:161} INFO - Started process (PID=144227) to work on /home/leoja/airflow/airflow_venv/lib/python3.12/site-packages/airflow/example_dags/example_dag_decorator.py
[2025-06-01T00:43:28.134+0200] {processor.py:830} INFO - Processing file /home/leoja/airflow/airflow_venv/lib/python3.12/site-packages/airflow/example_dags/example_dag_decorator.py for tasks to queue
[2025-06-01T00:43:28.134+0200] {logging_mixin.py:188} INFO - [2025-06-01T00:43:28.134+0200] {dagbag.py:540} INFO - Filling up the DagBag from /home/leoja/airflow/airflow_venv/lib/python3.12/site-packages/airflow/example_dags/example_dag_decorator.py
[2025-06-01T00:43:28.161+0200] {processor.py:840} INFO - DAG(s) 'example_dag_decorator' retrieved from /home/leoja/airflow/airflow_venv/lib/python3.12/site-packages/airflow/example_dags/example_dag_decorator.py
[2025-06-01T00:43:28.178+0200] {logging_mixin.py:188} INFO - [2025-06-01T00:43:28.178+0200] {dag.py:3096} INFO - Sync 1 DAGs
[2025-06-01T00:43:28.187+0200] {logging_mixin.py:188} INFO - [2025-06-01T00:43:28.187+0200] {dag.py:3954} INFO - Setting next_dagrun for example_dag_decorator to None, run_after=None
[2025-06-01T00:43:28.209+0200] {processor.py:183} INFO - Processing /home/leoja/airflow/airflow_venv/lib/python3.12/site-packages/airflow/example_dags/example_dag_decorator.py took 0.085 seconds
[2025-06-01T00:44:40.475+0200] {processor.py:161} INFO - Started process (PID=144477) to work on /home/leoja/airflow/airflow_venv/lib/python3.12/site-packages/airflow/example_dags/example_dag_decorator.py
[2025-06-01T00:44:40.476+0200] {processor.py:830} INFO - Processing file /home/leoja/airflow/airflow_venv/lib/python3.12/site-packages/airflow/example_dags/example_dag_decorator.py for tasks to queue
[2025-06-01T00:44:40.477+0200] {logging_mixin.py:188} INFO - [2025-06-01T00:44:40.476+0200] {dagbag.py:540} INFO - Filling up the DagBag from /home/leoja/airflow/airflow_venv/lib/python3.12/site-packages/airflow/example_dags/example_dag_decorator.py
[2025-06-01T00:44:40.509+0200] {processor.py:840} INFO - DAG(s) 'example_dag_decorator' retrieved from /home/leoja/airflow/airflow_venv/lib/python3.12/site-packages/airflow/example_dags/example_dag_decorator.py
[2025-06-01T00:44:40.527+0200] {logging_mixin.py:188} INFO - [2025-06-01T00:44:40.527+0200] {dag.py:3096} INFO - Sync 1 DAGs
[2025-06-01T00:44:40.537+0200] {logging_mixin.py:188} INFO - [2025-06-01T00:44:40.537+0200] {dag.py:3954} INFO - Setting next_dagrun for example_dag_decorator to None, run_after=None
[2025-06-01T00:44:40.559+0200] {processor.py:183} INFO - Processing /home/leoja/airflow/airflow_venv/lib/python3.12/site-packages/airflow/example_dags/example_dag_decorator.py took 0.091 seconds
[2025-06-01T00:45:56.654+0200] {processor.py:161} INFO - Started process (PID=144768) to work on /home/leoja/airflow/airflow_venv/lib/python3.12/site-packages/airflow/example_dags/example_dag_decorator.py
[2025-06-01T00:45:56.656+0200] {processor.py:830} INFO - Processing file /home/leoja/airflow/airflow_venv/lib/python3.12/site-packages/airflow/example_dags/example_dag_decorator.py for tasks to queue
[2025-06-01T00:45:56.657+0200] {logging_mixin.py:188} INFO - [2025-06-01T00:45:56.656+0200] {dagbag.py:540} INFO - Filling up the DagBag from /home/leoja/airflow/airflow_venv/lib/python3.12/site-packages/airflow/example_dags/example_dag_decorator.py
[2025-06-01T00:45:56.687+0200] {processor.py:840} INFO - DAG(s) 'example_dag_decorator' retrieved from /home/leoja/airflow/airflow_venv/lib/python3.12/site-packages/airflow/example_dags/example_dag_decorator.py
[2025-06-01T00:45:56.705+0200] {logging_mixin.py:188} INFO - [2025-06-01T00:45:56.704+0200] {dag.py:3096} INFO - Sync 1 DAGs
[2025-06-01T00:45:56.718+0200] {logging_mixin.py:188} INFO - [2025-06-01T00:45:56.718+0200] {dag.py:3954} INFO - Setting next_dagrun for example_dag_decorator to None, run_after=None
[2025-06-01T00:45:56.740+0200] {processor.py:183} INFO - Processing /home/leoja/airflow/airflow_venv/lib/python3.12/site-packages/airflow/example_dags/example_dag_decorator.py took 0.092 seconds
[2025-06-01T00:47:09.554+0200] {processor.py:161} INFO - Started process (PID=145019) to work on /home/leoja/airflow/airflow_venv/lib/python3.12/site-packages/airflow/example_dags/example_dag_decorator.py
[2025-06-01T00:47:09.555+0200] {processor.py:830} INFO - Processing file /home/leoja/airflow/airflow_venv/lib/python3.12/site-packages/airflow/example_dags/example_dag_decorator.py for tasks to queue
[2025-06-01T00:47:09.556+0200] {logging_mixin.py:188} INFO - [2025-06-01T00:47:09.556+0200] {dagbag.py:540} INFO - Filling up the DagBag from /home/leoja/airflow/airflow_venv/lib/python3.12/site-packages/airflow/example_dags/example_dag_decorator.py
[2025-06-01T00:47:09.582+0200] {processor.py:840} INFO - DAG(s) 'example_dag_decorator' retrieved from /home/leoja/airflow/airflow_venv/lib/python3.12/site-packages/airflow/example_dags/example_dag_decorator.py
[2025-06-01T00:47:09.651+0200] {logging_mixin.py:188} INFO - [2025-06-01T00:47:09.651+0200] {dag.py:3096} INFO - Sync 1 DAGs
[2025-06-01T00:47:09.658+0200] {logging_mixin.py:188} INFO - [2025-06-01T00:47:09.657+0200] {dag.py:3954} INFO - Setting next_dagrun for example_dag_decorator to None, run_after=None
[2025-06-01T00:47:09.679+0200] {processor.py:183} INFO - Processing /home/leoja/airflow/airflow_venv/lib/python3.12/site-packages/airflow/example_dags/example_dag_decorator.py took 0.130 seconds
[2025-06-01T00:48:22.035+0200] {processor.py:161} INFO - Started process (PID=145277) to work on /home/leoja/airflow/airflow_venv/lib/python3.12/site-packages/airflow/example_dags/example_dag_decorator.py
[2025-06-01T00:48:22.038+0200] {processor.py:830} INFO - Processing file /home/leoja/airflow/airflow_venv/lib/python3.12/site-packages/airflow/example_dags/example_dag_decorator.py for tasks to queue
[2025-06-01T00:48:22.039+0200] {logging_mixin.py:188} INFO - [2025-06-01T00:48:22.039+0200] {dagbag.py:540} INFO - Filling up the DagBag from /home/leoja/airflow/airflow_venv/lib/python3.12/site-packages/airflow/example_dags/example_dag_decorator.py
[2025-06-01T00:48:22.071+0200] {processor.py:840} INFO - DAG(s) 'example_dag_decorator' retrieved from /home/leoja/airflow/airflow_venv/lib/python3.12/site-packages/airflow/example_dags/example_dag_decorator.py
[2025-06-01T00:48:22.147+0200] {logging_mixin.py:188} INFO - [2025-06-01T00:48:22.147+0200] {dag.py:3096} INFO - Sync 1 DAGs
[2025-06-01T00:48:22.154+0200] {logging_mixin.py:188} INFO - [2025-06-01T00:48:22.154+0200] {dag.py:3954} INFO - Setting next_dagrun for example_dag_decorator to None, run_after=None
[2025-06-01T00:48:22.177+0200] {processor.py:183} INFO - Processing /home/leoja/airflow/airflow_venv/lib/python3.12/site-packages/airflow/example_dags/example_dag_decorator.py took 0.149 seconds
[2025-06-01T00:49:35.890+0200] {processor.py:161} INFO - Started process (PID=145527) to work on /home/leoja/airflow/airflow_venv/lib/python3.12/site-packages/airflow/example_dags/example_dag_decorator.py
[2025-06-01T00:49:35.892+0200] {processor.py:830} INFO - Processing file /home/leoja/airflow/airflow_venv/lib/python3.12/site-packages/airflow/example_dags/example_dag_decorator.py for tasks to queue
[2025-06-01T00:49:35.893+0200] {logging_mixin.py:188} INFO - [2025-06-01T00:49:35.892+0200] {dagbag.py:540} INFO - Filling up the DagBag from /home/leoja/airflow/airflow_venv/lib/python3.12/site-packages/airflow/example_dags/example_dag_decorator.py
[2025-06-01T00:49:35.923+0200] {processor.py:840} INFO - DAG(s) 'example_dag_decorator' retrieved from /home/leoja/airflow/airflow_venv/lib/python3.12/site-packages/airflow/example_dags/example_dag_decorator.py
[2025-06-01T00:49:36.001+0200] {logging_mixin.py:188} INFO - [2025-06-01T00:49:36.001+0200] {dag.py:3096} INFO - Sync 1 DAGs
[2025-06-01T00:49:36.008+0200] {logging_mixin.py:188} INFO - [2025-06-01T00:49:36.008+0200] {dag.py:3954} INFO - Setting next_dagrun for example_dag_decorator to None, run_after=None
[2025-06-01T00:49:36.030+0200] {processor.py:183} INFO - Processing /home/leoja/airflow/airflow_venv/lib/python3.12/site-packages/airflow/example_dags/example_dag_decorator.py took 0.145 seconds
[2025-06-01T00:50:50.451+0200] {processor.py:161} INFO - Started process (PID=145809) to work on /home/leoja/airflow/airflow_venv/lib/python3.12/site-packages/airflow/example_dags/example_dag_decorator.py
[2025-06-01T00:50:50.453+0200] {processor.py:830} INFO - Processing file /home/leoja/airflow/airflow_venv/lib/python3.12/site-packages/airflow/example_dags/example_dag_decorator.py for tasks to queue
[2025-06-01T00:50:50.453+0200] {logging_mixin.py:188} INFO - [2025-06-01T00:50:50.453+0200] {dagbag.py:540} INFO - Filling up the DagBag from /home/leoja/airflow/airflow_venv/lib/python3.12/site-packages/airflow/example_dags/example_dag_decorator.py
[2025-06-01T00:50:50.486+0200] {processor.py:840} INFO - DAG(s) 'example_dag_decorator' retrieved from /home/leoja/airflow/airflow_venv/lib/python3.12/site-packages/airflow/example_dags/example_dag_decorator.py
[2025-06-01T00:50:50.548+0200] {logging_mixin.py:188} INFO - [2025-06-01T00:50:50.547+0200] {dag.py:3096} INFO - Sync 1 DAGs
[2025-06-01T00:50:50.556+0200] {logging_mixin.py:188} INFO - [2025-06-01T00:50:50.556+0200] {dag.py:3954} INFO - Setting next_dagrun for example_dag_decorator to None, run_after=None
[2025-06-01T00:50:50.580+0200] {processor.py:183} INFO - Processing /home/leoja/airflow/airflow_venv/lib/python3.12/site-packages/airflow/example_dags/example_dag_decorator.py took 0.134 seconds
[2025-06-01T00:52:03.958+0200] {processor.py:161} INFO - Started process (PID=146073) to work on /home/leoja/airflow/airflow_venv/lib/python3.12/site-packages/airflow/example_dags/example_dag_decorator.py
[2025-06-01T00:52:03.960+0200] {processor.py:830} INFO - Processing file /home/leoja/airflow/airflow_venv/lib/python3.12/site-packages/airflow/example_dags/example_dag_decorator.py for tasks to queue
[2025-06-01T00:52:03.961+0200] {logging_mixin.py:188} INFO - [2025-06-01T00:52:03.961+0200] {dagbag.py:540} INFO - Filling up the DagBag from /home/leoja/airflow/airflow_venv/lib/python3.12/site-packages/airflow/example_dags/example_dag_decorator.py
[2025-06-01T00:52:03.989+0200] {processor.py:840} INFO - DAG(s) 'example_dag_decorator' retrieved from /home/leoja/airflow/airflow_venv/lib/python3.12/site-packages/airflow/example_dags/example_dag_decorator.py
[2025-06-01T00:52:04.064+0200] {logging_mixin.py:188} INFO - [2025-06-01T00:52:04.063+0200] {dag.py:3096} INFO - Sync 1 DAGs
[2025-06-01T00:52:04.070+0200] {logging_mixin.py:188} INFO - [2025-06-01T00:52:04.070+0200] {dag.py:3954} INFO - Setting next_dagrun for example_dag_decorator to None, run_after=None
[2025-06-01T00:52:04.094+0200] {processor.py:183} INFO - Processing /home/leoja/airflow/airflow_venv/lib/python3.12/site-packages/airflow/example_dags/example_dag_decorator.py took 0.143 seconds
[2025-06-01T00:53:18.993+0200] {processor.py:161} INFO - Started process (PID=146354) to work on /home/leoja/airflow/airflow_venv/lib/python3.12/site-packages/airflow/example_dags/example_dag_decorator.py
[2025-06-01T00:53:18.994+0200] {processor.py:830} INFO - Processing file /home/leoja/airflow/airflow_venv/lib/python3.12/site-packages/airflow/example_dags/example_dag_decorator.py for tasks to queue
[2025-06-01T00:53:18.995+0200] {logging_mixin.py:188} INFO - [2025-06-01T00:53:18.995+0200] {dagbag.py:540} INFO - Filling up the DagBag from /home/leoja/airflow/airflow_venv/lib/python3.12/site-packages/airflow/example_dags/example_dag_decorator.py
[2025-06-01T00:53:19.023+0200] {processor.py:840} INFO - DAG(s) 'example_dag_decorator' retrieved from /home/leoja/airflow/airflow_venv/lib/python3.12/site-packages/airflow/example_dags/example_dag_decorator.py
[2025-06-01T00:53:19.100+0200] {logging_mixin.py:188} INFO - [2025-06-01T00:53:19.100+0200] {dag.py:3096} INFO - Sync 1 DAGs
[2025-06-01T00:53:19.107+0200] {logging_mixin.py:188} INFO - [2025-06-01T00:53:19.107+0200] {dag.py:3954} INFO - Setting next_dagrun for example_dag_decorator to None, run_after=None
[2025-06-01T00:53:19.128+0200] {processor.py:183} INFO - Processing /home/leoja/airflow/airflow_venv/lib/python3.12/site-packages/airflow/example_dags/example_dag_decorator.py took 0.141 seconds
[2025-06-01T00:54:24.701+0200] {processor.py:161} INFO - Started process (PID=146582) to work on /home/leoja/airflow/airflow_venv/lib/python3.12/site-packages/airflow/example_dags/example_dag_decorator.py
[2025-06-01T00:54:24.703+0200] {processor.py:830} INFO - Processing file /home/leoja/airflow/airflow_venv/lib/python3.12/site-packages/airflow/example_dags/example_dag_decorator.py for tasks to queue
[2025-06-01T00:54:24.704+0200] {logging_mixin.py:188} INFO - [2025-06-01T00:54:24.703+0200] {dagbag.py:540} INFO - Filling up the DagBag from /home/leoja/airflow/airflow_venv/lib/python3.12/site-packages/airflow/example_dags/example_dag_decorator.py
[2025-06-01T00:54:24.733+0200] {processor.py:840} INFO - DAG(s) 'example_dag_decorator' retrieved from /home/leoja/airflow/airflow_venv/lib/python3.12/site-packages/airflow/example_dags/example_dag_decorator.py
[2025-06-01T00:54:24.802+0200] {logging_mixin.py:188} INFO - [2025-06-01T00:54:24.802+0200] {dag.py:3096} INFO - Sync 1 DAGs
[2025-06-01T00:54:24.808+0200] {logging_mixin.py:188} INFO - [2025-06-01T00:54:24.808+0200] {dag.py:3954} INFO - Setting next_dagrun for example_dag_decorator to None, run_after=None
[2025-06-01T00:54:24.827+0200] {processor.py:183} INFO - Processing /home/leoja/airflow/airflow_venv/lib/python3.12/site-packages/airflow/example_dags/example_dag_decorator.py took 0.131 seconds
[2025-06-01T00:55:38.037+0200] {processor.py:161} INFO - Started process (PID=146834) to work on /home/leoja/airflow/airflow_venv/lib/python3.12/site-packages/airflow/example_dags/example_dag_decorator.py
[2025-06-01T00:55:38.038+0200] {processor.py:830} INFO - Processing file /home/leoja/airflow/airflow_venv/lib/python3.12/site-packages/airflow/example_dags/example_dag_decorator.py for tasks to queue
[2025-06-01T00:55:38.039+0200] {logging_mixin.py:188} INFO - [2025-06-01T00:55:38.039+0200] {dagbag.py:540} INFO - Filling up the DagBag from /home/leoja/airflow/airflow_venv/lib/python3.12/site-packages/airflow/example_dags/example_dag_decorator.py
[2025-06-01T00:55:38.078+0200] {processor.py:840} INFO - DAG(s) 'example_dag_decorator' retrieved from /home/leoja/airflow/airflow_venv/lib/python3.12/site-packages/airflow/example_dags/example_dag_decorator.py
[2025-06-01T00:55:38.143+0200] {logging_mixin.py:188} INFO - [2025-06-01T00:55:38.142+0200] {dag.py:3096} INFO - Sync 1 DAGs
[2025-06-01T00:55:38.150+0200] {logging_mixin.py:188} INFO - [2025-06-01T00:55:38.150+0200] {dag.py:3954} INFO - Setting next_dagrun for example_dag_decorator to None, run_after=None
[2025-06-01T00:55:38.171+0200] {processor.py:183} INFO - Processing /home/leoja/airflow/airflow_venv/lib/python3.12/site-packages/airflow/example_dags/example_dag_decorator.py took 0.140 seconds
[2025-06-01T00:56:48.193+0200] {processor.py:161} INFO - Started process (PID=147087) to work on /home/leoja/airflow/airflow_venv/lib/python3.12/site-packages/airflow/example_dags/example_dag_decorator.py
[2025-06-01T00:56:48.195+0200] {processor.py:830} INFO - Processing file /home/leoja/airflow/airflow_venv/lib/python3.12/site-packages/airflow/example_dags/example_dag_decorator.py for tasks to queue
[2025-06-01T00:56:48.195+0200] {logging_mixin.py:188} INFO - [2025-06-01T00:56:48.195+0200] {dagbag.py:540} INFO - Filling up the DagBag from /home/leoja/airflow/airflow_venv/lib/python3.12/site-packages/airflow/example_dags/example_dag_decorator.py
[2025-06-01T00:56:48.223+0200] {processor.py:840} INFO - DAG(s) 'example_dag_decorator' retrieved from /home/leoja/airflow/airflow_venv/lib/python3.12/site-packages/airflow/example_dags/example_dag_decorator.py
[2025-06-01T00:56:48.296+0200] {logging_mixin.py:188} INFO - [2025-06-01T00:56:48.295+0200] {dag.py:3096} INFO - Sync 1 DAGs
[2025-06-01T00:56:48.302+0200] {logging_mixin.py:188} INFO - [2025-06-01T00:56:48.302+0200] {dag.py:3954} INFO - Setting next_dagrun for example_dag_decorator to None, run_after=None
[2025-06-01T00:56:48.334+0200] {processor.py:183} INFO - Processing /home/leoja/airflow/airflow_venv/lib/python3.12/site-packages/airflow/example_dags/example_dag_decorator.py took 0.146 seconds
[2025-06-01T00:58:03.573+0200] {processor.py:161} INFO - Started process (PID=147367) to work on /home/leoja/airflow/airflow_venv/lib/python3.12/site-packages/airflow/example_dags/example_dag_decorator.py
[2025-06-01T00:58:03.575+0200] {processor.py:830} INFO - Processing file /home/leoja/airflow/airflow_venv/lib/python3.12/site-packages/airflow/example_dags/example_dag_decorator.py for tasks to queue
[2025-06-01T00:58:03.576+0200] {logging_mixin.py:188} INFO - [2025-06-01T00:58:03.575+0200] {dagbag.py:540} INFO - Filling up the DagBag from /home/leoja/airflow/airflow_venv/lib/python3.12/site-packages/airflow/example_dags/example_dag_decorator.py
[2025-06-01T00:58:03.605+0200] {processor.py:840} INFO - DAG(s) 'example_dag_decorator' retrieved from /home/leoja/airflow/airflow_venv/lib/python3.12/site-packages/airflow/example_dags/example_dag_decorator.py
[2025-06-01T00:58:03.681+0200] {logging_mixin.py:188} INFO - [2025-06-01T00:58:03.681+0200] {dag.py:3096} INFO - Sync 1 DAGs
[2025-06-01T00:58:03.689+0200] {logging_mixin.py:188} INFO - [2025-06-01T00:58:03.689+0200] {dag.py:3954} INFO - Setting next_dagrun for example_dag_decorator to None, run_after=None
[2025-06-01T00:58:03.718+0200] {processor.py:183} INFO - Processing /home/leoja/airflow/airflow_venv/lib/python3.12/site-packages/airflow/example_dags/example_dag_decorator.py took 0.153 seconds
[2025-06-01T00:59:16.876+0200] {processor.py:161} INFO - Started process (PID=147619) to work on /home/leoja/airflow/airflow_venv/lib/python3.12/site-packages/airflow/example_dags/example_dag_decorator.py
[2025-06-01T00:59:16.878+0200] {processor.py:830} INFO - Processing file /home/leoja/airflow/airflow_venv/lib/python3.12/site-packages/airflow/example_dags/example_dag_decorator.py for tasks to queue
[2025-06-01T00:59:16.878+0200] {logging_mixin.py:188} INFO - [2025-06-01T00:59:16.878+0200] {dagbag.py:540} INFO - Filling up the DagBag from /home/leoja/airflow/airflow_venv/lib/python3.12/site-packages/airflow/example_dags/example_dag_decorator.py
[2025-06-01T00:59:16.922+0200] {processor.py:840} INFO - DAG(s) 'example_dag_decorator' retrieved from /home/leoja/airflow/airflow_venv/lib/python3.12/site-packages/airflow/example_dags/example_dag_decorator.py
[2025-06-01T00:59:17.067+0200] {logging_mixin.py:188} INFO - [2025-06-01T00:59:17.066+0200] {dag.py:3096} INFO - Sync 1 DAGs
[2025-06-01T00:59:17.083+0200] {logging_mixin.py:188} INFO - [2025-06-01T00:59:17.083+0200] {dag.py:3954} INFO - Setting next_dagrun for example_dag_decorator to None, run_after=None
[2025-06-01T00:59:17.262+0200] {processor.py:183} INFO - Processing /home/leoja/airflow/airflow_venv/lib/python3.12/site-packages/airflow/example_dags/example_dag_decorator.py took 0.391 seconds
[2025-06-01T01:00:33.267+0200] {processor.py:161} INFO - Started process (PID=147895) to work on /home/leoja/airflow/airflow_venv/lib/python3.12/site-packages/airflow/example_dags/example_dag_decorator.py
[2025-06-01T01:00:33.268+0200] {processor.py:830} INFO - Processing file /home/leoja/airflow/airflow_venv/lib/python3.12/site-packages/airflow/example_dags/example_dag_decorator.py for tasks to queue
[2025-06-01T01:00:33.270+0200] {logging_mixin.py:188} INFO - [2025-06-01T01:00:33.269+0200] {dagbag.py:540} INFO - Filling up the DagBag from /home/leoja/airflow/airflow_venv/lib/python3.12/site-packages/airflow/example_dags/example_dag_decorator.py
[2025-06-01T01:00:33.293+0200] {processor.py:840} INFO - DAG(s) 'example_dag_decorator' retrieved from /home/leoja/airflow/airflow_venv/lib/python3.12/site-packages/airflow/example_dags/example_dag_decorator.py
[2025-06-01T01:00:33.364+0200] {logging_mixin.py:188} INFO - [2025-06-01T01:00:33.364+0200] {dag.py:3096} INFO - Sync 1 DAGs
[2025-06-01T01:00:33.371+0200] {logging_mixin.py:188} INFO - [2025-06-01T01:00:33.371+0200] {dag.py:3954} INFO - Setting next_dagrun for example_dag_decorator to None, run_after=None
[2025-06-01T01:00:33.393+0200] {processor.py:183} INFO - Processing /home/leoja/airflow/airflow_venv/lib/python3.12/site-packages/airflow/example_dags/example_dag_decorator.py took 0.138 seconds
