[2025-05-31T23:51:44.053+0200] {processor.py:161} INFO - Started process (PID=133129) to work on /home/leoja/airflow/airflow_venv/lib/python3.12/site-packages/airflow/example_dags/example_branch_python_dop_operator_3.py
[2025-05-31T23:51:44.054+0200] {processor.py:830} INFO - Processing file /home/leoja/airflow/airflow_venv/lib/python3.12/site-packages/airflow/example_dags/example_branch_python_dop_operator_3.py for tasks to queue
[2025-05-31T23:51:44.055+0200] {logging_mixin.py:188} INFO - [2025-05-31T23:51:44.054+0200] {dagbag.py:540} INFO - Filling up the DagBag from /home/leoja/airflow/airflow_venv/lib/python3.12/site-packages/airflow/example_dags/example_branch_python_dop_operator_3.py
[2025-05-31T23:51:44.061+0200] {processor.py:840} INFO - DAG(s) 'example_branch_dop_operator_v3' retrieved from /home/leoja/airflow/airflow_venv/lib/python3.12/site-packages/airflow/example_dags/example_branch_python_dop_operator_3.py
[2025-05-31T23:51:44.073+0200] {logging_mixin.py:188} INFO - [2025-05-31T23:51:44.073+0200] {dag.py:3096} INFO - Sync 1 DAGs
[2025-05-31T23:51:44.089+0200] {logging_mixin.py:188} INFO - [2025-05-31T23:51:44.088+0200] {dag.py:3954} INFO - Setting next_dagrun for example_branch_dop_operator_v3 to 2025-05-31 21:50:00+00:00, run_after=2025-05-31 21:51:00+00:00
[2025-05-31T23:51:44.111+0200] {processor.py:183} INFO - Processing /home/leoja/airflow/airflow_venv/lib/python3.12/site-packages/airflow/example_dags/example_branch_python_dop_operator_3.py took 0.063 seconds
[2025-05-31T23:52:41.079+0200] {processor.py:161} INFO - Started process (PID=133337) to work on /home/leoja/airflow/airflow_venv/lib/python3.12/site-packages/airflow/example_dags/example_branch_python_dop_operator_3.py
[2025-05-31T23:52:41.080+0200] {processor.py:830} INFO - Processing file /home/leoja/airflow/airflow_venv/lib/python3.12/site-packages/airflow/example_dags/example_branch_python_dop_operator_3.py for tasks to queue
[2025-05-31T23:52:41.081+0200] {logging_mixin.py:188} INFO - [2025-05-31T23:52:41.081+0200] {dagbag.py:540} INFO - Filling up the DagBag from /home/leoja/airflow/airflow_venv/lib/python3.12/site-packages/airflow/example_dags/example_branch_python_dop_operator_3.py
[2025-05-31T23:52:41.088+0200] {processor.py:840} INFO - DAG(s) 'example_branch_dop_operator_v3' retrieved from /home/leoja/airflow/airflow_venv/lib/python3.12/site-packages/airflow/example_dags/example_branch_python_dop_operator_3.py
[2025-05-31T23:52:41.102+0200] {logging_mixin.py:188} INFO - [2025-05-31T23:52:41.102+0200] {dag.py:3096} INFO - Sync 1 DAGs
[2025-05-31T23:52:41.118+0200] {logging_mixin.py:188} INFO - [2025-05-31T23:52:41.118+0200] {dag.py:3954} INFO - Setting next_dagrun for example_branch_dop_operator_v3 to 2025-05-31 21:51:00+00:00, run_after=2025-05-31 21:52:00+00:00
[2025-05-31T23:52:41.139+0200] {processor.py:183} INFO - Processing /home/leoja/airflow/airflow_venv/lib/python3.12/site-packages/airflow/example_dags/example_branch_python_dop_operator_3.py took 0.066 seconds
[2025-05-31T23:54:10.533+0200] {processor.py:161} INFO - Started process (PID=133656) to work on /home/leoja/airflow/airflow_venv/lib/python3.12/site-packages/airflow/example_dags/example_branch_python_dop_operator_3.py
[2025-05-31T23:54:10.534+0200] {processor.py:830} INFO - Processing file /home/leoja/airflow/airflow_venv/lib/python3.12/site-packages/airflow/example_dags/example_branch_python_dop_operator_3.py for tasks to queue
[2025-05-31T23:54:10.535+0200] {logging_mixin.py:188} INFO - [2025-05-31T23:54:10.535+0200] {dagbag.py:540} INFO - Filling up the DagBag from /home/leoja/airflow/airflow_venv/lib/python3.12/site-packages/airflow/example_dags/example_branch_python_dop_operator_3.py
[2025-05-31T23:54:10.545+0200] {processor.py:840} INFO - DAG(s) 'example_branch_dop_operator_v3' retrieved from /home/leoja/airflow/airflow_venv/lib/python3.12/site-packages/airflow/example_dags/example_branch_python_dop_operator_3.py
[2025-05-31T23:54:10.560+0200] {logging_mixin.py:188} INFO - [2025-05-31T23:54:10.560+0200] {dag.py:3096} INFO - Sync 1 DAGs
[2025-05-31T23:54:10.577+0200] {logging_mixin.py:188} INFO - [2025-05-31T23:54:10.577+0200] {dag.py:3954} INFO - Setting next_dagrun for example_branch_dop_operator_v3 to 2025-05-31 21:53:00+00:00, run_after=2025-05-31 21:54:00+00:00
[2025-05-31T23:54:10.599+0200] {processor.py:183} INFO - Processing /home/leoja/airflow/airflow_venv/lib/python3.12/site-packages/airflow/example_dags/example_branch_python_dop_operator_3.py took 0.073 seconds
[2025-05-31T23:55:14.474+0200] {processor.py:161} INFO - Started process (PID=133875) to work on /home/leoja/airflow/airflow_venv/lib/python3.12/site-packages/airflow/example_dags/example_branch_python_dop_operator_3.py
[2025-05-31T23:55:14.476+0200] {processor.py:830} INFO - Processing file /home/leoja/airflow/airflow_venv/lib/python3.12/site-packages/airflow/example_dags/example_branch_python_dop_operator_3.py for tasks to queue
[2025-05-31T23:55:14.477+0200] {logging_mixin.py:188} INFO - [2025-05-31T23:55:14.476+0200] {dagbag.py:540} INFO - Filling up the DagBag from /home/leoja/airflow/airflow_venv/lib/python3.12/site-packages/airflow/example_dags/example_branch_python_dop_operator_3.py
[2025-05-31T23:55:14.485+0200] {processor.py:840} INFO - DAG(s) 'example_branch_dop_operator_v3' retrieved from /home/leoja/airflow/airflow_venv/lib/python3.12/site-packages/airflow/example_dags/example_branch_python_dop_operator_3.py
[2025-05-31T23:55:14.497+0200] {logging_mixin.py:188} INFO - [2025-05-31T23:55:14.497+0200] {dag.py:3096} INFO - Sync 1 DAGs
[2025-05-31T23:55:14.513+0200] {logging_mixin.py:188} INFO - [2025-05-31T23:55:14.513+0200] {dag.py:3954} INFO - Setting next_dagrun for example_branch_dop_operator_v3 to 2025-05-31 21:54:00+00:00, run_after=2025-05-31 21:55:00+00:00
[2025-05-31T23:55:14.534+0200] {processor.py:183} INFO - Processing /home/leoja/airflow/airflow_venv/lib/python3.12/site-packages/airflow/example_dags/example_branch_python_dop_operator_3.py took 0.068 seconds
[2025-05-31T23:56:34.980+0200] {processor.py:161} INFO - Started process (PID=134164) to work on /home/leoja/airflow/airflow_venv/lib/python3.12/site-packages/airflow/example_dags/example_branch_python_dop_operator_3.py
[2025-05-31T23:56:34.981+0200] {processor.py:830} INFO - Processing file /home/leoja/airflow/airflow_venv/lib/python3.12/site-packages/airflow/example_dags/example_branch_python_dop_operator_3.py for tasks to queue
[2025-05-31T23:56:34.982+0200] {logging_mixin.py:188} INFO - [2025-05-31T23:56:34.982+0200] {dagbag.py:540} INFO - Filling up the DagBag from /home/leoja/airflow/airflow_venv/lib/python3.12/site-packages/airflow/example_dags/example_branch_python_dop_operator_3.py
[2025-05-31T23:56:34.995+0200] {processor.py:840} INFO - DAG(s) 'example_branch_dop_operator_v3' retrieved from /home/leoja/airflow/airflow_venv/lib/python3.12/site-packages/airflow/example_dags/example_branch_python_dop_operator_3.py
[2025-05-31T23:56:35.013+0200] {logging_mixin.py:188} INFO - [2025-05-31T23:56:35.013+0200] {dag.py:3096} INFO - Sync 1 DAGs
[2025-05-31T23:56:35.033+0200] {logging_mixin.py:188} INFO - [2025-05-31T23:56:35.033+0200] {dag.py:3954} INFO - Setting next_dagrun for example_branch_dop_operator_v3 to 2025-05-31 21:55:00+00:00, run_after=2025-05-31 21:56:00+00:00
[2025-05-31T23:56:35.058+0200] {processor.py:183} INFO - Processing /home/leoja/airflow/airflow_venv/lib/python3.12/site-packages/airflow/example_dags/example_branch_python_dop_operator_3.py took 0.085 seconds
[2025-05-31T23:57:47.839+0200] {processor.py:161} INFO - Started process (PID=134422) to work on /home/leoja/airflow/airflow_venv/lib/python3.12/site-packages/airflow/example_dags/example_branch_python_dop_operator_3.py
[2025-05-31T23:57:47.841+0200] {processor.py:830} INFO - Processing file /home/leoja/airflow/airflow_venv/lib/python3.12/site-packages/airflow/example_dags/example_branch_python_dop_operator_3.py for tasks to queue
[2025-05-31T23:57:47.842+0200] {logging_mixin.py:188} INFO - [2025-05-31T23:57:47.842+0200] {dagbag.py:540} INFO - Filling up the DagBag from /home/leoja/airflow/airflow_venv/lib/python3.12/site-packages/airflow/example_dags/example_branch_python_dop_operator_3.py
[2025-05-31T23:57:47.850+0200] {processor.py:840} INFO - DAG(s) 'example_branch_dop_operator_v3' retrieved from /home/leoja/airflow/airflow_venv/lib/python3.12/site-packages/airflow/example_dags/example_branch_python_dop_operator_3.py
[2025-05-31T23:57:47.871+0200] {logging_mixin.py:188} INFO - [2025-05-31T23:57:47.871+0200] {dag.py:3096} INFO - Sync 1 DAGs
[2025-05-31T23:57:47.893+0200] {logging_mixin.py:188} INFO - [2025-05-31T23:57:47.892+0200] {dag.py:3954} INFO - Setting next_dagrun for example_branch_dop_operator_v3 to 2025-05-31 21:56:00+00:00, run_after=2025-05-31 21:57:00+00:00
[2025-05-31T23:57:47.920+0200] {processor.py:183} INFO - Processing /home/leoja/airflow/airflow_venv/lib/python3.12/site-packages/airflow/example_dags/example_branch_python_dop_operator_3.py took 0.088 seconds
[2025-05-31T23:59:11.708+0200] {processor.py:161} INFO - Started process (PID=134733) to work on /home/leoja/airflow/airflow_venv/lib/python3.12/site-packages/airflow/example_dags/example_branch_python_dop_operator_3.py
[2025-05-31T23:59:11.709+0200] {processor.py:830} INFO - Processing file /home/leoja/airflow/airflow_venv/lib/python3.12/site-packages/airflow/example_dags/example_branch_python_dop_operator_3.py for tasks to queue
[2025-05-31T23:59:11.710+0200] {logging_mixin.py:188} INFO - [2025-05-31T23:59:11.709+0200] {dagbag.py:540} INFO - Filling up the DagBag from /home/leoja/airflow/airflow_venv/lib/python3.12/site-packages/airflow/example_dags/example_branch_python_dop_operator_3.py
[2025-05-31T23:59:11.715+0200] {processor.py:840} INFO - DAG(s) 'example_branch_dop_operator_v3' retrieved from /home/leoja/airflow/airflow_venv/lib/python3.12/site-packages/airflow/example_dags/example_branch_python_dop_operator_3.py
[2025-05-31T23:59:11.727+0200] {logging_mixin.py:188} INFO - [2025-05-31T23:59:11.726+0200] {dag.py:3096} INFO - Sync 1 DAGs
[2025-05-31T23:59:11.742+0200] {logging_mixin.py:188} INFO - [2025-05-31T23:59:11.742+0200] {dag.py:3954} INFO - Setting next_dagrun for example_branch_dop_operator_v3 to 2025-05-31 21:58:00+00:00, run_after=2025-05-31 21:59:00+00:00
[2025-05-31T23:59:11.763+0200] {processor.py:183} INFO - Processing /home/leoja/airflow/airflow_venv/lib/python3.12/site-packages/airflow/example_dags/example_branch_python_dop_operator_3.py took 0.061 seconds
[2025-06-01T00:00:09.333+0200] {processor.py:161} INFO - Started process (PID=134961) to work on /home/leoja/airflow/airflow_venv/lib/python3.12/site-packages/airflow/example_dags/example_branch_python_dop_operator_3.py
[2025-06-01T00:00:09.334+0200] {processor.py:830} INFO - Processing file /home/leoja/airflow/airflow_venv/lib/python3.12/site-packages/airflow/example_dags/example_branch_python_dop_operator_3.py for tasks to queue
[2025-06-01T00:00:09.335+0200] {logging_mixin.py:188} INFO - [2025-06-01T00:00:09.334+0200] {dagbag.py:540} INFO - Filling up the DagBag from /home/leoja/airflow/airflow_venv/lib/python3.12/site-packages/airflow/example_dags/example_branch_python_dop_operator_3.py
[2025-06-01T00:00:09.341+0200] {processor.py:840} INFO - DAG(s) 'example_branch_dop_operator_v3' retrieved from /home/leoja/airflow/airflow_venv/lib/python3.12/site-packages/airflow/example_dags/example_branch_python_dop_operator_3.py
[2025-06-01T00:00:09.353+0200] {logging_mixin.py:188} INFO - [2025-06-01T00:00:09.353+0200] {dag.py:3096} INFO - Sync 1 DAGs
[2025-06-01T00:00:09.372+0200] {logging_mixin.py:188} INFO - [2025-06-01T00:00:09.371+0200] {dag.py:3954} INFO - Setting next_dagrun for example_branch_dop_operator_v3 to 2025-05-31 21:59:00+00:00, run_after=2025-05-31 22:00:00+00:00
[2025-06-01T00:00:09.394+0200] {processor.py:183} INFO - Processing /home/leoja/airflow/airflow_venv/lib/python3.12/site-packages/airflow/example_dags/example_branch_python_dop_operator_3.py took 0.066 seconds
[2025-06-01T00:01:25.391+0200] {processor.py:161} INFO - Started process (PID=135238) to work on /home/leoja/airflow/airflow_venv/lib/python3.12/site-packages/airflow/example_dags/example_branch_python_dop_operator_3.py
[2025-06-01T00:01:25.392+0200] {processor.py:830} INFO - Processing file /home/leoja/airflow/airflow_venv/lib/python3.12/site-packages/airflow/example_dags/example_branch_python_dop_operator_3.py for tasks to queue
[2025-06-01T00:01:25.393+0200] {logging_mixin.py:188} INFO - [2025-06-01T00:01:25.393+0200] {dagbag.py:540} INFO - Filling up the DagBag from /home/leoja/airflow/airflow_venv/lib/python3.12/site-packages/airflow/example_dags/example_branch_python_dop_operator_3.py
[2025-06-01T00:01:25.399+0200] {processor.py:840} INFO - DAG(s) 'example_branch_dop_operator_v3' retrieved from /home/leoja/airflow/airflow_venv/lib/python3.12/site-packages/airflow/example_dags/example_branch_python_dop_operator_3.py
[2025-06-01T00:01:25.418+0200] {logging_mixin.py:188} INFO - [2025-06-01T00:01:25.418+0200] {dag.py:3096} INFO - Sync 1 DAGs
[2025-06-01T00:01:25.435+0200] {logging_mixin.py:188} INFO - [2025-06-01T00:01:25.435+0200] {dag.py:3954} INFO - Setting next_dagrun for example_branch_dop_operator_v3 to 2025-05-31 22:00:00+00:00, run_after=2025-05-31 22:01:00+00:00
[2025-06-01T00:01:25.460+0200] {processor.py:183} INFO - Processing /home/leoja/airflow/airflow_venv/lib/python3.12/site-packages/airflow/example_dags/example_branch_python_dop_operator_3.py took 0.075 seconds
[2025-06-01T00:02:42.877+0200] {processor.py:161} INFO - Started process (PID=135511) to work on /home/leoja/airflow/airflow_venv/lib/python3.12/site-packages/airflow/example_dags/example_branch_python_dop_operator_3.py
[2025-06-01T00:02:42.879+0200] {processor.py:830} INFO - Processing file /home/leoja/airflow/airflow_venv/lib/python3.12/site-packages/airflow/example_dags/example_branch_python_dop_operator_3.py for tasks to queue
[2025-06-01T00:02:42.880+0200] {logging_mixin.py:188} INFO - [2025-06-01T00:02:42.879+0200] {dagbag.py:540} INFO - Filling up the DagBag from /home/leoja/airflow/airflow_venv/lib/python3.12/site-packages/airflow/example_dags/example_branch_python_dop_operator_3.py
[2025-06-01T00:02:42.886+0200] {processor.py:840} INFO - DAG(s) 'example_branch_dop_operator_v3' retrieved from /home/leoja/airflow/airflow_venv/lib/python3.12/site-packages/airflow/example_dags/example_branch_python_dop_operator_3.py
[2025-06-01T00:02:42.908+0200] {logging_mixin.py:188} INFO - [2025-06-01T00:02:42.908+0200] {dag.py:3096} INFO - Sync 1 DAGs
[2025-06-01T00:02:42.926+0200] {logging_mixin.py:188} INFO - [2025-06-01T00:02:42.926+0200] {dag.py:3954} INFO - Setting next_dagrun for example_branch_dop_operator_v3 to 2025-05-31 22:01:00+00:00, run_after=2025-05-31 22:02:00+00:00
[2025-06-01T00:02:42.950+0200] {processor.py:183} INFO - Processing /home/leoja/airflow/airflow_venv/lib/python3.12/site-packages/airflow/example_dags/example_branch_python_dop_operator_3.py took 0.080 seconds
[2025-06-01T00:03:57.268+0200] {processor.py:161} INFO - Started process (PID=135770) to work on /home/leoja/airflow/airflow_venv/lib/python3.12/site-packages/airflow/example_dags/example_branch_python_dop_operator_3.py
[2025-06-01T00:03:57.269+0200] {processor.py:830} INFO - Processing file /home/leoja/airflow/airflow_venv/lib/python3.12/site-packages/airflow/example_dags/example_branch_python_dop_operator_3.py for tasks to queue
[2025-06-01T00:03:57.270+0200] {logging_mixin.py:188} INFO - [2025-06-01T00:03:57.270+0200] {dagbag.py:540} INFO - Filling up the DagBag from /home/leoja/airflow/airflow_venv/lib/python3.12/site-packages/airflow/example_dags/example_branch_python_dop_operator_3.py
[2025-06-01T00:03:57.277+0200] {processor.py:840} INFO - DAG(s) 'example_branch_dop_operator_v3' retrieved from /home/leoja/airflow/airflow_venv/lib/python3.12/site-packages/airflow/example_dags/example_branch_python_dop_operator_3.py
[2025-06-01T00:03:57.289+0200] {logging_mixin.py:188} INFO - [2025-06-01T00:03:57.289+0200] {dag.py:3096} INFO - Sync 1 DAGs
[2025-06-01T00:03:57.305+0200] {logging_mixin.py:188} INFO - [2025-06-01T00:03:57.305+0200] {dag.py:3954} INFO - Setting next_dagrun for example_branch_dop_operator_v3 to 2025-05-31 22:02:00+00:00, run_after=2025-05-31 22:03:00+00:00
[2025-06-01T00:03:57.327+0200] {processor.py:183} INFO - Processing /home/leoja/airflow/airflow_venv/lib/python3.12/site-packages/airflow/example_dags/example_branch_python_dop_operator_3.py took 0.064 seconds
[2025-06-01T00:05:07.748+0200] {processor.py:161} INFO - Started process (PID=136020) to work on /home/leoja/airflow/airflow_venv/lib/python3.12/site-packages/airflow/example_dags/example_branch_python_dop_operator_3.py
[2025-06-01T00:05:07.750+0200] {processor.py:830} INFO - Processing file /home/leoja/airflow/airflow_venv/lib/python3.12/site-packages/airflow/example_dags/example_branch_python_dop_operator_3.py for tasks to queue
[2025-06-01T00:05:07.750+0200] {logging_mixin.py:188} INFO - [2025-06-01T00:05:07.750+0200] {dagbag.py:540} INFO - Filling up the DagBag from /home/leoja/airflow/airflow_venv/lib/python3.12/site-packages/airflow/example_dags/example_branch_python_dop_operator_3.py
[2025-06-01T00:05:07.757+0200] {processor.py:840} INFO - DAG(s) 'example_branch_dop_operator_v3' retrieved from /home/leoja/airflow/airflow_venv/lib/python3.12/site-packages/airflow/example_dags/example_branch_python_dop_operator_3.py
[2025-06-01T00:05:07.777+0200] {logging_mixin.py:188} INFO - [2025-06-01T00:05:07.776+0200] {dag.py:3096} INFO - Sync 1 DAGs
[2025-06-01T00:05:07.801+0200] {logging_mixin.py:188} INFO - [2025-06-01T00:05:07.801+0200] {dag.py:3954} INFO - Setting next_dagrun for example_branch_dop_operator_v3 to 2025-05-31 22:04:00+00:00, run_after=2025-05-31 22:05:00+00:00
[2025-06-01T00:05:07.824+0200] {processor.py:183} INFO - Processing /home/leoja/airflow/airflow_venv/lib/python3.12/site-packages/airflow/example_dags/example_branch_python_dop_operator_3.py took 0.082 seconds
[2025-06-01T00:06:20.926+0200] {processor.py:161} INFO - Started process (PID=136283) to work on /home/leoja/airflow/airflow_venv/lib/python3.12/site-packages/airflow/example_dags/example_branch_python_dop_operator_3.py
[2025-06-01T00:06:20.928+0200] {processor.py:830} INFO - Processing file /home/leoja/airflow/airflow_venv/lib/python3.12/site-packages/airflow/example_dags/example_branch_python_dop_operator_3.py for tasks to queue
[2025-06-01T00:06:20.929+0200] {logging_mixin.py:188} INFO - [2025-06-01T00:06:20.929+0200] {dagbag.py:540} INFO - Filling up the DagBag from /home/leoja/airflow/airflow_venv/lib/python3.12/site-packages/airflow/example_dags/example_branch_python_dop_operator_3.py
[2025-06-01T00:06:20.938+0200] {processor.py:840} INFO - DAG(s) 'example_branch_dop_operator_v3' retrieved from /home/leoja/airflow/airflow_venv/lib/python3.12/site-packages/airflow/example_dags/example_branch_python_dop_operator_3.py
[2025-06-01T00:06:20.949+0200] {logging_mixin.py:188} INFO - [2025-06-01T00:06:20.949+0200] {dag.py:3096} INFO - Sync 1 DAGs
[2025-06-01T00:06:20.969+0200] {logging_mixin.py:188} INFO - [2025-06-01T00:06:20.969+0200] {dag.py:3954} INFO - Setting next_dagrun for example_branch_dop_operator_v3 to 2025-05-31 22:05:00+00:00, run_after=2025-05-31 22:06:00+00:00
[2025-06-01T00:06:20.990+0200] {processor.py:183} INFO - Processing /home/leoja/airflow/airflow_venv/lib/python3.12/site-packages/airflow/example_dags/example_branch_python_dop_operator_3.py took 0.072 seconds
[2025-06-01T00:07:37.761+0200] {processor.py:161} INFO - Started process (PID=136559) to work on /home/leoja/airflow/airflow_venv/lib/python3.12/site-packages/airflow/example_dags/example_branch_python_dop_operator_3.py
[2025-06-01T00:07:37.762+0200] {processor.py:830} INFO - Processing file /home/leoja/airflow/airflow_venv/lib/python3.12/site-packages/airflow/example_dags/example_branch_python_dop_operator_3.py for tasks to queue
[2025-06-01T00:07:37.763+0200] {logging_mixin.py:188} INFO - [2025-06-01T00:07:37.762+0200] {dagbag.py:540} INFO - Filling up the DagBag from /home/leoja/airflow/airflow_venv/lib/python3.12/site-packages/airflow/example_dags/example_branch_python_dop_operator_3.py
[2025-06-01T00:07:37.770+0200] {processor.py:840} INFO - DAG(s) 'example_branch_dop_operator_v3' retrieved from /home/leoja/airflow/airflow_venv/lib/python3.12/site-packages/airflow/example_dags/example_branch_python_dop_operator_3.py
[2025-06-01T00:07:37.781+0200] {logging_mixin.py:188} INFO - [2025-06-01T00:07:37.781+0200] {dag.py:3096} INFO - Sync 1 DAGs
[2025-06-01T00:07:37.795+0200] {logging_mixin.py:188} INFO - [2025-06-01T00:07:37.795+0200] {dag.py:3954} INFO - Setting next_dagrun for example_branch_dop_operator_v3 to 2025-05-31 22:06:00+00:00, run_after=2025-05-31 22:07:00+00:00
[2025-06-01T00:07:37.818+0200] {processor.py:183} INFO - Processing /home/leoja/airflow/airflow_venv/lib/python3.12/site-packages/airflow/example_dags/example_branch_python_dop_operator_3.py took 0.062 seconds
[2025-06-01T00:08:53.286+0200] {processor.py:161} INFO - Started process (PID=136826) to work on /home/leoja/airflow/airflow_venv/lib/python3.12/site-packages/airflow/example_dags/example_branch_python_dop_operator_3.py
[2025-06-01T00:08:53.287+0200] {processor.py:830} INFO - Processing file /home/leoja/airflow/airflow_venv/lib/python3.12/site-packages/airflow/example_dags/example_branch_python_dop_operator_3.py for tasks to queue
[2025-06-01T00:08:53.288+0200] {logging_mixin.py:188} INFO - [2025-06-01T00:08:53.288+0200] {dagbag.py:540} INFO - Filling up the DagBag from /home/leoja/airflow/airflow_venv/lib/python3.12/site-packages/airflow/example_dags/example_branch_python_dop_operator_3.py
[2025-06-01T00:08:53.296+0200] {processor.py:840} INFO - DAG(s) 'example_branch_dop_operator_v3' retrieved from /home/leoja/airflow/airflow_venv/lib/python3.12/site-packages/airflow/example_dags/example_branch_python_dop_operator_3.py
[2025-06-01T00:08:53.309+0200] {logging_mixin.py:188} INFO - [2025-06-01T00:08:53.309+0200] {dag.py:3096} INFO - Sync 1 DAGs
[2025-06-01T00:08:53.336+0200] {logging_mixin.py:188} INFO - [2025-06-01T00:08:53.336+0200] {dag.py:3954} INFO - Setting next_dagrun for example_branch_dop_operator_v3 to 2025-05-31 22:07:00+00:00, run_after=2025-05-31 22:08:00+00:00
[2025-06-01T00:08:53.364+0200] {processor.py:183} INFO - Processing /home/leoja/airflow/airflow_venv/lib/python3.12/site-packages/airflow/example_dags/example_branch_python_dop_operator_3.py took 0.084 seconds
[2025-06-01T00:10:05.395+0200] {processor.py:161} INFO - Started process (PID=137098) to work on /home/leoja/airflow/airflow_venv/lib/python3.12/site-packages/airflow/example_dags/example_branch_python_dop_operator_3.py
[2025-06-01T00:10:05.396+0200] {processor.py:830} INFO - Processing file /home/leoja/airflow/airflow_venv/lib/python3.12/site-packages/airflow/example_dags/example_branch_python_dop_operator_3.py for tasks to queue
[2025-06-01T00:10:05.397+0200] {logging_mixin.py:188} INFO - [2025-06-01T00:10:05.396+0200] {dagbag.py:540} INFO - Filling up the DagBag from /home/leoja/airflow/airflow_venv/lib/python3.12/site-packages/airflow/example_dags/example_branch_python_dop_operator_3.py
[2025-06-01T00:10:05.403+0200] {processor.py:840} INFO - DAG(s) 'example_branch_dop_operator_v3' retrieved from /home/leoja/airflow/airflow_venv/lib/python3.12/site-packages/airflow/example_dags/example_branch_python_dop_operator_3.py
[2025-06-01T00:10:05.418+0200] {logging_mixin.py:188} INFO - [2025-06-01T00:10:05.418+0200] {dag.py:3096} INFO - Sync 1 DAGs
[2025-06-01T00:10:05.443+0200] {logging_mixin.py:188} INFO - [2025-06-01T00:10:05.442+0200] {dag.py:3954} INFO - Setting next_dagrun for example_branch_dop_operator_v3 to 2025-05-31 22:09:00+00:00, run_after=2025-05-31 22:10:00+00:00
[2025-06-01T00:10:05.464+0200] {processor.py:183} INFO - Processing /home/leoja/airflow/airflow_venv/lib/python3.12/site-packages/airflow/example_dags/example_branch_python_dop_operator_3.py took 0.074 seconds
[2025-06-01T00:11:19.237+0200] {processor.py:161} INFO - Started process (PID=137357) to work on /home/leoja/airflow/airflow_venv/lib/python3.12/site-packages/airflow/example_dags/example_branch_python_dop_operator_3.py
[2025-06-01T00:11:19.239+0200] {processor.py:830} INFO - Processing file /home/leoja/airflow/airflow_venv/lib/python3.12/site-packages/airflow/example_dags/example_branch_python_dop_operator_3.py for tasks to queue
[2025-06-01T00:11:19.239+0200] {logging_mixin.py:188} INFO - [2025-06-01T00:11:19.239+0200] {dagbag.py:540} INFO - Filling up the DagBag from /home/leoja/airflow/airflow_venv/lib/python3.12/site-packages/airflow/example_dags/example_branch_python_dop_operator_3.py
[2025-06-01T00:11:19.246+0200] {processor.py:840} INFO - DAG(s) 'example_branch_dop_operator_v3' retrieved from /home/leoja/airflow/airflow_venv/lib/python3.12/site-packages/airflow/example_dags/example_branch_python_dop_operator_3.py
[2025-06-01T00:11:19.258+0200] {logging_mixin.py:188} INFO - [2025-06-01T00:11:19.258+0200] {dag.py:3096} INFO - Sync 1 DAGs
[2025-06-01T00:11:19.277+0200] {logging_mixin.py:188} INFO - [2025-06-01T00:11:19.277+0200] {dag.py:3954} INFO - Setting next_dagrun for example_branch_dop_operator_v3 to 2025-05-31 22:10:00+00:00, run_after=2025-05-31 22:11:00+00:00
[2025-06-01T00:11:19.298+0200] {processor.py:183} INFO - Processing /home/leoja/airflow/airflow_venv/lib/python3.12/site-packages/airflow/example_dags/example_branch_python_dop_operator_3.py took 0.066 seconds
[2025-06-01T00:12:30.876+0200] {processor.py:161} INFO - Started process (PID=137604) to work on /home/leoja/airflow/airflow_venv/lib/python3.12/site-packages/airflow/example_dags/example_branch_python_dop_operator_3.py
[2025-06-01T00:12:30.877+0200] {processor.py:830} INFO - Processing file /home/leoja/airflow/airflow_venv/lib/python3.12/site-packages/airflow/example_dags/example_branch_python_dop_operator_3.py for tasks to queue
[2025-06-01T00:12:30.878+0200] {logging_mixin.py:188} INFO - [2025-06-01T00:12:30.878+0200] {dagbag.py:540} INFO - Filling up the DagBag from /home/leoja/airflow/airflow_venv/lib/python3.12/site-packages/airflow/example_dags/example_branch_python_dop_operator_3.py
[2025-06-01T00:12:30.885+0200] {processor.py:840} INFO - DAG(s) 'example_branch_dop_operator_v3' retrieved from /home/leoja/airflow/airflow_venv/lib/python3.12/site-packages/airflow/example_dags/example_branch_python_dop_operator_3.py
[2025-06-01T00:12:30.896+0200] {logging_mixin.py:188} INFO - [2025-06-01T00:12:30.896+0200] {dag.py:3096} INFO - Sync 1 DAGs
[2025-06-01T00:12:30.912+0200] {logging_mixin.py:188} INFO - [2025-06-01T00:12:30.912+0200] {dag.py:3954} INFO - Setting next_dagrun for example_branch_dop_operator_v3 to 2025-05-31 22:11:00+00:00, run_after=2025-05-31 22:12:00+00:00
[2025-06-01T00:12:30.932+0200] {processor.py:183} INFO - Processing /home/leoja/airflow/airflow_venv/lib/python3.12/site-packages/airflow/example_dags/example_branch_python_dop_operator_3.py took 0.062 seconds
[2025-06-01T00:13:51.185+0200] {processor.py:161} INFO - Started process (PID=137889) to work on /home/leoja/airflow/airflow_venv/lib/python3.12/site-packages/airflow/example_dags/example_branch_python_dop_operator_3.py
[2025-06-01T00:13:51.186+0200] {processor.py:830} INFO - Processing file /home/leoja/airflow/airflow_venv/lib/python3.12/site-packages/airflow/example_dags/example_branch_python_dop_operator_3.py for tasks to queue
[2025-06-01T00:13:51.187+0200] {logging_mixin.py:188} INFO - [2025-06-01T00:13:51.187+0200] {dagbag.py:540} INFO - Filling up the DagBag from /home/leoja/airflow/airflow_venv/lib/python3.12/site-packages/airflow/example_dags/example_branch_python_dop_operator_3.py
[2025-06-01T00:13:51.194+0200] {processor.py:840} INFO - DAG(s) 'example_branch_dop_operator_v3' retrieved from /home/leoja/airflow/airflow_venv/lib/python3.12/site-packages/airflow/example_dags/example_branch_python_dop_operator_3.py
[2025-06-01T00:13:51.206+0200] {logging_mixin.py:188} INFO - [2025-06-01T00:13:51.206+0200] {dag.py:3096} INFO - Sync 1 DAGs
[2025-06-01T00:13:51.233+0200] {logging_mixin.py:188} INFO - [2025-06-01T00:13:51.233+0200] {dag.py:3954} INFO - Setting next_dagrun for example_branch_dop_operator_v3 to 2025-05-31 22:12:00+00:00, run_after=2025-05-31 22:13:00+00:00
[2025-06-01T00:13:51.255+0200] {processor.py:183} INFO - Processing /home/leoja/airflow/airflow_venv/lib/python3.12/site-packages/airflow/example_dags/example_branch_python_dop_operator_3.py took 0.077 seconds
[2025-06-01T00:15:06.245+0200] {processor.py:161} INFO - Started process (PID=138150) to work on /home/leoja/airflow/airflow_venv/lib/python3.12/site-packages/airflow/example_dags/example_branch_python_dop_operator_3.py
[2025-06-01T00:15:06.246+0200] {processor.py:830} INFO - Processing file /home/leoja/airflow/airflow_venv/lib/python3.12/site-packages/airflow/example_dags/example_branch_python_dop_operator_3.py for tasks to queue
[2025-06-01T00:15:06.247+0200] {logging_mixin.py:188} INFO - [2025-06-01T00:15:06.247+0200] {dagbag.py:540} INFO - Filling up the DagBag from /home/leoja/airflow/airflow_venv/lib/python3.12/site-packages/airflow/example_dags/example_branch_python_dop_operator_3.py
[2025-06-01T00:15:06.253+0200] {processor.py:840} INFO - DAG(s) 'example_branch_dop_operator_v3' retrieved from /home/leoja/airflow/airflow_venv/lib/python3.12/site-packages/airflow/example_dags/example_branch_python_dop_operator_3.py
[2025-06-01T00:15:06.265+0200] {logging_mixin.py:188} INFO - [2025-06-01T00:15:06.265+0200] {dag.py:3096} INFO - Sync 1 DAGs
[2025-06-01T00:15:06.285+0200] {logging_mixin.py:188} INFO - [2025-06-01T00:15:06.285+0200] {dag.py:3954} INFO - Setting next_dagrun for example_branch_dop_operator_v3 to 2025-05-31 22:14:00+00:00, run_after=2025-05-31 22:15:00+00:00
[2025-06-01T00:15:06.310+0200] {processor.py:183} INFO - Processing /home/leoja/airflow/airflow_venv/lib/python3.12/site-packages/airflow/example_dags/example_branch_python_dop_operator_3.py took 0.073 seconds
[2025-06-01T00:16:18.737+0200] {processor.py:161} INFO - Started process (PID=138427) to work on /home/leoja/airflow/airflow_venv/lib/python3.12/site-packages/airflow/example_dags/example_branch_python_dop_operator_3.py
[2025-06-01T00:16:18.739+0200] {processor.py:830} INFO - Processing file /home/leoja/airflow/airflow_venv/lib/python3.12/site-packages/airflow/example_dags/example_branch_python_dop_operator_3.py for tasks to queue
[2025-06-01T00:16:18.740+0200] {logging_mixin.py:188} INFO - [2025-06-01T00:16:18.739+0200] {dagbag.py:540} INFO - Filling up the DagBag from /home/leoja/airflow/airflow_venv/lib/python3.12/site-packages/airflow/example_dags/example_branch_python_dop_operator_3.py
[2025-06-01T00:16:18.749+0200] {processor.py:840} INFO - DAG(s) 'example_branch_dop_operator_v3' retrieved from /home/leoja/airflow/airflow_venv/lib/python3.12/site-packages/airflow/example_dags/example_branch_python_dop_operator_3.py
[2025-06-01T00:16:18.762+0200] {logging_mixin.py:188} INFO - [2025-06-01T00:16:18.762+0200] {dag.py:3096} INFO - Sync 1 DAGs
[2025-06-01T00:16:18.788+0200] {logging_mixin.py:188} INFO - [2025-06-01T00:16:18.788+0200] {dag.py:3954} INFO - Setting next_dagrun for example_branch_dop_operator_v3 to 2025-05-31 22:15:00+00:00, run_after=2025-05-31 22:16:00+00:00
[2025-06-01T00:16:18.813+0200] {processor.py:183} INFO - Processing /home/leoja/airflow/airflow_venv/lib/python3.12/site-packages/airflow/example_dags/example_branch_python_dop_operator_3.py took 0.082 seconds
[2025-06-01T00:17:32.550+0200] {processor.py:161} INFO - Started process (PID=138680) to work on /home/leoja/airflow/airflow_venv/lib/python3.12/site-packages/airflow/example_dags/example_branch_python_dop_operator_3.py
[2025-06-01T00:17:32.552+0200] {processor.py:830} INFO - Processing file /home/leoja/airflow/airflow_venv/lib/python3.12/site-packages/airflow/example_dags/example_branch_python_dop_operator_3.py for tasks to queue
[2025-06-01T00:17:32.553+0200] {logging_mixin.py:188} INFO - [2025-06-01T00:17:32.553+0200] {dagbag.py:540} INFO - Filling up the DagBag from /home/leoja/airflow/airflow_venv/lib/python3.12/site-packages/airflow/example_dags/example_branch_python_dop_operator_3.py
[2025-06-01T00:17:32.560+0200] {processor.py:840} INFO - DAG(s) 'example_branch_dop_operator_v3' retrieved from /home/leoja/airflow/airflow_venv/lib/python3.12/site-packages/airflow/example_dags/example_branch_python_dop_operator_3.py
[2025-06-01T00:17:32.572+0200] {logging_mixin.py:188} INFO - [2025-06-01T00:17:32.572+0200] {dag.py:3096} INFO - Sync 1 DAGs
[2025-06-01T00:17:32.586+0200] {logging_mixin.py:188} INFO - [2025-06-01T00:17:32.586+0200] {dag.py:3954} INFO - Setting next_dagrun for example_branch_dop_operator_v3 to 2025-05-31 22:16:00+00:00, run_after=2025-05-31 22:17:00+00:00
[2025-06-01T00:17:32.611+0200] {processor.py:183} INFO - Processing /home/leoja/airflow/airflow_venv/lib/python3.12/site-packages/airflow/example_dags/example_branch_python_dop_operator_3.py took 0.066 seconds
[2025-06-01T00:18:43.548+0200] {processor.py:161} INFO - Started process (PID=138935) to work on /home/leoja/airflow/airflow_venv/lib/python3.12/site-packages/airflow/example_dags/example_branch_python_dop_operator_3.py
[2025-06-01T00:18:43.550+0200] {processor.py:830} INFO - Processing file /home/leoja/airflow/airflow_venv/lib/python3.12/site-packages/airflow/example_dags/example_branch_python_dop_operator_3.py for tasks to queue
[2025-06-01T00:18:43.551+0200] {logging_mixin.py:188} INFO - [2025-06-01T00:18:43.551+0200] {dagbag.py:540} INFO - Filling up the DagBag from /home/leoja/airflow/airflow_venv/lib/python3.12/site-packages/airflow/example_dags/example_branch_python_dop_operator_3.py
[2025-06-01T00:18:43.558+0200] {processor.py:840} INFO - DAG(s) 'example_branch_dop_operator_v3' retrieved from /home/leoja/airflow/airflow_venv/lib/python3.12/site-packages/airflow/example_dags/example_branch_python_dop_operator_3.py
[2025-06-01T00:18:43.572+0200] {logging_mixin.py:188} INFO - [2025-06-01T00:18:43.572+0200] {dag.py:3096} INFO - Sync 1 DAGs
[2025-06-01T00:18:43.588+0200] {logging_mixin.py:188} INFO - [2025-06-01T00:18:43.588+0200] {dag.py:3954} INFO - Setting next_dagrun for example_branch_dop_operator_v3 to 2025-05-31 22:17:00+00:00, run_after=2025-05-31 22:18:00+00:00
[2025-06-01T00:18:43.616+0200] {processor.py:183} INFO - Processing /home/leoja/airflow/airflow_venv/lib/python3.12/site-packages/airflow/example_dags/example_branch_python_dop_operator_3.py took 0.073 seconds
[2025-06-01T00:19:56.964+0200] {processor.py:161} INFO - Started process (PID=139183) to work on /home/leoja/airflow/airflow_venv/lib/python3.12/site-packages/airflow/example_dags/example_branch_python_dop_operator_3.py
[2025-06-01T00:19:56.965+0200] {processor.py:830} INFO - Processing file /home/leoja/airflow/airflow_venv/lib/python3.12/site-packages/airflow/example_dags/example_branch_python_dop_operator_3.py for tasks to queue
[2025-06-01T00:19:56.966+0200] {logging_mixin.py:188} INFO - [2025-06-01T00:19:56.965+0200] {dagbag.py:540} INFO - Filling up the DagBag from /home/leoja/airflow/airflow_venv/lib/python3.12/site-packages/airflow/example_dags/example_branch_python_dop_operator_3.py
[2025-06-01T00:19:56.973+0200] {processor.py:840} INFO - DAG(s) 'example_branch_dop_operator_v3' retrieved from /home/leoja/airflow/airflow_venv/lib/python3.12/site-packages/airflow/example_dags/example_branch_python_dop_operator_3.py
[2025-06-01T00:19:56.986+0200] {logging_mixin.py:188} INFO - [2025-06-01T00:19:56.986+0200] {dag.py:3096} INFO - Sync 1 DAGs
[2025-06-01T00:19:57.111+0200] {logging_mixin.py:188} INFO - [2025-06-01T00:19:57.111+0200] {dag.py:3954} INFO - Setting next_dagrun for example_branch_dop_operator_v3 to 2025-05-31 22:18:00+00:00, run_after=2025-05-31 22:19:00+00:00
[2025-06-01T00:19:57.141+0200] {processor.py:183} INFO - Processing /home/leoja/airflow/airflow_venv/lib/python3.12/site-packages/airflow/example_dags/example_branch_python_dop_operator_3.py took 0.182 seconds
[2025-06-01T00:21:11.015+0200] {processor.py:161} INFO - Started process (PID=139473) to work on /home/leoja/airflow/airflow_venv/lib/python3.12/site-packages/airflow/example_dags/example_branch_python_dop_operator_3.py
[2025-06-01T00:21:11.016+0200] {processor.py:830} INFO - Processing file /home/leoja/airflow/airflow_venv/lib/python3.12/site-packages/airflow/example_dags/example_branch_python_dop_operator_3.py for tasks to queue
[2025-06-01T00:21:11.017+0200] {logging_mixin.py:188} INFO - [2025-06-01T00:21:11.017+0200] {dagbag.py:540} INFO - Filling up the DagBag from /home/leoja/airflow/airflow_venv/lib/python3.12/site-packages/airflow/example_dags/example_branch_python_dop_operator_3.py
[2025-06-01T00:21:11.023+0200] {processor.py:840} INFO - DAG(s) 'example_branch_dop_operator_v3' retrieved from /home/leoja/airflow/airflow_venv/lib/python3.12/site-packages/airflow/example_dags/example_branch_python_dop_operator_3.py
[2025-06-01T00:21:11.037+0200] {logging_mixin.py:188} INFO - [2025-06-01T00:21:11.037+0200] {dag.py:3096} INFO - Sync 1 DAGs
[2025-06-01T00:21:11.051+0200] {logging_mixin.py:188} INFO - [2025-06-01T00:21:11.051+0200] {dag.py:3954} INFO - Setting next_dagrun for example_branch_dop_operator_v3 to 2025-05-31 22:20:00+00:00, run_after=2025-05-31 22:21:00+00:00
[2025-06-01T00:21:11.072+0200] {processor.py:183} INFO - Processing /home/leoja/airflow/airflow_venv/lib/python3.12/site-packages/airflow/example_dags/example_branch_python_dop_operator_3.py took 0.064 seconds
[2025-06-01T00:22:27.648+0200] {processor.py:161} INFO - Started process (PID=139724) to work on /home/leoja/airflow/airflow_venv/lib/python3.12/site-packages/airflow/example_dags/example_branch_python_dop_operator_3.py
[2025-06-01T00:22:27.650+0200] {processor.py:830} INFO - Processing file /home/leoja/airflow/airflow_venv/lib/python3.12/site-packages/airflow/example_dags/example_branch_python_dop_operator_3.py for tasks to queue
[2025-06-01T00:22:27.651+0200] {logging_mixin.py:188} INFO - [2025-06-01T00:22:27.651+0200] {dagbag.py:540} INFO - Filling up the DagBag from /home/leoja/airflow/airflow_venv/lib/python3.12/site-packages/airflow/example_dags/example_branch_python_dop_operator_3.py
[2025-06-01T00:22:27.659+0200] {processor.py:840} INFO - DAG(s) 'example_branch_dop_operator_v3' retrieved from /home/leoja/airflow/airflow_venv/lib/python3.12/site-packages/airflow/example_dags/example_branch_python_dop_operator_3.py
[2025-06-01T00:22:27.673+0200] {logging_mixin.py:188} INFO - [2025-06-01T00:22:27.673+0200] {dag.py:3096} INFO - Sync 1 DAGs
[2025-06-01T00:22:27.806+0200] {logging_mixin.py:188} INFO - [2025-06-01T00:22:27.806+0200] {dag.py:3954} INFO - Setting next_dagrun for example_branch_dop_operator_v3 to 2025-05-31 22:21:00+00:00, run_after=2025-05-31 22:22:00+00:00
[2025-06-01T00:22:27.825+0200] {processor.py:183} INFO - Processing /home/leoja/airflow/airflow_venv/lib/python3.12/site-packages/airflow/example_dags/example_branch_python_dop_operator_3.py took 0.185 seconds
[2025-06-01T00:23:49.505+0200] {processor.py:161} INFO - Started process (PID=140026) to work on /home/leoja/airflow/airflow_venv/lib/python3.12/site-packages/airflow/example_dags/example_branch_python_dop_operator_3.py
[2025-06-01T00:23:49.509+0200] {processor.py:830} INFO - Processing file /home/leoja/airflow/airflow_venv/lib/python3.12/site-packages/airflow/example_dags/example_branch_python_dop_operator_3.py for tasks to queue
[2025-06-01T00:23:49.512+0200] {logging_mixin.py:188} INFO - [2025-06-01T00:23:49.511+0200] {dagbag.py:540} INFO - Filling up the DagBag from /home/leoja/airflow/airflow_venv/lib/python3.12/site-packages/airflow/example_dags/example_branch_python_dop_operator_3.py
[2025-06-01T00:23:49.519+0200] {processor.py:840} INFO - DAG(s) 'example_branch_dop_operator_v3' retrieved from /home/leoja/airflow/airflow_venv/lib/python3.12/site-packages/airflow/example_dags/example_branch_python_dop_operator_3.py
[2025-06-01T00:23:49.630+0200] {logging_mixin.py:188} INFO - [2025-06-01T00:23:49.630+0200] {dag.py:3096} INFO - Sync 1 DAGs
[2025-06-01T00:23:49.641+0200] {logging_mixin.py:188} INFO - [2025-06-01T00:23:49.641+0200] {dag.py:3954} INFO - Setting next_dagrun for example_branch_dop_operator_v3 to 2025-05-31 22:22:00+00:00, run_after=2025-05-31 22:23:00+00:00
[2025-06-01T00:23:49.661+0200] {processor.py:183} INFO - Processing /home/leoja/airflow/airflow_venv/lib/python3.12/site-packages/airflow/example_dags/example_branch_python_dop_operator_3.py took 0.165 seconds
[2025-06-01T00:24:47.594+0200] {processor.py:161} INFO - Started process (PID=140210) to work on /home/leoja/airflow/airflow_venv/lib/python3.12/site-packages/airflow/example_dags/example_branch_python_dop_operator_3.py
[2025-06-01T00:24:47.597+0200] {processor.py:830} INFO - Processing file /home/leoja/airflow/airflow_venv/lib/python3.12/site-packages/airflow/example_dags/example_branch_python_dop_operator_3.py for tasks to queue
[2025-06-01T00:24:47.597+0200] {logging_mixin.py:188} INFO - [2025-06-01T00:24:47.597+0200] {dagbag.py:540} INFO - Filling up the DagBag from /home/leoja/airflow/airflow_venv/lib/python3.12/site-packages/airflow/example_dags/example_branch_python_dop_operator_3.py
[2025-06-01T00:24:47.605+0200] {processor.py:840} INFO - DAG(s) 'example_branch_dop_operator_v3' retrieved from /home/leoja/airflow/airflow_venv/lib/python3.12/site-packages/airflow/example_dags/example_branch_python_dop_operator_3.py
[2025-06-01T00:24:47.619+0200] {logging_mixin.py:188} INFO - [2025-06-01T00:24:47.618+0200] {dag.py:3096} INFO - Sync 1 DAGs
[2025-06-01T00:24:47.644+0200] {logging_mixin.py:188} INFO - [2025-06-01T00:24:47.644+0200] {dag.py:3954} INFO - Setting next_dagrun for example_branch_dop_operator_v3 to 2025-05-31 22:23:00+00:00, run_after=2025-05-31 22:24:00+00:00
[2025-06-01T00:24:47.670+0200] {processor.py:183} INFO - Processing /home/leoja/airflow/airflow_venv/lib/python3.12/site-packages/airflow/example_dags/example_branch_python_dop_operator_3.py took 0.081 seconds
[2025-06-01T00:26:06.016+0200] {processor.py:161} INFO - Started process (PID=140494) to work on /home/leoja/airflow/airflow_venv/lib/python3.12/site-packages/airflow/example_dags/example_branch_python_dop_operator_3.py
[2025-06-01T00:26:06.017+0200] {processor.py:830} INFO - Processing file /home/leoja/airflow/airflow_venv/lib/python3.12/site-packages/airflow/example_dags/example_branch_python_dop_operator_3.py for tasks to queue
[2025-06-01T00:26:06.018+0200] {logging_mixin.py:188} INFO - [2025-06-01T00:26:06.017+0200] {dagbag.py:540} INFO - Filling up the DagBag from /home/leoja/airflow/airflow_venv/lib/python3.12/site-packages/airflow/example_dags/example_branch_python_dop_operator_3.py
[2025-06-01T00:26:06.026+0200] {processor.py:840} INFO - DAG(s) 'example_branch_dop_operator_v3' retrieved from /home/leoja/airflow/airflow_venv/lib/python3.12/site-packages/airflow/example_dags/example_branch_python_dop_operator_3.py
[2025-06-01T00:26:06.038+0200] {logging_mixin.py:188} INFO - [2025-06-01T00:26:06.038+0200] {dag.py:3096} INFO - Sync 1 DAGs
[2025-06-01T00:26:06.059+0200] {logging_mixin.py:188} INFO - [2025-06-01T00:26:06.059+0200] {dag.py:3954} INFO - Setting next_dagrun for example_branch_dop_operator_v3 to 2025-05-31 22:25:00+00:00, run_after=2025-05-31 22:26:00+00:00
[2025-06-01T00:26:06.080+0200] {processor.py:183} INFO - Processing /home/leoja/airflow/airflow_venv/lib/python3.12/site-packages/airflow/example_dags/example_branch_python_dop_operator_3.py took 0.069 seconds
[2025-06-01T00:27:14.189+0200] {processor.py:161} INFO - Started process (PID=140746) to work on /home/leoja/airflow/airflow_venv/lib/python3.12/site-packages/airflow/example_dags/example_branch_python_dop_operator_3.py
[2025-06-01T00:27:14.191+0200] {processor.py:830} INFO - Processing file /home/leoja/airflow/airflow_venv/lib/python3.12/site-packages/airflow/example_dags/example_branch_python_dop_operator_3.py for tasks to queue
[2025-06-01T00:27:14.192+0200] {logging_mixin.py:188} INFO - [2025-06-01T00:27:14.191+0200] {dagbag.py:540} INFO - Filling up the DagBag from /home/leoja/airflow/airflow_venv/lib/python3.12/site-packages/airflow/example_dags/example_branch_python_dop_operator_3.py
[2025-06-01T00:27:14.205+0200] {processor.py:840} INFO - DAG(s) 'example_branch_dop_operator_v3' retrieved from /home/leoja/airflow/airflow_venv/lib/python3.12/site-packages/airflow/example_dags/example_branch_python_dop_operator_3.py
[2025-06-01T00:27:14.219+0200] {logging_mixin.py:188} INFO - [2025-06-01T00:27:14.219+0200] {dag.py:3096} INFO - Sync 1 DAGs
[2025-06-01T00:27:14.236+0200] {logging_mixin.py:188} INFO - [2025-06-01T00:27:14.235+0200] {dag.py:3954} INFO - Setting next_dagrun for example_branch_dop_operator_v3 to 2025-05-31 22:26:00+00:00, run_after=2025-05-31 22:27:00+00:00
[2025-06-01T00:27:14.259+0200] {processor.py:183} INFO - Processing /home/leoja/airflow/airflow_venv/lib/python3.12/site-packages/airflow/example_dags/example_branch_python_dop_operator_3.py took 0.077 seconds
[2025-06-01T00:28:27.512+0200] {processor.py:161} INFO - Started process (PID=140998) to work on /home/leoja/airflow/airflow_venv/lib/python3.12/site-packages/airflow/example_dags/example_branch_python_dop_operator_3.py
[2025-06-01T00:28:27.513+0200] {processor.py:830} INFO - Processing file /home/leoja/airflow/airflow_venv/lib/python3.12/site-packages/airflow/example_dags/example_branch_python_dop_operator_3.py for tasks to queue
[2025-06-01T00:28:27.514+0200] {logging_mixin.py:188} INFO - [2025-06-01T00:28:27.514+0200] {dagbag.py:540} INFO - Filling up the DagBag from /home/leoja/airflow/airflow_venv/lib/python3.12/site-packages/airflow/example_dags/example_branch_python_dop_operator_3.py
[2025-06-01T00:28:27.528+0200] {processor.py:840} INFO - DAG(s) 'example_branch_dop_operator_v3' retrieved from /home/leoja/airflow/airflow_venv/lib/python3.12/site-packages/airflow/example_dags/example_branch_python_dop_operator_3.py
[2025-06-01T00:28:27.546+0200] {logging_mixin.py:188} INFO - [2025-06-01T00:28:27.546+0200] {dag.py:3096} INFO - Sync 1 DAGs
[2025-06-01T00:28:27.565+0200] {logging_mixin.py:188} INFO - [2025-06-01T00:28:27.565+0200] {dag.py:3954} INFO - Setting next_dagrun for example_branch_dop_operator_v3 to 2025-05-31 22:27:00+00:00, run_after=2025-05-31 22:28:00+00:00
[2025-06-01T00:28:27.591+0200] {processor.py:183} INFO - Processing /home/leoja/airflow/airflow_venv/lib/python3.12/site-packages/airflow/example_dags/example_branch_python_dop_operator_3.py took 0.085 seconds
[2025-06-01T00:29:44.334+0200] {processor.py:161} INFO - Started process (PID=141279) to work on /home/leoja/airflow/airflow_venv/lib/python3.12/site-packages/airflow/example_dags/example_branch_python_dop_operator_3.py
[2025-06-01T00:29:44.336+0200] {processor.py:830} INFO - Processing file /home/leoja/airflow/airflow_venv/lib/python3.12/site-packages/airflow/example_dags/example_branch_python_dop_operator_3.py for tasks to queue
[2025-06-01T00:29:44.337+0200] {logging_mixin.py:188} INFO - [2025-06-01T00:29:44.336+0200] {dagbag.py:540} INFO - Filling up the DagBag from /home/leoja/airflow/airflow_venv/lib/python3.12/site-packages/airflow/example_dags/example_branch_python_dop_operator_3.py
[2025-06-01T00:29:44.343+0200] {processor.py:840} INFO - DAG(s) 'example_branch_dop_operator_v3' retrieved from /home/leoja/airflow/airflow_venv/lib/python3.12/site-packages/airflow/example_dags/example_branch_python_dop_operator_3.py
[2025-06-01T00:29:44.355+0200] {logging_mixin.py:188} INFO - [2025-06-01T00:29:44.355+0200] {dag.py:3096} INFO - Sync 1 DAGs
[2025-06-01T00:29:44.385+0200] {logging_mixin.py:188} INFO - [2025-06-01T00:29:44.385+0200] {dag.py:3954} INFO - Setting next_dagrun for example_branch_dop_operator_v3 to 2025-05-31 22:28:00+00:00, run_after=2025-05-31 22:29:00+00:00
[2025-06-01T00:29:44.414+0200] {processor.py:183} INFO - Processing /home/leoja/airflow/airflow_venv/lib/python3.12/site-packages/airflow/example_dags/example_branch_python_dop_operator_3.py took 0.086 seconds
[2025-06-01T00:30:57.005+0200] {processor.py:161} INFO - Started process (PID=141527) to work on /home/leoja/airflow/airflow_venv/lib/python3.12/site-packages/airflow/example_dags/example_branch_python_dop_operator_3.py
[2025-06-01T00:30:57.007+0200] {processor.py:830} INFO - Processing file /home/leoja/airflow/airflow_venv/lib/python3.12/site-packages/airflow/example_dags/example_branch_python_dop_operator_3.py for tasks to queue
[2025-06-01T00:30:57.007+0200] {logging_mixin.py:188} INFO - [2025-06-01T00:30:57.007+0200] {dagbag.py:540} INFO - Filling up the DagBag from /home/leoja/airflow/airflow_venv/lib/python3.12/site-packages/airflow/example_dags/example_branch_python_dop_operator_3.py
[2025-06-01T00:30:57.014+0200] {processor.py:840} INFO - DAG(s) 'example_branch_dop_operator_v3' retrieved from /home/leoja/airflow/airflow_venv/lib/python3.12/site-packages/airflow/example_dags/example_branch_python_dop_operator_3.py
[2025-06-01T00:30:57.025+0200] {logging_mixin.py:188} INFO - [2025-06-01T00:30:57.025+0200] {dag.py:3096} INFO - Sync 1 DAGs
[2025-06-01T00:30:57.040+0200] {logging_mixin.py:188} INFO - [2025-06-01T00:30:57.040+0200] {dag.py:3954} INFO - Setting next_dagrun for example_branch_dop_operator_v3 to 2025-05-31 22:29:00+00:00, run_after=2025-05-31 22:30:00+00:00
[2025-06-01T00:30:57.067+0200] {processor.py:183} INFO - Processing /home/leoja/airflow/airflow_venv/lib/python3.12/site-packages/airflow/example_dags/example_branch_python_dop_operator_3.py took 0.071 seconds
[2025-06-01T00:32:11.226+0200] {processor.py:161} INFO - Started process (PID=141815) to work on /home/leoja/airflow/airflow_venv/lib/python3.12/site-packages/airflow/example_dags/example_branch_python_dop_operator_3.py
[2025-06-01T00:32:11.227+0200] {processor.py:830} INFO - Processing file /home/leoja/airflow/airflow_venv/lib/python3.12/site-packages/airflow/example_dags/example_branch_python_dop_operator_3.py for tasks to queue
[2025-06-01T00:32:11.228+0200] {logging_mixin.py:188} INFO - [2025-06-01T00:32:11.227+0200] {dagbag.py:540} INFO - Filling up the DagBag from /home/leoja/airflow/airflow_venv/lib/python3.12/site-packages/airflow/example_dags/example_branch_python_dop_operator_3.py
[2025-06-01T00:32:11.234+0200] {processor.py:840} INFO - DAG(s) 'example_branch_dop_operator_v3' retrieved from /home/leoja/airflow/airflow_venv/lib/python3.12/site-packages/airflow/example_dags/example_branch_python_dop_operator_3.py
[2025-06-01T00:32:11.246+0200] {logging_mixin.py:188} INFO - [2025-06-01T00:32:11.246+0200] {dag.py:3096} INFO - Sync 1 DAGs
[2025-06-01T00:32:11.263+0200] {logging_mixin.py:188} INFO - [2025-06-01T00:32:11.263+0200] {dag.py:3954} INFO - Setting next_dagrun for example_branch_dop_operator_v3 to 2025-05-31 22:31:00+00:00, run_after=2025-05-31 22:32:00+00:00
[2025-06-01T00:32:11.286+0200] {processor.py:183} INFO - Processing /home/leoja/airflow/airflow_venv/lib/python3.12/site-packages/airflow/example_dags/example_branch_python_dop_operator_3.py took 0.065 seconds
[2025-06-01T00:33:21.915+0200] {processor.py:161} INFO - Started process (PID=142063) to work on /home/leoja/airflow/airflow_venv/lib/python3.12/site-packages/airflow/example_dags/example_branch_python_dop_operator_3.py
[2025-06-01T00:33:21.916+0200] {processor.py:830} INFO - Processing file /home/leoja/airflow/airflow_venv/lib/python3.12/site-packages/airflow/example_dags/example_branch_python_dop_operator_3.py for tasks to queue
[2025-06-01T00:33:21.917+0200] {logging_mixin.py:188} INFO - [2025-06-01T00:33:21.916+0200] {dagbag.py:540} INFO - Filling up the DagBag from /home/leoja/airflow/airflow_venv/lib/python3.12/site-packages/airflow/example_dags/example_branch_python_dop_operator_3.py
[2025-06-01T00:33:21.924+0200] {processor.py:840} INFO - DAG(s) 'example_branch_dop_operator_v3' retrieved from /home/leoja/airflow/airflow_venv/lib/python3.12/site-packages/airflow/example_dags/example_branch_python_dop_operator_3.py
[2025-06-01T00:33:21.937+0200] {logging_mixin.py:188} INFO - [2025-06-01T00:33:21.936+0200] {dag.py:3096} INFO - Sync 1 DAGs
[2025-06-01T00:33:21.953+0200] {logging_mixin.py:188} INFO - [2025-06-01T00:33:21.953+0200] {dag.py:3954} INFO - Setting next_dagrun for example_branch_dop_operator_v3 to 2025-05-31 22:32:00+00:00, run_after=2025-05-31 22:33:00+00:00
[2025-06-01T00:33:21.975+0200] {processor.py:183} INFO - Processing /home/leoja/airflow/airflow_venv/lib/python3.12/site-packages/airflow/example_dags/example_branch_python_dop_operator_3.py took 0.066 seconds
[2025-06-01T00:34:37.367+0200] {processor.py:161} INFO - Started process (PID=142323) to work on /home/leoja/airflow/airflow_venv/lib/python3.12/site-packages/airflow/example_dags/example_branch_python_dop_operator_3.py
[2025-06-01T00:34:37.369+0200] {processor.py:830} INFO - Processing file /home/leoja/airflow/airflow_venv/lib/python3.12/site-packages/airflow/example_dags/example_branch_python_dop_operator_3.py for tasks to queue
[2025-06-01T00:34:37.370+0200] {logging_mixin.py:188} INFO - [2025-06-01T00:34:37.369+0200] {dagbag.py:540} INFO - Filling up the DagBag from /home/leoja/airflow/airflow_venv/lib/python3.12/site-packages/airflow/example_dags/example_branch_python_dop_operator_3.py
[2025-06-01T00:34:37.376+0200] {processor.py:840} INFO - DAG(s) 'example_branch_dop_operator_v3' retrieved from /home/leoja/airflow/airflow_venv/lib/python3.12/site-packages/airflow/example_dags/example_branch_python_dop_operator_3.py
[2025-06-01T00:34:37.391+0200] {logging_mixin.py:188} INFO - [2025-06-01T00:34:37.390+0200] {dag.py:3096} INFO - Sync 1 DAGs
[2025-06-01T00:34:37.410+0200] {logging_mixin.py:188} INFO - [2025-06-01T00:34:37.410+0200] {dag.py:3954} INFO - Setting next_dagrun for example_branch_dop_operator_v3 to 2025-05-31 22:33:00+00:00, run_after=2025-05-31 22:34:00+00:00
[2025-06-01T00:34:37.434+0200] {processor.py:183} INFO - Processing /home/leoja/airflow/airflow_venv/lib/python3.12/site-packages/airflow/example_dags/example_branch_python_dop_operator_3.py took 0.073 seconds
[2025-06-01T00:35:48.423+0200] {processor.py:161} INFO - Started process (PID=142574) to work on /home/leoja/airflow/airflow_venv/lib/python3.12/site-packages/airflow/example_dags/example_branch_python_dop_operator_3.py
[2025-06-01T00:35:48.425+0200] {processor.py:830} INFO - Processing file /home/leoja/airflow/airflow_venv/lib/python3.12/site-packages/airflow/example_dags/example_branch_python_dop_operator_3.py for tasks to queue
[2025-06-01T00:35:48.426+0200] {logging_mixin.py:188} INFO - [2025-06-01T00:35:48.425+0200] {dagbag.py:540} INFO - Filling up the DagBag from /home/leoja/airflow/airflow_venv/lib/python3.12/site-packages/airflow/example_dags/example_branch_python_dop_operator_3.py
[2025-06-01T00:35:48.434+0200] {processor.py:840} INFO - DAG(s) 'example_branch_dop_operator_v3' retrieved from /home/leoja/airflow/airflow_venv/lib/python3.12/site-packages/airflow/example_dags/example_branch_python_dop_operator_3.py
[2025-06-01T00:35:48.446+0200] {logging_mixin.py:188} INFO - [2025-06-01T00:35:48.446+0200] {dag.py:3096} INFO - Sync 1 DAGs
[2025-06-01T00:35:48.462+0200] {logging_mixin.py:188} INFO - [2025-06-01T00:35:48.462+0200] {dag.py:3954} INFO - Setting next_dagrun for example_branch_dop_operator_v3 to 2025-05-31 22:34:00+00:00, run_after=2025-05-31 22:35:00+00:00
[2025-06-01T00:35:48.484+0200] {processor.py:183} INFO - Processing /home/leoja/airflow/airflow_venv/lib/python3.12/site-packages/airflow/example_dags/example_branch_python_dop_operator_3.py took 0.066 seconds
[2025-06-01T00:36:59.836+0200] {processor.py:161} INFO - Started process (PID=142832) to work on /home/leoja/airflow/airflow_venv/lib/python3.12/site-packages/airflow/example_dags/example_branch_python_dop_operator_3.py
[2025-06-01T00:36:59.838+0200] {processor.py:830} INFO - Processing file /home/leoja/airflow/airflow_venv/lib/python3.12/site-packages/airflow/example_dags/example_branch_python_dop_operator_3.py for tasks to queue
[2025-06-01T00:36:59.838+0200] {logging_mixin.py:188} INFO - [2025-06-01T00:36:59.838+0200] {dagbag.py:540} INFO - Filling up the DagBag from /home/leoja/airflow/airflow_venv/lib/python3.12/site-packages/airflow/example_dags/example_branch_python_dop_operator_3.py
[2025-06-01T00:36:59.846+0200] {processor.py:840} INFO - DAG(s) 'example_branch_dop_operator_v3' retrieved from /home/leoja/airflow/airflow_venv/lib/python3.12/site-packages/airflow/example_dags/example_branch_python_dop_operator_3.py
[2025-06-01T00:36:59.860+0200] {logging_mixin.py:188} INFO - [2025-06-01T00:36:59.860+0200] {dag.py:3096} INFO - Sync 1 DAGs
[2025-06-01T00:36:59.879+0200] {logging_mixin.py:188} INFO - [2025-06-01T00:36:59.878+0200] {dag.py:3954} INFO - Setting next_dagrun for example_branch_dop_operator_v3 to 2025-05-31 22:35:00+00:00, run_after=2025-05-31 22:36:00+00:00
[2025-06-01T00:36:59.901+0200] {processor.py:183} INFO - Processing /home/leoja/airflow/airflow_venv/lib/python3.12/site-packages/airflow/example_dags/example_branch_python_dop_operator_3.py took 0.071 seconds
[2025-06-01T00:38:09.524+0200] {processor.py:161} INFO - Started process (PID=143084) to work on /home/leoja/airflow/airflow_venv/lib/python3.12/site-packages/airflow/example_dags/example_branch_python_dop_operator_3.py
[2025-06-01T00:38:09.525+0200] {processor.py:830} INFO - Processing file /home/leoja/airflow/airflow_venv/lib/python3.12/site-packages/airflow/example_dags/example_branch_python_dop_operator_3.py for tasks to queue
[2025-06-01T00:38:09.526+0200] {logging_mixin.py:188} INFO - [2025-06-01T00:38:09.525+0200] {dagbag.py:540} INFO - Filling up the DagBag from /home/leoja/airflow/airflow_venv/lib/python3.12/site-packages/airflow/example_dags/example_branch_python_dop_operator_3.py
[2025-06-01T00:38:09.532+0200] {processor.py:840} INFO - DAG(s) 'example_branch_dop_operator_v3' retrieved from /home/leoja/airflow/airflow_venv/lib/python3.12/site-packages/airflow/example_dags/example_branch_python_dop_operator_3.py
[2025-06-01T00:38:09.543+0200] {logging_mixin.py:188} INFO - [2025-06-01T00:38:09.543+0200] {dag.py:3096} INFO - Sync 1 DAGs
[2025-06-01T00:38:09.566+0200] {logging_mixin.py:188} INFO - [2025-06-01T00:38:09.566+0200] {dag.py:3954} INFO - Setting next_dagrun for example_branch_dop_operator_v3 to 2025-05-31 22:37:00+00:00, run_after=2025-05-31 22:38:00+00:00
[2025-06-01T00:38:09.593+0200] {processor.py:183} INFO - Processing /home/leoja/airflow/airflow_venv/lib/python3.12/site-packages/airflow/example_dags/example_branch_python_dop_operator_3.py took 0.078 seconds
[2025-06-01T00:39:17.175+0200] {processor.py:161} INFO - Started process (PID=143334) to work on /home/leoja/airflow/airflow_venv/lib/python3.12/site-packages/airflow/example_dags/example_branch_python_dop_operator_3.py
[2025-06-01T00:39:17.176+0200] {processor.py:830} INFO - Processing file /home/leoja/airflow/airflow_venv/lib/python3.12/site-packages/airflow/example_dags/example_branch_python_dop_operator_3.py for tasks to queue
[2025-06-01T00:39:17.177+0200] {logging_mixin.py:188} INFO - [2025-06-01T00:39:17.176+0200] {dagbag.py:540} INFO - Filling up the DagBag from /home/leoja/airflow/airflow_venv/lib/python3.12/site-packages/airflow/example_dags/example_branch_python_dop_operator_3.py
[2025-06-01T00:39:17.185+0200] {processor.py:840} INFO - DAG(s) 'example_branch_dop_operator_v3' retrieved from /home/leoja/airflow/airflow_venv/lib/python3.12/site-packages/airflow/example_dags/example_branch_python_dop_operator_3.py
[2025-06-01T00:39:17.198+0200] {logging_mixin.py:188} INFO - [2025-06-01T00:39:17.198+0200] {dag.py:3096} INFO - Sync 1 DAGs
[2025-06-01T00:39:17.214+0200] {logging_mixin.py:188} INFO - [2025-06-01T00:39:17.214+0200] {dag.py:3954} INFO - Setting next_dagrun for example_branch_dop_operator_v3 to 2025-05-31 22:38:00+00:00, run_after=2025-05-31 22:39:00+00:00
[2025-06-01T00:39:17.231+0200] {processor.py:183} INFO - Processing /home/leoja/airflow/airflow_venv/lib/python3.12/site-packages/airflow/example_dags/example_branch_python_dop_operator_3.py took 0.062 seconds
[2025-06-01T00:40:29.390+0200] {processor.py:161} INFO - Started process (PID=143582) to work on /home/leoja/airflow/airflow_venv/lib/python3.12/site-packages/airflow/example_dags/example_branch_python_dop_operator_3.py
[2025-06-01T00:40:29.391+0200] {processor.py:830} INFO - Processing file /home/leoja/airflow/airflow_venv/lib/python3.12/site-packages/airflow/example_dags/example_branch_python_dop_operator_3.py for tasks to queue
[2025-06-01T00:40:29.392+0200] {logging_mixin.py:188} INFO - [2025-06-01T00:40:29.392+0200] {dagbag.py:540} INFO - Filling up the DagBag from /home/leoja/airflow/airflow_venv/lib/python3.12/site-packages/airflow/example_dags/example_branch_python_dop_operator_3.py
[2025-06-01T00:40:29.401+0200] {processor.py:840} INFO - DAG(s) 'example_branch_dop_operator_v3' retrieved from /home/leoja/airflow/airflow_venv/lib/python3.12/site-packages/airflow/example_dags/example_branch_python_dop_operator_3.py
[2025-06-01T00:40:29.413+0200] {logging_mixin.py:188} INFO - [2025-06-01T00:40:29.413+0200] {dag.py:3096} INFO - Sync 1 DAGs
[2025-06-01T00:40:29.430+0200] {logging_mixin.py:188} INFO - [2025-06-01T00:40:29.430+0200] {dag.py:3954} INFO - Setting next_dagrun for example_branch_dop_operator_v3 to 2025-05-31 22:39:00+00:00, run_after=2025-05-31 22:40:00+00:00
[2025-06-01T00:40:29.451+0200] {processor.py:183} INFO - Processing /home/leoja/airflow/airflow_venv/lib/python3.12/site-packages/airflow/example_dags/example_branch_python_dop_operator_3.py took 0.067 seconds
[2025-06-01T00:41:49.629+0200] {processor.py:161} INFO - Started process (PID=143876) to work on /home/leoja/airflow/airflow_venv/lib/python3.12/site-packages/airflow/example_dags/example_branch_python_dop_operator_3.py
[2025-06-01T00:41:49.631+0200] {processor.py:830} INFO - Processing file /home/leoja/airflow/airflow_venv/lib/python3.12/site-packages/airflow/example_dags/example_branch_python_dop_operator_3.py for tasks to queue
[2025-06-01T00:41:49.632+0200] {logging_mixin.py:188} INFO - [2025-06-01T00:41:49.631+0200] {dagbag.py:540} INFO - Filling up the DagBag from /home/leoja/airflow/airflow_venv/lib/python3.12/site-packages/airflow/example_dags/example_branch_python_dop_operator_3.py
[2025-06-01T00:41:49.639+0200] {processor.py:840} INFO - DAG(s) 'example_branch_dop_operator_v3' retrieved from /home/leoja/airflow/airflow_venv/lib/python3.12/site-packages/airflow/example_dags/example_branch_python_dop_operator_3.py
[2025-06-01T00:41:49.652+0200] {logging_mixin.py:188} INFO - [2025-06-01T00:41:49.652+0200] {dag.py:3096} INFO - Sync 1 DAGs
[2025-06-01T00:41:49.669+0200] {logging_mixin.py:188} INFO - [2025-06-01T00:41:49.668+0200] {dag.py:3954} INFO - Setting next_dagrun for example_branch_dop_operator_v3 to 2025-05-31 22:40:00+00:00, run_after=2025-05-31 22:41:00+00:00
[2025-06-01T00:41:49.691+0200] {processor.py:183} INFO - Processing /home/leoja/airflow/airflow_venv/lib/python3.12/site-packages/airflow/example_dags/example_branch_python_dop_operator_3.py took 0.066 seconds
[2025-06-01T00:43:03.801+0200] {processor.py:161} INFO - Started process (PID=144127) to work on /home/leoja/airflow/airflow_venv/lib/python3.12/site-packages/airflow/example_dags/example_branch_python_dop_operator_3.py
[2025-06-01T00:43:03.803+0200] {processor.py:830} INFO - Processing file /home/leoja/airflow/airflow_venv/lib/python3.12/site-packages/airflow/example_dags/example_branch_python_dop_operator_3.py for tasks to queue
[2025-06-01T00:43:03.807+0200] {logging_mixin.py:188} INFO - [2025-06-01T00:43:03.804+0200] {dagbag.py:540} INFO - Filling up the DagBag from /home/leoja/airflow/airflow_venv/lib/python3.12/site-packages/airflow/example_dags/example_branch_python_dop_operator_3.py
[2025-06-01T00:43:03.822+0200] {processor.py:840} INFO - DAG(s) 'example_branch_dop_operator_v3' retrieved from /home/leoja/airflow/airflow_venv/lib/python3.12/site-packages/airflow/example_dags/example_branch_python_dop_operator_3.py
[2025-06-01T00:43:03.838+0200] {logging_mixin.py:188} INFO - [2025-06-01T00:43:03.837+0200] {dag.py:3096} INFO - Sync 1 DAGs
[2025-06-01T00:43:03.854+0200] {logging_mixin.py:188} INFO - [2025-06-01T00:43:03.854+0200] {dag.py:3954} INFO - Setting next_dagrun for example_branch_dop_operator_v3 to 2025-05-31 22:42:00+00:00, run_after=2025-05-31 22:43:00+00:00
[2025-06-01T00:43:03.879+0200] {processor.py:183} INFO - Processing /home/leoja/airflow/airflow_venv/lib/python3.12/site-packages/airflow/example_dags/example_branch_python_dop_operator_3.py took 0.083 seconds
[2025-06-01T00:44:13.463+0200] {processor.py:161} INFO - Started process (PID=144382) to work on /home/leoja/airflow/airflow_venv/lib/python3.12/site-packages/airflow/example_dags/example_branch_python_dop_operator_3.py
[2025-06-01T00:44:13.464+0200] {processor.py:830} INFO - Processing file /home/leoja/airflow/airflow_venv/lib/python3.12/site-packages/airflow/example_dags/example_branch_python_dop_operator_3.py for tasks to queue
[2025-06-01T00:44:13.466+0200] {logging_mixin.py:188} INFO - [2025-06-01T00:44:13.465+0200] {dagbag.py:540} INFO - Filling up the DagBag from /home/leoja/airflow/airflow_venv/lib/python3.12/site-packages/airflow/example_dags/example_branch_python_dop_operator_3.py
[2025-06-01T00:44:13.472+0200] {processor.py:840} INFO - DAG(s) 'example_branch_dop_operator_v3' retrieved from /home/leoja/airflow/airflow_venv/lib/python3.12/site-packages/airflow/example_dags/example_branch_python_dop_operator_3.py
[2025-06-01T00:44:13.488+0200] {logging_mixin.py:188} INFO - [2025-06-01T00:44:13.488+0200] {dag.py:3096} INFO - Sync 1 DAGs
[2025-06-01T00:44:13.506+0200] {logging_mixin.py:188} INFO - [2025-06-01T00:44:13.506+0200] {dag.py:3954} INFO - Setting next_dagrun for example_branch_dop_operator_v3 to 2025-05-31 22:43:00+00:00, run_after=2025-05-31 22:44:00+00:00
[2025-06-01T00:44:13.527+0200] {processor.py:183} INFO - Processing /home/leoja/airflow/airflow_venv/lib/python3.12/site-packages/airflow/example_dags/example_branch_python_dop_operator_3.py took 0.074 seconds
[2025-06-01T00:45:31.535+0200] {processor.py:161} INFO - Started process (PID=144659) to work on /home/leoja/airflow/airflow_venv/lib/python3.12/site-packages/airflow/example_dags/example_branch_python_dop_operator_3.py
[2025-06-01T00:45:31.536+0200] {processor.py:830} INFO - Processing file /home/leoja/airflow/airflow_venv/lib/python3.12/site-packages/airflow/example_dags/example_branch_python_dop_operator_3.py for tasks to queue
[2025-06-01T00:45:31.537+0200] {logging_mixin.py:188} INFO - [2025-06-01T00:45:31.537+0200] {dagbag.py:540} INFO - Filling up the DagBag from /home/leoja/airflow/airflow_venv/lib/python3.12/site-packages/airflow/example_dags/example_branch_python_dop_operator_3.py
[2025-06-01T00:45:31.544+0200] {processor.py:840} INFO - DAG(s) 'example_branch_dop_operator_v3' retrieved from /home/leoja/airflow/airflow_venv/lib/python3.12/site-packages/airflow/example_dags/example_branch_python_dop_operator_3.py
[2025-06-01T00:45:31.556+0200] {logging_mixin.py:188} INFO - [2025-06-01T00:45:31.556+0200] {dag.py:3096} INFO - Sync 1 DAGs
[2025-06-01T00:45:31.575+0200] {logging_mixin.py:188} INFO - [2025-06-01T00:45:31.575+0200] {dag.py:3954} INFO - Setting next_dagrun for example_branch_dop_operator_v3 to 2025-05-31 22:44:00+00:00, run_after=2025-05-31 22:45:00+00:00
[2025-06-01T00:45:31.594+0200] {processor.py:183} INFO - Processing /home/leoja/airflow/airflow_venv/lib/python3.12/site-packages/airflow/example_dags/example_branch_python_dop_operator_3.py took 0.066 seconds
[2025-06-01T00:46:45.395+0200] {processor.py:161} INFO - Started process (PID=144919) to work on /home/leoja/airflow/airflow_venv/lib/python3.12/site-packages/airflow/example_dags/example_branch_python_dop_operator_3.py
[2025-06-01T00:46:45.396+0200] {processor.py:830} INFO - Processing file /home/leoja/airflow/airflow_venv/lib/python3.12/site-packages/airflow/example_dags/example_branch_python_dop_operator_3.py for tasks to queue
[2025-06-01T00:46:45.397+0200] {logging_mixin.py:188} INFO - [2025-06-01T00:46:45.397+0200] {dagbag.py:540} INFO - Filling up the DagBag from /home/leoja/airflow/airflow_venv/lib/python3.12/site-packages/airflow/example_dags/example_branch_python_dop_operator_3.py
[2025-06-01T00:46:45.405+0200] {processor.py:840} INFO - DAG(s) 'example_branch_dop_operator_v3' retrieved from /home/leoja/airflow/airflow_venv/lib/python3.12/site-packages/airflow/example_dags/example_branch_python_dop_operator_3.py
[2025-06-01T00:46:45.419+0200] {logging_mixin.py:188} INFO - [2025-06-01T00:46:45.419+0200] {dag.py:3096} INFO - Sync 1 DAGs
[2025-06-01T00:46:45.435+0200] {logging_mixin.py:188} INFO - [2025-06-01T00:46:45.435+0200] {dag.py:3954} INFO - Setting next_dagrun for example_branch_dop_operator_v3 to 2025-05-31 22:45:00+00:00, run_after=2025-05-31 22:46:00+00:00
[2025-06-01T00:46:45.456+0200] {processor.py:183} INFO - Processing /home/leoja/airflow/airflow_venv/lib/python3.12/site-packages/airflow/example_dags/example_branch_python_dop_operator_3.py took 0.067 seconds
[2025-06-01T00:47:58.500+0200] {processor.py:161} INFO - Started process (PID=145191) to work on /home/leoja/airflow/airflow_venv/lib/python3.12/site-packages/airflow/example_dags/example_branch_python_dop_operator_3.py
[2025-06-01T00:47:58.502+0200] {processor.py:830} INFO - Processing file /home/leoja/airflow/airflow_venv/lib/python3.12/site-packages/airflow/example_dags/example_branch_python_dop_operator_3.py for tasks to queue
[2025-06-01T00:47:58.503+0200] {logging_mixin.py:188} INFO - [2025-06-01T00:47:58.502+0200] {dagbag.py:540} INFO - Filling up the DagBag from /home/leoja/airflow/airflow_venv/lib/python3.12/site-packages/airflow/example_dags/example_branch_python_dop_operator_3.py
[2025-06-01T00:47:58.509+0200] {processor.py:840} INFO - DAG(s) 'example_branch_dop_operator_v3' retrieved from /home/leoja/airflow/airflow_venv/lib/python3.12/site-packages/airflow/example_dags/example_branch_python_dop_operator_3.py
[2025-06-01T00:47:58.521+0200] {logging_mixin.py:188} INFO - [2025-06-01T00:47:58.521+0200] {dag.py:3096} INFO - Sync 1 DAGs
[2025-06-01T00:47:58.535+0200] {logging_mixin.py:188} INFO - [2025-06-01T00:47:58.535+0200] {dag.py:3954} INFO - Setting next_dagrun for example_branch_dop_operator_v3 to 2025-05-31 22:46:00+00:00, run_after=2025-05-31 22:47:00+00:00
[2025-06-01T00:47:58.558+0200] {processor.py:183} INFO - Processing /home/leoja/airflow/airflow_venv/lib/python3.12/site-packages/airflow/example_dags/example_branch_python_dop_operator_3.py took 0.065 seconds
[2025-06-01T00:49:11.085+0200] {processor.py:161} INFO - Started process (PID=145449) to work on /home/leoja/airflow/airflow_venv/lib/python3.12/site-packages/airflow/example_dags/example_branch_python_dop_operator_3.py
[2025-06-01T00:49:11.086+0200] {processor.py:830} INFO - Processing file /home/leoja/airflow/airflow_venv/lib/python3.12/site-packages/airflow/example_dags/example_branch_python_dop_operator_3.py for tasks to queue
[2025-06-01T00:49:11.087+0200] {logging_mixin.py:188} INFO - [2025-06-01T00:49:11.086+0200] {dagbag.py:540} INFO - Filling up the DagBag from /home/leoja/airflow/airflow_venv/lib/python3.12/site-packages/airflow/example_dags/example_branch_python_dop_operator_3.py
[2025-06-01T00:49:11.093+0200] {processor.py:840} INFO - DAG(s) 'example_branch_dop_operator_v3' retrieved from /home/leoja/airflow/airflow_venv/lib/python3.12/site-packages/airflow/example_dags/example_branch_python_dop_operator_3.py
[2025-06-01T00:49:11.105+0200] {logging_mixin.py:188} INFO - [2025-06-01T00:49:11.104+0200] {dag.py:3096} INFO - Sync 1 DAGs
[2025-06-01T00:49:11.124+0200] {logging_mixin.py:188} INFO - [2025-06-01T00:49:11.123+0200] {dag.py:3954} INFO - Setting next_dagrun for example_branch_dop_operator_v3 to 2025-05-31 22:48:00+00:00, run_after=2025-05-31 22:49:00+00:00
[2025-06-01T00:49:11.147+0200] {processor.py:183} INFO - Processing /home/leoja/airflow/airflow_venv/lib/python3.12/site-packages/airflow/example_dags/example_branch_python_dop_operator_3.py took 0.067 seconds
[2025-06-01T00:50:25.548+0200] {processor.py:161} INFO - Started process (PID=145707) to work on /home/leoja/airflow/airflow_venv/lib/python3.12/site-packages/airflow/example_dags/example_branch_python_dop_operator_3.py
[2025-06-01T00:50:25.549+0200] {processor.py:830} INFO - Processing file /home/leoja/airflow/airflow_venv/lib/python3.12/site-packages/airflow/example_dags/example_branch_python_dop_operator_3.py for tasks to queue
[2025-06-01T00:50:25.549+0200] {logging_mixin.py:188} INFO - [2025-06-01T00:50:25.549+0200] {dagbag.py:540} INFO - Filling up the DagBag from /home/leoja/airflow/airflow_venv/lib/python3.12/site-packages/airflow/example_dags/example_branch_python_dop_operator_3.py
[2025-06-01T00:50:25.560+0200] {processor.py:840} INFO - DAG(s) 'example_branch_dop_operator_v3' retrieved from /home/leoja/airflow/airflow_venv/lib/python3.12/site-packages/airflow/example_dags/example_branch_python_dop_operator_3.py
[2025-06-01T00:50:25.579+0200] {logging_mixin.py:188} INFO - [2025-06-01T00:50:25.579+0200] {dag.py:3096} INFO - Sync 1 DAGs
[2025-06-01T00:50:25.594+0200] {logging_mixin.py:188} INFO - [2025-06-01T00:50:25.594+0200] {dag.py:3954} INFO - Setting next_dagrun for example_branch_dop_operator_v3 to 2025-05-31 22:49:00+00:00, run_after=2025-05-31 22:50:00+00:00
[2025-06-01T00:50:25.623+0200] {processor.py:183} INFO - Processing /home/leoja/airflow/airflow_venv/lib/python3.12/site-packages/airflow/example_dags/example_branch_python_dop_operator_3.py took 0.081 seconds
[2025-06-01T00:51:38.860+0200] {processor.py:161} INFO - Started process (PID=145993) to work on /home/leoja/airflow/airflow_venv/lib/python3.12/site-packages/airflow/example_dags/example_branch_python_dop_operator_3.py
[2025-06-01T00:51:38.862+0200] {processor.py:830} INFO - Processing file /home/leoja/airflow/airflow_venv/lib/python3.12/site-packages/airflow/example_dags/example_branch_python_dop_operator_3.py for tasks to queue
[2025-06-01T00:51:38.863+0200] {logging_mixin.py:188} INFO - [2025-06-01T00:51:38.862+0200] {dagbag.py:540} INFO - Filling up the DagBag from /home/leoja/airflow/airflow_venv/lib/python3.12/site-packages/airflow/example_dags/example_branch_python_dop_operator_3.py
[2025-06-01T00:51:38.870+0200] {processor.py:840} INFO - DAG(s) 'example_branch_dop_operator_v3' retrieved from /home/leoja/airflow/airflow_venv/lib/python3.12/site-packages/airflow/example_dags/example_branch_python_dop_operator_3.py
[2025-06-01T00:51:38.884+0200] {logging_mixin.py:188} INFO - [2025-06-01T00:51:38.883+0200] {dag.py:3096} INFO - Sync 1 DAGs
[2025-06-01T00:51:38.901+0200] {logging_mixin.py:188} INFO - [2025-06-01T00:51:38.900+0200] {dag.py:3954} INFO - Setting next_dagrun for example_branch_dop_operator_v3 to 2025-05-31 22:50:00+00:00, run_after=2025-05-31 22:51:00+00:00
[2025-06-01T00:51:38.923+0200] {processor.py:183} INFO - Processing /home/leoja/airflow/airflow_venv/lib/python3.12/site-packages/airflow/example_dags/example_branch_python_dop_operator_3.py took 0.070 seconds
[2025-06-01T00:52:52.378+0200] {processor.py:161} INFO - Started process (PID=146245) to work on /home/leoja/airflow/airflow_venv/lib/python3.12/site-packages/airflow/example_dags/example_branch_python_dop_operator_3.py
[2025-06-01T00:52:52.380+0200] {processor.py:830} INFO - Processing file /home/leoja/airflow/airflow_venv/lib/python3.12/site-packages/airflow/example_dags/example_branch_python_dop_operator_3.py for tasks to queue
[2025-06-01T00:52:52.381+0200] {logging_mixin.py:188} INFO - [2025-06-01T00:52:52.380+0200] {dagbag.py:540} INFO - Filling up the DagBag from /home/leoja/airflow/airflow_venv/lib/python3.12/site-packages/airflow/example_dags/example_branch_python_dop_operator_3.py
[2025-06-01T00:52:52.388+0200] {processor.py:840} INFO - DAG(s) 'example_branch_dop_operator_v3' retrieved from /home/leoja/airflow/airflow_venv/lib/python3.12/site-packages/airflow/example_dags/example_branch_python_dop_operator_3.py
[2025-06-01T00:52:52.399+0200] {logging_mixin.py:188} INFO - [2025-06-01T00:52:52.399+0200] {dag.py:3096} INFO - Sync 1 DAGs
[2025-06-01T00:52:52.417+0200] {logging_mixin.py:188} INFO - [2025-06-01T00:52:52.416+0200] {dag.py:3954} INFO - Setting next_dagrun for example_branch_dop_operator_v3 to 2025-05-31 22:51:00+00:00, run_after=2025-05-31 22:52:00+00:00
[2025-06-01T00:52:52.437+0200] {processor.py:183} INFO - Processing /home/leoja/airflow/airflow_venv/lib/python3.12/site-packages/airflow/example_dags/example_branch_python_dop_operator_3.py took 0.073 seconds
[2025-06-01T00:54:04.191+0200] {processor.py:161} INFO - Started process (PID=146505) to work on /home/leoja/airflow/airflow_venv/lib/python3.12/site-packages/airflow/example_dags/example_branch_python_dop_operator_3.py
[2025-06-01T00:54:04.194+0200] {processor.py:830} INFO - Processing file /home/leoja/airflow/airflow_venv/lib/python3.12/site-packages/airflow/example_dags/example_branch_python_dop_operator_3.py for tasks to queue
[2025-06-01T00:54:04.195+0200] {logging_mixin.py:188} INFO - [2025-06-01T00:54:04.194+0200] {dagbag.py:540} INFO - Filling up the DagBag from /home/leoja/airflow/airflow_venv/lib/python3.12/site-packages/airflow/example_dags/example_branch_python_dop_operator_3.py
[2025-06-01T00:54:04.203+0200] {processor.py:840} INFO - DAG(s) 'example_branch_dop_operator_v3' retrieved from /home/leoja/airflow/airflow_venv/lib/python3.12/site-packages/airflow/example_dags/example_branch_python_dop_operator_3.py
[2025-06-01T00:54:04.215+0200] {logging_mixin.py:188} INFO - [2025-06-01T00:54:04.215+0200] {dag.py:3096} INFO - Sync 1 DAGs
[2025-06-01T00:54:04.229+0200] {logging_mixin.py:188} INFO - [2025-06-01T00:54:04.229+0200] {dag.py:3954} INFO - Setting next_dagrun for example_branch_dop_operator_v3 to 2025-05-31 22:53:00+00:00, run_after=2025-05-31 22:54:00+00:00
[2025-06-01T00:54:04.252+0200] {processor.py:183} INFO - Processing /home/leoja/airflow/airflow_venv/lib/python3.12/site-packages/airflow/example_dags/example_branch_python_dop_operator_3.py took 0.066 seconds
[2025-06-01T00:55:13.910+0200] {processor.py:161} INFO - Started process (PID=146751) to work on /home/leoja/airflow/airflow_venv/lib/python3.12/site-packages/airflow/example_dags/example_branch_python_dop_operator_3.py
[2025-06-01T00:55:13.911+0200] {processor.py:830} INFO - Processing file /home/leoja/airflow/airflow_venv/lib/python3.12/site-packages/airflow/example_dags/example_branch_python_dop_operator_3.py for tasks to queue
[2025-06-01T00:55:13.912+0200] {logging_mixin.py:188} INFO - [2025-06-01T00:55:13.912+0200] {dagbag.py:540} INFO - Filling up the DagBag from /home/leoja/airflow/airflow_venv/lib/python3.12/site-packages/airflow/example_dags/example_branch_python_dop_operator_3.py
[2025-06-01T00:55:13.918+0200] {processor.py:840} INFO - DAG(s) 'example_branch_dop_operator_v3' retrieved from /home/leoja/airflow/airflow_venv/lib/python3.12/site-packages/airflow/example_dags/example_branch_python_dop_operator_3.py
[2025-06-01T00:55:13.930+0200] {logging_mixin.py:188} INFO - [2025-06-01T00:55:13.930+0200] {dag.py:3096} INFO - Sync 1 DAGs
[2025-06-01T00:55:13.945+0200] {logging_mixin.py:188} INFO - [2025-06-01T00:55:13.944+0200] {dag.py:3954} INFO - Setting next_dagrun for example_branch_dop_operator_v3 to 2025-05-31 22:54:00+00:00, run_after=2025-05-31 22:55:00+00:00
[2025-06-01T00:55:13.966+0200] {processor.py:183} INFO - Processing /home/leoja/airflow/airflow_venv/lib/python3.12/site-packages/airflow/example_dags/example_branch_python_dop_operator_3.py took 0.061 seconds
[2025-06-01T00:56:24.721+0200] {processor.py:161} INFO - Started process (PID=147005) to work on /home/leoja/airflow/airflow_venv/lib/python3.12/site-packages/airflow/example_dags/example_branch_python_dop_operator_3.py
[2025-06-01T00:56:24.722+0200] {processor.py:830} INFO - Processing file /home/leoja/airflow/airflow_venv/lib/python3.12/site-packages/airflow/example_dags/example_branch_python_dop_operator_3.py for tasks to queue
[2025-06-01T00:56:24.724+0200] {logging_mixin.py:188} INFO - [2025-06-01T00:56:24.723+0200] {dagbag.py:540} INFO - Filling up the DagBag from /home/leoja/airflow/airflow_venv/lib/python3.12/site-packages/airflow/example_dags/example_branch_python_dop_operator_3.py
[2025-06-01T00:56:24.737+0200] {processor.py:840} INFO - DAG(s) 'example_branch_dop_operator_v3' retrieved from /home/leoja/airflow/airflow_venv/lib/python3.12/site-packages/airflow/example_dags/example_branch_python_dop_operator_3.py
[2025-06-01T00:56:24.750+0200] {logging_mixin.py:188} INFO - [2025-06-01T00:56:24.750+0200] {dag.py:3096} INFO - Sync 1 DAGs
[2025-06-01T00:56:24.765+0200] {logging_mixin.py:188} INFO - [2025-06-01T00:56:24.765+0200] {dag.py:3954} INFO - Setting next_dagrun for example_branch_dop_operator_v3 to 2025-05-31 22:55:00+00:00, run_after=2025-05-31 22:56:00+00:00
[2025-06-01T00:56:24.790+0200] {processor.py:183} INFO - Processing /home/leoja/airflow/airflow_venv/lib/python3.12/site-packages/airflow/example_dags/example_branch_python_dop_operator_3.py took 0.077 seconds
[2025-06-01T00:57:37.146+0200] {processor.py:161} INFO - Started process (PID=147258) to work on /home/leoja/airflow/airflow_venv/lib/python3.12/site-packages/airflow/example_dags/example_branch_python_dop_operator_3.py
[2025-06-01T00:57:37.148+0200] {processor.py:830} INFO - Processing file /home/leoja/airflow/airflow_venv/lib/python3.12/site-packages/airflow/example_dags/example_branch_python_dop_operator_3.py for tasks to queue
[2025-06-01T00:57:37.148+0200] {logging_mixin.py:188} INFO - [2025-06-01T00:57:37.148+0200] {dagbag.py:540} INFO - Filling up the DagBag from /home/leoja/airflow/airflow_venv/lib/python3.12/site-packages/airflow/example_dags/example_branch_python_dop_operator_3.py
[2025-06-01T00:57:37.155+0200] {processor.py:840} INFO - DAG(s) 'example_branch_dop_operator_v3' retrieved from /home/leoja/airflow/airflow_venv/lib/python3.12/site-packages/airflow/example_dags/example_branch_python_dop_operator_3.py
[2025-06-01T00:57:37.167+0200] {logging_mixin.py:188} INFO - [2025-06-01T00:57:37.167+0200] {dag.py:3096} INFO - Sync 1 DAGs
[2025-06-01T00:57:37.184+0200] {logging_mixin.py:188} INFO - [2025-06-01T00:57:37.184+0200] {dag.py:3954} INFO - Setting next_dagrun for example_branch_dop_operator_v3 to 2025-05-31 22:56:00+00:00, run_after=2025-05-31 22:57:00+00:00
[2025-06-01T00:57:37.207+0200] {processor.py:183} INFO - Processing /home/leoja/airflow/airflow_venv/lib/python3.12/site-packages/airflow/example_dags/example_branch_python_dop_operator_3.py took 0.067 seconds
[2025-06-01T00:58:52.248+0200] {processor.py:161} INFO - Started process (PID=147544) to work on /home/leoja/airflow/airflow_venv/lib/python3.12/site-packages/airflow/example_dags/example_branch_python_dop_operator_3.py
[2025-06-01T00:58:52.249+0200] {processor.py:830} INFO - Processing file /home/leoja/airflow/airflow_venv/lib/python3.12/site-packages/airflow/example_dags/example_branch_python_dop_operator_3.py for tasks to queue
[2025-06-01T00:58:52.250+0200] {logging_mixin.py:188} INFO - [2025-06-01T00:58:52.250+0200] {dagbag.py:540} INFO - Filling up the DagBag from /home/leoja/airflow/airflow_venv/lib/python3.12/site-packages/airflow/example_dags/example_branch_python_dop_operator_3.py
[2025-06-01T00:58:52.257+0200] {processor.py:840} INFO - DAG(s) 'example_branch_dop_operator_v3' retrieved from /home/leoja/airflow/airflow_venv/lib/python3.12/site-packages/airflow/example_dags/example_branch_python_dop_operator_3.py
[2025-06-01T00:58:52.268+0200] {logging_mixin.py:188} INFO - [2025-06-01T00:58:52.268+0200] {dag.py:3096} INFO - Sync 1 DAGs
[2025-06-01T00:58:52.294+0200] {logging_mixin.py:188} INFO - [2025-06-01T00:58:52.294+0200] {dag.py:3954} INFO - Setting next_dagrun for example_branch_dop_operator_v3 to 2025-05-31 22:57:00+00:00, run_after=2025-05-31 22:58:00+00:00
[2025-06-01T00:58:52.319+0200] {processor.py:183} INFO - Processing /home/leoja/airflow/airflow_venv/lib/python3.12/site-packages/airflow/example_dags/example_branch_python_dop_operator_3.py took 0.076 seconds
[2025-06-01T01:00:07.524+0200] {processor.py:161} INFO - Started process (PID=147797) to work on /home/leoja/airflow/airflow_venv/lib/python3.12/site-packages/airflow/example_dags/example_branch_python_dop_operator_3.py
[2025-06-01T01:00:07.526+0200] {processor.py:830} INFO - Processing file /home/leoja/airflow/airflow_venv/lib/python3.12/site-packages/airflow/example_dags/example_branch_python_dop_operator_3.py for tasks to queue
[2025-06-01T01:00:07.526+0200] {logging_mixin.py:188} INFO - [2025-06-01T01:00:07.526+0200] {dagbag.py:540} INFO - Filling up the DagBag from /home/leoja/airflow/airflow_venv/lib/python3.12/site-packages/airflow/example_dags/example_branch_python_dop_operator_3.py
[2025-06-01T01:00:07.532+0200] {processor.py:840} INFO - DAG(s) 'example_branch_dop_operator_v3' retrieved from /home/leoja/airflow/airflow_venv/lib/python3.12/site-packages/airflow/example_dags/example_branch_python_dop_operator_3.py
[2025-06-01T01:00:07.544+0200] {logging_mixin.py:188} INFO - [2025-06-01T01:00:07.544+0200] {dag.py:3096} INFO - Sync 1 DAGs
[2025-06-01T01:00:07.560+0200] {logging_mixin.py:188} INFO - [2025-06-01T01:00:07.560+0200] {dag.py:3954} INFO - Setting next_dagrun for example_branch_dop_operator_v3 to 2025-05-31 22:59:00+00:00, run_after=2025-05-31 23:00:00+00:00
[2025-06-01T01:00:07.579+0200] {processor.py:183} INFO - Processing /home/leoja/airflow/airflow_venv/lib/python3.12/site-packages/airflow/example_dags/example_branch_python_dop_operator_3.py took 0.061 seconds
