[2025-05-31T23:51:45.213+0200] {processor.py:161} INFO - Started process (PID=133130) to work on /home/leoja/airflow/airflow_venv/lib/python3.12/site-packages/airflow/example_dags/example_branch_day_of_week_operator.py
[2025-05-31T23:51:45.214+0200] {processor.py:830} INFO - Processing file /home/leoja/airflow/airflow_venv/lib/python3.12/site-packages/airflow/example_dags/example_branch_day_of_week_operator.py for tasks to queue
[2025-05-31T23:51:45.214+0200] {logging_mixin.py:188} INFO - [2025-05-31T23:51:45.214+0200] {dagbag.py:540} INFO - Filling up the DagBag from /home/leoja/airflow/airflow_venv/lib/python3.12/site-packages/airflow/example_dags/example_branch_day_of_week_operator.py
[2025-05-31T23:51:45.221+0200] {processor.py:840} INFO - DAG(s) 'example_weekday_branch_operator' retrieved from /home/leoja/airflow/airflow_venv/lib/python3.12/site-packages/airflow/example_dags/example_branch_day_of_week_operator.py
[2025-05-31T23:51:45.235+0200] {logging_mixin.py:188} INFO - [2025-05-31T23:51:45.235+0200] {dag.py:3096} INFO - Sync 1 DAGs
[2025-05-31T23:51:45.248+0200] {logging_mixin.py:188} INFO - [2025-05-31T23:51:45.248+0200] {dag.py:3954} INFO - Setting next_dagrun for example_weekday_branch_operator to 2025-05-30 00:00:00+00:00, run_after=2025-05-31 00:00:00+00:00
[2025-05-31T23:51:45.273+0200] {processor.py:183} INFO - Processing /home/leoja/airflow/airflow_venv/lib/python3.12/site-packages/airflow/example_dags/example_branch_day_of_week_operator.py took 0.066 seconds
[2025-05-31T23:52:41.518+0200] {processor.py:161} INFO - Started process (PID=133338) to work on /home/leoja/airflow/airflow_venv/lib/python3.12/site-packages/airflow/example_dags/example_branch_day_of_week_operator.py
[2025-05-31T23:52:41.524+0200] {processor.py:830} INFO - Processing file /home/leoja/airflow/airflow_venv/lib/python3.12/site-packages/airflow/example_dags/example_branch_day_of_week_operator.py for tasks to queue
[2025-05-31T23:52:41.525+0200] {logging_mixin.py:188} INFO - [2025-05-31T23:52:41.525+0200] {dagbag.py:540} INFO - Filling up the DagBag from /home/leoja/airflow/airflow_venv/lib/python3.12/site-packages/airflow/example_dags/example_branch_day_of_week_operator.py
[2025-05-31T23:52:41.535+0200] {processor.py:840} INFO - DAG(s) 'example_weekday_branch_operator' retrieved from /home/leoja/airflow/airflow_venv/lib/python3.12/site-packages/airflow/example_dags/example_branch_day_of_week_operator.py
[2025-05-31T23:52:41.552+0200] {logging_mixin.py:188} INFO - [2025-05-31T23:52:41.552+0200] {dag.py:3096} INFO - Sync 1 DAGs
[2025-05-31T23:52:41.566+0200] {logging_mixin.py:188} INFO - [2025-05-31T23:52:41.566+0200] {dag.py:3954} INFO - Setting next_dagrun for example_weekday_branch_operator to 2025-05-30 00:00:00+00:00, run_after=2025-05-31 00:00:00+00:00
[2025-05-31T23:52:41.588+0200] {processor.py:183} INFO - Processing /home/leoja/airflow/airflow_venv/lib/python3.12/site-packages/airflow/example_dags/example_branch_day_of_week_operator.py took 0.076 seconds
[2025-05-31T23:54:11.683+0200] {processor.py:161} INFO - Started process (PID=133657) to work on /home/leoja/airflow/airflow_venv/lib/python3.12/site-packages/airflow/example_dags/example_branch_day_of_week_operator.py
[2025-05-31T23:54:11.685+0200] {processor.py:830} INFO - Processing file /home/leoja/airflow/airflow_venv/lib/python3.12/site-packages/airflow/example_dags/example_branch_day_of_week_operator.py for tasks to queue
[2025-05-31T23:54:11.686+0200] {logging_mixin.py:188} INFO - [2025-05-31T23:54:11.685+0200] {dagbag.py:540} INFO - Filling up the DagBag from /home/leoja/airflow/airflow_venv/lib/python3.12/site-packages/airflow/example_dags/example_branch_day_of_week_operator.py
[2025-05-31T23:54:11.692+0200] {processor.py:840} INFO - DAG(s) 'example_weekday_branch_operator' retrieved from /home/leoja/airflow/airflow_venv/lib/python3.12/site-packages/airflow/example_dags/example_branch_day_of_week_operator.py
[2025-05-31T23:54:11.706+0200] {logging_mixin.py:188} INFO - [2025-05-31T23:54:11.706+0200] {dag.py:3096} INFO - Sync 1 DAGs
[2025-05-31T23:54:11.722+0200] {logging_mixin.py:188} INFO - [2025-05-31T23:54:11.721+0200] {dag.py:3954} INFO - Setting next_dagrun for example_weekday_branch_operator to 2025-05-30 00:00:00+00:00, run_after=2025-05-31 00:00:00+00:00
[2025-05-31T23:54:11.743+0200] {processor.py:183} INFO - Processing /home/leoja/airflow/airflow_venv/lib/python3.12/site-packages/airflow/example_dags/example_branch_day_of_week_operator.py took 0.067 seconds
[2025-05-31T23:55:15.612+0200] {processor.py:161} INFO - Started process (PID=133876) to work on /home/leoja/airflow/airflow_venv/lib/python3.12/site-packages/airflow/example_dags/example_branch_day_of_week_operator.py
[2025-05-31T23:55:15.615+0200] {processor.py:830} INFO - Processing file /home/leoja/airflow/airflow_venv/lib/python3.12/site-packages/airflow/example_dags/example_branch_day_of_week_operator.py for tasks to queue
[2025-05-31T23:55:15.616+0200] {logging_mixin.py:188} INFO - [2025-05-31T23:55:15.615+0200] {dagbag.py:540} INFO - Filling up the DagBag from /home/leoja/airflow/airflow_venv/lib/python3.12/site-packages/airflow/example_dags/example_branch_day_of_week_operator.py
[2025-05-31T23:55:15.622+0200] {processor.py:840} INFO - DAG(s) 'example_weekday_branch_operator' retrieved from /home/leoja/airflow/airflow_venv/lib/python3.12/site-packages/airflow/example_dags/example_branch_day_of_week_operator.py
[2025-05-31T23:55:15.639+0200] {logging_mixin.py:188} INFO - [2025-05-31T23:55:15.639+0200] {dag.py:3096} INFO - Sync 1 DAGs
[2025-05-31T23:55:15.655+0200] {logging_mixin.py:188} INFO - [2025-05-31T23:55:15.655+0200] {dag.py:3954} INFO - Setting next_dagrun for example_weekday_branch_operator to 2025-05-30 00:00:00+00:00, run_after=2025-05-31 00:00:00+00:00
[2025-05-31T23:55:15.687+0200] {processor.py:183} INFO - Processing /home/leoja/airflow/airflow_venv/lib/python3.12/site-packages/airflow/example_dags/example_branch_day_of_week_operator.py took 0.081 seconds
[2025-05-31T23:56:36.122+0200] {processor.py:161} INFO - Started process (PID=134165) to work on /home/leoja/airflow/airflow_venv/lib/python3.12/site-packages/airflow/example_dags/example_branch_day_of_week_operator.py
[2025-05-31T23:56:36.124+0200] {processor.py:830} INFO - Processing file /home/leoja/airflow/airflow_venv/lib/python3.12/site-packages/airflow/example_dags/example_branch_day_of_week_operator.py for tasks to queue
[2025-05-31T23:56:36.125+0200] {logging_mixin.py:188} INFO - [2025-05-31T23:56:36.125+0200] {dagbag.py:540} INFO - Filling up the DagBag from /home/leoja/airflow/airflow_venv/lib/python3.12/site-packages/airflow/example_dags/example_branch_day_of_week_operator.py
[2025-05-31T23:56:36.133+0200] {processor.py:840} INFO - DAG(s) 'example_weekday_branch_operator' retrieved from /home/leoja/airflow/airflow_venv/lib/python3.12/site-packages/airflow/example_dags/example_branch_day_of_week_operator.py
[2025-05-31T23:56:36.146+0200] {logging_mixin.py:188} INFO - [2025-05-31T23:56:36.146+0200] {dag.py:3096} INFO - Sync 1 DAGs
[2025-05-31T23:56:36.160+0200] {logging_mixin.py:188} INFO - [2025-05-31T23:56:36.160+0200] {dag.py:3954} INFO - Setting next_dagrun for example_weekday_branch_operator to 2025-05-30 00:00:00+00:00, run_after=2025-05-31 00:00:00+00:00
[2025-05-31T23:56:36.200+0200] {processor.py:183} INFO - Processing /home/leoja/airflow/airflow_venv/lib/python3.12/site-packages/airflow/example_dags/example_branch_day_of_week_operator.py took 0.084 seconds
[2025-05-31T23:57:48.974+0200] {processor.py:161} INFO - Started process (PID=134423) to work on /home/leoja/airflow/airflow_venv/lib/python3.12/site-packages/airflow/example_dags/example_branch_day_of_week_operator.py
[2025-05-31T23:57:48.977+0200] {processor.py:830} INFO - Processing file /home/leoja/airflow/airflow_venv/lib/python3.12/site-packages/airflow/example_dags/example_branch_day_of_week_operator.py for tasks to queue
[2025-05-31T23:57:48.978+0200] {logging_mixin.py:188} INFO - [2025-05-31T23:57:48.977+0200] {dagbag.py:540} INFO - Filling up the DagBag from /home/leoja/airflow/airflow_venv/lib/python3.12/site-packages/airflow/example_dags/example_branch_day_of_week_operator.py
[2025-05-31T23:57:48.987+0200] {processor.py:840} INFO - DAG(s) 'example_weekday_branch_operator' retrieved from /home/leoja/airflow/airflow_venv/lib/python3.12/site-packages/airflow/example_dags/example_branch_day_of_week_operator.py
[2025-05-31T23:57:49.005+0200] {logging_mixin.py:188} INFO - [2025-05-31T23:57:49.005+0200] {dag.py:3096} INFO - Sync 1 DAGs
[2025-05-31T23:57:49.029+0200] {logging_mixin.py:188} INFO - [2025-05-31T23:57:49.029+0200] {dag.py:3954} INFO - Setting next_dagrun for example_weekday_branch_operator to 2025-05-30 00:00:00+00:00, run_after=2025-05-31 00:00:00+00:00
[2025-05-31T23:57:49.058+0200] {processor.py:183} INFO - Processing /home/leoja/airflow/airflow_venv/lib/python3.12/site-packages/airflow/example_dags/example_branch_day_of_week_operator.py took 0.091 seconds
[2025-05-31T23:59:12.855+0200] {processor.py:161} INFO - Started process (PID=134734) to work on /home/leoja/airflow/airflow_venv/lib/python3.12/site-packages/airflow/example_dags/example_branch_day_of_week_operator.py
[2025-05-31T23:59:12.857+0200] {processor.py:830} INFO - Processing file /home/leoja/airflow/airflow_venv/lib/python3.12/site-packages/airflow/example_dags/example_branch_day_of_week_operator.py for tasks to queue
[2025-05-31T23:59:12.858+0200] {logging_mixin.py:188} INFO - [2025-05-31T23:59:12.857+0200] {dagbag.py:540} INFO - Filling up the DagBag from /home/leoja/airflow/airflow_venv/lib/python3.12/site-packages/airflow/example_dags/example_branch_day_of_week_operator.py
[2025-05-31T23:59:12.863+0200] {processor.py:840} INFO - DAG(s) 'example_weekday_branch_operator' retrieved from /home/leoja/airflow/airflow_venv/lib/python3.12/site-packages/airflow/example_dags/example_branch_day_of_week_operator.py
[2025-05-31T23:59:12.878+0200] {logging_mixin.py:188} INFO - [2025-05-31T23:59:12.878+0200] {dag.py:3096} INFO - Sync 1 DAGs
[2025-05-31T23:59:12.891+0200] {logging_mixin.py:188} INFO - [2025-05-31T23:59:12.891+0200] {dag.py:3954} INFO - Setting next_dagrun for example_weekday_branch_operator to 2025-05-30 00:00:00+00:00, run_after=2025-05-31 00:00:00+00:00
[2025-05-31T23:59:12.909+0200] {processor.py:183} INFO - Processing /home/leoja/airflow/airflow_venv/lib/python3.12/site-packages/airflow/example_dags/example_branch_day_of_week_operator.py took 0.060 seconds
[2025-06-01T00:00:37.052+0200] {processor.py:161} INFO - Started process (PID=135060) to work on /home/leoja/airflow/airflow_venv/lib/python3.12/site-packages/airflow/example_dags/example_branch_day_of_week_operator.py
[2025-06-01T00:00:37.053+0200] {processor.py:830} INFO - Processing file /home/leoja/airflow/airflow_venv/lib/python3.12/site-packages/airflow/example_dags/example_branch_day_of_week_operator.py for tasks to queue
[2025-06-01T00:00:37.054+0200] {logging_mixin.py:188} INFO - [2025-06-01T00:00:37.054+0200] {dagbag.py:540} INFO - Filling up the DagBag from /home/leoja/airflow/airflow_venv/lib/python3.12/site-packages/airflow/example_dags/example_branch_day_of_week_operator.py
[2025-06-01T00:00:37.060+0200] {processor.py:840} INFO - DAG(s) 'example_weekday_branch_operator' retrieved from /home/leoja/airflow/airflow_venv/lib/python3.12/site-packages/airflow/example_dags/example_branch_day_of_week_operator.py
[2025-06-01T00:00:37.073+0200] {logging_mixin.py:188} INFO - [2025-06-01T00:00:37.073+0200] {dag.py:3096} INFO - Sync 1 DAGs
[2025-06-01T00:00:37.088+0200] {logging_mixin.py:188} INFO - [2025-06-01T00:00:37.087+0200] {dag.py:3954} INFO - Setting next_dagrun for example_weekday_branch_operator to 2025-05-30 00:00:00+00:00, run_after=2025-05-31 00:00:00+00:00
[2025-06-01T00:00:37.107+0200] {processor.py:183} INFO - Processing /home/leoja/airflow/airflow_venv/lib/python3.12/site-packages/airflow/example_dags/example_branch_day_of_week_operator.py took 0.060 seconds
[2025-06-01T00:01:53.013+0200] {processor.py:161} INFO - Started process (PID=135334) to work on /home/leoja/airflow/airflow_venv/lib/python3.12/site-packages/airflow/example_dags/example_branch_day_of_week_operator.py
[2025-06-01T00:01:53.014+0200] {processor.py:830} INFO - Processing file /home/leoja/airflow/airflow_venv/lib/python3.12/site-packages/airflow/example_dags/example_branch_day_of_week_operator.py for tasks to queue
[2025-06-01T00:01:53.015+0200] {logging_mixin.py:188} INFO - [2025-06-01T00:01:53.014+0200] {dagbag.py:540} INFO - Filling up the DagBag from /home/leoja/airflow/airflow_venv/lib/python3.12/site-packages/airflow/example_dags/example_branch_day_of_week_operator.py
[2025-06-01T00:01:53.021+0200] {processor.py:840} INFO - DAG(s) 'example_weekday_branch_operator' retrieved from /home/leoja/airflow/airflow_venv/lib/python3.12/site-packages/airflow/example_dags/example_branch_day_of_week_operator.py
[2025-06-01T00:01:53.035+0200] {logging_mixin.py:188} INFO - [2025-06-01T00:01:53.035+0200] {dag.py:3096} INFO - Sync 1 DAGs
[2025-06-01T00:01:53.053+0200] {logging_mixin.py:188} INFO - [2025-06-01T00:01:53.053+0200] {dag.py:3954} INFO - Setting next_dagrun for example_weekday_branch_operator to 2025-05-30 00:00:00+00:00, run_after=2025-05-31 00:00:00+00:00
[2025-06-01T00:01:53.075+0200] {processor.py:183} INFO - Processing /home/leoja/airflow/airflow_venv/lib/python3.12/site-packages/airflow/example_dags/example_branch_day_of_week_operator.py took 0.067 seconds
[2025-06-01T00:03:07.680+0200] {processor.py:161} INFO - Started process (PID=135599) to work on /home/leoja/airflow/airflow_venv/lib/python3.12/site-packages/airflow/example_dags/example_branch_day_of_week_operator.py
[2025-06-01T00:03:07.682+0200] {processor.py:830} INFO - Processing file /home/leoja/airflow/airflow_venv/lib/python3.12/site-packages/airflow/example_dags/example_branch_day_of_week_operator.py for tasks to queue
[2025-06-01T00:03:07.683+0200] {logging_mixin.py:188} INFO - [2025-06-01T00:03:07.682+0200] {dagbag.py:540} INFO - Filling up the DagBag from /home/leoja/airflow/airflow_venv/lib/python3.12/site-packages/airflow/example_dags/example_branch_day_of_week_operator.py
[2025-06-01T00:03:07.689+0200] {processor.py:840} INFO - DAG(s) 'example_weekday_branch_operator' retrieved from /home/leoja/airflow/airflow_venv/lib/python3.12/site-packages/airflow/example_dags/example_branch_day_of_week_operator.py
[2025-06-01T00:03:07.702+0200] {logging_mixin.py:188} INFO - [2025-06-01T00:03:07.702+0200] {dag.py:3096} INFO - Sync 1 DAGs
[2025-06-01T00:03:07.719+0200] {logging_mixin.py:188} INFO - [2025-06-01T00:03:07.718+0200] {dag.py:3954} INFO - Setting next_dagrun for example_weekday_branch_operator to 2025-05-30 00:00:00+00:00, run_after=2025-05-31 00:00:00+00:00
[2025-06-01T00:03:07.738+0200] {processor.py:183} INFO - Processing /home/leoja/airflow/airflow_venv/lib/python3.12/site-packages/airflow/example_dags/example_branch_day_of_week_operator.py took 0.071 seconds
[2025-06-01T00:04:23.888+0200] {processor.py:161} INFO - Started process (PID=135875) to work on /home/leoja/airflow/airflow_venv/lib/python3.12/site-packages/airflow/example_dags/example_branch_day_of_week_operator.py
[2025-06-01T00:04:23.889+0200] {processor.py:830} INFO - Processing file /home/leoja/airflow/airflow_venv/lib/python3.12/site-packages/airflow/example_dags/example_branch_day_of_week_operator.py for tasks to queue
[2025-06-01T00:04:23.890+0200] {logging_mixin.py:188} INFO - [2025-06-01T00:04:23.889+0200] {dagbag.py:540} INFO - Filling up the DagBag from /home/leoja/airflow/airflow_venv/lib/python3.12/site-packages/airflow/example_dags/example_branch_day_of_week_operator.py
[2025-06-01T00:04:23.898+0200] {processor.py:840} INFO - DAG(s) 'example_weekday_branch_operator' retrieved from /home/leoja/airflow/airflow_venv/lib/python3.12/site-packages/airflow/example_dags/example_branch_day_of_week_operator.py
[2025-06-01T00:04:23.911+0200] {logging_mixin.py:188} INFO - [2025-06-01T00:04:23.911+0200] {dag.py:3096} INFO - Sync 1 DAGs
[2025-06-01T00:04:23.927+0200] {logging_mixin.py:188} INFO - [2025-06-01T00:04:23.927+0200] {dag.py:3954} INFO - Setting next_dagrun for example_weekday_branch_operator to 2025-05-30 00:00:00+00:00, run_after=2025-05-31 00:00:00+00:00
[2025-06-01T00:04:23.948+0200] {processor.py:183} INFO - Processing /home/leoja/airflow/airflow_venv/lib/python3.12/site-packages/airflow/example_dags/example_branch_day_of_week_operator.py took 0.066 seconds
[2025-06-01T00:05:30.349+0200] {processor.py:161} INFO - Started process (PID=136104) to work on /home/leoja/airflow/airflow_venv/lib/python3.12/site-packages/airflow/example_dags/example_branch_day_of_week_operator.py
[2025-06-01T00:05:30.351+0200] {processor.py:830} INFO - Processing file /home/leoja/airflow/airflow_venv/lib/python3.12/site-packages/airflow/example_dags/example_branch_day_of_week_operator.py for tasks to queue
[2025-06-01T00:05:30.352+0200] {logging_mixin.py:188} INFO - [2025-06-01T00:05:30.351+0200] {dagbag.py:540} INFO - Filling up the DagBag from /home/leoja/airflow/airflow_venv/lib/python3.12/site-packages/airflow/example_dags/example_branch_day_of_week_operator.py
[2025-06-01T00:05:30.360+0200] {processor.py:840} INFO - DAG(s) 'example_weekday_branch_operator' retrieved from /home/leoja/airflow/airflow_venv/lib/python3.12/site-packages/airflow/example_dags/example_branch_day_of_week_operator.py
[2025-06-01T00:05:30.373+0200] {logging_mixin.py:188} INFO - [2025-06-01T00:05:30.373+0200] {dag.py:3096} INFO - Sync 1 DAGs
[2025-06-01T00:05:30.390+0200] {logging_mixin.py:188} INFO - [2025-06-01T00:05:30.390+0200] {dag.py:3954} INFO - Setting next_dagrun for example_weekday_branch_operator to 2025-05-30 00:00:00+00:00, run_after=2025-05-31 00:00:00+00:00
[2025-06-01T00:05:30.412+0200] {processor.py:183} INFO - Processing /home/leoja/airflow/airflow_venv/lib/python3.12/site-packages/airflow/example_dags/example_branch_day_of_week_operator.py took 0.068 seconds
[2025-06-01T00:06:47.828+0200] {processor.py:161} INFO - Started process (PID=136380) to work on /home/leoja/airflow/airflow_venv/lib/python3.12/site-packages/airflow/example_dags/example_branch_day_of_week_operator.py
[2025-06-01T00:06:47.830+0200] {processor.py:830} INFO - Processing file /home/leoja/airflow/airflow_venv/lib/python3.12/site-packages/airflow/example_dags/example_branch_day_of_week_operator.py for tasks to queue
[2025-06-01T00:06:47.831+0200] {logging_mixin.py:188} INFO - [2025-06-01T00:06:47.830+0200] {dagbag.py:540} INFO - Filling up the DagBag from /home/leoja/airflow/airflow_venv/lib/python3.12/site-packages/airflow/example_dags/example_branch_day_of_week_operator.py
[2025-06-01T00:06:47.837+0200] {processor.py:840} INFO - DAG(s) 'example_weekday_branch_operator' retrieved from /home/leoja/airflow/airflow_venv/lib/python3.12/site-packages/airflow/example_dags/example_branch_day_of_week_operator.py
[2025-06-01T00:06:47.852+0200] {logging_mixin.py:188} INFO - [2025-06-01T00:06:47.852+0200] {dag.py:3096} INFO - Sync 1 DAGs
[2025-06-01T00:06:47.873+0200] {logging_mixin.py:188} INFO - [2025-06-01T00:06:47.872+0200] {dag.py:3954} INFO - Setting next_dagrun for example_weekday_branch_operator to 2025-05-30 00:00:00+00:00, run_after=2025-05-31 00:00:00+00:00
[2025-06-01T00:06:47.896+0200] {processor.py:183} INFO - Processing /home/leoja/airflow/airflow_venv/lib/python3.12/site-packages/airflow/example_dags/example_branch_day_of_week_operator.py took 0.075 seconds
[2025-06-01T00:08:06.019+0200] {processor.py:161} INFO - Started process (PID=136670) to work on /home/leoja/airflow/airflow_venv/lib/python3.12/site-packages/airflow/example_dags/example_branch_day_of_week_operator.py
[2025-06-01T00:08:06.021+0200] {processor.py:830} INFO - Processing file /home/leoja/airflow/airflow_venv/lib/python3.12/site-packages/airflow/example_dags/example_branch_day_of_week_operator.py for tasks to queue
[2025-06-01T00:08:06.022+0200] {logging_mixin.py:188} INFO - [2025-06-01T00:08:06.021+0200] {dagbag.py:540} INFO - Filling up the DagBag from /home/leoja/airflow/airflow_venv/lib/python3.12/site-packages/airflow/example_dags/example_branch_day_of_week_operator.py
[2025-06-01T00:08:06.027+0200] {processor.py:840} INFO - DAG(s) 'example_weekday_branch_operator' retrieved from /home/leoja/airflow/airflow_venv/lib/python3.12/site-packages/airflow/example_dags/example_branch_day_of_week_operator.py
[2025-06-01T00:08:06.040+0200] {logging_mixin.py:188} INFO - [2025-06-01T00:08:06.040+0200] {dag.py:3096} INFO - Sync 1 DAGs
[2025-06-01T00:08:06.053+0200] {logging_mixin.py:188} INFO - [2025-06-01T00:08:06.052+0200] {dag.py:3954} INFO - Setting next_dagrun for example_weekday_branch_operator to 2025-05-30 00:00:00+00:00, run_after=2025-05-31 00:00:00+00:00
[2025-06-01T00:08:06.074+0200] {processor.py:183} INFO - Processing /home/leoja/airflow/airflow_venv/lib/python3.12/site-packages/airflow/example_dags/example_branch_day_of_week_operator.py took 0.061 seconds
[2025-06-01T00:09:18.072+0200] {processor.py:161} INFO - Started process (PID=136921) to work on /home/leoja/airflow/airflow_venv/lib/python3.12/site-packages/airflow/example_dags/example_branch_day_of_week_operator.py
[2025-06-01T00:09:18.073+0200] {processor.py:830} INFO - Processing file /home/leoja/airflow/airflow_venv/lib/python3.12/site-packages/airflow/example_dags/example_branch_day_of_week_operator.py for tasks to queue
[2025-06-01T00:09:18.074+0200] {logging_mixin.py:188} INFO - [2025-06-01T00:09:18.074+0200] {dagbag.py:540} INFO - Filling up the DagBag from /home/leoja/airflow/airflow_venv/lib/python3.12/site-packages/airflow/example_dags/example_branch_day_of_week_operator.py
[2025-06-01T00:09:18.083+0200] {processor.py:840} INFO - DAG(s) 'example_weekday_branch_operator' retrieved from /home/leoja/airflow/airflow_venv/lib/python3.12/site-packages/airflow/example_dags/example_branch_day_of_week_operator.py
[2025-06-01T00:09:18.097+0200] {logging_mixin.py:188} INFO - [2025-06-01T00:09:18.096+0200] {dag.py:3096} INFO - Sync 1 DAGs
[2025-06-01T00:09:18.114+0200] {logging_mixin.py:188} INFO - [2025-06-01T00:09:18.114+0200] {dag.py:3954} INFO - Setting next_dagrun for example_weekday_branch_operator to 2025-05-30 00:00:00+00:00, run_after=2025-05-31 00:00:00+00:00
[2025-06-01T00:09:18.134+0200] {processor.py:183} INFO - Processing /home/leoja/airflow/airflow_venv/lib/python3.12/site-packages/airflow/example_dags/example_branch_day_of_week_operator.py took 0.070 seconds
[2025-06-01T00:10:30.266+0200] {processor.py:161} INFO - Started process (PID=137177) to work on /home/leoja/airflow/airflow_venv/lib/python3.12/site-packages/airflow/example_dags/example_branch_day_of_week_operator.py
[2025-06-01T00:10:30.267+0200] {processor.py:830} INFO - Processing file /home/leoja/airflow/airflow_venv/lib/python3.12/site-packages/airflow/example_dags/example_branch_day_of_week_operator.py for tasks to queue
[2025-06-01T00:10:30.268+0200] {logging_mixin.py:188} INFO - [2025-06-01T00:10:30.268+0200] {dagbag.py:540} INFO - Filling up the DagBag from /home/leoja/airflow/airflow_venv/lib/python3.12/site-packages/airflow/example_dags/example_branch_day_of_week_operator.py
[2025-06-01T00:10:30.275+0200] {processor.py:840} INFO - DAG(s) 'example_weekday_branch_operator' retrieved from /home/leoja/airflow/airflow_venv/lib/python3.12/site-packages/airflow/example_dags/example_branch_day_of_week_operator.py
[2025-06-01T00:10:30.289+0200] {logging_mixin.py:188} INFO - [2025-06-01T00:10:30.289+0200] {dag.py:3096} INFO - Sync 1 DAGs
[2025-06-01T00:10:30.308+0200] {logging_mixin.py:188} INFO - [2025-06-01T00:10:30.308+0200] {dag.py:3954} INFO - Setting next_dagrun for example_weekday_branch_operator to 2025-05-30 00:00:00+00:00, run_after=2025-05-31 00:00:00+00:00
[2025-06-01T00:10:30.330+0200] {processor.py:183} INFO - Processing /home/leoja/airflow/airflow_venv/lib/python3.12/site-packages/airflow/example_dags/example_branch_day_of_week_operator.py took 0.069 seconds
[2025-06-01T00:11:43.480+0200] {processor.py:161} INFO - Started process (PID=137429) to work on /home/leoja/airflow/airflow_venv/lib/python3.12/site-packages/airflow/example_dags/example_branch_day_of_week_operator.py
[2025-06-01T00:11:43.481+0200] {processor.py:830} INFO - Processing file /home/leoja/airflow/airflow_venv/lib/python3.12/site-packages/airflow/example_dags/example_branch_day_of_week_operator.py for tasks to queue
[2025-06-01T00:11:43.482+0200] {logging_mixin.py:188} INFO - [2025-06-01T00:11:43.481+0200] {dagbag.py:540} INFO - Filling up the DagBag from /home/leoja/airflow/airflow_venv/lib/python3.12/site-packages/airflow/example_dags/example_branch_day_of_week_operator.py
[2025-06-01T00:11:43.492+0200] {processor.py:840} INFO - DAG(s) 'example_weekday_branch_operator' retrieved from /home/leoja/airflow/airflow_venv/lib/python3.12/site-packages/airflow/example_dags/example_branch_day_of_week_operator.py
[2025-06-01T00:11:43.508+0200] {logging_mixin.py:188} INFO - [2025-06-01T00:11:43.507+0200] {dag.py:3096} INFO - Sync 1 DAGs
[2025-06-01T00:11:43.522+0200] {logging_mixin.py:188} INFO - [2025-06-01T00:11:43.522+0200] {dag.py:3954} INFO - Setting next_dagrun for example_weekday_branch_operator to 2025-05-30 00:00:00+00:00, run_after=2025-05-31 00:00:00+00:00
[2025-06-01T00:11:43.546+0200] {processor.py:183} INFO - Processing /home/leoja/airflow/airflow_venv/lib/python3.12/site-packages/airflow/example_dags/example_branch_day_of_week_operator.py took 0.070 seconds
[2025-06-01T00:12:58.912+0200] {processor.py:161} INFO - Started process (PID=137707) to work on /home/leoja/airflow/airflow_venv/lib/python3.12/site-packages/airflow/example_dags/example_branch_day_of_week_operator.py
[2025-06-01T00:12:58.914+0200] {processor.py:830} INFO - Processing file /home/leoja/airflow/airflow_venv/lib/python3.12/site-packages/airflow/example_dags/example_branch_day_of_week_operator.py for tasks to queue
[2025-06-01T00:12:58.915+0200] {logging_mixin.py:188} INFO - [2025-06-01T00:12:58.914+0200] {dagbag.py:540} INFO - Filling up the DagBag from /home/leoja/airflow/airflow_venv/lib/python3.12/site-packages/airflow/example_dags/example_branch_day_of_week_operator.py
[2025-06-01T00:12:58.920+0200] {processor.py:840} INFO - DAG(s) 'example_weekday_branch_operator' retrieved from /home/leoja/airflow/airflow_venv/lib/python3.12/site-packages/airflow/example_dags/example_branch_day_of_week_operator.py
[2025-06-01T00:12:58.933+0200] {logging_mixin.py:188} INFO - [2025-06-01T00:12:58.933+0200] {dag.py:3096} INFO - Sync 1 DAGs
[2025-06-01T00:12:58.950+0200] {logging_mixin.py:188} INFO - [2025-06-01T00:12:58.949+0200] {dag.py:3954} INFO - Setting next_dagrun for example_weekday_branch_operator to 2025-05-30 00:00:00+00:00, run_after=2025-05-31 00:00:00+00:00
[2025-06-01T00:12:58.976+0200] {processor.py:183} INFO - Processing /home/leoja/airflow/airflow_venv/lib/python3.12/site-packages/airflow/example_dags/example_branch_day_of_week_operator.py took 0.069 seconds
[2025-06-01T00:14:18.754+0200] {processor.py:161} INFO - Started process (PID=137993) to work on /home/leoja/airflow/airflow_venv/lib/python3.12/site-packages/airflow/example_dags/example_branch_day_of_week_operator.py
[2025-06-01T00:14:18.756+0200] {processor.py:830} INFO - Processing file /home/leoja/airflow/airflow_venv/lib/python3.12/site-packages/airflow/example_dags/example_branch_day_of_week_operator.py for tasks to queue
[2025-06-01T00:14:18.756+0200] {logging_mixin.py:188} INFO - [2025-06-01T00:14:18.756+0200] {dagbag.py:540} INFO - Filling up the DagBag from /home/leoja/airflow/airflow_venv/lib/python3.12/site-packages/airflow/example_dags/example_branch_day_of_week_operator.py
[2025-06-01T00:14:18.763+0200] {processor.py:840} INFO - DAG(s) 'example_weekday_branch_operator' retrieved from /home/leoja/airflow/airflow_venv/lib/python3.12/site-packages/airflow/example_dags/example_branch_day_of_week_operator.py
[2025-06-01T00:14:18.777+0200] {logging_mixin.py:188} INFO - [2025-06-01T00:14:18.777+0200] {dag.py:3096} INFO - Sync 1 DAGs
[2025-06-01T00:14:18.793+0200] {logging_mixin.py:188} INFO - [2025-06-01T00:14:18.793+0200] {dag.py:3954} INFO - Setting next_dagrun for example_weekday_branch_operator to 2025-05-30 00:00:00+00:00, run_after=2025-05-31 00:00:00+00:00
[2025-06-01T00:14:18.822+0200] {processor.py:183} INFO - Processing /home/leoja/airflow/airflow_venv/lib/python3.12/site-packages/airflow/example_dags/example_branch_day_of_week_operator.py took 0.074 seconds
[2025-06-01T00:15:31.585+0200] {processor.py:161} INFO - Started process (PID=138250) to work on /home/leoja/airflow/airflow_venv/lib/python3.12/site-packages/airflow/example_dags/example_branch_day_of_week_operator.py
[2025-06-01T00:15:31.587+0200] {processor.py:830} INFO - Processing file /home/leoja/airflow/airflow_venv/lib/python3.12/site-packages/airflow/example_dags/example_branch_day_of_week_operator.py for tasks to queue
[2025-06-01T00:15:31.587+0200] {logging_mixin.py:188} INFO - [2025-06-01T00:15:31.587+0200] {dagbag.py:540} INFO - Filling up the DagBag from /home/leoja/airflow/airflow_venv/lib/python3.12/site-packages/airflow/example_dags/example_branch_day_of_week_operator.py
[2025-06-01T00:15:31.594+0200] {processor.py:840} INFO - DAG(s) 'example_weekday_branch_operator' retrieved from /home/leoja/airflow/airflow_venv/lib/python3.12/site-packages/airflow/example_dags/example_branch_day_of_week_operator.py
[2025-06-01T00:15:31.608+0200] {logging_mixin.py:188} INFO - [2025-06-01T00:15:31.608+0200] {dag.py:3096} INFO - Sync 1 DAGs
[2025-06-01T00:15:31.627+0200] {logging_mixin.py:188} INFO - [2025-06-01T00:15:31.627+0200] {dag.py:3954} INFO - Setting next_dagrun for example_weekday_branch_operator to 2025-05-30 00:00:00+00:00, run_after=2025-05-31 00:00:00+00:00
[2025-06-01T00:15:31.649+0200] {processor.py:183} INFO - Processing /home/leoja/airflow/airflow_venv/lib/python3.12/site-packages/airflow/example_dags/example_branch_day_of_week_operator.py took 0.070 seconds
[2025-06-01T00:16:44.705+0200] {processor.py:161} INFO - Started process (PID=138500) to work on /home/leoja/airflow/airflow_venv/lib/python3.12/site-packages/airflow/example_dags/example_branch_day_of_week_operator.py
[2025-06-01T00:16:44.707+0200] {processor.py:830} INFO - Processing file /home/leoja/airflow/airflow_venv/lib/python3.12/site-packages/airflow/example_dags/example_branch_day_of_week_operator.py for tasks to queue
[2025-06-01T00:16:44.708+0200] {logging_mixin.py:188} INFO - [2025-06-01T00:16:44.707+0200] {dagbag.py:540} INFO - Filling up the DagBag from /home/leoja/airflow/airflow_venv/lib/python3.12/site-packages/airflow/example_dags/example_branch_day_of_week_operator.py
[2025-06-01T00:16:44.716+0200] {processor.py:840} INFO - DAG(s) 'example_weekday_branch_operator' retrieved from /home/leoja/airflow/airflow_venv/lib/python3.12/site-packages/airflow/example_dags/example_branch_day_of_week_operator.py
[2025-06-01T00:16:44.731+0200] {logging_mixin.py:188} INFO - [2025-06-01T00:16:44.731+0200] {dag.py:3096} INFO - Sync 1 DAGs
[2025-06-01T00:16:44.746+0200] {logging_mixin.py:188} INFO - [2025-06-01T00:16:44.746+0200] {dag.py:3954} INFO - Setting next_dagrun for example_weekday_branch_operator to 2025-05-30 00:00:00+00:00, run_after=2025-05-31 00:00:00+00:00
[2025-06-01T00:16:44.775+0200] {processor.py:183} INFO - Processing /home/leoja/airflow/airflow_venv/lib/python3.12/site-packages/airflow/example_dags/example_branch_day_of_week_operator.py took 0.074 seconds
[2025-06-01T00:17:58.613+0200] {processor.py:161} INFO - Started process (PID=138789) to work on /home/leoja/airflow/airflow_venv/lib/python3.12/site-packages/airflow/example_dags/example_branch_day_of_week_operator.py
[2025-06-01T00:17:58.615+0200] {processor.py:830} INFO - Processing file /home/leoja/airflow/airflow_venv/lib/python3.12/site-packages/airflow/example_dags/example_branch_day_of_week_operator.py for tasks to queue
[2025-06-01T00:17:58.616+0200] {logging_mixin.py:188} INFO - [2025-06-01T00:17:58.616+0200] {dagbag.py:540} INFO - Filling up the DagBag from /home/leoja/airflow/airflow_venv/lib/python3.12/site-packages/airflow/example_dags/example_branch_day_of_week_operator.py
[2025-06-01T00:17:58.628+0200] {processor.py:840} INFO - DAG(s) 'example_weekday_branch_operator' retrieved from /home/leoja/airflow/airflow_venv/lib/python3.12/site-packages/airflow/example_dags/example_branch_day_of_week_operator.py
[2025-06-01T00:17:58.656+0200] {logging_mixin.py:188} INFO - [2025-06-01T00:17:58.656+0200] {dag.py:3096} INFO - Sync 1 DAGs
[2025-06-01T00:17:58.671+0200] {logging_mixin.py:188} INFO - [2025-06-01T00:17:58.670+0200] {dag.py:3954} INFO - Setting next_dagrun for example_weekday_branch_operator to 2025-05-30 00:00:00+00:00, run_after=2025-05-31 00:00:00+00:00
[2025-06-01T00:17:58.688+0200] {processor.py:183} INFO - Processing /home/leoja/airflow/airflow_venv/lib/python3.12/site-packages/airflow/example_dags/example_branch_day_of_week_operator.py took 0.087 seconds
[2025-06-01T00:19:08.209+0200] {processor.py:161} INFO - Started process (PID=139038) to work on /home/leoja/airflow/airflow_venv/lib/python3.12/site-packages/airflow/example_dags/example_branch_day_of_week_operator.py
[2025-06-01T00:19:08.215+0200] {processor.py:830} INFO - Processing file /home/leoja/airflow/airflow_venv/lib/python3.12/site-packages/airflow/example_dags/example_branch_day_of_week_operator.py for tasks to queue
[2025-06-01T00:19:08.216+0200] {logging_mixin.py:188} INFO - [2025-06-01T00:19:08.216+0200] {dagbag.py:540} INFO - Filling up the DagBag from /home/leoja/airflow/airflow_venv/lib/python3.12/site-packages/airflow/example_dags/example_branch_day_of_week_operator.py
[2025-06-01T00:19:08.222+0200] {processor.py:840} INFO - DAG(s) 'example_weekday_branch_operator' retrieved from /home/leoja/airflow/airflow_venv/lib/python3.12/site-packages/airflow/example_dags/example_branch_day_of_week_operator.py
[2025-06-01T00:19:08.235+0200] {logging_mixin.py:188} INFO - [2025-06-01T00:19:08.234+0200] {dag.py:3096} INFO - Sync 1 DAGs
[2025-06-01T00:19:08.249+0200] {logging_mixin.py:188} INFO - [2025-06-01T00:19:08.249+0200] {dag.py:3954} INFO - Setting next_dagrun for example_weekday_branch_operator to 2025-05-30 00:00:00+00:00, run_after=2025-05-31 00:00:00+00:00
[2025-06-01T00:19:08.287+0200] {processor.py:183} INFO - Processing /home/leoja/airflow/airflow_venv/lib/python3.12/site-packages/airflow/example_dags/example_branch_day_of_week_operator.py took 0.087 seconds
[2025-06-01T00:20:22.997+0200] {processor.py:161} INFO - Started process (PID=139292) to work on /home/leoja/airflow/airflow_venv/lib/python3.12/site-packages/airflow/example_dags/example_branch_day_of_week_operator.py
[2025-06-01T00:20:22.999+0200] {processor.py:830} INFO - Processing file /home/leoja/airflow/airflow_venv/lib/python3.12/site-packages/airflow/example_dags/example_branch_day_of_week_operator.py for tasks to queue
[2025-06-01T00:20:22.999+0200] {logging_mixin.py:188} INFO - [2025-06-01T00:20:22.999+0200] {dagbag.py:540} INFO - Filling up the DagBag from /home/leoja/airflow/airflow_venv/lib/python3.12/site-packages/airflow/example_dags/example_branch_day_of_week_operator.py
[2025-06-01T00:20:23.007+0200] {processor.py:840} INFO - DAG(s) 'example_weekday_branch_operator' retrieved from /home/leoja/airflow/airflow_venv/lib/python3.12/site-packages/airflow/example_dags/example_branch_day_of_week_operator.py
[2025-06-01T00:20:23.019+0200] {logging_mixin.py:188} INFO - [2025-06-01T00:20:23.019+0200] {dag.py:3096} INFO - Sync 1 DAGs
[2025-06-01T00:20:23.031+0200] {logging_mixin.py:188} INFO - [2025-06-01T00:20:23.031+0200] {dag.py:3954} INFO - Setting next_dagrun for example_weekday_branch_operator to 2025-05-30 00:00:00+00:00, run_after=2025-05-31 00:00:00+00:00
[2025-06-01T00:20:23.052+0200] {processor.py:183} INFO - Processing /home/leoja/airflow/airflow_venv/lib/python3.12/site-packages/airflow/example_dags/example_branch_day_of_week_operator.py took 0.060 seconds
[2025-06-01T00:21:35.336+0200] {processor.py:161} INFO - Started process (PID=139545) to work on /home/leoja/airflow/airflow_venv/lib/python3.12/site-packages/airflow/example_dags/example_branch_day_of_week_operator.py
[2025-06-01T00:21:35.337+0200] {processor.py:830} INFO - Processing file /home/leoja/airflow/airflow_venv/lib/python3.12/site-packages/airflow/example_dags/example_branch_day_of_week_operator.py for tasks to queue
[2025-06-01T00:21:35.338+0200] {logging_mixin.py:188} INFO - [2025-06-01T00:21:35.338+0200] {dagbag.py:540} INFO - Filling up the DagBag from /home/leoja/airflow/airflow_venv/lib/python3.12/site-packages/airflow/example_dags/example_branch_day_of_week_operator.py
[2025-06-01T00:21:35.347+0200] {processor.py:840} INFO - DAG(s) 'example_weekday_branch_operator' retrieved from /home/leoja/airflow/airflow_venv/lib/python3.12/site-packages/airflow/example_dags/example_branch_day_of_week_operator.py
[2025-06-01T00:21:35.359+0200] {logging_mixin.py:188} INFO - [2025-06-01T00:21:35.359+0200] {dag.py:3096} INFO - Sync 1 DAGs
[2025-06-01T00:21:35.375+0200] {logging_mixin.py:188} INFO - [2025-06-01T00:21:35.375+0200] {dag.py:3954} INFO - Setting next_dagrun for example_weekday_branch_operator to 2025-05-30 00:00:00+00:00, run_after=2025-05-31 00:00:00+00:00
[2025-06-01T00:21:35.395+0200] {processor.py:183} INFO - Processing /home/leoja/airflow/airflow_venv/lib/python3.12/site-packages/airflow/example_dags/example_branch_day_of_week_operator.py took 0.065 seconds
[2025-06-01T00:22:56.485+0200] {processor.py:161} INFO - Started process (PID=139828) to work on /home/leoja/airflow/airflow_venv/lib/python3.12/site-packages/airflow/example_dags/example_branch_day_of_week_operator.py
[2025-06-01T00:22:56.486+0200] {processor.py:830} INFO - Processing file /home/leoja/airflow/airflow_venv/lib/python3.12/site-packages/airflow/example_dags/example_branch_day_of_week_operator.py for tasks to queue
[2025-06-01T00:22:56.487+0200] {logging_mixin.py:188} INFO - [2025-06-01T00:22:56.487+0200] {dagbag.py:540} INFO - Filling up the DagBag from /home/leoja/airflow/airflow_venv/lib/python3.12/site-packages/airflow/example_dags/example_branch_day_of_week_operator.py
[2025-06-01T00:22:56.493+0200] {processor.py:840} INFO - DAG(s) 'example_weekday_branch_operator' retrieved from /home/leoja/airflow/airflow_venv/lib/python3.12/site-packages/airflow/example_dags/example_branch_day_of_week_operator.py
[2025-06-01T00:22:56.504+0200] {logging_mixin.py:188} INFO - [2025-06-01T00:22:56.504+0200] {dag.py:3096} INFO - Sync 1 DAGs
[2025-06-01T00:22:56.517+0200] {logging_mixin.py:188} INFO - [2025-06-01T00:22:56.517+0200] {dag.py:3954} INFO - Setting next_dagrun for example_weekday_branch_operator to 2025-05-30 00:00:00+00:00, run_after=2025-05-31 00:00:00+00:00
[2025-06-01T00:22:56.540+0200] {processor.py:183} INFO - Processing /home/leoja/airflow/airflow_venv/lib/python3.12/site-packages/airflow/example_dags/example_branch_day_of_week_operator.py took 0.062 seconds
[2025-06-01T00:24:21.714+0200] {processor.py:161} INFO - Started process (PID=140133) to work on /home/leoja/airflow/airflow_venv/lib/python3.12/site-packages/airflow/example_dags/example_branch_day_of_week_operator.py
[2025-06-01T00:24:21.715+0200] {processor.py:830} INFO - Processing file /home/leoja/airflow/airflow_venv/lib/python3.12/site-packages/airflow/example_dags/example_branch_day_of_week_operator.py for tasks to queue
[2025-06-01T00:24:21.717+0200] {logging_mixin.py:188} INFO - [2025-06-01T00:24:21.716+0200] {dagbag.py:540} INFO - Filling up the DagBag from /home/leoja/airflow/airflow_venv/lib/python3.12/site-packages/airflow/example_dags/example_branch_day_of_week_operator.py
[2025-06-01T00:24:21.725+0200] {processor.py:840} INFO - DAG(s) 'example_weekday_branch_operator' retrieved from /home/leoja/airflow/airflow_venv/lib/python3.12/site-packages/airflow/example_dags/example_branch_day_of_week_operator.py
[2025-06-01T00:24:21.738+0200] {logging_mixin.py:188} INFO - [2025-06-01T00:24:21.737+0200] {dag.py:3096} INFO - Sync 1 DAGs
[2025-06-01T00:24:21.750+0200] {logging_mixin.py:188} INFO - [2025-06-01T00:24:21.750+0200] {dag.py:3954} INFO - Setting next_dagrun for example_weekday_branch_operator to 2025-05-30 00:00:00+00:00, run_after=2025-05-31 00:00:00+00:00
[2025-06-01T00:24:21.772+0200] {processor.py:183} INFO - Processing /home/leoja/airflow/airflow_venv/lib/python3.12/site-packages/airflow/example_dags/example_branch_day_of_week_operator.py took 0.064 seconds
[2025-06-01T00:25:40.949+0200] {processor.py:161} INFO - Started process (PID=140413) to work on /home/leoja/airflow/airflow_venv/lib/python3.12/site-packages/airflow/example_dags/example_branch_day_of_week_operator.py
[2025-06-01T00:25:40.950+0200] {processor.py:830} INFO - Processing file /home/leoja/airflow/airflow_venv/lib/python3.12/site-packages/airflow/example_dags/example_branch_day_of_week_operator.py for tasks to queue
[2025-06-01T00:25:40.951+0200] {logging_mixin.py:188} INFO - [2025-06-01T00:25:40.951+0200] {dagbag.py:540} INFO - Filling up the DagBag from /home/leoja/airflow/airflow_venv/lib/python3.12/site-packages/airflow/example_dags/example_branch_day_of_week_operator.py
[2025-06-01T00:25:40.958+0200] {processor.py:840} INFO - DAG(s) 'example_weekday_branch_operator' retrieved from /home/leoja/airflow/airflow_venv/lib/python3.12/site-packages/airflow/example_dags/example_branch_day_of_week_operator.py
[2025-06-01T00:25:40.973+0200] {logging_mixin.py:188} INFO - [2025-06-01T00:25:40.973+0200] {dag.py:3096} INFO - Sync 1 DAGs
[2025-06-01T00:25:40.987+0200] {logging_mixin.py:188} INFO - [2025-06-01T00:25:40.987+0200] {dag.py:3954} INFO - Setting next_dagrun for example_weekday_branch_operator to 2025-05-30 00:00:00+00:00, run_after=2025-05-31 00:00:00+00:00
[2025-06-01T00:25:41.010+0200] {processor.py:183} INFO - Processing /home/leoja/airflow/airflow_venv/lib/python3.12/site-packages/airflow/example_dags/example_branch_day_of_week_operator.py took 0.067 seconds
[2025-06-01T00:26:52.420+0200] {processor.py:161} INFO - Started process (PID=140672) to work on /home/leoja/airflow/airflow_venv/lib/python3.12/site-packages/airflow/example_dags/example_branch_day_of_week_operator.py
[2025-06-01T00:26:52.421+0200] {processor.py:830} INFO - Processing file /home/leoja/airflow/airflow_venv/lib/python3.12/site-packages/airflow/example_dags/example_branch_day_of_week_operator.py for tasks to queue
[2025-06-01T00:26:52.422+0200] {logging_mixin.py:188} INFO - [2025-06-01T00:26:52.422+0200] {dagbag.py:540} INFO - Filling up the DagBag from /home/leoja/airflow/airflow_venv/lib/python3.12/site-packages/airflow/example_dags/example_branch_day_of_week_operator.py
[2025-06-01T00:26:52.428+0200] {processor.py:840} INFO - DAG(s) 'example_weekday_branch_operator' retrieved from /home/leoja/airflow/airflow_venv/lib/python3.12/site-packages/airflow/example_dags/example_branch_day_of_week_operator.py
[2025-06-01T00:26:52.440+0200] {logging_mixin.py:188} INFO - [2025-06-01T00:26:52.440+0200] {dag.py:3096} INFO - Sync 1 DAGs
[2025-06-01T00:26:52.457+0200] {logging_mixin.py:188} INFO - [2025-06-01T00:26:52.456+0200] {dag.py:3954} INFO - Setting next_dagrun for example_weekday_branch_operator to 2025-05-30 00:00:00+00:00, run_after=2025-05-31 00:00:00+00:00
[2025-06-01T00:26:52.476+0200] {processor.py:183} INFO - Processing /home/leoja/airflow/airflow_venv/lib/python3.12/site-packages/airflow/example_dags/example_branch_day_of_week_operator.py took 0.062 seconds
[2025-06-01T00:28:04.542+0200] {processor.py:161} INFO - Started process (PID=140930) to work on /home/leoja/airflow/airflow_venv/lib/python3.12/site-packages/airflow/example_dags/example_branch_day_of_week_operator.py
[2025-06-01T00:28:04.544+0200] {processor.py:830} INFO - Processing file /home/leoja/airflow/airflow_venv/lib/python3.12/site-packages/airflow/example_dags/example_branch_day_of_week_operator.py for tasks to queue
[2025-06-01T00:28:04.544+0200] {logging_mixin.py:188} INFO - [2025-06-01T00:28:04.544+0200] {dagbag.py:540} INFO - Filling up the DagBag from /home/leoja/airflow/airflow_venv/lib/python3.12/site-packages/airflow/example_dags/example_branch_day_of_week_operator.py
[2025-06-01T00:28:04.551+0200] {processor.py:840} INFO - DAG(s) 'example_weekday_branch_operator' retrieved from /home/leoja/airflow/airflow_venv/lib/python3.12/site-packages/airflow/example_dags/example_branch_day_of_week_operator.py
[2025-06-01T00:28:04.564+0200] {logging_mixin.py:188} INFO - [2025-06-01T00:28:04.563+0200] {dag.py:3096} INFO - Sync 1 DAGs
[2025-06-01T00:28:04.578+0200] {logging_mixin.py:188} INFO - [2025-06-01T00:28:04.578+0200] {dag.py:3954} INFO - Setting next_dagrun for example_weekday_branch_operator to 2025-05-30 00:00:00+00:00, run_after=2025-05-31 00:00:00+00:00
[2025-06-01T00:28:04.605+0200] {processor.py:183} INFO - Processing /home/leoja/airflow/airflow_venv/lib/python3.12/site-packages/airflow/example_dags/example_branch_day_of_week_operator.py took 0.071 seconds
[2025-06-01T00:29:20.311+0200] {processor.py:161} INFO - Started process (PID=141205) to work on /home/leoja/airflow/airflow_venv/lib/python3.12/site-packages/airflow/example_dags/example_branch_day_of_week_operator.py
[2025-06-01T00:29:20.312+0200] {processor.py:830} INFO - Processing file /home/leoja/airflow/airflow_venv/lib/python3.12/site-packages/airflow/example_dags/example_branch_day_of_week_operator.py for tasks to queue
[2025-06-01T00:29:20.313+0200] {logging_mixin.py:188} INFO - [2025-06-01T00:29:20.312+0200] {dagbag.py:540} INFO - Filling up the DagBag from /home/leoja/airflow/airflow_venv/lib/python3.12/site-packages/airflow/example_dags/example_branch_day_of_week_operator.py
[2025-06-01T00:29:20.319+0200] {processor.py:840} INFO - DAG(s) 'example_weekday_branch_operator' retrieved from /home/leoja/airflow/airflow_venv/lib/python3.12/site-packages/airflow/example_dags/example_branch_day_of_week_operator.py
[2025-06-01T00:29:20.332+0200] {logging_mixin.py:188} INFO - [2025-06-01T00:29:20.332+0200] {dag.py:3096} INFO - Sync 1 DAGs
[2025-06-01T00:29:20.346+0200] {logging_mixin.py:188} INFO - [2025-06-01T00:29:20.345+0200] {dag.py:3954} INFO - Setting next_dagrun for example_weekday_branch_operator to 2025-05-30 00:00:00+00:00, run_after=2025-05-31 00:00:00+00:00
[2025-06-01T00:29:20.367+0200] {processor.py:183} INFO - Processing /home/leoja/airflow/airflow_venv/lib/python3.12/site-packages/airflow/example_dags/example_branch_day_of_week_operator.py took 0.063 seconds
[2025-06-01T00:30:32.371+0200] {processor.py:161} INFO - Started process (PID=141456) to work on /home/leoja/airflow/airflow_venv/lib/python3.12/site-packages/airflow/example_dags/example_branch_day_of_week_operator.py
[2025-06-01T00:30:32.373+0200] {processor.py:830} INFO - Processing file /home/leoja/airflow/airflow_venv/lib/python3.12/site-packages/airflow/example_dags/example_branch_day_of_week_operator.py for tasks to queue
[2025-06-01T00:30:32.374+0200] {logging_mixin.py:188} INFO - [2025-06-01T00:30:32.374+0200] {dagbag.py:540} INFO - Filling up the DagBag from /home/leoja/airflow/airflow_venv/lib/python3.12/site-packages/airflow/example_dags/example_branch_day_of_week_operator.py
[2025-06-01T00:30:32.381+0200] {processor.py:840} INFO - DAG(s) 'example_weekday_branch_operator' retrieved from /home/leoja/airflow/airflow_venv/lib/python3.12/site-packages/airflow/example_dags/example_branch_day_of_week_operator.py
[2025-06-01T00:30:32.394+0200] {logging_mixin.py:188} INFO - [2025-06-01T00:30:32.394+0200] {dag.py:3096} INFO - Sync 1 DAGs
[2025-06-01T00:30:32.408+0200] {logging_mixin.py:188} INFO - [2025-06-01T00:30:32.408+0200] {dag.py:3954} INFO - Setting next_dagrun for example_weekday_branch_operator to 2025-05-30 00:00:00+00:00, run_after=2025-05-31 00:00:00+00:00
[2025-06-01T00:30:32.428+0200] {processor.py:183} INFO - Processing /home/leoja/airflow/airflow_venv/lib/python3.12/site-packages/airflow/example_dags/example_branch_day_of_week_operator.py took 0.062 seconds
[2025-06-01T00:31:48.187+0200] {processor.py:161} INFO - Started process (PID=141710) to work on /home/leoja/airflow/airflow_venv/lib/python3.12/site-packages/airflow/example_dags/example_branch_day_of_week_operator.py
[2025-06-01T00:31:48.188+0200] {processor.py:830} INFO - Processing file /home/leoja/airflow/airflow_venv/lib/python3.12/site-packages/airflow/example_dags/example_branch_day_of_week_operator.py for tasks to queue
[2025-06-01T00:31:48.189+0200] {logging_mixin.py:188} INFO - [2025-06-01T00:31:48.188+0200] {dagbag.py:540} INFO - Filling up the DagBag from /home/leoja/airflow/airflow_venv/lib/python3.12/site-packages/airflow/example_dags/example_branch_day_of_week_operator.py
[2025-06-01T00:31:48.195+0200] {processor.py:840} INFO - DAG(s) 'example_weekday_branch_operator' retrieved from /home/leoja/airflow/airflow_venv/lib/python3.12/site-packages/airflow/example_dags/example_branch_day_of_week_operator.py
[2025-06-01T00:31:48.208+0200] {logging_mixin.py:188} INFO - [2025-06-01T00:31:48.208+0200] {dag.py:3096} INFO - Sync 1 DAGs
[2025-06-01T00:31:48.224+0200] {logging_mixin.py:188} INFO - [2025-06-01T00:31:48.224+0200] {dag.py:3954} INFO - Setting next_dagrun for example_weekday_branch_operator to 2025-05-30 00:00:00+00:00, run_after=2025-05-31 00:00:00+00:00
[2025-06-01T00:31:48.251+0200] {processor.py:183} INFO - Processing /home/leoja/airflow/airflow_venv/lib/python3.12/site-packages/airflow/example_dags/example_branch_day_of_week_operator.py took 0.070 seconds
[2025-06-01T00:32:59.678+0200] {processor.py:161} INFO - Started process (PID=141963) to work on /home/leoja/airflow/airflow_venv/lib/python3.12/site-packages/airflow/example_dags/example_branch_day_of_week_operator.py
[2025-06-01T00:32:59.680+0200] {processor.py:830} INFO - Processing file /home/leoja/airflow/airflow_venv/lib/python3.12/site-packages/airflow/example_dags/example_branch_day_of_week_operator.py for tasks to queue
[2025-06-01T00:32:59.680+0200] {logging_mixin.py:188} INFO - [2025-06-01T00:32:59.680+0200] {dagbag.py:540} INFO - Filling up the DagBag from /home/leoja/airflow/airflow_venv/lib/python3.12/site-packages/airflow/example_dags/example_branch_day_of_week_operator.py
[2025-06-01T00:32:59.688+0200] {processor.py:840} INFO - DAG(s) 'example_weekday_branch_operator' retrieved from /home/leoja/airflow/airflow_venv/lib/python3.12/site-packages/airflow/example_dags/example_branch_day_of_week_operator.py
[2025-06-01T00:32:59.704+0200] {logging_mixin.py:188} INFO - [2025-06-01T00:32:59.703+0200] {dag.py:3096} INFO - Sync 1 DAGs
[2025-06-01T00:32:59.719+0200] {logging_mixin.py:188} INFO - [2025-06-01T00:32:59.719+0200] {dag.py:3954} INFO - Setting next_dagrun for example_weekday_branch_operator to 2025-05-30 00:00:00+00:00, run_after=2025-05-31 00:00:00+00:00
[2025-06-01T00:32:59.740+0200] {processor.py:183} INFO - Processing /home/leoja/airflow/airflow_venv/lib/python3.12/site-packages/airflow/example_dags/example_branch_day_of_week_operator.py took 0.068 seconds
[2025-06-01T00:34:12.851+0200] {processor.py:161} INFO - Started process (PID=142244) to work on /home/leoja/airflow/airflow_venv/lib/python3.12/site-packages/airflow/example_dags/example_branch_day_of_week_operator.py
[2025-06-01T00:34:12.852+0200] {processor.py:830} INFO - Processing file /home/leoja/airflow/airflow_venv/lib/python3.12/site-packages/airflow/example_dags/example_branch_day_of_week_operator.py for tasks to queue
[2025-06-01T00:34:12.853+0200] {logging_mixin.py:188} INFO - [2025-06-01T00:34:12.853+0200] {dagbag.py:540} INFO - Filling up the DagBag from /home/leoja/airflow/airflow_venv/lib/python3.12/site-packages/airflow/example_dags/example_branch_day_of_week_operator.py
[2025-06-01T00:34:12.859+0200] {processor.py:840} INFO - DAG(s) 'example_weekday_branch_operator' retrieved from /home/leoja/airflow/airflow_venv/lib/python3.12/site-packages/airflow/example_dags/example_branch_day_of_week_operator.py
[2025-06-01T00:34:12.872+0200] {logging_mixin.py:188} INFO - [2025-06-01T00:34:12.871+0200] {dag.py:3096} INFO - Sync 1 DAGs
[2025-06-01T00:34:12.888+0200] {logging_mixin.py:188} INFO - [2025-06-01T00:34:12.888+0200] {dag.py:3954} INFO - Setting next_dagrun for example_weekday_branch_operator to 2025-05-30 00:00:00+00:00, run_after=2025-05-31 00:00:00+00:00
[2025-06-01T00:34:12.909+0200] {processor.py:183} INFO - Processing /home/leoja/airflow/airflow_venv/lib/python3.12/site-packages/airflow/example_dags/example_branch_day_of_week_operator.py took 0.063 seconds
[2025-06-01T00:35:26.272+0200] {processor.py:161} INFO - Started process (PID=142504) to work on /home/leoja/airflow/airflow_venv/lib/python3.12/site-packages/airflow/example_dags/example_branch_day_of_week_operator.py
[2025-06-01T00:35:26.273+0200] {processor.py:830} INFO - Processing file /home/leoja/airflow/airflow_venv/lib/python3.12/site-packages/airflow/example_dags/example_branch_day_of_week_operator.py for tasks to queue
[2025-06-01T00:35:26.274+0200] {logging_mixin.py:188} INFO - [2025-06-01T00:35:26.274+0200] {dagbag.py:540} INFO - Filling up the DagBag from /home/leoja/airflow/airflow_venv/lib/python3.12/site-packages/airflow/example_dags/example_branch_day_of_week_operator.py
[2025-06-01T00:35:26.280+0200] {processor.py:840} INFO - DAG(s) 'example_weekday_branch_operator' retrieved from /home/leoja/airflow/airflow_venv/lib/python3.12/site-packages/airflow/example_dags/example_branch_day_of_week_operator.py
[2025-06-01T00:35:26.292+0200] {logging_mixin.py:188} INFO - [2025-06-01T00:35:26.292+0200] {dag.py:3096} INFO - Sync 1 DAGs
[2025-06-01T00:35:26.305+0200] {logging_mixin.py:188} INFO - [2025-06-01T00:35:26.305+0200] {dag.py:3954} INFO - Setting next_dagrun for example_weekday_branch_operator to 2025-05-30 00:00:00+00:00, run_after=2025-05-31 00:00:00+00:00
[2025-06-01T00:35:26.329+0200] {processor.py:183} INFO - Processing /home/leoja/airflow/airflow_venv/lib/python3.12/site-packages/airflow/example_dags/example_branch_day_of_week_operator.py took 0.062 seconds
[2025-06-01T00:36:37.173+0200] {processor.py:161} INFO - Started process (PID=142756) to work on /home/leoja/airflow/airflow_venv/lib/python3.12/site-packages/airflow/example_dags/example_branch_day_of_week_operator.py
[2025-06-01T00:36:37.175+0200] {processor.py:830} INFO - Processing file /home/leoja/airflow/airflow_venv/lib/python3.12/site-packages/airflow/example_dags/example_branch_day_of_week_operator.py for tasks to queue
[2025-06-01T00:36:37.176+0200] {logging_mixin.py:188} INFO - [2025-06-01T00:36:37.176+0200] {dagbag.py:540} INFO - Filling up the DagBag from /home/leoja/airflow/airflow_venv/lib/python3.12/site-packages/airflow/example_dags/example_branch_day_of_week_operator.py
[2025-06-01T00:36:37.185+0200] {processor.py:840} INFO - DAG(s) 'example_weekday_branch_operator' retrieved from /home/leoja/airflow/airflow_venv/lib/python3.12/site-packages/airflow/example_dags/example_branch_day_of_week_operator.py
[2025-06-01T00:36:37.206+0200] {logging_mixin.py:188} INFO - [2025-06-01T00:36:37.206+0200] {dag.py:3096} INFO - Sync 1 DAGs
[2025-06-01T00:36:37.235+0200] {logging_mixin.py:188} INFO - [2025-06-01T00:36:37.234+0200] {dag.py:3954} INFO - Setting next_dagrun for example_weekday_branch_operator to 2025-05-30 00:00:00+00:00, run_after=2025-05-31 00:00:00+00:00
[2025-06-01T00:36:37.270+0200] {processor.py:183} INFO - Processing /home/leoja/airflow/airflow_venv/lib/python3.12/site-packages/airflow/example_dags/example_branch_day_of_week_operator.py took 0.113 seconds
[2025-06-01T00:37:49.068+0200] {processor.py:161} INFO - Started process (PID=143011) to work on /home/leoja/airflow/airflow_venv/lib/python3.12/site-packages/airflow/example_dags/example_branch_day_of_week_operator.py
[2025-06-01T00:37:49.070+0200] {processor.py:830} INFO - Processing file /home/leoja/airflow/airflow_venv/lib/python3.12/site-packages/airflow/example_dags/example_branch_day_of_week_operator.py for tasks to queue
[2025-06-01T00:37:49.071+0200] {logging_mixin.py:188} INFO - [2025-06-01T00:37:49.070+0200] {dagbag.py:540} INFO - Filling up the DagBag from /home/leoja/airflow/airflow_venv/lib/python3.12/site-packages/airflow/example_dags/example_branch_day_of_week_operator.py
[2025-06-01T00:37:49.078+0200] {processor.py:840} INFO - DAG(s) 'example_weekday_branch_operator' retrieved from /home/leoja/airflow/airflow_venv/lib/python3.12/site-packages/airflow/example_dags/example_branch_day_of_week_operator.py
[2025-06-01T00:37:49.092+0200] {logging_mixin.py:188} INFO - [2025-06-01T00:37:49.092+0200] {dag.py:3096} INFO - Sync 1 DAGs
[2025-06-01T00:37:49.106+0200] {logging_mixin.py:188} INFO - [2025-06-01T00:37:49.106+0200] {dag.py:3954} INFO - Setting next_dagrun for example_weekday_branch_operator to 2025-05-30 00:00:00+00:00, run_after=2025-05-31 00:00:00+00:00
[2025-06-01T00:37:49.136+0200] {processor.py:183} INFO - Processing /home/leoja/airflow/airflow_venv/lib/python3.12/site-packages/airflow/example_dags/example_branch_day_of_week_operator.py took 0.073 seconds
[2025-06-01T00:38:55.910+0200] {processor.py:161} INFO - Started process (PID=143257) to work on /home/leoja/airflow/airflow_venv/lib/python3.12/site-packages/airflow/example_dags/example_branch_day_of_week_operator.py
[2025-06-01T00:38:55.912+0200] {processor.py:830} INFO - Processing file /home/leoja/airflow/airflow_venv/lib/python3.12/site-packages/airflow/example_dags/example_branch_day_of_week_operator.py for tasks to queue
[2025-06-01T00:38:55.913+0200] {logging_mixin.py:188} INFO - [2025-06-01T00:38:55.913+0200] {dagbag.py:540} INFO - Filling up the DagBag from /home/leoja/airflow/airflow_venv/lib/python3.12/site-packages/airflow/example_dags/example_branch_day_of_week_operator.py
[2025-06-01T00:38:55.922+0200] {processor.py:840} INFO - DAG(s) 'example_weekday_branch_operator' retrieved from /home/leoja/airflow/airflow_venv/lib/python3.12/site-packages/airflow/example_dags/example_branch_day_of_week_operator.py
[2025-06-01T00:38:55.935+0200] {logging_mixin.py:188} INFO - [2025-06-01T00:38:55.935+0200] {dag.py:3096} INFO - Sync 1 DAGs
[2025-06-01T00:38:55.949+0200] {logging_mixin.py:188} INFO - [2025-06-01T00:38:55.949+0200] {dag.py:3954} INFO - Setting next_dagrun for example_weekday_branch_operator to 2025-05-30 00:00:00+00:00, run_after=2025-05-31 00:00:00+00:00
[2025-06-01T00:38:55.973+0200] {processor.py:183} INFO - Processing /home/leoja/airflow/airflow_venv/lib/python3.12/site-packages/airflow/example_dags/example_branch_day_of_week_operator.py took 0.069 seconds
[2025-06-01T00:40:05.789+0200] {processor.py:161} INFO - Started process (PID=143511) to work on /home/leoja/airflow/airflow_venv/lib/python3.12/site-packages/airflow/example_dags/example_branch_day_of_week_operator.py
[2025-06-01T00:40:05.791+0200] {processor.py:830} INFO - Processing file /home/leoja/airflow/airflow_venv/lib/python3.12/site-packages/airflow/example_dags/example_branch_day_of_week_operator.py for tasks to queue
[2025-06-01T00:40:05.792+0200] {logging_mixin.py:188} INFO - [2025-06-01T00:40:05.791+0200] {dagbag.py:540} INFO - Filling up the DagBag from /home/leoja/airflow/airflow_venv/lib/python3.12/site-packages/airflow/example_dags/example_branch_day_of_week_operator.py
[2025-06-01T00:40:05.798+0200] {processor.py:840} INFO - DAG(s) 'example_weekday_branch_operator' retrieved from /home/leoja/airflow/airflow_venv/lib/python3.12/site-packages/airflow/example_dags/example_branch_day_of_week_operator.py
[2025-06-01T00:40:05.810+0200] {logging_mixin.py:188} INFO - [2025-06-01T00:40:05.810+0200] {dag.py:3096} INFO - Sync 1 DAGs
[2025-06-01T00:40:05.823+0200] {logging_mixin.py:188} INFO - [2025-06-01T00:40:05.822+0200] {dag.py:3954} INFO - Setting next_dagrun for example_weekday_branch_operator to 2025-05-30 00:00:00+00:00, run_after=2025-05-31 00:00:00+00:00
[2025-06-01T00:40:05.843+0200] {processor.py:183} INFO - Processing /home/leoja/airflow/airflow_venv/lib/python3.12/site-packages/airflow/example_dags/example_branch_day_of_week_operator.py took 0.059 seconds
[2025-06-01T00:41:24.118+0200] {processor.py:161} INFO - Started process (PID=143772) to work on /home/leoja/airflow/airflow_venv/lib/python3.12/site-packages/airflow/example_dags/example_branch_day_of_week_operator.py
[2025-06-01T00:41:24.119+0200] {processor.py:830} INFO - Processing file /home/leoja/airflow/airflow_venv/lib/python3.12/site-packages/airflow/example_dags/example_branch_day_of_week_operator.py for tasks to queue
[2025-06-01T00:41:24.129+0200] {logging_mixin.py:188} INFO - [2025-06-01T00:41:24.120+0200] {dagbag.py:540} INFO - Filling up the DagBag from /home/leoja/airflow/airflow_venv/lib/python3.12/site-packages/airflow/example_dags/example_branch_day_of_week_operator.py
[2025-06-01T00:41:24.147+0200] {processor.py:840} INFO - DAG(s) 'example_weekday_branch_operator' retrieved from /home/leoja/airflow/airflow_venv/lib/python3.12/site-packages/airflow/example_dags/example_branch_day_of_week_operator.py
[2025-06-01T00:41:24.229+0200] {logging_mixin.py:188} INFO - [2025-06-01T00:41:24.229+0200] {dag.py:3096} INFO - Sync 1 DAGs
[2025-06-01T00:41:24.254+0200] {logging_mixin.py:188} INFO - [2025-06-01T00:41:24.253+0200] {dag.py:3954} INFO - Setting next_dagrun for example_weekday_branch_operator to 2025-05-30 00:00:00+00:00, run_after=2025-05-31 00:00:00+00:00
[2025-06-01T00:41:24.282+0200] {processor.py:183} INFO - Processing /home/leoja/airflow/airflow_venv/lib/python3.12/site-packages/airflow/example_dags/example_branch_day_of_week_operator.py took 0.170 seconds
[2025-06-01T00:42:40.316+0200] {processor.py:161} INFO - Started process (PID=144056) to work on /home/leoja/airflow/airflow_venv/lib/python3.12/site-packages/airflow/example_dags/example_branch_day_of_week_operator.py
[2025-06-01T00:42:40.317+0200] {processor.py:830} INFO - Processing file /home/leoja/airflow/airflow_venv/lib/python3.12/site-packages/airflow/example_dags/example_branch_day_of_week_operator.py for tasks to queue
[2025-06-01T00:42:40.318+0200] {logging_mixin.py:188} INFO - [2025-06-01T00:42:40.318+0200] {dagbag.py:540} INFO - Filling up the DagBag from /home/leoja/airflow/airflow_venv/lib/python3.12/site-packages/airflow/example_dags/example_branch_day_of_week_operator.py
[2025-06-01T00:42:40.325+0200] {processor.py:840} INFO - DAG(s) 'example_weekday_branch_operator' retrieved from /home/leoja/airflow/airflow_venv/lib/python3.12/site-packages/airflow/example_dags/example_branch_day_of_week_operator.py
[2025-06-01T00:42:40.340+0200] {logging_mixin.py:188} INFO - [2025-06-01T00:42:40.339+0200] {dag.py:3096} INFO - Sync 1 DAGs
[2025-06-01T00:42:40.355+0200] {logging_mixin.py:188} INFO - [2025-06-01T00:42:40.354+0200] {dag.py:3954} INFO - Setting next_dagrun for example_weekday_branch_operator to 2025-05-30 00:00:00+00:00, run_after=2025-05-31 00:00:00+00:00
[2025-06-01T00:42:40.377+0200] {processor.py:183} INFO - Processing /home/leoja/airflow/airflow_venv/lib/python3.12/site-packages/airflow/example_dags/example_branch_day_of_week_operator.py took 0.066 seconds
[2025-06-01T00:43:51.705+0200] {processor.py:161} INFO - Started process (PID=144305) to work on /home/leoja/airflow/airflow_venv/lib/python3.12/site-packages/airflow/example_dags/example_branch_day_of_week_operator.py
[2025-06-01T00:43:51.706+0200] {processor.py:830} INFO - Processing file /home/leoja/airflow/airflow_venv/lib/python3.12/site-packages/airflow/example_dags/example_branch_day_of_week_operator.py for tasks to queue
[2025-06-01T00:43:51.707+0200] {logging_mixin.py:188} INFO - [2025-06-01T00:43:51.707+0200] {dagbag.py:540} INFO - Filling up the DagBag from /home/leoja/airflow/airflow_venv/lib/python3.12/site-packages/airflow/example_dags/example_branch_day_of_week_operator.py
[2025-06-01T00:43:51.716+0200] {processor.py:840} INFO - DAG(s) 'example_weekday_branch_operator' retrieved from /home/leoja/airflow/airflow_venv/lib/python3.12/site-packages/airflow/example_dags/example_branch_day_of_week_operator.py
[2025-06-01T00:43:51.732+0200] {logging_mixin.py:188} INFO - [2025-06-01T00:43:51.732+0200] {dag.py:3096} INFO - Sync 1 DAGs
[2025-06-01T00:43:51.747+0200] {logging_mixin.py:188} INFO - [2025-06-01T00:43:51.747+0200] {dag.py:3954} INFO - Setting next_dagrun for example_weekday_branch_operator to 2025-05-30 00:00:00+00:00, run_after=2025-05-31 00:00:00+00:00
[2025-06-01T00:43:51.773+0200] {processor.py:183} INFO - Processing /home/leoja/airflow/airflow_venv/lib/python3.12/site-packages/airflow/example_dags/example_branch_day_of_week_operator.py took 0.074 seconds
[2025-06-01T00:45:08.105+0200] {processor.py:161} INFO - Started process (PID=144587) to work on /home/leoja/airflow/airflow_venv/lib/python3.12/site-packages/airflow/example_dags/example_branch_day_of_week_operator.py
[2025-06-01T00:45:08.107+0200] {processor.py:830} INFO - Processing file /home/leoja/airflow/airflow_venv/lib/python3.12/site-packages/airflow/example_dags/example_branch_day_of_week_operator.py for tasks to queue
[2025-06-01T00:45:08.108+0200] {logging_mixin.py:188} INFO - [2025-06-01T00:45:08.107+0200] {dagbag.py:540} INFO - Filling up the DagBag from /home/leoja/airflow/airflow_venv/lib/python3.12/site-packages/airflow/example_dags/example_branch_day_of_week_operator.py
[2025-06-01T00:45:08.115+0200] {processor.py:840} INFO - DAG(s) 'example_weekday_branch_operator' retrieved from /home/leoja/airflow/airflow_venv/lib/python3.12/site-packages/airflow/example_dags/example_branch_day_of_week_operator.py
[2025-06-01T00:45:08.129+0200] {logging_mixin.py:188} INFO - [2025-06-01T00:45:08.129+0200] {dag.py:3096} INFO - Sync 1 DAGs
[2025-06-01T00:45:08.145+0200] {logging_mixin.py:188} INFO - [2025-06-01T00:45:08.145+0200] {dag.py:3954} INFO - Setting next_dagrun for example_weekday_branch_operator to 2025-05-30 00:00:00+00:00, run_after=2025-05-31 00:00:00+00:00
[2025-06-01T00:45:08.167+0200] {processor.py:183} INFO - Processing /home/leoja/airflow/airflow_venv/lib/python3.12/site-packages/airflow/example_dags/example_branch_day_of_week_operator.py took 0.068 seconds
[2025-06-01T00:46:22.723+0200] {processor.py:161} INFO - Started process (PID=144841) to work on /home/leoja/airflow/airflow_venv/lib/python3.12/site-packages/airflow/example_dags/example_branch_day_of_week_operator.py
[2025-06-01T00:46:22.725+0200] {processor.py:830} INFO - Processing file /home/leoja/airflow/airflow_venv/lib/python3.12/site-packages/airflow/example_dags/example_branch_day_of_week_operator.py for tasks to queue
[2025-06-01T00:46:22.726+0200] {logging_mixin.py:188} INFO - [2025-06-01T00:46:22.725+0200] {dagbag.py:540} INFO - Filling up the DagBag from /home/leoja/airflow/airflow_venv/lib/python3.12/site-packages/airflow/example_dags/example_branch_day_of_week_operator.py
[2025-06-01T00:46:22.732+0200] {processor.py:840} INFO - DAG(s) 'example_weekday_branch_operator' retrieved from /home/leoja/airflow/airflow_venv/lib/python3.12/site-packages/airflow/example_dags/example_branch_day_of_week_operator.py
[2025-06-01T00:46:22.745+0200] {logging_mixin.py:188} INFO - [2025-06-01T00:46:22.745+0200] {dag.py:3096} INFO - Sync 1 DAGs
[2025-06-01T00:46:22.758+0200] {logging_mixin.py:188} INFO - [2025-06-01T00:46:22.757+0200] {dag.py:3954} INFO - Setting next_dagrun for example_weekday_branch_operator to 2025-05-30 00:00:00+00:00, run_after=2025-05-31 00:00:00+00:00
[2025-06-01T00:46:22.779+0200] {processor.py:183} INFO - Processing /home/leoja/airflow/airflow_venv/lib/python3.12/site-packages/airflow/example_dags/example_branch_day_of_week_operator.py took 0.063 seconds
[2025-06-01T00:47:34.904+0200] {processor.py:161} INFO - Started process (PID=145097) to work on /home/leoja/airflow/airflow_venv/lib/python3.12/site-packages/airflow/example_dags/example_branch_day_of_week_operator.py
[2025-06-01T00:47:34.905+0200] {processor.py:830} INFO - Processing file /home/leoja/airflow/airflow_venv/lib/python3.12/site-packages/airflow/example_dags/example_branch_day_of_week_operator.py for tasks to queue
[2025-06-01T00:47:34.905+0200] {logging_mixin.py:188} INFO - [2025-06-01T00:47:34.905+0200] {dagbag.py:540} INFO - Filling up the DagBag from /home/leoja/airflow/airflow_venv/lib/python3.12/site-packages/airflow/example_dags/example_branch_day_of_week_operator.py
[2025-06-01T00:47:34.911+0200] {processor.py:840} INFO - DAG(s) 'example_weekday_branch_operator' retrieved from /home/leoja/airflow/airflow_venv/lib/python3.12/site-packages/airflow/example_dags/example_branch_day_of_week_operator.py
[2025-06-01T00:47:34.925+0200] {logging_mixin.py:188} INFO - [2025-06-01T00:47:34.925+0200] {dag.py:3096} INFO - Sync 1 DAGs
[2025-06-01T00:47:34.938+0200] {logging_mixin.py:188} INFO - [2025-06-01T00:47:34.938+0200] {dag.py:3954} INFO - Setting next_dagrun for example_weekday_branch_operator to 2025-05-30 00:00:00+00:00, run_after=2025-05-31 00:00:00+00:00
[2025-06-01T00:47:34.956+0200] {processor.py:183} INFO - Processing /home/leoja/airflow/airflow_venv/lib/python3.12/site-packages/airflow/example_dags/example_branch_day_of_week_operator.py took 0.058 seconds
[2025-06-01T00:48:47.061+0200] {processor.py:161} INFO - Started process (PID=145370) to work on /home/leoja/airflow/airflow_venv/lib/python3.12/site-packages/airflow/example_dags/example_branch_day_of_week_operator.py
[2025-06-01T00:48:47.062+0200] {processor.py:830} INFO - Processing file /home/leoja/airflow/airflow_venv/lib/python3.12/site-packages/airflow/example_dags/example_branch_day_of_week_operator.py for tasks to queue
[2025-06-01T00:48:47.063+0200] {logging_mixin.py:188} INFO - [2025-06-01T00:48:47.063+0200] {dagbag.py:540} INFO - Filling up the DagBag from /home/leoja/airflow/airflow_venv/lib/python3.12/site-packages/airflow/example_dags/example_branch_day_of_week_operator.py
[2025-06-01T00:48:47.070+0200] {processor.py:840} INFO - DAG(s) 'example_weekday_branch_operator' retrieved from /home/leoja/airflow/airflow_venv/lib/python3.12/site-packages/airflow/example_dags/example_branch_day_of_week_operator.py
[2025-06-01T00:48:47.083+0200] {logging_mixin.py:188} INFO - [2025-06-01T00:48:47.083+0200] {dag.py:3096} INFO - Sync 1 DAGs
[2025-06-01T00:48:47.100+0200] {logging_mixin.py:188} INFO - [2025-06-01T00:48:47.099+0200] {dag.py:3954} INFO - Setting next_dagrun for example_weekday_branch_operator to 2025-05-30 00:00:00+00:00, run_after=2025-05-31 00:00:00+00:00
[2025-06-01T00:48:47.121+0200] {processor.py:183} INFO - Processing /home/leoja/airflow/airflow_venv/lib/python3.12/site-packages/airflow/example_dags/example_branch_day_of_week_operator.py took 0.068 seconds
[2025-06-01T00:50:02.133+0200] {processor.py:161} INFO - Started process (PID=145629) to work on /home/leoja/airflow/airflow_venv/lib/python3.12/site-packages/airflow/example_dags/example_branch_day_of_week_operator.py
[2025-06-01T00:50:02.134+0200] {processor.py:830} INFO - Processing file /home/leoja/airflow/airflow_venv/lib/python3.12/site-packages/airflow/example_dags/example_branch_day_of_week_operator.py for tasks to queue
[2025-06-01T00:50:02.135+0200] {logging_mixin.py:188} INFO - [2025-06-01T00:50:02.135+0200] {dagbag.py:540} INFO - Filling up the DagBag from /home/leoja/airflow/airflow_venv/lib/python3.12/site-packages/airflow/example_dags/example_branch_day_of_week_operator.py
[2025-06-01T00:50:02.141+0200] {processor.py:840} INFO - DAG(s) 'example_weekday_branch_operator' retrieved from /home/leoja/airflow/airflow_venv/lib/python3.12/site-packages/airflow/example_dags/example_branch_day_of_week_operator.py
[2025-06-01T00:50:02.153+0200] {logging_mixin.py:188} INFO - [2025-06-01T00:50:02.152+0200] {dag.py:3096} INFO - Sync 1 DAGs
[2025-06-01T00:50:02.168+0200] {logging_mixin.py:188} INFO - [2025-06-01T00:50:02.167+0200] {dag.py:3954} INFO - Setting next_dagrun for example_weekday_branch_operator to 2025-05-30 00:00:00+00:00, run_after=2025-05-31 00:00:00+00:00
[2025-06-01T00:50:02.190+0200] {processor.py:183} INFO - Processing /home/leoja/airflow/airflow_venv/lib/python3.12/site-packages/airflow/example_dags/example_branch_day_of_week_operator.py took 0.067 seconds
[2025-06-01T00:51:15.612+0200] {processor.py:161} INFO - Started process (PID=145893) to work on /home/leoja/airflow/airflow_venv/lib/python3.12/site-packages/airflow/example_dags/example_branch_day_of_week_operator.py
[2025-06-01T00:51:15.614+0200] {processor.py:830} INFO - Processing file /home/leoja/airflow/airflow_venv/lib/python3.12/site-packages/airflow/example_dags/example_branch_day_of_week_operator.py for tasks to queue
[2025-06-01T00:51:15.615+0200] {logging_mixin.py:188} INFO - [2025-06-01T00:51:15.614+0200] {dagbag.py:540} INFO - Filling up the DagBag from /home/leoja/airflow/airflow_venv/lib/python3.12/site-packages/airflow/example_dags/example_branch_day_of_week_operator.py
[2025-06-01T00:51:15.622+0200] {processor.py:840} INFO - DAG(s) 'example_weekday_branch_operator' retrieved from /home/leoja/airflow/airflow_venv/lib/python3.12/site-packages/airflow/example_dags/example_branch_day_of_week_operator.py
[2025-06-01T00:51:15.638+0200] {logging_mixin.py:188} INFO - [2025-06-01T00:51:15.638+0200] {dag.py:3096} INFO - Sync 1 DAGs
[2025-06-01T00:51:15.657+0200] {logging_mixin.py:188} INFO - [2025-06-01T00:51:15.656+0200] {dag.py:3954} INFO - Setting next_dagrun for example_weekday_branch_operator to 2025-05-30 00:00:00+00:00, run_after=2025-05-31 00:00:00+00:00
[2025-06-01T00:51:15.681+0200] {processor.py:183} INFO - Processing /home/leoja/airflow/airflow_venv/lib/python3.12/site-packages/airflow/example_dags/example_branch_day_of_week_operator.py took 0.075 seconds
[2025-06-01T00:52:28.884+0200] {processor.py:161} INFO - Started process (PID=146177) to work on /home/leoja/airflow/airflow_venv/lib/python3.12/site-packages/airflow/example_dags/example_branch_day_of_week_operator.py
[2025-06-01T00:52:28.886+0200] {processor.py:830} INFO - Processing file /home/leoja/airflow/airflow_venv/lib/python3.12/site-packages/airflow/example_dags/example_branch_day_of_week_operator.py for tasks to queue
[2025-06-01T00:52:28.887+0200] {logging_mixin.py:188} INFO - [2025-06-01T00:52:28.887+0200] {dagbag.py:540} INFO - Filling up the DagBag from /home/leoja/airflow/airflow_venv/lib/python3.12/site-packages/airflow/example_dags/example_branch_day_of_week_operator.py
[2025-06-01T00:52:28.894+0200] {processor.py:840} INFO - DAG(s) 'example_weekday_branch_operator' retrieved from /home/leoja/airflow/airflow_venv/lib/python3.12/site-packages/airflow/example_dags/example_branch_day_of_week_operator.py
[2025-06-01T00:52:28.908+0200] {logging_mixin.py:188} INFO - [2025-06-01T00:52:28.907+0200] {dag.py:3096} INFO - Sync 1 DAGs
[2025-06-01T00:52:28.922+0200] {logging_mixin.py:188} INFO - [2025-06-01T00:52:28.922+0200] {dag.py:3954} INFO - Setting next_dagrun for example_weekday_branch_operator to 2025-05-30 00:00:00+00:00, run_after=2025-05-31 00:00:00+00:00
[2025-06-01T00:52:28.942+0200] {processor.py:183} INFO - Processing /home/leoja/airflow/airflow_venv/lib/python3.12/site-packages/airflow/example_dags/example_branch_day_of_week_operator.py took 0.067 seconds
[2025-06-01T00:53:43.596+0200] {processor.py:161} INFO - Started process (PID=146428) to work on /home/leoja/airflow/airflow_venv/lib/python3.12/site-packages/airflow/example_dags/example_branch_day_of_week_operator.py
[2025-06-01T00:53:43.597+0200] {processor.py:830} INFO - Processing file /home/leoja/airflow/airflow_venv/lib/python3.12/site-packages/airflow/example_dags/example_branch_day_of_week_operator.py for tasks to queue
[2025-06-01T00:53:43.598+0200] {logging_mixin.py:188} INFO - [2025-06-01T00:53:43.598+0200] {dagbag.py:540} INFO - Filling up the DagBag from /home/leoja/airflow/airflow_venv/lib/python3.12/site-packages/airflow/example_dags/example_branch_day_of_week_operator.py
[2025-06-01T00:53:43.606+0200] {processor.py:840} INFO - DAG(s) 'example_weekday_branch_operator' retrieved from /home/leoja/airflow/airflow_venv/lib/python3.12/site-packages/airflow/example_dags/example_branch_day_of_week_operator.py
[2025-06-01T00:53:43.618+0200] {logging_mixin.py:188} INFO - [2025-06-01T00:53:43.618+0200] {dag.py:3096} INFO - Sync 1 DAGs
[2025-06-01T00:53:43.632+0200] {logging_mixin.py:188} INFO - [2025-06-01T00:53:43.632+0200] {dag.py:3954} INFO - Setting next_dagrun for example_weekday_branch_operator to 2025-05-30 00:00:00+00:00, run_after=2025-05-31 00:00:00+00:00
[2025-06-01T00:53:43.655+0200] {processor.py:183} INFO - Processing /home/leoja/airflow/airflow_venv/lib/python3.12/site-packages/airflow/example_dags/example_branch_day_of_week_operator.py took 0.066 seconds
[2025-06-01T00:54:50.988+0200] {processor.py:161} INFO - Started process (PID=146680) to work on /home/leoja/airflow/airflow_venv/lib/python3.12/site-packages/airflow/example_dags/example_branch_day_of_week_operator.py
[2025-06-01T00:54:50.990+0200] {processor.py:830} INFO - Processing file /home/leoja/airflow/airflow_venv/lib/python3.12/site-packages/airflow/example_dags/example_branch_day_of_week_operator.py for tasks to queue
[2025-06-01T00:54:50.990+0200] {logging_mixin.py:188} INFO - [2025-06-01T00:54:50.990+0200] {dagbag.py:540} INFO - Filling up the DagBag from /home/leoja/airflow/airflow_venv/lib/python3.12/site-packages/airflow/example_dags/example_branch_day_of_week_operator.py
[2025-06-01T00:54:50.998+0200] {processor.py:840} INFO - DAG(s) 'example_weekday_branch_operator' retrieved from /home/leoja/airflow/airflow_venv/lib/python3.12/site-packages/airflow/example_dags/example_branch_day_of_week_operator.py
[2025-06-01T00:54:51.011+0200] {logging_mixin.py:188} INFO - [2025-06-01T00:54:51.010+0200] {dag.py:3096} INFO - Sync 1 DAGs
[2025-06-01T00:54:51.025+0200] {logging_mixin.py:188} INFO - [2025-06-01T00:54:51.025+0200] {dag.py:3954} INFO - Setting next_dagrun for example_weekday_branch_operator to 2025-05-30 00:00:00+00:00, run_after=2025-05-31 00:00:00+00:00
[2025-06-01T00:54:51.051+0200] {processor.py:183} INFO - Processing /home/leoja/airflow/airflow_venv/lib/python3.12/site-packages/airflow/example_dags/example_branch_day_of_week_operator.py took 0.069 seconds
[2025-06-01T00:56:01.450+0200] {processor.py:161} INFO - Started process (PID=146930) to work on /home/leoja/airflow/airflow_venv/lib/python3.12/site-packages/airflow/example_dags/example_branch_day_of_week_operator.py
[2025-06-01T00:56:01.452+0200] {processor.py:830} INFO - Processing file /home/leoja/airflow/airflow_venv/lib/python3.12/site-packages/airflow/example_dags/example_branch_day_of_week_operator.py for tasks to queue
[2025-06-01T00:56:01.453+0200] {logging_mixin.py:188} INFO - [2025-06-01T00:56:01.453+0200] {dagbag.py:540} INFO - Filling up the DagBag from /home/leoja/airflow/airflow_venv/lib/python3.12/site-packages/airflow/example_dags/example_branch_day_of_week_operator.py
[2025-06-01T00:56:01.460+0200] {processor.py:840} INFO - DAG(s) 'example_weekday_branch_operator' retrieved from /home/leoja/airflow/airflow_venv/lib/python3.12/site-packages/airflow/example_dags/example_branch_day_of_week_operator.py
[2025-06-01T00:56:01.474+0200] {logging_mixin.py:188} INFO - [2025-06-01T00:56:01.473+0200] {dag.py:3096} INFO - Sync 1 DAGs
[2025-06-01T00:56:01.490+0200] {logging_mixin.py:188} INFO - [2025-06-01T00:56:01.490+0200] {dag.py:3954} INFO - Setting next_dagrun for example_weekday_branch_operator to 2025-05-30 00:00:00+00:00, run_after=2025-05-31 00:00:00+00:00
[2025-06-01T00:56:01.510+0200] {processor.py:183} INFO - Processing /home/leoja/airflow/airflow_venv/lib/python3.12/site-packages/airflow/example_dags/example_branch_day_of_week_operator.py took 0.066 seconds
[2025-06-01T00:57:12.741+0200] {processor.py:161} INFO - Started process (PID=147185) to work on /home/leoja/airflow/airflow_venv/lib/python3.12/site-packages/airflow/example_dags/example_branch_day_of_week_operator.py
[2025-06-01T00:57:12.743+0200] {processor.py:830} INFO - Processing file /home/leoja/airflow/airflow_venv/lib/python3.12/site-packages/airflow/example_dags/example_branch_day_of_week_operator.py for tasks to queue
[2025-06-01T00:57:12.744+0200] {logging_mixin.py:188} INFO - [2025-06-01T00:57:12.743+0200] {dagbag.py:540} INFO - Filling up the DagBag from /home/leoja/airflow/airflow_venv/lib/python3.12/site-packages/airflow/example_dags/example_branch_day_of_week_operator.py
[2025-06-01T00:57:12.750+0200] {processor.py:840} INFO - DAG(s) 'example_weekday_branch_operator' retrieved from /home/leoja/airflow/airflow_venv/lib/python3.12/site-packages/airflow/example_dags/example_branch_day_of_week_operator.py
[2025-06-01T00:57:12.763+0200] {logging_mixin.py:188} INFO - [2025-06-01T00:57:12.762+0200] {dag.py:3096} INFO - Sync 1 DAGs
[2025-06-01T00:57:12.778+0200] {logging_mixin.py:188} INFO - [2025-06-01T00:57:12.778+0200] {dag.py:3954} INFO - Setting next_dagrun for example_weekday_branch_operator to 2025-05-30 00:00:00+00:00, run_after=2025-05-31 00:00:00+00:00
[2025-06-01T00:57:12.799+0200] {processor.py:183} INFO - Processing /home/leoja/airflow/airflow_venv/lib/python3.12/site-packages/airflow/example_dags/example_branch_day_of_week_operator.py took 0.067 seconds
[2025-06-01T00:58:29.327+0200] {processor.py:161} INFO - Started process (PID=147462) to work on /home/leoja/airflow/airflow_venv/lib/python3.12/site-packages/airflow/example_dags/example_branch_day_of_week_operator.py
[2025-06-01T00:58:29.328+0200] {processor.py:830} INFO - Processing file /home/leoja/airflow/airflow_venv/lib/python3.12/site-packages/airflow/example_dags/example_branch_day_of_week_operator.py for tasks to queue
[2025-06-01T00:58:29.329+0200] {logging_mixin.py:188} INFO - [2025-06-01T00:58:29.329+0200] {dagbag.py:540} INFO - Filling up the DagBag from /home/leoja/airflow/airflow_venv/lib/python3.12/site-packages/airflow/example_dags/example_branch_day_of_week_operator.py
[2025-06-01T00:58:29.336+0200] {processor.py:840} INFO - DAG(s) 'example_weekday_branch_operator' retrieved from /home/leoja/airflow/airflow_venv/lib/python3.12/site-packages/airflow/example_dags/example_branch_day_of_week_operator.py
[2025-06-01T00:58:29.348+0200] {logging_mixin.py:188} INFO - [2025-06-01T00:58:29.348+0200] {dag.py:3096} INFO - Sync 1 DAGs
[2025-06-01T00:58:29.360+0200] {logging_mixin.py:188} INFO - [2025-06-01T00:58:29.360+0200] {dag.py:3954} INFO - Setting next_dagrun for example_weekday_branch_operator to 2025-05-30 00:00:00+00:00, run_after=2025-05-31 00:00:00+00:00
[2025-06-01T00:58:29.384+0200] {processor.py:183} INFO - Processing /home/leoja/airflow/airflow_venv/lib/python3.12/site-packages/airflow/example_dags/example_branch_day_of_week_operator.py took 0.062 seconds
[2025-06-01T00:59:43.052+0200] {processor.py:161} INFO - Started process (PID=147718) to work on /home/leoja/airflow/airflow_venv/lib/python3.12/site-packages/airflow/example_dags/example_branch_day_of_week_operator.py
[2025-06-01T00:59:43.053+0200] {processor.py:830} INFO - Processing file /home/leoja/airflow/airflow_venv/lib/python3.12/site-packages/airflow/example_dags/example_branch_day_of_week_operator.py for tasks to queue
[2025-06-01T00:59:43.054+0200] {logging_mixin.py:188} INFO - [2025-06-01T00:59:43.054+0200] {dagbag.py:540} INFO - Filling up the DagBag from /home/leoja/airflow/airflow_venv/lib/python3.12/site-packages/airflow/example_dags/example_branch_day_of_week_operator.py
[2025-06-01T00:59:43.061+0200] {processor.py:840} INFO - DAG(s) 'example_weekday_branch_operator' retrieved from /home/leoja/airflow/airflow_venv/lib/python3.12/site-packages/airflow/example_dags/example_branch_day_of_week_operator.py
[2025-06-01T00:59:43.075+0200] {logging_mixin.py:188} INFO - [2025-06-01T00:59:43.075+0200] {dag.py:3096} INFO - Sync 1 DAGs
[2025-06-01T00:59:43.093+0200] {logging_mixin.py:188} INFO - [2025-06-01T00:59:43.093+0200] {dag.py:3954} INFO - Setting next_dagrun for example_weekday_branch_operator to 2025-05-30 00:00:00+00:00, run_after=2025-05-31 00:00:00+00:00
[2025-06-01T00:59:43.113+0200] {processor.py:183} INFO - Processing /home/leoja/airflow/airflow_venv/lib/python3.12/site-packages/airflow/example_dags/example_branch_day_of_week_operator.py took 0.068 seconds
[2025-06-01T01:00:59.031+0200] {processor.py:161} INFO - Started process (PID=147977) to work on /home/leoja/airflow/airflow_venv/lib/python3.12/site-packages/airflow/example_dags/example_branch_day_of_week_operator.py
[2025-06-01T01:00:59.032+0200] {processor.py:830} INFO - Processing file /home/leoja/airflow/airflow_venv/lib/python3.12/site-packages/airflow/example_dags/example_branch_day_of_week_operator.py for tasks to queue
[2025-06-01T01:00:59.033+0200] {logging_mixin.py:188} INFO - [2025-06-01T01:00:59.033+0200] {dagbag.py:540} INFO - Filling up the DagBag from /home/leoja/airflow/airflow_venv/lib/python3.12/site-packages/airflow/example_dags/example_branch_day_of_week_operator.py
[2025-06-01T01:00:59.040+0200] {processor.py:840} INFO - DAG(s) 'example_weekday_branch_operator' retrieved from /home/leoja/airflow/airflow_venv/lib/python3.12/site-packages/airflow/example_dags/example_branch_day_of_week_operator.py
[2025-06-01T01:00:59.052+0200] {logging_mixin.py:188} INFO - [2025-06-01T01:00:59.052+0200] {dag.py:3096} INFO - Sync 1 DAGs
[2025-06-01T01:00:59.066+0200] {logging_mixin.py:188} INFO - [2025-06-01T01:00:59.065+0200] {dag.py:3954} INFO - Setting next_dagrun for example_weekday_branch_operator to 2025-05-30 00:00:00+00:00, run_after=2025-05-31 00:00:00+00:00
[2025-06-01T01:00:59.088+0200] {processor.py:183} INFO - Processing /home/leoja/airflow/airflow_venv/lib/python3.12/site-packages/airflow/example_dags/example_branch_day_of_week_operator.py took 0.062 seconds
