[2025-05-31T23:51:46.375+0200] {processor.py:161} INFO - Started process (PID=133131) to work on /home/leoja/airflow/airflow_venv/lib/python3.12/site-packages/airflow/example_dags/example_branch_labels.py
[2025-05-31T23:51:46.376+0200] {processor.py:830} INFO - Processing file /home/leoja/airflow/airflow_venv/lib/python3.12/site-packages/airflow/example_dags/example_branch_labels.py for tasks to queue
[2025-05-31T23:51:46.378+0200] {logging_mixin.py:188} INFO - [2025-05-31T23:51:46.377+0200] {dagbag.py:540} INFO - Filling up the DagBag from /home/leoja/airflow/airflow_venv/lib/python3.12/site-packages/airflow/example_dags/example_branch_labels.py
[2025-05-31T23:51:46.392+0200] {processor.py:840} INFO - DAG(s) 'example_branch_labels' retrieved from /home/leoja/airflow/airflow_venv/lib/python3.12/site-packages/airflow/example_dags/example_branch_labels.py
[2025-05-31T23:51:46.409+0200] {logging_mixin.py:188} INFO - [2025-05-31T23:51:46.409+0200] {dag.py:3096} INFO - Sync 1 DAGs
[2025-05-31T23:51:46.425+0200] {logging_mixin.py:188} INFO - [2025-05-31T23:51:46.425+0200] {dag.py:3954} INFO - Setting next_dagrun for example_branch_labels to 2025-05-30 00:00:00+00:00, run_after=2025-05-31 00:00:00+00:00
[2025-05-31T23:51:46.459+0200] {processor.py:183} INFO - Processing /home/leoja/airflow/airflow_venv/lib/python3.12/site-packages/airflow/example_dags/example_branch_labels.py took 0.098 seconds
[2025-05-31T23:53:07.318+0200] {processor.py:161} INFO - Started process (PID=133418) to work on /home/leoja/airflow/airflow_venv/lib/python3.12/site-packages/airflow/example_dags/example_branch_labels.py
[2025-05-31T23:53:07.320+0200] {processor.py:830} INFO - Processing file /home/leoja/airflow/airflow_venv/lib/python3.12/site-packages/airflow/example_dags/example_branch_labels.py for tasks to queue
[2025-05-31T23:53:07.321+0200] {logging_mixin.py:188} INFO - [2025-05-31T23:53:07.320+0200] {dagbag.py:540} INFO - Filling up the DagBag from /home/leoja/airflow/airflow_venv/lib/python3.12/site-packages/airflow/example_dags/example_branch_labels.py
[2025-05-31T23:53:07.327+0200] {processor.py:840} INFO - DAG(s) 'example_branch_labels' retrieved from /home/leoja/airflow/airflow_venv/lib/python3.12/site-packages/airflow/example_dags/example_branch_labels.py
[2025-05-31T23:53:07.347+0200] {logging_mixin.py:188} INFO - [2025-05-31T23:53:07.347+0200] {dag.py:3096} INFO - Sync 1 DAGs
[2025-05-31T23:53:07.364+0200] {logging_mixin.py:188} INFO - [2025-05-31T23:53:07.363+0200] {dag.py:3954} INFO - Setting next_dagrun for example_branch_labels to 2025-05-30 00:00:00+00:00, run_after=2025-05-31 00:00:00+00:00
[2025-05-31T23:53:07.391+0200] {processor.py:183} INFO - Processing /home/leoja/airflow/airflow_venv/lib/python3.12/site-packages/airflow/example_dags/example_branch_labels.py took 0.079 seconds
[2025-05-31T23:54:49.505+0200] {processor.py:161} INFO - Started process (PID=133777) to work on /home/leoja/airflow/airflow_venv/lib/python3.12/site-packages/airflow/example_dags/example_branch_labels.py
[2025-05-31T23:54:49.506+0200] {processor.py:830} INFO - Processing file /home/leoja/airflow/airflow_venv/lib/python3.12/site-packages/airflow/example_dags/example_branch_labels.py for tasks to queue
[2025-05-31T23:54:49.507+0200] {logging_mixin.py:188} INFO - [2025-05-31T23:54:49.507+0200] {dagbag.py:540} INFO - Filling up the DagBag from /home/leoja/airflow/airflow_venv/lib/python3.12/site-packages/airflow/example_dags/example_branch_labels.py
[2025-05-31T23:54:49.513+0200] {processor.py:840} INFO - DAG(s) 'example_branch_labels' retrieved from /home/leoja/airflow/airflow_venv/lib/python3.12/site-packages/airflow/example_dags/example_branch_labels.py
[2025-05-31T23:54:49.525+0200] {logging_mixin.py:188} INFO - [2025-05-31T23:54:49.524+0200] {dag.py:3096} INFO - Sync 1 DAGs
[2025-05-31T23:54:49.538+0200] {logging_mixin.py:188} INFO - [2025-05-31T23:54:49.538+0200] {dag.py:3954} INFO - Setting next_dagrun for example_branch_labels to 2025-05-30 00:00:00+00:00, run_after=2025-05-31 00:00:00+00:00
[2025-05-31T23:54:49.558+0200] {processor.py:183} INFO - Processing /home/leoja/airflow/airflow_venv/lib/python3.12/site-packages/airflow/example_dags/example_branch_labels.py took 0.059 seconds
[2025-05-31T23:56:08.843+0200] {processor.py:161} INFO - Started process (PID=134058) to work on /home/leoja/airflow/airflow_venv/lib/python3.12/site-packages/airflow/example_dags/example_branch_labels.py
[2025-05-31T23:56:08.845+0200] {processor.py:830} INFO - Processing file /home/leoja/airflow/airflow_venv/lib/python3.12/site-packages/airflow/example_dags/example_branch_labels.py for tasks to queue
[2025-05-31T23:56:08.846+0200] {logging_mixin.py:188} INFO - [2025-05-31T23:56:08.846+0200] {dagbag.py:540} INFO - Filling up the DagBag from /home/leoja/airflow/airflow_venv/lib/python3.12/site-packages/airflow/example_dags/example_branch_labels.py
[2025-05-31T23:56:08.852+0200] {processor.py:840} INFO - DAG(s) 'example_branch_labels' retrieved from /home/leoja/airflow/airflow_venv/lib/python3.12/site-packages/airflow/example_dags/example_branch_labels.py
[2025-05-31T23:56:08.865+0200] {logging_mixin.py:188} INFO - [2025-05-31T23:56:08.865+0200] {dag.py:3096} INFO - Sync 1 DAGs
[2025-05-31T23:56:08.879+0200] {logging_mixin.py:188} INFO - [2025-05-31T23:56:08.879+0200] {dag.py:3954} INFO - Setting next_dagrun for example_branch_labels to 2025-05-30 00:00:00+00:00, run_after=2025-05-31 00:00:00+00:00
[2025-05-31T23:56:08.898+0200] {processor.py:183} INFO - Processing /home/leoja/airflow/airflow_venv/lib/python3.12/site-packages/airflow/example_dags/example_branch_labels.py took 0.060 seconds
[2025-05-31T23:57:26.446+0200] {processor.py:161} INFO - Started process (PID=134348) to work on /home/leoja/airflow/airflow_venv/lib/python3.12/site-packages/airflow/example_dags/example_branch_labels.py
[2025-05-31T23:57:26.448+0200] {processor.py:830} INFO - Processing file /home/leoja/airflow/airflow_venv/lib/python3.12/site-packages/airflow/example_dags/example_branch_labels.py for tasks to queue
[2025-05-31T23:57:26.449+0200] {logging_mixin.py:188} INFO - [2025-05-31T23:57:26.449+0200] {dagbag.py:540} INFO - Filling up the DagBag from /home/leoja/airflow/airflow_venv/lib/python3.12/site-packages/airflow/example_dags/example_branch_labels.py
[2025-05-31T23:57:26.455+0200] {processor.py:840} INFO - DAG(s) 'example_branch_labels' retrieved from /home/leoja/airflow/airflow_venv/lib/python3.12/site-packages/airflow/example_dags/example_branch_labels.py
[2025-05-31T23:57:26.467+0200] {logging_mixin.py:188} INFO - [2025-05-31T23:57:26.467+0200] {dag.py:3096} INFO - Sync 1 DAGs
[2025-05-31T23:57:26.481+0200] {logging_mixin.py:188} INFO - [2025-05-31T23:57:26.481+0200] {dag.py:3954} INFO - Setting next_dagrun for example_branch_labels to 2025-05-30 00:00:00+00:00, run_after=2025-05-31 00:00:00+00:00
[2025-05-31T23:57:26.499+0200] {processor.py:183} INFO - Processing /home/leoja/airflow/airflow_venv/lib/python3.12/site-packages/airflow/example_dags/example_branch_labels.py took 0.059 seconds
[2025-05-31T23:58:44.587+0200] {processor.py:161} INFO - Started process (PID=134630) to work on /home/leoja/airflow/airflow_venv/lib/python3.12/site-packages/airflow/example_dags/example_branch_labels.py
[2025-05-31T23:58:44.589+0200] {processor.py:830} INFO - Processing file /home/leoja/airflow/airflow_venv/lib/python3.12/site-packages/airflow/example_dags/example_branch_labels.py for tasks to queue
[2025-05-31T23:58:44.590+0200] {logging_mixin.py:188} INFO - [2025-05-31T23:58:44.589+0200] {dagbag.py:540} INFO - Filling up the DagBag from /home/leoja/airflow/airflow_venv/lib/python3.12/site-packages/airflow/example_dags/example_branch_labels.py
[2025-05-31T23:58:44.596+0200] {processor.py:840} INFO - DAG(s) 'example_branch_labels' retrieved from /home/leoja/airflow/airflow_venv/lib/python3.12/site-packages/airflow/example_dags/example_branch_labels.py
[2025-05-31T23:58:44.613+0200] {logging_mixin.py:188} INFO - [2025-05-31T23:58:44.613+0200] {dag.py:3096} INFO - Sync 1 DAGs
[2025-05-31T23:58:44.630+0200] {logging_mixin.py:188} INFO - [2025-05-31T23:58:44.629+0200] {dag.py:3954} INFO - Setting next_dagrun for example_branch_labels to 2025-05-30 00:00:00+00:00, run_after=2025-05-31 00:00:00+00:00
[2025-05-31T23:58:44.656+0200] {processor.py:183} INFO - Processing /home/leoja/airflow/airflow_venv/lib/python3.12/site-packages/airflow/example_dags/example_branch_labels.py took 0.075 seconds
[2025-06-01T00:00:10.485+0200] {processor.py:161} INFO - Started process (PID=134962) to work on /home/leoja/airflow/airflow_venv/lib/python3.12/site-packages/airflow/example_dags/example_branch_labels.py
[2025-06-01T00:00:10.487+0200] {processor.py:830} INFO - Processing file /home/leoja/airflow/airflow_venv/lib/python3.12/site-packages/airflow/example_dags/example_branch_labels.py for tasks to queue
[2025-06-01T00:00:10.488+0200] {logging_mixin.py:188} INFO - [2025-06-01T00:00:10.488+0200] {dagbag.py:540} INFO - Filling up the DagBag from /home/leoja/airflow/airflow_venv/lib/python3.12/site-packages/airflow/example_dags/example_branch_labels.py
[2025-06-01T00:00:10.494+0200] {processor.py:840} INFO - DAG(s) 'example_branch_labels' retrieved from /home/leoja/airflow/airflow_venv/lib/python3.12/site-packages/airflow/example_dags/example_branch_labels.py
[2025-06-01T00:00:10.512+0200] {logging_mixin.py:188} INFO - [2025-06-01T00:00:10.512+0200] {dag.py:3096} INFO - Sync 1 DAGs
[2025-06-01T00:00:10.527+0200] {logging_mixin.py:188} INFO - [2025-06-01T00:00:10.527+0200] {dag.py:3954} INFO - Setting next_dagrun for example_branch_labels to 2025-05-30 00:00:00+00:00, run_after=2025-05-31 00:00:00+00:00
[2025-06-01T00:00:10.549+0200] {processor.py:183} INFO - Processing /home/leoja/airflow/airflow_venv/lib/python3.12/site-packages/airflow/example_dags/example_branch_labels.py took 0.069 seconds
[2025-06-01T00:01:25.974+0200] {processor.py:161} INFO - Started process (PID=135239) to work on /home/leoja/airflow/airflow_venv/lib/python3.12/site-packages/airflow/example_dags/example_branch_labels.py
[2025-06-01T00:01:25.976+0200] {processor.py:830} INFO - Processing file /home/leoja/airflow/airflow_venv/lib/python3.12/site-packages/airflow/example_dags/example_branch_labels.py for tasks to queue
[2025-06-01T00:01:25.976+0200] {logging_mixin.py:188} INFO - [2025-06-01T00:01:25.976+0200] {dagbag.py:540} INFO - Filling up the DagBag from /home/leoja/airflow/airflow_venv/lib/python3.12/site-packages/airflow/example_dags/example_branch_labels.py
[2025-06-01T00:01:25.986+0200] {processor.py:840} INFO - DAG(s) 'example_branch_labels' retrieved from /home/leoja/airflow/airflow_venv/lib/python3.12/site-packages/airflow/example_dags/example_branch_labels.py
[2025-06-01T00:01:26.021+0200] {logging_mixin.py:188} INFO - [2025-06-01T00:01:26.020+0200] {dag.py:3096} INFO - Sync 1 DAGs
[2025-06-01T00:01:26.036+0200] {logging_mixin.py:188} INFO - [2025-06-01T00:01:26.036+0200] {dag.py:3954} INFO - Setting next_dagrun for example_branch_labels to 2025-05-30 00:00:00+00:00, run_after=2025-05-31 00:00:00+00:00
[2025-06-01T00:01:26.059+0200] {processor.py:183} INFO - Processing /home/leoja/airflow/airflow_venv/lib/python3.12/site-packages/airflow/example_dags/example_branch_labels.py took 0.090 seconds
[2025-06-01T00:02:43.636+0200] {processor.py:161} INFO - Started process (PID=135512) to work on /home/leoja/airflow/airflow_venv/lib/python3.12/site-packages/airflow/example_dags/example_branch_labels.py
[2025-06-01T00:02:43.638+0200] {processor.py:830} INFO - Processing file /home/leoja/airflow/airflow_venv/lib/python3.12/site-packages/airflow/example_dags/example_branch_labels.py for tasks to queue
[2025-06-01T00:02:43.639+0200] {logging_mixin.py:188} INFO - [2025-06-01T00:02:43.639+0200] {dagbag.py:540} INFO - Filling up the DagBag from /home/leoja/airflow/airflow_venv/lib/python3.12/site-packages/airflow/example_dags/example_branch_labels.py
[2025-06-01T00:02:43.645+0200] {processor.py:840} INFO - DAG(s) 'example_branch_labels' retrieved from /home/leoja/airflow/airflow_venv/lib/python3.12/site-packages/airflow/example_dags/example_branch_labels.py
[2025-06-01T00:02:43.658+0200] {logging_mixin.py:188} INFO - [2025-06-01T00:02:43.658+0200] {dag.py:3096} INFO - Sync 1 DAGs
[2025-06-01T00:02:43.671+0200] {logging_mixin.py:188} INFO - [2025-06-01T00:02:43.670+0200] {dag.py:3954} INFO - Setting next_dagrun for example_branch_labels to 2025-05-30 00:00:00+00:00, run_after=2025-05-31 00:00:00+00:00
[2025-06-01T00:02:43.690+0200] {processor.py:183} INFO - Processing /home/leoja/airflow/airflow_venv/lib/python3.12/site-packages/airflow/example_dags/example_branch_labels.py took 0.062 seconds
[2025-06-01T00:03:57.863+0200] {processor.py:161} INFO - Started process (PID=135771) to work on /home/leoja/airflow/airflow_venv/lib/python3.12/site-packages/airflow/example_dags/example_branch_labels.py
[2025-06-01T00:03:57.865+0200] {processor.py:830} INFO - Processing file /home/leoja/airflow/airflow_venv/lib/python3.12/site-packages/airflow/example_dags/example_branch_labels.py for tasks to queue
[2025-06-01T00:03:57.867+0200] {logging_mixin.py:188} INFO - [2025-06-01T00:03:57.866+0200] {dagbag.py:540} INFO - Filling up the DagBag from /home/leoja/airflow/airflow_venv/lib/python3.12/site-packages/airflow/example_dags/example_branch_labels.py
[2025-06-01T00:03:57.876+0200] {processor.py:840} INFO - DAG(s) 'example_branch_labels' retrieved from /home/leoja/airflow/airflow_venv/lib/python3.12/site-packages/airflow/example_dags/example_branch_labels.py
[2025-06-01T00:03:57.889+0200] {logging_mixin.py:188} INFO - [2025-06-01T00:03:57.888+0200] {dag.py:3096} INFO - Sync 1 DAGs
[2025-06-01T00:03:57.901+0200] {logging_mixin.py:188} INFO - [2025-06-01T00:03:57.901+0200] {dag.py:3954} INFO - Setting next_dagrun for example_branch_labels to 2025-05-30 00:00:00+00:00, run_after=2025-05-31 00:00:00+00:00
[2025-06-01T00:03:57.922+0200] {processor.py:183} INFO - Processing /home/leoja/airflow/airflow_venv/lib/python3.12/site-packages/airflow/example_dags/example_branch_labels.py took 0.064 seconds
[2025-06-01T00:05:08.896+0200] {processor.py:161} INFO - Started process (PID=136022) to work on /home/leoja/airflow/airflow_venv/lib/python3.12/site-packages/airflow/example_dags/example_branch_labels.py
[2025-06-01T00:05:08.898+0200] {processor.py:830} INFO - Processing file /home/leoja/airflow/airflow_venv/lib/python3.12/site-packages/airflow/example_dags/example_branch_labels.py for tasks to queue
[2025-06-01T00:05:08.899+0200] {logging_mixin.py:188} INFO - [2025-06-01T00:05:08.898+0200] {dagbag.py:540} INFO - Filling up the DagBag from /home/leoja/airflow/airflow_venv/lib/python3.12/site-packages/airflow/example_dags/example_branch_labels.py
[2025-06-01T00:05:08.905+0200] {processor.py:840} INFO - DAG(s) 'example_branch_labels' retrieved from /home/leoja/airflow/airflow_venv/lib/python3.12/site-packages/airflow/example_dags/example_branch_labels.py
[2025-06-01T00:05:08.920+0200] {logging_mixin.py:188} INFO - [2025-06-01T00:05:08.920+0200] {dag.py:3096} INFO - Sync 1 DAGs
[2025-06-01T00:05:08.933+0200] {logging_mixin.py:188} INFO - [2025-06-01T00:05:08.933+0200] {dag.py:3954} INFO - Setting next_dagrun for example_branch_labels to 2025-05-30 00:00:00+00:00, run_after=2025-05-31 00:00:00+00:00
[2025-06-01T00:05:08.952+0200] {processor.py:183} INFO - Processing /home/leoja/airflow/airflow_venv/lib/python3.12/site-packages/airflow/example_dags/example_branch_labels.py took 0.062 seconds
[2025-06-01T00:06:22.078+0200] {processor.py:161} INFO - Started process (PID=136284) to work on /home/leoja/airflow/airflow_venv/lib/python3.12/site-packages/airflow/example_dags/example_branch_labels.py
[2025-06-01T00:06:22.079+0200] {processor.py:830} INFO - Processing file /home/leoja/airflow/airflow_venv/lib/python3.12/site-packages/airflow/example_dags/example_branch_labels.py for tasks to queue
[2025-06-01T00:06:22.080+0200] {logging_mixin.py:188} INFO - [2025-06-01T00:06:22.079+0200] {dagbag.py:540} INFO - Filling up the DagBag from /home/leoja/airflow/airflow_venv/lib/python3.12/site-packages/airflow/example_dags/example_branch_labels.py
[2025-06-01T00:06:22.086+0200] {processor.py:840} INFO - DAG(s) 'example_branch_labels' retrieved from /home/leoja/airflow/airflow_venv/lib/python3.12/site-packages/airflow/example_dags/example_branch_labels.py
[2025-06-01T00:06:22.098+0200] {logging_mixin.py:188} INFO - [2025-06-01T00:06:22.098+0200] {dag.py:3096} INFO - Sync 1 DAGs
[2025-06-01T00:06:22.112+0200] {logging_mixin.py:188} INFO - [2025-06-01T00:06:22.112+0200] {dag.py:3954} INFO - Setting next_dagrun for example_branch_labels to 2025-05-30 00:00:00+00:00, run_after=2025-05-31 00:00:00+00:00
[2025-06-01T00:06:22.133+0200] {processor.py:183} INFO - Processing /home/leoja/airflow/airflow_venv/lib/python3.12/site-packages/airflow/example_dags/example_branch_labels.py took 0.061 seconds
[2025-06-01T00:07:38.501+0200] {processor.py:161} INFO - Started process (PID=136560) to work on /home/leoja/airflow/airflow_venv/lib/python3.12/site-packages/airflow/example_dags/example_branch_labels.py
[2025-06-01T00:07:38.503+0200] {processor.py:830} INFO - Processing file /home/leoja/airflow/airflow_venv/lib/python3.12/site-packages/airflow/example_dags/example_branch_labels.py for tasks to queue
[2025-06-01T00:07:38.504+0200] {logging_mixin.py:188} INFO - [2025-06-01T00:07:38.503+0200] {dagbag.py:540} INFO - Filling up the DagBag from /home/leoja/airflow/airflow_venv/lib/python3.12/site-packages/airflow/example_dags/example_branch_labels.py
[2025-06-01T00:07:38.511+0200] {processor.py:840} INFO - DAG(s) 'example_branch_labels' retrieved from /home/leoja/airflow/airflow_venv/lib/python3.12/site-packages/airflow/example_dags/example_branch_labels.py
[2025-06-01T00:07:38.527+0200] {logging_mixin.py:188} INFO - [2025-06-01T00:07:38.526+0200] {dag.py:3096} INFO - Sync 1 DAGs
[2025-06-01T00:07:38.541+0200] {logging_mixin.py:188} INFO - [2025-06-01T00:07:38.541+0200] {dag.py:3954} INFO - Setting next_dagrun for example_branch_labels to 2025-05-30 00:00:00+00:00, run_after=2025-05-31 00:00:00+00:00
[2025-06-01T00:07:38.566+0200] {processor.py:183} INFO - Processing /home/leoja/airflow/airflow_venv/lib/python3.12/site-packages/airflow/example_dags/example_branch_labels.py took 0.070 seconds
[2025-06-01T00:08:54.419+0200] {processor.py:161} INFO - Started process (PID=136828) to work on /home/leoja/airflow/airflow_venv/lib/python3.12/site-packages/airflow/example_dags/example_branch_labels.py
[2025-06-01T00:08:54.421+0200] {processor.py:830} INFO - Processing file /home/leoja/airflow/airflow_venv/lib/python3.12/site-packages/airflow/example_dags/example_branch_labels.py for tasks to queue
[2025-06-01T00:08:54.423+0200] {logging_mixin.py:188} INFO - [2025-06-01T00:08:54.422+0200] {dagbag.py:540} INFO - Filling up the DagBag from /home/leoja/airflow/airflow_venv/lib/python3.12/site-packages/airflow/example_dags/example_branch_labels.py
[2025-06-01T00:08:54.431+0200] {processor.py:840} INFO - DAG(s) 'example_branch_labels' retrieved from /home/leoja/airflow/airflow_venv/lib/python3.12/site-packages/airflow/example_dags/example_branch_labels.py
[2025-06-01T00:08:54.446+0200] {logging_mixin.py:188} INFO - [2025-06-01T00:08:54.445+0200] {dag.py:3096} INFO - Sync 1 DAGs
[2025-06-01T00:08:54.462+0200] {logging_mixin.py:188} INFO - [2025-06-01T00:08:54.462+0200] {dag.py:3954} INFO - Setting next_dagrun for example_branch_labels to 2025-05-30 00:00:00+00:00, run_after=2025-05-31 00:00:00+00:00
[2025-06-01T00:08:54.490+0200] {processor.py:183} INFO - Processing /home/leoja/airflow/airflow_venv/lib/python3.12/site-packages/airflow/example_dags/example_branch_labels.py took 0.078 seconds
[2025-06-01T00:10:06.536+0200] {processor.py:161} INFO - Started process (PID=137099) to work on /home/leoja/airflow/airflow_venv/lib/python3.12/site-packages/airflow/example_dags/example_branch_labels.py
[2025-06-01T00:10:06.538+0200] {processor.py:830} INFO - Processing file /home/leoja/airflow/airflow_venv/lib/python3.12/site-packages/airflow/example_dags/example_branch_labels.py for tasks to queue
[2025-06-01T00:10:06.539+0200] {logging_mixin.py:188} INFO - [2025-06-01T00:10:06.539+0200] {dagbag.py:540} INFO - Filling up the DagBag from /home/leoja/airflow/airflow_venv/lib/python3.12/site-packages/airflow/example_dags/example_branch_labels.py
[2025-06-01T00:10:06.545+0200] {processor.py:840} INFO - DAG(s) 'example_branch_labels' retrieved from /home/leoja/airflow/airflow_venv/lib/python3.12/site-packages/airflow/example_dags/example_branch_labels.py
[2025-06-01T00:10:06.558+0200] {logging_mixin.py:188} INFO - [2025-06-01T00:10:06.558+0200] {dag.py:3096} INFO - Sync 1 DAGs
[2025-06-01T00:10:06.573+0200] {logging_mixin.py:188} INFO - [2025-06-01T00:10:06.572+0200] {dag.py:3954} INFO - Setting next_dagrun for example_branch_labels to 2025-05-30 00:00:00+00:00, run_after=2025-05-31 00:00:00+00:00
[2025-06-01T00:10:06.594+0200] {processor.py:183} INFO - Processing /home/leoja/airflow/airflow_venv/lib/python3.12/site-packages/airflow/example_dags/example_branch_labels.py took 0.064 seconds
[2025-06-01T00:11:19.388+0200] {processor.py:161} INFO - Started process (PID=137358) to work on /home/leoja/airflow/airflow_venv/lib/python3.12/site-packages/airflow/example_dags/example_branch_labels.py
[2025-06-01T00:11:19.389+0200] {processor.py:830} INFO - Processing file /home/leoja/airflow/airflow_venv/lib/python3.12/site-packages/airflow/example_dags/example_branch_labels.py for tasks to queue
[2025-06-01T00:11:19.390+0200] {logging_mixin.py:188} INFO - [2025-06-01T00:11:19.389+0200] {dagbag.py:540} INFO - Filling up the DagBag from /home/leoja/airflow/airflow_venv/lib/python3.12/site-packages/airflow/example_dags/example_branch_labels.py
[2025-06-01T00:11:19.396+0200] {processor.py:840} INFO - DAG(s) 'example_branch_labels' retrieved from /home/leoja/airflow/airflow_venv/lib/python3.12/site-packages/airflow/example_dags/example_branch_labels.py
[2025-06-01T00:11:19.411+0200] {logging_mixin.py:188} INFO - [2025-06-01T00:11:19.410+0200] {dag.py:3096} INFO - Sync 1 DAGs
[2025-06-01T00:11:19.424+0200] {logging_mixin.py:188} INFO - [2025-06-01T00:11:19.424+0200] {dag.py:3954} INFO - Setting next_dagrun for example_branch_labels to 2025-05-30 00:00:00+00:00, run_after=2025-05-31 00:00:00+00:00
[2025-06-01T00:11:19.440+0200] {processor.py:183} INFO - Processing /home/leoja/airflow/airflow_venv/lib/python3.12/site-packages/airflow/example_dags/example_branch_labels.py took 0.058 seconds
[2025-06-01T00:12:31.838+0200] {processor.py:161} INFO - Started process (PID=137605) to work on /home/leoja/airflow/airflow_venv/lib/python3.12/site-packages/airflow/example_dags/example_branch_labels.py
[2025-06-01T00:12:31.839+0200] {processor.py:830} INFO - Processing file /home/leoja/airflow/airflow_venv/lib/python3.12/site-packages/airflow/example_dags/example_branch_labels.py for tasks to queue
[2025-06-01T00:12:31.840+0200] {logging_mixin.py:188} INFO - [2025-06-01T00:12:31.839+0200] {dagbag.py:540} INFO - Filling up the DagBag from /home/leoja/airflow/airflow_venv/lib/python3.12/site-packages/airflow/example_dags/example_branch_labels.py
[2025-06-01T00:12:31.845+0200] {processor.py:840} INFO - DAG(s) 'example_branch_labels' retrieved from /home/leoja/airflow/airflow_venv/lib/python3.12/site-packages/airflow/example_dags/example_branch_labels.py
[2025-06-01T00:12:31.858+0200] {logging_mixin.py:188} INFO - [2025-06-01T00:12:31.858+0200] {dag.py:3096} INFO - Sync 1 DAGs
[2025-06-01T00:12:31.873+0200] {logging_mixin.py:188} INFO - [2025-06-01T00:12:31.873+0200] {dag.py:3954} INFO - Setting next_dagrun for example_branch_labels to 2025-05-30 00:00:00+00:00, run_after=2025-05-31 00:00:00+00:00
[2025-06-01T00:12:31.893+0200] {processor.py:183} INFO - Processing /home/leoja/airflow/airflow_venv/lib/python3.12/site-packages/airflow/example_dags/example_branch_labels.py took 0.060 seconds
[2025-06-01T00:13:52.339+0200] {processor.py:161} INFO - Started process (PID=137890) to work on /home/leoja/airflow/airflow_venv/lib/python3.12/site-packages/airflow/example_dags/example_branch_labels.py
[2025-06-01T00:13:52.340+0200] {processor.py:830} INFO - Processing file /home/leoja/airflow/airflow_venv/lib/python3.12/site-packages/airflow/example_dags/example_branch_labels.py for tasks to queue
[2025-06-01T00:13:52.340+0200] {logging_mixin.py:188} INFO - [2025-06-01T00:13:52.340+0200] {dagbag.py:540} INFO - Filling up the DagBag from /home/leoja/airflow/airflow_venv/lib/python3.12/site-packages/airflow/example_dags/example_branch_labels.py
[2025-06-01T00:13:52.347+0200] {processor.py:840} INFO - DAG(s) 'example_branch_labels' retrieved from /home/leoja/airflow/airflow_venv/lib/python3.12/site-packages/airflow/example_dags/example_branch_labels.py
[2025-06-01T00:13:52.358+0200] {logging_mixin.py:188} INFO - [2025-06-01T00:13:52.358+0200] {dag.py:3096} INFO - Sync 1 DAGs
[2025-06-01T00:13:52.372+0200] {logging_mixin.py:188} INFO - [2025-06-01T00:13:52.372+0200] {dag.py:3954} INFO - Setting next_dagrun for example_branch_labels to 2025-05-30 00:00:00+00:00, run_after=2025-05-31 00:00:00+00:00
[2025-06-01T00:13:52.391+0200] {processor.py:183} INFO - Processing /home/leoja/airflow/airflow_venv/lib/python3.12/site-packages/airflow/example_dags/example_branch_labels.py took 0.059 seconds
[2025-06-01T00:15:07.378+0200] {processor.py:161} INFO - Started process (PID=138173) to work on /home/leoja/airflow/airflow_venv/lib/python3.12/site-packages/airflow/example_dags/example_branch_labels.py
[2025-06-01T00:15:07.380+0200] {processor.py:830} INFO - Processing file /home/leoja/airflow/airflow_venv/lib/python3.12/site-packages/airflow/example_dags/example_branch_labels.py for tasks to queue
[2025-06-01T00:15:07.380+0200] {logging_mixin.py:188} INFO - [2025-06-01T00:15:07.380+0200] {dagbag.py:540} INFO - Filling up the DagBag from /home/leoja/airflow/airflow_venv/lib/python3.12/site-packages/airflow/example_dags/example_branch_labels.py
[2025-06-01T00:15:07.386+0200] {processor.py:840} INFO - DAG(s) 'example_branch_labels' retrieved from /home/leoja/airflow/airflow_venv/lib/python3.12/site-packages/airflow/example_dags/example_branch_labels.py
[2025-06-01T00:15:07.403+0200] {logging_mixin.py:188} INFO - [2025-06-01T00:15:07.402+0200] {dag.py:3096} INFO - Sync 1 DAGs
[2025-06-01T00:15:07.419+0200] {logging_mixin.py:188} INFO - [2025-06-01T00:15:07.418+0200] {dag.py:3954} INFO - Setting next_dagrun for example_branch_labels to 2025-05-30 00:00:00+00:00, run_after=2025-05-31 00:00:00+00:00
[2025-06-01T00:15:07.437+0200] {processor.py:183} INFO - Processing /home/leoja/airflow/airflow_venv/lib/python3.12/site-packages/airflow/example_dags/example_branch_labels.py took 0.064 seconds
[2025-06-01T00:16:19.867+0200] {processor.py:161} INFO - Started process (PID=138428) to work on /home/leoja/airflow/airflow_venv/lib/python3.12/site-packages/airflow/example_dags/example_branch_labels.py
[2025-06-01T00:16:19.868+0200] {processor.py:830} INFO - Processing file /home/leoja/airflow/airflow_venv/lib/python3.12/site-packages/airflow/example_dags/example_branch_labels.py for tasks to queue
[2025-06-01T00:16:19.869+0200] {logging_mixin.py:188} INFO - [2025-06-01T00:16:19.868+0200] {dagbag.py:540} INFO - Filling up the DagBag from /home/leoja/airflow/airflow_venv/lib/python3.12/site-packages/airflow/example_dags/example_branch_labels.py
[2025-06-01T00:16:19.876+0200] {processor.py:840} INFO - DAG(s) 'example_branch_labels' retrieved from /home/leoja/airflow/airflow_venv/lib/python3.12/site-packages/airflow/example_dags/example_branch_labels.py
[2025-06-01T00:16:19.890+0200] {logging_mixin.py:188} INFO - [2025-06-01T00:16:19.889+0200] {dag.py:3096} INFO - Sync 1 DAGs
[2025-06-01T00:16:19.904+0200] {logging_mixin.py:188} INFO - [2025-06-01T00:16:19.904+0200] {dag.py:3954} INFO - Setting next_dagrun for example_branch_labels to 2025-05-30 00:00:00+00:00, run_after=2025-05-31 00:00:00+00:00
[2025-06-01T00:16:19.926+0200] {processor.py:183} INFO - Processing /home/leoja/airflow/airflow_venv/lib/python3.12/site-packages/airflow/example_dags/example_branch_labels.py took 0.064 seconds
[2025-06-01T00:17:32.907+0200] {processor.py:161} INFO - Started process (PID=138681) to work on /home/leoja/airflow/airflow_venv/lib/python3.12/site-packages/airflow/example_dags/example_branch_labels.py
[2025-06-01T00:17:32.909+0200] {processor.py:830} INFO - Processing file /home/leoja/airflow/airflow_venv/lib/python3.12/site-packages/airflow/example_dags/example_branch_labels.py for tasks to queue
[2025-06-01T00:17:32.910+0200] {logging_mixin.py:188} INFO - [2025-06-01T00:17:32.909+0200] {dagbag.py:540} INFO - Filling up the DagBag from /home/leoja/airflow/airflow_venv/lib/python3.12/site-packages/airflow/example_dags/example_branch_labels.py
[2025-06-01T00:17:32.915+0200] {processor.py:840} INFO - DAG(s) 'example_branch_labels' retrieved from /home/leoja/airflow/airflow_venv/lib/python3.12/site-packages/airflow/example_dags/example_branch_labels.py
[2025-06-01T00:17:32.928+0200] {logging_mixin.py:188} INFO - [2025-06-01T00:17:32.927+0200] {dag.py:3096} INFO - Sync 1 DAGs
[2025-06-01T00:17:32.943+0200] {logging_mixin.py:188} INFO - [2025-06-01T00:17:32.943+0200] {dag.py:3954} INFO - Setting next_dagrun for example_branch_labels to 2025-05-30 00:00:00+00:00, run_after=2025-05-31 00:00:00+00:00
[2025-06-01T00:17:32.964+0200] {processor.py:183} INFO - Processing /home/leoja/airflow/airflow_venv/lib/python3.12/site-packages/airflow/example_dags/example_branch_labels.py took 0.063 seconds
[2025-06-01T00:18:44.685+0200] {processor.py:161} INFO - Started process (PID=138936) to work on /home/leoja/airflow/airflow_venv/lib/python3.12/site-packages/airflow/example_dags/example_branch_labels.py
[2025-06-01T00:18:44.686+0200] {processor.py:830} INFO - Processing file /home/leoja/airflow/airflow_venv/lib/python3.12/site-packages/airflow/example_dags/example_branch_labels.py for tasks to queue
[2025-06-01T00:18:44.687+0200] {logging_mixin.py:188} INFO - [2025-06-01T00:18:44.687+0200] {dagbag.py:540} INFO - Filling up the DagBag from /home/leoja/airflow/airflow_venv/lib/python3.12/site-packages/airflow/example_dags/example_branch_labels.py
[2025-06-01T00:18:44.693+0200] {processor.py:840} INFO - DAG(s) 'example_branch_labels' retrieved from /home/leoja/airflow/airflow_venv/lib/python3.12/site-packages/airflow/example_dags/example_branch_labels.py
[2025-06-01T00:18:44.705+0200] {logging_mixin.py:188} INFO - [2025-06-01T00:18:44.705+0200] {dag.py:3096} INFO - Sync 1 DAGs
[2025-06-01T00:18:44.721+0200] {logging_mixin.py:188} INFO - [2025-06-01T00:18:44.721+0200] {dag.py:3954} INFO - Setting next_dagrun for example_branch_labels to 2025-05-30 00:00:00+00:00, run_after=2025-05-31 00:00:00+00:00
[2025-06-01T00:18:44.765+0200] {processor.py:183} INFO - Processing /home/leoja/airflow/airflow_venv/lib/python3.12/site-packages/airflow/example_dags/example_branch_labels.py took 0.085 seconds
[2025-06-01T00:19:58.208+0200] {processor.py:161} INFO - Started process (PID=139206) to work on /home/leoja/airflow/airflow_venv/lib/python3.12/site-packages/airflow/example_dags/example_branch_labels.py
[2025-06-01T00:19:58.209+0200] {processor.py:830} INFO - Processing file /home/leoja/airflow/airflow_venv/lib/python3.12/site-packages/airflow/example_dags/example_branch_labels.py for tasks to queue
[2025-06-01T00:19:58.210+0200] {logging_mixin.py:188} INFO - [2025-06-01T00:19:58.209+0200] {dagbag.py:540} INFO - Filling up the DagBag from /home/leoja/airflow/airflow_venv/lib/python3.12/site-packages/airflow/example_dags/example_branch_labels.py
[2025-06-01T00:19:58.215+0200] {processor.py:840} INFO - DAG(s) 'example_branch_labels' retrieved from /home/leoja/airflow/airflow_venv/lib/python3.12/site-packages/airflow/example_dags/example_branch_labels.py
[2025-06-01T00:19:58.228+0200] {logging_mixin.py:188} INFO - [2025-06-01T00:19:58.228+0200] {dag.py:3096} INFO - Sync 1 DAGs
[2025-06-01T00:19:58.340+0200] {logging_mixin.py:188} INFO - [2025-06-01T00:19:58.340+0200] {dag.py:3954} INFO - Setting next_dagrun for example_branch_labels to 2025-05-30 00:00:00+00:00, run_after=2025-05-31 00:00:00+00:00
[2025-06-01T00:19:58.365+0200] {processor.py:183} INFO - Processing /home/leoja/airflow/airflow_venv/lib/python3.12/site-packages/airflow/example_dags/example_branch_labels.py took 0.164 seconds
[2025-06-01T00:21:11.160+0200] {processor.py:161} INFO - Started process (PID=139474) to work on /home/leoja/airflow/airflow_venv/lib/python3.12/site-packages/airflow/example_dags/example_branch_labels.py
[2025-06-01T00:21:11.161+0200] {processor.py:830} INFO - Processing file /home/leoja/airflow/airflow_venv/lib/python3.12/site-packages/airflow/example_dags/example_branch_labels.py for tasks to queue
[2025-06-01T00:21:11.162+0200] {logging_mixin.py:188} INFO - [2025-06-01T00:21:11.161+0200] {dagbag.py:540} INFO - Filling up the DagBag from /home/leoja/airflow/airflow_venv/lib/python3.12/site-packages/airflow/example_dags/example_branch_labels.py
[2025-06-01T00:21:11.169+0200] {processor.py:840} INFO - DAG(s) 'example_branch_labels' retrieved from /home/leoja/airflow/airflow_venv/lib/python3.12/site-packages/airflow/example_dags/example_branch_labels.py
[2025-06-01T00:21:11.183+0200] {logging_mixin.py:188} INFO - [2025-06-01T00:21:11.183+0200] {dag.py:3096} INFO - Sync 1 DAGs
[2025-06-01T00:21:11.196+0200] {logging_mixin.py:188} INFO - [2025-06-01T00:21:11.196+0200] {dag.py:3954} INFO - Setting next_dagrun for example_branch_labels to 2025-05-30 00:00:00+00:00, run_after=2025-05-31 00:00:00+00:00
[2025-06-01T00:21:11.222+0200] {processor.py:183} INFO - Processing /home/leoja/airflow/airflow_venv/lib/python3.12/site-packages/airflow/example_dags/example_branch_labels.py took 0.067 seconds
[2025-06-01T00:22:28.879+0200] {processor.py:161} INFO - Started process (PID=139747) to work on /home/leoja/airflow/airflow_venv/lib/python3.12/site-packages/airflow/example_dags/example_branch_labels.py
[2025-06-01T00:22:28.881+0200] {processor.py:830} INFO - Processing file /home/leoja/airflow/airflow_venv/lib/python3.12/site-packages/airflow/example_dags/example_branch_labels.py for tasks to queue
[2025-06-01T00:22:28.882+0200] {logging_mixin.py:188} INFO - [2025-06-01T00:22:28.882+0200] {dagbag.py:540} INFO - Filling up the DagBag from /home/leoja/airflow/airflow_venv/lib/python3.12/site-packages/airflow/example_dags/example_branch_labels.py
[2025-06-01T00:22:28.888+0200] {processor.py:840} INFO - DAG(s) 'example_branch_labels' retrieved from /home/leoja/airflow/airflow_venv/lib/python3.12/site-packages/airflow/example_dags/example_branch_labels.py
[2025-06-01T00:22:28.901+0200] {logging_mixin.py:188} INFO - [2025-06-01T00:22:28.901+0200] {dag.py:3096} INFO - Sync 1 DAGs
[2025-06-01T00:22:29.008+0200] {logging_mixin.py:188} INFO - [2025-06-01T00:22:29.007+0200] {dag.py:3954} INFO - Setting next_dagrun for example_branch_labels to 2025-05-30 00:00:00+00:00, run_after=2025-05-31 00:00:00+00:00
[2025-06-01T00:22:29.023+0200] {processor.py:183} INFO - Processing /home/leoja/airflow/airflow_venv/lib/python3.12/site-packages/airflow/example_dags/example_branch_labels.py took 0.151 seconds
[2025-06-01T00:23:50.325+0200] {processor.py:161} INFO - Started process (PID=140027) to work on /home/leoja/airflow/airflow_venv/lib/python3.12/site-packages/airflow/example_dags/example_branch_labels.py
[2025-06-01T00:23:50.326+0200] {processor.py:830} INFO - Processing file /home/leoja/airflow/airflow_venv/lib/python3.12/site-packages/airflow/example_dags/example_branch_labels.py for tasks to queue
[2025-06-01T00:23:50.327+0200] {logging_mixin.py:188} INFO - [2025-06-01T00:23:50.326+0200] {dagbag.py:540} INFO - Filling up the DagBag from /home/leoja/airflow/airflow_venv/lib/python3.12/site-packages/airflow/example_dags/example_branch_labels.py
[2025-06-01T00:23:50.334+0200] {processor.py:840} INFO - DAG(s) 'example_branch_labels' retrieved from /home/leoja/airflow/airflow_venv/lib/python3.12/site-packages/airflow/example_dags/example_branch_labels.py
[2025-06-01T00:23:50.457+0200] {logging_mixin.py:188} INFO - [2025-06-01T00:23:50.457+0200] {dag.py:3096} INFO - Sync 1 DAGs
[2025-06-01T00:23:50.468+0200] {logging_mixin.py:188} INFO - [2025-06-01T00:23:50.468+0200] {dag.py:3954} INFO - Setting next_dagrun for example_branch_labels to 2025-05-30 00:00:00+00:00, run_after=2025-05-31 00:00:00+00:00
[2025-06-01T00:23:50.487+0200] {processor.py:183} INFO - Processing /home/leoja/airflow/airflow_venv/lib/python3.12/site-packages/airflow/example_dags/example_branch_labels.py took 0.168 seconds
[2025-06-01T00:24:48.746+0200] {processor.py:161} INFO - Started process (PID=140211) to work on /home/leoja/airflow/airflow_venv/lib/python3.12/site-packages/airflow/example_dags/example_branch_labels.py
[2025-06-01T00:24:48.747+0200] {processor.py:830} INFO - Processing file /home/leoja/airflow/airflow_venv/lib/python3.12/site-packages/airflow/example_dags/example_branch_labels.py for tasks to queue
[2025-06-01T00:24:48.747+0200] {logging_mixin.py:188} INFO - [2025-06-01T00:24:48.747+0200] {dagbag.py:540} INFO - Filling up the DagBag from /home/leoja/airflow/airflow_venv/lib/python3.12/site-packages/airflow/example_dags/example_branch_labels.py
[2025-06-01T00:24:48.755+0200] {processor.py:840} INFO - DAG(s) 'example_branch_labels' retrieved from /home/leoja/airflow/airflow_venv/lib/python3.12/site-packages/airflow/example_dags/example_branch_labels.py
[2025-06-01T00:24:48.767+0200] {logging_mixin.py:188} INFO - [2025-06-01T00:24:48.767+0200] {dag.py:3096} INFO - Sync 1 DAGs
[2025-06-01T00:24:48.783+0200] {logging_mixin.py:188} INFO - [2025-06-01T00:24:48.783+0200] {dag.py:3954} INFO - Setting next_dagrun for example_branch_labels to 2025-05-30 00:00:00+00:00, run_after=2025-05-31 00:00:00+00:00
[2025-06-01T00:24:48.804+0200] {processor.py:183} INFO - Processing /home/leoja/airflow/airflow_venv/lib/python3.12/site-packages/airflow/example_dags/example_branch_labels.py took 0.065 seconds
[2025-06-01T00:26:07.176+0200] {processor.py:161} INFO - Started process (PID=140495) to work on /home/leoja/airflow/airflow_venv/lib/python3.12/site-packages/airflow/example_dags/example_branch_labels.py
[2025-06-01T00:26:07.177+0200] {processor.py:830} INFO - Processing file /home/leoja/airflow/airflow_venv/lib/python3.12/site-packages/airflow/example_dags/example_branch_labels.py for tasks to queue
[2025-06-01T00:26:07.178+0200] {logging_mixin.py:188} INFO - [2025-06-01T00:26:07.178+0200] {dagbag.py:540} INFO - Filling up the DagBag from /home/leoja/airflow/airflow_venv/lib/python3.12/site-packages/airflow/example_dags/example_branch_labels.py
[2025-06-01T00:26:07.184+0200] {processor.py:840} INFO - DAG(s) 'example_branch_labels' retrieved from /home/leoja/airflow/airflow_venv/lib/python3.12/site-packages/airflow/example_dags/example_branch_labels.py
[2025-06-01T00:26:07.199+0200] {logging_mixin.py:188} INFO - [2025-06-01T00:26:07.199+0200] {dag.py:3096} INFO - Sync 1 DAGs
[2025-06-01T00:26:07.216+0200] {logging_mixin.py:188} INFO - [2025-06-01T00:26:07.216+0200] {dag.py:3954} INFO - Setting next_dagrun for example_branch_labels to 2025-05-30 00:00:00+00:00, run_after=2025-05-31 00:00:00+00:00
[2025-06-01T00:26:07.237+0200] {processor.py:183} INFO - Processing /home/leoja/airflow/airflow_venv/lib/python3.12/site-packages/airflow/example_dags/example_branch_labels.py took 0.066 seconds
[2025-06-01T00:27:15.337+0200] {processor.py:161} INFO - Started process (PID=140747) to work on /home/leoja/airflow/airflow_venv/lib/python3.12/site-packages/airflow/example_dags/example_branch_labels.py
[2025-06-01T00:27:15.339+0200] {processor.py:830} INFO - Processing file /home/leoja/airflow/airflow_venv/lib/python3.12/site-packages/airflow/example_dags/example_branch_labels.py for tasks to queue
[2025-06-01T00:27:15.339+0200] {logging_mixin.py:188} INFO - [2025-06-01T00:27:15.339+0200] {dagbag.py:540} INFO - Filling up the DagBag from /home/leoja/airflow/airflow_venv/lib/python3.12/site-packages/airflow/example_dags/example_branch_labels.py
[2025-06-01T00:27:15.345+0200] {processor.py:840} INFO - DAG(s) 'example_branch_labels' retrieved from /home/leoja/airflow/airflow_venv/lib/python3.12/site-packages/airflow/example_dags/example_branch_labels.py
[2025-06-01T00:27:15.357+0200] {logging_mixin.py:188} INFO - [2025-06-01T00:27:15.357+0200] {dag.py:3096} INFO - Sync 1 DAGs
[2025-06-01T00:27:15.374+0200] {logging_mixin.py:188} INFO - [2025-06-01T00:27:15.373+0200] {dag.py:3954} INFO - Setting next_dagrun for example_branch_labels to 2025-05-30 00:00:00+00:00, run_after=2025-05-31 00:00:00+00:00
[2025-06-01T00:27:15.394+0200] {processor.py:183} INFO - Processing /home/leoja/airflow/airflow_venv/lib/python3.12/site-packages/airflow/example_dags/example_branch_labels.py took 0.064 seconds
[2025-06-01T00:28:28.651+0200] {processor.py:161} INFO - Started process (PID=140999) to work on /home/leoja/airflow/airflow_venv/lib/python3.12/site-packages/airflow/example_dags/example_branch_labels.py
[2025-06-01T00:28:28.653+0200] {processor.py:830} INFO - Processing file /home/leoja/airflow/airflow_venv/lib/python3.12/site-packages/airflow/example_dags/example_branch_labels.py for tasks to queue
[2025-06-01T00:28:28.653+0200] {logging_mixin.py:188} INFO - [2025-06-01T00:28:28.653+0200] {dagbag.py:540} INFO - Filling up the DagBag from /home/leoja/airflow/airflow_venv/lib/python3.12/site-packages/airflow/example_dags/example_branch_labels.py
[2025-06-01T00:28:28.660+0200] {processor.py:840} INFO - DAG(s) 'example_branch_labels' retrieved from /home/leoja/airflow/airflow_venv/lib/python3.12/site-packages/airflow/example_dags/example_branch_labels.py
[2025-06-01T00:28:28.672+0200] {logging_mixin.py:188} INFO - [2025-06-01T00:28:28.672+0200] {dag.py:3096} INFO - Sync 1 DAGs
[2025-06-01T00:28:28.687+0200] {logging_mixin.py:188} INFO - [2025-06-01T00:28:28.686+0200] {dag.py:3954} INFO - Setting next_dagrun for example_branch_labels to 2025-05-30 00:00:00+00:00, run_after=2025-05-31 00:00:00+00:00
[2025-06-01T00:28:28.709+0200] {processor.py:183} INFO - Processing /home/leoja/airflow/airflow_venv/lib/python3.12/site-packages/airflow/example_dags/example_branch_labels.py took 0.063 seconds
[2025-06-01T00:29:45.477+0200] {processor.py:161} INFO - Started process (PID=141280) to work on /home/leoja/airflow/airflow_venv/lib/python3.12/site-packages/airflow/example_dags/example_branch_labels.py
[2025-06-01T00:29:45.478+0200] {processor.py:830} INFO - Processing file /home/leoja/airflow/airflow_venv/lib/python3.12/site-packages/airflow/example_dags/example_branch_labels.py for tasks to queue
[2025-06-01T00:29:45.479+0200] {logging_mixin.py:188} INFO - [2025-06-01T00:29:45.478+0200] {dagbag.py:540} INFO - Filling up the DagBag from /home/leoja/airflow/airflow_venv/lib/python3.12/site-packages/airflow/example_dags/example_branch_labels.py
[2025-06-01T00:29:45.485+0200] {processor.py:840} INFO - DAG(s) 'example_branch_labels' retrieved from /home/leoja/airflow/airflow_venv/lib/python3.12/site-packages/airflow/example_dags/example_branch_labels.py
[2025-06-01T00:29:45.498+0200] {logging_mixin.py:188} INFO - [2025-06-01T00:29:45.498+0200] {dag.py:3096} INFO - Sync 1 DAGs
[2025-06-01T00:29:45.513+0200] {logging_mixin.py:188} INFO - [2025-06-01T00:29:45.513+0200] {dag.py:3954} INFO - Setting next_dagrun for example_branch_labels to 2025-05-30 00:00:00+00:00, run_after=2025-05-31 00:00:00+00:00
[2025-06-01T00:29:45.536+0200] {processor.py:183} INFO - Processing /home/leoja/airflow/airflow_venv/lib/python3.12/site-packages/airflow/example_dags/example_branch_labels.py took 0.064 seconds
[2025-06-01T00:30:57.812+0200] {processor.py:161} INFO - Started process (PID=141528) to work on /home/leoja/airflow/airflow_venv/lib/python3.12/site-packages/airflow/example_dags/example_branch_labels.py
[2025-06-01T00:30:57.814+0200] {processor.py:830} INFO - Processing file /home/leoja/airflow/airflow_venv/lib/python3.12/site-packages/airflow/example_dags/example_branch_labels.py for tasks to queue
[2025-06-01T00:30:57.814+0200] {logging_mixin.py:188} INFO - [2025-06-01T00:30:57.814+0200] {dagbag.py:540} INFO - Filling up the DagBag from /home/leoja/airflow/airflow_venv/lib/python3.12/site-packages/airflow/example_dags/example_branch_labels.py
[2025-06-01T00:30:57.820+0200] {processor.py:840} INFO - DAG(s) 'example_branch_labels' retrieved from /home/leoja/airflow/airflow_venv/lib/python3.12/site-packages/airflow/example_dags/example_branch_labels.py
[2025-06-01T00:30:57.831+0200] {logging_mixin.py:188} INFO - [2025-06-01T00:30:57.831+0200] {dag.py:3096} INFO - Sync 1 DAGs
[2025-06-01T00:30:57.844+0200] {logging_mixin.py:188} INFO - [2025-06-01T00:30:57.844+0200] {dag.py:3954} INFO - Setting next_dagrun for example_branch_labels to 2025-05-30 00:00:00+00:00, run_after=2025-05-31 00:00:00+00:00
[2025-06-01T00:30:57.866+0200] {processor.py:183} INFO - Processing /home/leoja/airflow/airflow_venv/lib/python3.12/site-packages/airflow/example_dags/example_branch_labels.py took 0.060 seconds
[2025-06-01T00:32:12.387+0200] {processor.py:161} INFO - Started process (PID=141816) to work on /home/leoja/airflow/airflow_venv/lib/python3.12/site-packages/airflow/example_dags/example_branch_labels.py
[2025-06-01T00:32:12.388+0200] {processor.py:830} INFO - Processing file /home/leoja/airflow/airflow_venv/lib/python3.12/site-packages/airflow/example_dags/example_branch_labels.py for tasks to queue
[2025-06-01T00:32:12.389+0200] {logging_mixin.py:188} INFO - [2025-06-01T00:32:12.389+0200] {dagbag.py:540} INFO - Filling up the DagBag from /home/leoja/airflow/airflow_venv/lib/python3.12/site-packages/airflow/example_dags/example_branch_labels.py
[2025-06-01T00:32:12.408+0200] {processor.py:840} INFO - DAG(s) 'example_branch_labels' retrieved from /home/leoja/airflow/airflow_venv/lib/python3.12/site-packages/airflow/example_dags/example_branch_labels.py
[2025-06-01T00:32:12.425+0200] {logging_mixin.py:188} INFO - [2025-06-01T00:32:12.425+0200] {dag.py:3096} INFO - Sync 1 DAGs
[2025-06-01T00:32:12.439+0200] {logging_mixin.py:188} INFO - [2025-06-01T00:32:12.439+0200] {dag.py:3954} INFO - Setting next_dagrun for example_branch_labels to 2025-05-30 00:00:00+00:00, run_after=2025-05-31 00:00:00+00:00
[2025-06-01T00:32:12.474+0200] {processor.py:183} INFO - Processing /home/leoja/airflow/airflow_venv/lib/python3.12/site-packages/airflow/example_dags/example_branch_labels.py took 0.091 seconds
[2025-06-01T00:33:22.110+0200] {processor.py:161} INFO - Started process (PID=142064) to work on /home/leoja/airflow/airflow_venv/lib/python3.12/site-packages/airflow/example_dags/example_branch_labels.py
[2025-06-01T00:33:22.112+0200] {processor.py:830} INFO - Processing file /home/leoja/airflow/airflow_venv/lib/python3.12/site-packages/airflow/example_dags/example_branch_labels.py for tasks to queue
[2025-06-01T00:33:22.113+0200] {logging_mixin.py:188} INFO - [2025-06-01T00:33:22.113+0200] {dagbag.py:540} INFO - Filling up the DagBag from /home/leoja/airflow/airflow_venv/lib/python3.12/site-packages/airflow/example_dags/example_branch_labels.py
[2025-06-01T00:33:22.119+0200] {processor.py:840} INFO - DAG(s) 'example_branch_labels' retrieved from /home/leoja/airflow/airflow_venv/lib/python3.12/site-packages/airflow/example_dags/example_branch_labels.py
[2025-06-01T00:33:22.135+0200] {logging_mixin.py:188} INFO - [2025-06-01T00:33:22.134+0200] {dag.py:3096} INFO - Sync 1 DAGs
[2025-06-01T00:33:22.149+0200] {logging_mixin.py:188} INFO - [2025-06-01T00:33:22.148+0200] {dag.py:3954} INFO - Setting next_dagrun for example_branch_labels to 2025-05-30 00:00:00+00:00, run_after=2025-05-31 00:00:00+00:00
[2025-06-01T00:33:22.168+0200] {processor.py:183} INFO - Processing /home/leoja/airflow/airflow_venv/lib/python3.12/site-packages/airflow/example_dags/example_branch_labels.py took 0.064 seconds
[2025-06-01T00:34:38.174+0200] {processor.py:161} INFO - Started process (PID=142324) to work on /home/leoja/airflow/airflow_venv/lib/python3.12/site-packages/airflow/example_dags/example_branch_labels.py
[2025-06-01T00:34:38.176+0200] {processor.py:830} INFO - Processing file /home/leoja/airflow/airflow_venv/lib/python3.12/site-packages/airflow/example_dags/example_branch_labels.py for tasks to queue
[2025-06-01T00:34:38.178+0200] {logging_mixin.py:188} INFO - [2025-06-01T00:34:38.177+0200] {dagbag.py:540} INFO - Filling up the DagBag from /home/leoja/airflow/airflow_venv/lib/python3.12/site-packages/airflow/example_dags/example_branch_labels.py
[2025-06-01T00:34:38.183+0200] {processor.py:840} INFO - DAG(s) 'example_branch_labels' retrieved from /home/leoja/airflow/airflow_venv/lib/python3.12/site-packages/airflow/example_dags/example_branch_labels.py
[2025-06-01T00:34:38.196+0200] {logging_mixin.py:188} INFO - [2025-06-01T00:34:38.195+0200] {dag.py:3096} INFO - Sync 1 DAGs
[2025-06-01T00:34:38.210+0200] {logging_mixin.py:188} INFO - [2025-06-01T00:34:38.210+0200] {dag.py:3954} INFO - Setting next_dagrun for example_branch_labels to 2025-05-30 00:00:00+00:00, run_after=2025-05-31 00:00:00+00:00
[2025-06-01T00:34:38.231+0200] {processor.py:183} INFO - Processing /home/leoja/airflow/airflow_venv/lib/python3.12/site-packages/airflow/example_dags/example_branch_labels.py took 0.062 seconds
[2025-06-01T00:35:49.558+0200] {processor.py:161} INFO - Started process (PID=142575) to work on /home/leoja/airflow/airflow_venv/lib/python3.12/site-packages/airflow/example_dags/example_branch_labels.py
[2025-06-01T00:35:49.559+0200] {processor.py:830} INFO - Processing file /home/leoja/airflow/airflow_venv/lib/python3.12/site-packages/airflow/example_dags/example_branch_labels.py for tasks to queue
[2025-06-01T00:35:49.560+0200] {logging_mixin.py:188} INFO - [2025-06-01T00:35:49.560+0200] {dagbag.py:540} INFO - Filling up the DagBag from /home/leoja/airflow/airflow_venv/lib/python3.12/site-packages/airflow/example_dags/example_branch_labels.py
[2025-06-01T00:35:49.568+0200] {processor.py:840} INFO - DAG(s) 'example_branch_labels' retrieved from /home/leoja/airflow/airflow_venv/lib/python3.12/site-packages/airflow/example_dags/example_branch_labels.py
[2025-06-01T00:35:49.581+0200] {logging_mixin.py:188} INFO - [2025-06-01T00:35:49.581+0200] {dag.py:3096} INFO - Sync 1 DAGs
[2025-06-01T00:35:49.594+0200] {logging_mixin.py:188} INFO - [2025-06-01T00:35:49.594+0200] {dag.py:3954} INFO - Setting next_dagrun for example_branch_labels to 2025-05-30 00:00:00+00:00, run_after=2025-05-31 00:00:00+00:00
[2025-06-01T00:35:49.613+0200] {processor.py:183} INFO - Processing /home/leoja/airflow/airflow_venv/lib/python3.12/site-packages/airflow/example_dags/example_branch_labels.py took 0.060 seconds
[2025-06-01T00:37:00.976+0200] {processor.py:161} INFO - Started process (PID=142833) to work on /home/leoja/airflow/airflow_venv/lib/python3.12/site-packages/airflow/example_dags/example_branch_labels.py
[2025-06-01T00:37:00.978+0200] {processor.py:830} INFO - Processing file /home/leoja/airflow/airflow_venv/lib/python3.12/site-packages/airflow/example_dags/example_branch_labels.py for tasks to queue
[2025-06-01T00:37:00.979+0200] {logging_mixin.py:188} INFO - [2025-06-01T00:37:00.979+0200] {dagbag.py:540} INFO - Filling up the DagBag from /home/leoja/airflow/airflow_venv/lib/python3.12/site-packages/airflow/example_dags/example_branch_labels.py
[2025-06-01T00:37:00.985+0200] {processor.py:840} INFO - DAG(s) 'example_branch_labels' retrieved from /home/leoja/airflow/airflow_venv/lib/python3.12/site-packages/airflow/example_dags/example_branch_labels.py
[2025-06-01T00:37:01.001+0200] {logging_mixin.py:188} INFO - [2025-06-01T00:37:01.001+0200] {dag.py:3096} INFO - Sync 1 DAGs
[2025-06-01T00:37:01.018+0200] {logging_mixin.py:188} INFO - [2025-06-01T00:37:01.018+0200] {dag.py:3954} INFO - Setting next_dagrun for example_branch_labels to 2025-05-30 00:00:00+00:00, run_after=2025-05-31 00:00:00+00:00
[2025-06-01T00:37:01.039+0200] {processor.py:183} INFO - Processing /home/leoja/airflow/airflow_venv/lib/python3.12/site-packages/airflow/example_dags/example_branch_labels.py took 0.068 seconds
[2025-06-01T00:38:10.189+0200] {processor.py:161} INFO - Started process (PID=143085) to work on /home/leoja/airflow/airflow_venv/lib/python3.12/site-packages/airflow/example_dags/example_branch_labels.py
[2025-06-01T00:38:10.190+0200] {processor.py:830} INFO - Processing file /home/leoja/airflow/airflow_venv/lib/python3.12/site-packages/airflow/example_dags/example_branch_labels.py for tasks to queue
[2025-06-01T00:38:10.192+0200] {logging_mixin.py:188} INFO - [2025-06-01T00:38:10.190+0200] {dagbag.py:540} INFO - Filling up the DagBag from /home/leoja/airflow/airflow_venv/lib/python3.12/site-packages/airflow/example_dags/example_branch_labels.py
[2025-06-01T00:38:10.199+0200] {processor.py:840} INFO - DAG(s) 'example_branch_labels' retrieved from /home/leoja/airflow/airflow_venv/lib/python3.12/site-packages/airflow/example_dags/example_branch_labels.py
[2025-06-01T00:38:10.214+0200] {logging_mixin.py:188} INFO - [2025-06-01T00:38:10.214+0200] {dag.py:3096} INFO - Sync 1 DAGs
[2025-06-01T00:38:10.228+0200] {logging_mixin.py:188} INFO - [2025-06-01T00:38:10.228+0200] {dag.py:3954} INFO - Setting next_dagrun for example_branch_labels to 2025-05-30 00:00:00+00:00, run_after=2025-05-31 00:00:00+00:00
[2025-06-01T00:38:10.247+0200] {processor.py:183} INFO - Processing /home/leoja/airflow/airflow_venv/lib/python3.12/site-packages/airflow/example_dags/example_branch_labels.py took 0.064 seconds
[2025-06-01T00:39:18.306+0200] {processor.py:161} INFO - Started process (PID=143335) to work on /home/leoja/airflow/airflow_venv/lib/python3.12/site-packages/airflow/example_dags/example_branch_labels.py
[2025-06-01T00:39:18.307+0200] {processor.py:830} INFO - Processing file /home/leoja/airflow/airflow_venv/lib/python3.12/site-packages/airflow/example_dags/example_branch_labels.py for tasks to queue
[2025-06-01T00:39:18.308+0200] {logging_mixin.py:188} INFO - [2025-06-01T00:39:18.308+0200] {dagbag.py:540} INFO - Filling up the DagBag from /home/leoja/airflow/airflow_venv/lib/python3.12/site-packages/airflow/example_dags/example_branch_labels.py
[2025-06-01T00:39:18.314+0200] {processor.py:840} INFO - DAG(s) 'example_branch_labels' retrieved from /home/leoja/airflow/airflow_venv/lib/python3.12/site-packages/airflow/example_dags/example_branch_labels.py
[2025-06-01T00:39:18.328+0200] {logging_mixin.py:188} INFO - [2025-06-01T00:39:18.328+0200] {dag.py:3096} INFO - Sync 1 DAGs
[2025-06-01T00:39:18.343+0200] {logging_mixin.py:188} INFO - [2025-06-01T00:39:18.343+0200] {dag.py:3954} INFO - Setting next_dagrun for example_branch_labels to 2025-05-30 00:00:00+00:00, run_after=2025-05-31 00:00:00+00:00
[2025-06-01T00:39:18.362+0200] {processor.py:183} INFO - Processing /home/leoja/airflow/airflow_venv/lib/python3.12/site-packages/airflow/example_dags/example_branch_labels.py took 0.061 seconds
[2025-06-01T00:40:30.520+0200] {processor.py:161} INFO - Started process (PID=143583) to work on /home/leoja/airflow/airflow_venv/lib/python3.12/site-packages/airflow/example_dags/example_branch_labels.py
[2025-06-01T00:40:30.521+0200] {processor.py:830} INFO - Processing file /home/leoja/airflow/airflow_venv/lib/python3.12/site-packages/airflow/example_dags/example_branch_labels.py for tasks to queue
[2025-06-01T00:40:30.522+0200] {logging_mixin.py:188} INFO - [2025-06-01T00:40:30.521+0200] {dagbag.py:540} INFO - Filling up the DagBag from /home/leoja/airflow/airflow_venv/lib/python3.12/site-packages/airflow/example_dags/example_branch_labels.py
[2025-06-01T00:40:30.529+0200] {processor.py:840} INFO - DAG(s) 'example_branch_labels' retrieved from /home/leoja/airflow/airflow_venv/lib/python3.12/site-packages/airflow/example_dags/example_branch_labels.py
[2025-06-01T00:40:30.543+0200] {logging_mixin.py:188} INFO - [2025-06-01T00:40:30.542+0200] {dag.py:3096} INFO - Sync 1 DAGs
[2025-06-01T00:40:30.566+0200] {logging_mixin.py:188} INFO - [2025-06-01T00:40:30.565+0200] {dag.py:3954} INFO - Setting next_dagrun for example_branch_labels to 2025-05-30 00:00:00+00:00, run_after=2025-05-31 00:00:00+00:00
[2025-06-01T00:40:30.594+0200] {processor.py:183} INFO - Processing /home/leoja/airflow/airflow_venv/lib/python3.12/site-packages/airflow/example_dags/example_branch_labels.py took 0.080 seconds
[2025-06-01T00:41:50.270+0200] {processor.py:161} INFO - Started process (PID=143877) to work on /home/leoja/airflow/airflow_venv/lib/python3.12/site-packages/airflow/example_dags/example_branch_labels.py
[2025-06-01T00:41:50.272+0200] {processor.py:830} INFO - Processing file /home/leoja/airflow/airflow_venv/lib/python3.12/site-packages/airflow/example_dags/example_branch_labels.py for tasks to queue
[2025-06-01T00:41:50.272+0200] {logging_mixin.py:188} INFO - [2025-06-01T00:41:50.272+0200] {dagbag.py:540} INFO - Filling up the DagBag from /home/leoja/airflow/airflow_venv/lib/python3.12/site-packages/airflow/example_dags/example_branch_labels.py
[2025-06-01T00:41:50.279+0200] {processor.py:840} INFO - DAG(s) 'example_branch_labels' retrieved from /home/leoja/airflow/airflow_venv/lib/python3.12/site-packages/airflow/example_dags/example_branch_labels.py
[2025-06-01T00:41:50.294+0200] {logging_mixin.py:188} INFO - [2025-06-01T00:41:50.293+0200] {dag.py:3096} INFO - Sync 1 DAGs
[2025-06-01T00:41:50.308+0200] {logging_mixin.py:188} INFO - [2025-06-01T00:41:50.308+0200] {dag.py:3954} INFO - Setting next_dagrun for example_branch_labels to 2025-05-30 00:00:00+00:00, run_after=2025-05-31 00:00:00+00:00
[2025-06-01T00:41:50.329+0200] {processor.py:183} INFO - Processing /home/leoja/airflow/airflow_venv/lib/python3.12/site-packages/airflow/example_dags/example_branch_labels.py took 0.066 seconds
[2025-06-01T00:43:04.936+0200] {processor.py:161} INFO - Started process (PID=144150) to work on /home/leoja/airflow/airflow_venv/lib/python3.12/site-packages/airflow/example_dags/example_branch_labels.py
[2025-06-01T00:43:04.937+0200] {processor.py:830} INFO - Processing file /home/leoja/airflow/airflow_venv/lib/python3.12/site-packages/airflow/example_dags/example_branch_labels.py for tasks to queue
[2025-06-01T00:43:04.938+0200] {logging_mixin.py:188} INFO - [2025-06-01T00:43:04.938+0200] {dagbag.py:540} INFO - Filling up the DagBag from /home/leoja/airflow/airflow_venv/lib/python3.12/site-packages/airflow/example_dags/example_branch_labels.py
[2025-06-01T00:43:04.946+0200] {processor.py:840} INFO - DAG(s) 'example_branch_labels' retrieved from /home/leoja/airflow/airflow_venv/lib/python3.12/site-packages/airflow/example_dags/example_branch_labels.py
[2025-06-01T00:43:04.958+0200] {logging_mixin.py:188} INFO - [2025-06-01T00:43:04.958+0200] {dag.py:3096} INFO - Sync 1 DAGs
[2025-06-01T00:43:04.982+0200] {logging_mixin.py:188} INFO - [2025-06-01T00:43:04.982+0200] {dag.py:3954} INFO - Setting next_dagrun for example_branch_labels to 2025-05-30 00:00:00+00:00, run_after=2025-05-31 00:00:00+00:00
[2025-06-01T00:43:05.004+0200] {processor.py:183} INFO - Processing /home/leoja/airflow/airflow_venv/lib/python3.12/site-packages/airflow/example_dags/example_branch_labels.py took 0.073 seconds
[2025-06-01T00:44:14.599+0200] {processor.py:161} INFO - Started process (PID=144383) to work on /home/leoja/airflow/airflow_venv/lib/python3.12/site-packages/airflow/example_dags/example_branch_labels.py
[2025-06-01T00:44:14.602+0200] {processor.py:830} INFO - Processing file /home/leoja/airflow/airflow_venv/lib/python3.12/site-packages/airflow/example_dags/example_branch_labels.py for tasks to queue
[2025-06-01T00:44:14.603+0200] {logging_mixin.py:188} INFO - [2025-06-01T00:44:14.602+0200] {dagbag.py:540} INFO - Filling up the DagBag from /home/leoja/airflow/airflow_venv/lib/python3.12/site-packages/airflow/example_dags/example_branch_labels.py
[2025-06-01T00:44:14.610+0200] {processor.py:840} INFO - DAG(s) 'example_branch_labels' retrieved from /home/leoja/airflow/airflow_venv/lib/python3.12/site-packages/airflow/example_dags/example_branch_labels.py
[2025-06-01T00:44:14.624+0200] {logging_mixin.py:188} INFO - [2025-06-01T00:44:14.624+0200] {dag.py:3096} INFO - Sync 1 DAGs
[2025-06-01T00:44:14.637+0200] {logging_mixin.py:188} INFO - [2025-06-01T00:44:14.637+0200] {dag.py:3954} INFO - Setting next_dagrun for example_branch_labels to 2025-05-30 00:00:00+00:00, run_after=2025-05-31 00:00:00+00:00
[2025-06-01T00:44:14.658+0200] {processor.py:183} INFO - Processing /home/leoja/airflow/airflow_venv/lib/python3.12/site-packages/airflow/example_dags/example_branch_labels.py took 0.069 seconds
[2025-06-01T00:45:31.992+0200] {processor.py:161} INFO - Started process (PID=144660) to work on /home/leoja/airflow/airflow_venv/lib/python3.12/site-packages/airflow/example_dags/example_branch_labels.py
[2025-06-01T00:45:31.994+0200] {processor.py:830} INFO - Processing file /home/leoja/airflow/airflow_venv/lib/python3.12/site-packages/airflow/example_dags/example_branch_labels.py for tasks to queue
[2025-06-01T00:45:31.994+0200] {logging_mixin.py:188} INFO - [2025-06-01T00:45:31.994+0200] {dagbag.py:540} INFO - Filling up the DagBag from /home/leoja/airflow/airflow_venv/lib/python3.12/site-packages/airflow/example_dags/example_branch_labels.py
[2025-06-01T00:45:32.001+0200] {processor.py:840} INFO - DAG(s) 'example_branch_labels' retrieved from /home/leoja/airflow/airflow_venv/lib/python3.12/site-packages/airflow/example_dags/example_branch_labels.py
[2025-06-01T00:45:32.014+0200] {logging_mixin.py:188} INFO - [2025-06-01T00:45:32.014+0200] {dag.py:3096} INFO - Sync 1 DAGs
[2025-06-01T00:45:32.027+0200] {logging_mixin.py:188} INFO - [2025-06-01T00:45:32.027+0200] {dag.py:3954} INFO - Setting next_dagrun for example_branch_labels to 2025-05-30 00:00:00+00:00, run_after=2025-05-31 00:00:00+00:00
[2025-06-01T00:45:32.050+0200] {processor.py:183} INFO - Processing /home/leoja/airflow/airflow_venv/lib/python3.12/site-packages/airflow/example_dags/example_branch_labels.py took 0.063 seconds
[2025-06-01T00:46:46.541+0200] {processor.py:161} INFO - Started process (PID=144942) to work on /home/leoja/airflow/airflow_venv/lib/python3.12/site-packages/airflow/example_dags/example_branch_labels.py
[2025-06-01T00:46:46.543+0200] {processor.py:830} INFO - Processing file /home/leoja/airflow/airflow_venv/lib/python3.12/site-packages/airflow/example_dags/example_branch_labels.py for tasks to queue
[2025-06-01T00:46:46.545+0200] {logging_mixin.py:188} INFO - [2025-06-01T00:46:46.544+0200] {dagbag.py:540} INFO - Filling up the DagBag from /home/leoja/airflow/airflow_venv/lib/python3.12/site-packages/airflow/example_dags/example_branch_labels.py
[2025-06-01T00:46:46.552+0200] {processor.py:840} INFO - DAG(s) 'example_branch_labels' retrieved from /home/leoja/airflow/airflow_venv/lib/python3.12/site-packages/airflow/example_dags/example_branch_labels.py
[2025-06-01T00:46:46.566+0200] {logging_mixin.py:188} INFO - [2025-06-01T00:46:46.566+0200] {dag.py:3096} INFO - Sync 1 DAGs
[2025-06-01T00:46:46.583+0200] {logging_mixin.py:188} INFO - [2025-06-01T00:46:46.583+0200] {dag.py:3954} INFO - Setting next_dagrun for example_branch_labels to 2025-05-30 00:00:00+00:00, run_after=2025-05-31 00:00:00+00:00
[2025-06-01T00:46:46.606+0200] {processor.py:183} INFO - Processing /home/leoja/airflow/airflow_venv/lib/python3.12/site-packages/airflow/example_dags/example_branch_labels.py took 0.072 seconds
[2025-06-01T00:47:59.640+0200] {processor.py:161} INFO - Started process (PID=145192) to work on /home/leoja/airflow/airflow_venv/lib/python3.12/site-packages/airflow/example_dags/example_branch_labels.py
[2025-06-01T00:47:59.641+0200] {processor.py:830} INFO - Processing file /home/leoja/airflow/airflow_venv/lib/python3.12/site-packages/airflow/example_dags/example_branch_labels.py for tasks to queue
[2025-06-01T00:47:59.642+0200] {logging_mixin.py:188} INFO - [2025-06-01T00:47:59.642+0200] {dagbag.py:540} INFO - Filling up the DagBag from /home/leoja/airflow/airflow_venv/lib/python3.12/site-packages/airflow/example_dags/example_branch_labels.py
[2025-06-01T00:47:59.649+0200] {processor.py:840} INFO - DAG(s) 'example_branch_labels' retrieved from /home/leoja/airflow/airflow_venv/lib/python3.12/site-packages/airflow/example_dags/example_branch_labels.py
[2025-06-01T00:47:59.661+0200] {logging_mixin.py:188} INFO - [2025-06-01T00:47:59.661+0200] {dag.py:3096} INFO - Sync 1 DAGs
[2025-06-01T00:47:59.676+0200] {logging_mixin.py:188} INFO - [2025-06-01T00:47:59.676+0200] {dag.py:3954} INFO - Setting next_dagrun for example_branch_labels to 2025-05-30 00:00:00+00:00, run_after=2025-05-31 00:00:00+00:00
[2025-06-01T00:47:59.705+0200] {processor.py:183} INFO - Processing /home/leoja/airflow/airflow_venv/lib/python3.12/site-packages/airflow/example_dags/example_branch_labels.py took 0.074 seconds
[2025-06-01T00:49:11.793+0200] {processor.py:161} INFO - Started process (PID=145450) to work on /home/leoja/airflow/airflow_venv/lib/python3.12/site-packages/airflow/example_dags/example_branch_labels.py
[2025-06-01T00:49:11.794+0200] {processor.py:830} INFO - Processing file /home/leoja/airflow/airflow_venv/lib/python3.12/site-packages/airflow/example_dags/example_branch_labels.py for tasks to queue
[2025-06-01T00:49:11.795+0200] {logging_mixin.py:188} INFO - [2025-06-01T00:49:11.795+0200] {dagbag.py:540} INFO - Filling up the DagBag from /home/leoja/airflow/airflow_venv/lib/python3.12/site-packages/airflow/example_dags/example_branch_labels.py
[2025-06-01T00:49:11.803+0200] {processor.py:840} INFO - DAG(s) 'example_branch_labels' retrieved from /home/leoja/airflow/airflow_venv/lib/python3.12/site-packages/airflow/example_dags/example_branch_labels.py
[2025-06-01T00:49:11.818+0200] {logging_mixin.py:188} INFO - [2025-06-01T00:49:11.817+0200] {dag.py:3096} INFO - Sync 1 DAGs
[2025-06-01T00:49:11.835+0200] {logging_mixin.py:188} INFO - [2025-06-01T00:49:11.835+0200] {dag.py:3954} INFO - Setting next_dagrun for example_branch_labels to 2025-05-30 00:00:00+00:00, run_after=2025-05-31 00:00:00+00:00
[2025-06-01T00:49:11.859+0200] {processor.py:183} INFO - Processing /home/leoja/airflow/airflow_venv/lib/python3.12/site-packages/airflow/example_dags/example_branch_labels.py took 0.073 seconds
[2025-06-01T00:50:26.710+0200] {processor.py:161} INFO - Started process (PID=145708) to work on /home/leoja/airflow/airflow_venv/lib/python3.12/site-packages/airflow/example_dags/example_branch_labels.py
[2025-06-01T00:50:26.712+0200] {processor.py:830} INFO - Processing file /home/leoja/airflow/airflow_venv/lib/python3.12/site-packages/airflow/example_dags/example_branch_labels.py for tasks to queue
[2025-06-01T00:50:26.713+0200] {logging_mixin.py:188} INFO - [2025-06-01T00:50:26.713+0200] {dagbag.py:540} INFO - Filling up the DagBag from /home/leoja/airflow/airflow_venv/lib/python3.12/site-packages/airflow/example_dags/example_branch_labels.py
[2025-06-01T00:50:26.720+0200] {processor.py:840} INFO - DAG(s) 'example_branch_labels' retrieved from /home/leoja/airflow/airflow_venv/lib/python3.12/site-packages/airflow/example_dags/example_branch_labels.py
[2025-06-01T00:50:26.738+0200] {logging_mixin.py:188} INFO - [2025-06-01T00:50:26.737+0200] {dag.py:3096} INFO - Sync 1 DAGs
[2025-06-01T00:50:26.755+0200] {logging_mixin.py:188} INFO - [2025-06-01T00:50:26.754+0200] {dag.py:3954} INFO - Setting next_dagrun for example_branch_labels to 2025-05-30 00:00:00+00:00, run_after=2025-05-31 00:00:00+00:00
[2025-06-01T00:50:26.779+0200] {processor.py:183} INFO - Processing /home/leoja/airflow/airflow_venv/lib/python3.12/site-packages/airflow/example_dags/example_branch_labels.py took 0.076 seconds
[2025-06-01T00:51:39.703+0200] {processor.py:161} INFO - Started process (PID=145994) to work on /home/leoja/airflow/airflow_venv/lib/python3.12/site-packages/airflow/example_dags/example_branch_labels.py
[2025-06-01T00:51:39.704+0200] {processor.py:830} INFO - Processing file /home/leoja/airflow/airflow_venv/lib/python3.12/site-packages/airflow/example_dags/example_branch_labels.py for tasks to queue
[2025-06-01T00:51:39.705+0200] {logging_mixin.py:188} INFO - [2025-06-01T00:51:39.705+0200] {dagbag.py:540} INFO - Filling up the DagBag from /home/leoja/airflow/airflow_venv/lib/python3.12/site-packages/airflow/example_dags/example_branch_labels.py
[2025-06-01T00:51:39.713+0200] {processor.py:840} INFO - DAG(s) 'example_branch_labels' retrieved from /home/leoja/airflow/airflow_venv/lib/python3.12/site-packages/airflow/example_dags/example_branch_labels.py
[2025-06-01T00:51:39.728+0200] {logging_mixin.py:188} INFO - [2025-06-01T00:51:39.728+0200] {dag.py:3096} INFO - Sync 1 DAGs
[2025-06-01T00:51:39.746+0200] {logging_mixin.py:188} INFO - [2025-06-01T00:51:39.746+0200] {dag.py:3954} INFO - Setting next_dagrun for example_branch_labels to 2025-05-30 00:00:00+00:00, run_after=2025-05-31 00:00:00+00:00
[2025-06-01T00:51:39.768+0200] {processor.py:183} INFO - Processing /home/leoja/airflow/airflow_venv/lib/python3.12/site-packages/airflow/example_dags/example_branch_labels.py took 0.071 seconds
[2025-06-01T00:52:53.521+0200] {processor.py:161} INFO - Started process (PID=146246) to work on /home/leoja/airflow/airflow_venv/lib/python3.12/site-packages/airflow/example_dags/example_branch_labels.py
[2025-06-01T00:52:53.522+0200] {processor.py:830} INFO - Processing file /home/leoja/airflow/airflow_venv/lib/python3.12/site-packages/airflow/example_dags/example_branch_labels.py for tasks to queue
[2025-06-01T00:52:53.523+0200] {logging_mixin.py:188} INFO - [2025-06-01T00:52:53.523+0200] {dagbag.py:540} INFO - Filling up the DagBag from /home/leoja/airflow/airflow_venv/lib/python3.12/site-packages/airflow/example_dags/example_branch_labels.py
[2025-06-01T00:52:53.529+0200] {processor.py:840} INFO - DAG(s) 'example_branch_labels' retrieved from /home/leoja/airflow/airflow_venv/lib/python3.12/site-packages/airflow/example_dags/example_branch_labels.py
[2025-06-01T00:52:53.543+0200] {logging_mixin.py:188} INFO - [2025-06-01T00:52:53.543+0200] {dag.py:3096} INFO - Sync 1 DAGs
[2025-06-01T00:52:53.560+0200] {logging_mixin.py:188} INFO - [2025-06-01T00:52:53.560+0200] {dag.py:3954} INFO - Setting next_dagrun for example_branch_labels to 2025-05-30 00:00:00+00:00, run_after=2025-05-31 00:00:00+00:00
[2025-06-01T00:52:53.577+0200] {processor.py:183} INFO - Processing /home/leoja/airflow/airflow_venv/lib/python3.12/site-packages/airflow/example_dags/example_branch_labels.py took 0.065 seconds
[2025-06-01T00:54:05.342+0200] {processor.py:161} INFO - Started process (PID=146506) to work on /home/leoja/airflow/airflow_venv/lib/python3.12/site-packages/airflow/example_dags/example_branch_labels.py
[2025-06-01T00:54:05.343+0200] {processor.py:830} INFO - Processing file /home/leoja/airflow/airflow_venv/lib/python3.12/site-packages/airflow/example_dags/example_branch_labels.py for tasks to queue
[2025-06-01T00:54:05.344+0200] {logging_mixin.py:188} INFO - [2025-06-01T00:54:05.343+0200] {dagbag.py:540} INFO - Filling up the DagBag from /home/leoja/airflow/airflow_venv/lib/python3.12/site-packages/airflow/example_dags/example_branch_labels.py
[2025-06-01T00:54:05.350+0200] {processor.py:840} INFO - DAG(s) 'example_branch_labels' retrieved from /home/leoja/airflow/airflow_venv/lib/python3.12/site-packages/airflow/example_dags/example_branch_labels.py
[2025-06-01T00:54:05.362+0200] {logging_mixin.py:188} INFO - [2025-06-01T00:54:05.362+0200] {dag.py:3096} INFO - Sync 1 DAGs
[2025-06-01T00:54:05.381+0200] {logging_mixin.py:188} INFO - [2025-06-01T00:54:05.381+0200] {dag.py:3954} INFO - Setting next_dagrun for example_branch_labels to 2025-05-30 00:00:00+00:00, run_after=2025-05-31 00:00:00+00:00
[2025-06-01T00:54:05.401+0200] {processor.py:183} INFO - Processing /home/leoja/airflow/airflow_venv/lib/python3.12/site-packages/airflow/example_dags/example_branch_labels.py took 0.065 seconds
[2025-06-01T00:55:14.321+0200] {processor.py:161} INFO - Started process (PID=146752) to work on /home/leoja/airflow/airflow_venv/lib/python3.12/site-packages/airflow/example_dags/example_branch_labels.py
[2025-06-01T00:55:14.323+0200] {processor.py:830} INFO - Processing file /home/leoja/airflow/airflow_venv/lib/python3.12/site-packages/airflow/example_dags/example_branch_labels.py for tasks to queue
[2025-06-01T00:55:14.323+0200] {logging_mixin.py:188} INFO - [2025-06-01T00:55:14.323+0200] {dagbag.py:540} INFO - Filling up the DagBag from /home/leoja/airflow/airflow_venv/lib/python3.12/site-packages/airflow/example_dags/example_branch_labels.py
[2025-06-01T00:55:14.329+0200] {processor.py:840} INFO - DAG(s) 'example_branch_labels' retrieved from /home/leoja/airflow/airflow_venv/lib/python3.12/site-packages/airflow/example_dags/example_branch_labels.py
[2025-06-01T00:55:14.345+0200] {logging_mixin.py:188} INFO - [2025-06-01T00:55:14.344+0200] {dag.py:3096} INFO - Sync 1 DAGs
[2025-06-01T00:55:14.357+0200] {logging_mixin.py:188} INFO - [2025-06-01T00:55:14.357+0200] {dag.py:3954} INFO - Setting next_dagrun for example_branch_labels to 2025-05-30 00:00:00+00:00, run_after=2025-05-31 00:00:00+00:00
[2025-06-01T00:55:14.376+0200] {processor.py:183} INFO - Processing /home/leoja/airflow/airflow_venv/lib/python3.12/site-packages/airflow/example_dags/example_branch_labels.py took 0.062 seconds
[2025-06-01T00:56:25.437+0200] {processor.py:161} INFO - Started process (PID=147006) to work on /home/leoja/airflow/airflow_venv/lib/python3.12/site-packages/airflow/example_dags/example_branch_labels.py
[2025-06-01T00:56:25.438+0200] {processor.py:830} INFO - Processing file /home/leoja/airflow/airflow_venv/lib/python3.12/site-packages/airflow/example_dags/example_branch_labels.py for tasks to queue
[2025-06-01T00:56:25.439+0200] {logging_mixin.py:188} INFO - [2025-06-01T00:56:25.439+0200] {dagbag.py:540} INFO - Filling up the DagBag from /home/leoja/airflow/airflow_venv/lib/python3.12/site-packages/airflow/example_dags/example_branch_labels.py
[2025-06-01T00:56:25.447+0200] {processor.py:840} INFO - DAG(s) 'example_branch_labels' retrieved from /home/leoja/airflow/airflow_venv/lib/python3.12/site-packages/airflow/example_dags/example_branch_labels.py
[2025-06-01T00:56:25.460+0200] {logging_mixin.py:188} INFO - [2025-06-01T00:56:25.460+0200] {dag.py:3096} INFO - Sync 1 DAGs
[2025-06-01T00:56:25.472+0200] {logging_mixin.py:188} INFO - [2025-06-01T00:56:25.472+0200] {dag.py:3954} INFO - Setting next_dagrun for example_branch_labels to 2025-05-30 00:00:00+00:00, run_after=2025-05-31 00:00:00+00:00
[2025-06-01T00:56:25.492+0200] {processor.py:183} INFO - Processing /home/leoja/airflow/airflow_venv/lib/python3.12/site-packages/airflow/example_dags/example_branch_labels.py took 0.064 seconds
[2025-06-01T00:57:38.288+0200] {processor.py:161} INFO - Started process (PID=147259) to work on /home/leoja/airflow/airflow_venv/lib/python3.12/site-packages/airflow/example_dags/example_branch_labels.py
[2025-06-01T00:57:38.290+0200] {processor.py:830} INFO - Processing file /home/leoja/airflow/airflow_venv/lib/python3.12/site-packages/airflow/example_dags/example_branch_labels.py for tasks to queue
[2025-06-01T00:57:38.291+0200] {logging_mixin.py:188} INFO - [2025-06-01T00:57:38.291+0200] {dagbag.py:540} INFO - Filling up the DagBag from /home/leoja/airflow/airflow_venv/lib/python3.12/site-packages/airflow/example_dags/example_branch_labels.py
[2025-06-01T00:57:38.297+0200] {processor.py:840} INFO - DAG(s) 'example_branch_labels' retrieved from /home/leoja/airflow/airflow_venv/lib/python3.12/site-packages/airflow/example_dags/example_branch_labels.py
[2025-06-01T00:57:38.309+0200] {logging_mixin.py:188} INFO - [2025-06-01T00:57:38.309+0200] {dag.py:3096} INFO - Sync 1 DAGs
[2025-06-01T00:57:38.324+0200] {logging_mixin.py:188} INFO - [2025-06-01T00:57:38.324+0200] {dag.py:3954} INFO - Setting next_dagrun for example_branch_labels to 2025-05-30 00:00:00+00:00, run_after=2025-05-31 00:00:00+00:00
[2025-06-01T00:57:38.344+0200] {processor.py:183} INFO - Processing /home/leoja/airflow/airflow_venv/lib/python3.12/site-packages/airflow/example_dags/example_branch_labels.py took 0.062 seconds
[2025-06-01T00:58:53.386+0200] {processor.py:161} INFO - Started process (PID=147545) to work on /home/leoja/airflow/airflow_venv/lib/python3.12/site-packages/airflow/example_dags/example_branch_labels.py
[2025-06-01T00:58:53.388+0200] {processor.py:830} INFO - Processing file /home/leoja/airflow/airflow_venv/lib/python3.12/site-packages/airflow/example_dags/example_branch_labels.py for tasks to queue
[2025-06-01T00:58:53.388+0200] {logging_mixin.py:188} INFO - [2025-06-01T00:58:53.388+0200] {dagbag.py:540} INFO - Filling up the DagBag from /home/leoja/airflow/airflow_venv/lib/python3.12/site-packages/airflow/example_dags/example_branch_labels.py
[2025-06-01T00:58:53.394+0200] {processor.py:840} INFO - DAG(s) 'example_branch_labels' retrieved from /home/leoja/airflow/airflow_venv/lib/python3.12/site-packages/airflow/example_dags/example_branch_labels.py
[2025-06-01T00:58:53.408+0200] {logging_mixin.py:188} INFO - [2025-06-01T00:58:53.408+0200] {dag.py:3096} INFO - Sync 1 DAGs
[2025-06-01T00:58:53.425+0200] {logging_mixin.py:188} INFO - [2025-06-01T00:58:53.425+0200] {dag.py:3954} INFO - Setting next_dagrun for example_branch_labels to 2025-05-30 00:00:00+00:00, run_after=2025-05-31 00:00:00+00:00
[2025-06-01T00:58:53.443+0200] {processor.py:183} INFO - Processing /home/leoja/airflow/airflow_venv/lib/python3.12/site-packages/airflow/example_dags/example_branch_labels.py took 0.062 seconds
[2025-06-01T01:00:08.654+0200] {processor.py:161} INFO - Started process (PID=147798) to work on /home/leoja/airflow/airflow_venv/lib/python3.12/site-packages/airflow/example_dags/example_branch_labels.py
[2025-06-01T01:00:08.655+0200] {processor.py:830} INFO - Processing file /home/leoja/airflow/airflow_venv/lib/python3.12/site-packages/airflow/example_dags/example_branch_labels.py for tasks to queue
[2025-06-01T01:00:08.657+0200] {logging_mixin.py:188} INFO - [2025-06-01T01:00:08.656+0200] {dagbag.py:540} INFO - Filling up the DagBag from /home/leoja/airflow/airflow_venv/lib/python3.12/site-packages/airflow/example_dags/example_branch_labels.py
[2025-06-01T01:00:08.666+0200] {processor.py:840} INFO - DAG(s) 'example_branch_labels' retrieved from /home/leoja/airflow/airflow_venv/lib/python3.12/site-packages/airflow/example_dags/example_branch_labels.py
[2025-06-01T01:00:08.679+0200] {logging_mixin.py:188} INFO - [2025-06-01T01:00:08.679+0200] {dag.py:3096} INFO - Sync 1 DAGs
[2025-06-01T01:00:08.694+0200] {logging_mixin.py:188} INFO - [2025-06-01T01:00:08.694+0200] {dag.py:3954} INFO - Setting next_dagrun for example_branch_labels to 2025-05-30 00:00:00+00:00, run_after=2025-05-31 00:00:00+00:00
[2025-06-01T01:00:08.711+0200] {processor.py:183} INFO - Processing /home/leoja/airflow/airflow_venv/lib/python3.12/site-packages/airflow/example_dags/example_branch_labels.py took 0.063 seconds
