[2025-05-31T23:51:41.733+0200] {processor.py:161} INFO - Started process (PID=133127) to work on /home/leoja/airflow/airflow_venv/lib/python3.12/site-packages/airflow/example_dags/example_complex.py
[2025-05-31T23:51:41.734+0200] {processor.py:830} INFO - Processing file /home/leoja/airflow/airflow_venv/lib/python3.12/site-packages/airflow/example_dags/example_complex.py for tasks to queue
[2025-05-31T23:51:41.734+0200] {logging_mixin.py:188} INFO - [2025-05-31T23:51:41.734+0200] {dagbag.py:540} INFO - Filling up the DagBag from /home/leoja/airflow/airflow_venv/lib/python3.12/site-packages/airflow/example_dags/example_complex.py
[2025-05-31T23:51:41.741+0200] {processor.py:840} INFO - DAG(s) 'example_complex' retrieved from /home/leoja/airflow/airflow_venv/lib/python3.12/site-packages/airflow/example_dags/example_complex.py
[2025-05-31T23:51:41.757+0200] {logging_mixin.py:188} INFO - [2025-05-31T23:51:41.756+0200] {dag.py:3096} INFO - Sync 1 DAGs
[2025-05-31T23:51:41.764+0200] {logging_mixin.py:188} INFO - [2025-05-31T23:51:41.764+0200] {dag.py:3954} INFO - Setting next_dagrun for example_complex to None, run_after=None
[2025-05-31T23:51:41.785+0200] {processor.py:183} INFO - Processing /home/leoja/airflow/airflow_venv/lib/python3.12/site-packages/airflow/example_dags/example_complex.py took 0.057 seconds
[2025-05-31T23:52:38.779+0200] {processor.py:161} INFO - Started process (PID=133313) to work on /home/leoja/airflow/airflow_venv/lib/python3.12/site-packages/airflow/example_dags/example_complex.py
[2025-05-31T23:52:38.781+0200] {processor.py:830} INFO - Processing file /home/leoja/airflow/airflow_venv/lib/python3.12/site-packages/airflow/example_dags/example_complex.py for tasks to queue
[2025-05-31T23:52:38.781+0200] {logging_mixin.py:188} INFO - [2025-05-31T23:52:38.781+0200] {dagbag.py:540} INFO - Filling up the DagBag from /home/leoja/airflow/airflow_venv/lib/python3.12/site-packages/airflow/example_dags/example_complex.py
[2025-05-31T23:52:38.790+0200] {processor.py:840} INFO - DAG(s) 'example_complex' retrieved from /home/leoja/airflow/airflow_venv/lib/python3.12/site-packages/airflow/example_dags/example_complex.py
[2025-05-31T23:52:38.810+0200] {logging_mixin.py:188} INFO - [2025-05-31T23:52:38.809+0200] {dag.py:3096} INFO - Sync 1 DAGs
[2025-05-31T23:52:38.819+0200] {logging_mixin.py:188} INFO - [2025-05-31T23:52:38.818+0200] {dag.py:3954} INFO - Setting next_dagrun for example_complex to None, run_after=None
[2025-05-31T23:52:38.844+0200] {processor.py:183} INFO - Processing /home/leoja/airflow/airflow_venv/lib/python3.12/site-packages/airflow/example_dags/example_complex.py took 0.073 seconds
[2025-05-31T23:54:09.224+0200] {processor.py:161} INFO - Started process (PID=133632) to work on /home/leoja/airflow/airflow_venv/lib/python3.12/site-packages/airflow/example_dags/example_complex.py
[2025-05-31T23:54:09.225+0200] {processor.py:830} INFO - Processing file /home/leoja/airflow/airflow_venv/lib/python3.12/site-packages/airflow/example_dags/example_complex.py for tasks to queue
[2025-05-31T23:54:09.226+0200] {logging_mixin.py:188} INFO - [2025-05-31T23:54:09.226+0200] {dagbag.py:540} INFO - Filling up the DagBag from /home/leoja/airflow/airflow_venv/lib/python3.12/site-packages/airflow/example_dags/example_complex.py
[2025-05-31T23:54:09.234+0200] {processor.py:840} INFO - DAG(s) 'example_complex' retrieved from /home/leoja/airflow/airflow_venv/lib/python3.12/site-packages/airflow/example_dags/example_complex.py
[2025-05-31T23:54:09.254+0200] {logging_mixin.py:188} INFO - [2025-05-31T23:54:09.254+0200] {dag.py:3096} INFO - Sync 1 DAGs
[2025-05-31T23:54:09.264+0200] {logging_mixin.py:188} INFO - [2025-05-31T23:54:09.264+0200] {dag.py:3954} INFO - Setting next_dagrun for example_complex to None, run_after=None
[2025-05-31T23:54:09.282+0200] {processor.py:183} INFO - Processing /home/leoja/airflow/airflow_venv/lib/python3.12/site-packages/airflow/example_dags/example_complex.py took 0.063 seconds
[2025-05-31T23:55:12.201+0200] {processor.py:161} INFO - Started process (PID=133873) to work on /home/leoja/airflow/airflow_venv/lib/python3.12/site-packages/airflow/example_dags/example_complex.py
[2025-05-31T23:55:12.202+0200] {processor.py:830} INFO - Processing file /home/leoja/airflow/airflow_venv/lib/python3.12/site-packages/airflow/example_dags/example_complex.py for tasks to queue
[2025-05-31T23:55:12.203+0200] {logging_mixin.py:188} INFO - [2025-05-31T23:55:12.203+0200] {dagbag.py:540} INFO - Filling up the DagBag from /home/leoja/airflow/airflow_venv/lib/python3.12/site-packages/airflow/example_dags/example_complex.py
[2025-05-31T23:55:12.211+0200] {processor.py:840} INFO - DAG(s) 'example_complex' retrieved from /home/leoja/airflow/airflow_venv/lib/python3.12/site-packages/airflow/example_dags/example_complex.py
[2025-05-31T23:55:12.233+0200] {logging_mixin.py:188} INFO - [2025-05-31T23:55:12.233+0200] {dag.py:3096} INFO - Sync 1 DAGs
[2025-05-31T23:55:12.243+0200] {logging_mixin.py:188} INFO - [2025-05-31T23:55:12.243+0200] {dag.py:3954} INFO - Setting next_dagrun for example_complex to None, run_after=None
[2025-05-31T23:55:12.268+0200] {processor.py:183} INFO - Processing /home/leoja/airflow/airflow_venv/lib/python3.12/site-packages/airflow/example_dags/example_complex.py took 0.073 seconds
[2025-05-31T23:56:33.251+0200] {processor.py:161} INFO - Started process (PID=134159) to work on /home/leoja/airflow/airflow_venv/lib/python3.12/site-packages/airflow/example_dags/example_complex.py
[2025-05-31T23:56:33.253+0200] {processor.py:830} INFO - Processing file /home/leoja/airflow/airflow_venv/lib/python3.12/site-packages/airflow/example_dags/example_complex.py for tasks to queue
[2025-05-31T23:56:33.254+0200] {logging_mixin.py:188} INFO - [2025-05-31T23:56:33.253+0200] {dagbag.py:540} INFO - Filling up the DagBag from /home/leoja/airflow/airflow_venv/lib/python3.12/site-packages/airflow/example_dags/example_complex.py
[2025-05-31T23:56:33.265+0200] {processor.py:840} INFO - DAG(s) 'example_complex' retrieved from /home/leoja/airflow/airflow_venv/lib/python3.12/site-packages/airflow/example_dags/example_complex.py
[2025-05-31T23:56:33.288+0200] {logging_mixin.py:188} INFO - [2025-05-31T23:56:33.288+0200] {dag.py:3096} INFO - Sync 1 DAGs
[2025-05-31T23:56:33.296+0200] {logging_mixin.py:188} INFO - [2025-05-31T23:56:33.296+0200] {dag.py:3954} INFO - Setting next_dagrun for example_complex to None, run_after=None
[2025-05-31T23:56:33.314+0200] {processor.py:183} INFO - Processing /home/leoja/airflow/airflow_venv/lib/python3.12/site-packages/airflow/example_dags/example_complex.py took 0.070 seconds
[2025-05-31T23:57:45.456+0200] {processor.py:161} INFO - Started process (PID=134420) to work on /home/leoja/airflow/airflow_venv/lib/python3.12/site-packages/airflow/example_dags/example_complex.py
[2025-05-31T23:57:45.458+0200] {processor.py:830} INFO - Processing file /home/leoja/airflow/airflow_venv/lib/python3.12/site-packages/airflow/example_dags/example_complex.py for tasks to queue
[2025-05-31T23:57:45.458+0200] {logging_mixin.py:188} INFO - [2025-05-31T23:57:45.458+0200] {dagbag.py:540} INFO - Filling up the DagBag from /home/leoja/airflow/airflow_venv/lib/python3.12/site-packages/airflow/example_dags/example_complex.py
[2025-05-31T23:57:45.471+0200] {processor.py:840} INFO - DAG(s) 'example_complex' retrieved from /home/leoja/airflow/airflow_venv/lib/python3.12/site-packages/airflow/example_dags/example_complex.py
[2025-05-31T23:57:45.500+0200] {logging_mixin.py:188} INFO - [2025-05-31T23:57:45.500+0200] {dag.py:3096} INFO - Sync 1 DAGs
[2025-05-31T23:57:45.511+0200] {logging_mixin.py:188} INFO - [2025-05-31T23:57:45.511+0200] {dag.py:3954} INFO - Setting next_dagrun for example_complex to None, run_after=None
[2025-05-31T23:57:45.548+0200] {processor.py:183} INFO - Processing /home/leoja/airflow/airflow_venv/lib/python3.12/site-packages/airflow/example_dags/example_complex.py took 0.098 seconds
[2025-05-31T23:58:43.458+0200] {processor.py:161} INFO - Started process (PID=134629) to work on /home/leoja/airflow/airflow_venv/lib/python3.12/site-packages/airflow/example_dags/example_complex.py
[2025-05-31T23:58:43.460+0200] {processor.py:830} INFO - Processing file /home/leoja/airflow/airflow_venv/lib/python3.12/site-packages/airflow/example_dags/example_complex.py for tasks to queue
[2025-05-31T23:58:43.461+0200] {logging_mixin.py:188} INFO - [2025-05-31T23:58:43.461+0200] {dagbag.py:540} INFO - Filling up the DagBag from /home/leoja/airflow/airflow_venv/lib/python3.12/site-packages/airflow/example_dags/example_complex.py
[2025-05-31T23:58:43.471+0200] {processor.py:840} INFO - DAG(s) 'example_complex' retrieved from /home/leoja/airflow/airflow_venv/lib/python3.12/site-packages/airflow/example_dags/example_complex.py
[2025-05-31T23:58:43.491+0200] {logging_mixin.py:188} INFO - [2025-05-31T23:58:43.491+0200] {dag.py:3096} INFO - Sync 1 DAGs
[2025-05-31T23:58:43.501+0200] {logging_mixin.py:188} INFO - [2025-05-31T23:58:43.501+0200] {dag.py:3954} INFO - Setting next_dagrun for example_complex to None, run_after=None
[2025-05-31T23:58:43.525+0200] {processor.py:183} INFO - Processing /home/leoja/airflow/airflow_venv/lib/python3.12/site-packages/airflow/example_dags/example_complex.py took 0.073 seconds
[2025-06-01T00:00:07.494+0200] {processor.py:161} INFO - Started process (PID=134959) to work on /home/leoja/airflow/airflow_venv/lib/python3.12/site-packages/airflow/example_dags/example_complex.py
[2025-06-01T00:00:07.496+0200] {processor.py:830} INFO - Processing file /home/leoja/airflow/airflow_venv/lib/python3.12/site-packages/airflow/example_dags/example_complex.py for tasks to queue
[2025-06-01T00:00:07.497+0200] {logging_mixin.py:188} INFO - [2025-06-01T00:00:07.496+0200] {dagbag.py:540} INFO - Filling up the DagBag from /home/leoja/airflow/airflow_venv/lib/python3.12/site-packages/airflow/example_dags/example_complex.py
[2025-06-01T00:00:07.504+0200] {processor.py:840} INFO - DAG(s) 'example_complex' retrieved from /home/leoja/airflow/airflow_venv/lib/python3.12/site-packages/airflow/example_dags/example_complex.py
[2025-06-01T00:00:07.521+0200] {logging_mixin.py:188} INFO - [2025-06-01T00:00:07.521+0200] {dag.py:3096} INFO - Sync 1 DAGs
[2025-06-01T00:00:07.531+0200] {logging_mixin.py:188} INFO - [2025-06-01T00:00:07.530+0200] {dag.py:3954} INFO - Setting next_dagrun for example_complex to None, run_after=None
[2025-06-01T00:00:07.552+0200] {processor.py:183} INFO - Processing /home/leoja/airflow/airflow_venv/lib/python3.12/site-packages/airflow/example_dags/example_complex.py took 0.067 seconds
[2025-06-01T00:01:23.113+0200] {processor.py:161} INFO - Started process (PID=135236) to work on /home/leoja/airflow/airflow_venv/lib/python3.12/site-packages/airflow/example_dags/example_complex.py
[2025-06-01T00:01:23.114+0200] {processor.py:830} INFO - Processing file /home/leoja/airflow/airflow_venv/lib/python3.12/site-packages/airflow/example_dags/example_complex.py for tasks to queue
[2025-06-01T00:01:23.115+0200] {logging_mixin.py:188} INFO - [2025-06-01T00:01:23.115+0200] {dagbag.py:540} INFO - Filling up the DagBag from /home/leoja/airflow/airflow_venv/lib/python3.12/site-packages/airflow/example_dags/example_complex.py
[2025-06-01T00:01:23.125+0200] {processor.py:840} INFO - DAG(s) 'example_complex' retrieved from /home/leoja/airflow/airflow_venv/lib/python3.12/site-packages/airflow/example_dags/example_complex.py
[2025-06-01T00:01:23.144+0200] {logging_mixin.py:188} INFO - [2025-06-01T00:01:23.144+0200] {dag.py:3096} INFO - Sync 1 DAGs
[2025-06-01T00:01:23.154+0200] {logging_mixin.py:188} INFO - [2025-06-01T00:01:23.154+0200] {dag.py:3954} INFO - Setting next_dagrun for example_complex to None, run_after=None
[2025-06-01T00:01:23.178+0200] {processor.py:183} INFO - Processing /home/leoja/airflow/airflow_venv/lib/python3.12/site-packages/airflow/example_dags/example_complex.py took 0.071 seconds
[2025-06-01T00:02:18.674+0200] {processor.py:161} INFO - Started process (PID=135418) to work on /home/leoja/airflow/airflow_venv/lib/python3.12/site-packages/airflow/example_dags/example_complex.py
[2025-06-01T00:02:18.677+0200] {processor.py:830} INFO - Processing file /home/leoja/airflow/airflow_venv/lib/python3.12/site-packages/airflow/example_dags/example_complex.py for tasks to queue
[2025-06-01T00:02:18.679+0200] {logging_mixin.py:188} INFO - [2025-06-01T00:02:18.678+0200] {dagbag.py:540} INFO - Filling up the DagBag from /home/leoja/airflow/airflow_venv/lib/python3.12/site-packages/airflow/example_dags/example_complex.py
[2025-06-01T00:02:18.693+0200] {processor.py:840} INFO - DAG(s) 'example_complex' retrieved from /home/leoja/airflow/airflow_venv/lib/python3.12/site-packages/airflow/example_dags/example_complex.py
[2025-06-01T00:02:18.712+0200] {logging_mixin.py:188} INFO - [2025-06-01T00:02:18.711+0200] {dag.py:3096} INFO - Sync 1 DAGs
[2025-06-01T00:02:18.720+0200] {logging_mixin.py:188} INFO - [2025-06-01T00:02:18.719+0200] {dag.py:3954} INFO - Setting next_dagrun for example_complex to None, run_after=None
[2025-06-01T00:02:18.746+0200] {processor.py:183} INFO - Processing /home/leoja/airflow/airflow_venv/lib/python3.12/site-packages/airflow/example_dags/example_complex.py took 0.092 seconds
[2025-06-01T00:03:32.010+0200] {processor.py:161} INFO - Started process (PID=135670) to work on /home/leoja/airflow/airflow_venv/lib/python3.12/site-packages/airflow/example_dags/example_complex.py
[2025-06-01T00:03:32.011+0200] {processor.py:830} INFO - Processing file /home/leoja/airflow/airflow_venv/lib/python3.12/site-packages/airflow/example_dags/example_complex.py for tasks to queue
[2025-06-01T00:03:32.012+0200] {logging_mixin.py:188} INFO - [2025-06-01T00:03:32.012+0200] {dagbag.py:540} INFO - Filling up the DagBag from /home/leoja/airflow/airflow_venv/lib/python3.12/site-packages/airflow/example_dags/example_complex.py
[2025-06-01T00:03:32.019+0200] {processor.py:840} INFO - DAG(s) 'example_complex' retrieved from /home/leoja/airflow/airflow_venv/lib/python3.12/site-packages/airflow/example_dags/example_complex.py
[2025-06-01T00:03:32.039+0200] {logging_mixin.py:188} INFO - [2025-06-01T00:03:32.039+0200] {dag.py:3096} INFO - Sync 1 DAGs
[2025-06-01T00:03:32.048+0200] {logging_mixin.py:188} INFO - [2025-06-01T00:03:32.048+0200] {dag.py:3954} INFO - Setting next_dagrun for example_complex to None, run_after=None
[2025-06-01T00:03:32.071+0200] {processor.py:183} INFO - Processing /home/leoja/airflow/airflow_venv/lib/python3.12/site-packages/airflow/example_dags/example_complex.py took 0.066 seconds
[2025-06-01T00:04:47.208+0200] {processor.py:161} INFO - Started process (PID=135950) to work on /home/leoja/airflow/airflow_venv/lib/python3.12/site-packages/airflow/example_dags/example_complex.py
[2025-06-01T00:04:47.209+0200] {processor.py:830} INFO - Processing file /home/leoja/airflow/airflow_venv/lib/python3.12/site-packages/airflow/example_dags/example_complex.py for tasks to queue
[2025-06-01T00:04:47.210+0200] {logging_mixin.py:188} INFO - [2025-06-01T00:04:47.209+0200] {dagbag.py:540} INFO - Filling up the DagBag from /home/leoja/airflow/airflow_venv/lib/python3.12/site-packages/airflow/example_dags/example_complex.py
[2025-06-01T00:04:47.216+0200] {processor.py:840} INFO - DAG(s) 'example_complex' retrieved from /home/leoja/airflow/airflow_venv/lib/python3.12/site-packages/airflow/example_dags/example_complex.py
[2025-06-01T00:04:47.235+0200] {logging_mixin.py:188} INFO - [2025-06-01T00:04:47.234+0200] {dag.py:3096} INFO - Sync 1 DAGs
[2025-06-01T00:04:47.242+0200] {logging_mixin.py:188} INFO - [2025-06-01T00:04:47.242+0200] {dag.py:3954} INFO - Setting next_dagrun for example_complex to None, run_after=None
[2025-06-01T00:04:47.265+0200] {processor.py:183} INFO - Processing /home/leoja/airflow/airflow_venv/lib/python3.12/site-packages/airflow/example_dags/example_complex.py took 0.066 seconds
[2025-06-01T00:05:56.355+0200] {processor.py:161} INFO - Started process (PID=136199) to work on /home/leoja/airflow/airflow_venv/lib/python3.12/site-packages/airflow/example_dags/example_complex.py
[2025-06-01T00:05:56.356+0200] {processor.py:830} INFO - Processing file /home/leoja/airflow/airflow_venv/lib/python3.12/site-packages/airflow/example_dags/example_complex.py for tasks to queue
[2025-06-01T00:05:56.357+0200] {logging_mixin.py:188} INFO - [2025-06-01T00:05:56.357+0200] {dagbag.py:540} INFO - Filling up the DagBag from /home/leoja/airflow/airflow_venv/lib/python3.12/site-packages/airflow/example_dags/example_complex.py
[2025-06-01T00:05:56.364+0200] {processor.py:840} INFO - DAG(s) 'example_complex' retrieved from /home/leoja/airflow/airflow_venv/lib/python3.12/site-packages/airflow/example_dags/example_complex.py
[2025-06-01T00:05:56.383+0200] {logging_mixin.py:188} INFO - [2025-06-01T00:05:56.383+0200] {dag.py:3096} INFO - Sync 1 DAGs
[2025-06-01T00:05:56.391+0200] {logging_mixin.py:188} INFO - [2025-06-01T00:05:56.391+0200] {dag.py:3954} INFO - Setting next_dagrun for example_complex to None, run_after=None
[2025-06-01T00:05:56.412+0200] {processor.py:183} INFO - Processing /home/leoja/airflow/airflow_venv/lib/python3.12/site-packages/airflow/example_dags/example_complex.py took 0.063 seconds
[2025-06-01T00:07:12.333+0200] {processor.py:161} INFO - Started process (PID=136467) to work on /home/leoja/airflow/airflow_venv/lib/python3.12/site-packages/airflow/example_dags/example_complex.py
[2025-06-01T00:07:12.334+0200] {processor.py:830} INFO - Processing file /home/leoja/airflow/airflow_venv/lib/python3.12/site-packages/airflow/example_dags/example_complex.py for tasks to queue
[2025-06-01T00:07:12.335+0200] {logging_mixin.py:188} INFO - [2025-06-01T00:07:12.335+0200] {dagbag.py:540} INFO - Filling up the DagBag from /home/leoja/airflow/airflow_venv/lib/python3.12/site-packages/airflow/example_dags/example_complex.py
[2025-06-01T00:07:12.342+0200] {processor.py:840} INFO - DAG(s) 'example_complex' retrieved from /home/leoja/airflow/airflow_venv/lib/python3.12/site-packages/airflow/example_dags/example_complex.py
[2025-06-01T00:07:12.365+0200] {logging_mixin.py:188} INFO - [2025-06-01T00:07:12.365+0200] {dag.py:3096} INFO - Sync 1 DAGs
[2025-06-01T00:07:12.374+0200] {logging_mixin.py:188} INFO - [2025-06-01T00:07:12.374+0200] {dag.py:3954} INFO - Setting next_dagrun for example_complex to None, run_after=None
[2025-06-01T00:07:12.396+0200] {processor.py:183} INFO - Processing /home/leoja/airflow/airflow_venv/lib/python3.12/site-packages/airflow/example_dags/example_complex.py took 0.069 seconds
[2025-06-01T00:08:30.268+0200] {processor.py:161} INFO - Started process (PID=136742) to work on /home/leoja/airflow/airflow_venv/lib/python3.12/site-packages/airflow/example_dags/example_complex.py
[2025-06-01T00:08:30.270+0200] {processor.py:830} INFO - Processing file /home/leoja/airflow/airflow_venv/lib/python3.12/site-packages/airflow/example_dags/example_complex.py for tasks to queue
[2025-06-01T00:08:30.271+0200] {logging_mixin.py:188} INFO - [2025-06-01T00:08:30.270+0200] {dagbag.py:540} INFO - Filling up the DagBag from /home/leoja/airflow/airflow_venv/lib/python3.12/site-packages/airflow/example_dags/example_complex.py
[2025-06-01T00:08:30.277+0200] {processor.py:840} INFO - DAG(s) 'example_complex' retrieved from /home/leoja/airflow/airflow_venv/lib/python3.12/site-packages/airflow/example_dags/example_complex.py
[2025-06-01T00:08:30.296+0200] {logging_mixin.py:188} INFO - [2025-06-01T00:08:30.296+0200] {dag.py:3096} INFO - Sync 1 DAGs
[2025-06-01T00:08:30.304+0200] {logging_mixin.py:188} INFO - [2025-06-01T00:08:30.304+0200] {dag.py:3954} INFO - Setting next_dagrun for example_complex to None, run_after=None
[2025-06-01T00:08:30.326+0200] {processor.py:183} INFO - Processing /home/leoja/airflow/airflow_venv/lib/python3.12/site-packages/airflow/example_dags/example_complex.py took 0.063 seconds
[2025-06-01T00:09:39.919+0200] {processor.py:161} INFO - Started process (PID=136997) to work on /home/leoja/airflow/airflow_venv/lib/python3.12/site-packages/airflow/example_dags/example_complex.py
[2025-06-01T00:09:39.920+0200] {processor.py:830} INFO - Processing file /home/leoja/airflow/airflow_venv/lib/python3.12/site-packages/airflow/example_dags/example_complex.py for tasks to queue
[2025-06-01T00:09:39.921+0200] {logging_mixin.py:188} INFO - [2025-06-01T00:09:39.921+0200] {dagbag.py:540} INFO - Filling up the DagBag from /home/leoja/airflow/airflow_venv/lib/python3.12/site-packages/airflow/example_dags/example_complex.py
[2025-06-01T00:09:39.930+0200] {processor.py:840} INFO - DAG(s) 'example_complex' retrieved from /home/leoja/airflow/airflow_venv/lib/python3.12/site-packages/airflow/example_dags/example_complex.py
[2025-06-01T00:09:39.949+0200] {logging_mixin.py:188} INFO - [2025-06-01T00:09:39.949+0200] {dag.py:3096} INFO - Sync 1 DAGs
[2025-06-01T00:09:39.958+0200] {logging_mixin.py:188} INFO - [2025-06-01T00:09:39.958+0200] {dag.py:3954} INFO - Setting next_dagrun for example_complex to None, run_after=None
[2025-06-01T00:09:39.977+0200] {processor.py:183} INFO - Processing /home/leoja/airflow/airflow_venv/lib/python3.12/site-packages/airflow/example_dags/example_complex.py took 0.065 seconds
[2025-06-01T00:10:54.288+0200] {processor.py:161} INFO - Started process (PID=137248) to work on /home/leoja/airflow/airflow_venv/lib/python3.12/site-packages/airflow/example_dags/example_complex.py
[2025-06-01T00:10:54.289+0200] {processor.py:830} INFO - Processing file /home/leoja/airflow/airflow_venv/lib/python3.12/site-packages/airflow/example_dags/example_complex.py for tasks to queue
[2025-06-01T00:10:54.291+0200] {logging_mixin.py:188} INFO - [2025-06-01T00:10:54.290+0200] {dagbag.py:540} INFO - Filling up the DagBag from /home/leoja/airflow/airflow_venv/lib/python3.12/site-packages/airflow/example_dags/example_complex.py
[2025-06-01T00:10:54.299+0200] {processor.py:840} INFO - DAG(s) 'example_complex' retrieved from /home/leoja/airflow/airflow_venv/lib/python3.12/site-packages/airflow/example_dags/example_complex.py
[2025-06-01T00:10:54.320+0200] {logging_mixin.py:188} INFO - [2025-06-01T00:10:54.320+0200] {dag.py:3096} INFO - Sync 1 DAGs
[2025-06-01T00:10:54.332+0200] {logging_mixin.py:188} INFO - [2025-06-01T00:10:54.331+0200] {dag.py:3954} INFO - Setting next_dagrun for example_complex to None, run_after=None
[2025-06-01T00:10:54.356+0200] {processor.py:183} INFO - Processing /home/leoja/airflow/airflow_venv/lib/python3.12/site-packages/airflow/example_dags/example_complex.py took 0.076 seconds
[2025-06-01T00:12:07.382+0200] {processor.py:161} INFO - Started process (PID=137526) to work on /home/leoja/airflow/airflow_venv/lib/python3.12/site-packages/airflow/example_dags/example_complex.py
[2025-06-01T00:12:07.384+0200] {processor.py:830} INFO - Processing file /home/leoja/airflow/airflow_venv/lib/python3.12/site-packages/airflow/example_dags/example_complex.py for tasks to queue
[2025-06-01T00:12:07.384+0200] {logging_mixin.py:188} INFO - [2025-06-01T00:12:07.384+0200] {dagbag.py:540} INFO - Filling up the DagBag from /home/leoja/airflow/airflow_venv/lib/python3.12/site-packages/airflow/example_dags/example_complex.py
[2025-06-01T00:12:07.391+0200] {processor.py:840} INFO - DAG(s) 'example_complex' retrieved from /home/leoja/airflow/airflow_venv/lib/python3.12/site-packages/airflow/example_dags/example_complex.py
[2025-06-01T00:12:07.408+0200] {logging_mixin.py:188} INFO - [2025-06-01T00:12:07.408+0200] {dag.py:3096} INFO - Sync 1 DAGs
[2025-06-01T00:12:07.417+0200] {logging_mixin.py:188} INFO - [2025-06-01T00:12:07.417+0200] {dag.py:3954} INFO - Setting next_dagrun for example_complex to None, run_after=None
[2025-06-01T00:12:07.438+0200] {processor.py:183} INFO - Processing /home/leoja/airflow/airflow_venv/lib/python3.12/site-packages/airflow/example_dags/example_complex.py took 0.061 seconds
[2025-06-01T00:13:25.347+0200] {processor.py:161} INFO - Started process (PID=137789) to work on /home/leoja/airflow/airflow_venv/lib/python3.12/site-packages/airflow/example_dags/example_complex.py
[2025-06-01T00:13:25.348+0200] {processor.py:830} INFO - Processing file /home/leoja/airflow/airflow_venv/lib/python3.12/site-packages/airflow/example_dags/example_complex.py for tasks to queue
[2025-06-01T00:13:25.349+0200] {logging_mixin.py:188} INFO - [2025-06-01T00:13:25.348+0200] {dagbag.py:540} INFO - Filling up the DagBag from /home/leoja/airflow/airflow_venv/lib/python3.12/site-packages/airflow/example_dags/example_complex.py
[2025-06-01T00:13:25.358+0200] {processor.py:840} INFO - DAG(s) 'example_complex' retrieved from /home/leoja/airflow/airflow_venv/lib/python3.12/site-packages/airflow/example_dags/example_complex.py
[2025-06-01T00:13:25.378+0200] {logging_mixin.py:188} INFO - [2025-06-01T00:13:25.378+0200] {dag.py:3096} INFO - Sync 1 DAGs
[2025-06-01T00:13:25.385+0200] {logging_mixin.py:188} INFO - [2025-06-01T00:13:25.385+0200] {dag.py:3954} INFO - Setting next_dagrun for example_complex to None, run_after=None
[2025-06-01T00:13:25.407+0200] {processor.py:183} INFO - Processing /home/leoja/airflow/airflow_venv/lib/python3.12/site-packages/airflow/example_dags/example_complex.py took 0.066 seconds
[2025-06-01T00:14:43.241+0200] {processor.py:161} INFO - Started process (PID=138071) to work on /home/leoja/airflow/airflow_venv/lib/python3.12/site-packages/airflow/example_dags/example_complex.py
[2025-06-01T00:14:43.242+0200] {processor.py:830} INFO - Processing file /home/leoja/airflow/airflow_venv/lib/python3.12/site-packages/airflow/example_dags/example_complex.py for tasks to queue
[2025-06-01T00:14:43.243+0200] {logging_mixin.py:188} INFO - [2025-06-01T00:14:43.243+0200] {dagbag.py:540} INFO - Filling up the DagBag from /home/leoja/airflow/airflow_venv/lib/python3.12/site-packages/airflow/example_dags/example_complex.py
[2025-06-01T00:14:43.251+0200] {processor.py:840} INFO - DAG(s) 'example_complex' retrieved from /home/leoja/airflow/airflow_venv/lib/python3.12/site-packages/airflow/example_dags/example_complex.py
[2025-06-01T00:14:43.267+0200] {logging_mixin.py:188} INFO - [2025-06-01T00:14:43.267+0200] {dag.py:3096} INFO - Sync 1 DAGs
[2025-06-01T00:14:43.275+0200] {logging_mixin.py:188} INFO - [2025-06-01T00:14:43.275+0200] {dag.py:3954} INFO - Setting next_dagrun for example_complex to None, run_after=None
[2025-06-01T00:14:43.296+0200] {processor.py:183} INFO - Processing /home/leoja/airflow/airflow_venv/lib/python3.12/site-packages/airflow/example_dags/example_complex.py took 0.060 seconds
[2025-06-01T00:15:55.766+0200] {processor.py:161} INFO - Started process (PID=138328) to work on /home/leoja/airflow/airflow_venv/lib/python3.12/site-packages/airflow/example_dags/example_complex.py
[2025-06-01T00:15:55.768+0200] {processor.py:830} INFO - Processing file /home/leoja/airflow/airflow_venv/lib/python3.12/site-packages/airflow/example_dags/example_complex.py for tasks to queue
[2025-06-01T00:15:55.769+0200] {logging_mixin.py:188} INFO - [2025-06-01T00:15:55.768+0200] {dagbag.py:540} INFO - Filling up the DagBag from /home/leoja/airflow/airflow_venv/lib/python3.12/site-packages/airflow/example_dags/example_complex.py
[2025-06-01T00:15:55.778+0200] {processor.py:840} INFO - DAG(s) 'example_complex' retrieved from /home/leoja/airflow/airflow_venv/lib/python3.12/site-packages/airflow/example_dags/example_complex.py
[2025-06-01T00:15:55.798+0200] {logging_mixin.py:188} INFO - [2025-06-01T00:15:55.798+0200] {dag.py:3096} INFO - Sync 1 DAGs
[2025-06-01T00:15:55.809+0200] {logging_mixin.py:188} INFO - [2025-06-01T00:15:55.808+0200] {dag.py:3954} INFO - Setting next_dagrun for example_complex to None, run_after=None
[2025-06-01T00:15:55.828+0200] {processor.py:183} INFO - Processing /home/leoja/airflow/airflow_venv/lib/python3.12/site-packages/airflow/example_dags/example_complex.py took 0.067 seconds
[2025-06-01T00:17:07.894+0200] {processor.py:161} INFO - Started process (PID=138607) to work on /home/leoja/airflow/airflow_venv/lib/python3.12/site-packages/airflow/example_dags/example_complex.py
[2025-06-01T00:17:07.896+0200] {processor.py:830} INFO - Processing file /home/leoja/airflow/airflow_venv/lib/python3.12/site-packages/airflow/example_dags/example_complex.py for tasks to queue
[2025-06-01T00:17:07.896+0200] {logging_mixin.py:188} INFO - [2025-06-01T00:17:07.896+0200] {dagbag.py:540} INFO - Filling up the DagBag from /home/leoja/airflow/airflow_venv/lib/python3.12/site-packages/airflow/example_dags/example_complex.py
[2025-06-01T00:17:07.904+0200] {processor.py:840} INFO - DAG(s) 'example_complex' retrieved from /home/leoja/airflow/airflow_venv/lib/python3.12/site-packages/airflow/example_dags/example_complex.py
[2025-06-01T00:17:07.923+0200] {logging_mixin.py:188} INFO - [2025-06-01T00:17:07.922+0200] {dag.py:3096} INFO - Sync 1 DAGs
[2025-06-01T00:17:07.933+0200] {logging_mixin.py:188} INFO - [2025-06-01T00:17:07.932+0200] {dag.py:3954} INFO - Setting next_dagrun for example_complex to None, run_after=None
[2025-06-01T00:17:07.956+0200] {processor.py:183} INFO - Processing /home/leoja/airflow/airflow_venv/lib/python3.12/site-packages/airflow/example_dags/example_complex.py took 0.070 seconds
[2025-06-01T00:18:21.169+0200] {processor.py:161} INFO - Started process (PID=138859) to work on /home/leoja/airflow/airflow_venv/lib/python3.12/site-packages/airflow/example_dags/example_complex.py
[2025-06-01T00:18:21.171+0200] {processor.py:830} INFO - Processing file /home/leoja/airflow/airflow_venv/lib/python3.12/site-packages/airflow/example_dags/example_complex.py for tasks to queue
[2025-06-01T00:18:21.171+0200] {logging_mixin.py:188} INFO - [2025-06-01T00:18:21.171+0200] {dagbag.py:540} INFO - Filling up the DagBag from /home/leoja/airflow/airflow_venv/lib/python3.12/site-packages/airflow/example_dags/example_complex.py
[2025-06-01T00:18:21.180+0200] {processor.py:840} INFO - DAG(s) 'example_complex' retrieved from /home/leoja/airflow/airflow_venv/lib/python3.12/site-packages/airflow/example_dags/example_complex.py
[2025-06-01T00:18:21.197+0200] {logging_mixin.py:188} INFO - [2025-06-01T00:18:21.197+0200] {dag.py:3096} INFO - Sync 1 DAGs
[2025-06-01T00:18:21.205+0200] {logging_mixin.py:188} INFO - [2025-06-01T00:18:21.204+0200] {dag.py:3954} INFO - Setting next_dagrun for example_complex to None, run_after=None
[2025-06-01T00:18:21.225+0200] {processor.py:183} INFO - Processing /home/leoja/airflow/airflow_venv/lib/python3.12/site-packages/airflow/example_dags/example_complex.py took 0.061 seconds
[2025-06-01T00:19:31.113+0200] {processor.py:161} INFO - Started process (PID=139114) to work on /home/leoja/airflow/airflow_venv/lib/python3.12/site-packages/airflow/example_dags/example_complex.py
[2025-06-01T00:19:31.116+0200] {processor.py:830} INFO - Processing file /home/leoja/airflow/airflow_venv/lib/python3.12/site-packages/airflow/example_dags/example_complex.py for tasks to queue
[2025-06-01T00:19:31.117+0200] {logging_mixin.py:188} INFO - [2025-06-01T00:19:31.116+0200] {dagbag.py:540} INFO - Filling up the DagBag from /home/leoja/airflow/airflow_venv/lib/python3.12/site-packages/airflow/example_dags/example_complex.py
[2025-06-01T00:19:31.126+0200] {processor.py:840} INFO - DAG(s) 'example_complex' retrieved from /home/leoja/airflow/airflow_venv/lib/python3.12/site-packages/airflow/example_dags/example_complex.py
[2025-06-01T00:19:31.149+0200] {logging_mixin.py:188} INFO - [2025-06-01T00:19:31.149+0200] {dag.py:3096} INFO - Sync 1 DAGs
[2025-06-01T00:19:31.163+0200] {logging_mixin.py:188} INFO - [2025-06-01T00:19:31.163+0200] {dag.py:3954} INFO - Setting next_dagrun for example_complex to None, run_after=None
[2025-06-01T00:19:31.210+0200] {processor.py:183} INFO - Processing /home/leoja/airflow/airflow_venv/lib/python3.12/site-packages/airflow/example_dags/example_complex.py took 0.105 seconds
[2025-06-01T00:20:45.563+0200] {processor.py:161} INFO - Started process (PID=139362) to work on /home/leoja/airflow/airflow_venv/lib/python3.12/site-packages/airflow/example_dags/example_complex.py
[2025-06-01T00:20:45.565+0200] {processor.py:830} INFO - Processing file /home/leoja/airflow/airflow_venv/lib/python3.12/site-packages/airflow/example_dags/example_complex.py for tasks to queue
[2025-06-01T00:20:45.565+0200] {logging_mixin.py:188} INFO - [2025-06-01T00:20:45.565+0200] {dagbag.py:540} INFO - Filling up the DagBag from /home/leoja/airflow/airflow_venv/lib/python3.12/site-packages/airflow/example_dags/example_complex.py
[2025-06-01T00:20:45.572+0200] {processor.py:840} INFO - DAG(s) 'example_complex' retrieved from /home/leoja/airflow/airflow_venv/lib/python3.12/site-packages/airflow/example_dags/example_complex.py
[2025-06-01T00:20:45.591+0200] {logging_mixin.py:188} INFO - [2025-06-01T00:20:45.591+0200] {dag.py:3096} INFO - Sync 1 DAGs
[2025-06-01T00:20:45.599+0200] {logging_mixin.py:188} INFO - [2025-06-01T00:20:45.598+0200] {dag.py:3954} INFO - Setting next_dagrun for example_complex to None, run_after=None
[2025-06-01T00:20:45.619+0200] {processor.py:183} INFO - Processing /home/leoja/airflow/airflow_venv/lib/python3.12/site-packages/airflow/example_dags/example_complex.py took 0.061 seconds
[2025-06-01T00:21:59.337+0200] {processor.py:161} INFO - Started process (PID=139643) to work on /home/leoja/airflow/airflow_venv/lib/python3.12/site-packages/airflow/example_dags/example_complex.py
[2025-06-01T00:21:59.338+0200] {processor.py:830} INFO - Processing file /home/leoja/airflow/airflow_venv/lib/python3.12/site-packages/airflow/example_dags/example_complex.py for tasks to queue
[2025-06-01T00:21:59.339+0200] {logging_mixin.py:188} INFO - [2025-06-01T00:21:59.339+0200] {dagbag.py:540} INFO - Filling up the DagBag from /home/leoja/airflow/airflow_venv/lib/python3.12/site-packages/airflow/example_dags/example_complex.py
[2025-06-01T00:21:59.346+0200] {processor.py:840} INFO - DAG(s) 'example_complex' retrieved from /home/leoja/airflow/airflow_venv/lib/python3.12/site-packages/airflow/example_dags/example_complex.py
[2025-06-01T00:21:59.363+0200] {logging_mixin.py:188} INFO - [2025-06-01T00:21:59.362+0200] {dag.py:3096} INFO - Sync 1 DAGs
[2025-06-01T00:21:59.375+0200] {logging_mixin.py:188} INFO - [2025-06-01T00:21:59.375+0200] {dag.py:3954} INFO - Setting next_dagrun for example_complex to None, run_after=None
[2025-06-01T00:21:59.515+0200] {processor.py:183} INFO - Processing /home/leoja/airflow/airflow_venv/lib/python3.12/site-packages/airflow/example_dags/example_complex.py took 0.184 seconds
[2025-06-01T00:22:55.341+0200] {processor.py:161} INFO - Started process (PID=139827) to work on /home/leoja/airflow/airflow_venv/lib/python3.12/site-packages/airflow/example_dags/example_complex.py
[2025-06-01T00:22:55.342+0200] {processor.py:830} INFO - Processing file /home/leoja/airflow/airflow_venv/lib/python3.12/site-packages/airflow/example_dags/example_complex.py for tasks to queue
[2025-06-01T00:22:55.343+0200] {logging_mixin.py:188} INFO - [2025-06-01T00:22:55.342+0200] {dagbag.py:540} INFO - Filling up the DagBag from /home/leoja/airflow/airflow_venv/lib/python3.12/site-packages/airflow/example_dags/example_complex.py
[2025-06-01T00:22:55.351+0200] {processor.py:840} INFO - DAG(s) 'example_complex' retrieved from /home/leoja/airflow/airflow_venv/lib/python3.12/site-packages/airflow/example_dags/example_complex.py
[2025-06-01T00:22:55.370+0200] {logging_mixin.py:188} INFO - [2025-06-01T00:22:55.370+0200] {dag.py:3096} INFO - Sync 1 DAGs
[2025-06-01T00:22:55.378+0200] {logging_mixin.py:188} INFO - [2025-06-01T00:22:55.378+0200] {dag.py:3954} INFO - Setting next_dagrun for example_complex to None, run_after=None
[2025-06-01T00:22:55.402+0200] {processor.py:183} INFO - Processing /home/leoja/airflow/airflow_venv/lib/python3.12/site-packages/airflow/example_dags/example_complex.py took 0.066 seconds
[2025-06-01T00:24:21.148+0200] {processor.py:161} INFO - Started process (PID=140132) to work on /home/leoja/airflow/airflow_venv/lib/python3.12/site-packages/airflow/example_dags/example_complex.py
[2025-06-01T00:24:21.149+0200] {processor.py:830} INFO - Processing file /home/leoja/airflow/airflow_venv/lib/python3.12/site-packages/airflow/example_dags/example_complex.py for tasks to queue
[2025-06-01T00:24:21.150+0200] {logging_mixin.py:188} INFO - [2025-06-01T00:24:21.150+0200] {dagbag.py:540} INFO - Filling up the DagBag from /home/leoja/airflow/airflow_venv/lib/python3.12/site-packages/airflow/example_dags/example_complex.py
[2025-06-01T00:24:21.158+0200] {processor.py:840} INFO - DAG(s) 'example_complex' retrieved from /home/leoja/airflow/airflow_venv/lib/python3.12/site-packages/airflow/example_dags/example_complex.py
[2025-06-01T00:24:21.176+0200] {logging_mixin.py:188} INFO - [2025-06-01T00:24:21.176+0200] {dag.py:3096} INFO - Sync 1 DAGs
[2025-06-01T00:24:21.184+0200] {logging_mixin.py:188} INFO - [2025-06-01T00:24:21.184+0200] {dag.py:3954} INFO - Setting next_dagrun for example_complex to None, run_after=None
[2025-06-01T00:24:21.209+0200] {processor.py:183} INFO - Processing /home/leoja/airflow/airflow_venv/lib/python3.12/site-packages/airflow/example_dags/example_complex.py took 0.068 seconds
[2025-06-01T00:25:39.960+0200] {processor.py:161} INFO - Started process (PID=140412) to work on /home/leoja/airflow/airflow_venv/lib/python3.12/site-packages/airflow/example_dags/example_complex.py
[2025-06-01T00:25:39.963+0200] {processor.py:830} INFO - Processing file /home/leoja/airflow/airflow_venv/lib/python3.12/site-packages/airflow/example_dags/example_complex.py for tasks to queue
[2025-06-01T00:25:39.964+0200] {logging_mixin.py:188} INFO - [2025-06-01T00:25:39.964+0200] {dagbag.py:540} INFO - Filling up the DagBag from /home/leoja/airflow/airflow_venv/lib/python3.12/site-packages/airflow/example_dags/example_complex.py
[2025-06-01T00:25:39.971+0200] {processor.py:840} INFO - DAG(s) 'example_complex' retrieved from /home/leoja/airflow/airflow_venv/lib/python3.12/site-packages/airflow/example_dags/example_complex.py
[2025-06-01T00:25:39.991+0200] {logging_mixin.py:188} INFO - [2025-06-01T00:25:39.991+0200] {dag.py:3096} INFO - Sync 1 DAGs
[2025-06-01T00:25:40.000+0200] {logging_mixin.py:188} INFO - [2025-06-01T00:25:40.000+0200] {dag.py:3954} INFO - Setting next_dagrun for example_complex to None, run_after=None
[2025-06-01T00:25:40.021+0200] {processor.py:183} INFO - Processing /home/leoja/airflow/airflow_venv/lib/python3.12/site-packages/airflow/example_dags/example_complex.py took 0.066 seconds
[2025-06-01T00:26:51.925+0200] {processor.py:161} INFO - Started process (PID=140671) to work on /home/leoja/airflow/airflow_venv/lib/python3.12/site-packages/airflow/example_dags/example_complex.py
[2025-06-01T00:26:51.926+0200] {processor.py:830} INFO - Processing file /home/leoja/airflow/airflow_venv/lib/python3.12/site-packages/airflow/example_dags/example_complex.py for tasks to queue
[2025-06-01T00:26:51.927+0200] {logging_mixin.py:188} INFO - [2025-06-01T00:26:51.927+0200] {dagbag.py:540} INFO - Filling up the DagBag from /home/leoja/airflow/airflow_venv/lib/python3.12/site-packages/airflow/example_dags/example_complex.py
[2025-06-01T00:26:51.937+0200] {processor.py:840} INFO - DAG(s) 'example_complex' retrieved from /home/leoja/airflow/airflow_venv/lib/python3.12/site-packages/airflow/example_dags/example_complex.py
[2025-06-01T00:26:51.958+0200] {logging_mixin.py:188} INFO - [2025-06-01T00:26:51.958+0200] {dag.py:3096} INFO - Sync 1 DAGs
[2025-06-01T00:26:51.972+0200] {logging_mixin.py:188} INFO - [2025-06-01T00:26:51.971+0200] {dag.py:3954} INFO - Setting next_dagrun for example_complex to None, run_after=None
[2025-06-01T00:26:51.995+0200] {processor.py:183} INFO - Processing /home/leoja/airflow/airflow_venv/lib/python3.12/site-packages/airflow/example_dags/example_complex.py took 0.075 seconds
[2025-06-01T00:28:03.777+0200] {processor.py:161} INFO - Started process (PID=140929) to work on /home/leoja/airflow/airflow_venv/lib/python3.12/site-packages/airflow/example_dags/example_complex.py
[2025-06-01T00:28:03.779+0200] {processor.py:830} INFO - Processing file /home/leoja/airflow/airflow_venv/lib/python3.12/site-packages/airflow/example_dags/example_complex.py for tasks to queue
[2025-06-01T00:28:03.780+0200] {logging_mixin.py:188} INFO - [2025-06-01T00:28:03.780+0200] {dagbag.py:540} INFO - Filling up the DagBag from /home/leoja/airflow/airflow_venv/lib/python3.12/site-packages/airflow/example_dags/example_complex.py
[2025-06-01T00:28:03.789+0200] {processor.py:840} INFO - DAG(s) 'example_complex' retrieved from /home/leoja/airflow/airflow_venv/lib/python3.12/site-packages/airflow/example_dags/example_complex.py
[2025-06-01T00:28:03.815+0200] {logging_mixin.py:188} INFO - [2025-06-01T00:28:03.815+0200] {dag.py:3096} INFO - Sync 1 DAGs
[2025-06-01T00:28:03.826+0200] {logging_mixin.py:188} INFO - [2025-06-01T00:28:03.825+0200] {dag.py:3954} INFO - Setting next_dagrun for example_complex to None, run_after=None
[2025-06-01T00:28:03.845+0200] {processor.py:183} INFO - Processing /home/leoja/airflow/airflow_venv/lib/python3.12/site-packages/airflow/example_dags/example_complex.py took 0.076 seconds
[2025-06-01T00:29:19.988+0200] {processor.py:161} INFO - Started process (PID=141182) to work on /home/leoja/airflow/airflow_venv/lib/python3.12/site-packages/airflow/example_dags/example_complex.py
[2025-06-01T00:29:19.989+0200] {processor.py:830} INFO - Processing file /home/leoja/airflow/airflow_venv/lib/python3.12/site-packages/airflow/example_dags/example_complex.py for tasks to queue
[2025-06-01T00:29:19.990+0200] {logging_mixin.py:188} INFO - [2025-06-01T00:29:19.990+0200] {dagbag.py:540} INFO - Filling up the DagBag from /home/leoja/airflow/airflow_venv/lib/python3.12/site-packages/airflow/example_dags/example_complex.py
[2025-06-01T00:29:19.997+0200] {processor.py:840} INFO - DAG(s) 'example_complex' retrieved from /home/leoja/airflow/airflow_venv/lib/python3.12/site-packages/airflow/example_dags/example_complex.py
[2025-06-01T00:29:20.014+0200] {logging_mixin.py:188} INFO - [2025-06-01T00:29:20.014+0200] {dag.py:3096} INFO - Sync 1 DAGs
[2025-06-01T00:29:20.022+0200] {logging_mixin.py:188} INFO - [2025-06-01T00:29:20.022+0200] {dag.py:3954} INFO - Setting next_dagrun for example_complex to None, run_after=None
[2025-06-01T00:29:20.045+0200] {processor.py:183} INFO - Processing /home/leoja/airflow/airflow_venv/lib/python3.12/site-packages/airflow/example_dags/example_complex.py took 0.067 seconds
[2025-06-01T00:30:31.234+0200] {processor.py:161} INFO - Started process (PID=141455) to work on /home/leoja/airflow/airflow_venv/lib/python3.12/site-packages/airflow/example_dags/example_complex.py
[2025-06-01T00:30:31.236+0200] {processor.py:830} INFO - Processing file /home/leoja/airflow/airflow_venv/lib/python3.12/site-packages/airflow/example_dags/example_complex.py for tasks to queue
[2025-06-01T00:30:31.236+0200] {logging_mixin.py:188} INFO - [2025-06-01T00:30:31.236+0200] {dagbag.py:540} INFO - Filling up the DagBag from /home/leoja/airflow/airflow_venv/lib/python3.12/site-packages/airflow/example_dags/example_complex.py
[2025-06-01T00:30:31.245+0200] {processor.py:840} INFO - DAG(s) 'example_complex' retrieved from /home/leoja/airflow/airflow_venv/lib/python3.12/site-packages/airflow/example_dags/example_complex.py
[2025-06-01T00:30:31.263+0200] {logging_mixin.py:188} INFO - [2025-06-01T00:30:31.263+0200] {dag.py:3096} INFO - Sync 1 DAGs
[2025-06-01T00:30:31.271+0200] {logging_mixin.py:188} INFO - [2025-06-01T00:30:31.271+0200] {dag.py:3954} INFO - Setting next_dagrun for example_complex to None, run_after=None
[2025-06-01T00:30:31.296+0200] {processor.py:183} INFO - Processing /home/leoja/airflow/airflow_venv/lib/python3.12/site-packages/airflow/example_dags/example_complex.py took 0.067 seconds
[2025-06-01T00:31:47.345+0200] {processor.py:161} INFO - Started process (PID=141709) to work on /home/leoja/airflow/airflow_venv/lib/python3.12/site-packages/airflow/example_dags/example_complex.py
[2025-06-01T00:31:47.346+0200] {processor.py:830} INFO - Processing file /home/leoja/airflow/airflow_venv/lib/python3.12/site-packages/airflow/example_dags/example_complex.py for tasks to queue
[2025-06-01T00:31:47.347+0200] {logging_mixin.py:188} INFO - [2025-06-01T00:31:47.347+0200] {dagbag.py:540} INFO - Filling up the DagBag from /home/leoja/airflow/airflow_venv/lib/python3.12/site-packages/airflow/example_dags/example_complex.py
[2025-06-01T00:31:47.354+0200] {processor.py:840} INFO - DAG(s) 'example_complex' retrieved from /home/leoja/airflow/airflow_venv/lib/python3.12/site-packages/airflow/example_dags/example_complex.py
[2025-06-01T00:31:47.371+0200] {logging_mixin.py:188} INFO - [2025-06-01T00:31:47.371+0200] {dag.py:3096} INFO - Sync 1 DAGs
[2025-06-01T00:31:47.380+0200] {logging_mixin.py:188} INFO - [2025-06-01T00:31:47.379+0200] {dag.py:3954} INFO - Setting next_dagrun for example_complex to None, run_after=None
[2025-06-01T00:31:47.402+0200] {processor.py:183} INFO - Processing /home/leoja/airflow/airflow_venv/lib/python3.12/site-packages/airflow/example_dags/example_complex.py took 0.064 seconds
[2025-06-01T00:32:58.540+0200] {processor.py:161} INFO - Started process (PID=141962) to work on /home/leoja/airflow/airflow_venv/lib/python3.12/site-packages/airflow/example_dags/example_complex.py
[2025-06-01T00:32:58.541+0200] {processor.py:830} INFO - Processing file /home/leoja/airflow/airflow_venv/lib/python3.12/site-packages/airflow/example_dags/example_complex.py for tasks to queue
[2025-06-01T00:32:58.542+0200] {logging_mixin.py:188} INFO - [2025-06-01T00:32:58.541+0200] {dagbag.py:540} INFO - Filling up the DagBag from /home/leoja/airflow/airflow_venv/lib/python3.12/site-packages/airflow/example_dags/example_complex.py
[2025-06-01T00:32:58.548+0200] {processor.py:840} INFO - DAG(s) 'example_complex' retrieved from /home/leoja/airflow/airflow_venv/lib/python3.12/site-packages/airflow/example_dags/example_complex.py
[2025-06-01T00:32:58.569+0200] {logging_mixin.py:188} INFO - [2025-06-01T00:32:58.569+0200] {dag.py:3096} INFO - Sync 1 DAGs
[2025-06-01T00:32:58.578+0200] {logging_mixin.py:188} INFO - [2025-06-01T00:32:58.578+0200] {dag.py:3954} INFO - Setting next_dagrun for example_complex to None, run_after=None
[2025-06-01T00:32:58.602+0200] {processor.py:183} INFO - Processing /home/leoja/airflow/airflow_venv/lib/python3.12/site-packages/airflow/example_dags/example_complex.py took 0.068 seconds
[2025-06-01T00:34:12.567+0200] {processor.py:161} INFO - Started process (PID=142243) to work on /home/leoja/airflow/airflow_venv/lib/python3.12/site-packages/airflow/example_dags/example_complex.py
[2025-06-01T00:34:12.569+0200] {processor.py:830} INFO - Processing file /home/leoja/airflow/airflow_venv/lib/python3.12/site-packages/airflow/example_dags/example_complex.py for tasks to queue
[2025-06-01T00:34:12.570+0200] {logging_mixin.py:188} INFO - [2025-06-01T00:34:12.570+0200] {dagbag.py:540} INFO - Filling up the DagBag from /home/leoja/airflow/airflow_venv/lib/python3.12/site-packages/airflow/example_dags/example_complex.py
[2025-06-01T00:34:12.579+0200] {processor.py:840} INFO - DAG(s) 'example_complex' retrieved from /home/leoja/airflow/airflow_venv/lib/python3.12/site-packages/airflow/example_dags/example_complex.py
[2025-06-01T00:34:12.605+0200] {logging_mixin.py:188} INFO - [2025-06-01T00:34:12.605+0200] {dag.py:3096} INFO - Sync 1 DAGs
[2025-06-01T00:34:12.613+0200] {logging_mixin.py:188} INFO - [2025-06-01T00:34:12.613+0200] {dag.py:3954} INFO - Setting next_dagrun for example_complex to None, run_after=None
[2025-06-01T00:34:12.631+0200] {processor.py:183} INFO - Processing /home/leoja/airflow/airflow_venv/lib/python3.12/site-packages/airflow/example_dags/example_complex.py took 0.071 seconds
[2025-06-01T00:35:25.964+0200] {processor.py:161} INFO - Started process (PID=142503) to work on /home/leoja/airflow/airflow_venv/lib/python3.12/site-packages/airflow/example_dags/example_complex.py
[2025-06-01T00:35:25.965+0200] {processor.py:830} INFO - Processing file /home/leoja/airflow/airflow_venv/lib/python3.12/site-packages/airflow/example_dags/example_complex.py for tasks to queue
[2025-06-01T00:35:25.966+0200] {logging_mixin.py:188} INFO - [2025-06-01T00:35:25.966+0200] {dagbag.py:540} INFO - Filling up the DagBag from /home/leoja/airflow/airflow_venv/lib/python3.12/site-packages/airflow/example_dags/example_complex.py
[2025-06-01T00:35:25.973+0200] {processor.py:840} INFO - DAG(s) 'example_complex' retrieved from /home/leoja/airflow/airflow_venv/lib/python3.12/site-packages/airflow/example_dags/example_complex.py
[2025-06-01T00:35:25.991+0200] {logging_mixin.py:188} INFO - [2025-06-01T00:35:25.991+0200] {dag.py:3096} INFO - Sync 1 DAGs
[2025-06-01T00:35:26.001+0200] {logging_mixin.py:188} INFO - [2025-06-01T00:35:26.001+0200] {dag.py:3954} INFO - Setting next_dagrun for example_complex to None, run_after=None
[2025-06-01T00:35:26.021+0200] {processor.py:183} INFO - Processing /home/leoja/airflow/airflow_venv/lib/python3.12/site-packages/airflow/example_dags/example_complex.py took 0.063 seconds
[2025-06-01T00:36:36.753+0200] {processor.py:161} INFO - Started process (PID=142755) to work on /home/leoja/airflow/airflow_venv/lib/python3.12/site-packages/airflow/example_dags/example_complex.py
[2025-06-01T00:36:36.754+0200] {processor.py:830} INFO - Processing file /home/leoja/airflow/airflow_venv/lib/python3.12/site-packages/airflow/example_dags/example_complex.py for tasks to queue
[2025-06-01T00:36:36.755+0200] {logging_mixin.py:188} INFO - [2025-06-01T00:36:36.755+0200] {dagbag.py:540} INFO - Filling up the DagBag from /home/leoja/airflow/airflow_venv/lib/python3.12/site-packages/airflow/example_dags/example_complex.py
[2025-06-01T00:36:36.763+0200] {processor.py:840} INFO - DAG(s) 'example_complex' retrieved from /home/leoja/airflow/airflow_venv/lib/python3.12/site-packages/airflow/example_dags/example_complex.py
[2025-06-01T00:36:36.781+0200] {logging_mixin.py:188} INFO - [2025-06-01T00:36:36.780+0200] {dag.py:3096} INFO - Sync 1 DAGs
[2025-06-01T00:36:36.789+0200] {logging_mixin.py:188} INFO - [2025-06-01T00:36:36.789+0200] {dag.py:3954} INFO - Setting next_dagrun for example_complex to None, run_after=None
[2025-06-01T00:36:36.808+0200] {processor.py:183} INFO - Processing /home/leoja/airflow/airflow_venv/lib/python3.12/site-packages/airflow/example_dags/example_complex.py took 0.061 seconds
[2025-06-01T00:37:47.930+0200] {processor.py:161} INFO - Started process (PID=143010) to work on /home/leoja/airflow/airflow_venv/lib/python3.12/site-packages/airflow/example_dags/example_complex.py
[2025-06-01T00:37:47.932+0200] {processor.py:830} INFO - Processing file /home/leoja/airflow/airflow_venv/lib/python3.12/site-packages/airflow/example_dags/example_complex.py for tasks to queue
[2025-06-01T00:37:47.933+0200] {logging_mixin.py:188} INFO - [2025-06-01T00:37:47.933+0200] {dagbag.py:540} INFO - Filling up the DagBag from /home/leoja/airflow/airflow_venv/lib/python3.12/site-packages/airflow/example_dags/example_complex.py
[2025-06-01T00:37:47.941+0200] {processor.py:840} INFO - DAG(s) 'example_complex' retrieved from /home/leoja/airflow/airflow_venv/lib/python3.12/site-packages/airflow/example_dags/example_complex.py
[2025-06-01T00:37:47.961+0200] {logging_mixin.py:188} INFO - [2025-06-01T00:37:47.961+0200] {dag.py:3096} INFO - Sync 1 DAGs
[2025-06-01T00:37:47.972+0200] {logging_mixin.py:188} INFO - [2025-06-01T00:37:47.972+0200] {dag.py:3954} INFO - Setting next_dagrun for example_complex to None, run_after=None
[2025-06-01T00:37:47.992+0200] {processor.py:183} INFO - Processing /home/leoja/airflow/airflow_venv/lib/python3.12/site-packages/airflow/example_dags/example_complex.py took 0.068 seconds
[2025-06-01T00:38:54.776+0200] {processor.py:161} INFO - Started process (PID=143256) to work on /home/leoja/airflow/airflow_venv/lib/python3.12/site-packages/airflow/example_dags/example_complex.py
[2025-06-01T00:38:54.778+0200] {processor.py:830} INFO - Processing file /home/leoja/airflow/airflow_venv/lib/python3.12/site-packages/airflow/example_dags/example_complex.py for tasks to queue
[2025-06-01T00:38:54.779+0200] {logging_mixin.py:188} INFO - [2025-06-01T00:38:54.779+0200] {dagbag.py:540} INFO - Filling up the DagBag from /home/leoja/airflow/airflow_venv/lib/python3.12/site-packages/airflow/example_dags/example_complex.py
[2025-06-01T00:38:54.787+0200] {processor.py:840} INFO - DAG(s) 'example_complex' retrieved from /home/leoja/airflow/airflow_venv/lib/python3.12/site-packages/airflow/example_dags/example_complex.py
[2025-06-01T00:38:54.804+0200] {logging_mixin.py:188} INFO - [2025-06-01T00:38:54.804+0200] {dag.py:3096} INFO - Sync 1 DAGs
[2025-06-01T00:38:54.814+0200] {logging_mixin.py:188} INFO - [2025-06-01T00:38:54.813+0200] {dag.py:3954} INFO - Setting next_dagrun for example_complex to None, run_after=None
[2025-06-01T00:38:54.843+0200] {processor.py:183} INFO - Processing /home/leoja/airflow/airflow_venv/lib/python3.12/site-packages/airflow/example_dags/example_complex.py took 0.072 seconds
[2025-06-01T00:40:04.650+0200] {processor.py:161} INFO - Started process (PID=143510) to work on /home/leoja/airflow/airflow_venv/lib/python3.12/site-packages/airflow/example_dags/example_complex.py
[2025-06-01T00:40:04.651+0200] {processor.py:830} INFO - Processing file /home/leoja/airflow/airflow_venv/lib/python3.12/site-packages/airflow/example_dags/example_complex.py for tasks to queue
[2025-06-01T00:40:04.653+0200] {logging_mixin.py:188} INFO - [2025-06-01T00:40:04.652+0200] {dagbag.py:540} INFO - Filling up the DagBag from /home/leoja/airflow/airflow_venv/lib/python3.12/site-packages/airflow/example_dags/example_complex.py
[2025-06-01T00:40:04.660+0200] {processor.py:840} INFO - DAG(s) 'example_complex' retrieved from /home/leoja/airflow/airflow_venv/lib/python3.12/site-packages/airflow/example_dags/example_complex.py
[2025-06-01T00:40:04.677+0200] {logging_mixin.py:188} INFO - [2025-06-01T00:40:04.676+0200] {dag.py:3096} INFO - Sync 1 DAGs
[2025-06-01T00:40:04.687+0200] {logging_mixin.py:188} INFO - [2025-06-01T00:40:04.686+0200] {dag.py:3954} INFO - Setting next_dagrun for example_complex to None, run_after=None
[2025-06-01T00:40:04.707+0200] {processor.py:183} INFO - Processing /home/leoja/airflow/airflow_venv/lib/python3.12/site-packages/airflow/example_dags/example_complex.py took 0.063 seconds
[2025-06-01T00:41:22.985+0200] {processor.py:161} INFO - Started process (PID=143768) to work on /home/leoja/airflow/airflow_venv/lib/python3.12/site-packages/airflow/example_dags/example_complex.py
[2025-06-01T00:41:22.986+0200] {processor.py:830} INFO - Processing file /home/leoja/airflow/airflow_venv/lib/python3.12/site-packages/airflow/example_dags/example_complex.py for tasks to queue
[2025-06-01T00:41:22.987+0200] {logging_mixin.py:188} INFO - [2025-06-01T00:41:22.987+0200] {dagbag.py:540} INFO - Filling up the DagBag from /home/leoja/airflow/airflow_venv/lib/python3.12/site-packages/airflow/example_dags/example_complex.py
[2025-06-01T00:41:22.995+0200] {processor.py:840} INFO - DAG(s) 'example_complex' retrieved from /home/leoja/airflow/airflow_venv/lib/python3.12/site-packages/airflow/example_dags/example_complex.py
[2025-06-01T00:41:23.013+0200] {logging_mixin.py:188} INFO - [2025-06-01T00:41:23.013+0200] {dag.py:3096} INFO - Sync 1 DAGs
[2025-06-01T00:41:23.023+0200] {logging_mixin.py:188} INFO - [2025-06-01T00:41:23.023+0200] {dag.py:3954} INFO - Setting next_dagrun for example_complex to None, run_after=None
[2025-06-01T00:41:23.041+0200] {processor.py:183} INFO - Processing /home/leoja/airflow/airflow_venv/lib/python3.12/site-packages/airflow/example_dags/example_complex.py took 0.061 seconds
[2025-06-01T00:42:39.172+0200] {processor.py:161} INFO - Started process (PID=144055) to work on /home/leoja/airflow/airflow_venv/lib/python3.12/site-packages/airflow/example_dags/example_complex.py
[2025-06-01T00:42:39.173+0200] {processor.py:830} INFO - Processing file /home/leoja/airflow/airflow_venv/lib/python3.12/site-packages/airflow/example_dags/example_complex.py for tasks to queue
[2025-06-01T00:42:39.173+0200] {logging_mixin.py:188} INFO - [2025-06-01T00:42:39.173+0200] {dagbag.py:540} INFO - Filling up the DagBag from /home/leoja/airflow/airflow_venv/lib/python3.12/site-packages/airflow/example_dags/example_complex.py
[2025-06-01T00:42:39.181+0200] {processor.py:840} INFO - DAG(s) 'example_complex' retrieved from /home/leoja/airflow/airflow_venv/lib/python3.12/site-packages/airflow/example_dags/example_complex.py
[2025-06-01T00:42:39.198+0200] {logging_mixin.py:188} INFO - [2025-06-01T00:42:39.198+0200] {dag.py:3096} INFO - Sync 1 DAGs
[2025-06-01T00:42:39.208+0200] {logging_mixin.py:188} INFO - [2025-06-01T00:42:39.207+0200] {dag.py:3954} INFO - Setting next_dagrun for example_complex to None, run_after=None
[2025-06-01T00:42:39.232+0200] {processor.py:183} INFO - Processing /home/leoja/airflow/airflow_venv/lib/python3.12/site-packages/airflow/example_dags/example_complex.py took 0.069 seconds
[2025-06-01T00:43:50.558+0200] {processor.py:161} INFO - Started process (PID=144304) to work on /home/leoja/airflow/airflow_venv/lib/python3.12/site-packages/airflow/example_dags/example_complex.py
[2025-06-01T00:43:50.561+0200] {processor.py:830} INFO - Processing file /home/leoja/airflow/airflow_venv/lib/python3.12/site-packages/airflow/example_dags/example_complex.py for tasks to queue
[2025-06-01T00:43:50.561+0200] {logging_mixin.py:188} INFO - [2025-06-01T00:43:50.561+0200] {dagbag.py:540} INFO - Filling up the DagBag from /home/leoja/airflow/airflow_venv/lib/python3.12/site-packages/airflow/example_dags/example_complex.py
[2025-06-01T00:43:50.570+0200] {processor.py:840} INFO - DAG(s) 'example_complex' retrieved from /home/leoja/airflow/airflow_venv/lib/python3.12/site-packages/airflow/example_dags/example_complex.py
[2025-06-01T00:43:50.588+0200] {logging_mixin.py:188} INFO - [2025-06-01T00:43:50.588+0200] {dag.py:3096} INFO - Sync 1 DAGs
[2025-06-01T00:43:50.596+0200] {logging_mixin.py:188} INFO - [2025-06-01T00:43:50.596+0200] {dag.py:3954} INFO - Setting next_dagrun for example_complex to None, run_after=None
[2025-06-01T00:43:50.621+0200] {processor.py:183} INFO - Processing /home/leoja/airflow/airflow_venv/lib/python3.12/site-packages/airflow/example_dags/example_complex.py took 0.068 seconds
[2025-06-01T00:45:06.968+0200] {processor.py:161} INFO - Started process (PID=144586) to work on /home/leoja/airflow/airflow_venv/lib/python3.12/site-packages/airflow/example_dags/example_complex.py
[2025-06-01T00:45:06.970+0200] {processor.py:830} INFO - Processing file /home/leoja/airflow/airflow_venv/lib/python3.12/site-packages/airflow/example_dags/example_complex.py for tasks to queue
[2025-06-01T00:45:06.970+0200] {logging_mixin.py:188} INFO - [2025-06-01T00:45:06.970+0200] {dagbag.py:540} INFO - Filling up the DagBag from /home/leoja/airflow/airflow_venv/lib/python3.12/site-packages/airflow/example_dags/example_complex.py
[2025-06-01T00:45:06.977+0200] {processor.py:840} INFO - DAG(s) 'example_complex' retrieved from /home/leoja/airflow/airflow_venv/lib/python3.12/site-packages/airflow/example_dags/example_complex.py
[2025-06-01T00:45:06.994+0200] {logging_mixin.py:188} INFO - [2025-06-01T00:45:06.994+0200] {dag.py:3096} INFO - Sync 1 DAGs
[2025-06-01T00:45:07.006+0200] {logging_mixin.py:188} INFO - [2025-06-01T00:45:07.005+0200] {dag.py:3954} INFO - Setting next_dagrun for example_complex to None, run_after=None
[2025-06-01T00:45:07.030+0200] {processor.py:183} INFO - Processing /home/leoja/airflow/airflow_venv/lib/python3.12/site-packages/airflow/example_dags/example_complex.py took 0.067 seconds
[2025-06-01T00:46:21.597+0200] {processor.py:161} INFO - Started process (PID=144840) to work on /home/leoja/airflow/airflow_venv/lib/python3.12/site-packages/airflow/example_dags/example_complex.py
[2025-06-01T00:46:21.598+0200] {processor.py:830} INFO - Processing file /home/leoja/airflow/airflow_venv/lib/python3.12/site-packages/airflow/example_dags/example_complex.py for tasks to queue
[2025-06-01T00:46:21.599+0200] {logging_mixin.py:188} INFO - [2025-06-01T00:46:21.599+0200] {dagbag.py:540} INFO - Filling up the DagBag from /home/leoja/airflow/airflow_venv/lib/python3.12/site-packages/airflow/example_dags/example_complex.py
[2025-06-01T00:46:21.609+0200] {processor.py:840} INFO - DAG(s) 'example_complex' retrieved from /home/leoja/airflow/airflow_venv/lib/python3.12/site-packages/airflow/example_dags/example_complex.py
[2025-06-01T00:46:21.629+0200] {logging_mixin.py:188} INFO - [2025-06-01T00:46:21.628+0200] {dag.py:3096} INFO - Sync 1 DAGs
[2025-06-01T00:46:21.637+0200] {logging_mixin.py:188} INFO - [2025-06-01T00:46:21.636+0200] {dag.py:3954} INFO - Setting next_dagrun for example_complex to None, run_after=None
[2025-06-01T00:46:21.658+0200] {processor.py:183} INFO - Processing /home/leoja/airflow/airflow_venv/lib/python3.12/site-packages/airflow/example_dags/example_complex.py took 0.069 seconds
[2025-06-01T00:47:33.764+0200] {processor.py:161} INFO - Started process (PID=145096) to work on /home/leoja/airflow/airflow_venv/lib/python3.12/site-packages/airflow/example_dags/example_complex.py
[2025-06-01T00:47:33.766+0200] {processor.py:830} INFO - Processing file /home/leoja/airflow/airflow_venv/lib/python3.12/site-packages/airflow/example_dags/example_complex.py for tasks to queue
[2025-06-01T00:47:33.767+0200] {logging_mixin.py:188} INFO - [2025-06-01T00:47:33.766+0200] {dagbag.py:540} INFO - Filling up the DagBag from /home/leoja/airflow/airflow_venv/lib/python3.12/site-packages/airflow/example_dags/example_complex.py
[2025-06-01T00:47:33.774+0200] {processor.py:840} INFO - DAG(s) 'example_complex' retrieved from /home/leoja/airflow/airflow_venv/lib/python3.12/site-packages/airflow/example_dags/example_complex.py
[2025-06-01T00:47:33.791+0200] {logging_mixin.py:188} INFO - [2025-06-01T00:47:33.791+0200] {dag.py:3096} INFO - Sync 1 DAGs
[2025-06-01T00:47:33.799+0200] {logging_mixin.py:188} INFO - [2025-06-01T00:47:33.798+0200] {dag.py:3954} INFO - Setting next_dagrun for example_complex to None, run_after=None
[2025-06-01T00:47:33.821+0200] {processor.py:183} INFO - Processing /home/leoja/airflow/airflow_venv/lib/python3.12/site-packages/airflow/example_dags/example_complex.py took 0.069 seconds
[2025-06-01T00:48:45.924+0200] {processor.py:161} INFO - Started process (PID=145347) to work on /home/leoja/airflow/airflow_venv/lib/python3.12/site-packages/airflow/example_dags/example_complex.py
[2025-06-01T00:48:45.926+0200] {processor.py:830} INFO - Processing file /home/leoja/airflow/airflow_venv/lib/python3.12/site-packages/airflow/example_dags/example_complex.py for tasks to queue
[2025-06-01T00:48:45.927+0200] {logging_mixin.py:188} INFO - [2025-06-01T00:48:45.926+0200] {dagbag.py:540} INFO - Filling up the DagBag from /home/leoja/airflow/airflow_venv/lib/python3.12/site-packages/airflow/example_dags/example_complex.py
[2025-06-01T00:48:45.934+0200] {processor.py:840} INFO - DAG(s) 'example_complex' retrieved from /home/leoja/airflow/airflow_venv/lib/python3.12/site-packages/airflow/example_dags/example_complex.py
[2025-06-01T00:48:45.954+0200] {logging_mixin.py:188} INFO - [2025-06-01T00:48:45.953+0200] {dag.py:3096} INFO - Sync 1 DAGs
[2025-06-01T00:48:45.962+0200] {logging_mixin.py:188} INFO - [2025-06-01T00:48:45.961+0200] {dag.py:3954} INFO - Setting next_dagrun for example_complex to None, run_after=None
[2025-06-01T00:48:45.982+0200] {processor.py:183} INFO - Processing /home/leoja/airflow/airflow_venv/lib/python3.12/site-packages/airflow/example_dags/example_complex.py took 0.067 seconds
[2025-06-01T00:50:00.990+0200] {processor.py:161} INFO - Started process (PID=145628) to work on /home/leoja/airflow/airflow_venv/lib/python3.12/site-packages/airflow/example_dags/example_complex.py
[2025-06-01T00:50:00.991+0200] {processor.py:830} INFO - Processing file /home/leoja/airflow/airflow_venv/lib/python3.12/site-packages/airflow/example_dags/example_complex.py for tasks to queue
[2025-06-01T00:50:00.992+0200] {logging_mixin.py:188} INFO - [2025-06-01T00:50:00.992+0200] {dagbag.py:540} INFO - Filling up the DagBag from /home/leoja/airflow/airflow_venv/lib/python3.12/site-packages/airflow/example_dags/example_complex.py
[2025-06-01T00:50:01.007+0200] {processor.py:840} INFO - DAG(s) 'example_complex' retrieved from /home/leoja/airflow/airflow_venv/lib/python3.12/site-packages/airflow/example_dags/example_complex.py
[2025-06-01T00:50:01.027+0200] {logging_mixin.py:188} INFO - [2025-06-01T00:50:01.027+0200] {dag.py:3096} INFO - Sync 1 DAGs
[2025-06-01T00:50:01.038+0200] {logging_mixin.py:188} INFO - [2025-06-01T00:50:01.038+0200] {dag.py:3954} INFO - Setting next_dagrun for example_complex to None, run_after=None
[2025-06-01T00:50:01.069+0200] {processor.py:183} INFO - Processing /home/leoja/airflow/airflow_venv/lib/python3.12/site-packages/airflow/example_dags/example_complex.py took 0.087 seconds
[2025-06-01T00:51:14.476+0200] {processor.py:161} INFO - Started process (PID=145892) to work on /home/leoja/airflow/airflow_venv/lib/python3.12/site-packages/airflow/example_dags/example_complex.py
[2025-06-01T00:51:14.478+0200] {processor.py:830} INFO - Processing file /home/leoja/airflow/airflow_venv/lib/python3.12/site-packages/airflow/example_dags/example_complex.py for tasks to queue
[2025-06-01T00:51:14.478+0200] {logging_mixin.py:188} INFO - [2025-06-01T00:51:14.478+0200] {dagbag.py:540} INFO - Filling up the DagBag from /home/leoja/airflow/airflow_venv/lib/python3.12/site-packages/airflow/example_dags/example_complex.py
[2025-06-01T00:51:14.485+0200] {processor.py:840} INFO - DAG(s) 'example_complex' retrieved from /home/leoja/airflow/airflow_venv/lib/python3.12/site-packages/airflow/example_dags/example_complex.py
[2025-06-01T00:51:14.502+0200] {logging_mixin.py:188} INFO - [2025-06-01T00:51:14.502+0200] {dag.py:3096} INFO - Sync 1 DAGs
[2025-06-01T00:51:14.510+0200] {logging_mixin.py:188} INFO - [2025-06-01T00:51:14.510+0200] {dag.py:3954} INFO - Setting next_dagrun for example_complex to None, run_after=None
[2025-06-01T00:51:14.531+0200] {processor.py:183} INFO - Processing /home/leoja/airflow/airflow_venv/lib/python3.12/site-packages/airflow/example_dags/example_complex.py took 0.061 seconds
[2025-06-01T00:52:28.297+0200] {processor.py:161} INFO - Started process (PID=146174) to work on /home/leoja/airflow/airflow_venv/lib/python3.12/site-packages/airflow/example_dags/example_complex.py
[2025-06-01T00:52:28.298+0200] {processor.py:830} INFO - Processing file /home/leoja/airflow/airflow_venv/lib/python3.12/site-packages/airflow/example_dags/example_complex.py for tasks to queue
[2025-06-01T00:52:28.299+0200] {logging_mixin.py:188} INFO - [2025-06-01T00:52:28.299+0200] {dagbag.py:540} INFO - Filling up the DagBag from /home/leoja/airflow/airflow_venv/lib/python3.12/site-packages/airflow/example_dags/example_complex.py
[2025-06-01T00:52:28.309+0200] {processor.py:840} INFO - DAG(s) 'example_complex' retrieved from /home/leoja/airflow/airflow_venv/lib/python3.12/site-packages/airflow/example_dags/example_complex.py
[2025-06-01T00:52:28.344+0200] {logging_mixin.py:188} INFO - [2025-06-01T00:52:28.344+0200] {dag.py:3096} INFO - Sync 1 DAGs
[2025-06-01T00:52:28.357+0200] {logging_mixin.py:188} INFO - [2025-06-01T00:52:28.356+0200] {dag.py:3954} INFO - Setting next_dagrun for example_complex to None, run_after=None
[2025-06-01T00:52:28.381+0200] {processor.py:183} INFO - Processing /home/leoja/airflow/airflow_venv/lib/python3.12/site-packages/airflow/example_dags/example_complex.py took 0.093 seconds
[2025-06-01T00:53:43.133+0200] {processor.py:161} INFO - Started process (PID=146427) to work on /home/leoja/airflow/airflow_venv/lib/python3.12/site-packages/airflow/example_dags/example_complex.py
[2025-06-01T00:53:43.135+0200] {processor.py:830} INFO - Processing file /home/leoja/airflow/airflow_venv/lib/python3.12/site-packages/airflow/example_dags/example_complex.py for tasks to queue
[2025-06-01T00:53:43.136+0200] {logging_mixin.py:188} INFO - [2025-06-01T00:53:43.135+0200] {dagbag.py:540} INFO - Filling up the DagBag from /home/leoja/airflow/airflow_venv/lib/python3.12/site-packages/airflow/example_dags/example_complex.py
[2025-06-01T00:53:43.146+0200] {processor.py:840} INFO - DAG(s) 'example_complex' retrieved from /home/leoja/airflow/airflow_venv/lib/python3.12/site-packages/airflow/example_dags/example_complex.py
[2025-06-01T00:53:43.164+0200] {logging_mixin.py:188} INFO - [2025-06-01T00:53:43.163+0200] {dag.py:3096} INFO - Sync 1 DAGs
[2025-06-01T00:53:43.172+0200] {logging_mixin.py:188} INFO - [2025-06-01T00:53:43.172+0200] {dag.py:3954} INFO - Setting next_dagrun for example_complex to None, run_after=None
[2025-06-01T00:53:43.194+0200] {processor.py:183} INFO - Processing /home/leoja/airflow/airflow_venv/lib/python3.12/site-packages/airflow/example_dags/example_complex.py took 0.072 seconds
[2025-06-01T00:54:50.408+0200] {processor.py:161} INFO - Started process (PID=146679) to work on /home/leoja/airflow/airflow_venv/lib/python3.12/site-packages/airflow/example_dags/example_complex.py
[2025-06-01T00:54:50.410+0200] {processor.py:830} INFO - Processing file /home/leoja/airflow/airflow_venv/lib/python3.12/site-packages/airflow/example_dags/example_complex.py for tasks to queue
[2025-06-01T00:54:50.410+0200] {logging_mixin.py:188} INFO - [2025-06-01T00:54:50.410+0200] {dagbag.py:540} INFO - Filling up the DagBag from /home/leoja/airflow/airflow_venv/lib/python3.12/site-packages/airflow/example_dags/example_complex.py
[2025-06-01T00:54:50.417+0200] {processor.py:840} INFO - DAG(s) 'example_complex' retrieved from /home/leoja/airflow/airflow_venv/lib/python3.12/site-packages/airflow/example_dags/example_complex.py
[2025-06-01T00:54:50.434+0200] {logging_mixin.py:188} INFO - [2025-06-01T00:54:50.434+0200] {dag.py:3096} INFO - Sync 1 DAGs
[2025-06-01T00:54:50.442+0200] {logging_mixin.py:188} INFO - [2025-06-01T00:54:50.442+0200] {dag.py:3954} INFO - Setting next_dagrun for example_complex to None, run_after=None
[2025-06-01T00:54:50.469+0200] {processor.py:183} INFO - Processing /home/leoja/airflow/airflow_venv/lib/python3.12/site-packages/airflow/example_dags/example_complex.py took 0.066 seconds
[2025-06-01T00:56:00.276+0200] {processor.py:161} INFO - Started process (PID=146927) to work on /home/leoja/airflow/airflow_venv/lib/python3.12/site-packages/airflow/example_dags/example_complex.py
[2025-06-01T00:56:00.277+0200] {processor.py:830} INFO - Processing file /home/leoja/airflow/airflow_venv/lib/python3.12/site-packages/airflow/example_dags/example_complex.py for tasks to queue
[2025-06-01T00:56:00.278+0200] {logging_mixin.py:188} INFO - [2025-06-01T00:56:00.278+0200] {dagbag.py:540} INFO - Filling up the DagBag from /home/leoja/airflow/airflow_venv/lib/python3.12/site-packages/airflow/example_dags/example_complex.py
[2025-06-01T00:56:00.284+0200] {processor.py:840} INFO - DAG(s) 'example_complex' retrieved from /home/leoja/airflow/airflow_venv/lib/python3.12/site-packages/airflow/example_dags/example_complex.py
[2025-06-01T00:56:00.304+0200] {logging_mixin.py:188} INFO - [2025-06-01T00:56:00.303+0200] {dag.py:3096} INFO - Sync 1 DAGs
[2025-06-01T00:56:00.312+0200] {logging_mixin.py:188} INFO - [2025-06-01T00:56:00.312+0200] {dag.py:3954} INFO - Setting next_dagrun for example_complex to None, run_after=None
[2025-06-01T00:56:00.350+0200] {processor.py:183} INFO - Processing /home/leoja/airflow/airflow_venv/lib/python3.12/site-packages/airflow/example_dags/example_complex.py took 0.080 seconds
[2025-06-01T00:57:11.594+0200] {processor.py:161} INFO - Started process (PID=147184) to work on /home/leoja/airflow/airflow_venv/lib/python3.12/site-packages/airflow/example_dags/example_complex.py
[2025-06-01T00:57:11.596+0200] {processor.py:830} INFO - Processing file /home/leoja/airflow/airflow_venv/lib/python3.12/site-packages/airflow/example_dags/example_complex.py for tasks to queue
[2025-06-01T00:57:11.596+0200] {logging_mixin.py:188} INFO - [2025-06-01T00:57:11.596+0200] {dagbag.py:540} INFO - Filling up the DagBag from /home/leoja/airflow/airflow_venv/lib/python3.12/site-packages/airflow/example_dags/example_complex.py
[2025-06-01T00:57:11.605+0200] {processor.py:840} INFO - DAG(s) 'example_complex' retrieved from /home/leoja/airflow/airflow_venv/lib/python3.12/site-packages/airflow/example_dags/example_complex.py
[2025-06-01T00:57:11.626+0200] {logging_mixin.py:188} INFO - [2025-06-01T00:57:11.626+0200] {dag.py:3096} INFO - Sync 1 DAGs
[2025-06-01T00:57:11.639+0200] {logging_mixin.py:188} INFO - [2025-06-01T00:57:11.639+0200] {dag.py:3954} INFO - Setting next_dagrun for example_complex to None, run_after=None
[2025-06-01T00:57:11.662+0200] {processor.py:183} INFO - Processing /home/leoja/airflow/airflow_venv/lib/python3.12/site-packages/airflow/example_dags/example_complex.py took 0.075 seconds
[2025-06-01T00:58:28.822+0200] {processor.py:161} INFO - Started process (PID=147439) to work on /home/leoja/airflow/airflow_venv/lib/python3.12/site-packages/airflow/example_dags/example_complex.py
[2025-06-01T00:58:28.823+0200] {processor.py:830} INFO - Processing file /home/leoja/airflow/airflow_venv/lib/python3.12/site-packages/airflow/example_dags/example_complex.py for tasks to queue
[2025-06-01T00:58:28.824+0200] {logging_mixin.py:188} INFO - [2025-06-01T00:58:28.824+0200] {dagbag.py:540} INFO - Filling up the DagBag from /home/leoja/airflow/airflow_venv/lib/python3.12/site-packages/airflow/example_dags/example_complex.py
[2025-06-01T00:58:28.832+0200] {processor.py:840} INFO - DAG(s) 'example_complex' retrieved from /home/leoja/airflow/airflow_venv/lib/python3.12/site-packages/airflow/example_dags/example_complex.py
[2025-06-01T00:58:28.851+0200] {logging_mixin.py:188} INFO - [2025-06-01T00:58:28.851+0200] {dag.py:3096} INFO - Sync 1 DAGs
[2025-06-01T00:58:28.859+0200] {logging_mixin.py:188} INFO - [2025-06-01T00:58:28.859+0200] {dag.py:3954} INFO - Setting next_dagrun for example_complex to None, run_after=None
[2025-06-01T00:58:28.878+0200] {processor.py:183} INFO - Processing /home/leoja/airflow/airflow_venv/lib/python3.12/site-packages/airflow/example_dags/example_complex.py took 0.063 seconds
[2025-06-01T00:59:42.099+0200] {processor.py:161} INFO - Started process (PID=147715) to work on /home/leoja/airflow/airflow_venv/lib/python3.12/site-packages/airflow/example_dags/example_complex.py
[2025-06-01T00:59:42.101+0200] {processor.py:830} INFO - Processing file /home/leoja/airflow/airflow_venv/lib/python3.12/site-packages/airflow/example_dags/example_complex.py for tasks to queue
[2025-06-01T00:59:42.101+0200] {logging_mixin.py:188} INFO - [2025-06-01T00:59:42.101+0200] {dagbag.py:540} INFO - Filling up the DagBag from /home/leoja/airflow/airflow_venv/lib/python3.12/site-packages/airflow/example_dags/example_complex.py
[2025-06-01T00:59:42.110+0200] {processor.py:840} INFO - DAG(s) 'example_complex' retrieved from /home/leoja/airflow/airflow_venv/lib/python3.12/site-packages/airflow/example_dags/example_complex.py
[2025-06-01T00:59:42.132+0200] {logging_mixin.py:188} INFO - [2025-06-01T00:59:42.131+0200] {dag.py:3096} INFO - Sync 1 DAGs
[2025-06-01T00:59:42.147+0200] {logging_mixin.py:188} INFO - [2025-06-01T00:59:42.147+0200] {dag.py:3954} INFO - Setting next_dagrun for example_complex to None, run_after=None
[2025-06-01T00:59:42.169+0200] {processor.py:183} INFO - Processing /home/leoja/airflow/airflow_venv/lib/python3.12/site-packages/airflow/example_dags/example_complex.py took 0.076 seconds
[2025-06-01T01:00:57.901+0200] {processor.py:161} INFO - Started process (PID=147974) to work on /home/leoja/airflow/airflow_venv/lib/python3.12/site-packages/airflow/example_dags/example_complex.py
[2025-06-01T01:00:57.902+0200] {processor.py:830} INFO - Processing file /home/leoja/airflow/airflow_venv/lib/python3.12/site-packages/airflow/example_dags/example_complex.py for tasks to queue
[2025-06-01T01:00:57.904+0200] {logging_mixin.py:188} INFO - [2025-06-01T01:00:57.902+0200] {dagbag.py:540} INFO - Filling up the DagBag from /home/leoja/airflow/airflow_venv/lib/python3.12/site-packages/airflow/example_dags/example_complex.py
[2025-06-01T01:00:57.912+0200] {processor.py:840} INFO - DAG(s) 'example_complex' retrieved from /home/leoja/airflow/airflow_venv/lib/python3.12/site-packages/airflow/example_dags/example_complex.py
[2025-06-01T01:00:57.932+0200] {logging_mixin.py:188} INFO - [2025-06-01T01:00:57.932+0200] {dag.py:3096} INFO - Sync 1 DAGs
[2025-06-01T01:00:57.940+0200] {logging_mixin.py:188} INFO - [2025-06-01T01:00:57.940+0200] {dag.py:3954} INFO - Setting next_dagrun for example_complex to None, run_after=None
[2025-06-01T01:00:57.957+0200] {processor.py:183} INFO - Processing /home/leoja/airflow/airflow_venv/lib/python3.12/site-packages/airflow/example_dags/example_complex.py took 0.062 seconds
