[2025-05-31T23:51:38.986+0200] {processor.py:161} INFO - Started process (PID=133102) to work on /home/leoja/airflow/airflow_venv/lib/python3.12/site-packages/airflow/example_dags/example_bash_operator.py
[2025-05-31T23:51:38.986+0200] {processor.py:830} INFO - Processing file /home/leoja/airflow/airflow_venv/lib/python3.12/site-packages/airflow/example_dags/example_bash_operator.py for tasks to queue
[2025-05-31T23:51:38.987+0200] {logging_mixin.py:188} INFO - [2025-05-31T23:51:38.987+0200] {dagbag.py:540} INFO - Filling up the DagBag from /home/leoja/airflow/airflow_venv/lib/python3.12/site-packages/airflow/example_dags/example_bash_operator.py
[2025-05-31T23:51:38.997+0200] {processor.py:840} INFO - DAG(s) 'example_bash_operator' retrieved from /home/leoja/airflow/airflow_venv/lib/python3.12/site-packages/airflow/example_dags/example_bash_operator.py
[2025-05-31T23:51:39.014+0200] {logging_mixin.py:188} INFO - [2025-05-31T23:51:39.014+0200] {dag.py:3096} INFO - Sync 1 DAGs
[2025-05-31T23:51:39.032+0200] {logging_mixin.py:188} INFO - [2025-05-31T23:51:39.032+0200] {dag.py:3954} INFO - Setting next_dagrun for example_bash_operator to 2025-05-30 00:00:00+00:00, run_after=2025-05-31 00:00:00+00:00
[2025-05-31T23:51:39.055+0200] {processor.py:183} INFO - Processing /home/leoja/airflow/airflow_venv/lib/python3.12/site-packages/airflow/example_dags/example_bash_operator.py took 0.075 seconds
[2025-05-31T23:52:35.926+0200] {processor.py:161} INFO - Started process (PID=133310) to work on /home/leoja/airflow/airflow_venv/lib/python3.12/site-packages/airflow/example_dags/example_bash_operator.py
[2025-05-31T23:52:35.927+0200] {processor.py:830} INFO - Processing file /home/leoja/airflow/airflow_venv/lib/python3.12/site-packages/airflow/example_dags/example_bash_operator.py for tasks to queue
[2025-05-31T23:52:35.928+0200] {logging_mixin.py:188} INFO - [2025-05-31T23:52:35.928+0200] {dagbag.py:540} INFO - Filling up the DagBag from /home/leoja/airflow/airflow_venv/lib/python3.12/site-packages/airflow/example_dags/example_bash_operator.py
[2025-05-31T23:52:35.941+0200] {processor.py:840} INFO - DAG(s) 'example_bash_operator' retrieved from /home/leoja/airflow/airflow_venv/lib/python3.12/site-packages/airflow/example_dags/example_bash_operator.py
[2025-05-31T23:52:35.961+0200] {logging_mixin.py:188} INFO - [2025-05-31T23:52:35.961+0200] {dag.py:3096} INFO - Sync 1 DAGs
[2025-05-31T23:52:35.979+0200] {logging_mixin.py:188} INFO - [2025-05-31T23:52:35.979+0200] {dag.py:3954} INFO - Setting next_dagrun for example_bash_operator to 2025-05-30 00:00:00+00:00, run_after=2025-05-31 00:00:00+00:00
[2025-05-31T23:52:36.014+0200] {processor.py:183} INFO - Processing /home/leoja/airflow/airflow_venv/lib/python3.12/site-packages/airflow/example_dags/example_bash_operator.py took 0.095 seconds
[2025-05-31T23:53:30.840+0200] {processor.py:161} INFO - Started process (PID=133517) to work on /home/leoja/airflow/airflow_venv/lib/python3.12/site-packages/airflow/example_dags/example_bash_operator.py
[2025-05-31T23:53:30.842+0200] {processor.py:830} INFO - Processing file /home/leoja/airflow/airflow_venv/lib/python3.12/site-packages/airflow/example_dags/example_bash_operator.py for tasks to queue
[2025-05-31T23:53:30.843+0200] {logging_mixin.py:188} INFO - [2025-05-31T23:53:30.843+0200] {dagbag.py:540} INFO - Filling up the DagBag from /home/leoja/airflow/airflow_venv/lib/python3.12/site-packages/airflow/example_dags/example_bash_operator.py
[2025-05-31T23:53:30.851+0200] {processor.py:840} INFO - DAG(s) 'example_bash_operator' retrieved from /home/leoja/airflow/airflow_venv/lib/python3.12/site-packages/airflow/example_dags/example_bash_operator.py
[2025-05-31T23:53:30.867+0200] {logging_mixin.py:188} INFO - [2025-05-31T23:53:30.867+0200] {dag.py:3096} INFO - Sync 1 DAGs
[2025-05-31T23:53:30.883+0200] {logging_mixin.py:188} INFO - [2025-05-31T23:53:30.882+0200] {dag.py:3954} INFO - Setting next_dagrun for example_bash_operator to 2025-05-30 00:00:00+00:00, run_after=2025-05-31 00:00:00+00:00
[2025-05-31T23:53:30.902+0200] {processor.py:183} INFO - Processing /home/leoja/airflow/airflow_venv/lib/python3.12/site-packages/airflow/example_dags/example_bash_operator.py took 0.067 seconds
[2025-05-31T23:54:46.733+0200] {processor.py:161} INFO - Started process (PID=133773) to work on /home/leoja/airflow/airflow_venv/lib/python3.12/site-packages/airflow/example_dags/example_bash_operator.py
[2025-05-31T23:54:46.734+0200] {processor.py:830} INFO - Processing file /home/leoja/airflow/airflow_venv/lib/python3.12/site-packages/airflow/example_dags/example_bash_operator.py for tasks to queue
[2025-05-31T23:54:46.735+0200] {logging_mixin.py:188} INFO - [2025-05-31T23:54:46.735+0200] {dagbag.py:540} INFO - Filling up the DagBag from /home/leoja/airflow/airflow_venv/lib/python3.12/site-packages/airflow/example_dags/example_bash_operator.py
[2025-05-31T23:54:46.744+0200] {processor.py:840} INFO - DAG(s) 'example_bash_operator' retrieved from /home/leoja/airflow/airflow_venv/lib/python3.12/site-packages/airflow/example_dags/example_bash_operator.py
[2025-05-31T23:54:46.759+0200] {logging_mixin.py:188} INFO - [2025-05-31T23:54:46.758+0200] {dag.py:3096} INFO - Sync 1 DAGs
[2025-05-31T23:54:46.773+0200] {logging_mixin.py:188} INFO - [2025-05-31T23:54:46.773+0200] {dag.py:3954} INFO - Setting next_dagrun for example_bash_operator to 2025-05-30 00:00:00+00:00, run_after=2025-05-31 00:00:00+00:00
[2025-05-31T23:54:46.796+0200] {processor.py:183} INFO - Processing /home/leoja/airflow/airflow_venv/lib/python3.12/site-packages/airflow/example_dags/example_bash_operator.py took 0.069 seconds
[2025-05-31T23:56:06.259+0200] {processor.py:161} INFO - Started process (PID=134055) to work on /home/leoja/airflow/airflow_venv/lib/python3.12/site-packages/airflow/example_dags/example_bash_operator.py
[2025-05-31T23:56:06.260+0200] {processor.py:830} INFO - Processing file /home/leoja/airflow/airflow_venv/lib/python3.12/site-packages/airflow/example_dags/example_bash_operator.py for tasks to queue
[2025-05-31T23:56:06.261+0200] {logging_mixin.py:188} INFO - [2025-05-31T23:56:06.261+0200] {dagbag.py:540} INFO - Filling up the DagBag from /home/leoja/airflow/airflow_venv/lib/python3.12/site-packages/airflow/example_dags/example_bash_operator.py
[2025-05-31T23:56:06.272+0200] {processor.py:840} INFO - DAG(s) 'example_bash_operator' retrieved from /home/leoja/airflow/airflow_venv/lib/python3.12/site-packages/airflow/example_dags/example_bash_operator.py
[2025-05-31T23:56:06.297+0200] {logging_mixin.py:188} INFO - [2025-05-31T23:56:06.297+0200] {dag.py:3096} INFO - Sync 1 DAGs
[2025-05-31T23:56:06.314+0200] {logging_mixin.py:188} INFO - [2025-05-31T23:56:06.313+0200] {dag.py:3954} INFO - Setting next_dagrun for example_bash_operator to 2025-05-30 00:00:00+00:00, run_after=2025-05-31 00:00:00+00:00
[2025-05-31T23:56:06.337+0200] {processor.py:183} INFO - Processing /home/leoja/airflow/airflow_venv/lib/python3.12/site-packages/airflow/example_dags/example_bash_operator.py took 0.085 seconds
[2025-05-31T23:57:01.739+0200] {processor.py:161} INFO - Started process (PID=134265) to work on /home/leoja/airflow/airflow_venv/lib/python3.12/site-packages/airflow/example_dags/example_bash_operator.py
[2025-05-31T23:57:01.741+0200] {processor.py:830} INFO - Processing file /home/leoja/airflow/airflow_venv/lib/python3.12/site-packages/airflow/example_dags/example_bash_operator.py for tasks to queue
[2025-05-31T23:57:01.742+0200] {logging_mixin.py:188} INFO - [2025-05-31T23:57:01.742+0200] {dagbag.py:540} INFO - Filling up the DagBag from /home/leoja/airflow/airflow_venv/lib/python3.12/site-packages/airflow/example_dags/example_bash_operator.py
[2025-05-31T23:57:01.756+0200] {processor.py:840} INFO - DAG(s) 'example_bash_operator' retrieved from /home/leoja/airflow/airflow_venv/lib/python3.12/site-packages/airflow/example_dags/example_bash_operator.py
[2025-05-31T23:57:01.771+0200] {logging_mixin.py:188} INFO - [2025-05-31T23:57:01.771+0200] {dag.py:3096} INFO - Sync 1 DAGs
[2025-05-31T23:57:01.788+0200] {logging_mixin.py:188} INFO - [2025-05-31T23:57:01.788+0200] {dag.py:3954} INFO - Setting next_dagrun for example_bash_operator to 2025-05-30 00:00:00+00:00, run_after=2025-05-31 00:00:00+00:00
[2025-05-31T23:57:01.807+0200] {processor.py:183} INFO - Processing /home/leoja/airflow/airflow_venv/lib/python3.12/site-packages/airflow/example_dags/example_bash_operator.py took 0.074 seconds
[2025-05-31T23:58:14.434+0200] {processor.py:161} INFO - Started process (PID=134526) to work on /home/leoja/airflow/airflow_venv/lib/python3.12/site-packages/airflow/example_dags/example_bash_operator.py
[2025-05-31T23:58:14.438+0200] {processor.py:830} INFO - Processing file /home/leoja/airflow/airflow_venv/lib/python3.12/site-packages/airflow/example_dags/example_bash_operator.py for tasks to queue
[2025-05-31T23:58:14.441+0200] {logging_mixin.py:188} INFO - [2025-05-31T23:58:14.441+0200] {dagbag.py:540} INFO - Filling up the DagBag from /home/leoja/airflow/airflow_venv/lib/python3.12/site-packages/airflow/example_dags/example_bash_operator.py
[2025-05-31T23:58:14.460+0200] {processor.py:840} INFO - DAG(s) 'example_bash_operator' retrieved from /home/leoja/airflow/airflow_venv/lib/python3.12/site-packages/airflow/example_dags/example_bash_operator.py
[2025-05-31T23:58:14.510+0200] {logging_mixin.py:188} INFO - [2025-05-31T23:58:14.510+0200] {dag.py:3096} INFO - Sync 1 DAGs
[2025-05-31T23:58:14.571+0200] {logging_mixin.py:188} INFO - [2025-05-31T23:58:14.560+0200] {dag.py:3954} INFO - Setting next_dagrun for example_bash_operator to 2025-05-30 00:00:00+00:00, run_after=2025-05-31 00:00:00+00:00
[2025-05-31T23:58:14.618+0200] {processor.py:183} INFO - Processing /home/leoja/airflow/airflow_venv/lib/python3.12/site-packages/airflow/example_dags/example_bash_operator.py took 0.192 seconds
[2025-05-31T23:59:09.421+0200] {processor.py:161} INFO - Started process (PID=134709) to work on /home/leoja/airflow/airflow_venv/lib/python3.12/site-packages/airflow/example_dags/example_bash_operator.py
[2025-05-31T23:59:09.423+0200] {processor.py:830} INFO - Processing file /home/leoja/airflow/airflow_venv/lib/python3.12/site-packages/airflow/example_dags/example_bash_operator.py for tasks to queue
[2025-05-31T23:59:09.423+0200] {logging_mixin.py:188} INFO - [2025-05-31T23:59:09.423+0200] {dagbag.py:540} INFO - Filling up the DagBag from /home/leoja/airflow/airflow_venv/lib/python3.12/site-packages/airflow/example_dags/example_bash_operator.py
[2025-05-31T23:59:09.431+0200] {processor.py:840} INFO - DAG(s) 'example_bash_operator' retrieved from /home/leoja/airflow/airflow_venv/lib/python3.12/site-packages/airflow/example_dags/example_bash_operator.py
[2025-05-31T23:59:09.447+0200] {logging_mixin.py:188} INFO - [2025-05-31T23:59:09.447+0200] {dag.py:3096} INFO - Sync 1 DAGs
[2025-05-31T23:59:09.462+0200] {logging_mixin.py:188} INFO - [2025-05-31T23:59:09.462+0200] {dag.py:3954} INFO - Setting next_dagrun for example_bash_operator to 2025-05-30 00:00:00+00:00, run_after=2025-05-31 00:00:00+00:00
[2025-05-31T23:59:09.484+0200] {processor.py:183} INFO - Processing /home/leoja/airflow/airflow_venv/lib/python3.12/site-packages/airflow/example_dags/example_bash_operator.py took 0.069 seconds
[2025-06-01T00:00:06.554+0200] {processor.py:161} INFO - Started process (PID=134958) to work on /home/leoja/airflow/airflow_venv/lib/python3.12/site-packages/airflow/example_dags/example_bash_operator.py
[2025-06-01T00:00:06.556+0200] {processor.py:830} INFO - Processing file /home/leoja/airflow/airflow_venv/lib/python3.12/site-packages/airflow/example_dags/example_bash_operator.py for tasks to queue
[2025-06-01T00:00:06.557+0200] {logging_mixin.py:188} INFO - [2025-06-01T00:00:06.556+0200] {dagbag.py:540} INFO - Filling up the DagBag from /home/leoja/airflow/airflow_venv/lib/python3.12/site-packages/airflow/example_dags/example_bash_operator.py
[2025-06-01T00:00:06.568+0200] {processor.py:840} INFO - DAG(s) 'example_bash_operator' retrieved from /home/leoja/airflow/airflow_venv/lib/python3.12/site-packages/airflow/example_dags/example_bash_operator.py
[2025-06-01T00:00:06.587+0200] {logging_mixin.py:188} INFO - [2025-06-01T00:00:06.587+0200] {dag.py:3096} INFO - Sync 1 DAGs
[2025-06-01T00:00:06.602+0200] {logging_mixin.py:188} INFO - [2025-06-01T00:00:06.602+0200] {dag.py:3954} INFO - Setting next_dagrun for example_bash_operator to 2025-05-30 00:00:00+00:00, run_after=2025-05-31 00:00:00+00:00
[2025-06-01T00:00:06.624+0200] {processor.py:183} INFO - Processing /home/leoja/airflow/airflow_venv/lib/python3.12/site-packages/airflow/example_dags/example_bash_operator.py took 0.077 seconds
[2025-06-01T00:01:00.125+0200] {processor.py:161} INFO - Started process (PID=135138) to work on /home/leoja/airflow/airflow_venv/lib/python3.12/site-packages/airflow/example_dags/example_bash_operator.py
[2025-06-01T00:01:00.128+0200] {processor.py:830} INFO - Processing file /home/leoja/airflow/airflow_venv/lib/python3.12/site-packages/airflow/example_dags/example_bash_operator.py for tasks to queue
[2025-06-01T00:01:00.128+0200] {logging_mixin.py:188} INFO - [2025-06-01T00:01:00.128+0200] {dagbag.py:540} INFO - Filling up the DagBag from /home/leoja/airflow/airflow_venv/lib/python3.12/site-packages/airflow/example_dags/example_bash_operator.py
[2025-06-01T00:01:00.140+0200] {processor.py:840} INFO - DAG(s) 'example_bash_operator' retrieved from /home/leoja/airflow/airflow_venv/lib/python3.12/site-packages/airflow/example_dags/example_bash_operator.py
[2025-06-01T00:01:00.177+0200] {logging_mixin.py:188} INFO - [2025-06-01T00:01:00.176+0200] {dag.py:3096} INFO - Sync 1 DAGs
[2025-06-01T00:01:00.203+0200] {logging_mixin.py:188} INFO - [2025-06-01T00:01:00.203+0200] {dag.py:3954} INFO - Setting next_dagrun for example_bash_operator to 2025-05-30 00:00:00+00:00, run_after=2025-05-31 00:00:00+00:00
[2025-06-01T00:01:00.231+0200] {processor.py:183} INFO - Processing /home/leoja/airflow/airflow_venv/lib/python3.12/site-packages/airflow/example_dags/example_bash_operator.py took 0.114 seconds
[2025-06-01T00:02:17.262+0200] {processor.py:161} INFO - Started process (PID=135416) to work on /home/leoja/airflow/airflow_venv/lib/python3.12/site-packages/airflow/example_dags/example_bash_operator.py
[2025-06-01T00:02:17.263+0200] {processor.py:830} INFO - Processing file /home/leoja/airflow/airflow_venv/lib/python3.12/site-packages/airflow/example_dags/example_bash_operator.py for tasks to queue
[2025-06-01T00:02:17.264+0200] {logging_mixin.py:188} INFO - [2025-06-01T00:02:17.263+0200] {dagbag.py:540} INFO - Filling up the DagBag from /home/leoja/airflow/airflow_venv/lib/python3.12/site-packages/airflow/example_dags/example_bash_operator.py
[2025-06-01T00:02:17.275+0200] {processor.py:840} INFO - DAG(s) 'example_bash_operator' retrieved from /home/leoja/airflow/airflow_venv/lib/python3.12/site-packages/airflow/example_dags/example_bash_operator.py
[2025-06-01T00:02:17.293+0200] {logging_mixin.py:188} INFO - [2025-06-01T00:02:17.293+0200] {dag.py:3096} INFO - Sync 1 DAGs
[2025-06-01T00:02:17.306+0200] {logging_mixin.py:188} INFO - [2025-06-01T00:02:17.306+0200] {dag.py:3954} INFO - Setting next_dagrun for example_bash_operator to 2025-05-30 00:00:00+00:00, run_after=2025-05-31 00:00:00+00:00
[2025-06-01T00:02:17.328+0200] {processor.py:183} INFO - Processing /home/leoja/airflow/airflow_venv/lib/python3.12/site-packages/airflow/example_dags/example_bash_operator.py took 0.071 seconds
[2025-06-01T00:03:29.721+0200] {processor.py:161} INFO - Started process (PID=135668) to work on /home/leoja/airflow/airflow_venv/lib/python3.12/site-packages/airflow/example_dags/example_bash_operator.py
[2025-06-01T00:03:29.723+0200] {processor.py:830} INFO - Processing file /home/leoja/airflow/airflow_venv/lib/python3.12/site-packages/airflow/example_dags/example_bash_operator.py for tasks to queue
[2025-06-01T00:03:29.724+0200] {logging_mixin.py:188} INFO - [2025-06-01T00:03:29.723+0200] {dagbag.py:540} INFO - Filling up the DagBag from /home/leoja/airflow/airflow_venv/lib/python3.12/site-packages/airflow/example_dags/example_bash_operator.py
[2025-06-01T00:03:29.734+0200] {processor.py:840} INFO - DAG(s) 'example_bash_operator' retrieved from /home/leoja/airflow/airflow_venv/lib/python3.12/site-packages/airflow/example_dags/example_bash_operator.py
[2025-06-01T00:03:29.758+0200] {logging_mixin.py:188} INFO - [2025-06-01T00:03:29.757+0200] {dag.py:3096} INFO - Sync 1 DAGs
[2025-06-01T00:03:29.773+0200] {logging_mixin.py:188} INFO - [2025-06-01T00:03:29.772+0200] {dag.py:3954} INFO - Setting next_dagrun for example_bash_operator to 2025-05-30 00:00:00+00:00, run_after=2025-05-31 00:00:00+00:00
[2025-06-01T00:03:29.793+0200] {processor.py:183} INFO - Processing /home/leoja/airflow/airflow_venv/lib/python3.12/site-packages/airflow/example_dags/example_bash_operator.py took 0.077 seconds
[2025-06-01T00:04:44.995+0200] {processor.py:161} INFO - Started process (PID=135948) to work on /home/leoja/airflow/airflow_venv/lib/python3.12/site-packages/airflow/example_dags/example_bash_operator.py
[2025-06-01T00:04:44.996+0200] {processor.py:830} INFO - Processing file /home/leoja/airflow/airflow_venv/lib/python3.12/site-packages/airflow/example_dags/example_bash_operator.py for tasks to queue
[2025-06-01T00:04:44.997+0200] {logging_mixin.py:188} INFO - [2025-06-01T00:04:44.997+0200] {dagbag.py:540} INFO - Filling up the DagBag from /home/leoja/airflow/airflow_venv/lib/python3.12/site-packages/airflow/example_dags/example_bash_operator.py
[2025-06-01T00:04:45.005+0200] {processor.py:840} INFO - DAG(s) 'example_bash_operator' retrieved from /home/leoja/airflow/airflow_venv/lib/python3.12/site-packages/airflow/example_dags/example_bash_operator.py
[2025-06-01T00:04:45.022+0200] {logging_mixin.py:188} INFO - [2025-06-01T00:04:45.022+0200] {dag.py:3096} INFO - Sync 1 DAGs
[2025-06-01T00:04:45.035+0200] {logging_mixin.py:188} INFO - [2025-06-01T00:04:45.035+0200] {dag.py:3954} INFO - Setting next_dagrun for example_bash_operator to 2025-05-30 00:00:00+00:00, run_after=2025-05-31 00:00:00+00:00
[2025-06-01T00:04:45.057+0200] {processor.py:183} INFO - Processing /home/leoja/airflow/airflow_venv/lib/python3.12/site-packages/airflow/example_dags/example_bash_operator.py took 0.069 seconds
[2025-06-01T00:05:54.056+0200] {processor.py:161} INFO - Started process (PID=136197) to work on /home/leoja/airflow/airflow_venv/lib/python3.12/site-packages/airflow/example_dags/example_bash_operator.py
[2025-06-01T00:05:54.058+0200] {processor.py:830} INFO - Processing file /home/leoja/airflow/airflow_venv/lib/python3.12/site-packages/airflow/example_dags/example_bash_operator.py for tasks to queue
[2025-06-01T00:05:54.058+0200] {logging_mixin.py:188} INFO - [2025-06-01T00:05:54.058+0200] {dagbag.py:540} INFO - Filling up the DagBag from /home/leoja/airflow/airflow_venv/lib/python3.12/site-packages/airflow/example_dags/example_bash_operator.py
[2025-06-01T00:05:54.068+0200] {processor.py:840} INFO - DAG(s) 'example_bash_operator' retrieved from /home/leoja/airflow/airflow_venv/lib/python3.12/site-packages/airflow/example_dags/example_bash_operator.py
[2025-06-01T00:05:54.085+0200] {logging_mixin.py:188} INFO - [2025-06-01T00:05:54.085+0200] {dag.py:3096} INFO - Sync 1 DAGs
[2025-06-01T00:05:54.099+0200] {logging_mixin.py:188} INFO - [2025-06-01T00:05:54.099+0200] {dag.py:3954} INFO - Setting next_dagrun for example_bash_operator to 2025-05-30 00:00:00+00:00, run_after=2025-05-31 00:00:00+00:00
[2025-06-01T00:05:54.118+0200] {processor.py:183} INFO - Processing /home/leoja/airflow/airflow_venv/lib/python3.12/site-packages/airflow/example_dags/example_bash_operator.py took 0.067 seconds
[2025-06-01T00:07:09.959+0200] {processor.py:161} INFO - Started process (PID=136465) to work on /home/leoja/airflow/airflow_venv/lib/python3.12/site-packages/airflow/example_dags/example_bash_operator.py
[2025-06-01T00:07:09.961+0200] {processor.py:830} INFO - Processing file /home/leoja/airflow/airflow_venv/lib/python3.12/site-packages/airflow/example_dags/example_bash_operator.py for tasks to queue
[2025-06-01T00:07:09.962+0200] {logging_mixin.py:188} INFO - [2025-06-01T00:07:09.962+0200] {dagbag.py:540} INFO - Filling up the DagBag from /home/leoja/airflow/airflow_venv/lib/python3.12/site-packages/airflow/example_dags/example_bash_operator.py
[2025-06-01T00:07:09.975+0200] {processor.py:840} INFO - DAG(s) 'example_bash_operator' retrieved from /home/leoja/airflow/airflow_venv/lib/python3.12/site-packages/airflow/example_dags/example_bash_operator.py
[2025-06-01T00:07:09.996+0200] {logging_mixin.py:188} INFO - [2025-06-01T00:07:09.996+0200] {dag.py:3096} INFO - Sync 1 DAGs
[2025-06-01T00:07:10.023+0200] {logging_mixin.py:188} INFO - [2025-06-01T00:07:10.023+0200] {dag.py:3954} INFO - Setting next_dagrun for example_bash_operator to 2025-05-30 00:00:00+00:00, run_after=2025-05-31 00:00:00+00:00
[2025-06-01T00:07:10.055+0200] {processor.py:183} INFO - Processing /home/leoja/airflow/airflow_venv/lib/python3.12/site-packages/airflow/example_dags/example_bash_operator.py took 0.108 seconds
[2025-06-01T00:08:28.534+0200] {processor.py:161} INFO - Started process (PID=136740) to work on /home/leoja/airflow/airflow_venv/lib/python3.12/site-packages/airflow/example_dags/example_bash_operator.py
[2025-06-01T00:08:28.536+0200] {processor.py:830} INFO - Processing file /home/leoja/airflow/airflow_venv/lib/python3.12/site-packages/airflow/example_dags/example_bash_operator.py for tasks to queue
[2025-06-01T00:08:28.538+0200] {logging_mixin.py:188} INFO - [2025-06-01T00:08:28.537+0200] {dagbag.py:540} INFO - Filling up the DagBag from /home/leoja/airflow/airflow_venv/lib/python3.12/site-packages/airflow/example_dags/example_bash_operator.py
[2025-06-01T00:08:28.547+0200] {processor.py:840} INFO - DAG(s) 'example_bash_operator' retrieved from /home/leoja/airflow/airflow_venv/lib/python3.12/site-packages/airflow/example_dags/example_bash_operator.py
[2025-06-01T00:08:28.568+0200] {logging_mixin.py:188} INFO - [2025-06-01T00:08:28.567+0200] {dag.py:3096} INFO - Sync 1 DAGs
[2025-06-01T00:08:28.583+0200] {logging_mixin.py:188} INFO - [2025-06-01T00:08:28.583+0200] {dag.py:3954} INFO - Setting next_dagrun for example_bash_operator to 2025-05-30 00:00:00+00:00, run_after=2025-05-31 00:00:00+00:00
[2025-06-01T00:08:28.609+0200] {processor.py:183} INFO - Processing /home/leoja/airflow/airflow_venv/lib/python3.12/site-packages/airflow/example_dags/example_bash_operator.py took 0.082 seconds
[2025-06-01T00:09:37.539+0200] {processor.py:161} INFO - Started process (PID=136993) to work on /home/leoja/airflow/airflow_venv/lib/python3.12/site-packages/airflow/example_dags/example_bash_operator.py
[2025-06-01T00:09:37.541+0200] {processor.py:830} INFO - Processing file /home/leoja/airflow/airflow_venv/lib/python3.12/site-packages/airflow/example_dags/example_bash_operator.py for tasks to queue
[2025-06-01T00:09:37.542+0200] {logging_mixin.py:188} INFO - [2025-06-01T00:09:37.541+0200] {dagbag.py:540} INFO - Filling up the DagBag from /home/leoja/airflow/airflow_venv/lib/python3.12/site-packages/airflow/example_dags/example_bash_operator.py
[2025-06-01T00:09:37.551+0200] {processor.py:840} INFO - DAG(s) 'example_bash_operator' retrieved from /home/leoja/airflow/airflow_venv/lib/python3.12/site-packages/airflow/example_dags/example_bash_operator.py
[2025-06-01T00:09:37.567+0200] {logging_mixin.py:188} INFO - [2025-06-01T00:09:37.567+0200] {dag.py:3096} INFO - Sync 1 DAGs
[2025-06-01T00:09:37.583+0200] {logging_mixin.py:188} INFO - [2025-06-01T00:09:37.583+0200] {dag.py:3954} INFO - Setting next_dagrun for example_bash_operator to 2025-05-30 00:00:00+00:00, run_after=2025-05-31 00:00:00+00:00
[2025-06-01T00:09:37.614+0200] {processor.py:183} INFO - Processing /home/leoja/airflow/airflow_venv/lib/python3.12/site-packages/airflow/example_dags/example_bash_operator.py took 0.081 seconds
[2025-06-01T00:10:52.021+0200] {processor.py:161} INFO - Started process (PID=137246) to work on /home/leoja/airflow/airflow_venv/lib/python3.12/site-packages/airflow/example_dags/example_bash_operator.py
[2025-06-01T00:10:52.024+0200] {processor.py:830} INFO - Processing file /home/leoja/airflow/airflow_venv/lib/python3.12/site-packages/airflow/example_dags/example_bash_operator.py for tasks to queue
[2025-06-01T00:10:52.025+0200] {logging_mixin.py:188} INFO - [2025-06-01T00:10:52.024+0200] {dagbag.py:540} INFO - Filling up the DagBag from /home/leoja/airflow/airflow_venv/lib/python3.12/site-packages/airflow/example_dags/example_bash_operator.py
[2025-06-01T00:10:52.036+0200] {processor.py:840} INFO - DAG(s) 'example_bash_operator' retrieved from /home/leoja/airflow/airflow_venv/lib/python3.12/site-packages/airflow/example_dags/example_bash_operator.py
[2025-06-01T00:10:52.052+0200] {logging_mixin.py:188} INFO - [2025-06-01T00:10:52.052+0200] {dag.py:3096} INFO - Sync 1 DAGs
[2025-06-01T00:10:52.076+0200] {logging_mixin.py:188} INFO - [2025-06-01T00:10:52.076+0200] {dag.py:3954} INFO - Setting next_dagrun for example_bash_operator to 2025-05-30 00:00:00+00:00, run_after=2025-05-31 00:00:00+00:00
[2025-06-01T00:10:52.106+0200] {processor.py:183} INFO - Processing /home/leoja/airflow/airflow_venv/lib/python3.12/site-packages/airflow/example_dags/example_bash_operator.py took 0.092 seconds
[2025-06-01T00:12:05.096+0200] {processor.py:161} INFO - Started process (PID=137502) to work on /home/leoja/airflow/airflow_venv/lib/python3.12/site-packages/airflow/example_dags/example_bash_operator.py
[2025-06-01T00:12:05.097+0200] {processor.py:830} INFO - Processing file /home/leoja/airflow/airflow_venv/lib/python3.12/site-packages/airflow/example_dags/example_bash_operator.py for tasks to queue
[2025-06-01T00:12:05.098+0200] {logging_mixin.py:188} INFO - [2025-06-01T00:12:05.097+0200] {dagbag.py:540} INFO - Filling up the DagBag from /home/leoja/airflow/airflow_venv/lib/python3.12/site-packages/airflow/example_dags/example_bash_operator.py
[2025-06-01T00:12:05.106+0200] {processor.py:840} INFO - DAG(s) 'example_bash_operator' retrieved from /home/leoja/airflow/airflow_venv/lib/python3.12/site-packages/airflow/example_dags/example_bash_operator.py
[2025-06-01T00:12:05.123+0200] {logging_mixin.py:188} INFO - [2025-06-01T00:12:05.123+0200] {dag.py:3096} INFO - Sync 1 DAGs
[2025-06-01T00:12:05.138+0200] {logging_mixin.py:188} INFO - [2025-06-01T00:12:05.138+0200] {dag.py:3954} INFO - Setting next_dagrun for example_bash_operator to 2025-05-30 00:00:00+00:00, run_after=2025-05-31 00:00:00+00:00
[2025-06-01T00:12:05.156+0200] {processor.py:183} INFO - Processing /home/leoja/airflow/airflow_venv/lib/python3.12/site-packages/airflow/example_dags/example_bash_operator.py took 0.065 seconds
[2025-06-01T00:13:23.654+0200] {processor.py:161} INFO - Started process (PID=137787) to work on /home/leoja/airflow/airflow_venv/lib/python3.12/site-packages/airflow/example_dags/example_bash_operator.py
[2025-06-01T00:13:23.656+0200] {processor.py:830} INFO - Processing file /home/leoja/airflow/airflow_venv/lib/python3.12/site-packages/airflow/example_dags/example_bash_operator.py for tasks to queue
[2025-06-01T00:13:23.657+0200] {logging_mixin.py:188} INFO - [2025-06-01T00:13:23.657+0200] {dagbag.py:540} INFO - Filling up the DagBag from /home/leoja/airflow/airflow_venv/lib/python3.12/site-packages/airflow/example_dags/example_bash_operator.py
[2025-06-01T00:13:23.667+0200] {processor.py:840} INFO - DAG(s) 'example_bash_operator' retrieved from /home/leoja/airflow/airflow_venv/lib/python3.12/site-packages/airflow/example_dags/example_bash_operator.py
[2025-06-01T00:13:23.687+0200] {logging_mixin.py:188} INFO - [2025-06-01T00:13:23.686+0200] {dag.py:3096} INFO - Sync 1 DAGs
[2025-06-01T00:13:23.707+0200] {logging_mixin.py:188} INFO - [2025-06-01T00:13:23.707+0200] {dag.py:3954} INFO - Setting next_dagrun for example_bash_operator to 2025-05-30 00:00:00+00:00, run_after=2025-05-31 00:00:00+00:00
[2025-06-01T00:13:23.729+0200] {processor.py:183} INFO - Processing /home/leoja/airflow/airflow_venv/lib/python3.12/site-packages/airflow/example_dags/example_bash_operator.py took 0.085 seconds
[2025-06-01T00:14:41.528+0200] {processor.py:161} INFO - Started process (PID=138067) to work on /home/leoja/airflow/airflow_venv/lib/python3.12/site-packages/airflow/example_dags/example_bash_operator.py
[2025-06-01T00:14:41.529+0200] {processor.py:830} INFO - Processing file /home/leoja/airflow/airflow_venv/lib/python3.12/site-packages/airflow/example_dags/example_bash_operator.py for tasks to queue
[2025-06-01T00:14:41.530+0200] {logging_mixin.py:188} INFO - [2025-06-01T00:14:41.530+0200] {dagbag.py:540} INFO - Filling up the DagBag from /home/leoja/airflow/airflow_venv/lib/python3.12/site-packages/airflow/example_dags/example_bash_operator.py
[2025-06-01T00:14:41.541+0200] {processor.py:840} INFO - DAG(s) 'example_bash_operator' retrieved from /home/leoja/airflow/airflow_venv/lib/python3.12/site-packages/airflow/example_dags/example_bash_operator.py
[2025-06-01T00:14:41.560+0200] {logging_mixin.py:188} INFO - [2025-06-01T00:14:41.559+0200] {dag.py:3096} INFO - Sync 1 DAGs
[2025-06-01T00:14:41.576+0200] {logging_mixin.py:188} INFO - [2025-06-01T00:14:41.576+0200] {dag.py:3954} INFO - Setting next_dagrun for example_bash_operator to 2025-05-30 00:00:00+00:00, run_after=2025-05-31 00:00:00+00:00
[2025-06-01T00:14:41.597+0200] {processor.py:183} INFO - Processing /home/leoja/airflow/airflow_venv/lib/python3.12/site-packages/airflow/example_dags/example_bash_operator.py took 0.075 seconds
[2025-06-01T00:15:54.420+0200] {processor.py:161} INFO - Started process (PID=138326) to work on /home/leoja/airflow/airflow_venv/lib/python3.12/site-packages/airflow/example_dags/example_bash_operator.py
[2025-06-01T00:15:54.421+0200] {processor.py:830} INFO - Processing file /home/leoja/airflow/airflow_venv/lib/python3.12/site-packages/airflow/example_dags/example_bash_operator.py for tasks to queue
[2025-06-01T00:15:54.422+0200] {logging_mixin.py:188} INFO - [2025-06-01T00:15:54.422+0200] {dagbag.py:540} INFO - Filling up the DagBag from /home/leoja/airflow/airflow_venv/lib/python3.12/site-packages/airflow/example_dags/example_bash_operator.py
[2025-06-01T00:15:54.431+0200] {processor.py:840} INFO - DAG(s) 'example_bash_operator' retrieved from /home/leoja/airflow/airflow_venv/lib/python3.12/site-packages/airflow/example_dags/example_bash_operator.py
[2025-06-01T00:15:54.448+0200] {logging_mixin.py:188} INFO - [2025-06-01T00:15:54.447+0200] {dag.py:3096} INFO - Sync 1 DAGs
[2025-06-01T00:15:54.464+0200] {logging_mixin.py:188} INFO - [2025-06-01T00:15:54.464+0200] {dag.py:3954} INFO - Setting next_dagrun for example_bash_operator to 2025-05-30 00:00:00+00:00, run_after=2025-05-31 00:00:00+00:00
[2025-06-01T00:15:54.487+0200] {processor.py:183} INFO - Processing /home/leoja/airflow/airflow_venv/lib/python3.12/site-packages/airflow/example_dags/example_bash_operator.py took 0.073 seconds
[2025-06-01T00:17:05.619+0200] {processor.py:161} INFO - Started process (PID=138583) to work on /home/leoja/airflow/airflow_venv/lib/python3.12/site-packages/airflow/example_dags/example_bash_operator.py
[2025-06-01T00:17:05.621+0200] {processor.py:830} INFO - Processing file /home/leoja/airflow/airflow_venv/lib/python3.12/site-packages/airflow/example_dags/example_bash_operator.py for tasks to queue
[2025-06-01T00:17:05.622+0200] {logging_mixin.py:188} INFO - [2025-06-01T00:17:05.621+0200] {dagbag.py:540} INFO - Filling up the DagBag from /home/leoja/airflow/airflow_venv/lib/python3.12/site-packages/airflow/example_dags/example_bash_operator.py
[2025-06-01T00:17:05.632+0200] {processor.py:840} INFO - DAG(s) 'example_bash_operator' retrieved from /home/leoja/airflow/airflow_venv/lib/python3.12/site-packages/airflow/example_dags/example_bash_operator.py
[2025-06-01T00:17:05.646+0200] {logging_mixin.py:188} INFO - [2025-06-01T00:17:05.646+0200] {dag.py:3096} INFO - Sync 1 DAGs
[2025-06-01T00:17:05.660+0200] {logging_mixin.py:188} INFO - [2025-06-01T00:17:05.660+0200] {dag.py:3954} INFO - Setting next_dagrun for example_bash_operator to 2025-05-30 00:00:00+00:00, run_after=2025-05-31 00:00:00+00:00
[2025-06-01T00:17:05.679+0200] {processor.py:183} INFO - Processing /home/leoja/airflow/airflow_venv/lib/python3.12/site-packages/airflow/example_dags/example_bash_operator.py took 0.068 seconds
[2025-06-01T00:18:18.903+0200] {processor.py:161} INFO - Started process (PID=138857) to work on /home/leoja/airflow/airflow_venv/lib/python3.12/site-packages/airflow/example_dags/example_bash_operator.py
[2025-06-01T00:18:18.904+0200] {processor.py:830} INFO - Processing file /home/leoja/airflow/airflow_venv/lib/python3.12/site-packages/airflow/example_dags/example_bash_operator.py for tasks to queue
[2025-06-01T00:18:18.905+0200] {logging_mixin.py:188} INFO - [2025-06-01T00:18:18.905+0200] {dagbag.py:540} INFO - Filling up the DagBag from /home/leoja/airflow/airflow_venv/lib/python3.12/site-packages/airflow/example_dags/example_bash_operator.py
[2025-06-01T00:18:18.916+0200] {processor.py:840} INFO - DAG(s) 'example_bash_operator' retrieved from /home/leoja/airflow/airflow_venv/lib/python3.12/site-packages/airflow/example_dags/example_bash_operator.py
[2025-06-01T00:18:18.935+0200] {logging_mixin.py:188} INFO - [2025-06-01T00:18:18.935+0200] {dag.py:3096} INFO - Sync 1 DAGs
[2025-06-01T00:18:18.949+0200] {logging_mixin.py:188} INFO - [2025-06-01T00:18:18.949+0200] {dag.py:3954} INFO - Setting next_dagrun for example_bash_operator to 2025-05-30 00:00:00+00:00, run_after=2025-05-31 00:00:00+00:00
[2025-06-01T00:18:18.969+0200] {processor.py:183} INFO - Processing /home/leoja/airflow/airflow_venv/lib/python3.12/site-packages/airflow/example_dags/example_bash_operator.py took 0.076 seconds
[2025-06-01T00:19:28.838+0200] {processor.py:161} INFO - Started process (PID=139112) to work on /home/leoja/airflow/airflow_venv/lib/python3.12/site-packages/airflow/example_dags/example_bash_operator.py
[2025-06-01T00:19:28.842+0200] {processor.py:830} INFO - Processing file /home/leoja/airflow/airflow_venv/lib/python3.12/site-packages/airflow/example_dags/example_bash_operator.py for tasks to queue
[2025-06-01T00:19:28.843+0200] {logging_mixin.py:188} INFO - [2025-06-01T00:19:28.843+0200] {dagbag.py:540} INFO - Filling up the DagBag from /home/leoja/airflow/airflow_venv/lib/python3.12/site-packages/airflow/example_dags/example_bash_operator.py
[2025-06-01T00:19:28.852+0200] {processor.py:840} INFO - DAG(s) 'example_bash_operator' retrieved from /home/leoja/airflow/airflow_venv/lib/python3.12/site-packages/airflow/example_dags/example_bash_operator.py
[2025-06-01T00:19:28.873+0200] {logging_mixin.py:188} INFO - [2025-06-01T00:19:28.872+0200] {dag.py:3096} INFO - Sync 1 DAGs
[2025-06-01T00:19:28.889+0200] {logging_mixin.py:188} INFO - [2025-06-01T00:19:28.889+0200] {dag.py:3954} INFO - Setting next_dagrun for example_bash_operator to 2025-05-30 00:00:00+00:00, run_after=2025-05-31 00:00:00+00:00
[2025-06-01T00:19:28.916+0200] {processor.py:183} INFO - Processing /home/leoja/airflow/airflow_venv/lib/python3.12/site-packages/airflow/example_dags/example_bash_operator.py took 0.084 seconds
[2025-06-01T00:20:43.287+0200] {processor.py:161} INFO - Started process (PID=139358) to work on /home/leoja/airflow/airflow_venv/lib/python3.12/site-packages/airflow/example_dags/example_bash_operator.py
[2025-06-01T00:20:43.289+0200] {processor.py:830} INFO - Processing file /home/leoja/airflow/airflow_venv/lib/python3.12/site-packages/airflow/example_dags/example_bash_operator.py for tasks to queue
[2025-06-01T00:20:43.289+0200] {logging_mixin.py:188} INFO - [2025-06-01T00:20:43.289+0200] {dagbag.py:540} INFO - Filling up the DagBag from /home/leoja/airflow/airflow_venv/lib/python3.12/site-packages/airflow/example_dags/example_bash_operator.py
[2025-06-01T00:20:43.297+0200] {processor.py:840} INFO - DAG(s) 'example_bash_operator' retrieved from /home/leoja/airflow/airflow_venv/lib/python3.12/site-packages/airflow/example_dags/example_bash_operator.py
[2025-06-01T00:20:43.312+0200] {logging_mixin.py:188} INFO - [2025-06-01T00:20:43.312+0200] {dag.py:3096} INFO - Sync 1 DAGs
[2025-06-01T00:20:43.326+0200] {logging_mixin.py:188} INFO - [2025-06-01T00:20:43.325+0200] {dag.py:3954} INFO - Setting next_dagrun for example_bash_operator to 2025-05-30 00:00:00+00:00, run_after=2025-05-31 00:00:00+00:00
[2025-06-01T00:20:43.348+0200] {processor.py:183} INFO - Processing /home/leoja/airflow/airflow_venv/lib/python3.12/site-packages/airflow/example_dags/example_bash_operator.py took 0.067 seconds
[2025-06-01T00:21:56.855+0200] {processor.py:161} INFO - Started process (PID=139619) to work on /home/leoja/airflow/airflow_venv/lib/python3.12/site-packages/airflow/example_dags/example_bash_operator.py
[2025-06-01T00:21:56.858+0200] {processor.py:830} INFO - Processing file /home/leoja/airflow/airflow_venv/lib/python3.12/site-packages/airflow/example_dags/example_bash_operator.py for tasks to queue
[2025-06-01T00:21:56.859+0200] {logging_mixin.py:188} INFO - [2025-06-01T00:21:56.858+0200] {dagbag.py:540} INFO - Filling up the DagBag from /home/leoja/airflow/airflow_venv/lib/python3.12/site-packages/airflow/example_dags/example_bash_operator.py
[2025-06-01T00:21:56.868+0200] {processor.py:840} INFO - DAG(s) 'example_bash_operator' retrieved from /home/leoja/airflow/airflow_venv/lib/python3.12/site-packages/airflow/example_dags/example_bash_operator.py
[2025-06-01T00:21:56.884+0200] {logging_mixin.py:188} INFO - [2025-06-01T00:21:56.884+0200] {dag.py:3096} INFO - Sync 1 DAGs
[2025-06-01T00:21:56.897+0200] {logging_mixin.py:188} INFO - [2025-06-01T00:21:56.897+0200] {dag.py:3954} INFO - Setting next_dagrun for example_bash_operator to 2025-05-30 00:00:00+00:00, run_after=2025-05-31 00:00:00+00:00
[2025-06-01T00:21:57.012+0200] {processor.py:183} INFO - Processing /home/leoja/airflow/airflow_venv/lib/python3.12/site-packages/airflow/example_dags/example_bash_operator.py took 0.170 seconds
[2025-06-01T00:22:53.252+0200] {processor.py:161} INFO - Started process (PID=139824) to work on /home/leoja/airflow/airflow_venv/lib/python3.12/site-packages/airflow/example_dags/example_bash_operator.py
[2025-06-01T00:22:53.253+0200] {processor.py:830} INFO - Processing file /home/leoja/airflow/airflow_venv/lib/python3.12/site-packages/airflow/example_dags/example_bash_operator.py for tasks to queue
[2025-06-01T00:22:53.254+0200] {logging_mixin.py:188} INFO - [2025-06-01T00:22:53.254+0200] {dagbag.py:540} INFO - Filling up the DagBag from /home/leoja/airflow/airflow_venv/lib/python3.12/site-packages/airflow/example_dags/example_bash_operator.py
[2025-06-01T00:22:53.262+0200] {processor.py:840} INFO - DAG(s) 'example_bash_operator' retrieved from /home/leoja/airflow/airflow_venv/lib/python3.12/site-packages/airflow/example_dags/example_bash_operator.py
[2025-06-01T00:22:53.281+0200] {logging_mixin.py:188} INFO - [2025-06-01T00:22:53.280+0200] {dag.py:3096} INFO - Sync 1 DAGs
[2025-06-01T00:22:53.302+0200] {logging_mixin.py:188} INFO - [2025-06-01T00:22:53.302+0200] {dag.py:3954} INFO - Setting next_dagrun for example_bash_operator to 2025-05-30 00:00:00+00:00, run_after=2025-05-31 00:00:00+00:00
[2025-06-01T00:22:53.322+0200] {processor.py:183} INFO - Processing /home/leoja/airflow/airflow_venv/lib/python3.12/site-packages/airflow/example_dags/example_bash_operator.py took 0.076 seconds
[2025-06-01T00:24:17.708+0200] {processor.py:161} INFO - Started process (PID=140107) to work on /home/leoja/airflow/airflow_venv/lib/python3.12/site-packages/airflow/example_dags/example_bash_operator.py
[2025-06-01T00:24:17.709+0200] {processor.py:830} INFO - Processing file /home/leoja/airflow/airflow_venv/lib/python3.12/site-packages/airflow/example_dags/example_bash_operator.py for tasks to queue
[2025-06-01T00:24:17.710+0200] {logging_mixin.py:188} INFO - [2025-06-01T00:24:17.709+0200] {dagbag.py:540} INFO - Filling up the DagBag from /home/leoja/airflow/airflow_venv/lib/python3.12/site-packages/airflow/example_dags/example_bash_operator.py
[2025-06-01T00:24:17.718+0200] {processor.py:840} INFO - DAG(s) 'example_bash_operator' retrieved from /home/leoja/airflow/airflow_venv/lib/python3.12/site-packages/airflow/example_dags/example_bash_operator.py
[2025-06-01T00:24:17.736+0200] {logging_mixin.py:188} INFO - [2025-06-01T00:24:17.736+0200] {dag.py:3096} INFO - Sync 1 DAGs
[2025-06-01T00:24:17.752+0200] {logging_mixin.py:188} INFO - [2025-06-01T00:24:17.752+0200] {dag.py:3954} INFO - Setting next_dagrun for example_bash_operator to 2025-05-30 00:00:00+00:00, run_after=2025-05-31 00:00:00+00:00
[2025-06-01T00:24:17.775+0200] {processor.py:183} INFO - Processing /home/leoja/airflow/airflow_venv/lib/python3.12/site-packages/airflow/example_dags/example_bash_operator.py took 0.073 seconds
[2025-06-01T00:25:13.393+0200] {processor.py:161} INFO - Started process (PID=140313) to work on /home/leoja/airflow/airflow_venv/lib/python3.12/site-packages/airflow/example_dags/example_bash_operator.py
[2025-06-01T00:25:13.395+0200] {processor.py:830} INFO - Processing file /home/leoja/airflow/airflow_venv/lib/python3.12/site-packages/airflow/example_dags/example_bash_operator.py for tasks to queue
[2025-06-01T00:25:13.396+0200] {logging_mixin.py:188} INFO - [2025-06-01T00:25:13.395+0200] {dagbag.py:540} INFO - Filling up the DagBag from /home/leoja/airflow/airflow_venv/lib/python3.12/site-packages/airflow/example_dags/example_bash_operator.py
[2025-06-01T00:25:13.405+0200] {processor.py:840} INFO - DAG(s) 'example_bash_operator' retrieved from /home/leoja/airflow/airflow_venv/lib/python3.12/site-packages/airflow/example_dags/example_bash_operator.py
[2025-06-01T00:25:13.423+0200] {logging_mixin.py:188} INFO - [2025-06-01T00:25:13.423+0200] {dag.py:3096} INFO - Sync 1 DAGs
[2025-06-01T00:25:13.438+0200] {logging_mixin.py:188} INFO - [2025-06-01T00:25:13.438+0200] {dag.py:3954} INFO - Setting next_dagrun for example_bash_operator to 2025-05-30 00:00:00+00:00, run_after=2025-05-31 00:00:00+00:00
[2025-06-01T00:25:13.462+0200] {processor.py:183} INFO - Processing /home/leoja/airflow/airflow_venv/lib/python3.12/site-packages/airflow/example_dags/example_bash_operator.py took 0.077 seconds
[2025-06-01T00:26:30.085+0200] {processor.py:161} INFO - Started process (PID=140592) to work on /home/leoja/airflow/airflow_venv/lib/python3.12/site-packages/airflow/example_dags/example_bash_operator.py
[2025-06-01T00:26:30.086+0200] {processor.py:830} INFO - Processing file /home/leoja/airflow/airflow_venv/lib/python3.12/site-packages/airflow/example_dags/example_bash_operator.py for tasks to queue
[2025-06-01T00:26:30.087+0200] {logging_mixin.py:188} INFO - [2025-06-01T00:26:30.087+0200] {dagbag.py:540} INFO - Filling up the DagBag from /home/leoja/airflow/airflow_venv/lib/python3.12/site-packages/airflow/example_dags/example_bash_operator.py
[2025-06-01T00:26:30.096+0200] {processor.py:840} INFO - DAG(s) 'example_bash_operator' retrieved from /home/leoja/airflow/airflow_venv/lib/python3.12/site-packages/airflow/example_dags/example_bash_operator.py
[2025-06-01T00:26:30.113+0200] {logging_mixin.py:188} INFO - [2025-06-01T00:26:30.113+0200] {dag.py:3096} INFO - Sync 1 DAGs
[2025-06-01T00:26:30.127+0200] {logging_mixin.py:188} INFO - [2025-06-01T00:26:30.127+0200] {dag.py:3954} INFO - Setting next_dagrun for example_bash_operator to 2025-05-30 00:00:00+00:00, run_after=2025-05-31 00:00:00+00:00
[2025-06-01T00:26:30.147+0200] {processor.py:183} INFO - Processing /home/leoja/airflow/airflow_venv/lib/python3.12/site-packages/airflow/example_dags/example_bash_operator.py took 0.068 seconds
[2025-06-01T00:27:38.786+0200] {processor.py:161} INFO - Started process (PID=140818) to work on /home/leoja/airflow/airflow_venv/lib/python3.12/site-packages/airflow/example_dags/example_bash_operator.py
[2025-06-01T00:27:38.788+0200] {processor.py:830} INFO - Processing file /home/leoja/airflow/airflow_venv/lib/python3.12/site-packages/airflow/example_dags/example_bash_operator.py for tasks to queue
[2025-06-01T00:27:38.788+0200] {logging_mixin.py:188} INFO - [2025-06-01T00:27:38.788+0200] {dagbag.py:540} INFO - Filling up the DagBag from /home/leoja/airflow/airflow_venv/lib/python3.12/site-packages/airflow/example_dags/example_bash_operator.py
[2025-06-01T00:27:38.798+0200] {processor.py:840} INFO - DAG(s) 'example_bash_operator' retrieved from /home/leoja/airflow/airflow_venv/lib/python3.12/site-packages/airflow/example_dags/example_bash_operator.py
[2025-06-01T00:27:38.817+0200] {logging_mixin.py:188} INFO - [2025-06-01T00:27:38.816+0200] {dag.py:3096} INFO - Sync 1 DAGs
[2025-06-01T00:27:38.834+0200] {logging_mixin.py:188} INFO - [2025-06-01T00:27:38.834+0200] {dag.py:3954} INFO - Setting next_dagrun for example_bash_operator to 2025-05-30 00:00:00+00:00, run_after=2025-05-31 00:00:00+00:00
[2025-06-01T00:27:38.858+0200] {processor.py:183} INFO - Processing /home/leoja/airflow/airflow_venv/lib/python3.12/site-packages/airflow/example_dags/example_bash_operator.py took 0.077 seconds
[2025-06-01T00:28:54.499+0200] {processor.py:161} INFO - Started process (PID=141108) to work on /home/leoja/airflow/airflow_venv/lib/python3.12/site-packages/airflow/example_dags/example_bash_operator.py
[2025-06-01T00:28:54.501+0200] {processor.py:830} INFO - Processing file /home/leoja/airflow/airflow_venv/lib/python3.12/site-packages/airflow/example_dags/example_bash_operator.py for tasks to queue
[2025-06-01T00:28:54.502+0200] {logging_mixin.py:188} INFO - [2025-06-01T00:28:54.501+0200] {dagbag.py:540} INFO - Filling up the DagBag from /home/leoja/airflow/airflow_venv/lib/python3.12/site-packages/airflow/example_dags/example_bash_operator.py
[2025-06-01T00:28:54.513+0200] {processor.py:840} INFO - DAG(s) 'example_bash_operator' retrieved from /home/leoja/airflow/airflow_venv/lib/python3.12/site-packages/airflow/example_dags/example_bash_operator.py
[2025-06-01T00:28:54.529+0200] {logging_mixin.py:188} INFO - [2025-06-01T00:28:54.529+0200] {dag.py:3096} INFO - Sync 1 DAGs
[2025-06-01T00:28:54.542+0200] {logging_mixin.py:188} INFO - [2025-06-01T00:28:54.542+0200] {dag.py:3954} INFO - Setting next_dagrun for example_bash_operator to 2025-05-30 00:00:00+00:00, run_after=2025-05-31 00:00:00+00:00
[2025-06-01T00:28:54.562+0200] {processor.py:183} INFO - Processing /home/leoja/airflow/airflow_venv/lib/python3.12/site-packages/airflow/example_dags/example_bash_operator.py took 0.073 seconds
[2025-06-01T00:30:09.079+0200] {processor.py:161} INFO - Started process (PID=141361) to work on /home/leoja/airflow/airflow_venv/lib/python3.12/site-packages/airflow/example_dags/example_bash_operator.py
[2025-06-01T00:30:09.081+0200] {processor.py:830} INFO - Processing file /home/leoja/airflow/airflow_venv/lib/python3.12/site-packages/airflow/example_dags/example_bash_operator.py for tasks to queue
[2025-06-01T00:30:09.082+0200] {logging_mixin.py:188} INFO - [2025-06-01T00:30:09.081+0200] {dagbag.py:540} INFO - Filling up the DagBag from /home/leoja/airflow/airflow_venv/lib/python3.12/site-packages/airflow/example_dags/example_bash_operator.py
[2025-06-01T00:30:09.092+0200] {processor.py:840} INFO - DAG(s) 'example_bash_operator' retrieved from /home/leoja/airflow/airflow_venv/lib/python3.12/site-packages/airflow/example_dags/example_bash_operator.py
[2025-06-01T00:30:09.109+0200] {logging_mixin.py:188} INFO - [2025-06-01T00:30:09.109+0200] {dag.py:3096} INFO - Sync 1 DAGs
[2025-06-01T00:30:09.124+0200] {logging_mixin.py:188} INFO - [2025-06-01T00:30:09.123+0200] {dag.py:3954} INFO - Setting next_dagrun for example_bash_operator to 2025-05-30 00:00:00+00:00, run_after=2025-05-31 00:00:00+00:00
[2025-06-01T00:30:09.144+0200] {processor.py:183} INFO - Processing /home/leoja/airflow/airflow_venv/lib/python3.12/site-packages/airflow/example_dags/example_bash_operator.py took 0.069 seconds
[2025-06-01T00:31:22.505+0200] {processor.py:161} INFO - Started process (PID=141638) to work on /home/leoja/airflow/airflow_venv/lib/python3.12/site-packages/airflow/example_dags/example_bash_operator.py
[2025-06-01T00:31:22.507+0200] {processor.py:830} INFO - Processing file /home/leoja/airflow/airflow_venv/lib/python3.12/site-packages/airflow/example_dags/example_bash_operator.py for tasks to queue
[2025-06-01T00:31:22.508+0200] {logging_mixin.py:188} INFO - [2025-06-01T00:31:22.507+0200] {dagbag.py:540} INFO - Filling up the DagBag from /home/leoja/airflow/airflow_venv/lib/python3.12/site-packages/airflow/example_dags/example_bash_operator.py
[2025-06-01T00:31:22.519+0200] {processor.py:840} INFO - DAG(s) 'example_bash_operator' retrieved from /home/leoja/airflow/airflow_venv/lib/python3.12/site-packages/airflow/example_dags/example_bash_operator.py
[2025-06-01T00:31:22.535+0200] {logging_mixin.py:188} INFO - [2025-06-01T00:31:22.535+0200] {dag.py:3096} INFO - Sync 1 DAGs
[2025-06-01T00:31:22.551+0200] {logging_mixin.py:188} INFO - [2025-06-01T00:31:22.551+0200] {dag.py:3954} INFO - Setting next_dagrun for example_bash_operator to 2025-05-30 00:00:00+00:00, run_after=2025-05-31 00:00:00+00:00
[2025-06-01T00:31:22.573+0200] {processor.py:183} INFO - Processing /home/leoja/airflow/airflow_venv/lib/python3.12/site-packages/airflow/example_dags/example_bash_operator.py took 0.078 seconds
[2025-06-01T00:32:34.289+0200] {processor.py:161} INFO - Started process (PID=141886) to work on /home/leoja/airflow/airflow_venv/lib/python3.12/site-packages/airflow/example_dags/example_bash_operator.py
[2025-06-01T00:32:34.291+0200] {processor.py:830} INFO - Processing file /home/leoja/airflow/airflow_venv/lib/python3.12/site-packages/airflow/example_dags/example_bash_operator.py for tasks to queue
[2025-06-01T00:32:34.292+0200] {logging_mixin.py:188} INFO - [2025-06-01T00:32:34.291+0200] {dagbag.py:540} INFO - Filling up the DagBag from /home/leoja/airflow/airflow_venv/lib/python3.12/site-packages/airflow/example_dags/example_bash_operator.py
[2025-06-01T00:32:34.301+0200] {processor.py:840} INFO - DAG(s) 'example_bash_operator' retrieved from /home/leoja/airflow/airflow_venv/lib/python3.12/site-packages/airflow/example_dags/example_bash_operator.py
[2025-06-01T00:32:34.316+0200] {logging_mixin.py:188} INFO - [2025-06-01T00:32:34.316+0200] {dag.py:3096} INFO - Sync 1 DAGs
[2025-06-01T00:32:34.331+0200] {logging_mixin.py:188} INFO - [2025-06-01T00:32:34.331+0200] {dag.py:3954} INFO - Setting next_dagrun for example_bash_operator to 2025-05-30 00:00:00+00:00, run_after=2025-05-31 00:00:00+00:00
[2025-06-01T00:32:34.354+0200] {processor.py:183} INFO - Processing /home/leoja/airflow/airflow_venv/lib/python3.12/site-packages/airflow/example_dags/example_bash_operator.py took 0.070 seconds
[2025-06-01T00:33:46.912+0200] {processor.py:161} INFO - Started process (PID=142140) to work on /home/leoja/airflow/airflow_venv/lib/python3.12/site-packages/airflow/example_dags/example_bash_operator.py
[2025-06-01T00:33:46.915+0200] {processor.py:830} INFO - Processing file /home/leoja/airflow/airflow_venv/lib/python3.12/site-packages/airflow/example_dags/example_bash_operator.py for tasks to queue
[2025-06-01T00:33:46.916+0200] {logging_mixin.py:188} INFO - [2025-06-01T00:33:46.915+0200] {dagbag.py:540} INFO - Filling up the DagBag from /home/leoja/airflow/airflow_venv/lib/python3.12/site-packages/airflow/example_dags/example_bash_operator.py
[2025-06-01T00:33:46.926+0200] {processor.py:840} INFO - DAG(s) 'example_bash_operator' retrieved from /home/leoja/airflow/airflow_venv/lib/python3.12/site-packages/airflow/example_dags/example_bash_operator.py
[2025-06-01T00:33:46.944+0200] {logging_mixin.py:188} INFO - [2025-06-01T00:33:46.944+0200] {dag.py:3096} INFO - Sync 1 DAGs
[2025-06-01T00:33:46.959+0200] {logging_mixin.py:188} INFO - [2025-06-01T00:33:46.959+0200] {dag.py:3954} INFO - Setting next_dagrun for example_bash_operator to 2025-05-30 00:00:00+00:00, run_after=2025-05-31 00:00:00+00:00
[2025-06-01T00:33:46.980+0200] {processor.py:183} INFO - Processing /home/leoja/airflow/airflow_venv/lib/python3.12/site-packages/airflow/example_dags/example_bash_operator.py took 0.074 seconds
[2025-06-01T00:35:01.292+0200] {processor.py:161} INFO - Started process (PID=142405) to work on /home/leoja/airflow/airflow_venv/lib/python3.12/site-packages/airflow/example_dags/example_bash_operator.py
[2025-06-01T00:35:01.293+0200] {processor.py:830} INFO - Processing file /home/leoja/airflow/airflow_venv/lib/python3.12/site-packages/airflow/example_dags/example_bash_operator.py for tasks to queue
[2025-06-01T00:35:01.295+0200] {logging_mixin.py:188} INFO - [2025-06-01T00:35:01.294+0200] {dagbag.py:540} INFO - Filling up the DagBag from /home/leoja/airflow/airflow_venv/lib/python3.12/site-packages/airflow/example_dags/example_bash_operator.py
[2025-06-01T00:35:01.304+0200] {processor.py:840} INFO - DAG(s) 'example_bash_operator' retrieved from /home/leoja/airflow/airflow_venv/lib/python3.12/site-packages/airflow/example_dags/example_bash_operator.py
[2025-06-01T00:35:01.320+0200] {logging_mixin.py:188} INFO - [2025-06-01T00:35:01.320+0200] {dag.py:3096} INFO - Sync 1 DAGs
[2025-06-01T00:35:01.336+0200] {logging_mixin.py:188} INFO - [2025-06-01T00:35:01.335+0200] {dag.py:3954} INFO - Setting next_dagrun for example_bash_operator to 2025-05-30 00:00:00+00:00, run_after=2025-05-31 00:00:00+00:00
[2025-06-01T00:35:01.360+0200] {processor.py:183} INFO - Processing /home/leoja/airflow/airflow_venv/lib/python3.12/site-packages/airflow/example_dags/example_bash_operator.py took 0.073 seconds
[2025-06-01T00:36:10.852+0200] {processor.py:161} INFO - Started process (PID=142659) to work on /home/leoja/airflow/airflow_venv/lib/python3.12/site-packages/airflow/example_dags/example_bash_operator.py
[2025-06-01T00:36:10.853+0200] {processor.py:830} INFO - Processing file /home/leoja/airflow/airflow_venv/lib/python3.12/site-packages/airflow/example_dags/example_bash_operator.py for tasks to queue
[2025-06-01T00:36:10.854+0200] {logging_mixin.py:188} INFO - [2025-06-01T00:36:10.853+0200] {dagbag.py:540} INFO - Filling up the DagBag from /home/leoja/airflow/airflow_venv/lib/python3.12/site-packages/airflow/example_dags/example_bash_operator.py
[2025-06-01T00:36:10.863+0200] {processor.py:840} INFO - DAG(s) 'example_bash_operator' retrieved from /home/leoja/airflow/airflow_venv/lib/python3.12/site-packages/airflow/example_dags/example_bash_operator.py
[2025-06-01T00:36:10.891+0200] {logging_mixin.py:188} INFO - [2025-06-01T00:36:10.890+0200] {dag.py:3096} INFO - Sync 1 DAGs
[2025-06-01T00:36:10.905+0200] {logging_mixin.py:188} INFO - [2025-06-01T00:36:10.905+0200] {dag.py:3954} INFO - Setting next_dagrun for example_bash_operator to 2025-05-30 00:00:00+00:00, run_after=2025-05-31 00:00:00+00:00
[2025-06-01T00:36:10.929+0200] {processor.py:183} INFO - Processing /home/leoja/airflow/airflow_venv/lib/python3.12/site-packages/airflow/example_dags/example_bash_operator.py took 0.083 seconds
[2025-06-01T00:37:23.420+0200] {processor.py:161} INFO - Started process (PID=142934) to work on /home/leoja/airflow/airflow_venv/lib/python3.12/site-packages/airflow/example_dags/example_bash_operator.py
[2025-06-01T00:37:23.422+0200] {processor.py:830} INFO - Processing file /home/leoja/airflow/airflow_venv/lib/python3.12/site-packages/airflow/example_dags/example_bash_operator.py for tasks to queue
[2025-06-01T00:37:23.423+0200] {logging_mixin.py:188} INFO - [2025-06-01T00:37:23.423+0200] {dagbag.py:540} INFO - Filling up the DagBag from /home/leoja/airflow/airflow_venv/lib/python3.12/site-packages/airflow/example_dags/example_bash_operator.py
[2025-06-01T00:37:23.432+0200] {processor.py:840} INFO - DAG(s) 'example_bash_operator' retrieved from /home/leoja/airflow/airflow_venv/lib/python3.12/site-packages/airflow/example_dags/example_bash_operator.py
[2025-06-01T00:37:23.449+0200] {logging_mixin.py:188} INFO - [2025-06-01T00:37:23.448+0200] {dag.py:3096} INFO - Sync 1 DAGs
[2025-06-01T00:37:23.464+0200] {logging_mixin.py:188} INFO - [2025-06-01T00:37:23.464+0200] {dag.py:3954} INFO - Setting next_dagrun for example_bash_operator to 2025-05-30 00:00:00+00:00, run_after=2025-05-31 00:00:00+00:00
[2025-06-01T00:37:23.486+0200] {processor.py:183} INFO - Processing /home/leoja/airflow/airflow_venv/lib/python3.12/site-packages/airflow/example_dags/example_bash_operator.py took 0.073 seconds
[2025-06-01T00:38:30.798+0200] {processor.py:161} INFO - Started process (PID=143164) to work on /home/leoja/airflow/airflow_venv/lib/python3.12/site-packages/airflow/example_dags/example_bash_operator.py
[2025-06-01T00:38:30.799+0200] {processor.py:830} INFO - Processing file /home/leoja/airflow/airflow_venv/lib/python3.12/site-packages/airflow/example_dags/example_bash_operator.py for tasks to queue
[2025-06-01T00:38:30.800+0200] {logging_mixin.py:188} INFO - [2025-06-01T00:38:30.800+0200] {dagbag.py:540} INFO - Filling up the DagBag from /home/leoja/airflow/airflow_venv/lib/python3.12/site-packages/airflow/example_dags/example_bash_operator.py
[2025-06-01T00:38:30.808+0200] {processor.py:840} INFO - DAG(s) 'example_bash_operator' retrieved from /home/leoja/airflow/airflow_venv/lib/python3.12/site-packages/airflow/example_dags/example_bash_operator.py
[2025-06-01T00:38:30.827+0200] {logging_mixin.py:188} INFO - [2025-06-01T00:38:30.827+0200] {dag.py:3096} INFO - Sync 1 DAGs
[2025-06-01T00:38:30.843+0200] {logging_mixin.py:188} INFO - [2025-06-01T00:38:30.843+0200] {dag.py:3954} INFO - Setting next_dagrun for example_bash_operator to 2025-05-30 00:00:00+00:00, run_after=2025-05-31 00:00:00+00:00
[2025-06-01T00:38:30.870+0200] {processor.py:183} INFO - Processing /home/leoja/airflow/airflow_venv/lib/python3.12/site-packages/airflow/example_dags/example_bash_operator.py took 0.077 seconds
[2025-06-01T00:39:39.820+0200] {processor.py:161} INFO - Started process (PID=143411) to work on /home/leoja/airflow/airflow_venv/lib/python3.12/site-packages/airflow/example_dags/example_bash_operator.py
[2025-06-01T00:39:39.822+0200] {processor.py:830} INFO - Processing file /home/leoja/airflow/airflow_venv/lib/python3.12/site-packages/airflow/example_dags/example_bash_operator.py for tasks to queue
[2025-06-01T00:39:39.823+0200] {logging_mixin.py:188} INFO - [2025-06-01T00:39:39.823+0200] {dagbag.py:540} INFO - Filling up the DagBag from /home/leoja/airflow/airflow_venv/lib/python3.12/site-packages/airflow/example_dags/example_bash_operator.py
[2025-06-01T00:39:39.833+0200] {processor.py:840} INFO - DAG(s) 'example_bash_operator' retrieved from /home/leoja/airflow/airflow_venv/lib/python3.12/site-packages/airflow/example_dags/example_bash_operator.py
[2025-06-01T00:39:39.854+0200] {logging_mixin.py:188} INFO - [2025-06-01T00:39:39.854+0200] {dag.py:3096} INFO - Sync 1 DAGs
[2025-06-01T00:39:39.871+0200] {logging_mixin.py:188} INFO - [2025-06-01T00:39:39.871+0200] {dag.py:3954} INFO - Setting next_dagrun for example_bash_operator to 2025-05-30 00:00:00+00:00, run_after=2025-05-31 00:00:00+00:00
[2025-06-01T00:39:39.894+0200] {processor.py:183} INFO - Processing /home/leoja/airflow/airflow_venv/lib/python3.12/site-packages/airflow/example_dags/example_bash_operator.py took 0.080 seconds
[2025-06-01T00:40:55.087+0200] {processor.py:161} INFO - Started process (PID=143693) to work on /home/leoja/airflow/airflow_venv/lib/python3.12/site-packages/airflow/example_dags/example_bash_operator.py
[2025-06-01T00:40:55.089+0200] {processor.py:830} INFO - Processing file /home/leoja/airflow/airflow_venv/lib/python3.12/site-packages/airflow/example_dags/example_bash_operator.py for tasks to queue
[2025-06-01T00:40:55.089+0200] {logging_mixin.py:188} INFO - [2025-06-01T00:40:55.089+0200] {dagbag.py:540} INFO - Filling up the DagBag from /home/leoja/airflow/airflow_venv/lib/python3.12/site-packages/airflow/example_dags/example_bash_operator.py
[2025-06-01T00:40:55.098+0200] {processor.py:840} INFO - DAG(s) 'example_bash_operator' retrieved from /home/leoja/airflow/airflow_venv/lib/python3.12/site-packages/airflow/example_dags/example_bash_operator.py
[2025-06-01T00:40:55.116+0200] {logging_mixin.py:188} INFO - [2025-06-01T00:40:55.115+0200] {dag.py:3096} INFO - Sync 1 DAGs
[2025-06-01T00:40:55.129+0200] {logging_mixin.py:188} INFO - [2025-06-01T00:40:55.129+0200] {dag.py:3954} INFO - Setting next_dagrun for example_bash_operator to 2025-05-30 00:00:00+00:00, run_after=2025-05-31 00:00:00+00:00
[2025-06-01T00:40:55.150+0200] {processor.py:183} INFO - Processing /home/leoja/airflow/airflow_venv/lib/python3.12/site-packages/airflow/example_dags/example_bash_operator.py took 0.069 seconds
[2025-06-01T00:41:48.178+0200] {processor.py:161} INFO - Started process (PID=143874) to work on /home/leoja/airflow/airflow_venv/lib/python3.12/site-packages/airflow/example_dags/example_bash_operator.py
[2025-06-01T00:41:48.180+0200] {processor.py:830} INFO - Processing file /home/leoja/airflow/airflow_venv/lib/python3.12/site-packages/airflow/example_dags/example_bash_operator.py for tasks to queue
[2025-06-01T00:41:48.182+0200] {logging_mixin.py:188} INFO - [2025-06-01T00:41:48.181+0200] {dagbag.py:540} INFO - Filling up the DagBag from /home/leoja/airflow/airflow_venv/lib/python3.12/site-packages/airflow/example_dags/example_bash_operator.py
[2025-06-01T00:41:48.191+0200] {processor.py:840} INFO - DAG(s) 'example_bash_operator' retrieved from /home/leoja/airflow/airflow_venv/lib/python3.12/site-packages/airflow/example_dags/example_bash_operator.py
[2025-06-01T00:41:48.210+0200] {logging_mixin.py:188} INFO - [2025-06-01T00:41:48.209+0200] {dag.py:3096} INFO - Sync 1 DAGs
[2025-06-01T00:41:48.225+0200] {logging_mixin.py:188} INFO - [2025-06-01T00:41:48.225+0200] {dag.py:3954} INFO - Setting next_dagrun for example_bash_operator to 2025-05-30 00:00:00+00:00, run_after=2025-05-31 00:00:00+00:00
[2025-06-01T00:41:48.245+0200] {processor.py:183} INFO - Processing /home/leoja/airflow/airflow_venv/lib/python3.12/site-packages/airflow/example_dags/example_bash_operator.py took 0.072 seconds
[2025-06-01T00:43:02.099+0200] {processor.py:161} INFO - Started process (PID=144125) to work on /home/leoja/airflow/airflow_venv/lib/python3.12/site-packages/airflow/example_dags/example_bash_operator.py
[2025-06-01T00:43:02.100+0200] {processor.py:830} INFO - Processing file /home/leoja/airflow/airflow_venv/lib/python3.12/site-packages/airflow/example_dags/example_bash_operator.py for tasks to queue
[2025-06-01T00:43:02.101+0200] {logging_mixin.py:188} INFO - [2025-06-01T00:43:02.101+0200] {dagbag.py:540} INFO - Filling up the DagBag from /home/leoja/airflow/airflow_venv/lib/python3.12/site-packages/airflow/example_dags/example_bash_operator.py
[2025-06-01T00:43:02.111+0200] {processor.py:840} INFO - DAG(s) 'example_bash_operator' retrieved from /home/leoja/airflow/airflow_venv/lib/python3.12/site-packages/airflow/example_dags/example_bash_operator.py
[2025-06-01T00:43:02.131+0200] {logging_mixin.py:188} INFO - [2025-06-01T00:43:02.131+0200] {dag.py:3096} INFO - Sync 1 DAGs
[2025-06-01T00:43:02.144+0200] {logging_mixin.py:188} INFO - [2025-06-01T00:43:02.144+0200] {dag.py:3954} INFO - Setting next_dagrun for example_bash_operator to 2025-05-30 00:00:00+00:00, run_after=2025-05-31 00:00:00+00:00
[2025-06-01T00:43:02.165+0200] {processor.py:183} INFO - Processing /home/leoja/airflow/airflow_venv/lib/python3.12/site-packages/airflow/example_dags/example_bash_operator.py took 0.074 seconds
[2025-06-01T00:44:11.172+0200] {processor.py:161} INFO - Started process (PID=144380) to work on /home/leoja/airflow/airflow_venv/lib/python3.12/site-packages/airflow/example_dags/example_bash_operator.py
[2025-06-01T00:44:11.173+0200] {processor.py:830} INFO - Processing file /home/leoja/airflow/airflow_venv/lib/python3.12/site-packages/airflow/example_dags/example_bash_operator.py for tasks to queue
[2025-06-01T00:44:11.174+0200] {logging_mixin.py:188} INFO - [2025-06-01T00:44:11.174+0200] {dagbag.py:540} INFO - Filling up the DagBag from /home/leoja/airflow/airflow_venv/lib/python3.12/site-packages/airflow/example_dags/example_bash_operator.py
[2025-06-01T00:44:11.183+0200] {processor.py:840} INFO - DAG(s) 'example_bash_operator' retrieved from /home/leoja/airflow/airflow_venv/lib/python3.12/site-packages/airflow/example_dags/example_bash_operator.py
[2025-06-01T00:44:11.202+0200] {logging_mixin.py:188} INFO - [2025-06-01T00:44:11.202+0200] {dag.py:3096} INFO - Sync 1 DAGs
[2025-06-01T00:44:11.221+0200] {logging_mixin.py:188} INFO - [2025-06-01T00:44:11.220+0200] {dag.py:3954} INFO - Setting next_dagrun for example_bash_operator to 2025-05-30 00:00:00+00:00, run_after=2025-05-31 00:00:00+00:00
[2025-06-01T00:44:11.242+0200] {processor.py:183} INFO - Processing /home/leoja/airflow/airflow_venv/lib/python3.12/site-packages/airflow/example_dags/example_bash_operator.py took 0.076 seconds
[2025-06-01T00:45:04.994+0200] {processor.py:161} INFO - Started process (PID=144562) to work on /home/leoja/airflow/airflow_venv/lib/python3.12/site-packages/airflow/example_dags/example_bash_operator.py
[2025-06-01T00:45:04.996+0200] {processor.py:830} INFO - Processing file /home/leoja/airflow/airflow_venv/lib/python3.12/site-packages/airflow/example_dags/example_bash_operator.py for tasks to queue
[2025-06-01T00:45:04.997+0200] {logging_mixin.py:188} INFO - [2025-06-01T00:45:04.996+0200] {dagbag.py:540} INFO - Filling up the DagBag from /home/leoja/airflow/airflow_venv/lib/python3.12/site-packages/airflow/example_dags/example_bash_operator.py
[2025-06-01T00:45:05.006+0200] {processor.py:840} INFO - DAG(s) 'example_bash_operator' retrieved from /home/leoja/airflow/airflow_venv/lib/python3.12/site-packages/airflow/example_dags/example_bash_operator.py
[2025-06-01T00:45:05.026+0200] {logging_mixin.py:188} INFO - [2025-06-01T00:45:05.026+0200] {dag.py:3096} INFO - Sync 1 DAGs
[2025-06-01T00:45:05.041+0200] {logging_mixin.py:188} INFO - [2025-06-01T00:45:05.041+0200] {dag.py:3954} INFO - Setting next_dagrun for example_bash_operator to 2025-05-30 00:00:00+00:00, run_after=2025-05-31 00:00:00+00:00
[2025-06-01T00:45:05.062+0200] {processor.py:183} INFO - Processing /home/leoja/airflow/airflow_venv/lib/python3.12/site-packages/airflow/example_dags/example_bash_operator.py took 0.073 seconds
[2025-06-01T00:46:19.313+0200] {processor.py:161} INFO - Started process (PID=144838) to work on /home/leoja/airflow/airflow_venv/lib/python3.12/site-packages/airflow/example_dags/example_bash_operator.py
[2025-06-01T00:46:19.314+0200] {processor.py:830} INFO - Processing file /home/leoja/airflow/airflow_venv/lib/python3.12/site-packages/airflow/example_dags/example_bash_operator.py for tasks to queue
[2025-06-01T00:46:19.315+0200] {logging_mixin.py:188} INFO - [2025-06-01T00:46:19.315+0200] {dagbag.py:540} INFO - Filling up the DagBag from /home/leoja/airflow/airflow_venv/lib/python3.12/site-packages/airflow/example_dags/example_bash_operator.py
[2025-06-01T00:46:19.323+0200] {processor.py:840} INFO - DAG(s) 'example_bash_operator' retrieved from /home/leoja/airflow/airflow_venv/lib/python3.12/site-packages/airflow/example_dags/example_bash_operator.py
[2025-06-01T00:46:19.340+0200] {logging_mixin.py:188} INFO - [2025-06-01T00:46:19.339+0200] {dag.py:3096} INFO - Sync 1 DAGs
[2025-06-01T00:46:19.353+0200] {logging_mixin.py:188} INFO - [2025-06-01T00:46:19.353+0200] {dag.py:3954} INFO - Setting next_dagrun for example_bash_operator to 2025-05-30 00:00:00+00:00, run_after=2025-05-31 00:00:00+00:00
[2025-06-01T00:46:19.387+0200] {processor.py:183} INFO - Processing /home/leoja/airflow/airflow_venv/lib/python3.12/site-packages/airflow/example_dags/example_bash_operator.py took 0.079 seconds
[2025-06-01T00:47:31.473+0200] {processor.py:161} INFO - Started process (PID=145094) to work on /home/leoja/airflow/airflow_venv/lib/python3.12/site-packages/airflow/example_dags/example_bash_operator.py
[2025-06-01T00:47:31.475+0200] {processor.py:830} INFO - Processing file /home/leoja/airflow/airflow_venv/lib/python3.12/site-packages/airflow/example_dags/example_bash_operator.py for tasks to queue
[2025-06-01T00:47:31.476+0200] {logging_mixin.py:188} INFO - [2025-06-01T00:47:31.476+0200] {dagbag.py:540} INFO - Filling up the DagBag from /home/leoja/airflow/airflow_venv/lib/python3.12/site-packages/airflow/example_dags/example_bash_operator.py
[2025-06-01T00:47:31.487+0200] {processor.py:840} INFO - DAG(s) 'example_bash_operator' retrieved from /home/leoja/airflow/airflow_venv/lib/python3.12/site-packages/airflow/example_dags/example_bash_operator.py
[2025-06-01T00:47:31.506+0200] {logging_mixin.py:188} INFO - [2025-06-01T00:47:31.506+0200] {dag.py:3096} INFO - Sync 1 DAGs
[2025-06-01T00:47:31.520+0200] {logging_mixin.py:188} INFO - [2025-06-01T00:47:31.520+0200] {dag.py:3954} INFO - Setting next_dagrun for example_bash_operator to 2025-05-30 00:00:00+00:00, run_after=2025-05-31 00:00:00+00:00
[2025-06-01T00:47:31.542+0200] {processor.py:183} INFO - Processing /home/leoja/airflow/airflow_venv/lib/python3.12/site-packages/airflow/example_dags/example_bash_operator.py took 0.075 seconds
[2025-06-01T00:48:44.360+0200] {processor.py:161} INFO - Started process (PID=145345) to work on /home/leoja/airflow/airflow_venv/lib/python3.12/site-packages/airflow/example_dags/example_bash_operator.py
[2025-06-01T00:48:44.361+0200] {processor.py:830} INFO - Processing file /home/leoja/airflow/airflow_venv/lib/python3.12/site-packages/airflow/example_dags/example_bash_operator.py for tasks to queue
[2025-06-01T00:48:44.362+0200] {logging_mixin.py:188} INFO - [2025-06-01T00:48:44.361+0200] {dagbag.py:540} INFO - Filling up the DagBag from /home/leoja/airflow/airflow_venv/lib/python3.12/site-packages/airflow/example_dags/example_bash_operator.py
[2025-06-01T00:48:44.371+0200] {processor.py:840} INFO - DAG(s) 'example_bash_operator' retrieved from /home/leoja/airflow/airflow_venv/lib/python3.12/site-packages/airflow/example_dags/example_bash_operator.py
[2025-06-01T00:48:44.387+0200] {logging_mixin.py:188} INFO - [2025-06-01T00:48:44.387+0200] {dag.py:3096} INFO - Sync 1 DAGs
[2025-06-01T00:48:44.409+0200] {logging_mixin.py:188} INFO - [2025-06-01T00:48:44.409+0200] {dag.py:3954} INFO - Setting next_dagrun for example_bash_operator to 2025-05-30 00:00:00+00:00, run_after=2025-05-31 00:00:00+00:00
[2025-06-01T00:48:44.435+0200] {processor.py:183} INFO - Processing /home/leoja/airflow/airflow_venv/lib/python3.12/site-packages/airflow/example_dags/example_bash_operator.py took 0.080 seconds
[2025-06-01T00:49:59.450+0200] {processor.py:161} INFO - Started process (PID=145626) to work on /home/leoja/airflow/airflow_venv/lib/python3.12/site-packages/airflow/example_dags/example_bash_operator.py
[2025-06-01T00:49:59.451+0200] {processor.py:830} INFO - Processing file /home/leoja/airflow/airflow_venv/lib/python3.12/site-packages/airflow/example_dags/example_bash_operator.py for tasks to queue
[2025-06-01T00:49:59.452+0200] {logging_mixin.py:188} INFO - [2025-06-01T00:49:59.452+0200] {dagbag.py:540} INFO - Filling up the DagBag from /home/leoja/airflow/airflow_venv/lib/python3.12/site-packages/airflow/example_dags/example_bash_operator.py
[2025-06-01T00:49:59.462+0200] {processor.py:840} INFO - DAG(s) 'example_bash_operator' retrieved from /home/leoja/airflow/airflow_venv/lib/python3.12/site-packages/airflow/example_dags/example_bash_operator.py
[2025-06-01T00:49:59.497+0200] {logging_mixin.py:188} INFO - [2025-06-01T00:49:59.497+0200] {dag.py:3096} INFO - Sync 1 DAGs
[2025-06-01T00:49:59.611+0200] {logging_mixin.py:188} INFO - [2025-06-01T00:49:59.611+0200] {dag.py:3954} INFO - Setting next_dagrun for example_bash_operator to 2025-05-30 00:00:00+00:00, run_after=2025-05-31 00:00:00+00:00
[2025-06-01T00:49:59.639+0200] {processor.py:183} INFO - Processing /home/leoja/airflow/airflow_venv/lib/python3.12/site-packages/airflow/example_dags/example_bash_operator.py took 0.195 seconds
[2025-06-01T00:51:12.088+0200] {processor.py:161} INFO - Started process (PID=145887) to work on /home/leoja/airflow/airflow_venv/lib/python3.12/site-packages/airflow/example_dags/example_bash_operator.py
[2025-06-01T00:51:12.091+0200] {processor.py:830} INFO - Processing file /home/leoja/airflow/airflow_venv/lib/python3.12/site-packages/airflow/example_dags/example_bash_operator.py for tasks to queue
[2025-06-01T00:51:12.092+0200] {logging_mixin.py:188} INFO - [2025-06-01T00:51:12.091+0200] {dagbag.py:540} INFO - Filling up the DagBag from /home/leoja/airflow/airflow_venv/lib/python3.12/site-packages/airflow/example_dags/example_bash_operator.py
[2025-06-01T00:51:12.100+0200] {processor.py:840} INFO - DAG(s) 'example_bash_operator' retrieved from /home/leoja/airflow/airflow_venv/lib/python3.12/site-packages/airflow/example_dags/example_bash_operator.py
[2025-06-01T00:51:12.116+0200] {logging_mixin.py:188} INFO - [2025-06-01T00:51:12.116+0200] {dag.py:3096} INFO - Sync 1 DAGs
[2025-06-01T00:51:12.131+0200] {logging_mixin.py:188} INFO - [2025-06-01T00:51:12.130+0200] {dag.py:3954} INFO - Setting next_dagrun for example_bash_operator to 2025-05-30 00:00:00+00:00, run_after=2025-05-31 00:00:00+00:00
[2025-06-01T00:51:12.163+0200] {processor.py:183} INFO - Processing /home/leoja/airflow/airflow_venv/lib/python3.12/site-packages/airflow/example_dags/example_bash_operator.py took 0.082 seconds
[2025-06-01T00:52:26.016+0200] {processor.py:161} INFO - Started process (PID=146150) to work on /home/leoja/airflow/airflow_venv/lib/python3.12/site-packages/airflow/example_dags/example_bash_operator.py
[2025-06-01T00:52:26.019+0200] {processor.py:830} INFO - Processing file /home/leoja/airflow/airflow_venv/lib/python3.12/site-packages/airflow/example_dags/example_bash_operator.py for tasks to queue
[2025-06-01T00:52:26.020+0200] {logging_mixin.py:188} INFO - [2025-06-01T00:52:26.019+0200] {dagbag.py:540} INFO - Filling up the DagBag from /home/leoja/airflow/airflow_venv/lib/python3.12/site-packages/airflow/example_dags/example_bash_operator.py
[2025-06-01T00:52:26.028+0200] {processor.py:840} INFO - DAG(s) 'example_bash_operator' retrieved from /home/leoja/airflow/airflow_venv/lib/python3.12/site-packages/airflow/example_dags/example_bash_operator.py
[2025-06-01T00:52:26.045+0200] {logging_mixin.py:188} INFO - [2025-06-01T00:52:26.045+0200] {dag.py:3096} INFO - Sync 1 DAGs
[2025-06-01T00:52:26.058+0200] {logging_mixin.py:188} INFO - [2025-06-01T00:52:26.058+0200] {dag.py:3954} INFO - Setting next_dagrun for example_bash_operator to 2025-05-30 00:00:00+00:00, run_after=2025-05-31 00:00:00+00:00
[2025-06-01T00:52:26.082+0200] {processor.py:183} INFO - Processing /home/leoja/airflow/airflow_venv/lib/python3.12/site-packages/airflow/example_dags/example_bash_operator.py took 0.070 seconds
[2025-06-01T00:53:41.228+0200] {processor.py:161} INFO - Started process (PID=146423) to work on /home/leoja/airflow/airflow_venv/lib/python3.12/site-packages/airflow/example_dags/example_bash_operator.py
[2025-06-01T00:53:41.230+0200] {processor.py:830} INFO - Processing file /home/leoja/airflow/airflow_venv/lib/python3.12/site-packages/airflow/example_dags/example_bash_operator.py for tasks to queue
[2025-06-01T00:53:41.230+0200] {logging_mixin.py:188} INFO - [2025-06-01T00:53:41.230+0200] {dagbag.py:540} INFO - Filling up the DagBag from /home/leoja/airflow/airflow_venv/lib/python3.12/site-packages/airflow/example_dags/example_bash_operator.py
[2025-06-01T00:53:41.239+0200] {processor.py:840} INFO - DAG(s) 'example_bash_operator' retrieved from /home/leoja/airflow/airflow_venv/lib/python3.12/site-packages/airflow/example_dags/example_bash_operator.py
[2025-06-01T00:53:41.257+0200] {logging_mixin.py:188} INFO - [2025-06-01T00:53:41.257+0200] {dag.py:3096} INFO - Sync 1 DAGs
[2025-06-01T00:53:41.270+0200] {logging_mixin.py:188} INFO - [2025-06-01T00:53:41.270+0200] {dag.py:3954} INFO - Setting next_dagrun for example_bash_operator to 2025-05-30 00:00:00+00:00, run_after=2025-05-31 00:00:00+00:00
[2025-06-01T00:53:41.291+0200] {processor.py:183} INFO - Processing /home/leoja/airflow/airflow_venv/lib/python3.12/site-packages/airflow/example_dags/example_bash_operator.py took 0.068 seconds
[2025-06-01T00:54:48.138+0200] {processor.py:161} INFO - Started process (PID=146660) to work on /home/leoja/airflow/airflow_venv/lib/python3.12/site-packages/airflow/example_dags/example_bash_operator.py
[2025-06-01T00:54:48.139+0200] {processor.py:830} INFO - Processing file /home/leoja/airflow/airflow_venv/lib/python3.12/site-packages/airflow/example_dags/example_bash_operator.py for tasks to queue
[2025-06-01T00:54:48.139+0200] {logging_mixin.py:188} INFO - [2025-06-01T00:54:48.139+0200] {dagbag.py:540} INFO - Filling up the DagBag from /home/leoja/airflow/airflow_venv/lib/python3.12/site-packages/airflow/example_dags/example_bash_operator.py
[2025-06-01T00:54:48.150+0200] {processor.py:840} INFO - DAG(s) 'example_bash_operator' retrieved from /home/leoja/airflow/airflow_venv/lib/python3.12/site-packages/airflow/example_dags/example_bash_operator.py
[2025-06-01T00:54:48.168+0200] {logging_mixin.py:188} INFO - [2025-06-01T00:54:48.168+0200] {dag.py:3096} INFO - Sync 1 DAGs
[2025-06-01T00:54:48.183+0200] {logging_mixin.py:188} INFO - [2025-06-01T00:54:48.183+0200] {dag.py:3954} INFO - Setting next_dagrun for example_bash_operator to 2025-05-30 00:00:00+00:00, run_after=2025-05-31 00:00:00+00:00
[2025-06-01T00:54:48.204+0200] {processor.py:183} INFO - Processing /home/leoja/airflow/airflow_venv/lib/python3.12/site-packages/airflow/example_dags/example_bash_operator.py took 0.072 seconds
[2025-06-01T00:55:58.581+0200] {processor.py:161} INFO - Started process (PID=146924) to work on /home/leoja/airflow/airflow_venv/lib/python3.12/site-packages/airflow/example_dags/example_bash_operator.py
[2025-06-01T00:55:58.583+0200] {processor.py:830} INFO - Processing file /home/leoja/airflow/airflow_venv/lib/python3.12/site-packages/airflow/example_dags/example_bash_operator.py for tasks to queue
[2025-06-01T00:55:58.583+0200] {logging_mixin.py:188} INFO - [2025-06-01T00:55:58.583+0200] {dagbag.py:540} INFO - Filling up the DagBag from /home/leoja/airflow/airflow_venv/lib/python3.12/site-packages/airflow/example_dags/example_bash_operator.py
[2025-06-01T00:55:58.594+0200] {processor.py:840} INFO - DAG(s) 'example_bash_operator' retrieved from /home/leoja/airflow/airflow_venv/lib/python3.12/site-packages/airflow/example_dags/example_bash_operator.py
[2025-06-01T00:55:58.610+0200] {logging_mixin.py:188} INFO - [2025-06-01T00:55:58.610+0200] {dag.py:3096} INFO - Sync 1 DAGs
[2025-06-01T00:55:58.627+0200] {logging_mixin.py:188} INFO - [2025-06-01T00:55:58.627+0200] {dag.py:3954} INFO - Setting next_dagrun for example_bash_operator to 2025-05-30 00:00:00+00:00, run_after=2025-05-31 00:00:00+00:00
[2025-06-01T00:55:58.647+0200] {processor.py:183} INFO - Processing /home/leoja/airflow/airflow_venv/lib/python3.12/site-packages/airflow/example_dags/example_bash_operator.py took 0.073 seconds
[2025-06-01T00:57:10.523+0200] {processor.py:161} INFO - Started process (PID=147182) to work on /home/leoja/airflow/airflow_venv/lib/python3.12/site-packages/airflow/example_dags/example_bash_operator.py
[2025-06-01T00:57:10.524+0200] {processor.py:830} INFO - Processing file /home/leoja/airflow/airflow_venv/lib/python3.12/site-packages/airflow/example_dags/example_bash_operator.py for tasks to queue
[2025-06-01T00:57:10.525+0200] {logging_mixin.py:188} INFO - [2025-06-01T00:57:10.524+0200] {dagbag.py:540} INFO - Filling up the DagBag from /home/leoja/airflow/airflow_venv/lib/python3.12/site-packages/airflow/example_dags/example_bash_operator.py
[2025-06-01T00:57:10.533+0200] {processor.py:840} INFO - DAG(s) 'example_bash_operator' retrieved from /home/leoja/airflow/airflow_venv/lib/python3.12/site-packages/airflow/example_dags/example_bash_operator.py
[2025-06-01T00:57:10.549+0200] {logging_mixin.py:188} INFO - [2025-06-01T00:57:10.549+0200] {dag.py:3096} INFO - Sync 1 DAGs
[2025-06-01T00:57:10.564+0200] {logging_mixin.py:188} INFO - [2025-06-01T00:57:10.564+0200] {dag.py:3954} INFO - Setting next_dagrun for example_bash_operator to 2025-05-30 00:00:00+00:00, run_after=2025-05-31 00:00:00+00:00
[2025-06-01T00:57:10.595+0200] {processor.py:183} INFO - Processing /home/leoja/airflow/airflow_venv/lib/python3.12/site-packages/airflow/example_dags/example_bash_operator.py took 0.078 seconds
[2025-06-01T00:58:27.709+0200] {processor.py:161} INFO - Started process (PID=147437) to work on /home/leoja/airflow/airflow_venv/lib/python3.12/site-packages/airflow/example_dags/example_bash_operator.py
[2025-06-01T00:58:27.711+0200] {processor.py:830} INFO - Processing file /home/leoja/airflow/airflow_venv/lib/python3.12/site-packages/airflow/example_dags/example_bash_operator.py for tasks to queue
[2025-06-01T00:58:27.712+0200] {logging_mixin.py:188} INFO - [2025-06-01T00:58:27.711+0200] {dagbag.py:540} INFO - Filling up the DagBag from /home/leoja/airflow/airflow_venv/lib/python3.12/site-packages/airflow/example_dags/example_bash_operator.py
[2025-06-01T00:58:27.721+0200] {processor.py:840} INFO - DAG(s) 'example_bash_operator' retrieved from /home/leoja/airflow/airflow_venv/lib/python3.12/site-packages/airflow/example_dags/example_bash_operator.py
[2025-06-01T00:58:27.737+0200] {logging_mixin.py:188} INFO - [2025-06-01T00:58:27.737+0200] {dag.py:3096} INFO - Sync 1 DAGs
[2025-06-01T00:58:27.753+0200] {logging_mixin.py:188} INFO - [2025-06-01T00:58:27.753+0200] {dag.py:3954} INFO - Setting next_dagrun for example_bash_operator to 2025-05-30 00:00:00+00:00, run_after=2025-05-31 00:00:00+00:00
[2025-06-01T00:58:27.777+0200] {processor.py:183} INFO - Processing /home/leoja/airflow/airflow_venv/lib/python3.12/site-packages/airflow/example_dags/example_bash_operator.py took 0.075 seconds
[2025-06-01T00:59:39.837+0200] {processor.py:161} INFO - Started process (PID=147713) to work on /home/leoja/airflow/airflow_venv/lib/python3.12/site-packages/airflow/example_dags/example_bash_operator.py
[2025-06-01T00:59:39.839+0200] {processor.py:830} INFO - Processing file /home/leoja/airflow/airflow_venv/lib/python3.12/site-packages/airflow/example_dags/example_bash_operator.py for tasks to queue
[2025-06-01T00:59:39.840+0200] {logging_mixin.py:188} INFO - [2025-06-01T00:59:39.839+0200] {dagbag.py:540} INFO - Filling up the DagBag from /home/leoja/airflow/airflow_venv/lib/python3.12/site-packages/airflow/example_dags/example_bash_operator.py
[2025-06-01T00:59:39.850+0200] {processor.py:840} INFO - DAG(s) 'example_bash_operator' retrieved from /home/leoja/airflow/airflow_venv/lib/python3.12/site-packages/airflow/example_dags/example_bash_operator.py
[2025-06-01T00:59:39.870+0200] {logging_mixin.py:188} INFO - [2025-06-01T00:59:39.869+0200] {dag.py:3096} INFO - Sync 1 DAGs
[2025-06-01T00:59:39.889+0200] {logging_mixin.py:188} INFO - [2025-06-01T00:59:39.889+0200] {dag.py:3954} INFO - Setting next_dagrun for example_bash_operator to 2025-05-30 00:00:00+00:00, run_after=2025-05-31 00:00:00+00:00
[2025-06-01T00:59:39.913+0200] {processor.py:183} INFO - Processing /home/leoja/airflow/airflow_venv/lib/python3.12/site-packages/airflow/example_dags/example_bash_operator.py took 0.083 seconds
[2025-06-01T01:00:55.600+0200] {processor.py:161} INFO - Started process (PID=147972) to work on /home/leoja/airflow/airflow_venv/lib/python3.12/site-packages/airflow/example_dags/example_bash_operator.py
[2025-06-01T01:00:55.601+0200] {processor.py:830} INFO - Processing file /home/leoja/airflow/airflow_venv/lib/python3.12/site-packages/airflow/example_dags/example_bash_operator.py for tasks to queue
[2025-06-01T01:00:55.602+0200] {logging_mixin.py:188} INFO - [2025-06-01T01:00:55.601+0200] {dagbag.py:540} INFO - Filling up the DagBag from /home/leoja/airflow/airflow_venv/lib/python3.12/site-packages/airflow/example_dags/example_bash_operator.py
[2025-06-01T01:00:55.613+0200] {processor.py:840} INFO - DAG(s) 'example_bash_operator' retrieved from /home/leoja/airflow/airflow_venv/lib/python3.12/site-packages/airflow/example_dags/example_bash_operator.py
[2025-06-01T01:00:55.628+0200] {logging_mixin.py:188} INFO - [2025-06-01T01:00:55.628+0200] {dag.py:3096} INFO - Sync 1 DAGs
[2025-06-01T01:00:55.642+0200] {logging_mixin.py:188} INFO - [2025-06-01T01:00:55.642+0200] {dag.py:3954} INFO - Setting next_dagrun for example_bash_operator to 2025-05-30 00:00:00+00:00, run_after=2025-05-31 00:00:00+00:00
[2025-06-01T01:00:55.665+0200] {processor.py:183} INFO - Processing /home/leoja/airflow/airflow_venv/lib/python3.12/site-packages/airflow/example_dags/example_bash_operator.py took 0.070 seconds
