[2025-05-31T23:51:42.900+0200] {processor.py:161} INFO - Started process (PID=133128) to work on /home/leoja/airflow/airflow_venv/lib/python3.12/site-packages/airflow/example_dags/example_bash_decorator.py
[2025-05-31T23:51:42.901+0200] {processor.py:830} INFO - Processing file /home/leoja/airflow/airflow_venv/lib/python3.12/site-packages/airflow/example_dags/example_bash_decorator.py for tasks to queue
[2025-05-31T23:51:42.902+0200] {logging_mixin.py:188} INFO - [2025-05-31T23:51:42.901+0200] {dagbag.py:540} INFO - Filling up the DagBag from /home/leoja/airflow/airflow_venv/lib/python3.12/site-packages/airflow/example_dags/example_bash_decorator.py
[2025-05-31T23:51:42.914+0200] {processor.py:840} INFO - DAG(s) 'example_bash_decorator' retrieved from /home/leoja/airflow/airflow_venv/lib/python3.12/site-packages/airflow/example_dags/example_bash_decorator.py
[2025-05-31T23:51:42.932+0200] {logging_mixin.py:188} INFO - [2025-05-31T23:51:42.931+0200] {dag.py:3096} INFO - Sync 1 DAGs
[2025-05-31T23:51:42.940+0200] {logging_mixin.py:188} INFO - [2025-05-31T23:51:42.939+0200] {dag.py:3954} INFO - Setting next_dagrun for example_bash_decorator to None, run_after=None
[2025-05-31T23:51:42.964+0200] {processor.py:183} INFO - Processing /home/leoja/airflow/airflow_venv/lib/python3.12/site-packages/airflow/example_dags/example_bash_decorator.py took 0.072 seconds
[2025-05-31T23:52:39.936+0200] {processor.py:161} INFO - Started process (PID=133336) to work on /home/leoja/airflow/airflow_venv/lib/python3.12/site-packages/airflow/example_dags/example_bash_decorator.py
[2025-05-31T23:52:39.937+0200] {processor.py:830} INFO - Processing file /home/leoja/airflow/airflow_venv/lib/python3.12/site-packages/airflow/example_dags/example_bash_decorator.py for tasks to queue
[2025-05-31T23:52:39.938+0200] {logging_mixin.py:188} INFO - [2025-05-31T23:52:39.938+0200] {dagbag.py:540} INFO - Filling up the DagBag from /home/leoja/airflow/airflow_venv/lib/python3.12/site-packages/airflow/example_dags/example_bash_decorator.py
[2025-05-31T23:52:39.950+0200] {processor.py:840} INFO - DAG(s) 'example_bash_decorator' retrieved from /home/leoja/airflow/airflow_venv/lib/python3.12/site-packages/airflow/example_dags/example_bash_decorator.py
[2025-05-31T23:52:39.965+0200] {logging_mixin.py:188} INFO - [2025-05-31T23:52:39.965+0200] {dag.py:3096} INFO - Sync 1 DAGs
[2025-05-31T23:52:39.974+0200] {logging_mixin.py:188} INFO - [2025-05-31T23:52:39.974+0200] {dag.py:3954} INFO - Setting next_dagrun for example_bash_decorator to None, run_after=None
[2025-05-31T23:52:39.996+0200] {processor.py:183} INFO - Processing /home/leoja/airflow/airflow_venv/lib/python3.12/site-packages/airflow/example_dags/example_bash_decorator.py took 0.067 seconds
[2025-05-31T23:54:09.382+0200] {processor.py:161} INFO - Started process (PID=133633) to work on /home/leoja/airflow/airflow_venv/lib/python3.12/site-packages/airflow/example_dags/example_bash_decorator.py
[2025-05-31T23:54:09.383+0200] {processor.py:830} INFO - Processing file /home/leoja/airflow/airflow_venv/lib/python3.12/site-packages/airflow/example_dags/example_bash_decorator.py for tasks to queue
[2025-05-31T23:54:09.384+0200] {logging_mixin.py:188} INFO - [2025-05-31T23:54:09.384+0200] {dagbag.py:540} INFO - Filling up the DagBag from /home/leoja/airflow/airflow_venv/lib/python3.12/site-packages/airflow/example_dags/example_bash_decorator.py
[2025-05-31T23:54:09.395+0200] {processor.py:840} INFO - DAG(s) 'example_bash_decorator' retrieved from /home/leoja/airflow/airflow_venv/lib/python3.12/site-packages/airflow/example_dags/example_bash_decorator.py
[2025-05-31T23:54:09.410+0200] {logging_mixin.py:188} INFO - [2025-05-31T23:54:09.410+0200] {dag.py:3096} INFO - Sync 1 DAGs
[2025-05-31T23:54:09.418+0200] {logging_mixin.py:188} INFO - [2025-05-31T23:54:09.418+0200] {dag.py:3954} INFO - Setting next_dagrun for example_bash_decorator to None, run_after=None
[2025-05-31T23:54:09.437+0200] {processor.py:183} INFO - Processing /home/leoja/airflow/airflow_venv/lib/python3.12/site-packages/airflow/example_dags/example_bash_decorator.py took 0.063 seconds
[2025-05-31T23:55:13.335+0200] {processor.py:161} INFO - Started process (PID=133874) to work on /home/leoja/airflow/airflow_venv/lib/python3.12/site-packages/airflow/example_dags/example_bash_decorator.py
[2025-05-31T23:55:13.337+0200] {processor.py:830} INFO - Processing file /home/leoja/airflow/airflow_venv/lib/python3.12/site-packages/airflow/example_dags/example_bash_decorator.py for tasks to queue
[2025-05-31T23:55:13.338+0200] {logging_mixin.py:188} INFO - [2025-05-31T23:55:13.338+0200] {dagbag.py:540} INFO - Filling up the DagBag from /home/leoja/airflow/airflow_venv/lib/python3.12/site-packages/airflow/example_dags/example_bash_decorator.py
[2025-05-31T23:55:13.350+0200] {processor.py:840} INFO - DAG(s) 'example_bash_decorator' retrieved from /home/leoja/airflow/airflow_venv/lib/python3.12/site-packages/airflow/example_dags/example_bash_decorator.py
[2025-05-31T23:55:13.366+0200] {logging_mixin.py:188} INFO - [2025-05-31T23:55:13.365+0200] {dag.py:3096} INFO - Sync 1 DAGs
[2025-05-31T23:55:13.373+0200] {logging_mixin.py:188} INFO - [2025-05-31T23:55:13.373+0200] {dag.py:3954} INFO - Setting next_dagrun for example_bash_decorator to None, run_after=None
[2025-05-31T23:55:13.399+0200] {processor.py:183} INFO - Processing /home/leoja/airflow/airflow_venv/lib/python3.12/site-packages/airflow/example_dags/example_bash_decorator.py took 0.069 seconds
[2025-05-31T23:56:33.971+0200] {processor.py:161} INFO - Started process (PID=134160) to work on /home/leoja/airflow/airflow_venv/lib/python3.12/site-packages/airflow/example_dags/example_bash_decorator.py
[2025-05-31T23:56:33.972+0200] {processor.py:830} INFO - Processing file /home/leoja/airflow/airflow_venv/lib/python3.12/site-packages/airflow/example_dags/example_bash_decorator.py for tasks to queue
[2025-05-31T23:56:33.973+0200] {logging_mixin.py:188} INFO - [2025-05-31T23:56:33.973+0200] {dagbag.py:540} INFO - Filling up the DagBag from /home/leoja/airflow/airflow_venv/lib/python3.12/site-packages/airflow/example_dags/example_bash_decorator.py
[2025-05-31T23:56:33.986+0200] {processor.py:840} INFO - DAG(s) 'example_bash_decorator' retrieved from /home/leoja/airflow/airflow_venv/lib/python3.12/site-packages/airflow/example_dags/example_bash_decorator.py
[2025-05-31T23:56:34.005+0200] {logging_mixin.py:188} INFO - [2025-05-31T23:56:34.005+0200] {dag.py:3096} INFO - Sync 1 DAGs
[2025-05-31T23:56:34.018+0200] {logging_mixin.py:188} INFO - [2025-05-31T23:56:34.018+0200] {dag.py:3954} INFO - Setting next_dagrun for example_bash_decorator to None, run_after=None
[2025-05-31T23:56:34.046+0200] {processor.py:183} INFO - Processing /home/leoja/airflow/airflow_venv/lib/python3.12/site-packages/airflow/example_dags/example_bash_decorator.py took 0.081 seconds
[2025-05-31T23:57:46.703+0200] {processor.py:161} INFO - Started process (PID=134421) to work on /home/leoja/airflow/airflow_venv/lib/python3.12/site-packages/airflow/example_dags/example_bash_decorator.py
[2025-05-31T23:57:46.705+0200] {processor.py:830} INFO - Processing file /home/leoja/airflow/airflow_venv/lib/python3.12/site-packages/airflow/example_dags/example_bash_decorator.py for tasks to queue
[2025-05-31T23:57:46.706+0200] {logging_mixin.py:188} INFO - [2025-05-31T23:57:46.705+0200] {dagbag.py:540} INFO - Filling up the DagBag from /home/leoja/airflow/airflow_venv/lib/python3.12/site-packages/airflow/example_dags/example_bash_decorator.py
[2025-05-31T23:57:46.719+0200] {processor.py:840} INFO - DAG(s) 'example_bash_decorator' retrieved from /home/leoja/airflow/airflow_venv/lib/python3.12/site-packages/airflow/example_dags/example_bash_decorator.py
[2025-05-31T23:57:46.735+0200] {logging_mixin.py:188} INFO - [2025-05-31T23:57:46.734+0200] {dag.py:3096} INFO - Sync 1 DAGs
[2025-05-31T23:57:46.743+0200] {logging_mixin.py:188} INFO - [2025-05-31T23:57:46.743+0200] {dag.py:3954} INFO - Setting next_dagrun for example_bash_decorator to None, run_after=None
[2025-05-31T23:57:46.763+0200] {processor.py:183} INFO - Processing /home/leoja/airflow/airflow_venv/lib/python3.12/site-packages/airflow/example_dags/example_bash_decorator.py took 0.065 seconds
[2025-05-31T23:59:10.565+0200] {processor.py:161} INFO - Started process (PID=134710) to work on /home/leoja/airflow/airflow_venv/lib/python3.12/site-packages/airflow/example_dags/example_bash_decorator.py
[2025-05-31T23:59:10.566+0200] {processor.py:830} INFO - Processing file /home/leoja/airflow/airflow_venv/lib/python3.12/site-packages/airflow/example_dags/example_bash_decorator.py for tasks to queue
[2025-05-31T23:59:10.567+0200] {logging_mixin.py:188} INFO - [2025-05-31T23:59:10.566+0200] {dagbag.py:540} INFO - Filling up the DagBag from /home/leoja/airflow/airflow_venv/lib/python3.12/site-packages/airflow/example_dags/example_bash_decorator.py
[2025-05-31T23:59:10.577+0200] {processor.py:840} INFO - DAG(s) 'example_bash_decorator' retrieved from /home/leoja/airflow/airflow_venv/lib/python3.12/site-packages/airflow/example_dags/example_bash_decorator.py
[2025-05-31T23:59:10.590+0200] {logging_mixin.py:188} INFO - [2025-05-31T23:59:10.590+0200] {dag.py:3096} INFO - Sync 1 DAGs
[2025-05-31T23:59:10.598+0200] {logging_mixin.py:188} INFO - [2025-05-31T23:59:10.598+0200] {dag.py:3954} INFO - Setting next_dagrun for example_bash_decorator to None, run_after=None
[2025-05-31T23:59:10.617+0200] {processor.py:183} INFO - Processing /home/leoja/airflow/airflow_venv/lib/python3.12/site-packages/airflow/example_dags/example_bash_decorator.py took 0.058 seconds
[2025-06-01T00:00:08.175+0200] {processor.py:161} INFO - Started process (PID=134960) to work on /home/leoja/airflow/airflow_venv/lib/python3.12/site-packages/airflow/example_dags/example_bash_decorator.py
[2025-06-01T00:00:08.177+0200] {processor.py:830} INFO - Processing file /home/leoja/airflow/airflow_venv/lib/python3.12/site-packages/airflow/example_dags/example_bash_decorator.py for tasks to queue
[2025-06-01T00:00:08.178+0200] {logging_mixin.py:188} INFO - [2025-06-01T00:00:08.177+0200] {dagbag.py:540} INFO - Filling up the DagBag from /home/leoja/airflow/airflow_venv/lib/python3.12/site-packages/airflow/example_dags/example_bash_decorator.py
[2025-06-01T00:00:08.189+0200] {processor.py:840} INFO - DAG(s) 'example_bash_decorator' retrieved from /home/leoja/airflow/airflow_venv/lib/python3.12/site-packages/airflow/example_dags/example_bash_decorator.py
[2025-06-01T00:00:08.202+0200] {logging_mixin.py:188} INFO - [2025-06-01T00:00:08.202+0200] {dag.py:3096} INFO - Sync 1 DAGs
[2025-06-01T00:00:08.210+0200] {logging_mixin.py:188} INFO - [2025-06-01T00:00:08.210+0200] {dag.py:3954} INFO - Setting next_dagrun for example_bash_decorator to None, run_after=None
[2025-06-01T00:00:08.227+0200] {processor.py:183} INFO - Processing /home/leoja/airflow/airflow_venv/lib/python3.12/site-packages/airflow/example_dags/example_bash_decorator.py took 0.057 seconds
[2025-06-01T00:01:24.254+0200] {processor.py:161} INFO - Started process (PID=135237) to work on /home/leoja/airflow/airflow_venv/lib/python3.12/site-packages/airflow/example_dags/example_bash_decorator.py
[2025-06-01T00:01:24.255+0200] {processor.py:830} INFO - Processing file /home/leoja/airflow/airflow_venv/lib/python3.12/site-packages/airflow/example_dags/example_bash_decorator.py for tasks to queue
[2025-06-01T00:01:24.256+0200] {logging_mixin.py:188} INFO - [2025-06-01T00:01:24.255+0200] {dagbag.py:540} INFO - Filling up the DagBag from /home/leoja/airflow/airflow_venv/lib/python3.12/site-packages/airflow/example_dags/example_bash_decorator.py
[2025-06-01T00:01:24.265+0200] {processor.py:840} INFO - DAG(s) 'example_bash_decorator' retrieved from /home/leoja/airflow/airflow_venv/lib/python3.12/site-packages/airflow/example_dags/example_bash_decorator.py
[2025-06-01T00:01:24.279+0200] {logging_mixin.py:188} INFO - [2025-06-01T00:01:24.279+0200] {dag.py:3096} INFO - Sync 1 DAGs
[2025-06-01T00:01:24.287+0200] {logging_mixin.py:188} INFO - [2025-06-01T00:01:24.287+0200] {dag.py:3954} INFO - Setting next_dagrun for example_bash_decorator to None, run_after=None
[2025-06-01T00:01:24.310+0200] {processor.py:183} INFO - Processing /home/leoja/airflow/airflow_venv/lib/python3.12/site-packages/airflow/example_dags/example_bash_decorator.py took 0.062 seconds
[2025-06-01T00:02:42.482+0200] {processor.py:161} INFO - Started process (PID=135488) to work on /home/leoja/airflow/airflow_venv/lib/python3.12/site-packages/airflow/example_dags/example_bash_decorator.py
[2025-06-01T00:02:42.484+0200] {processor.py:830} INFO - Processing file /home/leoja/airflow/airflow_venv/lib/python3.12/site-packages/airflow/example_dags/example_bash_decorator.py for tasks to queue
[2025-06-01T00:02:42.485+0200] {logging_mixin.py:188} INFO - [2025-06-01T00:02:42.485+0200] {dagbag.py:540} INFO - Filling up the DagBag from /home/leoja/airflow/airflow_venv/lib/python3.12/site-packages/airflow/example_dags/example_bash_decorator.py
[2025-06-01T00:02:42.498+0200] {processor.py:840} INFO - DAG(s) 'example_bash_decorator' retrieved from /home/leoja/airflow/airflow_venv/lib/python3.12/site-packages/airflow/example_dags/example_bash_decorator.py
[2025-06-01T00:02:42.511+0200] {logging_mixin.py:188} INFO - [2025-06-01T00:02:42.511+0200] {dag.py:3096} INFO - Sync 1 DAGs
[2025-06-01T00:02:42.520+0200] {logging_mixin.py:188} INFO - [2025-06-01T00:02:42.520+0200] {dag.py:3954} INFO - Setting next_dagrun for example_bash_decorator to None, run_after=None
[2025-06-01T00:02:42.547+0200] {processor.py:183} INFO - Processing /home/leoja/airflow/airflow_venv/lib/python3.12/site-packages/airflow/example_dags/example_bash_decorator.py took 0.071 seconds
[2025-06-01T00:03:56.128+0200] {processor.py:161} INFO - Started process (PID=135769) to work on /home/leoja/airflow/airflow_venv/lib/python3.12/site-packages/airflow/example_dags/example_bash_decorator.py
[2025-06-01T00:03:56.130+0200] {processor.py:830} INFO - Processing file /home/leoja/airflow/airflow_venv/lib/python3.12/site-packages/airflow/example_dags/example_bash_decorator.py for tasks to queue
[2025-06-01T00:03:56.131+0200] {logging_mixin.py:188} INFO - [2025-06-01T00:03:56.130+0200] {dagbag.py:540} INFO - Filling up the DagBag from /home/leoja/airflow/airflow_venv/lib/python3.12/site-packages/airflow/example_dags/example_bash_decorator.py
[2025-06-01T00:03:56.140+0200] {processor.py:840} INFO - DAG(s) 'example_bash_decorator' retrieved from /home/leoja/airflow/airflow_venv/lib/python3.12/site-packages/airflow/example_dags/example_bash_decorator.py
[2025-06-01T00:03:56.154+0200] {logging_mixin.py:188} INFO - [2025-06-01T00:03:56.154+0200] {dag.py:3096} INFO - Sync 1 DAGs
[2025-06-01T00:03:56.165+0200] {logging_mixin.py:188} INFO - [2025-06-01T00:03:56.165+0200] {dag.py:3954} INFO - Setting next_dagrun for example_bash_decorator to None, run_after=None
[2025-06-01T00:03:56.183+0200] {processor.py:183} INFO - Processing /home/leoja/airflow/airflow_venv/lib/python3.12/site-packages/airflow/example_dags/example_bash_decorator.py took 0.060 seconds
[2025-06-01T00:05:07.182+0200] {processor.py:161} INFO - Started process (PID=136019) to work on /home/leoja/airflow/airflow_venv/lib/python3.12/site-packages/airflow/example_dags/example_bash_decorator.py
[2025-06-01T00:05:07.183+0200] {processor.py:830} INFO - Processing file /home/leoja/airflow/airflow_venv/lib/python3.12/site-packages/airflow/example_dags/example_bash_decorator.py for tasks to queue
[2025-06-01T00:05:07.184+0200] {logging_mixin.py:188} INFO - [2025-06-01T00:05:07.183+0200] {dagbag.py:540} INFO - Filling up the DagBag from /home/leoja/airflow/airflow_venv/lib/python3.12/site-packages/airflow/example_dags/example_bash_decorator.py
[2025-06-01T00:05:07.198+0200] {processor.py:840} INFO - DAG(s) 'example_bash_decorator' retrieved from /home/leoja/airflow/airflow_venv/lib/python3.12/site-packages/airflow/example_dags/example_bash_decorator.py
[2025-06-01T00:05:07.213+0200] {logging_mixin.py:188} INFO - [2025-06-01T00:05:07.213+0200] {dag.py:3096} INFO - Sync 1 DAGs
[2025-06-01T00:05:07.221+0200] {logging_mixin.py:188} INFO - [2025-06-01T00:05:07.221+0200] {dag.py:3954} INFO - Setting next_dagrun for example_bash_decorator to None, run_after=None
[2025-06-01T00:05:07.241+0200] {processor.py:183} INFO - Processing /home/leoja/airflow/airflow_venv/lib/python3.12/site-packages/airflow/example_dags/example_bash_decorator.py took 0.064 seconds
[2025-06-01T00:06:20.749+0200] {processor.py:161} INFO - Started process (PID=136282) to work on /home/leoja/airflow/airflow_venv/lib/python3.12/site-packages/airflow/example_dags/example_bash_decorator.py
[2025-06-01T00:06:20.751+0200] {processor.py:830} INFO - Processing file /home/leoja/airflow/airflow_venv/lib/python3.12/site-packages/airflow/example_dags/example_bash_decorator.py for tasks to queue
[2025-06-01T00:06:20.751+0200] {logging_mixin.py:188} INFO - [2025-06-01T00:06:20.751+0200] {dagbag.py:540} INFO - Filling up the DagBag from /home/leoja/airflow/airflow_venv/lib/python3.12/site-packages/airflow/example_dags/example_bash_decorator.py
[2025-06-01T00:06:20.762+0200] {processor.py:840} INFO - DAG(s) 'example_bash_decorator' retrieved from /home/leoja/airflow/airflow_venv/lib/python3.12/site-packages/airflow/example_dags/example_bash_decorator.py
[2025-06-01T00:06:20.776+0200] {logging_mixin.py:188} INFO - [2025-06-01T00:06:20.776+0200] {dag.py:3096} INFO - Sync 1 DAGs
[2025-06-01T00:06:20.785+0200] {logging_mixin.py:188} INFO - [2025-06-01T00:06:20.785+0200] {dag.py:3954} INFO - Setting next_dagrun for example_bash_decorator to None, run_after=None
[2025-06-01T00:06:20.813+0200] {processor.py:183} INFO - Processing /home/leoja/airflow/airflow_venv/lib/python3.12/site-packages/airflow/example_dags/example_bash_decorator.py took 0.069 seconds
[2025-06-01T00:07:36.627+0200] {processor.py:161} INFO - Started process (PID=136558) to work on /home/leoja/airflow/airflow_venv/lib/python3.12/site-packages/airflow/example_dags/example_bash_decorator.py
[2025-06-01T00:07:36.629+0200] {processor.py:830} INFO - Processing file /home/leoja/airflow/airflow_venv/lib/python3.12/site-packages/airflow/example_dags/example_bash_decorator.py for tasks to queue
[2025-06-01T00:07:36.630+0200] {logging_mixin.py:188} INFO - [2025-06-01T00:07:36.629+0200] {dagbag.py:540} INFO - Filling up the DagBag from /home/leoja/airflow/airflow_venv/lib/python3.12/site-packages/airflow/example_dags/example_bash_decorator.py
[2025-06-01T00:07:36.644+0200] {processor.py:840} INFO - DAG(s) 'example_bash_decorator' retrieved from /home/leoja/airflow/airflow_venv/lib/python3.12/site-packages/airflow/example_dags/example_bash_decorator.py
[2025-06-01T00:07:36.658+0200] {logging_mixin.py:188} INFO - [2025-06-01T00:07:36.658+0200] {dag.py:3096} INFO - Sync 1 DAGs
[2025-06-01T00:07:36.668+0200] {logging_mixin.py:188} INFO - [2025-06-01T00:07:36.668+0200] {dag.py:3954} INFO - Setting next_dagrun for example_bash_decorator to None, run_after=None
[2025-06-01T00:07:36.699+0200] {processor.py:183} INFO - Processing /home/leoja/airflow/airflow_venv/lib/python3.12/site-packages/airflow/example_dags/example_bash_decorator.py took 0.079 seconds
[2025-06-01T00:08:31.416+0200] {processor.py:161} INFO - Started process (PID=136743) to work on /home/leoja/airflow/airflow_venv/lib/python3.12/site-packages/airflow/example_dags/example_bash_decorator.py
[2025-06-01T00:08:31.417+0200] {processor.py:830} INFO - Processing file /home/leoja/airflow/airflow_venv/lib/python3.12/site-packages/airflow/example_dags/example_bash_decorator.py for tasks to queue
[2025-06-01T00:08:31.418+0200] {logging_mixin.py:188} INFO - [2025-06-01T00:08:31.418+0200] {dagbag.py:540} INFO - Filling up the DagBag from /home/leoja/airflow/airflow_venv/lib/python3.12/site-packages/airflow/example_dags/example_bash_decorator.py
[2025-06-01T00:08:31.428+0200] {processor.py:840} INFO - DAG(s) 'example_bash_decorator' retrieved from /home/leoja/airflow/airflow_venv/lib/python3.12/site-packages/airflow/example_dags/example_bash_decorator.py
[2025-06-01T00:08:31.443+0200] {logging_mixin.py:188} INFO - [2025-06-01T00:08:31.443+0200] {dag.py:3096} INFO - Sync 1 DAGs
[2025-06-01T00:08:31.452+0200] {logging_mixin.py:188} INFO - [2025-06-01T00:08:31.452+0200] {dag.py:3954} INFO - Setting next_dagrun for example_bash_decorator to None, run_after=None
[2025-06-01T00:08:31.472+0200] {processor.py:183} INFO - Processing /home/leoja/airflow/airflow_venv/lib/python3.12/site-packages/airflow/example_dags/example_bash_decorator.py took 0.061 seconds
[2025-06-01T00:09:41.046+0200] {processor.py:161} INFO - Started process (PID=136998) to work on /home/leoja/airflow/airflow_venv/lib/python3.12/site-packages/airflow/example_dags/example_bash_decorator.py
[2025-06-01T00:09:41.047+0200] {processor.py:830} INFO - Processing file /home/leoja/airflow/airflow_venv/lib/python3.12/site-packages/airflow/example_dags/example_bash_decorator.py for tasks to queue
[2025-06-01T00:09:41.048+0200] {logging_mixin.py:188} INFO - [2025-06-01T00:09:41.047+0200] {dagbag.py:540} INFO - Filling up the DagBag from /home/leoja/airflow/airflow_venv/lib/python3.12/site-packages/airflow/example_dags/example_bash_decorator.py
[2025-06-01T00:09:41.059+0200] {processor.py:840} INFO - DAG(s) 'example_bash_decorator' retrieved from /home/leoja/airflow/airflow_venv/lib/python3.12/site-packages/airflow/example_dags/example_bash_decorator.py
[2025-06-01T00:09:41.074+0200] {logging_mixin.py:188} INFO - [2025-06-01T00:09:41.073+0200] {dag.py:3096} INFO - Sync 1 DAGs
[2025-06-01T00:09:41.085+0200] {logging_mixin.py:188} INFO - [2025-06-01T00:09:41.085+0200] {dag.py:3954} INFO - Setting next_dagrun for example_bash_decorator to None, run_after=None
[2025-06-01T00:09:41.106+0200] {processor.py:183} INFO - Processing /home/leoja/airflow/airflow_venv/lib/python3.12/site-packages/airflow/example_dags/example_bash_decorator.py took 0.067 seconds
[2025-06-01T00:10:55.125+0200] {processor.py:161} INFO - Started process (PID=137249) to work on /home/leoja/airflow/airflow_venv/lib/python3.12/site-packages/airflow/example_dags/example_bash_decorator.py
[2025-06-01T00:10:55.126+0200] {processor.py:830} INFO - Processing file /home/leoja/airflow/airflow_venv/lib/python3.12/site-packages/airflow/example_dags/example_bash_decorator.py for tasks to queue
[2025-06-01T00:10:55.127+0200] {logging_mixin.py:188} INFO - [2025-06-01T00:10:55.127+0200] {dagbag.py:540} INFO - Filling up the DagBag from /home/leoja/airflow/airflow_venv/lib/python3.12/site-packages/airflow/example_dags/example_bash_decorator.py
[2025-06-01T00:10:55.138+0200] {processor.py:840} INFO - DAG(s) 'example_bash_decorator' retrieved from /home/leoja/airflow/airflow_venv/lib/python3.12/site-packages/airflow/example_dags/example_bash_decorator.py
[2025-06-01T00:10:55.155+0200] {logging_mixin.py:188} INFO - [2025-06-01T00:10:55.154+0200] {dag.py:3096} INFO - Sync 1 DAGs
[2025-06-01T00:10:55.163+0200] {logging_mixin.py:188} INFO - [2025-06-01T00:10:55.162+0200] {dag.py:3954} INFO - Setting next_dagrun for example_bash_decorator to None, run_after=None
[2025-06-01T00:10:55.185+0200] {processor.py:183} INFO - Processing /home/leoja/airflow/airflow_venv/lib/python3.12/site-packages/airflow/example_dags/example_bash_decorator.py took 0.068 seconds
[2025-06-01T00:12:07.946+0200] {processor.py:161} INFO - Started process (PID=137527) to work on /home/leoja/airflow/airflow_venv/lib/python3.12/site-packages/airflow/example_dags/example_bash_decorator.py
[2025-06-01T00:12:07.947+0200] {processor.py:830} INFO - Processing file /home/leoja/airflow/airflow_venv/lib/python3.12/site-packages/airflow/example_dags/example_bash_decorator.py for tasks to queue
[2025-06-01T00:12:07.948+0200] {logging_mixin.py:188} INFO - [2025-06-01T00:12:07.947+0200] {dagbag.py:540} INFO - Filling up the DagBag from /home/leoja/airflow/airflow_venv/lib/python3.12/site-packages/airflow/example_dags/example_bash_decorator.py
[2025-06-01T00:12:07.957+0200] {processor.py:840} INFO - DAG(s) 'example_bash_decorator' retrieved from /home/leoja/airflow/airflow_venv/lib/python3.12/site-packages/airflow/example_dags/example_bash_decorator.py
[2025-06-01T00:12:07.971+0200] {logging_mixin.py:188} INFO - [2025-06-01T00:12:07.970+0200] {dag.py:3096} INFO - Sync 1 DAGs
[2025-06-01T00:12:07.979+0200] {logging_mixin.py:188} INFO - [2025-06-01T00:12:07.979+0200] {dag.py:3954} INFO - Setting next_dagrun for example_bash_decorator to None, run_after=None
[2025-06-01T00:12:07.999+0200] {processor.py:183} INFO - Processing /home/leoja/airflow/airflow_venv/lib/python3.12/site-packages/airflow/example_dags/example_bash_decorator.py took 0.058 seconds
[2025-06-01T00:13:26.495+0200] {processor.py:161} INFO - Started process (PID=137814) to work on /home/leoja/airflow/airflow_venv/lib/python3.12/site-packages/airflow/example_dags/example_bash_decorator.py
[2025-06-01T00:13:26.496+0200] {processor.py:830} INFO - Processing file /home/leoja/airflow/airflow_venv/lib/python3.12/site-packages/airflow/example_dags/example_bash_decorator.py for tasks to queue
[2025-06-01T00:13:26.497+0200] {logging_mixin.py:188} INFO - [2025-06-01T00:13:26.497+0200] {dagbag.py:540} INFO - Filling up the DagBag from /home/leoja/airflow/airflow_venv/lib/python3.12/site-packages/airflow/example_dags/example_bash_decorator.py
[2025-06-01T00:13:26.507+0200] {processor.py:840} INFO - DAG(s) 'example_bash_decorator' retrieved from /home/leoja/airflow/airflow_venv/lib/python3.12/site-packages/airflow/example_dags/example_bash_decorator.py
[2025-06-01T00:13:26.541+0200] {logging_mixin.py:188} INFO - [2025-06-01T00:13:26.541+0200] {dag.py:3096} INFO - Sync 1 DAGs
[2025-06-01T00:13:26.556+0200] {logging_mixin.py:188} INFO - [2025-06-01T00:13:26.556+0200] {dag.py:3954} INFO - Setting next_dagrun for example_bash_decorator to None, run_after=None
[2025-06-01T00:13:26.605+0200] {processor.py:183} INFO - Processing /home/leoja/airflow/airflow_venv/lib/python3.12/site-packages/airflow/example_dags/example_bash_decorator.py took 0.116 seconds
[2025-06-01T00:14:43.663+0200] {processor.py:161} INFO - Started process (PID=138072) to work on /home/leoja/airflow/airflow_venv/lib/python3.12/site-packages/airflow/example_dags/example_bash_decorator.py
[2025-06-01T00:14:43.664+0200] {processor.py:830} INFO - Processing file /home/leoja/airflow/airflow_venv/lib/python3.12/site-packages/airflow/example_dags/example_bash_decorator.py for tasks to queue
[2025-06-01T00:14:43.665+0200] {logging_mixin.py:188} INFO - [2025-06-01T00:14:43.665+0200] {dagbag.py:540} INFO - Filling up the DagBag from /home/leoja/airflow/airflow_venv/lib/python3.12/site-packages/airflow/example_dags/example_bash_decorator.py
[2025-06-01T00:14:43.676+0200] {processor.py:840} INFO - DAG(s) 'example_bash_decorator' retrieved from /home/leoja/airflow/airflow_venv/lib/python3.12/site-packages/airflow/example_dags/example_bash_decorator.py
[2025-06-01T00:14:43.693+0200] {logging_mixin.py:188} INFO - [2025-06-01T00:14:43.692+0200] {dag.py:3096} INFO - Sync 1 DAGs
[2025-06-01T00:14:43.703+0200] {logging_mixin.py:188} INFO - [2025-06-01T00:14:43.703+0200] {dag.py:3954} INFO - Setting next_dagrun for example_bash_decorator to None, run_after=None
[2025-06-01T00:14:43.724+0200] {processor.py:183} INFO - Processing /home/leoja/airflow/airflow_venv/lib/python3.12/site-packages/airflow/example_dags/example_bash_decorator.py took 0.066 seconds
[2025-06-01T00:15:56.903+0200] {processor.py:161} INFO - Started process (PID=138351) to work on /home/leoja/airflow/airflow_venv/lib/python3.12/site-packages/airflow/example_dags/example_bash_decorator.py
[2025-06-01T00:15:56.905+0200] {processor.py:830} INFO - Processing file /home/leoja/airflow/airflow_venv/lib/python3.12/site-packages/airflow/example_dags/example_bash_decorator.py for tasks to queue
[2025-06-01T00:15:56.907+0200] {logging_mixin.py:188} INFO - [2025-06-01T00:15:56.905+0200] {dagbag.py:540} INFO - Filling up the DagBag from /home/leoja/airflow/airflow_venv/lib/python3.12/site-packages/airflow/example_dags/example_bash_decorator.py
[2025-06-01T00:15:56.917+0200] {processor.py:840} INFO - DAG(s) 'example_bash_decorator' retrieved from /home/leoja/airflow/airflow_venv/lib/python3.12/site-packages/airflow/example_dags/example_bash_decorator.py
[2025-06-01T00:15:56.931+0200] {logging_mixin.py:188} INFO - [2025-06-01T00:15:56.931+0200] {dag.py:3096} INFO - Sync 1 DAGs
[2025-06-01T00:15:56.942+0200] {logging_mixin.py:188} INFO - [2025-06-01T00:15:56.942+0200] {dag.py:3954} INFO - Setting next_dagrun for example_bash_decorator to None, run_after=None
[2025-06-01T00:15:56.962+0200] {processor.py:183} INFO - Processing /home/leoja/airflow/airflow_venv/lib/python3.12/site-packages/airflow/example_dags/example_bash_decorator.py took 0.064 seconds
[2025-06-01T00:17:08.461+0200] {processor.py:161} INFO - Started process (PID=138608) to work on /home/leoja/airflow/airflow_venv/lib/python3.12/site-packages/airflow/example_dags/example_bash_decorator.py
[2025-06-01T00:17:08.462+0200] {processor.py:830} INFO - Processing file /home/leoja/airflow/airflow_venv/lib/python3.12/site-packages/airflow/example_dags/example_bash_decorator.py for tasks to queue
[2025-06-01T00:17:08.463+0200] {logging_mixin.py:188} INFO - [2025-06-01T00:17:08.463+0200] {dagbag.py:540} INFO - Filling up the DagBag from /home/leoja/airflow/airflow_venv/lib/python3.12/site-packages/airflow/example_dags/example_bash_decorator.py
[2025-06-01T00:17:08.473+0200] {processor.py:840} INFO - DAG(s) 'example_bash_decorator' retrieved from /home/leoja/airflow/airflow_venv/lib/python3.12/site-packages/airflow/example_dags/example_bash_decorator.py
[2025-06-01T00:17:08.490+0200] {logging_mixin.py:188} INFO - [2025-06-01T00:17:08.490+0200] {dag.py:3096} INFO - Sync 1 DAGs
[2025-06-01T00:17:08.498+0200] {logging_mixin.py:188} INFO - [2025-06-01T00:17:08.498+0200] {dag.py:3954} INFO - Setting next_dagrun for example_bash_decorator to None, run_after=None
[2025-06-01T00:17:08.519+0200] {processor.py:183} INFO - Processing /home/leoja/airflow/airflow_venv/lib/python3.12/site-packages/airflow/example_dags/example_bash_decorator.py took 0.064 seconds
[2025-06-01T00:18:22.311+0200] {processor.py:161} INFO - Started process (PID=138860) to work on /home/leoja/airflow/airflow_venv/lib/python3.12/site-packages/airflow/example_dags/example_bash_decorator.py
[2025-06-01T00:18:22.313+0200] {processor.py:830} INFO - Processing file /home/leoja/airflow/airflow_venv/lib/python3.12/site-packages/airflow/example_dags/example_bash_decorator.py for tasks to queue
[2025-06-01T00:18:22.313+0200] {logging_mixin.py:188} INFO - [2025-06-01T00:18:22.313+0200] {dagbag.py:540} INFO - Filling up the DagBag from /home/leoja/airflow/airflow_venv/lib/python3.12/site-packages/airflow/example_dags/example_bash_decorator.py
[2025-06-01T00:18:22.322+0200] {processor.py:840} INFO - DAG(s) 'example_bash_decorator' retrieved from /home/leoja/airflow/airflow_venv/lib/python3.12/site-packages/airflow/example_dags/example_bash_decorator.py
[2025-06-01T00:18:22.336+0200] {logging_mixin.py:188} INFO - [2025-06-01T00:18:22.336+0200] {dag.py:3096} INFO - Sync 1 DAGs
[2025-06-01T00:18:22.347+0200] {logging_mixin.py:188} INFO - [2025-06-01T00:18:22.347+0200] {dag.py:3954} INFO - Setting next_dagrun for example_bash_decorator to None, run_after=None
[2025-06-01T00:18:22.367+0200] {processor.py:183} INFO - Processing /home/leoja/airflow/airflow_venv/lib/python3.12/site-packages/airflow/example_dags/example_bash_decorator.py took 0.061 seconds
[2025-06-01T00:19:32.240+0200] {processor.py:161} INFO - Started process (PID=139115) to work on /home/leoja/airflow/airflow_venv/lib/python3.12/site-packages/airflow/example_dags/example_bash_decorator.py
[2025-06-01T00:19:32.245+0200] {processor.py:830} INFO - Processing file /home/leoja/airflow/airflow_venv/lib/python3.12/site-packages/airflow/example_dags/example_bash_decorator.py for tasks to queue
[2025-06-01T00:19:32.246+0200] {logging_mixin.py:188} INFO - [2025-06-01T00:19:32.246+0200] {dagbag.py:540} INFO - Filling up the DagBag from /home/leoja/airflow/airflow_venv/lib/python3.12/site-packages/airflow/example_dags/example_bash_decorator.py
[2025-06-01T00:19:32.256+0200] {processor.py:840} INFO - DAG(s) 'example_bash_decorator' retrieved from /home/leoja/airflow/airflow_venv/lib/python3.12/site-packages/airflow/example_dags/example_bash_decorator.py
[2025-06-01T00:19:32.273+0200] {logging_mixin.py:188} INFO - [2025-06-01T00:19:32.272+0200] {dag.py:3096} INFO - Sync 1 DAGs
[2025-06-01T00:19:32.280+0200] {logging_mixin.py:188} INFO - [2025-06-01T00:19:32.280+0200] {dag.py:3954} INFO - Setting next_dagrun for example_bash_decorator to None, run_after=None
[2025-06-01T00:19:32.303+0200] {processor.py:183} INFO - Processing /home/leoja/airflow/airflow_venv/lib/python3.12/site-packages/airflow/example_dags/example_bash_decorator.py took 0.069 seconds
[2025-06-01T00:20:46.700+0200] {processor.py:161} INFO - Started process (PID=139363) to work on /home/leoja/airflow/airflow_venv/lib/python3.12/site-packages/airflow/example_dags/example_bash_decorator.py
[2025-06-01T00:20:46.701+0200] {processor.py:830} INFO - Processing file /home/leoja/airflow/airflow_venv/lib/python3.12/site-packages/airflow/example_dags/example_bash_decorator.py for tasks to queue
[2025-06-01T00:20:46.702+0200] {logging_mixin.py:188} INFO - [2025-06-01T00:20:46.702+0200] {dagbag.py:540} INFO - Filling up the DagBag from /home/leoja/airflow/airflow_venv/lib/python3.12/site-packages/airflow/example_dags/example_bash_decorator.py
[2025-06-01T00:20:46.712+0200] {processor.py:840} INFO - DAG(s) 'example_bash_decorator' retrieved from /home/leoja/airflow/airflow_venv/lib/python3.12/site-packages/airflow/example_dags/example_bash_decorator.py
[2025-06-01T00:20:46.727+0200] {logging_mixin.py:188} INFO - [2025-06-01T00:20:46.727+0200] {dag.py:3096} INFO - Sync 1 DAGs
[2025-06-01T00:20:46.735+0200] {logging_mixin.py:188} INFO - [2025-06-01T00:20:46.734+0200] {dag.py:3954} INFO - Setting next_dagrun for example_bash_decorator to None, run_after=None
[2025-06-01T00:20:46.757+0200] {processor.py:183} INFO - Processing /home/leoja/airflow/airflow_venv/lib/python3.12/site-packages/airflow/example_dags/example_bash_decorator.py took 0.063 seconds
[2025-06-01T00:22:00.679+0200] {processor.py:161} INFO - Started process (PID=139645) to work on /home/leoja/airflow/airflow_venv/lib/python3.12/site-packages/airflow/example_dags/example_bash_decorator.py
[2025-06-01T00:22:00.680+0200] {processor.py:830} INFO - Processing file /home/leoja/airflow/airflow_venv/lib/python3.12/site-packages/airflow/example_dags/example_bash_decorator.py for tasks to queue
[2025-06-01T00:22:00.682+0200] {logging_mixin.py:188} INFO - [2025-06-01T00:22:00.681+0200] {dagbag.py:540} INFO - Filling up the DagBag from /home/leoja/airflow/airflow_venv/lib/python3.12/site-packages/airflow/example_dags/example_bash_decorator.py
[2025-06-01T00:22:00.701+0200] {processor.py:840} INFO - DAG(s) 'example_bash_decorator' retrieved from /home/leoja/airflow/airflow_venv/lib/python3.12/site-packages/airflow/example_dags/example_bash_decorator.py
[2025-06-01T00:22:00.723+0200] {logging_mixin.py:188} INFO - [2025-06-01T00:22:00.722+0200] {dag.py:3096} INFO - Sync 1 DAGs
[2025-06-01T00:22:00.743+0200] {logging_mixin.py:188} INFO - [2025-06-01T00:22:00.742+0200] {dag.py:3954} INFO - Setting next_dagrun for example_bash_decorator to None, run_after=None
[2025-06-01T00:22:00.862+0200] {processor.py:183} INFO - Processing /home/leoja/airflow/airflow_venv/lib/python3.12/site-packages/airflow/example_dags/example_bash_decorator.py took 0.199 seconds
[2025-06-01T00:23:21.938+0200] {processor.py:161} INFO - Started process (PID=139930) to work on /home/leoja/airflow/airflow_venv/lib/python3.12/site-packages/airflow/example_dags/example_bash_decorator.py
[2025-06-01T00:23:21.940+0200] {processor.py:830} INFO - Processing file /home/leoja/airflow/airflow_venv/lib/python3.12/site-packages/airflow/example_dags/example_bash_decorator.py for tasks to queue
[2025-06-01T00:23:21.941+0200] {logging_mixin.py:188} INFO - [2025-06-01T00:23:21.941+0200] {dagbag.py:540} INFO - Filling up the DagBag from /home/leoja/airflow/airflow_venv/lib/python3.12/site-packages/airflow/example_dags/example_bash_decorator.py
[2025-06-01T00:23:21.951+0200] {processor.py:840} INFO - DAG(s) 'example_bash_decorator' retrieved from /home/leoja/airflow/airflow_venv/lib/python3.12/site-packages/airflow/example_dags/example_bash_decorator.py
[2025-06-01T00:23:21.966+0200] {logging_mixin.py:188} INFO - [2025-06-01T00:23:21.965+0200] {dag.py:3096} INFO - Sync 1 DAGs
[2025-06-01T00:23:21.974+0200] {logging_mixin.py:188} INFO - [2025-06-01T00:23:21.974+0200] {dag.py:3954} INFO - Setting next_dagrun for example_bash_decorator to None, run_after=None
[2025-06-01T00:23:22.103+0200] {processor.py:183} INFO - Processing /home/leoja/airflow/airflow_venv/lib/python3.12/site-packages/airflow/example_dags/example_bash_decorator.py took 0.170 seconds
[2025-06-01T00:24:46.483+0200] {processor.py:161} INFO - Started process (PID=140209) to work on /home/leoja/airflow/airflow_venv/lib/python3.12/site-packages/airflow/example_dags/example_bash_decorator.py
[2025-06-01T00:24:46.485+0200] {processor.py:830} INFO - Processing file /home/leoja/airflow/airflow_venv/lib/python3.12/site-packages/airflow/example_dags/example_bash_decorator.py for tasks to queue
[2025-06-01T00:24:46.486+0200] {logging_mixin.py:188} INFO - [2025-06-01T00:24:46.486+0200] {dagbag.py:540} INFO - Filling up the DagBag from /home/leoja/airflow/airflow_venv/lib/python3.12/site-packages/airflow/example_dags/example_bash_decorator.py
[2025-06-01T00:24:46.499+0200] {processor.py:840} INFO - DAG(s) 'example_bash_decorator' retrieved from /home/leoja/airflow/airflow_venv/lib/python3.12/site-packages/airflow/example_dags/example_bash_decorator.py
[2025-06-01T00:24:46.515+0200] {logging_mixin.py:188} INFO - [2025-06-01T00:24:46.514+0200] {dag.py:3096} INFO - Sync 1 DAGs
[2025-06-01T00:24:46.524+0200] {logging_mixin.py:188} INFO - [2025-06-01T00:24:46.524+0200] {dag.py:3954} INFO - Setting next_dagrun for example_bash_decorator to None, run_after=None
[2025-06-01T00:24:46.542+0200] {processor.py:183} INFO - Processing /home/leoja/airflow/airflow_venv/lib/python3.12/site-packages/airflow/example_dags/example_bash_decorator.py took 0.065 seconds
[2025-06-01T00:26:04.982+0200] {processor.py:161} INFO - Started process (PID=140493) to work on /home/leoja/airflow/airflow_venv/lib/python3.12/site-packages/airflow/example_dags/example_bash_decorator.py
[2025-06-01T00:26:04.983+0200] {processor.py:830} INFO - Processing file /home/leoja/airflow/airflow_venv/lib/python3.12/site-packages/airflow/example_dags/example_bash_decorator.py for tasks to queue
[2025-06-01T00:26:04.984+0200] {logging_mixin.py:188} INFO - [2025-06-01T00:26:04.984+0200] {dagbag.py:540} INFO - Filling up the DagBag from /home/leoja/airflow/airflow_venv/lib/python3.12/site-packages/airflow/example_dags/example_bash_decorator.py
[2025-06-01T00:26:04.994+0200] {processor.py:840} INFO - DAG(s) 'example_bash_decorator' retrieved from /home/leoja/airflow/airflow_venv/lib/python3.12/site-packages/airflow/example_dags/example_bash_decorator.py
[2025-06-01T00:26:05.012+0200] {logging_mixin.py:188} INFO - [2025-06-01T00:26:05.012+0200] {dag.py:3096} INFO - Sync 1 DAGs
[2025-06-01T00:26:05.022+0200] {logging_mixin.py:188} INFO - [2025-06-01T00:26:05.021+0200] {dag.py:3954} INFO - Setting next_dagrun for example_bash_decorator to None, run_after=None
[2025-06-01T00:26:05.043+0200] {processor.py:183} INFO - Processing /home/leoja/airflow/airflow_venv/lib/python3.12/site-packages/airflow/example_dags/example_bash_decorator.py took 0.069 seconds
[2025-06-01T00:27:13.030+0200] {processor.py:161} INFO - Started process (PID=140745) to work on /home/leoja/airflow/airflow_venv/lib/python3.12/site-packages/airflow/example_dags/example_bash_decorator.py
[2025-06-01T00:27:13.031+0200] {processor.py:830} INFO - Processing file /home/leoja/airflow/airflow_venv/lib/python3.12/site-packages/airflow/example_dags/example_bash_decorator.py for tasks to queue
[2025-06-01T00:27:13.031+0200] {logging_mixin.py:188} INFO - [2025-06-01T00:27:13.031+0200] {dagbag.py:540} INFO - Filling up the DagBag from /home/leoja/airflow/airflow_venv/lib/python3.12/site-packages/airflow/example_dags/example_bash_decorator.py
[2025-06-01T00:27:13.041+0200] {processor.py:840} INFO - DAG(s) 'example_bash_decorator' retrieved from /home/leoja/airflow/airflow_venv/lib/python3.12/site-packages/airflow/example_dags/example_bash_decorator.py
[2025-06-01T00:27:13.058+0200] {logging_mixin.py:188} INFO - [2025-06-01T00:27:13.058+0200] {dag.py:3096} INFO - Sync 1 DAGs
[2025-06-01T00:27:13.068+0200] {logging_mixin.py:188} INFO - [2025-06-01T00:27:13.068+0200] {dag.py:3954} INFO - Setting next_dagrun for example_bash_decorator to None, run_after=None
[2025-06-01T00:27:13.089+0200] {processor.py:183} INFO - Processing /home/leoja/airflow/airflow_venv/lib/python3.12/site-packages/airflow/example_dags/example_bash_decorator.py took 0.066 seconds
[2025-06-01T00:28:26.370+0200] {processor.py:161} INFO - Started process (PID=140997) to work on /home/leoja/airflow/airflow_venv/lib/python3.12/site-packages/airflow/example_dags/example_bash_decorator.py
[2025-06-01T00:28:26.372+0200] {processor.py:830} INFO - Processing file /home/leoja/airflow/airflow_venv/lib/python3.12/site-packages/airflow/example_dags/example_bash_decorator.py for tasks to queue
[2025-06-01T00:28:26.374+0200] {logging_mixin.py:188} INFO - [2025-06-01T00:28:26.373+0200] {dagbag.py:540} INFO - Filling up the DagBag from /home/leoja/airflow/airflow_venv/lib/python3.12/site-packages/airflow/example_dags/example_bash_decorator.py
[2025-06-01T00:28:26.384+0200] {processor.py:840} INFO - DAG(s) 'example_bash_decorator' retrieved from /home/leoja/airflow/airflow_venv/lib/python3.12/site-packages/airflow/example_dags/example_bash_decorator.py
[2025-06-01T00:28:26.397+0200] {logging_mixin.py:188} INFO - [2025-06-01T00:28:26.397+0200] {dag.py:3096} INFO - Sync 1 DAGs
[2025-06-01T00:28:26.405+0200] {logging_mixin.py:188} INFO - [2025-06-01T00:28:26.405+0200] {dag.py:3954} INFO - Setting next_dagrun for example_bash_decorator to None, run_after=None
[2025-06-01T00:28:26.431+0200] {processor.py:183} INFO - Processing /home/leoja/airflow/airflow_venv/lib/python3.12/site-packages/airflow/example_dags/example_bash_decorator.py took 0.065 seconds
[2025-06-01T00:29:43.196+0200] {processor.py:161} INFO - Started process (PID=141278) to work on /home/leoja/airflow/airflow_venv/lib/python3.12/site-packages/airflow/example_dags/example_bash_decorator.py
[2025-06-01T00:29:43.197+0200] {processor.py:830} INFO - Processing file /home/leoja/airflow/airflow_venv/lib/python3.12/site-packages/airflow/example_dags/example_bash_decorator.py for tasks to queue
[2025-06-01T00:29:43.197+0200] {logging_mixin.py:188} INFO - [2025-06-01T00:29:43.197+0200] {dagbag.py:540} INFO - Filling up the DagBag from /home/leoja/airflow/airflow_venv/lib/python3.12/site-packages/airflow/example_dags/example_bash_decorator.py
[2025-06-01T00:29:43.208+0200] {processor.py:840} INFO - DAG(s) 'example_bash_decorator' retrieved from /home/leoja/airflow/airflow_venv/lib/python3.12/site-packages/airflow/example_dags/example_bash_decorator.py
[2025-06-01T00:29:43.222+0200] {logging_mixin.py:188} INFO - [2025-06-01T00:29:43.222+0200] {dag.py:3096} INFO - Sync 1 DAGs
[2025-06-01T00:29:43.229+0200] {logging_mixin.py:188} INFO - [2025-06-01T00:29:43.229+0200] {dag.py:3954} INFO - Setting next_dagrun for example_bash_decorator to None, run_after=None
[2025-06-01T00:29:43.249+0200] {processor.py:183} INFO - Processing /home/leoja/airflow/airflow_venv/lib/python3.12/site-packages/airflow/example_dags/example_bash_decorator.py took 0.059 seconds
[2025-06-01T00:30:55.852+0200] {processor.py:161} INFO - Started process (PID=141526) to work on /home/leoja/airflow/airflow_venv/lib/python3.12/site-packages/airflow/example_dags/example_bash_decorator.py
[2025-06-01T00:30:55.854+0200] {processor.py:830} INFO - Processing file /home/leoja/airflow/airflow_venv/lib/python3.12/site-packages/airflow/example_dags/example_bash_decorator.py for tasks to queue
[2025-06-01T00:30:55.855+0200] {logging_mixin.py:188} INFO - [2025-06-01T00:30:55.854+0200] {dagbag.py:540} INFO - Filling up the DagBag from /home/leoja/airflow/airflow_venv/lib/python3.12/site-packages/airflow/example_dags/example_bash_decorator.py
[2025-06-01T00:30:55.866+0200] {processor.py:840} INFO - DAG(s) 'example_bash_decorator' retrieved from /home/leoja/airflow/airflow_venv/lib/python3.12/site-packages/airflow/example_dags/example_bash_decorator.py
[2025-06-01T00:30:55.883+0200] {logging_mixin.py:188} INFO - [2025-06-01T00:30:55.883+0200] {dag.py:3096} INFO - Sync 1 DAGs
[2025-06-01T00:30:55.892+0200] {logging_mixin.py:188} INFO - [2025-06-01T00:30:55.892+0200] {dag.py:3954} INFO - Setting next_dagrun for example_bash_decorator to None, run_after=None
[2025-06-01T00:30:55.915+0200] {processor.py:183} INFO - Processing /home/leoja/airflow/airflow_venv/lib/python3.12/site-packages/airflow/example_dags/example_bash_decorator.py took 0.069 seconds
[2025-06-01T00:32:10.838+0200] {processor.py:161} INFO - Started process (PID=141792) to work on /home/leoja/airflow/airflow_venv/lib/python3.12/site-packages/airflow/example_dags/example_bash_decorator.py
[2025-06-01T00:32:10.840+0200] {processor.py:830} INFO - Processing file /home/leoja/airflow/airflow_venv/lib/python3.12/site-packages/airflow/example_dags/example_bash_decorator.py for tasks to queue
[2025-06-01T00:32:10.840+0200] {logging_mixin.py:188} INFO - [2025-06-01T00:32:10.840+0200] {dagbag.py:540} INFO - Filling up the DagBag from /home/leoja/airflow/airflow_venv/lib/python3.12/site-packages/airflow/example_dags/example_bash_decorator.py
[2025-06-01T00:32:10.861+0200] {processor.py:840} INFO - DAG(s) 'example_bash_decorator' retrieved from /home/leoja/airflow/airflow_venv/lib/python3.12/site-packages/airflow/example_dags/example_bash_decorator.py
[2025-06-01T00:32:10.875+0200] {logging_mixin.py:188} INFO - [2025-06-01T00:32:10.875+0200] {dag.py:3096} INFO - Sync 1 DAGs
[2025-06-01T00:32:10.885+0200] {logging_mixin.py:188} INFO - [2025-06-01T00:32:10.885+0200] {dag.py:3954} INFO - Setting next_dagrun for example_bash_decorator to None, run_after=None
[2025-06-01T00:32:10.905+0200] {processor.py:183} INFO - Processing /home/leoja/airflow/airflow_venv/lib/python3.12/site-packages/airflow/example_dags/example_bash_decorator.py took 0.072 seconds
[2025-06-01T00:33:20.662+0200] {processor.py:161} INFO - Started process (PID=142040) to work on /home/leoja/airflow/airflow_venv/lib/python3.12/site-packages/airflow/example_dags/example_bash_decorator.py
[2025-06-01T00:33:20.679+0200] {processor.py:830} INFO - Processing file /home/leoja/airflow/airflow_venv/lib/python3.12/site-packages/airflow/example_dags/example_bash_decorator.py for tasks to queue
[2025-06-01T00:33:20.680+0200] {logging_mixin.py:188} INFO - [2025-06-01T00:33:20.679+0200] {dagbag.py:540} INFO - Filling up the DagBag from /home/leoja/airflow/airflow_venv/lib/python3.12/site-packages/airflow/example_dags/example_bash_decorator.py
[2025-06-01T00:33:20.696+0200] {processor.py:840} INFO - DAG(s) 'example_bash_decorator' retrieved from /home/leoja/airflow/airflow_venv/lib/python3.12/site-packages/airflow/example_dags/example_bash_decorator.py
[2025-06-01T00:33:20.715+0200] {logging_mixin.py:188} INFO - [2025-06-01T00:33:20.715+0200] {dag.py:3096} INFO - Sync 1 DAGs
[2025-06-01T00:33:20.737+0200] {logging_mixin.py:188} INFO - [2025-06-01T00:33:20.737+0200] {dag.py:3954} INFO - Setting next_dagrun for example_bash_decorator to None, run_after=None
[2025-06-01T00:33:20.774+0200] {processor.py:183} INFO - Processing /home/leoja/airflow/airflow_venv/lib/python3.12/site-packages/airflow/example_dags/example_bash_decorator.py took 0.129 seconds
[2025-06-01T00:34:36.231+0200] {processor.py:161} INFO - Started process (PID=142322) to work on /home/leoja/airflow/airflow_venv/lib/python3.12/site-packages/airflow/example_dags/example_bash_decorator.py
[2025-06-01T00:34:36.235+0200] {processor.py:830} INFO - Processing file /home/leoja/airflow/airflow_venv/lib/python3.12/site-packages/airflow/example_dags/example_bash_decorator.py for tasks to queue
[2025-06-01T00:34:36.238+0200] {logging_mixin.py:188} INFO - [2025-06-01T00:34:36.236+0200] {dagbag.py:540} INFO - Filling up the DagBag from /home/leoja/airflow/airflow_venv/lib/python3.12/site-packages/airflow/example_dags/example_bash_decorator.py
[2025-06-01T00:34:36.250+0200] {processor.py:840} INFO - DAG(s) 'example_bash_decorator' retrieved from /home/leoja/airflow/airflow_venv/lib/python3.12/site-packages/airflow/example_dags/example_bash_decorator.py
[2025-06-01T00:34:36.267+0200] {logging_mixin.py:188} INFO - [2025-06-01T00:34:36.267+0200] {dag.py:3096} INFO - Sync 1 DAGs
[2025-06-01T00:34:36.280+0200] {logging_mixin.py:188} INFO - [2025-06-01T00:34:36.280+0200] {dag.py:3954} INFO - Setting next_dagrun for example_bash_decorator to None, run_after=None
[2025-06-01T00:34:36.306+0200] {processor.py:183} INFO - Processing /home/leoja/airflow/airflow_venv/lib/python3.12/site-packages/airflow/example_dags/example_bash_decorator.py took 0.085 seconds
[2025-06-01T00:35:47.269+0200] {processor.py:161} INFO - Started process (PID=142573) to work on /home/leoja/airflow/airflow_venv/lib/python3.12/site-packages/airflow/example_dags/example_bash_decorator.py
[2025-06-01T00:35:47.271+0200] {processor.py:830} INFO - Processing file /home/leoja/airflow/airflow_venv/lib/python3.12/site-packages/airflow/example_dags/example_bash_decorator.py for tasks to queue
[2025-06-01T00:35:47.272+0200] {logging_mixin.py:188} INFO - [2025-06-01T00:35:47.271+0200] {dagbag.py:540} INFO - Filling up the DagBag from /home/leoja/airflow/airflow_venv/lib/python3.12/site-packages/airflow/example_dags/example_bash_decorator.py
[2025-06-01T00:35:47.282+0200] {processor.py:840} INFO - DAG(s) 'example_bash_decorator' retrieved from /home/leoja/airflow/airflow_venv/lib/python3.12/site-packages/airflow/example_dags/example_bash_decorator.py
[2025-06-01T00:35:47.296+0200] {logging_mixin.py:188} INFO - [2025-06-01T00:35:47.296+0200] {dag.py:3096} INFO - Sync 1 DAGs
[2025-06-01T00:35:47.305+0200] {logging_mixin.py:188} INFO - [2025-06-01T00:35:47.305+0200] {dag.py:3954} INFO - Setting next_dagrun for example_bash_decorator to None, run_after=None
[2025-06-01T00:35:47.326+0200] {processor.py:183} INFO - Processing /home/leoja/airflow/airflow_venv/lib/python3.12/site-packages/airflow/example_dags/example_bash_decorator.py took 0.066 seconds
[2025-06-01T00:36:58.707+0200] {processor.py:161} INFO - Started process (PID=142831) to work on /home/leoja/airflow/airflow_venv/lib/python3.12/site-packages/airflow/example_dags/example_bash_decorator.py
[2025-06-01T00:36:58.709+0200] {processor.py:830} INFO - Processing file /home/leoja/airflow/airflow_venv/lib/python3.12/site-packages/airflow/example_dags/example_bash_decorator.py for tasks to queue
[2025-06-01T00:36:58.710+0200] {logging_mixin.py:188} INFO - [2025-06-01T00:36:58.709+0200] {dagbag.py:540} INFO - Filling up the DagBag from /home/leoja/airflow/airflow_venv/lib/python3.12/site-packages/airflow/example_dags/example_bash_decorator.py
[2025-06-01T00:36:58.724+0200] {processor.py:840} INFO - DAG(s) 'example_bash_decorator' retrieved from /home/leoja/airflow/airflow_venv/lib/python3.12/site-packages/airflow/example_dags/example_bash_decorator.py
[2025-06-01T00:36:58.740+0200] {logging_mixin.py:188} INFO - [2025-06-01T00:36:58.740+0200] {dag.py:3096} INFO - Sync 1 DAGs
[2025-06-01T00:36:58.749+0200] {logging_mixin.py:188} INFO - [2025-06-01T00:36:58.749+0200] {dag.py:3954} INFO - Setting next_dagrun for example_bash_decorator to None, run_after=None
[2025-06-01T00:36:58.770+0200] {processor.py:183} INFO - Processing /home/leoja/airflow/airflow_venv/lib/python3.12/site-packages/airflow/example_dags/example_bash_decorator.py took 0.073 seconds
[2025-06-01T00:38:09.265+0200] {processor.py:161} INFO - Started process (PID=143083) to work on /home/leoja/airflow/airflow_venv/lib/python3.12/site-packages/airflow/example_dags/example_bash_decorator.py
[2025-06-01T00:38:09.267+0200] {processor.py:830} INFO - Processing file /home/leoja/airflow/airflow_venv/lib/python3.12/site-packages/airflow/example_dags/example_bash_decorator.py for tasks to queue
[2025-06-01T00:38:09.267+0200] {logging_mixin.py:188} INFO - [2025-06-01T00:38:09.267+0200] {dagbag.py:540} INFO - Filling up the DagBag from /home/leoja/airflow/airflow_venv/lib/python3.12/site-packages/airflow/example_dags/example_bash_decorator.py
[2025-06-01T00:38:09.277+0200] {processor.py:840} INFO - DAG(s) 'example_bash_decorator' retrieved from /home/leoja/airflow/airflow_venv/lib/python3.12/site-packages/airflow/example_dags/example_bash_decorator.py
[2025-06-01T00:38:09.289+0200] {logging_mixin.py:188} INFO - [2025-06-01T00:38:09.289+0200] {dag.py:3096} INFO - Sync 1 DAGs
[2025-06-01T00:38:09.301+0200] {logging_mixin.py:188} INFO - [2025-06-01T00:38:09.301+0200] {dag.py:3954} INFO - Setting next_dagrun for example_bash_decorator to None, run_after=None
[2025-06-01T00:38:09.322+0200] {processor.py:183} INFO - Processing /home/leoja/airflow/airflow_venv/lib/python3.12/site-packages/airflow/example_dags/example_bash_decorator.py took 0.062 seconds
[2025-06-01T00:39:16.032+0200] {processor.py:161} INFO - Started process (PID=143333) to work on /home/leoja/airflow/airflow_venv/lib/python3.12/site-packages/airflow/example_dags/example_bash_decorator.py
[2025-06-01T00:39:16.033+0200] {processor.py:830} INFO - Processing file /home/leoja/airflow/airflow_venv/lib/python3.12/site-packages/airflow/example_dags/example_bash_decorator.py for tasks to queue
[2025-06-01T00:39:16.035+0200] {logging_mixin.py:188} INFO - [2025-06-01T00:39:16.034+0200] {dagbag.py:540} INFO - Filling up the DagBag from /home/leoja/airflow/airflow_venv/lib/python3.12/site-packages/airflow/example_dags/example_bash_decorator.py
[2025-06-01T00:39:16.049+0200] {processor.py:840} INFO - DAG(s) 'example_bash_decorator' retrieved from /home/leoja/airflow/airflow_venv/lib/python3.12/site-packages/airflow/example_dags/example_bash_decorator.py
[2025-06-01T00:39:16.066+0200] {logging_mixin.py:188} INFO - [2025-06-01T00:39:16.066+0200] {dag.py:3096} INFO - Sync 1 DAGs
[2025-06-01T00:39:16.077+0200] {logging_mixin.py:188} INFO - [2025-06-01T00:39:16.077+0200] {dag.py:3954} INFO - Setting next_dagrun for example_bash_decorator to None, run_after=None
[2025-06-01T00:39:16.102+0200] {processor.py:183} INFO - Processing /home/leoja/airflow/airflow_venv/lib/python3.12/site-packages/airflow/example_dags/example_bash_decorator.py took 0.078 seconds
[2025-06-01T00:40:28.238+0200] {processor.py:161} INFO - Started process (PID=143581) to work on /home/leoja/airflow/airflow_venv/lib/python3.12/site-packages/airflow/example_dags/example_bash_decorator.py
[2025-06-01T00:40:28.240+0200] {processor.py:830} INFO - Processing file /home/leoja/airflow/airflow_venv/lib/python3.12/site-packages/airflow/example_dags/example_bash_decorator.py for tasks to queue
[2025-06-01T00:40:28.241+0200] {logging_mixin.py:188} INFO - [2025-06-01T00:40:28.240+0200] {dagbag.py:540} INFO - Filling up the DagBag from /home/leoja/airflow/airflow_venv/lib/python3.12/site-packages/airflow/example_dags/example_bash_decorator.py
[2025-06-01T00:40:28.261+0200] {processor.py:840} INFO - DAG(s) 'example_bash_decorator' retrieved from /home/leoja/airflow/airflow_venv/lib/python3.12/site-packages/airflow/example_dags/example_bash_decorator.py
[2025-06-01T00:40:28.275+0200] {logging_mixin.py:188} INFO - [2025-06-01T00:40:28.275+0200] {dag.py:3096} INFO - Sync 1 DAGs
[2025-06-01T00:40:28.286+0200] {logging_mixin.py:188} INFO - [2025-06-01T00:40:28.285+0200] {dag.py:3954} INFO - Setting next_dagrun for example_bash_decorator to None, run_after=None
[2025-06-01T00:40:28.307+0200] {processor.py:183} INFO - Processing /home/leoja/airflow/airflow_venv/lib/python3.12/site-packages/airflow/example_dags/example_bash_decorator.py took 0.074 seconds
[2025-06-01T00:41:48.488+0200] {processor.py:161} INFO - Started process (PID=143875) to work on /home/leoja/airflow/airflow_venv/lib/python3.12/site-packages/airflow/example_dags/example_bash_decorator.py
[2025-06-01T00:41:48.489+0200] {processor.py:830} INFO - Processing file /home/leoja/airflow/airflow_venv/lib/python3.12/site-packages/airflow/example_dags/example_bash_decorator.py for tasks to queue
[2025-06-01T00:41:48.490+0200] {logging_mixin.py:188} INFO - [2025-06-01T00:41:48.490+0200] {dagbag.py:540} INFO - Filling up the DagBag from /home/leoja/airflow/airflow_venv/lib/python3.12/site-packages/airflow/example_dags/example_bash_decorator.py
[2025-06-01T00:41:48.501+0200] {processor.py:840} INFO - DAG(s) 'example_bash_decorator' retrieved from /home/leoja/airflow/airflow_venv/lib/python3.12/site-packages/airflow/example_dags/example_bash_decorator.py
[2025-06-01T00:41:48.519+0200] {logging_mixin.py:188} INFO - [2025-06-01T00:41:48.518+0200] {dag.py:3096} INFO - Sync 1 DAGs
[2025-06-01T00:41:48.527+0200] {logging_mixin.py:188} INFO - [2025-06-01T00:41:48.526+0200] {dag.py:3954} INFO - Setting next_dagrun for example_bash_decorator to None, run_after=None
[2025-06-01T00:41:48.547+0200] {processor.py:183} INFO - Processing /home/leoja/airflow/airflow_venv/lib/python3.12/site-packages/airflow/example_dags/example_bash_decorator.py took 0.064 seconds
[2025-06-01T00:43:02.662+0200] {processor.py:161} INFO - Started process (PID=144126) to work on /home/leoja/airflow/airflow_venv/lib/python3.12/site-packages/airflow/example_dags/example_bash_decorator.py
[2025-06-01T00:43:02.663+0200] {processor.py:830} INFO - Processing file /home/leoja/airflow/airflow_venv/lib/python3.12/site-packages/airflow/example_dags/example_bash_decorator.py for tasks to queue
[2025-06-01T00:43:02.664+0200] {logging_mixin.py:188} INFO - [2025-06-01T00:43:02.664+0200] {dagbag.py:540} INFO - Filling up the DagBag from /home/leoja/airflow/airflow_venv/lib/python3.12/site-packages/airflow/example_dags/example_bash_decorator.py
[2025-06-01T00:43:02.675+0200] {processor.py:840} INFO - DAG(s) 'example_bash_decorator' retrieved from /home/leoja/airflow/airflow_venv/lib/python3.12/site-packages/airflow/example_dags/example_bash_decorator.py
[2025-06-01T00:43:02.691+0200] {logging_mixin.py:188} INFO - [2025-06-01T00:43:02.690+0200] {dag.py:3096} INFO - Sync 1 DAGs
[2025-06-01T00:43:02.700+0200] {logging_mixin.py:188} INFO - [2025-06-01T00:43:02.700+0200] {dag.py:3954} INFO - Setting next_dagrun for example_bash_decorator to None, run_after=None
[2025-06-01T00:43:02.724+0200] {processor.py:183} INFO - Processing /home/leoja/airflow/airflow_venv/lib/python3.12/site-packages/airflow/example_dags/example_bash_decorator.py took 0.067 seconds
[2025-06-01T00:44:12.324+0200] {processor.py:161} INFO - Started process (PID=144381) to work on /home/leoja/airflow/airflow_venv/lib/python3.12/site-packages/airflow/example_dags/example_bash_decorator.py
[2025-06-01T00:44:12.325+0200] {processor.py:830} INFO - Processing file /home/leoja/airflow/airflow_venv/lib/python3.12/site-packages/airflow/example_dags/example_bash_decorator.py for tasks to queue
[2025-06-01T00:44:12.326+0200] {logging_mixin.py:188} INFO - [2025-06-01T00:44:12.326+0200] {dagbag.py:540} INFO - Filling up the DagBag from /home/leoja/airflow/airflow_venv/lib/python3.12/site-packages/airflow/example_dags/example_bash_decorator.py
[2025-06-01T00:44:12.350+0200] {processor.py:840} INFO - DAG(s) 'example_bash_decorator' retrieved from /home/leoja/airflow/airflow_venv/lib/python3.12/site-packages/airflow/example_dags/example_bash_decorator.py
[2025-06-01T00:44:12.366+0200] {logging_mixin.py:188} INFO - [2025-06-01T00:44:12.366+0200] {dag.py:3096} INFO - Sync 1 DAGs
[2025-06-01T00:44:12.375+0200] {logging_mixin.py:188} INFO - [2025-06-01T00:44:12.375+0200] {dag.py:3954} INFO - Setting next_dagrun for example_bash_decorator to None, run_after=None
[2025-06-01T00:44:12.407+0200] {processor.py:183} INFO - Processing /home/leoja/airflow/airflow_venv/lib/python3.12/site-packages/airflow/example_dags/example_bash_decorator.py took 0.090 seconds
[2025-06-01T00:45:30.974+0200] {processor.py:161} INFO - Started process (PID=144658) to work on /home/leoja/airflow/airflow_venv/lib/python3.12/site-packages/airflow/example_dags/example_bash_decorator.py
[2025-06-01T00:45:30.975+0200] {processor.py:830} INFO - Processing file /home/leoja/airflow/airflow_venv/lib/python3.12/site-packages/airflow/example_dags/example_bash_decorator.py for tasks to queue
[2025-06-01T00:45:30.976+0200] {logging_mixin.py:188} INFO - [2025-06-01T00:45:30.976+0200] {dagbag.py:540} INFO - Filling up the DagBag from /home/leoja/airflow/airflow_venv/lib/python3.12/site-packages/airflow/example_dags/example_bash_decorator.py
[2025-06-01T00:45:30.988+0200] {processor.py:840} INFO - DAG(s) 'example_bash_decorator' retrieved from /home/leoja/airflow/airflow_venv/lib/python3.12/site-packages/airflow/example_dags/example_bash_decorator.py
[2025-06-01T00:45:31.011+0200] {logging_mixin.py:188} INFO - [2025-06-01T00:45:31.010+0200] {dag.py:3096} INFO - Sync 1 DAGs
[2025-06-01T00:45:31.020+0200] {logging_mixin.py:188} INFO - [2025-06-01T00:45:31.020+0200] {dag.py:3954} INFO - Setting next_dagrun for example_bash_decorator to None, run_after=None
[2025-06-01T00:45:31.044+0200] {processor.py:183} INFO - Processing /home/leoja/airflow/airflow_venv/lib/python3.12/site-packages/airflow/example_dags/example_bash_decorator.py took 0.076 seconds
[2025-06-01T00:46:44.156+0200] {processor.py:161} INFO - Started process (PID=144918) to work on /home/leoja/airflow/airflow_venv/lib/python3.12/site-packages/airflow/example_dags/example_bash_decorator.py
[2025-06-01T00:46:44.157+0200] {processor.py:830} INFO - Processing file /home/leoja/airflow/airflow_venv/lib/python3.12/site-packages/airflow/example_dags/example_bash_decorator.py for tasks to queue
[2025-06-01T00:46:44.158+0200] {logging_mixin.py:188} INFO - [2025-06-01T00:46:44.158+0200] {dagbag.py:540} INFO - Filling up the DagBag from /home/leoja/airflow/airflow_venv/lib/python3.12/site-packages/airflow/example_dags/example_bash_decorator.py
[2025-06-01T00:46:44.176+0200] {processor.py:840} INFO - DAG(s) 'example_bash_decorator' retrieved from /home/leoja/airflow/airflow_venv/lib/python3.12/site-packages/airflow/example_dags/example_bash_decorator.py
[2025-06-01T00:46:44.194+0200] {logging_mixin.py:188} INFO - [2025-06-01T00:46:44.193+0200] {dag.py:3096} INFO - Sync 1 DAGs
[2025-06-01T00:46:44.203+0200] {logging_mixin.py:188} INFO - [2025-06-01T00:46:44.202+0200] {dag.py:3954} INFO - Setting next_dagrun for example_bash_decorator to None, run_after=None
[2025-06-01T00:46:44.252+0200] {processor.py:183} INFO - Processing /home/leoja/airflow/airflow_venv/lib/python3.12/site-packages/airflow/example_dags/example_bash_decorator.py took 0.105 seconds
[2025-06-01T00:47:57.359+0200] {processor.py:161} INFO - Started process (PID=145190) to work on /home/leoja/airflow/airflow_venv/lib/python3.12/site-packages/airflow/example_dags/example_bash_decorator.py
[2025-06-01T00:47:57.362+0200] {processor.py:830} INFO - Processing file /home/leoja/airflow/airflow_venv/lib/python3.12/site-packages/airflow/example_dags/example_bash_decorator.py for tasks to queue
[2025-06-01T00:47:57.363+0200] {logging_mixin.py:188} INFO - [2025-06-01T00:47:57.363+0200] {dagbag.py:540} INFO - Filling up the DagBag from /home/leoja/airflow/airflow_venv/lib/python3.12/site-packages/airflow/example_dags/example_bash_decorator.py
[2025-06-01T00:47:57.377+0200] {processor.py:840} INFO - DAG(s) 'example_bash_decorator' retrieved from /home/leoja/airflow/airflow_venv/lib/python3.12/site-packages/airflow/example_dags/example_bash_decorator.py
[2025-06-01T00:47:57.393+0200] {logging_mixin.py:188} INFO - [2025-06-01T00:47:57.393+0200] {dag.py:3096} INFO - Sync 1 DAGs
[2025-06-01T00:47:57.401+0200] {logging_mixin.py:188} INFO - [2025-06-01T00:47:57.401+0200] {dag.py:3954} INFO - Setting next_dagrun for example_bash_decorator to None, run_after=None
[2025-06-01T00:47:57.429+0200] {processor.py:183} INFO - Processing /home/leoja/airflow/airflow_venv/lib/python3.12/site-packages/airflow/example_dags/example_bash_decorator.py took 0.078 seconds
[2025-06-01T00:49:09.944+0200] {processor.py:161} INFO - Started process (PID=145448) to work on /home/leoja/airflow/airflow_venv/lib/python3.12/site-packages/airflow/example_dags/example_bash_decorator.py
[2025-06-01T00:49:09.945+0200] {processor.py:830} INFO - Processing file /home/leoja/airflow/airflow_venv/lib/python3.12/site-packages/airflow/example_dags/example_bash_decorator.py for tasks to queue
[2025-06-01T00:49:09.946+0200] {logging_mixin.py:188} INFO - [2025-06-01T00:49:09.945+0200] {dagbag.py:540} INFO - Filling up the DagBag from /home/leoja/airflow/airflow_venv/lib/python3.12/site-packages/airflow/example_dags/example_bash_decorator.py
[2025-06-01T00:49:09.959+0200] {processor.py:840} INFO - DAG(s) 'example_bash_decorator' retrieved from /home/leoja/airflow/airflow_venv/lib/python3.12/site-packages/airflow/example_dags/example_bash_decorator.py
[2025-06-01T00:49:09.973+0200] {logging_mixin.py:188} INFO - [2025-06-01T00:49:09.972+0200] {dag.py:3096} INFO - Sync 1 DAGs
[2025-06-01T00:49:09.982+0200] {logging_mixin.py:188} INFO - [2025-06-01T00:49:09.982+0200] {dag.py:3954} INFO - Setting next_dagrun for example_bash_decorator to None, run_after=None
[2025-06-01T00:49:10.015+0200] {processor.py:183} INFO - Processing /home/leoja/airflow/airflow_venv/lib/python3.12/site-packages/airflow/example_dags/example_bash_decorator.py took 0.076 seconds
[2025-06-01T00:50:25.386+0200] {processor.py:161} INFO - Started process (PID=145706) to work on /home/leoja/airflow/airflow_venv/lib/python3.12/site-packages/airflow/example_dags/example_bash_decorator.py
[2025-06-01T00:50:25.387+0200] {processor.py:830} INFO - Processing file /home/leoja/airflow/airflow_venv/lib/python3.12/site-packages/airflow/example_dags/example_bash_decorator.py for tasks to queue
[2025-06-01T00:50:25.387+0200] {logging_mixin.py:188} INFO - [2025-06-01T00:50:25.387+0200] {dagbag.py:540} INFO - Filling up the DagBag from /home/leoja/airflow/airflow_venv/lib/python3.12/site-packages/airflow/example_dags/example_bash_decorator.py
[2025-06-01T00:50:25.397+0200] {processor.py:840} INFO - DAG(s) 'example_bash_decorator' retrieved from /home/leoja/airflow/airflow_venv/lib/python3.12/site-packages/airflow/example_dags/example_bash_decorator.py
[2025-06-01T00:50:25.414+0200] {logging_mixin.py:188} INFO - [2025-06-01T00:50:25.413+0200] {dag.py:3096} INFO - Sync 1 DAGs
[2025-06-01T00:50:25.422+0200] {logging_mixin.py:188} INFO - [2025-06-01T00:50:25.422+0200] {dag.py:3954} INFO - Setting next_dagrun for example_bash_decorator to None, run_after=None
[2025-06-01T00:50:25.443+0200] {processor.py:183} INFO - Processing /home/leoja/airflow/airflow_venv/lib/python3.12/site-packages/airflow/example_dags/example_bash_decorator.py took 0.063 seconds
[2025-06-01T00:51:37.729+0200] {processor.py:161} INFO - Started process (PID=145992) to work on /home/leoja/airflow/airflow_venv/lib/python3.12/site-packages/airflow/example_dags/example_bash_decorator.py
[2025-06-01T00:51:37.730+0200] {processor.py:830} INFO - Processing file /home/leoja/airflow/airflow_venv/lib/python3.12/site-packages/airflow/example_dags/example_bash_decorator.py for tasks to queue
[2025-06-01T00:51:37.731+0200] {logging_mixin.py:188} INFO - [2025-06-01T00:51:37.731+0200] {dagbag.py:540} INFO - Filling up the DagBag from /home/leoja/airflow/airflow_venv/lib/python3.12/site-packages/airflow/example_dags/example_bash_decorator.py
[2025-06-01T00:51:37.742+0200] {processor.py:840} INFO - DAG(s) 'example_bash_decorator' retrieved from /home/leoja/airflow/airflow_venv/lib/python3.12/site-packages/airflow/example_dags/example_bash_decorator.py
[2025-06-01T00:51:37.757+0200] {logging_mixin.py:188} INFO - [2025-06-01T00:51:37.757+0200] {dag.py:3096} INFO - Sync 1 DAGs
[2025-06-01T00:51:37.766+0200] {logging_mixin.py:188} INFO - [2025-06-01T00:51:37.766+0200] {dag.py:3954} INFO - Setting next_dagrun for example_bash_decorator to None, run_after=None
[2025-06-01T00:51:37.791+0200] {processor.py:183} INFO - Processing /home/leoja/airflow/airflow_venv/lib/python3.12/site-packages/airflow/example_dags/example_bash_decorator.py took 0.073 seconds
[2025-06-01T00:52:51.816+0200] {processor.py:161} INFO - Started process (PID=146244) to work on /home/leoja/airflow/airflow_venv/lib/python3.12/site-packages/airflow/example_dags/example_bash_decorator.py
[2025-06-01T00:52:51.818+0200] {processor.py:830} INFO - Processing file /home/leoja/airflow/airflow_venv/lib/python3.12/site-packages/airflow/example_dags/example_bash_decorator.py for tasks to queue
[2025-06-01T00:52:51.819+0200] {logging_mixin.py:188} INFO - [2025-06-01T00:52:51.818+0200] {dagbag.py:540} INFO - Filling up the DagBag from /home/leoja/airflow/airflow_venv/lib/python3.12/site-packages/airflow/example_dags/example_bash_decorator.py
[2025-06-01T00:52:51.829+0200] {processor.py:840} INFO - DAG(s) 'example_bash_decorator' retrieved from /home/leoja/airflow/airflow_venv/lib/python3.12/site-packages/airflow/example_dags/example_bash_decorator.py
[2025-06-01T00:52:51.848+0200] {logging_mixin.py:188} INFO - [2025-06-01T00:52:51.848+0200] {dag.py:3096} INFO - Sync 1 DAGs
[2025-06-01T00:52:51.857+0200] {logging_mixin.py:188} INFO - [2025-06-01T00:52:51.856+0200] {dag.py:3954} INFO - Setting next_dagrun for example_bash_decorator to None, run_after=None
[2025-06-01T00:52:51.877+0200] {processor.py:183} INFO - Processing /home/leoja/airflow/airflow_venv/lib/python3.12/site-packages/airflow/example_dags/example_bash_decorator.py took 0.068 seconds
[2025-06-01T00:54:03.415+0200] {processor.py:161} INFO - Started process (PID=146504) to work on /home/leoja/airflow/airflow_venv/lib/python3.12/site-packages/airflow/example_dags/example_bash_decorator.py
[2025-06-01T00:54:03.416+0200] {processor.py:830} INFO - Processing file /home/leoja/airflow/airflow_venv/lib/python3.12/site-packages/airflow/example_dags/example_bash_decorator.py for tasks to queue
[2025-06-01T00:54:03.417+0200] {logging_mixin.py:188} INFO - [2025-06-01T00:54:03.417+0200] {dagbag.py:540} INFO - Filling up the DagBag from /home/leoja/airflow/airflow_venv/lib/python3.12/site-packages/airflow/example_dags/example_bash_decorator.py
[2025-06-01T00:54:03.429+0200] {processor.py:840} INFO - DAG(s) 'example_bash_decorator' retrieved from /home/leoja/airflow/airflow_venv/lib/python3.12/site-packages/airflow/example_dags/example_bash_decorator.py
[2025-06-01T00:54:03.445+0200] {logging_mixin.py:188} INFO - [2025-06-01T00:54:03.445+0200] {dag.py:3096} INFO - Sync 1 DAGs
[2025-06-01T00:54:03.456+0200] {logging_mixin.py:188} INFO - [2025-06-01T00:54:03.456+0200] {dag.py:3954} INFO - Setting next_dagrun for example_bash_decorator to None, run_after=None
[2025-06-01T00:54:03.477+0200] {processor.py:183} INFO - Processing /home/leoja/airflow/airflow_venv/lib/python3.12/site-packages/airflow/example_dags/example_bash_decorator.py took 0.070 seconds
[2025-06-01T00:55:12.772+0200] {processor.py:161} INFO - Started process (PID=146750) to work on /home/leoja/airflow/airflow_venv/lib/python3.12/site-packages/airflow/example_dags/example_bash_decorator.py
[2025-06-01T00:55:12.773+0200] {processor.py:830} INFO - Processing file /home/leoja/airflow/airflow_venv/lib/python3.12/site-packages/airflow/example_dags/example_bash_decorator.py for tasks to queue
[2025-06-01T00:55:12.774+0200] {logging_mixin.py:188} INFO - [2025-06-01T00:55:12.774+0200] {dagbag.py:540} INFO - Filling up the DagBag from /home/leoja/airflow/airflow_venv/lib/python3.12/site-packages/airflow/example_dags/example_bash_decorator.py
[2025-06-01T00:55:12.784+0200] {processor.py:840} INFO - DAG(s) 'example_bash_decorator' retrieved from /home/leoja/airflow/airflow_venv/lib/python3.12/site-packages/airflow/example_dags/example_bash_decorator.py
[2025-06-01T00:55:12.798+0200] {logging_mixin.py:188} INFO - [2025-06-01T00:55:12.798+0200] {dag.py:3096} INFO - Sync 1 DAGs
[2025-06-01T00:55:12.805+0200] {logging_mixin.py:188} INFO - [2025-06-01T00:55:12.805+0200] {dag.py:3954} INFO - Setting next_dagrun for example_bash_decorator to None, run_after=None
[2025-06-01T00:55:12.823+0200] {processor.py:183} INFO - Processing /home/leoja/airflow/airflow_venv/lib/python3.12/site-packages/airflow/example_dags/example_bash_decorator.py took 0.056 seconds
[2025-06-01T00:56:23.576+0200] {processor.py:161} INFO - Started process (PID=147004) to work on /home/leoja/airflow/airflow_venv/lib/python3.12/site-packages/airflow/example_dags/example_bash_decorator.py
[2025-06-01T00:56:23.577+0200] {processor.py:830} INFO - Processing file /home/leoja/airflow/airflow_venv/lib/python3.12/site-packages/airflow/example_dags/example_bash_decorator.py for tasks to queue
[2025-06-01T00:56:23.578+0200] {logging_mixin.py:188} INFO - [2025-06-01T00:56:23.578+0200] {dagbag.py:540} INFO - Filling up the DagBag from /home/leoja/airflow/airflow_venv/lib/python3.12/site-packages/airflow/example_dags/example_bash_decorator.py
[2025-06-01T00:56:23.588+0200] {processor.py:840} INFO - DAG(s) 'example_bash_decorator' retrieved from /home/leoja/airflow/airflow_venv/lib/python3.12/site-packages/airflow/example_dags/example_bash_decorator.py
[2025-06-01T00:56:23.605+0200] {logging_mixin.py:188} INFO - [2025-06-01T00:56:23.605+0200] {dag.py:3096} INFO - Sync 1 DAGs
[2025-06-01T00:56:23.614+0200] {logging_mixin.py:188} INFO - [2025-06-01T00:56:23.614+0200] {dag.py:3954} INFO - Setting next_dagrun for example_bash_decorator to None, run_after=None
[2025-06-01T00:56:23.633+0200] {processor.py:183} INFO - Processing /home/leoja/airflow/airflow_venv/lib/python3.12/site-packages/airflow/example_dags/example_bash_decorator.py took 0.063 seconds
[2025-06-01T00:57:36.323+0200] {processor.py:161} INFO - Started process (PID=147257) to work on /home/leoja/airflow/airflow_venv/lib/python3.12/site-packages/airflow/example_dags/example_bash_decorator.py
[2025-06-01T00:57:36.325+0200] {processor.py:830} INFO - Processing file /home/leoja/airflow/airflow_venv/lib/python3.12/site-packages/airflow/example_dags/example_bash_decorator.py for tasks to queue
[2025-06-01T00:57:36.325+0200] {logging_mixin.py:188} INFO - [2025-06-01T00:57:36.325+0200] {dagbag.py:540} INFO - Filling up the DagBag from /home/leoja/airflow/airflow_venv/lib/python3.12/site-packages/airflow/example_dags/example_bash_decorator.py
[2025-06-01T00:57:36.337+0200] {processor.py:840} INFO - DAG(s) 'example_bash_decorator' retrieved from /home/leoja/airflow/airflow_venv/lib/python3.12/site-packages/airflow/example_dags/example_bash_decorator.py
[2025-06-01T00:57:36.354+0200] {logging_mixin.py:188} INFO - [2025-06-01T00:57:36.354+0200] {dag.py:3096} INFO - Sync 1 DAGs
[2025-06-01T00:57:36.363+0200] {logging_mixin.py:188} INFO - [2025-06-01T00:57:36.363+0200] {dag.py:3954} INFO - Setting next_dagrun for example_bash_decorator to None, run_after=None
[2025-06-01T00:57:36.388+0200] {processor.py:183} INFO - Processing /home/leoja/airflow/airflow_venv/lib/python3.12/site-packages/airflow/example_dags/example_bash_decorator.py took 0.071 seconds
[2025-06-01T00:58:51.105+0200] {processor.py:161} INFO - Started process (PID=147543) to work on /home/leoja/airflow/airflow_venv/lib/python3.12/site-packages/airflow/example_dags/example_bash_decorator.py
[2025-06-01T00:58:51.106+0200] {processor.py:830} INFO - Processing file /home/leoja/airflow/airflow_venv/lib/python3.12/site-packages/airflow/example_dags/example_bash_decorator.py for tasks to queue
[2025-06-01T00:58:51.107+0200] {logging_mixin.py:188} INFO - [2025-06-01T00:58:51.106+0200] {dagbag.py:540} INFO - Filling up the DagBag from /home/leoja/airflow/airflow_venv/lib/python3.12/site-packages/airflow/example_dags/example_bash_decorator.py
[2025-06-01T00:58:51.116+0200] {processor.py:840} INFO - DAG(s) 'example_bash_decorator' retrieved from /home/leoja/airflow/airflow_venv/lib/python3.12/site-packages/airflow/example_dags/example_bash_decorator.py
[2025-06-01T00:58:51.130+0200] {logging_mixin.py:188} INFO - [2025-06-01T00:58:51.130+0200] {dag.py:3096} INFO - Sync 1 DAGs
[2025-06-01T00:58:51.139+0200] {logging_mixin.py:188} INFO - [2025-06-01T00:58:51.139+0200] {dag.py:3954} INFO - Setting next_dagrun for example_bash_decorator to None, run_after=None
[2025-06-01T00:58:51.157+0200] {processor.py:183} INFO - Processing /home/leoja/airflow/airflow_venv/lib/python3.12/site-packages/airflow/example_dags/example_bash_decorator.py took 0.058 seconds
[2025-06-01T01:00:06.380+0200] {processor.py:161} INFO - Started process (PID=147796) to work on /home/leoja/airflow/airflow_venv/lib/python3.12/site-packages/airflow/example_dags/example_bash_decorator.py
[2025-06-01T01:00:06.381+0200] {processor.py:830} INFO - Processing file /home/leoja/airflow/airflow_venv/lib/python3.12/site-packages/airflow/example_dags/example_bash_decorator.py for tasks to queue
[2025-06-01T01:00:06.382+0200] {logging_mixin.py:188} INFO - [2025-06-01T01:00:06.381+0200] {dagbag.py:540} INFO - Filling up the DagBag from /home/leoja/airflow/airflow_venv/lib/python3.12/site-packages/airflow/example_dags/example_bash_decorator.py
[2025-06-01T01:00:06.391+0200] {processor.py:840} INFO - DAG(s) 'example_bash_decorator' retrieved from /home/leoja/airflow/airflow_venv/lib/python3.12/site-packages/airflow/example_dags/example_bash_decorator.py
[2025-06-01T01:00:06.404+0200] {logging_mixin.py:188} INFO - [2025-06-01T01:00:06.404+0200] {dag.py:3096} INFO - Sync 1 DAGs
[2025-06-01T01:00:06.413+0200] {logging_mixin.py:188} INFO - [2025-06-01T01:00:06.413+0200] {dag.py:3954} INFO - Setting next_dagrun for example_bash_decorator to None, run_after=None
[2025-06-01T01:00:06.432+0200] {processor.py:183} INFO - Processing /home/leoja/airflow/airflow_venv/lib/python3.12/site-packages/airflow/example_dags/example_bash_decorator.py took 0.057 seconds
