[2025-06-05T07:53:48.683+0200] {processor.py:161} INFO - Started process (PID=531279) to work on /home/leoja/airflow/airflow_venv/lib/python3.12/site-packages/airflow/example_dags/subdags/subdag.py
[2025-06-05T07:53:48.685+0200] {processor.py:830} INFO - Processing file /home/leoja/airflow/airflow_venv/lib/python3.12/site-packages/airflow/example_dags/subdags/subdag.py for tasks to queue
[2025-06-05T07:53:48.686+0200] {logging_mixin.py:188} INFO - [2025-06-05T07:53:48.686+0200] {dagbag.py:540} INFO - Filling up the DagBag from /home/leoja/airflow/airflow_venv/lib/python3.12/site-packages/airflow/example_dags/subdags/subdag.py
[2025-06-05T07:53:48.689+0200] {processor.py:842} WARNING - No viable dags retrieved from /home/leoja/airflow/airflow_venv/lib/python3.12/site-packages/airflow/example_dags/subdags/subdag.py
[2025-06-05T07:53:48.698+0200] {processor.py:183} INFO - Processing /home/leoja/airflow/airflow_venv/lib/python3.12/site-packages/airflow/example_dags/subdags/subdag.py took 0.020 seconds
[2025-06-05T07:54:39.341+0200] {processor.py:161} INFO - Started process (PID=531460) to work on /home/leoja/airflow/airflow_venv/lib/python3.12/site-packages/airflow/example_dags/subdags/subdag.py
[2025-06-05T07:54:39.343+0200] {processor.py:830} INFO - Processing file /home/leoja/airflow/airflow_venv/lib/python3.12/site-packages/airflow/example_dags/subdags/subdag.py for tasks to queue
[2025-06-05T07:54:39.345+0200] {logging_mixin.py:188} INFO - [2025-06-05T07:54:39.345+0200] {dagbag.py:540} INFO - Filling up the DagBag from /home/leoja/airflow/airflow_venv/lib/python3.12/site-packages/airflow/example_dags/subdags/subdag.py
[2025-06-05T07:54:39.346+0200] {processor.py:842} WARNING - No viable dags retrieved from /home/leoja/airflow/airflow_venv/lib/python3.12/site-packages/airflow/example_dags/subdags/subdag.py
[2025-06-05T07:54:39.355+0200] {processor.py:183} INFO - Processing /home/leoja/airflow/airflow_venv/lib/python3.12/site-packages/airflow/example_dags/subdags/subdag.py took 0.020 seconds
[2025-06-05T07:55:41.556+0200] {processor.py:161} INFO - Started process (PID=531683) to work on /home/leoja/airflow/airflow_venv/lib/python3.12/site-packages/airflow/example_dags/subdags/subdag.py
[2025-06-05T07:55:41.559+0200] {processor.py:830} INFO - Processing file /home/leoja/airflow/airflow_venv/lib/python3.12/site-packages/airflow/example_dags/subdags/subdag.py for tasks to queue
[2025-06-05T07:55:41.561+0200] {logging_mixin.py:188} INFO - [2025-06-05T07:55:41.560+0200] {dagbag.py:540} INFO - Filling up the DagBag from /home/leoja/airflow/airflow_venv/lib/python3.12/site-packages/airflow/example_dags/subdags/subdag.py
[2025-06-05T07:55:41.562+0200] {processor.py:842} WARNING - No viable dags retrieved from /home/leoja/airflow/airflow_venv/lib/python3.12/site-packages/airflow/example_dags/subdags/subdag.py
[2025-06-05T07:55:41.569+0200] {processor.py:183} INFO - Processing /home/leoja/airflow/airflow_venv/lib/python3.12/site-packages/airflow/example_dags/subdags/subdag.py took 0.020 seconds
[2025-06-05T07:56:45.298+0200] {processor.py:161} INFO - Started process (PID=531895) to work on /home/leoja/airflow/airflow_venv/lib/python3.12/site-packages/airflow/example_dags/subdags/subdag.py
[2025-06-05T07:56:45.300+0200] {processor.py:830} INFO - Processing file /home/leoja/airflow/airflow_venv/lib/python3.12/site-packages/airflow/example_dags/subdags/subdag.py for tasks to queue
[2025-06-05T07:56:45.301+0200] {logging_mixin.py:188} INFO - [2025-06-05T07:56:45.301+0200] {dagbag.py:540} INFO - Filling up the DagBag from /home/leoja/airflow/airflow_venv/lib/python3.12/site-packages/airflow/example_dags/subdags/subdag.py
[2025-06-05T07:56:45.303+0200] {processor.py:842} WARNING - No viable dags retrieved from /home/leoja/airflow/airflow_venv/lib/python3.12/site-packages/airflow/example_dags/subdags/subdag.py
[2025-06-05T07:56:45.310+0200] {processor.py:183} INFO - Processing /home/leoja/airflow/airflow_venv/lib/python3.12/site-packages/airflow/example_dags/subdags/subdag.py took 0.017 seconds
[2025-06-05T07:57:47.947+0200] {processor.py:161} INFO - Started process (PID=532116) to work on /home/leoja/airflow/airflow_venv/lib/python3.12/site-packages/airflow/example_dags/subdags/subdag.py
[2025-06-05T07:57:47.948+0200] {processor.py:830} INFO - Processing file /home/leoja/airflow/airflow_venv/lib/python3.12/site-packages/airflow/example_dags/subdags/subdag.py for tasks to queue
[2025-06-05T07:57:47.950+0200] {logging_mixin.py:188} INFO - [2025-06-05T07:57:47.950+0200] {dagbag.py:540} INFO - Filling up the DagBag from /home/leoja/airflow/airflow_venv/lib/python3.12/site-packages/airflow/example_dags/subdags/subdag.py
[2025-06-05T07:57:47.952+0200] {processor.py:842} WARNING - No viable dags retrieved from /home/leoja/airflow/airflow_venv/lib/python3.12/site-packages/airflow/example_dags/subdags/subdag.py
[2025-06-05T07:57:47.961+0200] {processor.py:183} INFO - Processing /home/leoja/airflow/airflow_venv/lib/python3.12/site-packages/airflow/example_dags/subdags/subdag.py took 0.020 seconds
[2025-06-05T18:43:59.502+0200] {processor.py:161} INFO - Started process (PID=533361) to work on /home/leoja/airflow/airflow_venv/lib/python3.12/site-packages/airflow/example_dags/subdags/subdag.py
[2025-06-05T18:43:59.504+0200] {processor.py:830} INFO - Processing file /home/leoja/airflow/airflow_venv/lib/python3.12/site-packages/airflow/example_dags/subdags/subdag.py for tasks to queue
[2025-06-05T18:43:59.506+0200] {logging_mixin.py:188} INFO - [2025-06-05T18:43:59.505+0200] {dagbag.py:540} INFO - Filling up the DagBag from /home/leoja/airflow/airflow_venv/lib/python3.12/site-packages/airflow/example_dags/subdags/subdag.py
[2025-06-05T18:43:59.508+0200] {processor.py:842} WARNING - No viable dags retrieved from /home/leoja/airflow/airflow_venv/lib/python3.12/site-packages/airflow/example_dags/subdags/subdag.py
[2025-06-05T18:43:59.518+0200] {processor.py:183} INFO - Processing /home/leoja/airflow/airflow_venv/lib/python3.12/site-packages/airflow/example_dags/subdags/subdag.py took 0.022 seconds
[2025-06-05T18:45:11.128+0200] {processor.py:161} INFO - Started process (PID=533779) to work on /home/leoja/airflow/airflow_venv/lib/python3.12/site-packages/airflow/example_dags/subdags/subdag.py
[2025-06-05T18:45:11.130+0200] {processor.py:830} INFO - Processing file /home/leoja/airflow/airflow_venv/lib/python3.12/site-packages/airflow/example_dags/subdags/subdag.py for tasks to queue
[2025-06-05T18:45:11.133+0200] {logging_mixin.py:188} INFO - [2025-06-05T18:45:11.132+0200] {dagbag.py:540} INFO - Filling up the DagBag from /home/leoja/airflow/airflow_venv/lib/python3.12/site-packages/airflow/example_dags/subdags/subdag.py
[2025-06-05T18:45:11.135+0200] {processor.py:842} WARNING - No viable dags retrieved from /home/leoja/airflow/airflow_venv/lib/python3.12/site-packages/airflow/example_dags/subdags/subdag.py
[2025-06-05T18:45:11.165+0200] {processor.py:183} INFO - Processing /home/leoja/airflow/airflow_venv/lib/python3.12/site-packages/airflow/example_dags/subdags/subdag.py took 0.054 seconds
[2025-06-05T18:46:13.517+0200] {processor.py:161} INFO - Started process (PID=534174) to work on /home/leoja/airflow/airflow_venv/lib/python3.12/site-packages/airflow/example_dags/subdags/subdag.py
[2025-06-05T18:46:13.519+0200] {processor.py:830} INFO - Processing file /home/leoja/airflow/airflow_venv/lib/python3.12/site-packages/airflow/example_dags/subdags/subdag.py for tasks to queue
[2025-06-05T18:46:13.521+0200] {logging_mixin.py:188} INFO - [2025-06-05T18:46:13.520+0200] {dagbag.py:540} INFO - Filling up the DagBag from /home/leoja/airflow/airflow_venv/lib/python3.12/site-packages/airflow/example_dags/subdags/subdag.py
[2025-06-05T18:46:13.522+0200] {processor.py:842} WARNING - No viable dags retrieved from /home/leoja/airflow/airflow_venv/lib/python3.12/site-packages/airflow/example_dags/subdags/subdag.py
[2025-06-05T18:46:13.530+0200] {processor.py:183} INFO - Processing /home/leoja/airflow/airflow_venv/lib/python3.12/site-packages/airflow/example_dags/subdags/subdag.py took 0.021 seconds
[2025-06-05T18:47:19.584+0200] {processor.py:161} INFO - Started process (PID=534533) to work on /home/leoja/airflow/airflow_venv/lib/python3.12/site-packages/airflow/example_dags/subdags/subdag.py
[2025-06-05T18:47:19.586+0200] {processor.py:830} INFO - Processing file /home/leoja/airflow/airflow_venv/lib/python3.12/site-packages/airflow/example_dags/subdags/subdag.py for tasks to queue
[2025-06-05T18:47:19.588+0200] {logging_mixin.py:188} INFO - [2025-06-05T18:47:19.587+0200] {dagbag.py:540} INFO - Filling up the DagBag from /home/leoja/airflow/airflow_venv/lib/python3.12/site-packages/airflow/example_dags/subdags/subdag.py
[2025-06-05T18:47:19.589+0200] {processor.py:842} WARNING - No viable dags retrieved from /home/leoja/airflow/airflow_venv/lib/python3.12/site-packages/airflow/example_dags/subdags/subdag.py
[2025-06-05T18:47:19.600+0200] {processor.py:183} INFO - Processing /home/leoja/airflow/airflow_venv/lib/python3.12/site-packages/airflow/example_dags/subdags/subdag.py took 0.023 seconds
[2025-06-05T18:48:34.394+0200] {processor.py:161} INFO - Started process (PID=535088) to work on /home/leoja/airflow/airflow_venv/lib/python3.12/site-packages/airflow/example_dags/subdags/subdag.py
[2025-06-05T18:48:34.396+0200] {processor.py:830} INFO - Processing file /home/leoja/airflow/airflow_venv/lib/python3.12/site-packages/airflow/example_dags/subdags/subdag.py for tasks to queue
[2025-06-05T18:48:34.397+0200] {logging_mixin.py:188} INFO - [2025-06-05T18:48:34.397+0200] {dagbag.py:540} INFO - Filling up the DagBag from /home/leoja/airflow/airflow_venv/lib/python3.12/site-packages/airflow/example_dags/subdags/subdag.py
[2025-06-05T18:48:34.399+0200] {processor.py:842} WARNING - No viable dags retrieved from /home/leoja/airflow/airflow_venv/lib/python3.12/site-packages/airflow/example_dags/subdags/subdag.py
[2025-06-05T18:48:34.407+0200] {processor.py:183} INFO - Processing /home/leoja/airflow/airflow_venv/lib/python3.12/site-packages/airflow/example_dags/subdags/subdag.py took 0.019 seconds
[2025-06-05T18:49:34.116+0200] {processor.py:161} INFO - Started process (PID=535372) to work on /home/leoja/airflow/airflow_venv/lib/python3.12/site-packages/airflow/example_dags/subdags/subdag.py
[2025-06-05T18:49:34.117+0200] {processor.py:830} INFO - Processing file /home/leoja/airflow/airflow_venv/lib/python3.12/site-packages/airflow/example_dags/subdags/subdag.py for tasks to queue
[2025-06-05T18:49:34.119+0200] {logging_mixin.py:188} INFO - [2025-06-05T18:49:34.119+0200] {dagbag.py:540} INFO - Filling up the DagBag from /home/leoja/airflow/airflow_venv/lib/python3.12/site-packages/airflow/example_dags/subdags/subdag.py
[2025-06-05T18:49:34.121+0200] {processor.py:842} WARNING - No viable dags retrieved from /home/leoja/airflow/airflow_venv/lib/python3.12/site-packages/airflow/example_dags/subdags/subdag.py
[2025-06-05T18:49:34.129+0200] {processor.py:183} INFO - Processing /home/leoja/airflow/airflow_venv/lib/python3.12/site-packages/airflow/example_dags/subdags/subdag.py took 0.018 seconds
[2025-06-05T18:51:21.723+0200] {processor.py:161} INFO - Started process (PID=536498) to work on /home/leoja/airflow/airflow_venv/lib/python3.12/site-packages/airflow/example_dags/subdags/subdag.py
[2025-06-05T18:51:21.725+0200] {processor.py:830} INFO - Processing file /home/leoja/airflow/airflow_venv/lib/python3.12/site-packages/airflow/example_dags/subdags/subdag.py for tasks to queue
[2025-06-05T18:51:21.727+0200] {logging_mixin.py:188} INFO - [2025-06-05T18:51:21.726+0200] {dagbag.py:540} INFO - Filling up the DagBag from /home/leoja/airflow/airflow_venv/lib/python3.12/site-packages/airflow/example_dags/subdags/subdag.py
[2025-06-05T18:51:21.728+0200] {processor.py:842} WARNING - No viable dags retrieved from /home/leoja/airflow/airflow_venv/lib/python3.12/site-packages/airflow/example_dags/subdags/subdag.py
[2025-06-05T18:51:21.736+0200] {processor.py:183} INFO - Processing /home/leoja/airflow/airflow_venv/lib/python3.12/site-packages/airflow/example_dags/subdags/subdag.py took 0.019 seconds
[2025-06-05T18:52:20.647+0200] {processor.py:161} INFO - Started process (PID=536914) to work on /home/leoja/airflow/airflow_venv/lib/python3.12/site-packages/airflow/example_dags/subdags/subdag.py
[2025-06-05T18:52:20.649+0200] {processor.py:830} INFO - Processing file /home/leoja/airflow/airflow_venv/lib/python3.12/site-packages/airflow/example_dags/subdags/subdag.py for tasks to queue
[2025-06-05T18:52:20.651+0200] {logging_mixin.py:188} INFO - [2025-06-05T18:52:20.650+0200] {dagbag.py:540} INFO - Filling up the DagBag from /home/leoja/airflow/airflow_venv/lib/python3.12/site-packages/airflow/example_dags/subdags/subdag.py
[2025-06-05T18:52:20.653+0200] {processor.py:842} WARNING - No viable dags retrieved from /home/leoja/airflow/airflow_venv/lib/python3.12/site-packages/airflow/example_dags/subdags/subdag.py
[2025-06-05T18:52:20.665+0200] {processor.py:183} INFO - Processing /home/leoja/airflow/airflow_venv/lib/python3.12/site-packages/airflow/example_dags/subdags/subdag.py took 0.025 seconds
[2025-06-05T18:53:28.854+0200] {processor.py:161} INFO - Started process (PID=537476) to work on /home/leoja/airflow/airflow_venv/lib/python3.12/site-packages/airflow/example_dags/subdags/subdag.py
[2025-06-05T18:53:28.856+0200] {processor.py:830} INFO - Processing file /home/leoja/airflow/airflow_venv/lib/python3.12/site-packages/airflow/example_dags/subdags/subdag.py for tasks to queue
[2025-06-05T18:53:28.857+0200] {logging_mixin.py:188} INFO - [2025-06-05T18:53:28.857+0200] {dagbag.py:540} INFO - Filling up the DagBag from /home/leoja/airflow/airflow_venv/lib/python3.12/site-packages/airflow/example_dags/subdags/subdag.py
[2025-06-05T18:53:28.859+0200] {processor.py:842} WARNING - No viable dags retrieved from /home/leoja/airflow/airflow_venv/lib/python3.12/site-packages/airflow/example_dags/subdags/subdag.py
[2025-06-05T18:53:28.870+0200] {processor.py:183} INFO - Processing /home/leoja/airflow/airflow_venv/lib/python3.12/site-packages/airflow/example_dags/subdags/subdag.py took 0.024 seconds
[2025-06-05T18:54:48.160+0200] {processor.py:161} INFO - Started process (PID=538448) to work on /home/leoja/airflow/airflow_venv/lib/python3.12/site-packages/airflow/example_dags/subdags/subdag.py
[2025-06-05T18:54:48.162+0200] {processor.py:830} INFO - Processing file /home/leoja/airflow/airflow_venv/lib/python3.12/site-packages/airflow/example_dags/subdags/subdag.py for tasks to queue
[2025-06-05T18:54:48.163+0200] {logging_mixin.py:188} INFO - [2025-06-05T18:54:48.163+0200] {dagbag.py:540} INFO - Filling up the DagBag from /home/leoja/airflow/airflow_venv/lib/python3.12/site-packages/airflow/example_dags/subdags/subdag.py
[2025-06-05T18:54:48.166+0200] {processor.py:842} WARNING - No viable dags retrieved from /home/leoja/airflow/airflow_venv/lib/python3.12/site-packages/airflow/example_dags/subdags/subdag.py
[2025-06-05T18:54:48.175+0200] {processor.py:183} INFO - Processing /home/leoja/airflow/airflow_venv/lib/python3.12/site-packages/airflow/example_dags/subdags/subdag.py took 0.021 seconds
[2025-06-05T18:55:52.634+0200] {processor.py:161} INFO - Started process (PID=538850) to work on /home/leoja/airflow/airflow_venv/lib/python3.12/site-packages/airflow/example_dags/subdags/subdag.py
[2025-06-05T18:55:52.636+0200] {processor.py:830} INFO - Processing file /home/leoja/airflow/airflow_venv/lib/python3.12/site-packages/airflow/example_dags/subdags/subdag.py for tasks to queue
[2025-06-05T18:55:52.638+0200] {logging_mixin.py:188} INFO - [2025-06-05T18:55:52.638+0200] {dagbag.py:540} INFO - Filling up the DagBag from /home/leoja/airflow/airflow_venv/lib/python3.12/site-packages/airflow/example_dags/subdags/subdag.py
[2025-06-05T18:55:52.640+0200] {processor.py:842} WARNING - No viable dags retrieved from /home/leoja/airflow/airflow_venv/lib/python3.12/site-packages/airflow/example_dags/subdags/subdag.py
[2025-06-05T18:55:52.649+0200] {processor.py:183} INFO - Processing /home/leoja/airflow/airflow_venv/lib/python3.12/site-packages/airflow/example_dags/subdags/subdag.py took 0.022 seconds
[2025-06-05T18:56:56.744+0200] {processor.py:161} INFO - Started process (PID=539218) to work on /home/leoja/airflow/airflow_venv/lib/python3.12/site-packages/airflow/example_dags/subdags/subdag.py
[2025-06-05T18:56:56.746+0200] {processor.py:830} INFO - Processing file /home/leoja/airflow/airflow_venv/lib/python3.12/site-packages/airflow/example_dags/subdags/subdag.py for tasks to queue
[2025-06-05T18:56:56.748+0200] {logging_mixin.py:188} INFO - [2025-06-05T18:56:56.748+0200] {dagbag.py:540} INFO - Filling up the DagBag from /home/leoja/airflow/airflow_venv/lib/python3.12/site-packages/airflow/example_dags/subdags/subdag.py
[2025-06-05T18:56:56.752+0200] {processor.py:842} WARNING - No viable dags retrieved from /home/leoja/airflow/airflow_venv/lib/python3.12/site-packages/airflow/example_dags/subdags/subdag.py
[2025-06-05T18:56:56.762+0200] {processor.py:183} INFO - Processing /home/leoja/airflow/airflow_venv/lib/python3.12/site-packages/airflow/example_dags/subdags/subdag.py took 0.026 seconds
[2025-06-05T18:58:02.303+0200] {processor.py:161} INFO - Started process (PID=539767) to work on /home/leoja/airflow/airflow_venv/lib/python3.12/site-packages/airflow/example_dags/subdags/subdag.py
[2025-06-05T18:58:02.307+0200] {processor.py:830} INFO - Processing file /home/leoja/airflow/airflow_venv/lib/python3.12/site-packages/airflow/example_dags/subdags/subdag.py for tasks to queue
[2025-06-05T18:58:02.310+0200] {logging_mixin.py:188} INFO - [2025-06-05T18:58:02.309+0200] {dagbag.py:540} INFO - Filling up the DagBag from /home/leoja/airflow/airflow_venv/lib/python3.12/site-packages/airflow/example_dags/subdags/subdag.py
[2025-06-05T18:58:02.313+0200] {processor.py:842} WARNING - No viable dags retrieved from /home/leoja/airflow/airflow_venv/lib/python3.12/site-packages/airflow/example_dags/subdags/subdag.py
[2025-06-05T18:58:02.329+0200] {processor.py:183} INFO - Processing /home/leoja/airflow/airflow_venv/lib/python3.12/site-packages/airflow/example_dags/subdags/subdag.py took 0.049 seconds
[2025-06-05T18:59:05.321+0200] {processor.py:161} INFO - Started process (PID=540110) to work on /home/leoja/airflow/airflow_venv/lib/python3.12/site-packages/airflow/example_dags/subdags/subdag.py
[2025-06-05T18:59:05.322+0200] {processor.py:830} INFO - Processing file /home/leoja/airflow/airflow_venv/lib/python3.12/site-packages/airflow/example_dags/subdags/subdag.py for tasks to queue
[2025-06-05T18:59:05.324+0200] {logging_mixin.py:188} INFO - [2025-06-05T18:59:05.323+0200] {dagbag.py:540} INFO - Filling up the DagBag from /home/leoja/airflow/airflow_venv/lib/python3.12/site-packages/airflow/example_dags/subdags/subdag.py
[2025-06-05T18:59:05.325+0200] {processor.py:842} WARNING - No viable dags retrieved from /home/leoja/airflow/airflow_venv/lib/python3.12/site-packages/airflow/example_dags/subdags/subdag.py
[2025-06-05T18:59:05.333+0200] {processor.py:183} INFO - Processing /home/leoja/airflow/airflow_venv/lib/python3.12/site-packages/airflow/example_dags/subdags/subdag.py took 0.020 seconds
[2025-06-05T19:00:08.945+0200] {processor.py:161} INFO - Started process (PID=540483) to work on /home/leoja/airflow/airflow_venv/lib/python3.12/site-packages/airflow/example_dags/subdags/subdag.py
[2025-06-05T19:00:08.946+0200] {processor.py:830} INFO - Processing file /home/leoja/airflow/airflow_venv/lib/python3.12/site-packages/airflow/example_dags/subdags/subdag.py for tasks to queue
[2025-06-05T19:00:08.948+0200] {logging_mixin.py:188} INFO - [2025-06-05T19:00:08.947+0200] {dagbag.py:540} INFO - Filling up the DagBag from /home/leoja/airflow/airflow_venv/lib/python3.12/site-packages/airflow/example_dags/subdags/subdag.py
[2025-06-05T19:00:08.949+0200] {processor.py:842} WARNING - No viable dags retrieved from /home/leoja/airflow/airflow_venv/lib/python3.12/site-packages/airflow/example_dags/subdags/subdag.py
[2025-06-05T19:00:08.958+0200] {processor.py:183} INFO - Processing /home/leoja/airflow/airflow_venv/lib/python3.12/site-packages/airflow/example_dags/subdags/subdag.py took 0.019 seconds
[2025-06-05T19:01:10.180+0200] {processor.py:161} INFO - Started process (PID=540823) to work on /home/leoja/airflow/airflow_venv/lib/python3.12/site-packages/airflow/example_dags/subdags/subdag.py
[2025-06-05T19:01:10.182+0200] {processor.py:830} INFO - Processing file /home/leoja/airflow/airflow_venv/lib/python3.12/site-packages/airflow/example_dags/subdags/subdag.py for tasks to queue
[2025-06-05T19:01:10.183+0200] {logging_mixin.py:188} INFO - [2025-06-05T19:01:10.183+0200] {dagbag.py:540} INFO - Filling up the DagBag from /home/leoja/airflow/airflow_venv/lib/python3.12/site-packages/airflow/example_dags/subdags/subdag.py
[2025-06-05T19:01:10.185+0200] {processor.py:842} WARNING - No viable dags retrieved from /home/leoja/airflow/airflow_venv/lib/python3.12/site-packages/airflow/example_dags/subdags/subdag.py
[2025-06-05T19:01:10.194+0200] {processor.py:183} INFO - Processing /home/leoja/airflow/airflow_venv/lib/python3.12/site-packages/airflow/example_dags/subdags/subdag.py took 0.020 seconds
[2025-06-05T19:02:14.155+0200] {processor.py:161} INFO - Started process (PID=541222) to work on /home/leoja/airflow/airflow_venv/lib/python3.12/site-packages/airflow/example_dags/subdags/subdag.py
[2025-06-05T19:02:14.157+0200] {processor.py:830} INFO - Processing file /home/leoja/airflow/airflow_venv/lib/python3.12/site-packages/airflow/example_dags/subdags/subdag.py for tasks to queue
[2025-06-05T19:02:14.163+0200] {logging_mixin.py:188} INFO - [2025-06-05T19:02:14.163+0200] {dagbag.py:540} INFO - Filling up the DagBag from /home/leoja/airflow/airflow_venv/lib/python3.12/site-packages/airflow/example_dags/subdags/subdag.py
[2025-06-05T19:02:14.165+0200] {processor.py:842} WARNING - No viable dags retrieved from /home/leoja/airflow/airflow_venv/lib/python3.12/site-packages/airflow/example_dags/subdags/subdag.py
[2025-06-05T19:02:14.177+0200] {processor.py:183} INFO - Processing /home/leoja/airflow/airflow_venv/lib/python3.12/site-packages/airflow/example_dags/subdags/subdag.py took 0.027 seconds
[2025-06-05T19:03:08.237+0200] {processor.py:161} INFO - Started process (PID=541497) to work on /home/leoja/airflow/airflow_venv/lib/python3.12/site-packages/airflow/example_dags/subdags/subdag.py
[2025-06-05T19:03:08.239+0200] {processor.py:830} INFO - Processing file /home/leoja/airflow/airflow_venv/lib/python3.12/site-packages/airflow/example_dags/subdags/subdag.py for tasks to queue
[2025-06-05T19:03:08.241+0200] {logging_mixin.py:188} INFO - [2025-06-05T19:03:08.241+0200] {dagbag.py:540} INFO - Filling up the DagBag from /home/leoja/airflow/airflow_venv/lib/python3.12/site-packages/airflow/example_dags/subdags/subdag.py
[2025-06-05T19:03:08.243+0200] {processor.py:842} WARNING - No viable dags retrieved from /home/leoja/airflow/airflow_venv/lib/python3.12/site-packages/airflow/example_dags/subdags/subdag.py
[2025-06-05T19:03:08.251+0200] {processor.py:183} INFO - Processing /home/leoja/airflow/airflow_venv/lib/python3.12/site-packages/airflow/example_dags/subdags/subdag.py took 0.020 seconds
[2025-06-05T19:04:17.723+0200] {processor.py:161} INFO - Started process (PID=541892) to work on /home/leoja/airflow/airflow_venv/lib/python3.12/site-packages/airflow/example_dags/subdags/subdag.py
[2025-06-05T19:04:17.724+0200] {processor.py:830} INFO - Processing file /home/leoja/airflow/airflow_venv/lib/python3.12/site-packages/airflow/example_dags/subdags/subdag.py for tasks to queue
[2025-06-05T19:04:17.726+0200] {logging_mixin.py:188} INFO - [2025-06-05T19:04:17.725+0200] {dagbag.py:540} INFO - Filling up the DagBag from /home/leoja/airflow/airflow_venv/lib/python3.12/site-packages/airflow/example_dags/subdags/subdag.py
[2025-06-05T19:04:17.727+0200] {processor.py:842} WARNING - No viable dags retrieved from /home/leoja/airflow/airflow_venv/lib/python3.12/site-packages/airflow/example_dags/subdags/subdag.py
[2025-06-05T19:04:17.736+0200] {processor.py:183} INFO - Processing /home/leoja/airflow/airflow_venv/lib/python3.12/site-packages/airflow/example_dags/subdags/subdag.py took 0.020 seconds
[2025-06-05T19:05:29.494+0200] {processor.py:161} INFO - Started process (PID=542279) to work on /home/leoja/airflow/airflow_venv/lib/python3.12/site-packages/airflow/example_dags/subdags/subdag.py
[2025-06-05T19:05:29.496+0200] {processor.py:830} INFO - Processing file /home/leoja/airflow/airflow_venv/lib/python3.12/site-packages/airflow/example_dags/subdags/subdag.py for tasks to queue
[2025-06-05T19:05:29.591+0200] {logging_mixin.py:188} INFO - [2025-06-05T19:05:29.591+0200] {dagbag.py:540} INFO - Filling up the DagBag from /home/leoja/airflow/airflow_venv/lib/python3.12/site-packages/airflow/example_dags/subdags/subdag.py
[2025-06-05T19:05:29.593+0200] {processor.py:842} WARNING - No viable dags retrieved from /home/leoja/airflow/airflow_venv/lib/python3.12/site-packages/airflow/example_dags/subdags/subdag.py
[2025-06-05T19:05:29.599+0200] {processor.py:183} INFO - Processing /home/leoja/airflow/airflow_venv/lib/python3.12/site-packages/airflow/example_dags/subdags/subdag.py took 0.110 seconds
[2025-06-05T19:06:34.620+0200] {processor.py:161} INFO - Started process (PID=542516) to work on /home/leoja/airflow/airflow_venv/lib/python3.12/site-packages/airflow/example_dags/subdags/subdag.py
[2025-06-05T19:06:34.622+0200] {processor.py:830} INFO - Processing file /home/leoja/airflow/airflow_venv/lib/python3.12/site-packages/airflow/example_dags/subdags/subdag.py for tasks to queue
[2025-06-05T19:06:34.623+0200] {logging_mixin.py:188} INFO - [2025-06-05T19:06:34.623+0200] {dagbag.py:540} INFO - Filling up the DagBag from /home/leoja/airflow/airflow_venv/lib/python3.12/site-packages/airflow/example_dags/subdags/subdag.py
[2025-06-05T19:06:34.625+0200] {processor.py:842} WARNING - No viable dags retrieved from /home/leoja/airflow/airflow_venv/lib/python3.12/site-packages/airflow/example_dags/subdags/subdag.py
[2025-06-05T19:06:34.633+0200] {processor.py:183} INFO - Processing /home/leoja/airflow/airflow_venv/lib/python3.12/site-packages/airflow/example_dags/subdags/subdag.py took 0.019 seconds
[2025-06-05T19:07:31.701+0200] {processor.py:161} INFO - Started process (PID=542771) to work on /home/leoja/airflow/airflow_venv/lib/python3.12/site-packages/airflow/example_dags/subdags/subdag.py
[2025-06-05T19:07:31.703+0200] {processor.py:830} INFO - Processing file /home/leoja/airflow/airflow_venv/lib/python3.12/site-packages/airflow/example_dags/subdags/subdag.py for tasks to queue
[2025-06-05T19:07:31.704+0200] {logging_mixin.py:188} INFO - [2025-06-05T19:07:31.704+0200] {dagbag.py:540} INFO - Filling up the DagBag from /home/leoja/airflow/airflow_venv/lib/python3.12/site-packages/airflow/example_dags/subdags/subdag.py
[2025-06-05T19:07:31.706+0200] {processor.py:842} WARNING - No viable dags retrieved from /home/leoja/airflow/airflow_venv/lib/python3.12/site-packages/airflow/example_dags/subdags/subdag.py
[2025-06-05T19:07:31.715+0200] {processor.py:183} INFO - Processing /home/leoja/airflow/airflow_venv/lib/python3.12/site-packages/airflow/example_dags/subdags/subdag.py took 0.021 seconds
[2025-06-05T19:08:34.947+0200] {processor.py:161} INFO - Started process (PID=543173) to work on /home/leoja/airflow/airflow_venv/lib/python3.12/site-packages/airflow/example_dags/subdags/subdag.py
[2025-06-05T19:08:34.949+0200] {processor.py:830} INFO - Processing file /home/leoja/airflow/airflow_venv/lib/python3.12/site-packages/airflow/example_dags/subdags/subdag.py for tasks to queue
[2025-06-05T19:08:34.950+0200] {logging_mixin.py:188} INFO - [2025-06-05T19:08:34.950+0200] {dagbag.py:540} INFO - Filling up the DagBag from /home/leoja/airflow/airflow_venv/lib/python3.12/site-packages/airflow/example_dags/subdags/subdag.py
[2025-06-05T19:08:34.952+0200] {processor.py:842} WARNING - No viable dags retrieved from /home/leoja/airflow/airflow_venv/lib/python3.12/site-packages/airflow/example_dags/subdags/subdag.py
[2025-06-05T19:08:34.961+0200] {processor.py:183} INFO - Processing /home/leoja/airflow/airflow_venv/lib/python3.12/site-packages/airflow/example_dags/subdags/subdag.py took 0.020 seconds
[2025-06-05T19:10:13.335+0200] {processor.py:161} INFO - Started process (PID=544294) to work on /home/leoja/airflow/airflow_venv/lib/python3.12/site-packages/airflow/example_dags/subdags/subdag.py
[2025-06-05T19:10:13.340+0200] {processor.py:830} INFO - Processing file /home/leoja/airflow/airflow_venv/lib/python3.12/site-packages/airflow/example_dags/subdags/subdag.py for tasks to queue
[2025-06-05T19:10:13.343+0200] {logging_mixin.py:188} INFO - [2025-06-05T19:10:13.342+0200] {dagbag.py:540} INFO - Filling up the DagBag from /home/leoja/airflow/airflow_venv/lib/python3.12/site-packages/airflow/example_dags/subdags/subdag.py
[2025-06-05T19:10:13.345+0200] {processor.py:842} WARNING - No viable dags retrieved from /home/leoja/airflow/airflow_venv/lib/python3.12/site-packages/airflow/example_dags/subdags/subdag.py
[2025-06-05T19:10:13.360+0200] {processor.py:183} INFO - Processing /home/leoja/airflow/airflow_venv/lib/python3.12/site-packages/airflow/example_dags/subdags/subdag.py took 0.031 seconds
[2025-06-05T19:11:14.772+0200] {processor.py:161} INFO - Started process (PID=544657) to work on /home/leoja/airflow/airflow_venv/lib/python3.12/site-packages/airflow/example_dags/subdags/subdag.py
[2025-06-05T19:11:14.774+0200] {processor.py:830} INFO - Processing file /home/leoja/airflow/airflow_venv/lib/python3.12/site-packages/airflow/example_dags/subdags/subdag.py for tasks to queue
[2025-06-05T19:11:14.775+0200] {logging_mixin.py:188} INFO - [2025-06-05T19:11:14.775+0200] {dagbag.py:540} INFO - Filling up the DagBag from /home/leoja/airflow/airflow_venv/lib/python3.12/site-packages/airflow/example_dags/subdags/subdag.py
[2025-06-05T19:11:14.777+0200] {processor.py:842} WARNING - No viable dags retrieved from /home/leoja/airflow/airflow_venv/lib/python3.12/site-packages/airflow/example_dags/subdags/subdag.py
[2025-06-05T19:11:14.785+0200] {processor.py:183} INFO - Processing /home/leoja/airflow/airflow_venv/lib/python3.12/site-packages/airflow/example_dags/subdags/subdag.py took 0.019 seconds
[2025-06-05T19:12:16.006+0200] {processor.py:161} INFO - Started process (PID=545018) to work on /home/leoja/airflow/airflow_venv/lib/python3.12/site-packages/airflow/example_dags/subdags/subdag.py
[2025-06-05T19:12:16.008+0200] {processor.py:830} INFO - Processing file /home/leoja/airflow/airflow_venv/lib/python3.12/site-packages/airflow/example_dags/subdags/subdag.py for tasks to queue
[2025-06-05T19:12:16.010+0200] {logging_mixin.py:188} INFO - [2025-06-05T19:12:16.010+0200] {dagbag.py:540} INFO - Filling up the DagBag from /home/leoja/airflow/airflow_venv/lib/python3.12/site-packages/airflow/example_dags/subdags/subdag.py
[2025-06-05T19:12:16.012+0200] {processor.py:842} WARNING - No viable dags retrieved from /home/leoja/airflow/airflow_venv/lib/python3.12/site-packages/airflow/example_dags/subdags/subdag.py
[2025-06-05T19:12:16.021+0200] {processor.py:183} INFO - Processing /home/leoja/airflow/airflow_venv/lib/python3.12/site-packages/airflow/example_dags/subdags/subdag.py took 0.022 seconds
[2025-06-05T19:13:24.443+0200] {processor.py:161} INFO - Started process (PID=545424) to work on /home/leoja/airflow/airflow_venv/lib/python3.12/site-packages/airflow/example_dags/subdags/subdag.py
[2025-06-05T19:13:24.445+0200] {processor.py:830} INFO - Processing file /home/leoja/airflow/airflow_venv/lib/python3.12/site-packages/airflow/example_dags/subdags/subdag.py for tasks to queue
[2025-06-05T19:13:24.447+0200] {logging_mixin.py:188} INFO - [2025-06-05T19:13:24.446+0200] {dagbag.py:540} INFO - Filling up the DagBag from /home/leoja/airflow/airflow_venv/lib/python3.12/site-packages/airflow/example_dags/subdags/subdag.py
[2025-06-05T19:13:24.449+0200] {processor.py:842} WARNING - No viable dags retrieved from /home/leoja/airflow/airflow_venv/lib/python3.12/site-packages/airflow/example_dags/subdags/subdag.py
[2025-06-05T19:13:24.457+0200] {processor.py:183} INFO - Processing /home/leoja/airflow/airflow_venv/lib/python3.12/site-packages/airflow/example_dags/subdags/subdag.py took 0.020 seconds
[2025-06-05T19:14:23.464+0200] {processor.py:161} INFO - Started process (PID=545821) to work on /home/leoja/airflow/airflow_venv/lib/python3.12/site-packages/airflow/example_dags/subdags/subdag.py
[2025-06-05T19:14:23.466+0200] {processor.py:830} INFO - Processing file /home/leoja/airflow/airflow_venv/lib/python3.12/site-packages/airflow/example_dags/subdags/subdag.py for tasks to queue
[2025-06-05T19:14:23.468+0200] {logging_mixin.py:188} INFO - [2025-06-05T19:14:23.467+0200] {dagbag.py:540} INFO - Filling up the DagBag from /home/leoja/airflow/airflow_venv/lib/python3.12/site-packages/airflow/example_dags/subdags/subdag.py
[2025-06-05T19:14:23.469+0200] {processor.py:842} WARNING - No viable dags retrieved from /home/leoja/airflow/airflow_venv/lib/python3.12/site-packages/airflow/example_dags/subdags/subdag.py
[2025-06-05T19:14:23.478+0200] {processor.py:183} INFO - Processing /home/leoja/airflow/airflow_venv/lib/python3.12/site-packages/airflow/example_dags/subdags/subdag.py took 0.020 seconds
[2025-06-05T19:15:27.975+0200] {processor.py:161} INFO - Started process (PID=546215) to work on /home/leoja/airflow/airflow_venv/lib/python3.12/site-packages/airflow/example_dags/subdags/subdag.py
[2025-06-05T19:15:27.977+0200] {processor.py:830} INFO - Processing file /home/leoja/airflow/airflow_venv/lib/python3.12/site-packages/airflow/example_dags/subdags/subdag.py for tasks to queue
[2025-06-05T19:15:27.979+0200] {logging_mixin.py:188} INFO - [2025-06-05T19:15:27.978+0200] {dagbag.py:540} INFO - Filling up the DagBag from /home/leoja/airflow/airflow_venv/lib/python3.12/site-packages/airflow/example_dags/subdags/subdag.py
[2025-06-05T19:15:27.981+0200] {processor.py:842} WARNING - No viable dags retrieved from /home/leoja/airflow/airflow_venv/lib/python3.12/site-packages/airflow/example_dags/subdags/subdag.py
[2025-06-05T19:15:27.990+0200] {processor.py:183} INFO - Processing /home/leoja/airflow/airflow_venv/lib/python3.12/site-packages/airflow/example_dags/subdags/subdag.py took 0.021 seconds
[2025-06-05T19:16:30.855+0200] {processor.py:161} INFO - Started process (PID=546666) to work on /home/leoja/airflow/airflow_venv/lib/python3.12/site-packages/airflow/example_dags/subdags/subdag.py
[2025-06-05T19:16:30.857+0200] {processor.py:830} INFO - Processing file /home/leoja/airflow/airflow_venv/lib/python3.12/site-packages/airflow/example_dags/subdags/subdag.py for tasks to queue
[2025-06-05T19:16:30.861+0200] {logging_mixin.py:188} INFO - [2025-06-05T19:16:30.860+0200] {dagbag.py:540} INFO - Filling up the DagBag from /home/leoja/airflow/airflow_venv/lib/python3.12/site-packages/airflow/example_dags/subdags/subdag.py
[2025-06-05T19:16:30.863+0200] {processor.py:842} WARNING - No viable dags retrieved from /home/leoja/airflow/airflow_venv/lib/python3.12/site-packages/airflow/example_dags/subdags/subdag.py
[2025-06-05T19:16:30.874+0200] {processor.py:183} INFO - Processing /home/leoja/airflow/airflow_venv/lib/python3.12/site-packages/airflow/example_dags/subdags/subdag.py took 0.026 seconds
[2025-06-05T19:17:31.164+0200] {processor.py:161} INFO - Started process (PID=547515) to work on /home/leoja/airflow/airflow_venv/lib/python3.12/site-packages/airflow/example_dags/subdags/subdag.py
[2025-06-05T19:17:31.166+0200] {processor.py:830} INFO - Processing file /home/leoja/airflow/airflow_venv/lib/python3.12/site-packages/airflow/example_dags/subdags/subdag.py for tasks to queue
[2025-06-05T19:17:31.169+0200] {logging_mixin.py:188} INFO - [2025-06-05T19:17:31.168+0200] {dagbag.py:540} INFO - Filling up the DagBag from /home/leoja/airflow/airflow_venv/lib/python3.12/site-packages/airflow/example_dags/subdags/subdag.py
[2025-06-05T19:17:31.172+0200] {processor.py:842} WARNING - No viable dags retrieved from /home/leoja/airflow/airflow_venv/lib/python3.12/site-packages/airflow/example_dags/subdags/subdag.py
[2025-06-05T19:17:31.185+0200] {processor.py:183} INFO - Processing /home/leoja/airflow/airflow_venv/lib/python3.12/site-packages/airflow/example_dags/subdags/subdag.py took 0.029 seconds
[2025-06-05T19:18:30.640+0200] {processor.py:161} INFO - Started process (PID=547837) to work on /home/leoja/airflow/airflow_venv/lib/python3.12/site-packages/airflow/example_dags/subdags/subdag.py
[2025-06-05T19:18:30.642+0200] {processor.py:830} INFO - Processing file /home/leoja/airflow/airflow_venv/lib/python3.12/site-packages/airflow/example_dags/subdags/subdag.py for tasks to queue
[2025-06-05T19:18:30.644+0200] {logging_mixin.py:188} INFO - [2025-06-05T19:18:30.644+0200] {dagbag.py:540} INFO - Filling up the DagBag from /home/leoja/airflow/airflow_venv/lib/python3.12/site-packages/airflow/example_dags/subdags/subdag.py
[2025-06-05T19:18:30.646+0200] {processor.py:842} WARNING - No viable dags retrieved from /home/leoja/airflow/airflow_venv/lib/python3.12/site-packages/airflow/example_dags/subdags/subdag.py
[2025-06-05T19:18:30.655+0200] {processor.py:183} INFO - Processing /home/leoja/airflow/airflow_venv/lib/python3.12/site-packages/airflow/example_dags/subdags/subdag.py took 0.020 seconds
[2025-06-05T19:19:33.255+0200] {processor.py:161} INFO - Started process (PID=548246) to work on /home/leoja/airflow/airflow_venv/lib/python3.12/site-packages/airflow/example_dags/subdags/subdag.py
[2025-06-05T19:19:33.256+0200] {processor.py:830} INFO - Processing file /home/leoja/airflow/airflow_venv/lib/python3.12/site-packages/airflow/example_dags/subdags/subdag.py for tasks to queue
[2025-06-05T19:19:33.258+0200] {logging_mixin.py:188} INFO - [2025-06-05T19:19:33.258+0200] {dagbag.py:540} INFO - Filling up the DagBag from /home/leoja/airflow/airflow_venv/lib/python3.12/site-packages/airflow/example_dags/subdags/subdag.py
[2025-06-05T19:19:33.261+0200] {processor.py:842} WARNING - No viable dags retrieved from /home/leoja/airflow/airflow_venv/lib/python3.12/site-packages/airflow/example_dags/subdags/subdag.py
[2025-06-05T19:19:33.271+0200] {processor.py:183} INFO - Processing /home/leoja/airflow/airflow_venv/lib/python3.12/site-packages/airflow/example_dags/subdags/subdag.py took 0.024 seconds
[2025-06-05T19:20:35.029+0200] {processor.py:161} INFO - Started process (PID=548633) to work on /home/leoja/airflow/airflow_venv/lib/python3.12/site-packages/airflow/example_dags/subdags/subdag.py
[2025-06-05T19:20:35.034+0200] {processor.py:830} INFO - Processing file /home/leoja/airflow/airflow_venv/lib/python3.12/site-packages/airflow/example_dags/subdags/subdag.py for tasks to queue
[2025-06-05T19:20:35.037+0200] {logging_mixin.py:188} INFO - [2025-06-05T19:20:35.036+0200] {dagbag.py:540} INFO - Filling up the DagBag from /home/leoja/airflow/airflow_venv/lib/python3.12/site-packages/airflow/example_dags/subdags/subdag.py
[2025-06-05T19:20:35.040+0200] {processor.py:842} WARNING - No viable dags retrieved from /home/leoja/airflow/airflow_venv/lib/python3.12/site-packages/airflow/example_dags/subdags/subdag.py
[2025-06-05T19:20:35.055+0200] {processor.py:183} INFO - Processing /home/leoja/airflow/airflow_venv/lib/python3.12/site-packages/airflow/example_dags/subdags/subdag.py took 0.037 seconds
[2025-06-05T19:21:36.627+0200] {processor.py:161} INFO - Started process (PID=549005) to work on /home/leoja/airflow/airflow_venv/lib/python3.12/site-packages/airflow/example_dags/subdags/subdag.py
[2025-06-05T19:21:36.629+0200] {processor.py:830} INFO - Processing file /home/leoja/airflow/airflow_venv/lib/python3.12/site-packages/airflow/example_dags/subdags/subdag.py for tasks to queue
[2025-06-05T19:21:36.630+0200] {logging_mixin.py:188} INFO - [2025-06-05T19:21:36.630+0200] {dagbag.py:540} INFO - Filling up the DagBag from /home/leoja/airflow/airflow_venv/lib/python3.12/site-packages/airflow/example_dags/subdags/subdag.py
[2025-06-05T19:21:36.632+0200] {processor.py:842} WARNING - No viable dags retrieved from /home/leoja/airflow/airflow_venv/lib/python3.12/site-packages/airflow/example_dags/subdags/subdag.py
[2025-06-05T19:21:36.640+0200] {processor.py:183} INFO - Processing /home/leoja/airflow/airflow_venv/lib/python3.12/site-packages/airflow/example_dags/subdags/subdag.py took 0.020 seconds
[2025-06-05T19:22:38.800+0200] {processor.py:161} INFO - Started process (PID=549344) to work on /home/leoja/airflow/airflow_venv/lib/python3.12/site-packages/airflow/example_dags/subdags/subdag.py
[2025-06-05T19:22:38.802+0200] {processor.py:830} INFO - Processing file /home/leoja/airflow/airflow_venv/lib/python3.12/site-packages/airflow/example_dags/subdags/subdag.py for tasks to queue
[2025-06-05T19:22:38.803+0200] {logging_mixin.py:188} INFO - [2025-06-05T19:22:38.803+0200] {dagbag.py:540} INFO - Filling up the DagBag from /home/leoja/airflow/airflow_venv/lib/python3.12/site-packages/airflow/example_dags/subdags/subdag.py
[2025-06-05T19:22:38.805+0200] {processor.py:842} WARNING - No viable dags retrieved from /home/leoja/airflow/airflow_venv/lib/python3.12/site-packages/airflow/example_dags/subdags/subdag.py
[2025-06-05T19:22:38.813+0200] {processor.py:183} INFO - Processing /home/leoja/airflow/airflow_venv/lib/python3.12/site-packages/airflow/example_dags/subdags/subdag.py took 0.020 seconds
[2025-06-05T19:23:30.118+0200] {processor.py:161} INFO - Started process (PID=549646) to work on /home/leoja/airflow/airflow_venv/lib/python3.12/site-packages/airflow/example_dags/subdags/subdag.py
[2025-06-05T19:23:30.119+0200] {processor.py:830} INFO - Processing file /home/leoja/airflow/airflow_venv/lib/python3.12/site-packages/airflow/example_dags/subdags/subdag.py for tasks to queue
[2025-06-05T19:23:30.121+0200] {logging_mixin.py:188} INFO - [2025-06-05T19:23:30.121+0200] {dagbag.py:540} INFO - Filling up the DagBag from /home/leoja/airflow/airflow_venv/lib/python3.12/site-packages/airflow/example_dags/subdags/subdag.py
[2025-06-05T19:23:30.123+0200] {processor.py:842} WARNING - No viable dags retrieved from /home/leoja/airflow/airflow_venv/lib/python3.12/site-packages/airflow/example_dags/subdags/subdag.py
[2025-06-05T19:23:30.131+0200] {processor.py:183} INFO - Processing /home/leoja/airflow/airflow_venv/lib/python3.12/site-packages/airflow/example_dags/subdags/subdag.py took 0.019 seconds
[2025-06-05T19:24:32.281+0200] {processor.py:161} INFO - Started process (PID=549991) to work on /home/leoja/airflow/airflow_venv/lib/python3.12/site-packages/airflow/example_dags/subdags/subdag.py
[2025-06-05T19:24:32.283+0200] {processor.py:830} INFO - Processing file /home/leoja/airflow/airflow_venv/lib/python3.12/site-packages/airflow/example_dags/subdags/subdag.py for tasks to queue
[2025-06-05T19:24:32.285+0200] {logging_mixin.py:188} INFO - [2025-06-05T19:24:32.285+0200] {dagbag.py:540} INFO - Filling up the DagBag from /home/leoja/airflow/airflow_venv/lib/python3.12/site-packages/airflow/example_dags/subdags/subdag.py
[2025-06-05T19:24:32.287+0200] {processor.py:842} WARNING - No viable dags retrieved from /home/leoja/airflow/airflow_venv/lib/python3.12/site-packages/airflow/example_dags/subdags/subdag.py
[2025-06-05T19:24:32.296+0200] {processor.py:183} INFO - Processing /home/leoja/airflow/airflow_venv/lib/python3.12/site-packages/airflow/example_dags/subdags/subdag.py took 0.021 seconds
[2025-06-05T19:25:33.329+0200] {processor.py:161} INFO - Started process (PID=550425) to work on /home/leoja/airflow/airflow_venv/lib/python3.12/site-packages/airflow/example_dags/subdags/subdag.py
[2025-06-05T19:25:33.330+0200] {processor.py:830} INFO - Processing file /home/leoja/airflow/airflow_venv/lib/python3.12/site-packages/airflow/example_dags/subdags/subdag.py for tasks to queue
[2025-06-05T19:25:33.332+0200] {logging_mixin.py:188} INFO - [2025-06-05T19:25:33.332+0200] {dagbag.py:540} INFO - Filling up the DagBag from /home/leoja/airflow/airflow_venv/lib/python3.12/site-packages/airflow/example_dags/subdags/subdag.py
[2025-06-05T19:25:33.333+0200] {processor.py:842} WARNING - No viable dags retrieved from /home/leoja/airflow/airflow_venv/lib/python3.12/site-packages/airflow/example_dags/subdags/subdag.py
[2025-06-05T19:25:33.341+0200] {processor.py:183} INFO - Processing /home/leoja/airflow/airflow_venv/lib/python3.12/site-packages/airflow/example_dags/subdags/subdag.py took 0.019 seconds
[2025-06-05T19:26:32.924+0200] {processor.py:161} INFO - Started process (PID=550722) to work on /home/leoja/airflow/airflow_venv/lib/python3.12/site-packages/airflow/example_dags/subdags/subdag.py
[2025-06-05T19:26:32.925+0200] {processor.py:830} INFO - Processing file /home/leoja/airflow/airflow_venv/lib/python3.12/site-packages/airflow/example_dags/subdags/subdag.py for tasks to queue
[2025-06-05T19:26:32.927+0200] {logging_mixin.py:188} INFO - [2025-06-05T19:26:32.927+0200] {dagbag.py:540} INFO - Filling up the DagBag from /home/leoja/airflow/airflow_venv/lib/python3.12/site-packages/airflow/example_dags/subdags/subdag.py
[2025-06-05T19:26:32.928+0200] {processor.py:842} WARNING - No viable dags retrieved from /home/leoja/airflow/airflow_venv/lib/python3.12/site-packages/airflow/example_dags/subdags/subdag.py
[2025-06-05T19:26:32.936+0200] {processor.py:183} INFO - Processing /home/leoja/airflow/airflow_venv/lib/python3.12/site-packages/airflow/example_dags/subdags/subdag.py took 0.018 seconds
[2025-06-05T19:27:39.355+0200] {processor.py:161} INFO - Started process (PID=551230) to work on /home/leoja/airflow/airflow_venv/lib/python3.12/site-packages/airflow/example_dags/subdags/subdag.py
[2025-06-05T19:27:39.358+0200] {processor.py:830} INFO - Processing file /home/leoja/airflow/airflow_venv/lib/python3.12/site-packages/airflow/example_dags/subdags/subdag.py for tasks to queue
[2025-06-05T19:27:39.361+0200] {logging_mixin.py:188} INFO - [2025-06-05T19:27:39.360+0200] {dagbag.py:540} INFO - Filling up the DagBag from /home/leoja/airflow/airflow_venv/lib/python3.12/site-packages/airflow/example_dags/subdags/subdag.py
[2025-06-05T19:27:39.363+0200] {processor.py:842} WARNING - No viable dags retrieved from /home/leoja/airflow/airflow_venv/lib/python3.12/site-packages/airflow/example_dags/subdags/subdag.py
[2025-06-05T19:27:39.373+0200] {processor.py:183} INFO - Processing /home/leoja/airflow/airflow_venv/lib/python3.12/site-packages/airflow/example_dags/subdags/subdag.py took 0.025 seconds
[2025-06-05T19:28:51.387+0200] {processor.py:161} INFO - Started process (PID=552358) to work on /home/leoja/airflow/airflow_venv/lib/python3.12/site-packages/airflow/example_dags/subdags/subdag.py
[2025-06-05T19:28:51.389+0200] {processor.py:830} INFO - Processing file /home/leoja/airflow/airflow_venv/lib/python3.12/site-packages/airflow/example_dags/subdags/subdag.py for tasks to queue
[2025-06-05T19:28:51.400+0200] {logging_mixin.py:188} INFO - [2025-06-05T19:28:51.399+0200] {dagbag.py:540} INFO - Filling up the DagBag from /home/leoja/airflow/airflow_venv/lib/python3.12/site-packages/airflow/example_dags/subdags/subdag.py
[2025-06-05T19:28:51.403+0200] {processor.py:842} WARNING - No viable dags retrieved from /home/leoja/airflow/airflow_venv/lib/python3.12/site-packages/airflow/example_dags/subdags/subdag.py
[2025-06-05T19:28:51.422+0200] {processor.py:183} INFO - Processing /home/leoja/airflow/airflow_venv/lib/python3.12/site-packages/airflow/example_dags/subdags/subdag.py took 0.053 seconds
[2025-06-05T19:29:59.696+0200] {processor.py:161} INFO - Started process (PID=552784) to work on /home/leoja/airflow/airflow_venv/lib/python3.12/site-packages/airflow/example_dags/subdags/subdag.py
[2025-06-05T19:29:59.698+0200] {processor.py:830} INFO - Processing file /home/leoja/airflow/airflow_venv/lib/python3.12/site-packages/airflow/example_dags/subdags/subdag.py for tasks to queue
[2025-06-05T19:29:59.700+0200] {logging_mixin.py:188} INFO - [2025-06-05T19:29:59.700+0200] {dagbag.py:540} INFO - Filling up the DagBag from /home/leoja/airflow/airflow_venv/lib/python3.12/site-packages/airflow/example_dags/subdags/subdag.py
[2025-06-05T19:29:59.702+0200] {processor.py:842} WARNING - No viable dags retrieved from /home/leoja/airflow/airflow_venv/lib/python3.12/site-packages/airflow/example_dags/subdags/subdag.py
[2025-06-05T19:29:59.712+0200] {processor.py:183} INFO - Processing /home/leoja/airflow/airflow_venv/lib/python3.12/site-packages/airflow/example_dags/subdags/subdag.py took 0.022 seconds
[2025-06-05T19:31:06.970+0200] {processor.py:161} INFO - Started process (PID=553138) to work on /home/leoja/airflow/airflow_venv/lib/python3.12/site-packages/airflow/example_dags/subdags/subdag.py
[2025-06-05T19:31:06.972+0200] {processor.py:830} INFO - Processing file /home/leoja/airflow/airflow_venv/lib/python3.12/site-packages/airflow/example_dags/subdags/subdag.py for tasks to queue
[2025-06-05T19:31:06.974+0200] {logging_mixin.py:188} INFO - [2025-06-05T19:31:06.973+0200] {dagbag.py:540} INFO - Filling up the DagBag from /home/leoja/airflow/airflow_venv/lib/python3.12/site-packages/airflow/example_dags/subdags/subdag.py
[2025-06-05T19:31:06.975+0200] {processor.py:842} WARNING - No viable dags retrieved from /home/leoja/airflow/airflow_venv/lib/python3.12/site-packages/airflow/example_dags/subdags/subdag.py
[2025-06-05T19:31:06.984+0200] {processor.py:183} INFO - Processing /home/leoja/airflow/airflow_venv/lib/python3.12/site-packages/airflow/example_dags/subdags/subdag.py took 0.019 seconds
[2025-06-05T19:32:09.604+0200] {processor.py:161} INFO - Started process (PID=553502) to work on /home/leoja/airflow/airflow_venv/lib/python3.12/site-packages/airflow/example_dags/subdags/subdag.py
[2025-06-05T19:32:09.606+0200] {processor.py:830} INFO - Processing file /home/leoja/airflow/airflow_venv/lib/python3.12/site-packages/airflow/example_dags/subdags/subdag.py for tasks to queue
[2025-06-05T19:32:09.608+0200] {logging_mixin.py:188} INFO - [2025-06-05T19:32:09.607+0200] {dagbag.py:540} INFO - Filling up the DagBag from /home/leoja/airflow/airflow_venv/lib/python3.12/site-packages/airflow/example_dags/subdags/subdag.py
[2025-06-05T19:32:09.609+0200] {processor.py:842} WARNING - No viable dags retrieved from /home/leoja/airflow/airflow_venv/lib/python3.12/site-packages/airflow/example_dags/subdags/subdag.py
[2025-06-05T19:32:09.619+0200] {processor.py:183} INFO - Processing /home/leoja/airflow/airflow_venv/lib/python3.12/site-packages/airflow/example_dags/subdags/subdag.py took 0.021 seconds
[2025-06-05T19:33:16.311+0200] {processor.py:161} INFO - Started process (PID=553904) to work on /home/leoja/airflow/airflow_venv/lib/python3.12/site-packages/airflow/example_dags/subdags/subdag.py
[2025-06-05T19:33:16.312+0200] {processor.py:830} INFO - Processing file /home/leoja/airflow/airflow_venv/lib/python3.12/site-packages/airflow/example_dags/subdags/subdag.py for tasks to queue
[2025-06-05T19:33:16.315+0200] {logging_mixin.py:188} INFO - [2025-06-05T19:33:16.314+0200] {dagbag.py:540} INFO - Filling up the DagBag from /home/leoja/airflow/airflow_venv/lib/python3.12/site-packages/airflow/example_dags/subdags/subdag.py
[2025-06-05T19:33:16.317+0200] {processor.py:842} WARNING - No viable dags retrieved from /home/leoja/airflow/airflow_venv/lib/python3.12/site-packages/airflow/example_dags/subdags/subdag.py
[2025-06-05T19:33:16.327+0200] {processor.py:183} INFO - Processing /home/leoja/airflow/airflow_venv/lib/python3.12/site-packages/airflow/example_dags/subdags/subdag.py took 0.022 seconds
[2025-06-05T19:34:22.416+0200] {processor.py:161} INFO - Started process (PID=554250) to work on /home/leoja/airflow/airflow_venv/lib/python3.12/site-packages/airflow/example_dags/subdags/subdag.py
[2025-06-05T19:34:22.418+0200] {processor.py:830} INFO - Processing file /home/leoja/airflow/airflow_venv/lib/python3.12/site-packages/airflow/example_dags/subdags/subdag.py for tasks to queue
[2025-06-05T19:34:22.420+0200] {logging_mixin.py:188} INFO - [2025-06-05T19:34:22.420+0200] {dagbag.py:540} INFO - Filling up the DagBag from /home/leoja/airflow/airflow_venv/lib/python3.12/site-packages/airflow/example_dags/subdags/subdag.py
[2025-06-05T19:34:22.421+0200] {processor.py:842} WARNING - No viable dags retrieved from /home/leoja/airflow/airflow_venv/lib/python3.12/site-packages/airflow/example_dags/subdags/subdag.py
[2025-06-05T19:34:22.429+0200] {processor.py:183} INFO - Processing /home/leoja/airflow/airflow_venv/lib/python3.12/site-packages/airflow/example_dags/subdags/subdag.py took 0.018 seconds
[2025-06-05T19:35:23.862+0200] {processor.py:161} INFO - Started process (PID=554615) to work on /home/leoja/airflow/airflow_venv/lib/python3.12/site-packages/airflow/example_dags/subdags/subdag.py
[2025-06-05T19:35:23.864+0200] {processor.py:830} INFO - Processing file /home/leoja/airflow/airflow_venv/lib/python3.12/site-packages/airflow/example_dags/subdags/subdag.py for tasks to queue
[2025-06-05T19:35:23.866+0200] {logging_mixin.py:188} INFO - [2025-06-05T19:35:23.865+0200] {dagbag.py:540} INFO - Filling up the DagBag from /home/leoja/airflow/airflow_venv/lib/python3.12/site-packages/airflow/example_dags/subdags/subdag.py
[2025-06-05T19:35:23.868+0200] {processor.py:842} WARNING - No viable dags retrieved from /home/leoja/airflow/airflow_venv/lib/python3.12/site-packages/airflow/example_dags/subdags/subdag.py
[2025-06-05T19:35:23.876+0200] {processor.py:183} INFO - Processing /home/leoja/airflow/airflow_venv/lib/python3.12/site-packages/airflow/example_dags/subdags/subdag.py took 0.021 seconds
[2025-06-05T19:36:26.968+0200] {processor.py:161} INFO - Started process (PID=554953) to work on /home/leoja/airflow/airflow_venv/lib/python3.12/site-packages/airflow/example_dags/subdags/subdag.py
[2025-06-05T19:36:26.970+0200] {processor.py:830} INFO - Processing file /home/leoja/airflow/airflow_venv/lib/python3.12/site-packages/airflow/example_dags/subdags/subdag.py for tasks to queue
[2025-06-05T19:36:26.972+0200] {logging_mixin.py:188} INFO - [2025-06-05T19:36:26.972+0200] {dagbag.py:540} INFO - Filling up the DagBag from /home/leoja/airflow/airflow_venv/lib/python3.12/site-packages/airflow/example_dags/subdags/subdag.py
[2025-06-05T19:36:26.973+0200] {processor.py:842} WARNING - No viable dags retrieved from /home/leoja/airflow/airflow_venv/lib/python3.12/site-packages/airflow/example_dags/subdags/subdag.py
[2025-06-05T19:36:26.982+0200] {processor.py:183} INFO - Processing /home/leoja/airflow/airflow_venv/lib/python3.12/site-packages/airflow/example_dags/subdags/subdag.py took 0.020 seconds
[2025-06-05T19:37:34.263+0200] {processor.py:161} INFO - Started process (PID=555358) to work on /home/leoja/airflow/airflow_venv/lib/python3.12/site-packages/airflow/example_dags/subdags/subdag.py
[2025-06-05T19:37:34.265+0200] {processor.py:830} INFO - Processing file /home/leoja/airflow/airflow_venv/lib/python3.12/site-packages/airflow/example_dags/subdags/subdag.py for tasks to queue
[2025-06-05T19:37:34.266+0200] {logging_mixin.py:188} INFO - [2025-06-05T19:37:34.266+0200] {dagbag.py:540} INFO - Filling up the DagBag from /home/leoja/airflow/airflow_venv/lib/python3.12/site-packages/airflow/example_dags/subdags/subdag.py
[2025-06-05T19:37:34.268+0200] {processor.py:842} WARNING - No viable dags retrieved from /home/leoja/airflow/airflow_venv/lib/python3.12/site-packages/airflow/example_dags/subdags/subdag.py
[2025-06-05T19:37:34.277+0200] {processor.py:183} INFO - Processing /home/leoja/airflow/airflow_venv/lib/python3.12/site-packages/airflow/example_dags/subdags/subdag.py took 0.027 seconds
[2025-06-05T19:38:41.122+0200] {processor.py:161} INFO - Started process (PID=555723) to work on /home/leoja/airflow/airflow_venv/lib/python3.12/site-packages/airflow/example_dags/subdags/subdag.py
[2025-06-05T19:38:41.123+0200] {processor.py:830} INFO - Processing file /home/leoja/airflow/airflow_venv/lib/python3.12/site-packages/airflow/example_dags/subdags/subdag.py for tasks to queue
[2025-06-05T19:38:41.126+0200] {logging_mixin.py:188} INFO - [2025-06-05T19:38:41.125+0200] {dagbag.py:540} INFO - Filling up the DagBag from /home/leoja/airflow/airflow_venv/lib/python3.12/site-packages/airflow/example_dags/subdags/subdag.py
[2025-06-05T19:38:41.129+0200] {processor.py:842} WARNING - No viable dags retrieved from /home/leoja/airflow/airflow_venv/lib/python3.12/site-packages/airflow/example_dags/subdags/subdag.py
[2025-06-05T19:38:41.142+0200] {processor.py:183} INFO - Processing /home/leoja/airflow/airflow_venv/lib/python3.12/site-packages/airflow/example_dags/subdags/subdag.py took 0.027 seconds
[2025-06-05T19:39:44.387+0200] {processor.py:161} INFO - Started process (PID=556072) to work on /home/leoja/airflow/airflow_venv/lib/python3.12/site-packages/airflow/example_dags/subdags/subdag.py
[2025-06-05T19:39:44.390+0200] {processor.py:830} INFO - Processing file /home/leoja/airflow/airflow_venv/lib/python3.12/site-packages/airflow/example_dags/subdags/subdag.py for tasks to queue
[2025-06-05T19:39:44.391+0200] {logging_mixin.py:188} INFO - [2025-06-05T19:39:44.391+0200] {dagbag.py:540} INFO - Filling up the DagBag from /home/leoja/airflow/airflow_venv/lib/python3.12/site-packages/airflow/example_dags/subdags/subdag.py
[2025-06-05T19:39:44.393+0200] {processor.py:842} WARNING - No viable dags retrieved from /home/leoja/airflow/airflow_venv/lib/python3.12/site-packages/airflow/example_dags/subdags/subdag.py
[2025-06-05T19:39:44.401+0200] {processor.py:183} INFO - Processing /home/leoja/airflow/airflow_venv/lib/python3.12/site-packages/airflow/example_dags/subdags/subdag.py took 0.019 seconds
[2025-06-05T19:40:54.626+0200] {processor.py:161} INFO - Started process (PID=556535) to work on /home/leoja/airflow/airflow_venv/lib/python3.12/site-packages/airflow/example_dags/subdags/subdag.py
[2025-06-05T19:40:54.628+0200] {processor.py:830} INFO - Processing file /home/leoja/airflow/airflow_venv/lib/python3.12/site-packages/airflow/example_dags/subdags/subdag.py for tasks to queue
[2025-06-05T19:40:54.630+0200] {logging_mixin.py:188} INFO - [2025-06-05T19:40:54.630+0200] {dagbag.py:540} INFO - Filling up the DagBag from /home/leoja/airflow/airflow_venv/lib/python3.12/site-packages/airflow/example_dags/subdags/subdag.py
[2025-06-05T19:40:54.633+0200] {processor.py:842} WARNING - No viable dags retrieved from /home/leoja/airflow/airflow_venv/lib/python3.12/site-packages/airflow/example_dags/subdags/subdag.py
[2025-06-05T19:40:54.644+0200] {processor.py:183} INFO - Processing /home/leoja/airflow/airflow_venv/lib/python3.12/site-packages/airflow/example_dags/subdags/subdag.py took 0.026 seconds
[2025-06-05T19:42:02.292+0200] {processor.py:161} INFO - Started process (PID=557407) to work on /home/leoja/airflow/airflow_venv/lib/python3.12/site-packages/airflow/example_dags/subdags/subdag.py
[2025-06-05T19:42:02.294+0200] {processor.py:830} INFO - Processing file /home/leoja/airflow/airflow_venv/lib/python3.12/site-packages/airflow/example_dags/subdags/subdag.py for tasks to queue
[2025-06-05T19:42:02.296+0200] {logging_mixin.py:188} INFO - [2025-06-05T19:42:02.295+0200] {dagbag.py:540} INFO - Filling up the DagBag from /home/leoja/airflow/airflow_venv/lib/python3.12/site-packages/airflow/example_dags/subdags/subdag.py
[2025-06-05T19:42:02.297+0200] {processor.py:842} WARNING - No viable dags retrieved from /home/leoja/airflow/airflow_venv/lib/python3.12/site-packages/airflow/example_dags/subdags/subdag.py
[2025-06-05T19:42:02.305+0200] {processor.py:183} INFO - Processing /home/leoja/airflow/airflow_venv/lib/python3.12/site-packages/airflow/example_dags/subdags/subdag.py took 0.019 seconds
[2025-06-05T19:43:08.491+0200] {processor.py:161} INFO - Started process (PID=557718) to work on /home/leoja/airflow/airflow_venv/lib/python3.12/site-packages/airflow/example_dags/subdags/subdag.py
[2025-06-05T19:43:08.493+0200] {processor.py:830} INFO - Processing file /home/leoja/airflow/airflow_venv/lib/python3.12/site-packages/airflow/example_dags/subdags/subdag.py for tasks to queue
[2025-06-05T19:43:08.603+0200] {logging_mixin.py:188} INFO - [2025-06-05T19:43:08.602+0200] {dagbag.py:540} INFO - Filling up the DagBag from /home/leoja/airflow/airflow_venv/lib/python3.12/site-packages/airflow/example_dags/subdags/subdag.py
[2025-06-05T19:43:08.605+0200] {processor.py:842} WARNING - No viable dags retrieved from /home/leoja/airflow/airflow_venv/lib/python3.12/site-packages/airflow/example_dags/subdags/subdag.py
[2025-06-05T19:43:08.613+0200] {processor.py:183} INFO - Processing /home/leoja/airflow/airflow_venv/lib/python3.12/site-packages/airflow/example_dags/subdags/subdag.py took 0.128 seconds
[2025-06-05T19:44:11.154+0200] {processor.py:161} INFO - Started process (PID=558120) to work on /home/leoja/airflow/airflow_venv/lib/python3.12/site-packages/airflow/example_dags/subdags/subdag.py
[2025-06-05T19:44:11.156+0200] {processor.py:830} INFO - Processing file /home/leoja/airflow/airflow_venv/lib/python3.12/site-packages/airflow/example_dags/subdags/subdag.py for tasks to queue
[2025-06-05T19:44:11.157+0200] {logging_mixin.py:188} INFO - [2025-06-05T19:44:11.157+0200] {dagbag.py:540} INFO - Filling up the DagBag from /home/leoja/airflow/airflow_venv/lib/python3.12/site-packages/airflow/example_dags/subdags/subdag.py
[2025-06-05T19:44:11.159+0200] {processor.py:842} WARNING - No viable dags retrieved from /home/leoja/airflow/airflow_venv/lib/python3.12/site-packages/airflow/example_dags/subdags/subdag.py
[2025-06-05T19:44:11.166+0200] {processor.py:183} INFO - Processing /home/leoja/airflow/airflow_venv/lib/python3.12/site-packages/airflow/example_dags/subdags/subdag.py took 0.019 seconds
