[2025-06-05T23:09:09.296+0200] {local_task_job_runner.py:120} INFO - ::group::Pre task execution logs
[2025-06-05T23:09:09.308+0200] {taskinstance.py:2073} INFO - Dependencies all met for dep_context=non-requeueable deps ti=<TaskInstance: macro_trading_dag.compute_economic_quadrants manual__2025-06-05T21:08:47.558953+00:00 [queued]>
[2025-06-05T23:09:09.312+0200] {taskinstance.py:2073} INFO - Dependencies all met for dep_context=requeueable deps ti=<TaskInstance: macro_trading_dag.compute_economic_quadrants manual__2025-06-05T21:08:47.558953+00:00 [queued]>
[2025-06-05T23:09:09.312+0200] {taskinstance.py:2303} INFO - Starting attempt 1 of 3
[2025-06-05T23:09:09.326+0200] {taskinstance.py:2327} INFO - Executing <Task(SparkSubmitOperator): compute_economic_quadrants> on 2025-06-05 21:08:47.558953+00:00
[2025-06-05T23:09:09.337+0200] {standard_task_runner.py:90} INFO - Running: ['airflow', 'tasks', 'run', 'macro_trading_dag', 'compute_economic_quadrants', 'manual__2025-06-05T21:08:47.558953+00:00', '--job-id', '315', '--raw', '--subdir', 'DAGS_FOLDER/macro_trading_dag.py', '--cfg-path', '/tmp/tmpx3mw0c6m']
[2025-06-05T23:09:09.338+0200] {standard_task_runner.py:91} INFO - Job 315: Subtask compute_economic_quadrants
[2025-06-05T23:09:09.347+0200] {logging_mixin.py:188} WARNING - /home/leoja/airflow/airflow_venv/lib/python3.12/site-packages/airflow/task/task_runner/standard_task_runner.py:61 DeprecationWarning: This process (pid=614304) is multi-threaded, use of fork() may lead to deadlocks in the child.
[2025-06-05T23:09:09.348+0200] {standard_task_runner.py:63} INFO - Started process 614316 to run task
[2025-06-05T23:09:09.376+0200] {task_command.py:426} INFO - Running <TaskInstance: macro_trading_dag.compute_economic_quadrants manual__2025-06-05T21:08:47.558953+00:00 [running]> on host N15I711-16GR512.localdomain
[2025-06-05T23:09:09.484+0200] {taskinstance.py:2644} INFO - Exporting env vars: AIRFLOW_CTX_DAG_OWNER='airflow' AIRFLOW_CTX_DAG_ID='macro_trading_dag' AIRFLOW_CTX_TASK_ID='compute_economic_quadrants' AIRFLOW_CTX_EXECUTION_DATE='2025-06-05T21:08:47.558953+00:00' AIRFLOW_CTX_TRY_NUMBER='1' AIRFLOW_CTX_DAG_RUN_ID='manual__2025-06-05T21:08:47.558953+00:00'
[2025-06-05T23:09:09.486+0200] {taskinstance.py:430} INFO - ::endgroup::
[2025-06-05T23:09:09.499+0200] {base.py:84} INFO - Using connection ID 'spark_local' for task execution.
[2025-06-05T23:09:09.500+0200] {spark_submit.py:351} INFO - Spark-Submit cmd: spark-submit --master local[*] --conf spark.pyspark.python=/home/leoja/airflow_venv/bin/python --conf spark.pyspark.driver.python=/home/leoja/airflow_venv/bin/python --name compute_economic_quadrants /home/leoja/airflow/spark_jobs/compute_quadrants.py /home/leoja/airflow/data/Indicators.parquet /home/leoja/airflow/data/quadrants.parquet /home/leoja/airflow/data/data/quadrants.csv
[2025-06-05T23:09:10.909+0200] {spark_submit.py:521} INFO - 25/06/05 23:09:10 WARN Utils: Your hostname, N15I711-16GR512 resolves to a loopback address: 127.0.1.1; using 10.255.255.254 instead (on interface lo)
[2025-06-05T23:09:10.911+0200] {spark_submit.py:521} INFO - 25/06/05 23:09:10 WARN Utils: Set SPARK_LOCAL_IP if you need to bind to another address
[2025-06-05T23:09:12.184+0200] {spark_submit.py:521} INFO - 25/06/05 23:09:12 INFO SparkContext: Running Spark version 3.5.5
[2025-06-05T23:09:12.185+0200] {spark_submit.py:521} INFO - 25/06/05 23:09:12 INFO SparkContext: OS info Linux, 6.6.87.1-microsoft-standard-WSL2, amd64
[2025-06-05T23:09:12.185+0200] {spark_submit.py:521} INFO - 25/06/05 23:09:12 INFO SparkContext: Java version 11.0.27
[2025-06-05T23:09:12.283+0200] {spark_submit.py:521} INFO - 25/06/05 23:09:12 WARN NativeCodeLoader: Unable to load native-hadoop library for your platform... using builtin-java classes where applicable
[2025-06-05T23:09:12.417+0200] {spark_submit.py:521} INFO - 25/06/05 23:09:12 INFO ResourceUtils: ==============================================================
[2025-06-05T23:09:12.418+0200] {spark_submit.py:521} INFO - 25/06/05 23:09:12 INFO ResourceUtils: No custom resources configured for spark.driver.
[2025-06-05T23:09:12.418+0200] {spark_submit.py:521} INFO - 25/06/05 23:09:12 INFO ResourceUtils: ==============================================================
[2025-06-05T23:09:12.418+0200] {spark_submit.py:521} INFO - 25/06/05 23:09:12 INFO SparkContext: Submitted application: ComputeEconomicQuadrants
[2025-06-05T23:09:12.452+0200] {spark_submit.py:521} INFO - 25/06/05 23:09:12 INFO ResourceProfile: Default ResourceProfile created, executor resources: Map(cores -> name: cores, amount: 1, script: , vendor: , memory -> name: memory, amount: 1024, script: , vendor: , offHeap -> name: offHeap, amount: 0, script: , vendor: ), task resources: Map(cpus -> name: cpus, amount: 1.0)
[2025-06-05T23:09:12.466+0200] {spark_submit.py:521} INFO - 25/06/05 23:09:12 INFO ResourceProfile: Limiting resource is cpu
[2025-06-05T23:09:12.467+0200] {spark_submit.py:521} INFO - 25/06/05 23:09:12 INFO ResourceProfileManager: Added ResourceProfile id: 0
[2025-06-05T23:09:12.529+0200] {spark_submit.py:521} INFO - 25/06/05 23:09:12 INFO SecurityManager: Changing view acls to: leoja
[2025-06-05T23:09:12.530+0200] {spark_submit.py:521} INFO - 25/06/05 23:09:12 INFO SecurityManager: Changing modify acls to: leoja
[2025-06-05T23:09:12.531+0200] {spark_submit.py:521} INFO - 25/06/05 23:09:12 INFO SecurityManager: Changing view acls groups to:
[2025-06-05T23:09:12.531+0200] {spark_submit.py:521} INFO - 25/06/05 23:09:12 INFO SecurityManager: Changing modify acls groups to:
[2025-06-05T23:09:12.532+0200] {spark_submit.py:521} INFO - 25/06/05 23:09:12 INFO SecurityManager: SecurityManager: authentication disabled; ui acls disabled; users with view permissions: leoja; groups with view permissions: EMPTY; users with modify permissions: leoja; groups with modify permissions: EMPTY
[2025-06-05T23:09:12.891+0200] {spark_submit.py:521} INFO - 25/06/05 23:09:12 INFO Utils: Successfully started service 'sparkDriver' on port 39361.
[2025-06-05T23:09:12.950+0200] {spark_submit.py:521} INFO - 25/06/05 23:09:12 INFO SparkEnv: Registering MapOutputTracker
[2025-06-05T23:09:13.002+0200] {spark_submit.py:521} INFO - 25/06/05 23:09:13 INFO SparkEnv: Registering BlockManagerMaster
[2025-06-05T23:09:13.037+0200] {spark_submit.py:521} INFO - 25/06/05 23:09:13 INFO BlockManagerMasterEndpoint: Using org.apache.spark.storage.DefaultTopologyMapper for getting topology information
[2025-06-05T23:09:13.037+0200] {spark_submit.py:521} INFO - 25/06/05 23:09:13 INFO BlockManagerMasterEndpoint: BlockManagerMasterEndpoint up
[2025-06-05T23:09:13.043+0200] {spark_submit.py:521} INFO - 25/06/05 23:09:13 INFO SparkEnv: Registering BlockManagerMasterHeartbeat
[2025-06-05T23:09:13.068+0200] {spark_submit.py:521} INFO - 25/06/05 23:09:13 INFO DiskBlockManager: Created local directory at /tmp/blockmgr-f86149dd-24fc-481b-93f2-34ee2dfe82e0
[2025-06-05T23:09:13.099+0200] {spark_submit.py:521} INFO - 25/06/05 23:09:13 INFO MemoryStore: MemoryStore started with capacity 434.4 MiB
[2025-06-05T23:09:13.114+0200] {spark_submit.py:521} INFO - 25/06/05 23:09:13 INFO SparkEnv: Registering OutputCommitCoordinator
[2025-06-05T23:09:13.248+0200] {spark_submit.py:521} INFO - 25/06/05 23:09:13 INFO JettyUtils: Start Jetty 0.0.0.0:4040 for SparkUI
[2025-06-05T23:09:13.309+0200] {spark_submit.py:521} INFO - 25/06/05 23:09:13 INFO Utils: Successfully started service 'SparkUI' on port 4040.
[2025-06-05T23:09:13.400+0200] {spark_submit.py:521} INFO - 25/06/05 23:09:13 INFO Executor: Starting executor ID driver on host 10.255.255.254
[2025-06-05T23:09:13.400+0200] {spark_submit.py:521} INFO - 25/06/05 23:09:13 INFO Executor: OS info Linux, 6.6.87.1-microsoft-standard-WSL2, amd64
[2025-06-05T23:09:13.401+0200] {spark_submit.py:521} INFO - 25/06/05 23:09:13 INFO Executor: Java version 11.0.27
[2025-06-05T23:09:13.407+0200] {spark_submit.py:521} INFO - 25/06/05 23:09:13 INFO Executor: Starting executor with user classpath (userClassPathFirst = false): ''
[2025-06-05T23:09:13.408+0200] {spark_submit.py:521} INFO - 25/06/05 23:09:13 INFO Executor: Created or updated repl class loader org.apache.spark.util.MutableURLClassLoader@641d0bc1 for default.
[2025-06-05T23:09:13.428+0200] {spark_submit.py:521} INFO - 25/06/05 23:09:13 INFO Utils: Successfully started service 'org.apache.spark.network.netty.NettyBlockTransferService' on port 45083.
[2025-06-05T23:09:13.428+0200] {spark_submit.py:521} INFO - 25/06/05 23:09:13 INFO NettyBlockTransferService: Server created on 10.255.255.254:45083
[2025-06-05T23:09:13.431+0200] {spark_submit.py:521} INFO - 25/06/05 23:09:13 INFO BlockManager: Using org.apache.spark.storage.RandomBlockReplicationPolicy for block replication policy
[2025-06-05T23:09:13.438+0200] {spark_submit.py:521} INFO - 25/06/05 23:09:13 INFO BlockManagerMaster: Registering BlockManager BlockManagerId(driver, 10.255.255.254, 45083, None)
[2025-06-05T23:09:13.441+0200] {spark_submit.py:521} INFO - 25/06/05 23:09:13 INFO BlockManagerMasterEndpoint: Registering block manager 10.255.255.254:45083 with 434.4 MiB RAM, BlockManagerId(driver, 10.255.255.254, 45083, None)
[2025-06-05T23:09:13.443+0200] {spark_submit.py:521} INFO - 25/06/05 23:09:13 INFO BlockManagerMaster: Registered BlockManager BlockManagerId(driver, 10.255.255.254, 45083, None)
[2025-06-05T23:09:13.444+0200] {spark_submit.py:521} INFO - 25/06/05 23:09:13 INFO BlockManager: Initialized BlockManager: BlockManagerId(driver, 10.255.255.254, 45083, None)
[2025-06-05T23:09:13.880+0200] {spark_submit.py:521} INFO - 25/06/05 23:09:13 INFO SharedState: Setting hive.metastore.warehouse.dir ('null') to the value of spark.sql.warehouse.dir.
[2025-06-05T23:09:13.887+0200] {spark_submit.py:521} INFO - 25/06/05 23:09:13 INFO SharedState: Warehouse path is 'file:/home/leoja/airflow/airflow_venv/spark-warehouse'.
[2025-06-05T23:09:14.641+0200] {spark_submit.py:521} INFO - 25/06/05 23:09:14 INFO InMemoryFileIndex: It took 53 ms to list leaf files for 1 paths.
[2025-06-05T23:09:15.150+0200] {spark_submit.py:521} INFO - 25/06/05 23:09:15 INFO SparkContext: Starting job: parquet at NativeMethodAccessorImpl.java:0
[2025-06-05T23:09:15.165+0200] {spark_submit.py:521} INFO - 25/06/05 23:09:15 INFO DAGScheduler: Got job 0 (parquet at NativeMethodAccessorImpl.java:0) with 1 output partitions
[2025-06-05T23:09:15.165+0200] {spark_submit.py:521} INFO - 25/06/05 23:09:15 INFO DAGScheduler: Final stage: ResultStage 0 (parquet at NativeMethodAccessorImpl.java:0)
[2025-06-05T23:09:15.165+0200] {spark_submit.py:521} INFO - 25/06/05 23:09:15 INFO DAGScheduler: Parents of final stage: List()
[2025-06-05T23:09:15.166+0200] {spark_submit.py:521} INFO - 25/06/05 23:09:15 INFO DAGScheduler: Missing parents: List()
[2025-06-05T23:09:15.172+0200] {spark_submit.py:521} INFO - 25/06/05 23:09:15 INFO DAGScheduler: Submitting ResultStage 0 (MapPartitionsRDD[1] at parquet at NativeMethodAccessorImpl.java:0), which has no missing parents
[2025-06-05T23:09:15.249+0200] {spark_submit.py:521} INFO - 25/06/05 23:09:15 INFO MemoryStore: Block broadcast_0 stored as values in memory (estimated size 103.5 KiB, free 434.3 MiB)
[2025-06-05T23:09:15.287+0200] {spark_submit.py:521} INFO - 25/06/05 23:09:15 INFO MemoryStore: Block broadcast_0_piece0 stored as bytes in memory (estimated size 37.3 KiB, free 434.3 MiB)
[2025-06-05T23:09:15.290+0200] {spark_submit.py:521} INFO - 25/06/05 23:09:15 INFO BlockManagerInfo: Added broadcast_0_piece0 in memory on 10.255.255.254:45083 (size: 37.3 KiB, free: 434.4 MiB)
[2025-06-05T23:09:15.294+0200] {spark_submit.py:521} INFO - 25/06/05 23:09:15 INFO SparkContext: Created broadcast 0 from broadcast at DAGScheduler.scala:1585
[2025-06-05T23:09:15.314+0200] {spark_submit.py:521} INFO - 25/06/05 23:09:15 INFO DAGScheduler: Submitting 1 missing tasks from ResultStage 0 (MapPartitionsRDD[1] at parquet at NativeMethodAccessorImpl.java:0) (first 15 tasks are for partitions Vector(0))
[2025-06-05T23:09:15.315+0200] {spark_submit.py:521} INFO - 25/06/05 23:09:15 INFO TaskSchedulerImpl: Adding task set 0.0 with 1 tasks resource profile 0
[2025-06-05T23:09:15.385+0200] {spark_submit.py:521} INFO - 25/06/05 23:09:15 INFO TaskSetManager: Starting task 0.0 in stage 0.0 (TID 0) (10.255.255.254, executor driver, partition 0, PROCESS_LOCAL, 9142 bytes)
[2025-06-05T23:09:15.404+0200] {spark_submit.py:521} INFO - 25/06/05 23:09:15 INFO Executor: Running task 0.0 in stage 0.0 (TID 0)
[2025-06-05T23:09:15.782+0200] {spark_submit.py:521} INFO - 25/06/05 23:09:15 INFO Executor: Finished task 0.0 in stage 0.0 (TID 0). 1974 bytes result sent to driver
[2025-06-05T23:09:15.792+0200] {spark_submit.py:521} INFO - 25/06/05 23:09:15 INFO TaskSetManager: Finished task 0.0 in stage 0.0 (TID 0) in 437 ms on 10.255.255.254 (executor driver) (1/1)
[2025-06-05T23:09:15.794+0200] {spark_submit.py:521} INFO - 25/06/05 23:09:15 INFO TaskSchedulerImpl: Removed TaskSet 0.0, whose tasks have all completed, from pool
[2025-06-05T23:09:15.798+0200] {spark_submit.py:521} INFO - 25/06/05 23:09:15 INFO DAGScheduler: ResultStage 0 (parquet at NativeMethodAccessorImpl.java:0) finished in 0.613 s
[2025-06-05T23:09:15.802+0200] {spark_submit.py:521} INFO - 25/06/05 23:09:15 INFO DAGScheduler: Job 0 is finished. Cancelling potential speculative or zombie tasks for this job
[2025-06-05T23:09:15.802+0200] {spark_submit.py:521} INFO - 25/06/05 23:09:15 INFO TaskSchedulerImpl: Killing all running tasks in stage 0: Stage finished
[2025-06-05T23:09:15.804+0200] {spark_submit.py:521} INFO - 25/06/05 23:09:15 INFO DAGScheduler: Job 0 finished: parquet at NativeMethodAccessorImpl.java:0, took 0.653377 s
[2025-06-05T23:09:16.229+0200] {spark_submit.py:521} INFO - 25/06/05 23:09:16 INFO BlockManagerInfo: Removed broadcast_0_piece0 on 10.255.255.254:45083 in memory (size: 37.3 KiB, free: 434.4 MiB)
[2025-06-05T23:09:16.565+0200] {spark_submit.py:521} INFO - 25/06/05 23:09:16 INFO InMemoryFileIndex: It took 2 ms to list leaf files for 1 paths.
[2025-06-05T23:09:16.609+0200] {spark_submit.py:521} INFO - 25/06/05 23:09:16 INFO SparkContext: Starting job: parquet at NativeMethodAccessorImpl.java:0
[2025-06-05T23:09:16.611+0200] {spark_submit.py:521} INFO - 25/06/05 23:09:16 INFO DAGScheduler: Got job 1 (parquet at NativeMethodAccessorImpl.java:0) with 1 output partitions
[2025-06-05T23:09:16.611+0200] {spark_submit.py:521} INFO - 25/06/05 23:09:16 INFO DAGScheduler: Final stage: ResultStage 1 (parquet at NativeMethodAccessorImpl.java:0)
[2025-06-05T23:09:16.611+0200] {spark_submit.py:521} INFO - 25/06/05 23:09:16 INFO DAGScheduler: Parents of final stage: List()
[2025-06-05T23:09:16.611+0200] {spark_submit.py:521} INFO - 25/06/05 23:09:16 INFO DAGScheduler: Missing parents: List()
[2025-06-05T23:09:16.613+0200] {spark_submit.py:521} INFO - 25/06/05 23:09:16 INFO DAGScheduler: Submitting ResultStage 1 (MapPartitionsRDD[3] at parquet at NativeMethodAccessorImpl.java:0), which has no missing parents
[2025-06-05T23:09:16.623+0200] {spark_submit.py:521} INFO - 25/06/05 23:09:16 INFO MemoryStore: Block broadcast_1 stored as values in memory (estimated size 103.5 KiB, free 434.3 MiB)
[2025-06-05T23:09:16.631+0200] {spark_submit.py:521} INFO - 25/06/05 23:09:16 INFO MemoryStore: Block broadcast_1_piece0 stored as bytes in memory (estimated size 37.3 KiB, free 434.3 MiB)
[2025-06-05T23:09:16.632+0200] {spark_submit.py:521} INFO - 25/06/05 23:09:16 INFO BlockManagerInfo: Added broadcast_1_piece0 in memory on 10.255.255.254:45083 (size: 37.3 KiB, free: 434.4 MiB)
[2025-06-05T23:09:16.633+0200] {spark_submit.py:521} INFO - 25/06/05 23:09:16 INFO SparkContext: Created broadcast 1 from broadcast at DAGScheduler.scala:1585
[2025-06-05T23:09:16.635+0200] {spark_submit.py:521} INFO - 25/06/05 23:09:16 INFO DAGScheduler: Submitting 1 missing tasks from ResultStage 1 (MapPartitionsRDD[3] at parquet at NativeMethodAccessorImpl.java:0) (first 15 tasks are for partitions Vector(0))
[2025-06-05T23:09:16.635+0200] {spark_submit.py:521} INFO - 25/06/05 23:09:16 INFO TaskSchedulerImpl: Adding task set 1.0 with 1 tasks resource profile 0
[2025-06-05T23:09:16.638+0200] {spark_submit.py:521} INFO - 25/06/05 23:09:16 INFO TaskSetManager: Starting task 0.0 in stage 1.0 (TID 1) (10.255.255.254, executor driver, partition 0, PROCESS_LOCAL, 9141 bytes)
[2025-06-05T23:09:16.639+0200] {spark_submit.py:521} INFO - 25/06/05 23:09:16 INFO Executor: Running task 0.0 in stage 1.0 (TID 1)
[2025-06-05T23:09:16.694+0200] {spark_submit.py:521} INFO - 25/06/05 23:09:16 INFO Executor: Finished task 0.0 in stage 1.0 (TID 1). 3927 bytes result sent to driver
[2025-06-05T23:09:16.697+0200] {spark_submit.py:521} INFO - 25/06/05 23:09:16 INFO TaskSetManager: Finished task 0.0 in stage 1.0 (TID 1) in 60 ms on 10.255.255.254 (executor driver) (1/1)
[2025-06-05T23:09:16.698+0200] {spark_submit.py:521} INFO - 25/06/05 23:09:16 INFO TaskSchedulerImpl: Removed TaskSet 1.0, whose tasks have all completed, from pool
[2025-06-05T23:09:16.699+0200] {spark_submit.py:521} INFO - 25/06/05 23:09:16 INFO DAGScheduler: ResultStage 1 (parquet at NativeMethodAccessorImpl.java:0) finished in 0.084 s
[2025-06-05T23:09:16.700+0200] {spark_submit.py:521} INFO - 25/06/05 23:09:16 INFO DAGScheduler: Job 1 is finished. Cancelling potential speculative or zombie tasks for this job
[2025-06-05T23:09:16.700+0200] {spark_submit.py:521} INFO - 25/06/05 23:09:16 INFO TaskSchedulerImpl: Killing all running tasks in stage 1: Stage finished
[2025-06-05T23:09:16.700+0200] {spark_submit.py:521} INFO - 25/06/05 23:09:16 INFO DAGScheduler: Job 1 finished: parquet at NativeMethodAccessorImpl.java:0, took 0.090903 s
[2025-06-05T23:09:17.080+0200] {spark_submit.py:521} INFO - 25/06/05 23:09:17 INFO BlockManagerInfo: Removed broadcast_1_piece0 on 10.255.255.254:45083 in memory (size: 37.3 KiB, free: 434.4 MiB)
[2025-06-05T23:09:17.232+0200] {spark_submit.py:521} INFO - 25/06/05 23:09:17 INFO FileSourceStrategy: Pushed Filters:
[2025-06-05T23:09:17.233+0200] {spark_submit.py:521} INFO - 25/06/05 23:09:17 INFO FileSourceStrategy: Post-Scan Filters:
[2025-06-05T23:09:17.689+0200] {spark_submit.py:521} INFO - 25/06/05 23:09:17 INFO CodeGenerator: Code generated in 227.782927 ms
[2025-06-05T23:09:17.718+0200] {spark_submit.py:521} INFO - 25/06/05 23:09:17 INFO MemoryStore: Block broadcast_2 stored as values in memory (estimated size 201.2 KiB, free 434.2 MiB)
[2025-06-05T23:09:17.733+0200] {spark_submit.py:521} INFO - 25/06/05 23:09:17 INFO MemoryStore: Block broadcast_2_piece0 stored as bytes in memory (estimated size 35.0 KiB, free 434.2 MiB)
[2025-06-05T23:09:17.735+0200] {spark_submit.py:521} INFO - 25/06/05 23:09:17 INFO BlockManagerInfo: Added broadcast_2_piece0 in memory on 10.255.255.254:45083 (size: 35.0 KiB, free: 434.4 MiB)
[2025-06-05T23:09:17.736+0200] {spark_submit.py:521} INFO - 25/06/05 23:09:17 INFO SparkContext: Created broadcast 2 from collect at /home/leoja/airflow/spark_jobs/compute_quadrants.py:122
[2025-06-05T23:09:17.752+0200] {spark_submit.py:521} INFO - 25/06/05 23:09:17 INFO FileSourceScanExec: Planning scan with bin packing, max size: 4194304 bytes, open cost is considered as scanning 4194304 bytes.
[2025-06-05T23:09:17.811+0200] {spark_submit.py:521} INFO - 25/06/05 23:09:17 INFO DAGScheduler: Registering RDD 7 (collect at /home/leoja/airflow/spark_jobs/compute_quadrants.py:122) as input to shuffle 0
[2025-06-05T23:09:17.816+0200] {spark_submit.py:521} INFO - 25/06/05 23:09:17 INFO DAGScheduler: Got map stage job 2 (collect at /home/leoja/airflow/spark_jobs/compute_quadrants.py:122) with 1 output partitions
[2025-06-05T23:09:17.816+0200] {spark_submit.py:521} INFO - 25/06/05 23:09:17 INFO DAGScheduler: Final stage: ShuffleMapStage 2 (collect at /home/leoja/airflow/spark_jobs/compute_quadrants.py:122)
[2025-06-05T23:09:17.817+0200] {spark_submit.py:521} INFO - 25/06/05 23:09:17 INFO DAGScheduler: Parents of final stage: List()
[2025-06-05T23:09:17.818+0200] {spark_submit.py:521} INFO - 25/06/05 23:09:17 INFO DAGScheduler: Missing parents: List()
[2025-06-05T23:09:17.822+0200] {spark_submit.py:521} INFO - 25/06/05 23:09:17 INFO DAGScheduler: Submitting ShuffleMapStage 2 (MapPartitionsRDD[7] at collect at /home/leoja/airflow/spark_jobs/compute_quadrants.py:122), which has no missing parents
[2025-06-05T23:09:17.887+0200] {spark_submit.py:521} INFO - 25/06/05 23:09:17 INFO MemoryStore: Block broadcast_3 stored as values in memory (estimated size 18.6 KiB, free 434.2 MiB)
[2025-06-05T23:09:17.890+0200] {spark_submit.py:521} INFO - 25/06/05 23:09:17 INFO MemoryStore: Block broadcast_3_piece0 stored as bytes in memory (estimated size 8.3 KiB, free 434.1 MiB)
[2025-06-05T23:09:17.891+0200] {spark_submit.py:521} INFO - 25/06/05 23:09:17 INFO BlockManagerInfo: Added broadcast_3_piece0 in memory on 10.255.255.254:45083 (size: 8.3 KiB, free: 434.4 MiB)
[2025-06-05T23:09:17.892+0200] {spark_submit.py:521} INFO - 25/06/05 23:09:17 INFO SparkContext: Created broadcast 3 from broadcast at DAGScheduler.scala:1585
[2025-06-05T23:09:17.894+0200] {spark_submit.py:521} INFO - 25/06/05 23:09:17 INFO DAGScheduler: Submitting 1 missing tasks from ShuffleMapStage 2 (MapPartitionsRDD[7] at collect at /home/leoja/airflow/spark_jobs/compute_quadrants.py:122) (first 15 tasks are for partitions Vector(0))
[2025-06-05T23:09:17.894+0200] {spark_submit.py:521} INFO - 25/06/05 23:09:17 INFO TaskSchedulerImpl: Adding task set 2.0 with 1 tasks resource profile 0
[2025-06-05T23:09:17.900+0200] {spark_submit.py:521} INFO - 25/06/05 23:09:17 INFO TaskSetManager: Starting task 0.0 in stage 2.0 (TID 2) (10.255.255.254, executor driver, partition 0, PROCESS_LOCAL, 9600 bytes)
[2025-06-05T23:09:17.901+0200] {spark_submit.py:521} INFO - 25/06/05 23:09:17 INFO Executor: Running task 0.0 in stage 2.0 (TID 2)
[2025-06-05T23:09:17.999+0200] {spark_submit.py:521} INFO - 25/06/05 23:09:17 INFO CodeGenerator: Code generated in 26.370483 ms
[2025-06-05T23:09:18.012+0200] {spark_submit.py:521} INFO - 25/06/05 23:09:18 INFO FileScanRDD: Reading File path: file:///home/leoja/airflow/data/quadrants.parquet, range: 0-44072, partition values: [empty row]
[2025-06-05T23:09:18.159+0200] {spark_submit.py:521} INFO - 25/06/05 23:09:18 INFO CodecPool: Got brand-new decompressor [.snappy]
[2025-06-05T23:09:18.337+0200] {spark_submit.py:521} INFO - 25/06/05 23:09:18 INFO Executor: Finished task 0.0 in stage 2.0 (TID 2). 2224 bytes result sent to driver
[2025-06-05T23:09:18.341+0200] {spark_submit.py:521} INFO - 25/06/05 23:09:18 INFO TaskSetManager: Finished task 0.0 in stage 2.0 (TID 2) in 445 ms on 10.255.255.254 (executor driver) (1/1)
[2025-06-05T23:09:18.341+0200] {spark_submit.py:521} INFO - 25/06/05 23:09:18 INFO TaskSchedulerImpl: Removed TaskSet 2.0, whose tasks have all completed, from pool
[2025-06-05T23:09:18.343+0200] {spark_submit.py:521} INFO - 25/06/05 23:09:18 INFO DAGScheduler: ShuffleMapStage 2 (collect at /home/leoja/airflow/spark_jobs/compute_quadrants.py:122) finished in 0.517 s
[2025-06-05T23:09:18.344+0200] {spark_submit.py:521} INFO - 25/06/05 23:09:18 INFO DAGScheduler: looking for newly runnable stages
[2025-06-05T23:09:18.344+0200] {spark_submit.py:521} INFO - 25/06/05 23:09:18 INFO DAGScheduler: running: Set()
[2025-06-05T23:09:18.345+0200] {spark_submit.py:521} INFO - 25/06/05 23:09:18 INFO DAGScheduler: waiting: Set()
[2025-06-05T23:09:18.345+0200] {spark_submit.py:521} INFO - 25/06/05 23:09:18 INFO DAGScheduler: failed: Set()
[2025-06-05T23:09:18.397+0200] {spark_submit.py:521} INFO - 25/06/05 23:09:18 INFO CodeGenerator: Code generated in 17.692727 ms
[2025-06-05T23:09:18.424+0200] {spark_submit.py:521} INFO - 25/06/05 23:09:18 INFO SparkContext: Starting job: collect at /home/leoja/airflow/spark_jobs/compute_quadrants.py:122
[2025-06-05T23:09:18.427+0200] {spark_submit.py:521} INFO - 25/06/05 23:09:18 INFO DAGScheduler: Got job 3 (collect at /home/leoja/airflow/spark_jobs/compute_quadrants.py:122) with 1 output partitions
[2025-06-05T23:09:18.427+0200] {spark_submit.py:521} INFO - 25/06/05 23:09:18 INFO DAGScheduler: Final stage: ResultStage 4 (collect at /home/leoja/airflow/spark_jobs/compute_quadrants.py:122)
[2025-06-05T23:09:18.427+0200] {spark_submit.py:521} INFO - 25/06/05 23:09:18 INFO DAGScheduler: Parents of final stage: List(ShuffleMapStage 3)
[2025-06-05T23:09:18.428+0200] {spark_submit.py:521} INFO - 25/06/05 23:09:18 INFO DAGScheduler: Missing parents: List()
[2025-06-05T23:09:18.429+0200] {spark_submit.py:521} INFO - 25/06/05 23:09:18 INFO DAGScheduler: Submitting ResultStage 4 (MapPartitionsRDD[10] at collect at /home/leoja/airflow/spark_jobs/compute_quadrants.py:122), which has no missing parents
[2025-06-05T23:09:18.440+0200] {spark_submit.py:521} INFO - 25/06/05 23:09:18 INFO MemoryStore: Block broadcast_4 stored as values in memory (estimated size 13.1 KiB, free 434.1 MiB)
[2025-06-05T23:09:18.446+0200] {spark_submit.py:521} INFO - 25/06/05 23:09:18 INFO MemoryStore: Block broadcast_4_piece0 stored as bytes in memory (estimated size 6.1 KiB, free 434.1 MiB)
[2025-06-05T23:09:18.447+0200] {spark_submit.py:521} INFO - 25/06/05 23:09:18 INFO BlockManagerInfo: Added broadcast_4_piece0 in memory on 10.255.255.254:45083 (size: 6.1 KiB, free: 434.4 MiB)
[2025-06-05T23:09:18.448+0200] {spark_submit.py:521} INFO - 25/06/05 23:09:18 INFO SparkContext: Created broadcast 4 from broadcast at DAGScheduler.scala:1585
[2025-06-05T23:09:18.449+0200] {spark_submit.py:521} INFO - 25/06/05 23:09:18 INFO DAGScheduler: Submitting 1 missing tasks from ResultStage 4 (MapPartitionsRDD[10] at collect at /home/leoja/airflow/spark_jobs/compute_quadrants.py:122) (first 15 tasks are for partitions Vector(0))
[2025-06-05T23:09:18.449+0200] {spark_submit.py:521} INFO - 25/06/05 23:09:18 INFO TaskSchedulerImpl: Adding task set 4.0 with 1 tasks resource profile 0
[2025-06-05T23:09:18.457+0200] {spark_submit.py:521} INFO - 25/06/05 23:09:18 INFO TaskSetManager: Starting task 0.0 in stage 4.0 (TID 3) (10.255.255.254, executor driver, partition 0, NODE_LOCAL, 8999 bytes)
[2025-06-05T23:09:18.458+0200] {spark_submit.py:521} INFO - 25/06/05 23:09:18 INFO Executor: Running task 0.0 in stage 4.0 (TID 3)
[2025-06-05T23:09:18.502+0200] {spark_submit.py:521} INFO - 25/06/05 23:09:18 INFO ShuffleBlockFetcherIterator: Getting 1 (60.0 B) non-empty blocks including 1 (60.0 B) local and 0 (0.0 B) host-local and 0 (0.0 B) push-merged-local and 0 (0.0 B) remote blocks
[2025-06-05T23:09:18.505+0200] {spark_submit.py:521} INFO - 25/06/05 23:09:18 INFO ShuffleBlockFetcherIterator: Started 0 remote fetches in 11 ms
[2025-06-05T23:09:18.525+0200] {spark_submit.py:521} INFO - 25/06/05 23:09:18 INFO CodeGenerator: Code generated in 17.295654 ms
[2025-06-05T23:09:18.556+0200] {spark_submit.py:521} INFO - 25/06/05 23:09:18 INFO Executor: Finished task 0.0 in stage 4.0 (TID 3). 4038 bytes result sent to driver
[2025-06-05T23:09:18.561+0200] {spark_submit.py:521} INFO - 25/06/05 23:09:18 INFO TaskSetManager: Finished task 0.0 in stage 4.0 (TID 3) in 105 ms on 10.255.255.254 (executor driver) (1/1)
[2025-06-05T23:09:18.561+0200] {spark_submit.py:521} INFO - 25/06/05 23:09:18 INFO TaskSchedulerImpl: Removed TaskSet 4.0, whose tasks have all completed, from pool
[2025-06-05T23:09:18.562+0200] {spark_submit.py:521} INFO - 25/06/05 23:09:18 INFO DAGScheduler: ResultStage 4 (collect at /home/leoja/airflow/spark_jobs/compute_quadrants.py:122) finished in 0.127 s
[2025-06-05T23:09:18.563+0200] {spark_submit.py:521} INFO - 25/06/05 23:09:18 INFO DAGScheduler: Job 3 is finished. Cancelling potential speculative or zombie tasks for this job
[2025-06-05T23:09:18.563+0200] {spark_submit.py:521} INFO - 25/06/05 23:09:18 INFO TaskSchedulerImpl: Killing all running tasks in stage 4: Stage finished
[2025-06-05T23:09:18.563+0200] {spark_submit.py:521} INFO - 25/06/05 23:09:18 INFO DAGScheduler: Job 3 finished: collect at /home/leoja/airflow/spark_jobs/compute_quadrants.py:122, took 0.138994 s
[2025-06-05T23:09:18.783+0200] {spark_submit.py:521} INFO - 25/06/05 23:09:18 INFO FileSourceStrategy: Pushed Filters:
[2025-06-05T23:09:18.785+0200] {spark_submit.py:521} INFO - 25/06/05 23:09:18 INFO FileSourceStrategy: Post-Scan Filters: (gettimestamp(date#0, yyyy-MM-dd, TimestampType, Some(Europe/Paris), false) >= 2025-07-01 00:00:00)
[2025-06-05T23:09:18.862+0200] {spark_submit.py:521} INFO - 25/06/05 23:09:18 INFO CodeGenerator: Code generated in 35.496058 ms
[2025-06-05T23:09:18.871+0200] {spark_submit.py:521} INFO - 25/06/05 23:09:18 INFO MemoryStore: Block broadcast_5 stored as values in memory (estimated size 202.1 KiB, free 433.9 MiB)
[2025-06-05T23:09:18.882+0200] {spark_submit.py:521} INFO - 25/06/05 23:09:18 INFO MemoryStore: Block broadcast_5_piece0 stored as bytes in memory (estimated size 35.2 KiB, free 433.9 MiB)
[2025-06-05T23:09:18.883+0200] {spark_submit.py:521} INFO - 25/06/05 23:09:18 INFO BlockManagerInfo: Added broadcast_5_piece0 in memory on 10.255.255.254:45083 (size: 35.2 KiB, free: 434.3 MiB)
[2025-06-05T23:09:18.884+0200] {spark_submit.py:521} INFO - 25/06/05 23:09:18 INFO SparkContext: Created broadcast 5 from javaToPython at NativeMethodAccessorImpl.java:0
[2025-06-05T23:09:18.887+0200] {spark_submit.py:521} INFO - 25/06/05 23:09:18 INFO FileSourceScanExec: Planning scan with bin packing, max size: 4194304 bytes, open cost is considered as scanning 4194304 bytes.
[2025-06-05T23:09:18.918+0200] {spark_submit.py:521} INFO - 25/06/05 23:09:18 INFO CodeGenerator: Code generated in 13.013711 ms
[2025-06-05T23:09:18.962+0200] {spark_submit.py:521} INFO - 25/06/05 23:09:18 INFO SparkContext: Starting job: javaToPython at NativeMethodAccessorImpl.java:0
[2025-06-05T23:09:18.964+0200] {spark_submit.py:521} INFO - 25/06/05 23:09:18 INFO DAGScheduler: Got job 4 (javaToPython at NativeMethodAccessorImpl.java:0) with 1 output partitions
[2025-06-05T23:09:18.965+0200] {spark_submit.py:521} INFO - 25/06/05 23:09:18 INFO DAGScheduler: Final stage: ResultStage 5 (javaToPython at NativeMethodAccessorImpl.java:0)
[2025-06-05T23:09:18.965+0200] {spark_submit.py:521} INFO - 25/06/05 23:09:18 INFO DAGScheduler: Parents of final stage: List()
[2025-06-05T23:09:18.965+0200] {spark_submit.py:521} INFO - 25/06/05 23:09:18 INFO DAGScheduler: Missing parents: List()
[2025-06-05T23:09:18.966+0200] {spark_submit.py:521} INFO - 25/06/05 23:09:18 INFO DAGScheduler: Submitting ResultStage 5 (MapPartitionsRDD[16] at javaToPython at NativeMethodAccessorImpl.java:0), which has no missing parents
[2025-06-05T23:09:18.971+0200] {spark_submit.py:521} INFO - 25/06/05 23:09:18 INFO MemoryStore: Block broadcast_6 stored as values in memory (estimated size 23.7 KiB, free 433.9 MiB)
[2025-06-05T23:09:18.980+0200] {spark_submit.py:521} INFO - 25/06/05 23:09:18 INFO MemoryStore: Block broadcast_6_piece0 stored as bytes in memory (estimated size 9.5 KiB, free 433.9 MiB)
[2025-06-05T23:09:18.981+0200] {spark_submit.py:521} INFO - 25/06/05 23:09:18 INFO BlockManagerInfo: Added broadcast_6_piece0 in memory on 10.255.255.254:45083 (size: 9.5 KiB, free: 434.3 MiB)
[2025-06-05T23:09:18.982+0200] {spark_submit.py:521} INFO - 25/06/05 23:09:18 INFO SparkContext: Created broadcast 6 from broadcast at DAGScheduler.scala:1585
[2025-06-05T23:09:18.982+0200] {spark_submit.py:521} INFO - 25/06/05 23:09:18 INFO DAGScheduler: Submitting 1 missing tasks from ResultStage 5 (MapPartitionsRDD[16] at javaToPython at NativeMethodAccessorImpl.java:0) (first 15 tasks are for partitions Vector(0))
[2025-06-05T23:09:18.982+0200] {spark_submit.py:521} INFO - 25/06/05 23:09:18 INFO TaskSchedulerImpl: Adding task set 5.0 with 1 tasks resource profile 0
[2025-06-05T23:09:18.984+0200] {spark_submit.py:521} INFO - 25/06/05 23:09:18 INFO TaskSetManager: Starting task 0.0 in stage 5.0 (TID 4) (10.255.255.254, executor driver, partition 0, PROCESS_LOCAL, 9612 bytes)
[2025-06-05T23:09:18.985+0200] {spark_submit.py:521} INFO - 25/06/05 23:09:18 INFO Executor: Running task 0.0 in stage 5.0 (TID 4)
[2025-06-05T23:09:19.022+0200] {spark_submit.py:521} INFO - 25/06/05 23:09:19 INFO CodeGenerator: Code generated in 20.725539 ms
[2025-06-05T23:09:19.038+0200] {spark_submit.py:521} INFO - 25/06/05 23:09:19 INFO CodeGenerator: Code generated in 9.311211 ms
[2025-06-05T23:09:19.041+0200] {spark_submit.py:521} INFO - 25/06/05 23:09:19 INFO FileScanRDD: Reading File path: file:///home/leoja/airflow/data/Indicators.parquet, range: 0-13099, partition values: [empty row]
[2025-06-05T23:09:19.105+0200] {spark_submit.py:521} INFO - 25/06/05 23:09:19 INFO Executor: Finished task 0.0 in stage 5.0 (TID 4). 1890 bytes result sent to driver
[2025-06-05T23:09:19.107+0200] {spark_submit.py:521} INFO - 25/06/05 23:09:19 INFO TaskSetManager: Finished task 0.0 in stage 5.0 (TID 4) in 123 ms on 10.255.255.254 (executor driver) (1/1)
[2025-06-05T23:09:19.108+0200] {spark_submit.py:521} INFO - 25/06/05 23:09:19 INFO BlockManagerInfo: Removed broadcast_3_piece0 on 10.255.255.254:45083 in memory (size: 8.3 KiB, free: 434.3 MiB)
[2025-06-05T23:09:19.108+0200] {spark_submit.py:521} INFO - 25/06/05 23:09:19 INFO TaskSchedulerImpl: Removed TaskSet 5.0, whose tasks have all completed, from pool
[2025-06-05T23:09:19.109+0200] {spark_submit.py:521} INFO - 25/06/05 23:09:19 INFO DAGScheduler: ResultStage 5 (javaToPython at NativeMethodAccessorImpl.java:0) finished in 0.141 s
[2025-06-05T23:09:19.109+0200] {spark_submit.py:521} INFO - 25/06/05 23:09:19 INFO DAGScheduler: Job 4 is finished. Cancelling potential speculative or zombie tasks for this job
[2025-06-05T23:09:19.109+0200] {spark_submit.py:521} INFO - 25/06/05 23:09:19 INFO TaskSchedulerImpl: Killing all running tasks in stage 5: Stage finished
[2025-06-05T23:09:19.110+0200] {spark_submit.py:521} INFO - 25/06/05 23:09:19 INFO DAGScheduler: Job 4 finished: javaToPython at NativeMethodAccessorImpl.java:0, took 0.147468 s
[2025-06-05T23:09:19.114+0200] {spark_submit.py:521} INFO - 25/06/05 23:09:19 INFO BlockManagerInfo: Removed broadcast_4_piece0 on 10.255.255.254:45083 in memory (size: 6.1 KiB, free: 434.3 MiB)
[2025-06-05T23:09:19.116+0200] {spark_submit.py:521} INFO - 25/06/05 23:09:19 INFO DAGScheduler: Registering RDD 17 (javaToPython at NativeMethodAccessorImpl.java:0) as input to shuffle 1
[2025-06-05T23:09:19.116+0200] {spark_submit.py:521} INFO - 25/06/05 23:09:19 INFO DAGScheduler: Got map stage job 5 (javaToPython at NativeMethodAccessorImpl.java:0) with 1 output partitions
[2025-06-05T23:09:19.117+0200] {spark_submit.py:521} INFO - 25/06/05 23:09:19 INFO DAGScheduler: Final stage: ShuffleMapStage 6 (javaToPython at NativeMethodAccessorImpl.java:0)
[2025-06-05T23:09:19.117+0200] {spark_submit.py:521} INFO - 25/06/05 23:09:19 INFO DAGScheduler: Parents of final stage: List()
[2025-06-05T23:09:19.120+0200] {spark_submit.py:521} INFO - 25/06/05 23:09:19 INFO DAGScheduler: Missing parents: List()
[2025-06-05T23:09:19.122+0200] {spark_submit.py:521} INFO - 25/06/05 23:09:19 INFO DAGScheduler: Submitting ShuffleMapStage 6 (MapPartitionsRDD[17] at javaToPython at NativeMethodAccessorImpl.java:0), which has no missing parents
[2025-06-05T23:09:19.143+0200] {spark_submit.py:521} INFO - 25/06/05 23:09:19 INFO MemoryStore: Block broadcast_7 stored as values in memory (estimated size 25.5 KiB, free 433.9 MiB)
[2025-06-05T23:09:19.145+0200] {spark_submit.py:521} INFO - 25/06/05 23:09:19 INFO MemoryStore: Block broadcast_7_piece0 stored as bytes in memory (estimated size 10.4 KiB, free 433.9 MiB)
[2025-06-05T23:09:19.147+0200] {spark_submit.py:521} INFO - 25/06/05 23:09:19 INFO BlockManagerInfo: Added broadcast_7_piece0 in memory on 10.255.255.254:45083 (size: 10.4 KiB, free: 434.3 MiB)
[2025-06-05T23:09:19.148+0200] {spark_submit.py:521} INFO - 25/06/05 23:09:19 INFO SparkContext: Created broadcast 7 from broadcast at DAGScheduler.scala:1585
[2025-06-05T23:09:19.149+0200] {spark_submit.py:521} INFO - 25/06/05 23:09:19 INFO DAGScheduler: Submitting 1 missing tasks from ShuffleMapStage 6 (MapPartitionsRDD[17] at javaToPython at NativeMethodAccessorImpl.java:0) (first 15 tasks are for partitions Vector(0))
[2025-06-05T23:09:19.149+0200] {spark_submit.py:521} INFO - 25/06/05 23:09:19 INFO TaskSchedulerImpl: Adding task set 6.0 with 1 tasks resource profile 0
[2025-06-05T23:09:19.151+0200] {spark_submit.py:521} INFO - 25/06/05 23:09:19 INFO TaskSetManager: Starting task 0.0 in stage 6.0 (TID 5) (10.255.255.254, executor driver, partition 0, PROCESS_LOCAL, 9601 bytes)
[2025-06-05T23:09:19.152+0200] {spark_submit.py:521} INFO - 25/06/05 23:09:19 INFO Executor: Running task 0.0 in stage 6.0 (TID 5)
[2025-06-05T23:09:19.179+0200] {spark_submit.py:521} INFO - 25/06/05 23:09:19 INFO CodeGenerator: Code generated in 8.554569 ms
[2025-06-05T23:09:19.190+0200] {spark_submit.py:521} INFO - 25/06/05 23:09:19 INFO FileScanRDD: Reading File path: file:///home/leoja/airflow/data/Indicators.parquet, range: 0-13099, partition values: [empty row]
[2025-06-05T23:09:19.209+0200] {spark_submit.py:521} INFO - 25/06/05 23:09:19 INFO Executor: Finished task 0.0 in stage 6.0 (TID 5). 1924 bytes result sent to driver
[2025-06-05T23:09:19.210+0200] {spark_submit.py:521} INFO - 25/06/05 23:09:19 INFO TaskSetManager: Finished task 0.0 in stage 6.0 (TID 5) in 60 ms on 10.255.255.254 (executor driver) (1/1)
[2025-06-05T23:09:19.210+0200] {spark_submit.py:521} INFO - 25/06/05 23:09:19 INFO TaskSchedulerImpl: Removed TaskSet 6.0, whose tasks have all completed, from pool
[2025-06-05T23:09:19.211+0200] {spark_submit.py:521} INFO - 25/06/05 23:09:19 INFO DAGScheduler: ShuffleMapStage 6 (javaToPython at NativeMethodAccessorImpl.java:0) finished in 0.088 s
[2025-06-05T23:09:19.211+0200] {spark_submit.py:521} INFO - 25/06/05 23:09:19 INFO DAGScheduler: looking for newly runnable stages
[2025-06-05T23:09:19.212+0200] {spark_submit.py:521} INFO - 25/06/05 23:09:19 INFO DAGScheduler: running: Set()
[2025-06-05T23:09:19.212+0200] {spark_submit.py:521} INFO - 25/06/05 23:09:19 INFO DAGScheduler: waiting: Set()
[2025-06-05T23:09:19.212+0200] {spark_submit.py:521} INFO - 25/06/05 23:09:19 INFO DAGScheduler: failed: Set()
[2025-06-05T23:09:19.251+0200] {spark_submit.py:521} INFO - Aucune nouvelle donnée après 2025-06-30. Pas de réécriture.
[2025-06-05T23:09:19.252+0200] {spark_submit.py:521} INFO - 25/06/05 23:09:19 INFO SparkContext: SparkContext is stopping with exitCode 0.
[2025-06-05T23:09:19.266+0200] {spark_submit.py:521} INFO - 25/06/05 23:09:19 INFO SparkUI: Stopped Spark web UI at http://10.255.255.254:4040
[2025-06-05T23:09:19.283+0200] {spark_submit.py:521} INFO - 25/06/05 23:09:19 INFO MapOutputTrackerMasterEndpoint: MapOutputTrackerMasterEndpoint stopped!
[2025-06-05T23:09:19.299+0200] {spark_submit.py:521} INFO - 25/06/05 23:09:19 INFO MemoryStore: MemoryStore cleared
[2025-06-05T23:09:19.300+0200] {spark_submit.py:521} INFO - 25/06/05 23:09:19 INFO BlockManager: BlockManager stopped
[2025-06-05T23:09:19.302+0200] {spark_submit.py:521} INFO - 25/06/05 23:09:19 INFO BlockManagerMaster: BlockManagerMaster stopped
[2025-06-05T23:09:19.306+0200] {spark_submit.py:521} INFO - 25/06/05 23:09:19 INFO OutputCommitCoordinator$OutputCommitCoordinatorEndpoint: OutputCommitCoordinator stopped!
[2025-06-05T23:09:19.315+0200] {spark_submit.py:521} INFO - 25/06/05 23:09:19 INFO SparkContext: Successfully stopped SparkContext
[2025-06-05T23:09:19.734+0200] {spark_submit.py:521} INFO - 25/06/05 23:09:19 INFO ShutdownHookManager: Shutdown hook called
[2025-06-05T23:09:19.737+0200] {spark_submit.py:521} INFO - 25/06/05 23:09:19 INFO ShutdownHookManager: Deleting directory /tmp/spark-196a9e84-f41d-4e7b-b59d-6769731c47f1/pyspark-bded014b-9c45-44e6-959f-27bae6a2b1a8
[2025-06-05T23:09:19.741+0200] {spark_submit.py:521} INFO - 25/06/05 23:09:19 INFO ShutdownHookManager: Deleting directory /tmp/spark-0b8ff00a-dde5-4558-9ff8-141bdfa3f9c6
[2025-06-05T23:09:19.746+0200] {spark_submit.py:521} INFO - 25/06/05 23:09:19 INFO ShutdownHookManager: Deleting directory /tmp/spark-196a9e84-f41d-4e7b-b59d-6769731c47f1
[2025-06-05T23:09:19.786+0200] {taskinstance.py:441} INFO - ::group::Post task execution logs
[2025-06-05T23:09:19.791+0200] {taskinstance.py:1205} INFO - Marking task as SUCCESS. dag_id=macro_trading_dag, task_id=compute_economic_quadrants, execution_date=20250605T210847, start_date=20250605T210909, end_date=20250605T210919
[2025-06-05T23:09:19.815+0200] {local_task_job_runner.py:240} INFO - Task exited with return code 0
[2025-06-05T23:09:19.824+0200] {taskinstance.py:3482} INFO - 1 downstream tasks scheduled from follow-on schedule check
[2025-06-05T23:09:19.836+0200] {local_task_job_runner.py:222} INFO - ::endgroup::
