[2025-06-09T18:13:48.575+0200] {local_task_job_runner.py:120} INFO - ::group::Pre task execution logs
[2025-06-09T18:13:48.603+0200] {taskinstance.py:2073} INFO - Dependencies all met for dep_context=non-requeueable deps ti=<TaskInstance: macro_trading_dag.fetch_data manual__2025-06-09T16:13:43.869793+00:00 [queued]>
[2025-06-09T18:13:48.616+0200] {taskinstance.py:2073} INFO - Dependencies all met for dep_context=requeueable deps ti=<TaskInstance: macro_trading_dag.fetch_data manual__2025-06-09T16:13:43.869793+00:00 [queued]>
[2025-06-09T18:13:48.616+0200] {taskinstance.py:2303} INFO - Starting attempt 1 of 3
[2025-06-09T18:13:48.637+0200] {taskinstance.py:2327} INFO - Executing <Task(PythonOperator): fetch_data> on 2025-06-09 16:13:43.869793+00:00
[2025-06-09T18:13:48.647+0200] {standard_task_runner.py:90} INFO - Running: ['airflow', 'tasks', 'run', 'macro_trading_dag', 'fetch_data', 'manual__2025-06-09T16:13:43.869793+00:00', '--job-id', '384', '--raw', '--subdir', 'DAGS_FOLDER/macro_trading_dag.py', '--cfg-path', '/tmp/tmpg_nd_bb4']
[2025-06-09T18:13:48.649+0200] {standard_task_runner.py:91} INFO - Job 384: Subtask fetch_data
[2025-06-09T18:13:48.656+0200] {logging_mixin.py:188} WARNING - /home/leoja/airflow/airflow_venv/lib/python3.12/site-packages/airflow/task/task_runner/standard_task_runner.py:61 DeprecationWarning: This process (pid=56734) is multi-threaded, use of fork() may lead to deadlocks in the child.
[2025-06-09T18:13:48.656+0200] {standard_task_runner.py:63} INFO - Started process 56775 to run task
[2025-06-09T18:13:48.688+0200] {task_command.py:426} INFO - Running <TaskInstance: macro_trading_dag.fetch_data manual__2025-06-09T16:13:43.869793+00:00 [running]> on host N15I711-16GR512.localdomain
[2025-06-09T18:13:48.751+0200] {taskinstance.py:2644} INFO - Exporting env vars: AIRFLOW_CTX_DAG_OWNER='airflow' AIRFLOW_CTX_DAG_ID='macro_trading_dag' AIRFLOW_CTX_TASK_ID='fetch_data' AIRFLOW_CTX_EXECUTION_DATE='2025-06-09T16:13:43.869793+00:00' AIRFLOW_CTX_TRY_NUMBER='1' AIRFLOW_CTX_DAG_RUN_ID='manual__2025-06-09T16:13:43.869793+00:00'
[2025-06-09T18:13:48.752+0200] {taskinstance.py:430} INFO - ::endgroup::
[2025-06-09T18:13:49.308+0200] {logging_mixin.py:188} INFO - Données mises à jour pour INFLATION (CPIAUCSL)
[2025-06-09T18:13:49.587+0200] {logging_mixin.py:188} INFO - Données mises à jour pour UNEMPLOYMENT (UNRATE)
[2025-06-09T18:13:49.799+0200] {logging_mixin.py:188} INFO - Aucune nouvelle donnée pour High_Yield_Bond_SPREAD (BAMLH0A0HYM2)
[2025-06-09T18:13:50.174+0200] {logging_mixin.py:188} INFO - Aucune nouvelle donnée pour 10-2Year_Treasury_Yield_Bond (T10Y2Y)
[2025-06-09T18:13:50.395+0200] {logging_mixin.py:188} INFO - Données mises à jour pour CONSUMER_SENTIMENT (UMCSENT)
[2025-06-09T18:13:50.624+0200] {logging_mixin.py:188} INFO - Aucune nouvelle donnée pour BARREL PETROL (DCOILBRENTEU)
[2025-06-09T18:13:50.843+0200] {logging_mixin.py:188} INFO - Données mises à jour pour TAUX_FED (FEDFUNDS)
[2025-06-09T18:13:51.068+0200] {multi.py:184} ERROR - 
1 Failed download:
[2025-06-09T18:13:51.069+0200] {multi.py:197} ERROR - ['^GSPC']: YFPricesMissingError('possibly delisted; no price data found  (1d 2025-06-07 00:00:00 -> 2025-06-08 18:13:50.870143)')
[2025-06-09T18:13:51.076+0200] {logging_mixin.py:188} INFO - Aucune nouvelle donnée pour S&P500(LARGE CAP) (SP500)
[2025-06-09T18:13:51.170+0200] {multi.py:184} ERROR - 
1 Failed download:
[2025-06-09T18:13:51.171+0200] {multi.py:197} ERROR - ['GC=F']: YFPricesMissingError('possibly delisted; no price data found  (1d 2025-06-07 00:00:00 -> 2025-06-08 18:13:51.087417)')
[2025-06-09T18:13:51.173+0200] {logging_mixin.py:188} INFO - Aucune nouvelle donnée pour GOLD_OZ_USD (GOLD_OZ_USD)
[2025-06-09T18:13:51.283+0200] {multi.py:184} ERROR - 
1 Failed download:
[2025-06-09T18:13:51.283+0200] {multi.py:197} ERROR - ['IWM']: YFPricesMissingError('possibly delisted; no price data found  (1d 2025-06-07 00:00:00 -> 2025-06-08 18:13:51.179283)')
[2025-06-09T18:13:51.285+0200] {logging_mixin.py:188} INFO - Aucune nouvelle donnée pour RUSSELL2000(Small CAP) (SmallCAP)
[2025-06-09T18:13:51.409+0200] {multi.py:184} ERROR - 
1 Failed download:
[2025-06-09T18:13:51.409+0200] {multi.py:197} ERROR - ['VNQ']: YFPricesMissingError('possibly delisted; no price data found  (1d 2025-06-07 00:00:00 -> 2025-06-08 18:13:51.294683)')
[2025-06-09T18:13:51.412+0200] {logging_mixin.py:188} INFO - Aucune nouvelle donnée pour REITs(Immobilier US) (US_REIT_VNQ)
[2025-06-09T18:13:51.542+0200] {multi.py:184} ERROR - 
1 Failed download:
[2025-06-09T18:13:51.543+0200] {multi.py:197} ERROR - ['IEF']: YFPricesMissingError('possibly delisted; no price data found  (1d 2025-06-07 00:00:00 -> 2025-06-08 18:13:51.417688)')
[2025-06-09T18:13:51.545+0200] {logging_mixin.py:188} INFO - Aucune nouvelle donnée pour US_TREASURY_10Y (TREASURY_10Y)
[2025-06-09T18:13:51.545+0200] {python.py:237} INFO - Done. Returned value was: None
[2025-06-09T18:13:51.545+0200] {taskinstance.py:441} INFO - ::group::Post task execution logs
[2025-06-09T18:13:51.548+0200] {taskinstance.py:1205} INFO - Marking task as SUCCESS. dag_id=macro_trading_dag, task_id=fetch_data, execution_date=20250609T161343, start_date=20250609T161348, end_date=20250609T161351
[2025-06-09T18:13:51.596+0200] {local_task_job_runner.py:240} INFO - Task exited with return code 0
[2025-06-09T18:13:51.614+0200] {taskinstance.py:3482} INFO - 2 downstream tasks scheduled from follow-on schedule check
[2025-06-09T18:13:51.621+0200] {local_task_job_runner.py:222} INFO - ::endgroup::
