[2025-06-10T16:30:43.480+0200] {local_task_job_runner.py:120} INFO - ::group::Pre task execution logs
[2025-06-10T16:30:43.492+0200] {taskinstance.py:2073} INFO - Dependencies all met for dep_context=non-requeueable deps ti=<TaskInstance: macro_trading_dag.compute_economic_quadrants manual__2025-06-10T14:30:24.100148+00:00 [queued]>
[2025-06-10T16:30:43.495+0200] {taskinstance.py:2073} INFO - Dependencies all met for dep_context=requeueable deps ti=<TaskInstance: macro_trading_dag.compute_economic_quadrants manual__2025-06-10T14:30:24.100148+00:00 [queued]>
[2025-06-10T16:30:43.495+0200] {taskinstance.py:2303} INFO - Starting attempt 1 of 3
[2025-06-10T16:30:43.508+0200] {taskinstance.py:2327} INFO - Executing <Task(SparkSubmitOperator): compute_economic_quadrants> on 2025-06-10 14:30:24.100148+00:00
[2025-06-10T16:30:43.515+0200] {standard_task_runner.py:90} INFO - Running: ['airflow', 'tasks', 'run', 'macro_trading_dag', 'compute_economic_quadrants', 'manual__2025-06-10T14:30:24.100148+00:00', '--job-id', '423', '--raw', '--subdir', 'DAGS_FOLDER/macro_trading_dag.py', '--cfg-path', '/tmp/tmpxotn886x']
[2025-06-10T16:30:43.516+0200] {standard_task_runner.py:91} INFO - Job 423: Subtask compute_economic_quadrants
[2025-06-10T16:30:43.522+0200] {logging_mixin.py:188} WARNING - /home/leoja/airflow/airflow_venv/lib/python3.12/site-packages/airflow/task/task_runner/standard_task_runner.py:61 DeprecationWarning: This process (pid=238786) is multi-threaded, use of fork() may lead to deadlocks in the child.
[2025-06-10T16:30:43.523+0200] {standard_task_runner.py:63} INFO - Started process 238797 to run task
[2025-06-10T16:30:43.548+0200] {task_command.py:426} INFO - Running <TaskInstance: macro_trading_dag.compute_economic_quadrants manual__2025-06-10T14:30:24.100148+00:00 [running]> on host N15I711-16GR512.localdomain
[2025-06-10T16:30:43.611+0200] {taskinstance.py:2644} INFO - Exporting env vars: AIRFLOW_CTX_DAG_OWNER='airflow' AIRFLOW_CTX_DAG_ID='macro_trading_dag' AIRFLOW_CTX_TASK_ID='compute_economic_quadrants' AIRFLOW_CTX_EXECUTION_DATE='2025-06-10T14:30:24.100148+00:00' AIRFLOW_CTX_TRY_NUMBER='1' AIRFLOW_CTX_DAG_RUN_ID='manual__2025-06-10T14:30:24.100148+00:00'
[2025-06-10T16:30:43.612+0200] {taskinstance.py:430} INFO - ::endgroup::
[2025-06-10T16:30:43.616+0200] {base.py:84} INFO - Using connection ID 'spark_local' for task execution.
[2025-06-10T16:30:43.616+0200] {spark_submit.py:351} INFO - Spark-Submit cmd: spark-submit --master local[*] --conf spark.pyspark.python=/home/leoja/airflow_venv/bin/python --conf spark.pyspark.driver.python=/home/leoja/airflow_venv/bin/python --name compute_economic_quadrants /home/leoja/airflow/spark_jobs/compute_quadrants.py /home/leoja/airflow/data/Indicators.parquet /home/leoja/airflow/data/quadrants.parquet /home/leoja/airflow/data/quadrants.csv
[2025-06-10T16:30:45.589+0200] {spark_submit.py:521} INFO - 25/06/10 16:30:45 WARN Utils: Your hostname, N15I711-16GR512 resolves to a loopback address: 127.0.1.1; using 10.255.255.254 instead (on interface lo)
[2025-06-10T16:30:45.591+0200] {spark_submit.py:521} INFO - 25/06/10 16:30:45 WARN Utils: Set SPARK_LOCAL_IP if you need to bind to another address
[2025-06-10T16:30:46.520+0200] {spark_submit.py:521} INFO - 25/06/10 16:30:46 INFO SparkContext: Running Spark version 3.5.5
[2025-06-10T16:30:46.520+0200] {spark_submit.py:521} INFO - 25/06/10 16:30:46 INFO SparkContext: OS info Linux, 6.6.87.1-microsoft-standard-WSL2, amd64
[2025-06-10T16:30:46.520+0200] {spark_submit.py:521} INFO - 25/06/10 16:30:46 INFO SparkContext: Java version 17.0.15
[2025-06-10T16:30:46.573+0200] {spark_submit.py:521} INFO - 25/06/10 16:30:46 WARN NativeCodeLoader: Unable to load native-hadoop library for your platform... using builtin-java classes where applicable
[2025-06-10T16:30:46.646+0200] {spark_submit.py:521} INFO - 25/06/10 16:30:46 INFO ResourceUtils: ==============================================================
[2025-06-10T16:30:46.647+0200] {spark_submit.py:521} INFO - 25/06/10 16:30:46 INFO ResourceUtils: No custom resources configured for spark.driver.
[2025-06-10T16:30:46.647+0200] {spark_submit.py:521} INFO - 25/06/10 16:30:46 INFO ResourceUtils: ==============================================================
[2025-06-10T16:30:46.647+0200] {spark_submit.py:521} INFO - 25/06/10 16:30:46 INFO SparkContext: Submitted application: ComputeEconomicQuadrants
[2025-06-10T16:30:46.664+0200] {spark_submit.py:521} INFO - 25/06/10 16:30:46 INFO ResourceProfile: Default ResourceProfile created, executor resources: Map(cores -> name: cores, amount: 1, script: , vendor: , memory -> name: memory, amount: 1024, script: , vendor: , offHeap -> name: offHeap, amount: 0, script: , vendor: ), task resources: Map(cpus -> name: cpus, amount: 1.0)
[2025-06-10T16:30:46.671+0200] {spark_submit.py:521} INFO - 25/06/10 16:30:46 INFO ResourceProfile: Limiting resource is cpu
[2025-06-10T16:30:46.672+0200] {spark_submit.py:521} INFO - 25/06/10 16:30:46 INFO ResourceProfileManager: Added ResourceProfile id: 0
[2025-06-10T16:30:46.713+0200] {spark_submit.py:521} INFO - 25/06/10 16:30:46 INFO SecurityManager: Changing view acls to: leoja
[2025-06-10T16:30:46.713+0200] {spark_submit.py:521} INFO - 25/06/10 16:30:46 INFO SecurityManager: Changing modify acls to: leoja
[2025-06-10T16:30:46.714+0200] {spark_submit.py:521} INFO - 25/06/10 16:30:46 INFO SecurityManager: Changing view acls groups to:
[2025-06-10T16:30:46.714+0200] {spark_submit.py:521} INFO - 25/06/10 16:30:46 INFO SecurityManager: Changing modify acls groups to:
[2025-06-10T16:30:46.715+0200] {spark_submit.py:521} INFO - 25/06/10 16:30:46 INFO SecurityManager: SecurityManager: authentication disabled; ui acls disabled; users with view permissions: leoja; groups with view permissions: EMPTY; users with modify permissions: leoja; groups with modify permissions: EMPTY
[2025-06-10T16:30:46.905+0200] {spark_submit.py:521} INFO - 25/06/10 16:30:46 INFO Utils: Successfully started service 'sparkDriver' on port 34157.
[2025-06-10T16:30:46.930+0200] {spark_submit.py:521} INFO - 25/06/10 16:30:46 INFO SparkEnv: Registering MapOutputTracker
[2025-06-10T16:30:46.962+0200] {spark_submit.py:521} INFO - 25/06/10 16:30:46 INFO SparkEnv: Registering BlockManagerMaster
[2025-06-10T16:30:46.978+0200] {spark_submit.py:521} INFO - 25/06/10 16:30:46 INFO BlockManagerMasterEndpoint: Using org.apache.spark.storage.DefaultTopologyMapper for getting topology information
[2025-06-10T16:30:46.979+0200] {spark_submit.py:521} INFO - 25/06/10 16:30:46 INFO BlockManagerMasterEndpoint: BlockManagerMasterEndpoint up
[2025-06-10T16:30:46.982+0200] {spark_submit.py:521} INFO - 25/06/10 16:30:46 INFO SparkEnv: Registering BlockManagerMasterHeartbeat
[2025-06-10T16:30:46.998+0200] {spark_submit.py:521} INFO - 25/06/10 16:30:46 INFO DiskBlockManager: Created local directory at /tmp/blockmgr-810254f5-41a0-4c09-989b-70a9a4311a8a
[2025-06-10T16:30:47.009+0200] {spark_submit.py:521} INFO - 25/06/10 16:30:47 INFO MemoryStore: MemoryStore started with capacity 434.4 MiB
[2025-06-10T16:30:47.022+0200] {spark_submit.py:521} INFO - 25/06/10 16:30:47 INFO SparkEnv: Registering OutputCommitCoordinator
[2025-06-10T16:30:47.135+0200] {spark_submit.py:521} INFO - 25/06/10 16:30:47 INFO JettyUtils: Start Jetty 0.0.0.0:4040 for SparkUI
[2025-06-10T16:30:47.183+0200] {spark_submit.py:521} INFO - 25/06/10 16:30:47 INFO Utils: Successfully started service 'SparkUI' on port 4040.
[2025-06-10T16:30:47.275+0200] {spark_submit.py:521} INFO - 25/06/10 16:30:47 INFO Executor: Starting executor ID driver on host 10.255.255.254
[2025-06-10T16:30:47.275+0200] {spark_submit.py:521} INFO - 25/06/10 16:30:47 INFO Executor: OS info Linux, 6.6.87.1-microsoft-standard-WSL2, amd64
[2025-06-10T16:30:47.275+0200] {spark_submit.py:521} INFO - 25/06/10 16:30:47 INFO Executor: Java version 17.0.15
[2025-06-10T16:30:47.281+0200] {spark_submit.py:521} INFO - 25/06/10 16:30:47 INFO Executor: Starting executor with user classpath (userClassPathFirst = false): ''
[2025-06-10T16:30:47.282+0200] {spark_submit.py:521} INFO - 25/06/10 16:30:47 INFO Executor: Created or updated repl class loader org.apache.spark.util.MutableURLClassLoader@615802d3 for default.
[2025-06-10T16:30:47.300+0200] {spark_submit.py:521} INFO - 25/06/10 16:30:47 INFO Utils: Successfully started service 'org.apache.spark.network.netty.NettyBlockTransferService' on port 34331.
[2025-06-10T16:30:47.300+0200] {spark_submit.py:521} INFO - 25/06/10 16:30:47 INFO NettyBlockTransferService: Server created on 10.255.255.254:34331
[2025-06-10T16:30:47.301+0200] {spark_submit.py:521} INFO - 25/06/10 16:30:47 INFO BlockManager: Using org.apache.spark.storage.RandomBlockReplicationPolicy for block replication policy
[2025-06-10T16:30:47.306+0200] {spark_submit.py:521} INFO - 25/06/10 16:30:47 INFO BlockManagerMaster: Registering BlockManager BlockManagerId(driver, 10.255.255.254, 34331, None)
[2025-06-10T16:30:47.309+0200] {spark_submit.py:521} INFO - 25/06/10 16:30:47 INFO BlockManagerMasterEndpoint: Registering block manager 10.255.255.254:34331 with 434.4 MiB RAM, BlockManagerId(driver, 10.255.255.254, 34331, None)
[2025-06-10T16:30:47.311+0200] {spark_submit.py:521} INFO - 25/06/10 16:30:47 INFO BlockManagerMaster: Registered BlockManager BlockManagerId(driver, 10.255.255.254, 34331, None)
[2025-06-10T16:30:47.312+0200] {spark_submit.py:521} INFO - 25/06/10 16:30:47 INFO BlockManager: Initialized BlockManager: BlockManagerId(driver, 10.255.255.254, 34331, None)
[2025-06-10T16:30:47.663+0200] {spark_submit.py:521} INFO - 25/06/10 16:30:47 INFO SharedState: Setting hive.metastore.warehouse.dir ('null') to the value of spark.sql.warehouse.dir.
[2025-06-10T16:30:47.671+0200] {spark_submit.py:521} INFO - 25/06/10 16:30:47 INFO SharedState: Warehouse path is 'file:/home/leoja/airflow/airflow_venv/spark-warehouse'.
[2025-06-10T16:30:48.245+0200] {spark_submit.py:521} INFO - 25/06/10 16:30:48 INFO InMemoryFileIndex: It took 31 ms to list leaf files for 1 paths.
[2025-06-10T16:30:48.695+0200] {spark_submit.py:521} INFO - 25/06/10 16:30:48 INFO SparkContext: Starting job: parquet at NativeMethodAccessorImpl.java:0
[2025-06-10T16:30:48.709+0200] {spark_submit.py:521} INFO - 25/06/10 16:30:48 INFO DAGScheduler: Got job 0 (parquet at NativeMethodAccessorImpl.java:0) with 1 output partitions
[2025-06-10T16:30:48.710+0200] {spark_submit.py:521} INFO - 25/06/10 16:30:48 INFO DAGScheduler: Final stage: ResultStage 0 (parquet at NativeMethodAccessorImpl.java:0)
[2025-06-10T16:30:48.710+0200] {spark_submit.py:521} INFO - 25/06/10 16:30:48 INFO DAGScheduler: Parents of final stage: List()
[2025-06-10T16:30:48.711+0200] {spark_submit.py:521} INFO - 25/06/10 16:30:48 INFO DAGScheduler: Missing parents: List()
[2025-06-10T16:30:48.715+0200] {spark_submit.py:521} INFO - 25/06/10 16:30:48 INFO DAGScheduler: Submitting ResultStage 0 (MapPartitionsRDD[1] at parquet at NativeMethodAccessorImpl.java:0), which has no missing parents
[2025-06-10T16:30:48.768+0200] {spark_submit.py:521} INFO - 25/06/10 16:30:48 INFO MemoryStore: Block broadcast_0 stored as values in memory (estimated size 103.5 KiB, free 434.3 MiB)
[2025-06-10T16:30:48.796+0200] {spark_submit.py:521} INFO - 25/06/10 16:30:48 INFO MemoryStore: Block broadcast_0_piece0 stored as bytes in memory (estimated size 37.3 KiB, free 434.3 MiB)
[2025-06-10T16:30:48.798+0200] {spark_submit.py:521} INFO - 25/06/10 16:30:48 INFO BlockManagerInfo: Added broadcast_0_piece0 in memory on 10.255.255.254:34331 (size: 37.3 KiB, free: 434.4 MiB)
[2025-06-10T16:30:48.801+0200] {spark_submit.py:521} INFO - 25/06/10 16:30:48 INFO SparkContext: Created broadcast 0 from broadcast at DAGScheduler.scala:1585
[2025-06-10T16:30:48.817+0200] {spark_submit.py:521} INFO - 25/06/10 16:30:48 INFO DAGScheduler: Submitting 1 missing tasks from ResultStage 0 (MapPartitionsRDD[1] at parquet at NativeMethodAccessorImpl.java:0) (first 15 tasks are for partitions Vector(0))
[2025-06-10T16:30:48.817+0200] {spark_submit.py:521} INFO - 25/06/10 16:30:48 INFO TaskSchedulerImpl: Adding task set 0.0 with 1 tasks resource profile 0
[2025-06-10T16:30:48.906+0200] {spark_submit.py:521} INFO - 25/06/10 16:30:48 INFO TaskSetManager: Starting task 0.0 in stage 0.0 (TID 0) (10.255.255.254, executor driver, partition 0, PROCESS_LOCAL, 9142 bytes)
[2025-06-10T16:30:48.926+0200] {spark_submit.py:521} INFO - 25/06/10 16:30:48 INFO Executor: Running task 0.0 in stage 0.0 (TID 0)
[2025-06-10T16:30:49.298+0200] {spark_submit.py:521} INFO - 25/06/10 16:30:49 INFO Executor: Finished task 0.0 in stage 0.0 (TID 0). 1931 bytes result sent to driver
[2025-06-10T16:30:49.306+0200] {spark_submit.py:521} INFO - 25/06/10 16:30:49 INFO TaskSetManager: Finished task 0.0 in stage 0.0 (TID 0) in 435 ms on 10.255.255.254 (executor driver) (1/1)
[2025-06-10T16:30:49.307+0200] {spark_submit.py:521} INFO - 25/06/10 16:30:49 INFO TaskSchedulerImpl: Removed TaskSet 0.0, whose tasks have all completed, from pool
[2025-06-10T16:30:49.311+0200] {spark_submit.py:521} INFO - 25/06/10 16:30:49 INFO DAGScheduler: ResultStage 0 (parquet at NativeMethodAccessorImpl.java:0) finished in 0.585 s
[2025-06-10T16:30:49.315+0200] {spark_submit.py:521} INFO - 25/06/10 16:30:49 INFO DAGScheduler: Job 0 is finished. Cancelling potential speculative or zombie tasks for this job
[2025-06-10T16:30:49.315+0200] {spark_submit.py:521} INFO - 25/06/10 16:30:49 INFO TaskSchedulerImpl: Killing all running tasks in stage 0: Stage finished
[2025-06-10T16:30:49.317+0200] {spark_submit.py:521} INFO - 25/06/10 16:30:49 INFO DAGScheduler: Job 0 finished: parquet at NativeMethodAccessorImpl.java:0, took 0.621675 s
[2025-06-10T16:30:49.421+0200] {spark_submit.py:521} INFO - 25/06/10 16:30:49 INFO BlockManagerInfo: Removed broadcast_0_piece0 on 10.255.255.254:34331 in memory (size: 37.3 KiB, free: 434.4 MiB)
[2025-06-10T16:30:50.136+0200] {spark_submit.py:521} INFO - 25/06/10 16:30:50 INFO InMemoryFileIndex: It took 1 ms to list leaf files for 1 paths.
[2025-06-10T16:30:50.169+0200] {spark_submit.py:521} INFO - 25/06/10 16:30:50 INFO SparkContext: Starting job: parquet at NativeMethodAccessorImpl.java:0
[2025-06-10T16:30:50.171+0200] {spark_submit.py:521} INFO - 25/06/10 16:30:50 INFO DAGScheduler: Got job 1 (parquet at NativeMethodAccessorImpl.java:0) with 1 output partitions
[2025-06-10T16:30:50.171+0200] {spark_submit.py:521} INFO - 25/06/10 16:30:50 INFO DAGScheduler: Final stage: ResultStage 1 (parquet at NativeMethodAccessorImpl.java:0)
[2025-06-10T16:30:50.171+0200] {spark_submit.py:521} INFO - 25/06/10 16:30:50 INFO DAGScheduler: Parents of final stage: List()
[2025-06-10T16:30:50.171+0200] {spark_submit.py:521} INFO - 25/06/10 16:30:50 INFO DAGScheduler: Missing parents: List()
[2025-06-10T16:30:50.172+0200] {spark_submit.py:521} INFO - 25/06/10 16:30:50 INFO DAGScheduler: Submitting ResultStage 1 (MapPartitionsRDD[3] at parquet at NativeMethodAccessorImpl.java:0), which has no missing parents
[2025-06-10T16:30:50.182+0200] {spark_submit.py:521} INFO - 25/06/10 16:30:50 INFO MemoryStore: Block broadcast_1 stored as values in memory (estimated size 103.5 KiB, free 434.3 MiB)
[2025-06-10T16:30:50.190+0200] {spark_submit.py:521} INFO - 25/06/10 16:30:50 INFO MemoryStore: Block broadcast_1_piece0 stored as bytes in memory (estimated size 37.3 KiB, free 434.3 MiB)
[2025-06-10T16:30:50.191+0200] {spark_submit.py:521} INFO - 25/06/10 16:30:50 INFO BlockManagerInfo: Added broadcast_1_piece0 in memory on 10.255.255.254:34331 (size: 37.3 KiB, free: 434.4 MiB)
[2025-06-10T16:30:50.192+0200] {spark_submit.py:521} INFO - 25/06/10 16:30:50 INFO SparkContext: Created broadcast 1 from broadcast at DAGScheduler.scala:1585
[2025-06-10T16:30:50.193+0200] {spark_submit.py:521} INFO - 25/06/10 16:30:50 INFO DAGScheduler: Submitting 1 missing tasks from ResultStage 1 (MapPartitionsRDD[3] at parquet at NativeMethodAccessorImpl.java:0) (first 15 tasks are for partitions Vector(0))
[2025-06-10T16:30:50.194+0200] {spark_submit.py:521} INFO - 25/06/10 16:30:50 INFO TaskSchedulerImpl: Adding task set 1.0 with 1 tasks resource profile 0
[2025-06-10T16:30:50.196+0200] {spark_submit.py:521} INFO - 25/06/10 16:30:50 INFO TaskSetManager: Starting task 0.0 in stage 1.0 (TID 1) (10.255.255.254, executor driver, partition 0, PROCESS_LOCAL, 9141 bytes)
[2025-06-10T16:30:50.197+0200] {spark_submit.py:521} INFO - 25/06/10 16:30:50 INFO Executor: Running task 0.0 in stage 1.0 (TID 1)
[2025-06-10T16:30:50.240+0200] {spark_submit.py:521} INFO - 25/06/10 16:30:50 INFO Executor: Finished task 0.0 in stage 1.0 (TID 1). 3970 bytes result sent to driver
[2025-06-10T16:30:50.244+0200] {spark_submit.py:521} INFO - 25/06/10 16:30:50 INFO TaskSetManager: Finished task 0.0 in stage 1.0 (TID 1) in 49 ms on 10.255.255.254 (executor driver) (1/1)
[2025-06-10T16:30:50.245+0200] {spark_submit.py:521} INFO - 25/06/10 16:30:50 INFO TaskSchedulerImpl: Removed TaskSet 1.0, whose tasks have all completed, from pool
[2025-06-10T16:30:50.245+0200] {spark_submit.py:521} INFO - 25/06/10 16:30:50 INFO DAGScheduler: ResultStage 1 (parquet at NativeMethodAccessorImpl.java:0) finished in 0.073 s
[2025-06-10T16:30:50.246+0200] {spark_submit.py:521} INFO - 25/06/10 16:30:50 INFO DAGScheduler: Job 1 is finished. Cancelling potential speculative or zombie tasks for this job
[2025-06-10T16:30:50.246+0200] {spark_submit.py:521} INFO - 25/06/10 16:30:50 INFO TaskSchedulerImpl: Killing all running tasks in stage 1: Stage finished
[2025-06-10T16:30:50.246+0200] {spark_submit.py:521} INFO - 25/06/10 16:30:50 INFO DAGScheduler: Job 1 finished: parquet at NativeMethodAccessorImpl.java:0, took 0.076903 s
[2025-06-10T16:30:52.978+0200] {spark_submit.py:521} INFO - 25/06/10 16:30:52 INFO FileSourceStrategy: Pushed Filters:
[2025-06-10T16:30:52.981+0200] {spark_submit.py:521} INFO - 25/06/10 16:30:52 INFO FileSourceStrategy: Post-Scan Filters:
[2025-06-10T16:30:53.423+0200] {spark_submit.py:521} INFO - 25/06/10 16:30:53 INFO BlockManagerInfo: Removed broadcast_1_piece0 on 10.255.255.254:34331 in memory (size: 37.3 KiB, free: 434.4 MiB)
[2025-06-10T16:30:53.467+0200] {spark_submit.py:521} INFO - 25/06/10 16:30:53 INFO CodeGenerator: Code generated in 195.32892 ms
[2025-06-10T16:30:53.491+0200] {spark_submit.py:521} INFO - 25/06/10 16:30:53 INFO MemoryStore: Block broadcast_2 stored as values in memory (estimated size 201.2 KiB, free 434.2 MiB)
[2025-06-10T16:30:53.501+0200] {spark_submit.py:521} INFO - 25/06/10 16:30:53 INFO MemoryStore: Block broadcast_2_piece0 stored as bytes in memory (estimated size 35.0 KiB, free 434.2 MiB)
[2025-06-10T16:30:53.502+0200] {spark_submit.py:521} INFO - 25/06/10 16:30:53 INFO BlockManagerInfo: Added broadcast_2_piece0 in memory on 10.255.255.254:34331 (size: 35.0 KiB, free: 434.4 MiB)
[2025-06-10T16:30:53.503+0200] {spark_submit.py:521} INFO - 25/06/10 16:30:53 INFO SparkContext: Created broadcast 2 from collect at /home/leoja/airflow/spark_jobs/compute_quadrants.py:119
[2025-06-10T16:30:53.516+0200] {spark_submit.py:521} INFO - 25/06/10 16:30:53 INFO FileSourceScanExec: Planning scan with bin packing, max size: 4194304 bytes, open cost is considered as scanning 4194304 bytes.
[2025-06-10T16:30:53.566+0200] {spark_submit.py:521} INFO - 25/06/10 16:30:53 INFO DAGScheduler: Registering RDD 7 (collect at /home/leoja/airflow/spark_jobs/compute_quadrants.py:119) as input to shuffle 0
[2025-06-10T16:30:53.571+0200] {spark_submit.py:521} INFO - 25/06/10 16:30:53 INFO DAGScheduler: Got map stage job 2 (collect at /home/leoja/airflow/spark_jobs/compute_quadrants.py:119) with 1 output partitions
[2025-06-10T16:30:53.571+0200] {spark_submit.py:521} INFO - 25/06/10 16:30:53 INFO DAGScheduler: Final stage: ShuffleMapStage 2 (collect at /home/leoja/airflow/spark_jobs/compute_quadrants.py:119)
[2025-06-10T16:30:53.571+0200] {spark_submit.py:521} INFO - 25/06/10 16:30:53 INFO DAGScheduler: Parents of final stage: List()
[2025-06-10T16:30:53.571+0200] {spark_submit.py:521} INFO - 25/06/10 16:30:53 INFO DAGScheduler: Missing parents: List()
[2025-06-10T16:30:53.572+0200] {spark_submit.py:521} INFO - 25/06/10 16:30:53 INFO DAGScheduler: Submitting ShuffleMapStage 2 (MapPartitionsRDD[7] at collect at /home/leoja/airflow/spark_jobs/compute_quadrants.py:119), which has no missing parents
[2025-06-10T16:30:53.611+0200] {spark_submit.py:521} INFO - 25/06/10 16:30:53 INFO MemoryStore: Block broadcast_3 stored as values in memory (estimated size 18.6 KiB, free 434.2 MiB)
[2025-06-10T16:30:53.617+0200] {spark_submit.py:521} INFO - 25/06/10 16:30:53 INFO MemoryStore: Block broadcast_3_piece0 stored as bytes in memory (estimated size 8.3 KiB, free 434.1 MiB)
[2025-06-10T16:30:53.618+0200] {spark_submit.py:521} INFO - 25/06/10 16:30:53 INFO BlockManagerInfo: Added broadcast_3_piece0 in memory on 10.255.255.254:34331 (size: 8.3 KiB, free: 434.4 MiB)
[2025-06-10T16:30:53.619+0200] {spark_submit.py:521} INFO - 25/06/10 16:30:53 INFO SparkContext: Created broadcast 3 from broadcast at DAGScheduler.scala:1585
[2025-06-10T16:30:53.620+0200] {spark_submit.py:521} INFO - 25/06/10 16:30:53 INFO DAGScheduler: Submitting 1 missing tasks from ShuffleMapStage 2 (MapPartitionsRDD[7] at collect at /home/leoja/airflow/spark_jobs/compute_quadrants.py:119) (first 15 tasks are for partitions Vector(0))
[2025-06-10T16:30:53.620+0200] {spark_submit.py:521} INFO - 25/06/10 16:30:53 INFO TaskSchedulerImpl: Adding task set 2.0 with 1 tasks resource profile 0
[2025-06-10T16:30:53.626+0200] {spark_submit.py:521} INFO - 25/06/10 16:30:53 INFO TaskSetManager: Starting task 0.0 in stage 2.0 (TID 2) (10.255.255.254, executor driver, partition 0, PROCESS_LOCAL, 9600 bytes)
[2025-06-10T16:30:53.627+0200] {spark_submit.py:521} INFO - 25/06/10 16:30:53 INFO Executor: Running task 0.0 in stage 2.0 (TID 2)
[2025-06-10T16:30:53.686+0200] {spark_submit.py:521} INFO - 25/06/10 16:30:53 INFO CodeGenerator: Code generated in 16.458183 ms
[2025-06-10T16:30:53.700+0200] {spark_submit.py:521} INFO - 25/06/10 16:30:53 INFO FileScanRDD: Reading File path: file:///home/leoja/airflow/data/quadrants.parquet, range: 0-44072, partition values: [empty row]
[2025-06-10T16:30:53.858+0200] {spark_submit.py:521} INFO - 25/06/10 16:30:53 INFO CodecPool: Got brand-new decompressor [.snappy]
[2025-06-10T16:30:54.136+0200] {spark_submit.py:521} INFO - 25/06/10 16:30:54 INFO Executor: Finished task 0.0 in stage 2.0 (TID 2). 2181 bytes result sent to driver
[2025-06-10T16:30:54.141+0200] {spark_submit.py:521} INFO - 25/06/10 16:30:54 INFO TaskSetManager: Finished task 0.0 in stage 2.0 (TID 2) in 520 ms on 10.255.255.254 (executor driver) (1/1)
[2025-06-10T16:30:54.141+0200] {spark_submit.py:521} INFO - 25/06/10 16:30:54 INFO TaskSchedulerImpl: Removed TaskSet 2.0, whose tasks have all completed, from pool
[2025-06-10T16:30:54.144+0200] {spark_submit.py:521} INFO - 25/06/10 16:30:54 INFO DAGScheduler: ShuffleMapStage 2 (collect at /home/leoja/airflow/spark_jobs/compute_quadrants.py:119) finished in 0.569 s
[2025-06-10T16:30:54.145+0200] {spark_submit.py:521} INFO - 25/06/10 16:30:54 INFO DAGScheduler: looking for newly runnable stages
[2025-06-10T16:30:54.145+0200] {spark_submit.py:521} INFO - 25/06/10 16:30:54 INFO DAGScheduler: running: Set()
[2025-06-10T16:30:54.146+0200] {spark_submit.py:521} INFO - 25/06/10 16:30:54 INFO DAGScheduler: waiting: Set()
[2025-06-10T16:30:54.146+0200] {spark_submit.py:521} INFO - 25/06/10 16:30:54 INFO DAGScheduler: failed: Set()
[2025-06-10T16:30:54.187+0200] {spark_submit.py:521} INFO - 25/06/10 16:30:54 INFO CodeGenerator: Code generated in 10.814584 ms
[2025-06-10T16:30:54.206+0200] {spark_submit.py:521} INFO - 25/06/10 16:30:54 INFO SparkContext: Starting job: collect at /home/leoja/airflow/spark_jobs/compute_quadrants.py:119
[2025-06-10T16:30:54.209+0200] {spark_submit.py:521} INFO - 25/06/10 16:30:54 INFO DAGScheduler: Got job 3 (collect at /home/leoja/airflow/spark_jobs/compute_quadrants.py:119) with 1 output partitions
[2025-06-10T16:30:54.209+0200] {spark_submit.py:521} INFO - 25/06/10 16:30:54 INFO DAGScheduler: Final stage: ResultStage 4 (collect at /home/leoja/airflow/spark_jobs/compute_quadrants.py:119)
[2025-06-10T16:30:54.209+0200] {spark_submit.py:521} INFO - 25/06/10 16:30:54 INFO DAGScheduler: Parents of final stage: List(ShuffleMapStage 3)
[2025-06-10T16:30:54.209+0200] {spark_submit.py:521} INFO - 25/06/10 16:30:54 INFO DAGScheduler: Missing parents: List()
[2025-06-10T16:30:54.210+0200] {spark_submit.py:521} INFO - 25/06/10 16:30:54 INFO DAGScheduler: Submitting ResultStage 4 (MapPartitionsRDD[10] at collect at /home/leoja/airflow/spark_jobs/compute_quadrants.py:119), which has no missing parents
[2025-06-10T16:30:54.218+0200] {spark_submit.py:521} INFO - 25/06/10 16:30:54 INFO MemoryStore: Block broadcast_4 stored as values in memory (estimated size 13.1 KiB, free 434.1 MiB)
[2025-06-10T16:30:54.227+0200] {spark_submit.py:521} INFO - 25/06/10 16:30:54 INFO MemoryStore: Block broadcast_4_piece0 stored as bytes in memory (estimated size 6.1 KiB, free 434.1 MiB)
[2025-06-10T16:30:54.229+0200] {spark_submit.py:521} INFO - 25/06/10 16:30:54 INFO BlockManagerInfo: Added broadcast_4_piece0 in memory on 10.255.255.254:34331 (size: 6.1 KiB, free: 434.4 MiB)
[2025-06-10T16:30:54.230+0200] {spark_submit.py:521} INFO - 25/06/10 16:30:54 INFO BlockManagerInfo: Removed broadcast_3_piece0 on 10.255.255.254:34331 in memory (size: 8.3 KiB, free: 434.4 MiB)
[2025-06-10T16:30:54.230+0200] {spark_submit.py:521} INFO - 25/06/10 16:30:54 INFO SparkContext: Created broadcast 4 from broadcast at DAGScheduler.scala:1585
[2025-06-10T16:30:54.231+0200] {spark_submit.py:521} INFO - 25/06/10 16:30:54 INFO DAGScheduler: Submitting 1 missing tasks from ResultStage 4 (MapPartitionsRDD[10] at collect at /home/leoja/airflow/spark_jobs/compute_quadrants.py:119) (first 15 tasks are for partitions Vector(0))
[2025-06-10T16:30:54.231+0200] {spark_submit.py:521} INFO - 25/06/10 16:30:54 INFO TaskSchedulerImpl: Adding task set 4.0 with 1 tasks resource profile 0
[2025-06-10T16:30:54.237+0200] {spark_submit.py:521} INFO - 25/06/10 16:30:54 INFO TaskSetManager: Starting task 0.0 in stage 4.0 (TID 3) (10.255.255.254, executor driver, partition 0, NODE_LOCAL, 8999 bytes)
[2025-06-10T16:30:54.238+0200] {spark_submit.py:521} INFO - 25/06/10 16:30:54 INFO Executor: Running task 0.0 in stage 4.0 (TID 3)
[2025-06-10T16:30:54.288+0200] {spark_submit.py:521} INFO - 25/06/10 16:30:54 INFO ShuffleBlockFetcherIterator: Getting 1 (60.0 B) non-empty blocks including 1 (60.0 B) local and 0 (0.0 B) host-local and 0 (0.0 B) push-merged-local and 0 (0.0 B) remote blocks
[2025-06-10T16:30:54.291+0200] {spark_submit.py:521} INFO - 25/06/10 16:30:54 INFO ShuffleBlockFetcherIterator: Started 0 remote fetches in 18 ms
[2025-06-10T16:30:54.307+0200] {spark_submit.py:521} INFO - 25/06/10 16:30:54 INFO CodeGenerator: Code generated in 13.41452 ms
[2025-06-10T16:30:54.336+0200] {spark_submit.py:521} INFO - 25/06/10 16:30:54 INFO Executor: Finished task 0.0 in stage 4.0 (TID 3). 4081 bytes result sent to driver
[2025-06-10T16:30:54.348+0200] {spark_submit.py:521} INFO - 25/06/10 16:30:54 INFO TaskSetManager: Finished task 0.0 in stage 4.0 (TID 3) in 112 ms on 10.255.255.254 (executor driver) (1/1)
[2025-06-10T16:30:54.348+0200] {spark_submit.py:521} INFO - 25/06/10 16:30:54 INFO TaskSchedulerImpl: Removed TaskSet 4.0, whose tasks have all completed, from pool
[2025-06-10T16:30:54.349+0200] {spark_submit.py:521} INFO - 25/06/10 16:30:54 INFO DAGScheduler: ResultStage 4 (collect at /home/leoja/airflow/spark_jobs/compute_quadrants.py:119) finished in 0.133 s
[2025-06-10T16:30:54.350+0200] {spark_submit.py:521} INFO - 25/06/10 16:30:54 INFO DAGScheduler: Job 3 is finished. Cancelling potential speculative or zombie tasks for this job
[2025-06-10T16:30:54.350+0200] {spark_submit.py:521} INFO - 25/06/10 16:30:54 INFO TaskSchedulerImpl: Killing all running tasks in stage 4: Stage finished
[2025-06-10T16:30:54.351+0200] {spark_submit.py:521} INFO - 25/06/10 16:30:54 INFO DAGScheduler: Job 3 finished: collect at /home/leoja/airflow/spark_jobs/compute_quadrants.py:119, took 0.143974 s
[2025-06-10T16:30:54.517+0200] {spark_submit.py:521} INFO - 25/06/10 16:30:54 INFO FileSourceStrategy: Pushed Filters:
[2025-06-10T16:30:54.519+0200] {spark_submit.py:521} INFO - 25/06/10 16:30:54 INFO FileSourceStrategy: Post-Scan Filters: (gettimestamp(date#0, yyyy-MM-dd, TimestampType, Some(Europe/Paris), false) >= 2025-07-01 00:00:00)
[2025-06-10T16:30:54.583+0200] {spark_submit.py:521} INFO - 25/06/10 16:30:54 INFO CodeGenerator: Code generated in 29.647088 ms
[2025-06-10T16:30:54.590+0200] {spark_submit.py:521} INFO - 25/06/10 16:30:54 INFO MemoryStore: Block broadcast_5 stored as values in memory (estimated size 202.1 KiB, free 434.0 MiB)
[2025-06-10T16:30:54.601+0200] {spark_submit.py:521} INFO - 25/06/10 16:30:54 INFO BlockManagerInfo: Removed broadcast_4_piece0 on 10.255.255.254:34331 in memory (size: 6.1 KiB, free: 434.4 MiB)
[2025-06-10T16:30:54.603+0200] {spark_submit.py:521} INFO - 25/06/10 16:30:54 INFO MemoryStore: Block broadcast_5_piece0 stored as bytes in memory (estimated size 35.2 KiB, free 433.9 MiB)
[2025-06-10T16:30:54.604+0200] {spark_submit.py:521} INFO - 25/06/10 16:30:54 INFO BlockManagerInfo: Added broadcast_5_piece0 in memory on 10.255.255.254:34331 (size: 35.2 KiB, free: 434.3 MiB)
[2025-06-10T16:30:54.605+0200] {spark_submit.py:521} INFO - 25/06/10 16:30:54 INFO SparkContext: Created broadcast 5 from javaToPython at NativeMethodAccessorImpl.java:0
[2025-06-10T16:30:54.607+0200] {spark_submit.py:521} INFO - 25/06/10 16:30:54 INFO FileSourceScanExec: Planning scan with bin packing, max size: 4194304 bytes, open cost is considered as scanning 4194304 bytes.
[2025-06-10T16:30:54.643+0200] {spark_submit.py:521} INFO - 25/06/10 16:30:54 INFO CodeGenerator: Code generated in 18.377577 ms
[2025-06-10T16:30:54.681+0200] {spark_submit.py:521} INFO - 25/06/10 16:30:54 INFO SparkContext: Starting job: javaToPython at NativeMethodAccessorImpl.java:0
[2025-06-10T16:30:54.683+0200] {spark_submit.py:521} INFO - 25/06/10 16:30:54 INFO DAGScheduler: Got job 4 (javaToPython at NativeMethodAccessorImpl.java:0) with 1 output partitions
[2025-06-10T16:30:54.683+0200] {spark_submit.py:521} INFO - 25/06/10 16:30:54 INFO DAGScheduler: Final stage: ResultStage 5 (javaToPython at NativeMethodAccessorImpl.java:0)
[2025-06-10T16:30:54.683+0200] {spark_submit.py:521} INFO - 25/06/10 16:30:54 INFO DAGScheduler: Parents of final stage: List()
[2025-06-10T16:30:54.684+0200] {spark_submit.py:521} INFO - 25/06/10 16:30:54 INFO DAGScheduler: Missing parents: List()
[2025-06-10T16:30:54.684+0200] {spark_submit.py:521} INFO - 25/06/10 16:30:54 INFO DAGScheduler: Submitting ResultStage 5 (MapPartitionsRDD[16] at javaToPython at NativeMethodAccessorImpl.java:0), which has no missing parents
[2025-06-10T16:30:54.687+0200] {spark_submit.py:521} INFO - 25/06/10 16:30:54 INFO MemoryStore: Block broadcast_6 stored as values in memory (estimated size 23.7 KiB, free 433.9 MiB)
[2025-06-10T16:30:54.699+0200] {spark_submit.py:521} INFO - 25/06/10 16:30:54 INFO MemoryStore: Block broadcast_6_piece0 stored as bytes in memory (estimated size 9.5 KiB, free 433.9 MiB)
[2025-06-10T16:30:54.701+0200] {spark_submit.py:521} INFO - 25/06/10 16:30:54 INFO BlockManagerInfo: Added broadcast_6_piece0 in memory on 10.255.255.254:34331 (size: 9.5 KiB, free: 434.3 MiB)
[2025-06-10T16:30:54.702+0200] {spark_submit.py:521} INFO - 25/06/10 16:30:54 INFO SparkContext: Created broadcast 6 from broadcast at DAGScheduler.scala:1585
[2025-06-10T16:30:54.702+0200] {spark_submit.py:521} INFO - 25/06/10 16:30:54 INFO DAGScheduler: Submitting 1 missing tasks from ResultStage 5 (MapPartitionsRDD[16] at javaToPython at NativeMethodAccessorImpl.java:0) (first 15 tasks are for partitions Vector(0))
[2025-06-10T16:30:54.703+0200] {spark_submit.py:521} INFO - 25/06/10 16:30:54 INFO TaskSchedulerImpl: Adding task set 5.0 with 1 tasks resource profile 0
[2025-06-10T16:30:54.704+0200] {spark_submit.py:521} INFO - 25/06/10 16:30:54 INFO TaskSetManager: Starting task 0.0 in stage 5.0 (TID 4) (10.255.255.254, executor driver, partition 0, PROCESS_LOCAL, 9612 bytes)
[2025-06-10T16:30:54.705+0200] {spark_submit.py:521} INFO - 25/06/10 16:30:54 INFO Executor: Running task 0.0 in stage 5.0 (TID 4)
[2025-06-10T16:30:54.736+0200] {spark_submit.py:521} INFO - 25/06/10 16:30:54 INFO CodeGenerator: Code generated in 17.496413 ms
[2025-06-10T16:30:54.754+0200] {spark_submit.py:521} INFO - 25/06/10 16:30:54 INFO CodeGenerator: Code generated in 9.511536 ms
[2025-06-10T16:30:54.756+0200] {spark_submit.py:521} INFO - 25/06/10 16:30:54 INFO FileScanRDD: Reading File path: file:///home/leoja/airflow/data/Indicators.parquet, range: 0-13095, partition values: [empty row]
[2025-06-10T16:30:54.797+0200] {spark_submit.py:521} INFO - 25/06/10 16:30:54 INFO Executor: Finished task 0.0 in stage 5.0 (TID 4). 1890 bytes result sent to driver
[2025-06-10T16:30:54.798+0200] {spark_submit.py:521} INFO - 25/06/10 16:30:54 INFO TaskSetManager: Finished task 0.0 in stage 5.0 (TID 4) in 94 ms on 10.255.255.254 (executor driver) (1/1)
[2025-06-10T16:30:54.799+0200] {spark_submit.py:521} INFO - 25/06/10 16:30:54 INFO TaskSchedulerImpl: Removed TaskSet 5.0, whose tasks have all completed, from pool
[2025-06-10T16:30:54.799+0200] {spark_submit.py:521} INFO - 25/06/10 16:30:54 INFO DAGScheduler: ResultStage 5 (javaToPython at NativeMethodAccessorImpl.java:0) finished in 0.114 s
[2025-06-10T16:30:54.800+0200] {spark_submit.py:521} INFO - 25/06/10 16:30:54 INFO DAGScheduler: Job 4 is finished. Cancelling potential speculative or zombie tasks for this job
[2025-06-10T16:30:54.800+0200] {spark_submit.py:521} INFO - 25/06/10 16:30:54 INFO TaskSchedulerImpl: Killing all running tasks in stage 5: Stage finished
[2025-06-10T16:30:54.800+0200] {spark_submit.py:521} INFO - 25/06/10 16:30:54 INFO DAGScheduler: Job 4 finished: javaToPython at NativeMethodAccessorImpl.java:0, took 0.118582 s
[2025-06-10T16:30:54.805+0200] {spark_submit.py:521} INFO - 25/06/10 16:30:54 INFO DAGScheduler: Registering RDD 17 (javaToPython at NativeMethodAccessorImpl.java:0) as input to shuffle 1
[2025-06-10T16:30:54.806+0200] {spark_submit.py:521} INFO - 25/06/10 16:30:54 INFO DAGScheduler: Got map stage job 5 (javaToPython at NativeMethodAccessorImpl.java:0) with 1 output partitions
[2025-06-10T16:30:54.806+0200] {spark_submit.py:521} INFO - 25/06/10 16:30:54 INFO DAGScheduler: Final stage: ShuffleMapStage 6 (javaToPython at NativeMethodAccessorImpl.java:0)
[2025-06-10T16:30:54.806+0200] {spark_submit.py:521} INFO - 25/06/10 16:30:54 INFO DAGScheduler: Parents of final stage: List()
[2025-06-10T16:30:54.807+0200] {spark_submit.py:521} INFO - 25/06/10 16:30:54 INFO DAGScheduler: Missing parents: List()
[2025-06-10T16:30:54.807+0200] {spark_submit.py:521} INFO - 25/06/10 16:30:54 INFO DAGScheduler: Submitting ShuffleMapStage 6 (MapPartitionsRDD[17] at javaToPython at NativeMethodAccessorImpl.java:0), which has no missing parents
[2025-06-10T16:30:54.817+0200] {spark_submit.py:521} INFO - 25/06/10 16:30:54 INFO MemoryStore: Block broadcast_7 stored as values in memory (estimated size 25.5 KiB, free 433.9 MiB)
[2025-06-10T16:30:54.852+0200] {spark_submit.py:521} INFO - 25/06/10 16:30:54 INFO MemoryStore: Block broadcast_7_piece0 stored as bytes in memory (estimated size 10.4 KiB, free 433.9 MiB)
[2025-06-10T16:30:54.853+0200] {spark_submit.py:521} INFO - 25/06/10 16:30:54 INFO BlockManagerInfo: Added broadcast_7_piece0 in memory on 10.255.255.254:34331 (size: 10.4 KiB, free: 434.3 MiB)
[2025-06-10T16:30:54.854+0200] {spark_submit.py:521} INFO - 25/06/10 16:30:54 INFO SparkContext: Created broadcast 7 from broadcast at DAGScheduler.scala:1585
[2025-06-10T16:30:54.855+0200] {spark_submit.py:521} INFO - 25/06/10 16:30:54 INFO DAGScheduler: Submitting 1 missing tasks from ShuffleMapStage 6 (MapPartitionsRDD[17] at javaToPython at NativeMethodAccessorImpl.java:0) (first 15 tasks are for partitions Vector(0))
[2025-06-10T16:30:54.856+0200] {spark_submit.py:521} INFO - 25/06/10 16:30:54 INFO TaskSchedulerImpl: Adding task set 6.0 with 1 tasks resource profile 0
[2025-06-10T16:30:54.857+0200] {spark_submit.py:521} INFO - 25/06/10 16:30:54 INFO TaskSetManager: Starting task 0.0 in stage 6.0 (TID 5) (10.255.255.254, executor driver, partition 0, PROCESS_LOCAL, 9601 bytes)
[2025-06-10T16:30:54.857+0200] {spark_submit.py:521} INFO - 25/06/10 16:30:54 INFO BlockManagerInfo: Removed broadcast_6_piece0 on 10.255.255.254:34331 in memory (size: 9.5 KiB, free: 434.3 MiB)
[2025-06-10T16:30:54.858+0200] {spark_submit.py:521} INFO - 25/06/10 16:30:54 INFO Executor: Running task 0.0 in stage 6.0 (TID 5)
[2025-06-10T16:30:54.902+0200] {spark_submit.py:521} INFO - 25/06/10 16:30:54 INFO CodeGenerator: Code generated in 13.543809 ms
[2025-06-10T16:30:54.922+0200] {spark_submit.py:521} INFO - 25/06/10 16:30:54 INFO FileScanRDD: Reading File path: file:///home/leoja/airflow/data/Indicators.parquet, range: 0-13095, partition values: [empty row]
[2025-06-10T16:30:55.012+0200] {spark_submit.py:521} INFO - 25/06/10 16:30:55 INFO Executor: Finished task 0.0 in stage 6.0 (TID 5). 1924 bytes result sent to driver
[2025-06-10T16:30:55.014+0200] {spark_submit.py:521} INFO - 25/06/10 16:30:55 INFO TaskSetManager: Finished task 0.0 in stage 6.0 (TID 5) in 157 ms on 10.255.255.254 (executor driver) (1/1)
[2025-06-10T16:30:55.014+0200] {spark_submit.py:521} INFO - 25/06/10 16:30:55 INFO TaskSchedulerImpl: Removed TaskSet 6.0, whose tasks have all completed, from pool
[2025-06-10T16:30:55.015+0200] {spark_submit.py:521} INFO - 25/06/10 16:30:55 INFO DAGScheduler: ShuffleMapStage 6 (javaToPython at NativeMethodAccessorImpl.java:0) finished in 0.207 s
[2025-06-10T16:30:55.015+0200] {spark_submit.py:521} INFO - 25/06/10 16:30:55 INFO DAGScheduler: looking for newly runnable stages
[2025-06-10T16:30:55.015+0200] {spark_submit.py:521} INFO - 25/06/10 16:30:55 INFO DAGScheduler: running: Set()
[2025-06-10T16:30:55.016+0200] {spark_submit.py:521} INFO - 25/06/10 16:30:55 INFO DAGScheduler: waiting: Set()
[2025-06-10T16:30:55.016+0200] {spark_submit.py:521} INFO - 25/06/10 16:30:55 INFO DAGScheduler: failed: Set()
[2025-06-10T16:30:55.110+0200] {spark_submit.py:521} INFO - Aucune nouvelle donnée après 2025-06-30. Pas de réécriture.
[2025-06-10T16:30:55.111+0200] {spark_submit.py:521} INFO - 25/06/10 16:30:55 INFO SparkContext: SparkContext is stopping with exitCode 0.
[2025-06-10T16:30:55.131+0200] {spark_submit.py:521} INFO - 25/06/10 16:30:55 INFO SparkUI: Stopped Spark web UI at http://10.255.255.254:4040
[2025-06-10T16:30:55.155+0200] {spark_submit.py:521} INFO - 25/06/10 16:30:55 INFO MapOutputTrackerMasterEndpoint: MapOutputTrackerMasterEndpoint stopped!
[2025-06-10T16:30:55.177+0200] {spark_submit.py:521} INFO - 25/06/10 16:30:55 INFO MemoryStore: MemoryStore cleared
[2025-06-10T16:30:55.177+0200] {spark_submit.py:521} INFO - 25/06/10 16:30:55 INFO BlockManager: BlockManager stopped
[2025-06-10T16:30:55.180+0200] {spark_submit.py:521} INFO - 25/06/10 16:30:55 INFO BlockManagerMaster: BlockManagerMaster stopped
[2025-06-10T16:30:55.183+0200] {spark_submit.py:521} INFO - 25/06/10 16:30:55 INFO OutputCommitCoordinator$OutputCommitCoordinatorEndpoint: OutputCommitCoordinator stopped!
[2025-06-10T16:30:55.198+0200] {spark_submit.py:521} INFO - 25/06/10 16:30:55 INFO SparkContext: Successfully stopped SparkContext
[2025-06-10T16:30:55.412+0200] {spark_submit.py:521} INFO - 25/06/10 16:30:55 INFO ShutdownHookManager: Shutdown hook called
[2025-06-10T16:30:55.412+0200] {spark_submit.py:521} INFO - 25/06/10 16:30:55 INFO ShutdownHookManager: Deleting directory /tmp/spark-3e46117a-0ec3-4e4e-8b08-58430036b7c0/pyspark-bd84b588-34e7-4785-9693-9f2f107a8107
[2025-06-10T16:30:55.418+0200] {spark_submit.py:521} INFO - 25/06/10 16:30:55 INFO ShutdownHookManager: Deleting directory /tmp/spark-3e46117a-0ec3-4e4e-8b08-58430036b7c0
[2025-06-10T16:30:55.422+0200] {spark_submit.py:521} INFO - 25/06/10 16:30:55 INFO ShutdownHookManager: Deleting directory /tmp/spark-03b9d62e-55a3-4f9b-b403-b56c2a8f7b81
[2025-06-10T16:30:55.455+0200] {taskinstance.py:441} INFO - ::group::Post task execution logs
[2025-06-10T16:30:55.468+0200] {taskinstance.py:1205} INFO - Marking task as SUCCESS. dag_id=macro_trading_dag, task_id=compute_economic_quadrants, execution_date=20250610T143024, start_date=20250610T143043, end_date=20250610T143055
[2025-06-10T16:30:55.500+0200] {local_task_job_runner.py:240} INFO - Task exited with return code 0
[2025-06-10T16:30:55.516+0200] {taskinstance.py:3482} INFO - 1 downstream tasks scheduled from follow-on schedule check
[2025-06-10T16:30:55.522+0200] {local_task_job_runner.py:222} INFO - ::endgroup::
