[2025-05-21T19:48:33.526+0200] {local_task_job_runner.py:120} INFO - ::group::Pre task execution logs
[2025-05-21T19:48:33.540+0200] {taskinstance.py:2073} INFO - Dependencies all met for dep_context=non-requeueable deps ti=<TaskInstance: macro_trading_dag.fetch_fred_data manual__2025-05-21T17:48:29.145947+00:00 [queued]>
[2025-05-21T19:48:33.543+0200] {taskinstance.py:2073} INFO - Dependencies all met for dep_context=requeueable deps ti=<TaskInstance: macro_trading_dag.fetch_fred_data manual__2025-05-21T17:48:29.145947+00:00 [queued]>
[2025-05-21T19:48:33.543+0200] {taskinstance.py:2303} INFO - Starting attempt 1 of 3
[2025-05-21T19:48:33.558+0200] {taskinstance.py:2327} INFO - Executing <Task(PythonOperator): fetch_fred_data> on 2025-05-21 17:48:29.145947+00:00
[2025-05-21T19:48:33.561+0200] {standard_task_runner.py:63} INFO - Started process 380229 to run task
[2025-05-21T19:48:33.566+0200] {standard_task_runner.py:90} INFO - Running: ['airflow', 'tasks', 'run', 'macro_trading_dag', 'fetch_fred_data', 'manual__2025-05-21T17:48:29.145947+00:00', '--job-id', '53', '--raw', '--subdir', 'DAGS_FOLDER/macro_trading_dag.py', '--cfg-path', '/tmp/tmpcomnpevf']
[2025-05-21T19:48:33.566+0200] {standard_task_runner.py:91} INFO - Job 53: Subtask fetch_fred_data
[2025-05-21T19:48:33.601+0200] {task_command.py:426} INFO - Running <TaskInstance: macro_trading_dag.fetch_fred_data manual__2025-05-21T17:48:29.145947+00:00 [running]> on host N15I711-16GR512.
[2025-05-21T19:48:33.661+0200] {taskinstance.py:2644} INFO - Exporting env vars: AIRFLOW_CTX_DAG_OWNER='airflow' AIRFLOW_CTX_DAG_ID='macro_trading_dag' AIRFLOW_CTX_TASK_ID='fetch_fred_data' AIRFLOW_CTX_EXECUTION_DATE='2025-05-21T17:48:29.145947+00:00' AIRFLOW_CTX_TRY_NUMBER='1' AIRFLOW_CTX_DAG_RUN_ID='manual__2025-05-21T17:48:29.145947+00:00'
[2025-05-21T19:48:33.662+0200] {taskinstance.py:430} INFO - ::endgroup::
[2025-05-21T19:48:33.847+0200] {logging_mixin.py:188} INFO - Aucune nouvelle donnée pour SP500 (SP500)
[2025-05-21T19:48:34.034+0200] {logging_mixin.py:188} INFO - Données mises à jour pour INFLATION (CPIAUCSL)
[2025-05-21T19:48:34.241+0200] {logging_mixin.py:188} INFO - Données mises à jour pour UNEMPLOYMENT (UNRATE)
[2025-05-21T19:48:34.408+0200] {logging_mixin.py:188} INFO - Aucune nouvelle donnée pour HY_SPREAD (BAMLH0A0HYM2)
[2025-05-21T19:48:34.565+0200] {logging_mixin.py:188} INFO - Aucune nouvelle donnée pour LONG_SPREAD (T10Y2Y)
[2025-05-21T19:48:34.736+0200] {logging_mixin.py:188} INFO - Données mises à jour pour CONSUMER_SENTIMENT (UMCSENT)
[2025-05-21T19:48:34.736+0200] {python.py:237} INFO - Done. Returned value was: None
[2025-05-21T19:48:34.736+0200] {taskinstance.py:441} INFO - ::group::Post task execution logs
[2025-05-21T19:48:34.740+0200] {taskinstance.py:1205} INFO - Marking task as SUCCESS. dag_id=macro_trading_dag, task_id=fetch_fred_data, execution_date=20250521T174829, start_date=20250521T174833, end_date=20250521T174834
[2025-05-21T19:48:34.782+0200] {local_task_job_runner.py:240} INFO - Task exited with return code 0
[2025-05-21T19:48:34.791+0200] {taskinstance.py:3482} INFO - 0 downstream tasks scheduled from follow-on schedule check
[2025-05-21T19:48:34.792+0200] {local_task_job_runner.py:222} INFO - ::endgroup::
