[2025-06-07T17:47:03.894+0200] {local_task_job_runner.py:120} INFO - ::group::Pre task execution logs
[2025-06-07T17:47:03.906+0200] {taskinstance.py:2073} INFO - Dependencies all met for dep_context=non-requeueable deps ti=<TaskInstance: macro_trading_dag.compute_economic_quadrants manual__2025-06-07T15:46:31.686414+00:00 [queued]>
[2025-06-07T17:47:03.909+0200] {taskinstance.py:2073} INFO - Dependencies all met for dep_context=requeueable deps ti=<TaskInstance: macro_trading_dag.compute_economic_quadrants manual__2025-06-07T15:46:31.686414+00:00 [queued]>
[2025-06-07T17:47:03.909+0200] {taskinstance.py:2303} INFO - Starting attempt 1 of 3
[2025-06-07T17:47:03.922+0200] {taskinstance.py:2327} INFO - Executing <Task(SparkSubmitOperator): compute_economic_quadrants> on 2025-06-07 15:46:31.686414+00:00
[2025-06-07T17:47:03.928+0200] {standard_task_runner.py:90} INFO - Running: ['airflow', 'tasks', 'run', 'macro_trading_dag', 'compute_economic_quadrants', 'manual__2025-06-07T15:46:31.686414+00:00', '--job-id', '341', '--raw', '--subdir', 'DAGS_FOLDER/macro_trading_dag.py', '--cfg-path', '/tmp/tmp9rfc9k3v']
[2025-06-07T17:47:03.929+0200] {standard_task_runner.py:91} INFO - Job 341: Subtask compute_economic_quadrants
[2025-06-07T17:47:03.935+0200] {logging_mixin.py:188} WARNING - /home/leoja/airflow/airflow_venv/lib/python3.12/site-packages/airflow/task/task_runner/standard_task_runner.py:61 DeprecationWarning: This process (pid=948992) is multi-threaded, use of fork() may lead to deadlocks in the child.
[2025-06-07T17:47:03.936+0200] {standard_task_runner.py:63} INFO - Started process 949002 to run task
[2025-06-07T17:47:03.963+0200] {task_command.py:426} INFO - Running <TaskInstance: macro_trading_dag.compute_economic_quadrants manual__2025-06-07T15:46:31.686414+00:00 [running]> on host N15I711-16GR512.localdomain
[2025-06-07T17:47:04.038+0200] {taskinstance.py:2644} INFO - Exporting env vars: AIRFLOW_CTX_DAG_OWNER='airflow' AIRFLOW_CTX_DAG_ID='macro_trading_dag' AIRFLOW_CTX_TASK_ID='compute_economic_quadrants' AIRFLOW_CTX_EXECUTION_DATE='2025-06-07T15:46:31.686414+00:00' AIRFLOW_CTX_TRY_NUMBER='1' AIRFLOW_CTX_DAG_RUN_ID='manual__2025-06-07T15:46:31.686414+00:00'
[2025-06-07T17:47:04.039+0200] {taskinstance.py:430} INFO - ::endgroup::
[2025-06-07T17:47:04.042+0200] {base.py:84} INFO - Using connection ID 'spark_local' for task execution.
[2025-06-07T17:47:04.043+0200] {spark_submit.py:351} INFO - Spark-Submit cmd: spark-submit --master local[*] --conf spark.pyspark.python=/home/leoja/airflow_venv/bin/python --conf spark.pyspark.driver.python=/home/leoja/airflow_venv/bin/python --name compute_economic_quadrants /home/leoja/airflow/spark_jobs/compute_quadrants.py /home/leoja/airflow/data/Indicators.parquet /home/leoja/airflow/data/quadrants.parquet /home/leoja/airflow/data/data/quadrants.csv
[2025-06-07T17:47:08.306+0200] {spark_submit.py:521} INFO - 25/06/07 17:47:08 WARN Utils: Your hostname, N15I711-16GR512 resolves to a loopback address: 127.0.1.1; using 10.255.255.254 instead (on interface lo)
[2025-06-07T17:47:08.312+0200] {spark_submit.py:521} INFO - 25/06/07 17:47:08 WARN Utils: Set SPARK_LOCAL_IP if you need to bind to another address
[2025-06-07T17:47:10.479+0200] {spark_submit.py:521} INFO - 25/06/07 17:47:10 INFO SparkContext: Running Spark version 3.5.5
[2025-06-07T17:47:10.479+0200] {spark_submit.py:521} INFO - 25/06/07 17:47:10 INFO SparkContext: OS info Linux, 6.6.87.1-microsoft-standard-WSL2, amd64
[2025-06-07T17:47:10.480+0200] {spark_submit.py:521} INFO - 25/06/07 17:47:10 INFO SparkContext: Java version 11.0.27
[2025-06-07T17:47:10.649+0200] {spark_submit.py:521} INFO - 25/06/07 17:47:10 WARN NativeCodeLoader: Unable to load native-hadoop library for your platform... using builtin-java classes where applicable
[2025-06-07T17:47:10.835+0200] {spark_submit.py:521} INFO - 25/06/07 17:47:10 INFO ResourceUtils: ==============================================================
[2025-06-07T17:47:10.836+0200] {spark_submit.py:521} INFO - 25/06/07 17:47:10 INFO ResourceUtils: No custom resources configured for spark.driver.
[2025-06-07T17:47:10.837+0200] {spark_submit.py:521} INFO - 25/06/07 17:47:10 INFO ResourceUtils: ==============================================================
[2025-06-07T17:47:10.837+0200] {spark_submit.py:521} INFO - 25/06/07 17:47:10 INFO SparkContext: Submitted application: ComputeEconomicQuadrants
[2025-06-07T17:47:10.912+0200] {spark_submit.py:521} INFO - 25/06/07 17:47:10 INFO ResourceProfile: Default ResourceProfile created, executor resources: Map(cores -> name: cores, amount: 1, script: , vendor: , memory -> name: memory, amount: 1024, script: , vendor: , offHeap -> name: offHeap, amount: 0, script: , vendor: ), task resources: Map(cpus -> name: cpus, amount: 1.0)
[2025-06-07T17:47:10.931+0200] {spark_submit.py:521} INFO - 25/06/07 17:47:10 INFO ResourceProfile: Limiting resource is cpu
[2025-06-07T17:47:10.932+0200] {spark_submit.py:521} INFO - 25/06/07 17:47:10 INFO ResourceProfileManager: Added ResourceProfile id: 0
[2025-06-07T17:47:11.106+0200] {spark_submit.py:521} INFO - 25/06/07 17:47:11 INFO SecurityManager: Changing view acls to: leoja
[2025-06-07T17:47:11.106+0200] {spark_submit.py:521} INFO - 25/06/07 17:47:11 INFO SecurityManager: Changing modify acls to: leoja
[2025-06-07T17:47:11.107+0200] {spark_submit.py:521} INFO - 25/06/07 17:47:11 INFO SecurityManager: Changing view acls groups to:
[2025-06-07T17:47:11.107+0200] {spark_submit.py:521} INFO - 25/06/07 17:47:11 INFO SecurityManager: Changing modify acls groups to:
[2025-06-07T17:47:11.107+0200] {spark_submit.py:521} INFO - 25/06/07 17:47:11 INFO SecurityManager: SecurityManager: authentication disabled; ui acls disabled; users with view permissions: leoja; groups with view permissions: EMPTY; users with modify permissions: leoja; groups with modify permissions: EMPTY
[2025-06-07T17:47:11.737+0200] {spark_submit.py:521} INFO - 25/06/07 17:47:11 INFO Utils: Successfully started service 'sparkDriver' on port 40329.
[2025-06-07T17:47:11.834+0200] {spark_submit.py:521} INFO - 25/06/07 17:47:11 INFO SparkEnv: Registering MapOutputTracker
[2025-06-07T17:47:11.903+0200] {spark_submit.py:521} INFO - 25/06/07 17:47:11 INFO SparkEnv: Registering BlockManagerMaster
[2025-06-07T17:47:11.943+0200] {spark_submit.py:521} INFO - 25/06/07 17:47:11 INFO BlockManagerMasterEndpoint: Using org.apache.spark.storage.DefaultTopologyMapper for getting topology information
[2025-06-07T17:47:11.944+0200] {spark_submit.py:521} INFO - 25/06/07 17:47:11 INFO BlockManagerMasterEndpoint: BlockManagerMasterEndpoint up
[2025-06-07T17:47:11.952+0200] {spark_submit.py:521} INFO - 25/06/07 17:47:11 INFO SparkEnv: Registering BlockManagerMasterHeartbeat
[2025-06-07T17:47:11.990+0200] {spark_submit.py:521} INFO - 25/06/07 17:47:11 INFO DiskBlockManager: Created local directory at /tmp/blockmgr-187de776-1331-42e6-8733-46fc50367e5a
[2025-06-07T17:47:12.018+0200] {spark_submit.py:521} INFO - 25/06/07 17:47:12 INFO MemoryStore: MemoryStore started with capacity 434.4 MiB
[2025-06-07T17:47:12.046+0200] {spark_submit.py:521} INFO - 25/06/07 17:47:12 INFO SparkEnv: Registering OutputCommitCoordinator
[2025-06-07T17:47:12.511+0200] {spark_submit.py:521} INFO - 25/06/07 17:47:12 INFO JettyUtils: Start Jetty 0.0.0.0:4040 for SparkUI
[2025-06-07T17:47:12.616+0200] {spark_submit.py:521} INFO - 25/06/07 17:47:12 INFO Utils: Successfully started service 'SparkUI' on port 4040.
[2025-06-07T17:47:12.771+0200] {spark_submit.py:521} INFO - 25/06/07 17:47:12 INFO Executor: Starting executor ID driver on host 10.255.255.254
[2025-06-07T17:47:12.771+0200] {spark_submit.py:521} INFO - 25/06/07 17:47:12 INFO Executor: OS info Linux, 6.6.87.1-microsoft-standard-WSL2, amd64
[2025-06-07T17:47:12.772+0200] {spark_submit.py:521} INFO - 25/06/07 17:47:12 INFO Executor: Java version 11.0.27
[2025-06-07T17:47:12.782+0200] {spark_submit.py:521} INFO - 25/06/07 17:47:12 INFO Executor: Starting executor with user classpath (userClassPathFirst = false): ''
[2025-06-07T17:47:12.782+0200] {spark_submit.py:521} INFO - 25/06/07 17:47:12 INFO Executor: Created or updated repl class loader org.apache.spark.util.MutableURLClassLoader@24a0fd6d for default.
[2025-06-07T17:47:12.857+0200] {spark_submit.py:521} INFO - 25/06/07 17:47:12 INFO Utils: Successfully started service 'org.apache.spark.network.netty.NettyBlockTransferService' on port 37493.
[2025-06-07T17:47:12.857+0200] {spark_submit.py:521} INFO - 25/06/07 17:47:12 INFO NettyBlockTransferService: Server created on 10.255.255.254:37493
[2025-06-07T17:47:12.860+0200] {spark_submit.py:521} INFO - 25/06/07 17:47:12 INFO BlockManager: Using org.apache.spark.storage.RandomBlockReplicationPolicy for block replication policy
[2025-06-07T17:47:12.872+0200] {spark_submit.py:521} INFO - 25/06/07 17:47:12 INFO BlockManagerMaster: Registering BlockManager BlockManagerId(driver, 10.255.255.254, 37493, None)
[2025-06-07T17:47:12.875+0200] {spark_submit.py:521} INFO - 25/06/07 17:47:12 INFO BlockManagerMasterEndpoint: Registering block manager 10.255.255.254:37493 with 434.4 MiB RAM, BlockManagerId(driver, 10.255.255.254, 37493, None)
[2025-06-07T17:47:12.880+0200] {spark_submit.py:521} INFO - 25/06/07 17:47:12 INFO BlockManagerMaster: Registered BlockManager BlockManagerId(driver, 10.255.255.254, 37493, None)
[2025-06-07T17:47:12.882+0200] {spark_submit.py:521} INFO - 25/06/07 17:47:12 INFO BlockManager: Initialized BlockManager: BlockManagerId(driver, 10.255.255.254, 37493, None)
[2025-06-07T17:47:13.750+0200] {spark_submit.py:521} INFO - 25/06/07 17:47:13 INFO SharedState: Setting hive.metastore.warehouse.dir ('null') to the value of spark.sql.warehouse.dir.
[2025-06-07T17:47:13.764+0200] {spark_submit.py:521} INFO - 25/06/07 17:47:13 INFO SharedState: Warehouse path is 'file:/home/leoja/airflow/airflow_venv/spark-warehouse'.
[2025-06-07T17:47:15.422+0200] {spark_submit.py:521} INFO - 25/06/07 17:47:15 INFO InMemoryFileIndex: It took 69 ms to list leaf files for 1 paths.
[2025-06-07T17:47:16.156+0200] {spark_submit.py:521} INFO - 25/06/07 17:47:16 INFO SparkContext: Starting job: parquet at NativeMethodAccessorImpl.java:0
[2025-06-07T17:47:16.194+0200] {spark_submit.py:521} INFO - 25/06/07 17:47:16 INFO DAGScheduler: Got job 0 (parquet at NativeMethodAccessorImpl.java:0) with 1 output partitions
[2025-06-07T17:47:16.194+0200] {spark_submit.py:521} INFO - 25/06/07 17:47:16 INFO DAGScheduler: Final stage: ResultStage 0 (parquet at NativeMethodAccessorImpl.java:0)
[2025-06-07T17:47:16.195+0200] {spark_submit.py:521} INFO - 25/06/07 17:47:16 INFO DAGScheduler: Parents of final stage: List()
[2025-06-07T17:47:16.196+0200] {spark_submit.py:521} INFO - 25/06/07 17:47:16 INFO DAGScheduler: Missing parents: List()
[2025-06-07T17:47:16.203+0200] {spark_submit.py:521} INFO - 25/06/07 17:47:16 INFO DAGScheduler: Submitting ResultStage 0 (MapPartitionsRDD[1] at parquet at NativeMethodAccessorImpl.java:0), which has no missing parents
[2025-06-07T17:47:16.306+0200] {spark_submit.py:521} INFO - 25/06/07 17:47:16 INFO MemoryStore: Block broadcast_0 stored as values in memory (estimated size 103.5 KiB, free 434.3 MiB)
[2025-06-07T17:47:16.430+0200] {spark_submit.py:521} INFO - 25/06/07 17:47:16 INFO MemoryStore: Block broadcast_0_piece0 stored as bytes in memory (estimated size 37.3 KiB, free 434.3 MiB)
[2025-06-07T17:47:16.435+0200] {spark_submit.py:521} INFO - 25/06/07 17:47:16 INFO BlockManagerInfo: Added broadcast_0_piece0 in memory on 10.255.255.254:37493 (size: 37.3 KiB, free: 434.4 MiB)
[2025-06-07T17:47:16.438+0200] {spark_submit.py:521} INFO - 25/06/07 17:47:16 INFO SparkContext: Created broadcast 0 from broadcast at DAGScheduler.scala:1585
[2025-06-07T17:47:16.460+0200] {spark_submit.py:521} INFO - 25/06/07 17:47:16 INFO DAGScheduler: Submitting 1 missing tasks from ResultStage 0 (MapPartitionsRDD[1] at parquet at NativeMethodAccessorImpl.java:0) (first 15 tasks are for partitions Vector(0))
[2025-06-07T17:47:16.461+0200] {spark_submit.py:521} INFO - 25/06/07 17:47:16 INFO TaskSchedulerImpl: Adding task set 0.0 with 1 tasks resource profile 0
[2025-06-07T17:47:16.540+0200] {spark_submit.py:521} INFO - 25/06/07 17:47:16 INFO TaskSetManager: Starting task 0.0 in stage 0.0 (TID 0) (10.255.255.254, executor driver, partition 0, PROCESS_LOCAL, 9142 bytes)
[2025-06-07T17:47:16.559+0200] {spark_submit.py:521} INFO - 25/06/07 17:47:16 INFO Executor: Running task 0.0 in stage 0.0 (TID 0)
[2025-06-07T17:47:17.179+0200] {spark_submit.py:521} INFO - 25/06/07 17:47:17 INFO Executor: Finished task 0.0 in stage 0.0 (TID 0). 1974 bytes result sent to driver
[2025-06-07T17:47:17.192+0200] {spark_submit.py:521} INFO - 25/06/07 17:47:17 INFO TaskSetManager: Finished task 0.0 in stage 0.0 (TID 0) in 684 ms on 10.255.255.254 (executor driver) (1/1)
[2025-06-07T17:47:17.193+0200] {spark_submit.py:521} INFO - 25/06/07 17:47:17 INFO TaskSchedulerImpl: Removed TaskSet 0.0, whose tasks have all completed, from pool
[2025-06-07T17:47:17.200+0200] {spark_submit.py:521} INFO - 25/06/07 17:47:17 INFO DAGScheduler: ResultStage 0 (parquet at NativeMethodAccessorImpl.java:0) finished in 0.981 s
[2025-06-07T17:47:17.204+0200] {spark_submit.py:521} INFO - 25/06/07 17:47:17 INFO DAGScheduler: Job 0 is finished. Cancelling potential speculative or zombie tasks for this job
[2025-06-07T17:47:17.204+0200] {spark_submit.py:521} INFO - 25/06/07 17:47:17 INFO TaskSchedulerImpl: Killing all running tasks in stage 0: Stage finished
[2025-06-07T17:47:17.206+0200] {spark_submit.py:521} INFO - 25/06/07 17:47:17 INFO DAGScheduler: Job 0 finished: parquet at NativeMethodAccessorImpl.java:0, took 1.048856 s
[2025-06-07T17:47:17.863+0200] {spark_submit.py:521} INFO - 25/06/07 17:47:17 INFO BlockManagerInfo: Removed broadcast_0_piece0 on 10.255.255.254:37493 in memory (size: 37.3 KiB, free: 434.4 MiB)
[2025-06-07T17:47:18.632+0200] {spark_submit.py:521} INFO - 25/06/07 17:47:18 INFO InMemoryFileIndex: It took 2 ms to list leaf files for 1 paths.
[2025-06-07T17:47:18.664+0200] {spark_submit.py:521} INFO - 25/06/07 17:47:18 INFO SparkContext: Starting job: parquet at NativeMethodAccessorImpl.java:0
[2025-06-07T17:47:18.665+0200] {spark_submit.py:521} INFO - 25/06/07 17:47:18 INFO DAGScheduler: Got job 1 (parquet at NativeMethodAccessorImpl.java:0) with 1 output partitions
[2025-06-07T17:47:18.665+0200] {spark_submit.py:521} INFO - 25/06/07 17:47:18 INFO DAGScheduler: Final stage: ResultStage 1 (parquet at NativeMethodAccessorImpl.java:0)
[2025-06-07T17:47:18.665+0200] {spark_submit.py:521} INFO - 25/06/07 17:47:18 INFO DAGScheduler: Parents of final stage: List()
[2025-06-07T17:47:18.665+0200] {spark_submit.py:521} INFO - 25/06/07 17:47:18 INFO DAGScheduler: Missing parents: List()
[2025-06-07T17:47:18.667+0200] {spark_submit.py:521} INFO - 25/06/07 17:47:18 INFO DAGScheduler: Submitting ResultStage 1 (MapPartitionsRDD[3] at parquet at NativeMethodAccessorImpl.java:0), which has no missing parents
[2025-06-07T17:47:18.678+0200] {spark_submit.py:521} INFO - 25/06/07 17:47:18 INFO MemoryStore: Block broadcast_1 stored as values in memory (estimated size 103.5 KiB, free 434.3 MiB)
[2025-06-07T17:47:18.698+0200] {spark_submit.py:521} INFO - 25/06/07 17:47:18 INFO MemoryStore: Block broadcast_1_piece0 stored as bytes in memory (estimated size 37.3 KiB, free 434.3 MiB)
[2025-06-07T17:47:18.699+0200] {spark_submit.py:521} INFO - 25/06/07 17:47:18 INFO BlockManagerInfo: Added broadcast_1_piece0 in memory on 10.255.255.254:37493 (size: 37.3 KiB, free: 434.4 MiB)
[2025-06-07T17:47:18.700+0200] {spark_submit.py:521} INFO - 25/06/07 17:47:18 INFO SparkContext: Created broadcast 1 from broadcast at DAGScheduler.scala:1585
[2025-06-07T17:47:18.701+0200] {spark_submit.py:521} INFO - 25/06/07 17:47:18 INFO DAGScheduler: Submitting 1 missing tasks from ResultStage 1 (MapPartitionsRDD[3] at parquet at NativeMethodAccessorImpl.java:0) (first 15 tasks are for partitions Vector(0))
[2025-06-07T17:47:18.701+0200] {spark_submit.py:521} INFO - 25/06/07 17:47:18 INFO TaskSchedulerImpl: Adding task set 1.0 with 1 tasks resource profile 0
[2025-06-07T17:47:18.704+0200] {spark_submit.py:521} INFO - 25/06/07 17:47:18 INFO TaskSetManager: Starting task 0.0 in stage 1.0 (TID 1) (10.255.255.254, executor driver, partition 0, PROCESS_LOCAL, 9141 bytes)
[2025-06-07T17:47:18.705+0200] {spark_submit.py:521} INFO - 25/06/07 17:47:18 INFO Executor: Running task 0.0 in stage 1.0 (TID 1)
[2025-06-07T17:47:18.770+0200] {spark_submit.py:521} INFO - 25/06/07 17:47:18 INFO Executor: Finished task 0.0 in stage 1.0 (TID 1). 3927 bytes result sent to driver
[2025-06-07T17:47:18.796+0200] {spark_submit.py:521} INFO - 25/06/07 17:47:18 INFO TaskSetManager: Finished task 0.0 in stage 1.0 (TID 1) in 94 ms on 10.255.255.254 (executor driver) (1/1)
[2025-06-07T17:47:18.797+0200] {spark_submit.py:521} INFO - 25/06/07 17:47:18 INFO TaskSchedulerImpl: Removed TaskSet 1.0, whose tasks have all completed, from pool
[2025-06-07T17:47:18.798+0200] {spark_submit.py:521} INFO - 25/06/07 17:47:18 INFO DAGScheduler: ResultStage 1 (parquet at NativeMethodAccessorImpl.java:0) finished in 0.129 s
[2025-06-07T17:47:18.798+0200] {spark_submit.py:521} INFO - 25/06/07 17:47:18 INFO DAGScheduler: Job 1 is finished. Cancelling potential speculative or zombie tasks for this job
[2025-06-07T17:47:18.798+0200] {spark_submit.py:521} INFO - 25/06/07 17:47:18 INFO TaskSchedulerImpl: Killing all running tasks in stage 1: Stage finished
[2025-06-07T17:47:18.799+0200] {spark_submit.py:521} INFO - 25/06/07 17:47:18 INFO DAGScheduler: Job 1 finished: parquet at NativeMethodAccessorImpl.java:0, took 0.134961 s
[2025-06-07T17:47:18.985+0200] {spark_submit.py:521} INFO - 25/06/07 17:47:18 INFO BlockManagerInfo: Removed broadcast_1_piece0 on 10.255.255.254:37493 in memory (size: 37.3 KiB, free: 434.4 MiB)
[2025-06-07T17:47:19.948+0200] {spark_submit.py:521} INFO - 25/06/07 17:47:19 INFO FileSourceStrategy: Pushed Filters:
[2025-06-07T17:47:19.950+0200] {spark_submit.py:521} INFO - 25/06/07 17:47:19 INFO FileSourceStrategy: Post-Scan Filters:
[2025-06-07T17:47:20.718+0200] {spark_submit.py:521} INFO - 25/06/07 17:47:20 INFO CodeGenerator: Code generated in 330.420284 ms
[2025-06-07T17:47:20.752+0200] {spark_submit.py:521} INFO - 25/06/07 17:47:20 INFO MemoryStore: Block broadcast_2 stored as values in memory (estimated size 201.2 KiB, free 434.2 MiB)
[2025-06-07T17:47:20.761+0200] {spark_submit.py:521} INFO - 25/06/07 17:47:20 INFO MemoryStore: Block broadcast_2_piece0 stored as bytes in memory (estimated size 35.0 KiB, free 434.2 MiB)
[2025-06-07T17:47:20.762+0200] {spark_submit.py:521} INFO - 25/06/07 17:47:20 INFO BlockManagerInfo: Added broadcast_2_piece0 in memory on 10.255.255.254:37493 (size: 35.0 KiB, free: 434.4 MiB)
[2025-06-07T17:47:20.764+0200] {spark_submit.py:521} INFO - 25/06/07 17:47:20 INFO SparkContext: Created broadcast 2 from collect at /home/leoja/airflow/spark_jobs/compute_quadrants.py:122
[2025-06-07T17:47:20.784+0200] {spark_submit.py:521} INFO - 25/06/07 17:47:20 INFO FileSourceScanExec: Planning scan with bin packing, max size: 4194304 bytes, open cost is considered as scanning 4194304 bytes.
[2025-06-07T17:47:20.949+0200] {spark_submit.py:521} INFO - 25/06/07 17:47:20 INFO DAGScheduler: Registering RDD 7 (collect at /home/leoja/airflow/spark_jobs/compute_quadrants.py:122) as input to shuffle 0
[2025-06-07T17:47:20.955+0200] {spark_submit.py:521} INFO - 25/06/07 17:47:20 INFO DAGScheduler: Got map stage job 2 (collect at /home/leoja/airflow/spark_jobs/compute_quadrants.py:122) with 1 output partitions
[2025-06-07T17:47:20.955+0200] {spark_submit.py:521} INFO - 25/06/07 17:47:20 INFO DAGScheduler: Final stage: ShuffleMapStage 2 (collect at /home/leoja/airflow/spark_jobs/compute_quadrants.py:122)
[2025-06-07T17:47:20.956+0200] {spark_submit.py:521} INFO - 25/06/07 17:47:20 INFO DAGScheduler: Parents of final stage: List()
[2025-06-07T17:47:20.959+0200] {spark_submit.py:521} INFO - 25/06/07 17:47:20 INFO DAGScheduler: Missing parents: List()
[2025-06-07T17:47:20.961+0200] {spark_submit.py:521} INFO - 25/06/07 17:47:20 INFO DAGScheduler: Submitting ShuffleMapStage 2 (MapPartitionsRDD[7] at collect at /home/leoja/airflow/spark_jobs/compute_quadrants.py:122), which has no missing parents
[2025-06-07T17:47:21.052+0200] {spark_submit.py:521} INFO - 25/06/07 17:47:21 INFO MemoryStore: Block broadcast_3 stored as values in memory (estimated size 18.6 KiB, free 434.2 MiB)
[2025-06-07T17:47:21.054+0200] {spark_submit.py:521} INFO - 25/06/07 17:47:21 INFO MemoryStore: Block broadcast_3_piece0 stored as bytes in memory (estimated size 8.3 KiB, free 434.1 MiB)
[2025-06-07T17:47:21.055+0200] {spark_submit.py:521} INFO - 25/06/07 17:47:21 INFO BlockManagerInfo: Added broadcast_3_piece0 in memory on 10.255.255.254:37493 (size: 8.3 KiB, free: 434.4 MiB)
[2025-06-07T17:47:21.056+0200] {spark_submit.py:521} INFO - 25/06/07 17:47:21 INFO SparkContext: Created broadcast 3 from broadcast at DAGScheduler.scala:1585
[2025-06-07T17:47:21.058+0200] {spark_submit.py:521} INFO - 25/06/07 17:47:21 INFO DAGScheduler: Submitting 1 missing tasks from ShuffleMapStage 2 (MapPartitionsRDD[7] at collect at /home/leoja/airflow/spark_jobs/compute_quadrants.py:122) (first 15 tasks are for partitions Vector(0))
[2025-06-07T17:47:21.058+0200] {spark_submit.py:521} INFO - 25/06/07 17:47:21 INFO TaskSchedulerImpl: Adding task set 2.0 with 1 tasks resource profile 0
[2025-06-07T17:47:21.067+0200] {spark_submit.py:521} INFO - 25/06/07 17:47:21 INFO TaskSetManager: Starting task 0.0 in stage 2.0 (TID 2) (10.255.255.254, executor driver, partition 0, PROCESS_LOCAL, 9600 bytes)
[2025-06-07T17:47:21.068+0200] {spark_submit.py:521} INFO - 25/06/07 17:47:21 INFO Executor: Running task 0.0 in stage 2.0 (TID 2)
[2025-06-07T17:47:21.183+0200] {spark_submit.py:521} INFO - 25/06/07 17:47:21 INFO CodeGenerator: Code generated in 27.960754 ms
[2025-06-07T17:47:21.197+0200] {spark_submit.py:521} INFO - 25/06/07 17:47:21 INFO FileScanRDD: Reading File path: file:///home/leoja/airflow/data/quadrants.parquet, range: 0-44072, partition values: [empty row]
[2025-06-07T17:47:21.438+0200] {spark_submit.py:521} INFO - 25/06/07 17:47:21 INFO CodecPool: Got brand-new decompressor [.snappy]
[2025-06-07T17:47:21.921+0200] {spark_submit.py:521} INFO - 25/06/07 17:47:21 INFO Executor: Finished task 0.0 in stage 2.0 (TID 2). 2224 bytes result sent to driver
[2025-06-07T17:47:21.924+0200] {spark_submit.py:521} INFO - 25/06/07 17:47:21 INFO TaskSetManager: Finished task 0.0 in stage 2.0 (TID 2) in 865 ms on 10.255.255.254 (executor driver) (1/1)
[2025-06-07T17:47:21.925+0200] {spark_submit.py:521} INFO - 25/06/07 17:47:21 INFO TaskSchedulerImpl: Removed TaskSet 2.0, whose tasks have all completed, from pool
[2025-06-07T17:47:21.931+0200] {spark_submit.py:521} INFO - 25/06/07 17:47:21 INFO DAGScheduler: ShuffleMapStage 2 (collect at /home/leoja/airflow/spark_jobs/compute_quadrants.py:122) finished in 0.961 s
[2025-06-07T17:47:21.932+0200] {spark_submit.py:521} INFO - 25/06/07 17:47:21 INFO DAGScheduler: looking for newly runnable stages
[2025-06-07T17:47:21.933+0200] {spark_submit.py:521} INFO - 25/06/07 17:47:21 INFO DAGScheduler: running: Set()
[2025-06-07T17:47:21.933+0200] {spark_submit.py:521} INFO - 25/06/07 17:47:21 INFO DAGScheduler: waiting: Set()
[2025-06-07T17:47:21.934+0200] {spark_submit.py:521} INFO - 25/06/07 17:47:21 INFO DAGScheduler: failed: Set()
[2025-06-07T17:47:21.988+0200] {spark_submit.py:521} INFO - 25/06/07 17:47:21 INFO CodeGenerator: Code generated in 14.655028 ms
[2025-06-07T17:47:22.024+0200] {spark_submit.py:521} INFO - 25/06/07 17:47:22 INFO SparkContext: Starting job: collect at /home/leoja/airflow/spark_jobs/compute_quadrants.py:122
[2025-06-07T17:47:22.030+0200] {spark_submit.py:521} INFO - 25/06/07 17:47:22 INFO DAGScheduler: Got job 3 (collect at /home/leoja/airflow/spark_jobs/compute_quadrants.py:122) with 1 output partitions
[2025-06-07T17:47:22.030+0200] {spark_submit.py:521} INFO - 25/06/07 17:47:22 INFO DAGScheduler: Final stage: ResultStage 4 (collect at /home/leoja/airflow/spark_jobs/compute_quadrants.py:122)
[2025-06-07T17:47:22.031+0200] {spark_submit.py:521} INFO - 25/06/07 17:47:22 INFO DAGScheduler: Parents of final stage: List(ShuffleMapStage 3)
[2025-06-07T17:47:22.031+0200] {spark_submit.py:521} INFO - 25/06/07 17:47:22 INFO DAGScheduler: Missing parents: List()
[2025-06-07T17:47:22.032+0200] {spark_submit.py:521} INFO - 25/06/07 17:47:22 INFO DAGScheduler: Submitting ResultStage 4 (MapPartitionsRDD[10] at collect at /home/leoja/airflow/spark_jobs/compute_quadrants.py:122), which has no missing parents
[2025-06-07T17:47:22.042+0200] {spark_submit.py:521} INFO - 25/06/07 17:47:22 INFO MemoryStore: Block broadcast_4 stored as values in memory (estimated size 13.1 KiB, free 434.1 MiB)
[2025-06-07T17:47:22.051+0200] {spark_submit.py:521} INFO - 25/06/07 17:47:22 INFO MemoryStore: Block broadcast_4_piece0 stored as bytes in memory (estimated size 6.1 KiB, free 434.1 MiB)
[2025-06-07T17:47:22.052+0200] {spark_submit.py:521} INFO - 25/06/07 17:47:22 INFO BlockManagerInfo: Added broadcast_4_piece0 in memory on 10.255.255.254:37493 (size: 6.1 KiB, free: 434.4 MiB)
[2025-06-07T17:47:22.053+0200] {spark_submit.py:521} INFO - 25/06/07 17:47:22 INFO SparkContext: Created broadcast 4 from broadcast at DAGScheduler.scala:1585
[2025-06-07T17:47:22.054+0200] {spark_submit.py:521} INFO - 25/06/07 17:47:22 INFO DAGScheduler: Submitting 1 missing tasks from ResultStage 4 (MapPartitionsRDD[10] at collect at /home/leoja/airflow/spark_jobs/compute_quadrants.py:122) (first 15 tasks are for partitions Vector(0))
[2025-06-07T17:47:22.054+0200] {spark_submit.py:521} INFO - 25/06/07 17:47:22 INFO TaskSchedulerImpl: Adding task set 4.0 with 1 tasks resource profile 0
[2025-06-07T17:47:22.063+0200] {spark_submit.py:521} INFO - 25/06/07 17:47:22 INFO TaskSetManager: Starting task 0.0 in stage 4.0 (TID 3) (10.255.255.254, executor driver, partition 0, NODE_LOCAL, 8999 bytes)
[2025-06-07T17:47:22.065+0200] {spark_submit.py:521} INFO - 25/06/07 17:47:22 INFO Executor: Running task 0.0 in stage 4.0 (TID 3)
[2025-06-07T17:47:22.118+0200] {spark_submit.py:521} INFO - 25/06/07 17:47:22 INFO ShuffleBlockFetcherIterator: Getting 1 (60.0 B) non-empty blocks including 1 (60.0 B) local and 0 (0.0 B) host-local and 0 (0.0 B) push-merged-local and 0 (0.0 B) remote blocks
[2025-06-07T17:47:22.120+0200] {spark_submit.py:521} INFO - 25/06/07 17:47:22 INFO ShuffleBlockFetcherIterator: Started 0 remote fetches in 12 ms
[2025-06-07T17:47:22.140+0200] {spark_submit.py:521} INFO - 25/06/07 17:47:22 INFO CodeGenerator: Code generated in 14.408172 ms
[2025-06-07T17:47:22.188+0200] {spark_submit.py:521} INFO - 25/06/07 17:47:22 INFO BlockManagerInfo: Removed broadcast_3_piece0 on 10.255.255.254:37493 in memory (size: 8.3 KiB, free: 434.4 MiB)
[2025-06-07T17:47:22.193+0200] {spark_submit.py:521} INFO - 25/06/07 17:47:22 INFO Executor: Finished task 0.0 in stage 4.0 (TID 3). 4081 bytes result sent to driver
[2025-06-07T17:47:22.217+0200] {spark_submit.py:521} INFO - 25/06/07 17:47:22 INFO TaskSetManager: Finished task 0.0 in stage 4.0 (TID 3) in 157 ms on 10.255.255.254 (executor driver) (1/1)
[2025-06-07T17:47:22.218+0200] {spark_submit.py:521} INFO - 25/06/07 17:47:22 INFO TaskSchedulerImpl: Removed TaskSet 4.0, whose tasks have all completed, from pool
[2025-06-07T17:47:22.220+0200] {spark_submit.py:521} INFO - 25/06/07 17:47:22 INFO DAGScheduler: ResultStage 4 (collect at /home/leoja/airflow/spark_jobs/compute_quadrants.py:122) finished in 0.180 s
[2025-06-07T17:47:22.222+0200] {spark_submit.py:521} INFO - 25/06/07 17:47:22 INFO DAGScheduler: Job 3 is finished. Cancelling potential speculative or zombie tasks for this job
[2025-06-07T17:47:22.223+0200] {spark_submit.py:521} INFO - 25/06/07 17:47:22 INFO TaskSchedulerImpl: Killing all running tasks in stage 4: Stage finished
[2025-06-07T17:47:22.223+0200] {spark_submit.py:521} INFO - 25/06/07 17:47:22 INFO DAGScheduler: Job 3 finished: collect at /home/leoja/airflow/spark_jobs/compute_quadrants.py:122, took 0.196341 s
[2025-06-07T17:47:22.511+0200] {spark_submit.py:521} INFO - 25/06/07 17:47:22 INFO FileSourceStrategy: Pushed Filters:
[2025-06-07T17:47:22.513+0200] {spark_submit.py:521} INFO - 25/06/07 17:47:22 INFO FileSourceStrategy: Post-Scan Filters: (gettimestamp(date#0, yyyy-MM-dd, TimestampType, Some(Europe/Paris), false) >= 2025-07-01 00:00:00)
[2025-06-07T17:47:22.672+0200] {spark_submit.py:521} INFO - 25/06/07 17:47:22 INFO CodeGenerator: Code generated in 57.486541 ms
[2025-06-07T17:47:22.679+0200] {spark_submit.py:521} INFO - 25/06/07 17:47:22 INFO MemoryStore: Block broadcast_5 stored as values in memory (estimated size 202.1 KiB, free 434.0 MiB)
[2025-06-07T17:47:22.697+0200] {spark_submit.py:521} INFO - 25/06/07 17:47:22 INFO BlockManagerInfo: Removed broadcast_4_piece0 on 10.255.255.254:37493 in memory (size: 6.1 KiB, free: 434.4 MiB)
[2025-06-07T17:47:22.699+0200] {spark_submit.py:521} INFO - 25/06/07 17:47:22 INFO MemoryStore: Block broadcast_5_piece0 stored as bytes in memory (estimated size 35.2 KiB, free 433.9 MiB)
[2025-06-07T17:47:22.699+0200] {spark_submit.py:521} INFO - 25/06/07 17:47:22 INFO BlockManagerInfo: Added broadcast_5_piece0 in memory on 10.255.255.254:37493 (size: 35.2 KiB, free: 434.3 MiB)
[2025-06-07T17:47:22.700+0200] {spark_submit.py:521} INFO - 25/06/07 17:47:22 INFO SparkContext: Created broadcast 5 from javaToPython at NativeMethodAccessorImpl.java:0
[2025-06-07T17:47:22.703+0200] {spark_submit.py:521} INFO - 25/06/07 17:47:22 INFO FileSourceScanExec: Planning scan with bin packing, max size: 4194304 bytes, open cost is considered as scanning 4194304 bytes.
[2025-06-07T17:47:22.769+0200] {spark_submit.py:521} INFO - 25/06/07 17:47:22 INFO CodeGenerator: Code generated in 25.528112 ms
[2025-06-07T17:47:22.813+0200] {spark_submit.py:521} INFO - 25/06/07 17:47:22 INFO SparkContext: Starting job: javaToPython at NativeMethodAccessorImpl.java:0
[2025-06-07T17:47:22.814+0200] {spark_submit.py:521} INFO - 25/06/07 17:47:22 INFO DAGScheduler: Got job 4 (javaToPython at NativeMethodAccessorImpl.java:0) with 1 output partitions
[2025-06-07T17:47:22.815+0200] {spark_submit.py:521} INFO - 25/06/07 17:47:22 INFO DAGScheduler: Final stage: ResultStage 5 (javaToPython at NativeMethodAccessorImpl.java:0)
[2025-06-07T17:47:22.815+0200] {spark_submit.py:521} INFO - 25/06/07 17:47:22 INFO DAGScheduler: Parents of final stage: List()
[2025-06-07T17:47:22.815+0200] {spark_submit.py:521} INFO - 25/06/07 17:47:22 INFO DAGScheduler: Missing parents: List()
[2025-06-07T17:47:22.816+0200] {spark_submit.py:521} INFO - 25/06/07 17:47:22 INFO DAGScheduler: Submitting ResultStage 5 (MapPartitionsRDD[16] at javaToPython at NativeMethodAccessorImpl.java:0), which has no missing parents
[2025-06-07T17:47:22.819+0200] {spark_submit.py:521} INFO - 25/06/07 17:47:22 INFO MemoryStore: Block broadcast_6 stored as values in memory (estimated size 23.7 KiB, free 433.9 MiB)
[2025-06-07T17:47:22.831+0200] {spark_submit.py:521} INFO - 25/06/07 17:47:22 INFO MemoryStore: Block broadcast_6_piece0 stored as bytes in memory (estimated size 9.5 KiB, free 433.9 MiB)
[2025-06-07T17:47:22.832+0200] {spark_submit.py:521} INFO - 25/06/07 17:47:22 INFO BlockManagerInfo: Added broadcast_6_piece0 in memory on 10.255.255.254:37493 (size: 9.5 KiB, free: 434.3 MiB)
[2025-06-07T17:47:22.833+0200] {spark_submit.py:521} INFO - 25/06/07 17:47:22 INFO SparkContext: Created broadcast 6 from broadcast at DAGScheduler.scala:1585
[2025-06-07T17:47:22.834+0200] {spark_submit.py:521} INFO - 25/06/07 17:47:22 INFO DAGScheduler: Submitting 1 missing tasks from ResultStage 5 (MapPartitionsRDD[16] at javaToPython at NativeMethodAccessorImpl.java:0) (first 15 tasks are for partitions Vector(0))
[2025-06-07T17:47:22.834+0200] {spark_submit.py:521} INFO - 25/06/07 17:47:22 INFO TaskSchedulerImpl: Adding task set 5.0 with 1 tasks resource profile 0
[2025-06-07T17:47:22.837+0200] {spark_submit.py:521} INFO - 25/06/07 17:47:22 INFO TaskSetManager: Starting task 0.0 in stage 5.0 (TID 4) (10.255.255.254, executor driver, partition 0, PROCESS_LOCAL, 9612 bytes)
[2025-06-07T17:47:22.839+0200] {spark_submit.py:521} INFO - 25/06/07 17:47:22 INFO Executor: Running task 0.0 in stage 5.0 (TID 4)
[2025-06-07T17:47:22.881+0200] {spark_submit.py:521} INFO - 25/06/07 17:47:22 INFO CodeGenerator: Code generated in 30.810298 ms
[2025-06-07T17:47:22.899+0200] {spark_submit.py:521} INFO - 25/06/07 17:47:22 INFO CodeGenerator: Code generated in 11.162321 ms
[2025-06-07T17:47:22.902+0200] {spark_submit.py:521} INFO - 25/06/07 17:47:22 INFO FileScanRDD: Reading File path: file:///home/leoja/airflow/data/Indicators.parquet, range: 0-13091, partition values: [empty row]
[2025-06-07T17:47:22.945+0200] {spark_submit.py:521} INFO - 25/06/07 17:47:22 INFO Executor: Finished task 0.0 in stage 5.0 (TID 4). 1890 bytes result sent to driver
[2025-06-07T17:47:22.946+0200] {spark_submit.py:521} INFO - 25/06/07 17:47:22 INFO TaskSetManager: Finished task 0.0 in stage 5.0 (TID 4) in 110 ms on 10.255.255.254 (executor driver) (1/1)
[2025-06-07T17:47:22.947+0200] {spark_submit.py:521} INFO - 25/06/07 17:47:22 INFO TaskSchedulerImpl: Removed TaskSet 5.0, whose tasks have all completed, from pool
[2025-06-07T17:47:22.948+0200] {spark_submit.py:521} INFO - 25/06/07 17:47:22 INFO DAGScheduler: ResultStage 5 (javaToPython at NativeMethodAccessorImpl.java:0) finished in 0.130 s
[2025-06-07T17:47:22.948+0200] {spark_submit.py:521} INFO - 25/06/07 17:47:22 INFO DAGScheduler: Job 4 is finished. Cancelling potential speculative or zombie tasks for this job
[2025-06-07T17:47:22.948+0200] {spark_submit.py:521} INFO - 25/06/07 17:47:22 INFO TaskSchedulerImpl: Killing all running tasks in stage 5: Stage finished
[2025-06-07T17:47:22.949+0200] {spark_submit.py:521} INFO - 25/06/07 17:47:22 INFO DAGScheduler: Job 4 finished: javaToPython at NativeMethodAccessorImpl.java:0, took 0.135904 s
[2025-06-07T17:47:22.954+0200] {spark_submit.py:521} INFO - 25/06/07 17:47:22 INFO DAGScheduler: Registering RDD 17 (javaToPython at NativeMethodAccessorImpl.java:0) as input to shuffle 1
[2025-06-07T17:47:22.955+0200] {spark_submit.py:521} INFO - 25/06/07 17:47:22 INFO DAGScheduler: Got map stage job 5 (javaToPython at NativeMethodAccessorImpl.java:0) with 1 output partitions
[2025-06-07T17:47:22.955+0200] {spark_submit.py:521} INFO - 25/06/07 17:47:22 INFO DAGScheduler: Final stage: ShuffleMapStage 6 (javaToPython at NativeMethodAccessorImpl.java:0)
[2025-06-07T17:47:22.955+0200] {spark_submit.py:521} INFO - 25/06/07 17:47:22 INFO DAGScheduler: Parents of final stage: List()
[2025-06-07T17:47:22.956+0200] {spark_submit.py:521} INFO - 25/06/07 17:47:22 INFO DAGScheduler: Missing parents: List()
[2025-06-07T17:47:22.957+0200] {spark_submit.py:521} INFO - 25/06/07 17:47:22 INFO DAGScheduler: Submitting ShuffleMapStage 6 (MapPartitionsRDD[17] at javaToPython at NativeMethodAccessorImpl.java:0), which has no missing parents
[2025-06-07T17:47:22.967+0200] {spark_submit.py:521} INFO - 25/06/07 17:47:22 INFO MemoryStore: Block broadcast_7 stored as values in memory (estimated size 25.5 KiB, free 433.9 MiB)
[2025-06-07T17:47:22.968+0200] {spark_submit.py:521} INFO - 25/06/07 17:47:22 INFO MemoryStore: Block broadcast_7_piece0 stored as bytes in memory (estimated size 10.4 KiB, free 433.9 MiB)
[2025-06-07T17:47:22.969+0200] {spark_submit.py:521} INFO - 25/06/07 17:47:22 INFO BlockManagerInfo: Added broadcast_7_piece0 in memory on 10.255.255.254:37493 (size: 10.4 KiB, free: 434.3 MiB)
[2025-06-07T17:47:22.970+0200] {spark_submit.py:521} INFO - 25/06/07 17:47:22 INFO SparkContext: Created broadcast 7 from broadcast at DAGScheduler.scala:1585
[2025-06-07T17:47:22.972+0200] {spark_submit.py:521} INFO - 25/06/07 17:47:22 INFO DAGScheduler: Submitting 1 missing tasks from ShuffleMapStage 6 (MapPartitionsRDD[17] at javaToPython at NativeMethodAccessorImpl.java:0) (first 15 tasks are for partitions Vector(0))
[2025-06-07T17:47:22.972+0200] {spark_submit.py:521} INFO - 25/06/07 17:47:22 INFO TaskSchedulerImpl: Adding task set 6.0 with 1 tasks resource profile 0
[2025-06-07T17:47:22.982+0200] {spark_submit.py:521} INFO - 25/06/07 17:47:22 INFO TaskSetManager: Starting task 0.0 in stage 6.0 (TID 5) (10.255.255.254, executor driver, partition 0, PROCESS_LOCAL, 9601 bytes)
[2025-06-07T17:47:22.985+0200] {spark_submit.py:521} INFO - 25/06/07 17:47:22 INFO Executor: Running task 0.0 in stage 6.0 (TID 5)
[2025-06-07T17:47:23.012+0200] {spark_submit.py:521} INFO - 25/06/07 17:47:23 INFO CodeGenerator: Code generated in 8.913181 ms
[2025-06-07T17:47:23.024+0200] {spark_submit.py:521} INFO - 25/06/07 17:47:23 INFO FileScanRDD: Reading File path: file:///home/leoja/airflow/data/Indicators.parquet, range: 0-13091, partition values: [empty row]
[2025-06-07T17:47:23.062+0200] {spark_submit.py:521} INFO - 25/06/07 17:47:23 INFO Executor: Finished task 0.0 in stage 6.0 (TID 5). 2010 bytes result sent to driver
[2025-06-07T17:47:23.065+0200] {spark_submit.py:521} INFO - 25/06/07 17:47:23 INFO TaskSetManager: Finished task 0.0 in stage 6.0 (TID 5) in 83 ms on 10.255.255.254 (executor driver) (1/1)
[2025-06-07T17:47:23.065+0200] {spark_submit.py:521} INFO - 25/06/07 17:47:23 INFO TaskSchedulerImpl: Removed TaskSet 6.0, whose tasks have all completed, from pool
[2025-06-07T17:47:23.065+0200] {spark_submit.py:521} INFO - 25/06/07 17:47:23 INFO BlockManagerInfo: Removed broadcast_6_piece0 on 10.255.255.254:37493 in memory (size: 9.5 KiB, free: 434.3 MiB)
[2025-06-07T17:47:23.066+0200] {spark_submit.py:521} INFO - 25/06/07 17:47:23 INFO DAGScheduler: ShuffleMapStage 6 (javaToPython at NativeMethodAccessorImpl.java:0) finished in 0.108 s
[2025-06-07T17:47:23.066+0200] {spark_submit.py:521} INFO - 25/06/07 17:47:23 INFO DAGScheduler: looking for newly runnable stages
[2025-06-07T17:47:23.067+0200] {spark_submit.py:521} INFO - 25/06/07 17:47:23 INFO DAGScheduler: running: Set()
[2025-06-07T17:47:23.067+0200] {spark_submit.py:521} INFO - 25/06/07 17:47:23 INFO DAGScheduler: waiting: Set()
[2025-06-07T17:47:23.067+0200] {spark_submit.py:521} INFO - 25/06/07 17:47:23 INFO DAGScheduler: failed: Set()
[2025-06-07T17:47:23.125+0200] {spark_submit.py:521} INFO - Aucune nouvelle donnée après 2025-06-30. Pas de réécriture.
[2025-06-07T17:47:23.125+0200] {spark_submit.py:521} INFO - 25/06/07 17:47:23 INFO SparkContext: SparkContext is stopping with exitCode 0.
[2025-06-07T17:47:23.159+0200] {spark_submit.py:521} INFO - 25/06/07 17:47:23 INFO SparkUI: Stopped Spark web UI at http://10.255.255.254:4040
[2025-06-07T17:47:23.178+0200] {spark_submit.py:521} INFO - 25/06/07 17:47:23 INFO MapOutputTrackerMasterEndpoint: MapOutputTrackerMasterEndpoint stopped!
[2025-06-07T17:47:23.211+0200] {spark_submit.py:521} INFO - 25/06/07 17:47:23 INFO MemoryStore: MemoryStore cleared
[2025-06-07T17:47:23.211+0200] {spark_submit.py:521} INFO - 25/06/07 17:47:23 INFO BlockManager: BlockManager stopped
[2025-06-07T17:47:23.216+0200] {spark_submit.py:521} INFO - 25/06/07 17:47:23 INFO BlockManagerMaster: BlockManagerMaster stopped
[2025-06-07T17:47:23.218+0200] {spark_submit.py:521} INFO - 25/06/07 17:47:23 INFO OutputCommitCoordinator$OutputCommitCoordinatorEndpoint: OutputCommitCoordinator stopped!
[2025-06-07T17:47:23.231+0200] {spark_submit.py:521} INFO - 25/06/07 17:47:23 INFO SparkContext: Successfully stopped SparkContext
[2025-06-07T17:47:23.407+0200] {spark_submit.py:521} INFO - 25/06/07 17:47:23 INFO ShutdownHookManager: Shutdown hook called
[2025-06-07T17:47:23.408+0200] {spark_submit.py:521} INFO - 25/06/07 17:47:23 INFO ShutdownHookManager: Deleting directory /tmp/spark-020a779c-934a-4485-ad6c-ddc537af6332
[2025-06-07T17:47:23.412+0200] {spark_submit.py:521} INFO - 25/06/07 17:47:23 INFO ShutdownHookManager: Deleting directory /tmp/spark-9fdeb097-1fc7-452c-9f87-66fe2059347c/pyspark-acce7aba-8e7c-41f8-9816-ccb4728c7008
[2025-06-07T17:47:23.466+0200] {spark_submit.py:521} INFO - 25/06/07 17:47:23 INFO ShutdownHookManager: Deleting directory /tmp/spark-9fdeb097-1fc7-452c-9f87-66fe2059347c
[2025-06-07T17:47:23.523+0200] {taskinstance.py:441} INFO - ::group::Post task execution logs
[2025-06-07T17:47:23.528+0200] {taskinstance.py:1205} INFO - Marking task as SUCCESS. dag_id=macro_trading_dag, task_id=compute_economic_quadrants, execution_date=20250607T154631, start_date=20250607T154703, end_date=20250607T154723
[2025-06-07T17:47:23.666+0200] {local_task_job_runner.py:240} INFO - Task exited with return code 0
[2025-06-07T17:47:23.675+0200] {taskinstance.py:3482} INFO - 1 downstream tasks scheduled from follow-on schedule check
[2025-06-07T17:47:23.691+0200] {local_task_job_runner.py:222} INFO - ::endgroup::
