[2025-06-10T11:41:37.680+0200] {local_task_job_runner.py:120} INFO - ::group::Pre task execution logs
[2025-06-10T11:41:37.694+0200] {taskinstance.py:2073} INFO - Dependencies all met for dep_context=non-requeueable deps ti=<TaskInstance: macro_trading_dag.compute_economic_quadrants scheduled__2025-06-09T08:00:00+00:00 [queued]>
[2025-06-10T11:41:37.698+0200] {taskinstance.py:2073} INFO - Dependencies all met for dep_context=requeueable deps ti=<TaskInstance: macro_trading_dag.compute_economic_quadrants scheduled__2025-06-09T08:00:00+00:00 [queued]>
[2025-06-10T11:41:37.699+0200] {taskinstance.py:2303} INFO - Starting attempt 1 of 3
[2025-06-10T11:41:37.721+0200] {taskinstance.py:2327} INFO - Executing <Task(SparkSubmitOperator): compute_economic_quadrants> on 2025-06-09 08:00:00+00:00
[2025-06-10T11:41:37.728+0200] {standard_task_runner.py:90} INFO - Running: ['airflow', 'tasks', 'run', 'macro_trading_dag', 'compute_economic_quadrants', 'scheduled__2025-06-09T08:00:00+00:00', '--job-id', '405', '--raw', '--subdir', 'DAGS_FOLDER/macro_trading_dag.py', '--cfg-path', '/tmp/tmprnup5wt0']
[2025-06-10T11:41:37.729+0200] {standard_task_runner.py:91} INFO - Job 405: Subtask compute_economic_quadrants
[2025-06-10T11:41:37.733+0200] {logging_mixin.py:188} WARNING - /home/leoja/airflow/airflow_venv/lib/python3.12/site-packages/airflow/task/task_runner/standard_task_runner.py:61 DeprecationWarning: This process (pid=179165) is multi-threaded, use of fork() may lead to deadlocks in the child.
[2025-06-10T11:41:37.734+0200] {standard_task_runner.py:63} INFO - Started process 179197 to run task
[2025-06-10T11:41:37.767+0200] {task_command.py:426} INFO - Running <TaskInstance: macro_trading_dag.compute_economic_quadrants scheduled__2025-06-09T08:00:00+00:00 [running]> on host N15I711-16GR512.localdomain
[2025-06-10T11:41:37.837+0200] {taskinstance.py:2644} INFO - Exporting env vars: AIRFLOW_CTX_DAG_OWNER='airflow' AIRFLOW_CTX_DAG_ID='macro_trading_dag' AIRFLOW_CTX_TASK_ID='compute_economic_quadrants' AIRFLOW_CTX_EXECUTION_DATE='2025-06-09T08:00:00+00:00' AIRFLOW_CTX_TRY_NUMBER='1' AIRFLOW_CTX_DAG_RUN_ID='scheduled__2025-06-09T08:00:00+00:00'
[2025-06-10T11:41:37.838+0200] {taskinstance.py:430} INFO - ::endgroup::
[2025-06-10T11:41:37.842+0200] {base.py:84} INFO - Using connection ID 'spark_local' for task execution.
[2025-06-10T11:41:37.843+0200] {spark_submit.py:351} INFO - Spark-Submit cmd: spark-submit --master local[*] --conf spark.pyspark.python=/home/leoja/airflow_venv/bin/python --conf spark.pyspark.driver.python=/home/leoja/airflow_venv/bin/python --name compute_economic_quadrants /home/leoja/airflow/spark_jobs/compute_quadrants.py /home/leoja/airflow/data/Indicators.parquet /home/leoja/airflow/data/quadrants.parquet /home/leoja/airflow/data/data/quadrants.csv
[2025-06-10T11:41:44.363+0200] {spark_submit.py:521} INFO - 25/06/10 11:41:44 WARN Utils: Your hostname, N15I711-16GR512 resolves to a loopback address: 127.0.1.1; using 10.255.255.254 instead (on interface lo)
[2025-06-10T11:41:44.366+0200] {spark_submit.py:521} INFO - 25/06/10 11:41:44 WARN Utils: Set SPARK_LOCAL_IP if you need to bind to another address
[2025-06-10T11:41:49.689+0200] {spark_submit.py:521} INFO - 25/06/10 11:41:49 INFO SparkContext: Running Spark version 3.5.5
[2025-06-10T11:41:49.690+0200] {spark_submit.py:521} INFO - 25/06/10 11:41:49 INFO SparkContext: OS info Linux, 6.6.87.1-microsoft-standard-WSL2, amd64
[2025-06-10T11:41:49.690+0200] {spark_submit.py:521} INFO - 25/06/10 11:41:49 INFO SparkContext: Java version 17.0.15
[2025-06-10T11:41:49.983+0200] {spark_submit.py:521} INFO - 25/06/10 11:41:49 WARN NativeCodeLoader: Unable to load native-hadoop library for your platform... using builtin-java classes where applicable
[2025-06-10T11:41:50.841+0200] {spark_submit.py:521} INFO - 25/06/10 11:41:50 INFO ResourceUtils: ==============================================================
[2025-06-10T11:41:50.842+0200] {spark_submit.py:521} INFO - 25/06/10 11:41:50 INFO ResourceUtils: No custom resources configured for spark.driver.
[2025-06-10T11:41:50.842+0200] {spark_submit.py:521} INFO - 25/06/10 11:41:50 INFO ResourceUtils: ==============================================================
[2025-06-10T11:41:50.843+0200] {spark_submit.py:521} INFO - 25/06/10 11:41:50 INFO SparkContext: Submitted application: ComputeEconomicQuadrants
[2025-06-10T11:41:50.872+0200] {spark_submit.py:521} INFO - 25/06/10 11:41:50 INFO ResourceProfile: Default ResourceProfile created, executor resources: Map(cores -> name: cores, amount: 1, script: , vendor: , memory -> name: memory, amount: 1024, script: , vendor: , offHeap -> name: offHeap, amount: 0, script: , vendor: ), task resources: Map(cpus -> name: cpus, amount: 1.0)
[2025-06-10T11:41:50.881+0200] {spark_submit.py:521} INFO - 25/06/10 11:41:50 INFO ResourceProfile: Limiting resource is cpu
[2025-06-10T11:41:50.882+0200] {spark_submit.py:521} INFO - 25/06/10 11:41:50 INFO ResourceProfileManager: Added ResourceProfile id: 0
[2025-06-10T11:41:51.178+0200] {spark_submit.py:521} INFO - 25/06/10 11:41:51 INFO SecurityManager: Changing view acls to: leoja
[2025-06-10T11:41:51.179+0200] {spark_submit.py:521} INFO - 25/06/10 11:41:51 INFO SecurityManager: Changing modify acls to: leoja
[2025-06-10T11:41:51.179+0200] {spark_submit.py:521} INFO - 25/06/10 11:41:51 INFO SecurityManager: Changing view acls groups to:
[2025-06-10T11:41:51.180+0200] {spark_submit.py:521} INFO - 25/06/10 11:41:51 INFO SecurityManager: Changing modify acls groups to:
[2025-06-10T11:41:51.181+0200] {spark_submit.py:521} INFO - 25/06/10 11:41:51 INFO SecurityManager: SecurityManager: authentication disabled; ui acls disabled; users with view permissions: leoja; groups with view permissions: EMPTY; users with modify permissions: leoja; groups with modify permissions: EMPTY
[2025-06-10T11:41:52.480+0200] {spark_submit.py:521} INFO - 25/06/10 11:41:52 INFO Utils: Successfully started service 'sparkDriver' on port 33499.
[2025-06-10T11:41:52.701+0200] {spark_submit.py:521} INFO - 25/06/10 11:41:52 INFO SparkEnv: Registering MapOutputTracker
[2025-06-10T11:41:52.774+0200] {spark_submit.py:521} INFO - 25/06/10 11:41:52 INFO SparkEnv: Registering BlockManagerMaster
[2025-06-10T11:41:52.812+0200] {spark_submit.py:521} INFO - 25/06/10 11:41:52 INFO BlockManagerMasterEndpoint: Using org.apache.spark.storage.DefaultTopologyMapper for getting topology information
[2025-06-10T11:41:52.812+0200] {spark_submit.py:521} INFO - 25/06/10 11:41:52 INFO BlockManagerMasterEndpoint: BlockManagerMasterEndpoint up
[2025-06-10T11:41:52.827+0200] {spark_submit.py:521} INFO - 25/06/10 11:41:52 INFO SparkEnv: Registering BlockManagerMasterHeartbeat
[2025-06-10T11:41:53.016+0200] {spark_submit.py:521} INFO - 25/06/10 11:41:53 INFO DiskBlockManager: Created local directory at /tmp/blockmgr-ff59233f-3f93-48e6-9215-049a08eb807a
[2025-06-10T11:41:53.064+0200] {spark_submit.py:521} INFO - 25/06/10 11:41:53 INFO MemoryStore: MemoryStore started with capacity 434.4 MiB
[2025-06-10T11:41:53.109+0200] {spark_submit.py:521} INFO - 25/06/10 11:41:53 INFO SparkEnv: Registering OutputCommitCoordinator
[2025-06-10T11:41:53.662+0200] {spark_submit.py:521} INFO - 25/06/10 11:41:53 INFO JettyUtils: Start Jetty 0.0.0.0:4040 for SparkUI
[2025-06-10T11:41:54.148+0200] {spark_submit.py:521} INFO - 25/06/10 11:41:54 INFO Utils: Successfully started service 'SparkUI' on port 4040.
[2025-06-10T11:41:54.964+0200] {spark_submit.py:521} INFO - 25/06/10 11:41:54 INFO Executor: Starting executor ID driver on host 10.255.255.254
[2025-06-10T11:41:54.965+0200] {spark_submit.py:521} INFO - 25/06/10 11:41:54 INFO Executor: OS info Linux, 6.6.87.1-microsoft-standard-WSL2, amd64
[2025-06-10T11:41:54.966+0200] {spark_submit.py:521} INFO - 25/06/10 11:41:54 INFO Executor: Java version 17.0.15
[2025-06-10T11:41:54.977+0200] {spark_submit.py:521} INFO - 25/06/10 11:41:54 INFO Executor: Starting executor with user classpath (userClassPathFirst = false): ''
[2025-06-10T11:41:54.978+0200] {spark_submit.py:521} INFO - 25/06/10 11:41:54 INFO Executor: Created or updated repl class loader org.apache.spark.util.MutableURLClassLoader@615802d3 for default.
[2025-06-10T11:41:55.060+0200] {spark_submit.py:521} INFO - 25/06/10 11:41:55 INFO Utils: Successfully started service 'org.apache.spark.network.netty.NettyBlockTransferService' on port 45143.
[2025-06-10T11:41:55.060+0200] {spark_submit.py:521} INFO - 25/06/10 11:41:55 INFO NettyBlockTransferService: Server created on 10.255.255.254:45143
[2025-06-10T11:41:55.063+0200] {spark_submit.py:521} INFO - 25/06/10 11:41:55 INFO BlockManager: Using org.apache.spark.storage.RandomBlockReplicationPolicy for block replication policy
[2025-06-10T11:41:55.075+0200] {spark_submit.py:521} INFO - 25/06/10 11:41:55 INFO BlockManagerMaster: Registering BlockManager BlockManagerId(driver, 10.255.255.254, 45143, None)
[2025-06-10T11:41:55.081+0200] {spark_submit.py:521} INFO - 25/06/10 11:41:55 INFO BlockManagerMasterEndpoint: Registering block manager 10.255.255.254:45143 with 434.4 MiB RAM, BlockManagerId(driver, 10.255.255.254, 45143, None)
[2025-06-10T11:41:55.084+0200] {spark_submit.py:521} INFO - 25/06/10 11:41:55 INFO BlockManagerMaster: Registered BlockManager BlockManagerId(driver, 10.255.255.254, 45143, None)
[2025-06-10T11:41:55.086+0200] {spark_submit.py:521} INFO - 25/06/10 11:41:55 INFO BlockManager: Initialized BlockManager: BlockManagerId(driver, 10.255.255.254, 45143, None)
[2025-06-10T11:41:56.388+0200] {spark_submit.py:521} INFO - 25/06/10 11:41:56 INFO SharedState: Setting hive.metastore.warehouse.dir ('null') to the value of spark.sql.warehouse.dir.
[2025-06-10T11:41:56.398+0200] {spark_submit.py:521} INFO - 25/06/10 11:41:56 INFO SharedState: Warehouse path is 'file:/home/leoja/airflow/airflow_venv/spark-warehouse'.
[2025-06-10T11:41:58.393+0200] {spark_submit.py:521} INFO - 25/06/10 11:41:58 INFO InMemoryFileIndex: It took 80 ms to list leaf files for 1 paths.
[2025-06-10T11:41:58.933+0200] {spark_submit.py:521} INFO - 25/06/10 11:41:58 INFO SparkContext: Starting job: parquet at NativeMethodAccessorImpl.java:0
[2025-06-10T11:41:58.958+0200] {spark_submit.py:521} INFO - 25/06/10 11:41:58 INFO DAGScheduler: Got job 0 (parquet at NativeMethodAccessorImpl.java:0) with 1 output partitions
[2025-06-10T11:41:58.958+0200] {spark_submit.py:521} INFO - 25/06/10 11:41:58 INFO DAGScheduler: Final stage: ResultStage 0 (parquet at NativeMethodAccessorImpl.java:0)
[2025-06-10T11:41:58.959+0200] {spark_submit.py:521} INFO - 25/06/10 11:41:58 INFO DAGScheduler: Parents of final stage: List()
[2025-06-10T11:41:58.960+0200] {spark_submit.py:521} INFO - 25/06/10 11:41:58 INFO DAGScheduler: Missing parents: List()
[2025-06-10T11:41:58.964+0200] {spark_submit.py:521} INFO - 25/06/10 11:41:58 INFO DAGScheduler: Submitting ResultStage 0 (MapPartitionsRDD[1] at parquet at NativeMethodAccessorImpl.java:0), which has no missing parents
[2025-06-10T11:41:59.063+0200] {spark_submit.py:521} INFO - 25/06/10 11:41:59 INFO MemoryStore: Block broadcast_0 stored as values in memory (estimated size 103.5 KiB, free 434.3 MiB)
[2025-06-10T11:41:59.134+0200] {spark_submit.py:521} INFO - 25/06/10 11:41:59 INFO MemoryStore: Block broadcast_0_piece0 stored as bytes in memory (estimated size 37.3 KiB, free 434.3 MiB)
[2025-06-10T11:41:59.137+0200] {spark_submit.py:521} INFO - 25/06/10 11:41:59 INFO BlockManagerInfo: Added broadcast_0_piece0 in memory on 10.255.255.254:45143 (size: 37.3 KiB, free: 434.4 MiB)
[2025-06-10T11:41:59.141+0200] {spark_submit.py:521} INFO - 25/06/10 11:41:59 INFO SparkContext: Created broadcast 0 from broadcast at DAGScheduler.scala:1585
[2025-06-10T11:41:59.157+0200] {spark_submit.py:521} INFO - 25/06/10 11:41:59 INFO DAGScheduler: Submitting 1 missing tasks from ResultStage 0 (MapPartitionsRDD[1] at parquet at NativeMethodAccessorImpl.java:0) (first 15 tasks are for partitions Vector(0))
[2025-06-10T11:41:59.158+0200] {spark_submit.py:521} INFO - 25/06/10 11:41:59 INFO TaskSchedulerImpl: Adding task set 0.0 with 1 tasks resource profile 0
[2025-06-10T11:41:59.207+0200] {spark_submit.py:521} INFO - 25/06/10 11:41:59 INFO TaskSetManager: Starting task 0.0 in stage 0.0 (TID 0) (10.255.255.254, executor driver, partition 0, PROCESS_LOCAL, 9142 bytes)
[2025-06-10T11:41:59.223+0200] {spark_submit.py:521} INFO - 25/06/10 11:41:59 INFO Executor: Running task 0.0 in stage 0.0 (TID 0)
[2025-06-10T11:41:59.900+0200] {spark_submit.py:521} INFO - 25/06/10 11:41:59 INFO Executor: Finished task 0.0 in stage 0.0 (TID 0). 1974 bytes result sent to driver
[2025-06-10T11:41:59.912+0200] {spark_submit.py:521} INFO - 25/06/10 11:41:59 INFO TaskSetManager: Finished task 0.0 in stage 0.0 (TID 0) in 725 ms on 10.255.255.254 (executor driver) (1/1)
[2025-06-10T11:41:59.914+0200] {spark_submit.py:521} INFO - 25/06/10 11:41:59 INFO TaskSchedulerImpl: Removed TaskSet 0.0, whose tasks have all completed, from pool
[2025-06-10T11:41:59.917+0200] {spark_submit.py:521} INFO - 25/06/10 11:41:59 INFO DAGScheduler: ResultStage 0 (parquet at NativeMethodAccessorImpl.java:0) finished in 0.933 s
[2025-06-10T11:41:59.920+0200] {spark_submit.py:521} INFO - 25/06/10 11:41:59 INFO DAGScheduler: Job 0 is finished. Cancelling potential speculative or zombie tasks for this job
[2025-06-10T11:41:59.920+0200] {spark_submit.py:521} INFO - 25/06/10 11:41:59 INFO TaskSchedulerImpl: Killing all running tasks in stage 0: Stage finished
[2025-06-10T11:41:59.922+0200] {spark_submit.py:521} INFO - 25/06/10 11:41:59 INFO DAGScheduler: Job 0 finished: parquet at NativeMethodAccessorImpl.java:0, took 0.988316 s
[2025-06-10T11:42:00.493+0200] {spark_submit.py:521} INFO - 25/06/10 11:42:00 INFO BlockManagerInfo: Removed broadcast_0_piece0 on 10.255.255.254:45143 in memory (size: 37.3 KiB, free: 434.4 MiB)
[2025-06-10T11:42:01.052+0200] {spark_submit.py:521} INFO - 25/06/10 11:42:01 INFO InMemoryFileIndex: It took 1 ms to list leaf files for 1 paths.
[2025-06-10T11:42:01.082+0200] {spark_submit.py:521} INFO - 25/06/10 11:42:01 INFO SparkContext: Starting job: parquet at NativeMethodAccessorImpl.java:0
[2025-06-10T11:42:01.084+0200] {spark_submit.py:521} INFO - 25/06/10 11:42:01 INFO DAGScheduler: Got job 1 (parquet at NativeMethodAccessorImpl.java:0) with 1 output partitions
[2025-06-10T11:42:01.084+0200] {spark_submit.py:521} INFO - 25/06/10 11:42:01 INFO DAGScheduler: Final stage: ResultStage 1 (parquet at NativeMethodAccessorImpl.java:0)
[2025-06-10T11:42:01.084+0200] {spark_submit.py:521} INFO - 25/06/10 11:42:01 INFO DAGScheduler: Parents of final stage: List()
[2025-06-10T11:42:01.084+0200] {spark_submit.py:521} INFO - 25/06/10 11:42:01 INFO DAGScheduler: Missing parents: List()
[2025-06-10T11:42:01.085+0200] {spark_submit.py:521} INFO - 25/06/10 11:42:01 INFO DAGScheduler: Submitting ResultStage 1 (MapPartitionsRDD[3] at parquet at NativeMethodAccessorImpl.java:0), which has no missing parents
[2025-06-10T11:42:01.094+0200] {spark_submit.py:521} INFO - 25/06/10 11:42:01 INFO MemoryStore: Block broadcast_1 stored as values in memory (estimated size 103.5 KiB, free 434.3 MiB)
[2025-06-10T11:42:01.097+0200] {spark_submit.py:521} INFO - 25/06/10 11:42:01 INFO MemoryStore: Block broadcast_1_piece0 stored as bytes in memory (estimated size 37.3 KiB, free 434.3 MiB)
[2025-06-10T11:42:01.097+0200] {spark_submit.py:521} INFO - 25/06/10 11:42:01 INFO BlockManagerInfo: Added broadcast_1_piece0 in memory on 10.255.255.254:45143 (size: 37.3 KiB, free: 434.4 MiB)
[2025-06-10T11:42:01.098+0200] {spark_submit.py:521} INFO - 25/06/10 11:42:01 INFO SparkContext: Created broadcast 1 from broadcast at DAGScheduler.scala:1585
[2025-06-10T11:42:01.099+0200] {spark_submit.py:521} INFO - 25/06/10 11:42:01 INFO DAGScheduler: Submitting 1 missing tasks from ResultStage 1 (MapPartitionsRDD[3] at parquet at NativeMethodAccessorImpl.java:0) (first 15 tasks are for partitions Vector(0))
[2025-06-10T11:42:01.099+0200] {spark_submit.py:521} INFO - 25/06/10 11:42:01 INFO TaskSchedulerImpl: Adding task set 1.0 with 1 tasks resource profile 0
[2025-06-10T11:42:01.101+0200] {spark_submit.py:521} INFO - 25/06/10 11:42:01 INFO TaskSetManager: Starting task 0.0 in stage 1.0 (TID 1) (10.255.255.254, executor driver, partition 0, PROCESS_LOCAL, 9141 bytes)
[2025-06-10T11:42:01.102+0200] {spark_submit.py:521} INFO - 25/06/10 11:42:01 INFO Executor: Running task 0.0 in stage 1.0 (TID 1)
[2025-06-10T11:42:01.137+0200] {spark_submit.py:521} INFO - 25/06/10 11:42:01 INFO Executor: Finished task 0.0 in stage 1.0 (TID 1). 3927 bytes result sent to driver
[2025-06-10T11:42:01.142+0200] {spark_submit.py:521} INFO - 25/06/10 11:42:01 INFO TaskSetManager: Finished task 0.0 in stage 1.0 (TID 1) in 41 ms on 10.255.255.254 (executor driver) (1/1)
[2025-06-10T11:42:01.142+0200] {spark_submit.py:521} INFO - 25/06/10 11:42:01 INFO TaskSchedulerImpl: Removed TaskSet 1.0, whose tasks have all completed, from pool
[2025-06-10T11:42:01.143+0200] {spark_submit.py:521} INFO - 25/06/10 11:42:01 INFO DAGScheduler: ResultStage 1 (parquet at NativeMethodAccessorImpl.java:0) finished in 0.056 s
[2025-06-10T11:42:01.144+0200] {spark_submit.py:521} INFO - 25/06/10 11:42:01 INFO DAGScheduler: Job 1 is finished. Cancelling potential speculative or zombie tasks for this job
[2025-06-10T11:42:01.144+0200] {spark_submit.py:521} INFO - 25/06/10 11:42:01 INFO TaskSchedulerImpl: Killing all running tasks in stage 1: Stage finished
[2025-06-10T11:42:01.145+0200] {spark_submit.py:521} INFO - 25/06/10 11:42:01 INFO DAGScheduler: Job 1 finished: parquet at NativeMethodAccessorImpl.java:0, took 0.061921 s
[2025-06-10T11:42:01.337+0200] {spark_submit.py:521} INFO - 25/06/10 11:42:01 INFO BlockManagerInfo: Removed broadcast_1_piece0 on 10.255.255.254:45143 in memory (size: 37.3 KiB, free: 434.4 MiB)
[2025-06-10T11:42:01.816+0200] {spark_submit.py:521} INFO - 25/06/10 11:42:01 INFO FileSourceStrategy: Pushed Filters:
[2025-06-10T11:42:01.817+0200] {spark_submit.py:521} INFO - 25/06/10 11:42:01 INFO FileSourceStrategy: Post-Scan Filters:
[2025-06-10T11:42:02.377+0200] {spark_submit.py:521} INFO - 25/06/10 11:42:02 INFO CodeGenerator: Code generated in 331.000075 ms
[2025-06-10T11:42:02.400+0200] {spark_submit.py:521} INFO - 25/06/10 11:42:02 INFO MemoryStore: Block broadcast_2 stored as values in memory (estimated size 201.2 KiB, free 434.2 MiB)
[2025-06-10T11:42:02.415+0200] {spark_submit.py:521} INFO - 25/06/10 11:42:02 INFO MemoryStore: Block broadcast_2_piece0 stored as bytes in memory (estimated size 35.0 KiB, free 434.2 MiB)
[2025-06-10T11:42:02.418+0200] {spark_submit.py:521} INFO - 25/06/10 11:42:02 INFO BlockManagerInfo: Added broadcast_2_piece0 in memory on 10.255.255.254:45143 (size: 35.0 KiB, free: 434.4 MiB)
[2025-06-10T11:42:02.419+0200] {spark_submit.py:521} INFO - 25/06/10 11:42:02 INFO SparkContext: Created broadcast 2 from collect at /home/leoja/airflow/spark_jobs/compute_quadrants.py:119
[2025-06-10T11:42:02.429+0200] {spark_submit.py:521} INFO - 25/06/10 11:42:02 INFO FileSourceScanExec: Planning scan with bin packing, max size: 4194304 bytes, open cost is considered as scanning 4194304 bytes.
[2025-06-10T11:42:02.497+0200] {spark_submit.py:521} INFO - 25/06/10 11:42:02 INFO DAGScheduler: Registering RDD 7 (collect at /home/leoja/airflow/spark_jobs/compute_quadrants.py:119) as input to shuffle 0
[2025-06-10T11:42:02.502+0200] {spark_submit.py:521} INFO - 25/06/10 11:42:02 INFO DAGScheduler: Got map stage job 2 (collect at /home/leoja/airflow/spark_jobs/compute_quadrants.py:119) with 1 output partitions
[2025-06-10T11:42:02.502+0200] {spark_submit.py:521} INFO - 25/06/10 11:42:02 INFO DAGScheduler: Final stage: ShuffleMapStage 2 (collect at /home/leoja/airflow/spark_jobs/compute_quadrants.py:119)
[2025-06-10T11:42:02.502+0200] {spark_submit.py:521} INFO - 25/06/10 11:42:02 INFO DAGScheduler: Parents of final stage: List()
[2025-06-10T11:42:02.503+0200] {spark_submit.py:521} INFO - 25/06/10 11:42:02 INFO DAGScheduler: Missing parents: List()
[2025-06-10T11:42:02.504+0200] {spark_submit.py:521} INFO - 25/06/10 11:42:02 INFO DAGScheduler: Submitting ShuffleMapStage 2 (MapPartitionsRDD[7] at collect at /home/leoja/airflow/spark_jobs/compute_quadrants.py:119), which has no missing parents
[2025-06-10T11:42:02.546+0200] {spark_submit.py:521} INFO - 25/06/10 11:42:02 INFO MemoryStore: Block broadcast_3 stored as values in memory (estimated size 18.6 KiB, free 434.2 MiB)
[2025-06-10T11:42:02.549+0200] {spark_submit.py:521} INFO - 25/06/10 11:42:02 INFO MemoryStore: Block broadcast_3_piece0 stored as bytes in memory (estimated size 8.3 KiB, free 434.1 MiB)
[2025-06-10T11:42:02.549+0200] {spark_submit.py:521} INFO - 25/06/10 11:42:02 INFO BlockManagerInfo: Added broadcast_3_piece0 in memory on 10.255.255.254:45143 (size: 8.3 KiB, free: 434.4 MiB)
[2025-06-10T11:42:02.550+0200] {spark_submit.py:521} INFO - 25/06/10 11:42:02 INFO SparkContext: Created broadcast 3 from broadcast at DAGScheduler.scala:1585
[2025-06-10T11:42:02.552+0200] {spark_submit.py:521} INFO - 25/06/10 11:42:02 INFO DAGScheduler: Submitting 1 missing tasks from ShuffleMapStage 2 (MapPartitionsRDD[7] at collect at /home/leoja/airflow/spark_jobs/compute_quadrants.py:119) (first 15 tasks are for partitions Vector(0))
[2025-06-10T11:42:02.552+0200] {spark_submit.py:521} INFO - 25/06/10 11:42:02 INFO TaskSchedulerImpl: Adding task set 2.0 with 1 tasks resource profile 0
[2025-06-10T11:42:02.561+0200] {spark_submit.py:521} INFO - 25/06/10 11:42:02 INFO TaskSetManager: Starting task 0.0 in stage 2.0 (TID 2) (10.255.255.254, executor driver, partition 0, PROCESS_LOCAL, 9600 bytes)
[2025-06-10T11:42:02.562+0200] {spark_submit.py:521} INFO - 25/06/10 11:42:02 INFO Executor: Running task 0.0 in stage 2.0 (TID 2)
[2025-06-10T11:42:02.614+0200] {spark_submit.py:521} INFO - 25/06/10 11:42:02 INFO CodeGenerator: Code generated in 16.37633 ms
[2025-06-10T11:42:02.626+0200] {spark_submit.py:521} INFO - 25/06/10 11:42:02 INFO FileScanRDD: Reading File path: file:///home/leoja/airflow/data/quadrants.parquet, range: 0-44072, partition values: [empty row]
[2025-06-10T11:42:02.770+0200] {spark_submit.py:521} INFO - 25/06/10 11:42:02 INFO CodecPool: Got brand-new decompressor [.snappy]
[2025-06-10T11:42:03.170+0200] {spark_submit.py:521} INFO - 25/06/10 11:42:03 INFO Executor: Finished task 0.0 in stage 2.0 (TID 2). 2181 bytes result sent to driver
[2025-06-10T11:42:03.173+0200] {spark_submit.py:521} INFO - 25/06/10 11:42:03 INFO TaskSetManager: Finished task 0.0 in stage 2.0 (TID 2) in 619 ms on 10.255.255.254 (executor driver) (1/1)
[2025-06-10T11:42:03.173+0200] {spark_submit.py:521} INFO - 25/06/10 11:42:03 INFO TaskSchedulerImpl: Removed TaskSet 2.0, whose tasks have all completed, from pool
[2025-06-10T11:42:03.175+0200] {spark_submit.py:521} INFO - 25/06/10 11:42:03 INFO DAGScheduler: ShuffleMapStage 2 (collect at /home/leoja/airflow/spark_jobs/compute_quadrants.py:119) finished in 0.668 s
[2025-06-10T11:42:03.176+0200] {spark_submit.py:521} INFO - 25/06/10 11:42:03 INFO DAGScheduler: looking for newly runnable stages
[2025-06-10T11:42:03.176+0200] {spark_submit.py:521} INFO - 25/06/10 11:42:03 INFO DAGScheduler: running: Set()
[2025-06-10T11:42:03.176+0200] {spark_submit.py:521} INFO - 25/06/10 11:42:03 INFO DAGScheduler: waiting: Set()
[2025-06-10T11:42:03.177+0200] {spark_submit.py:521} INFO - 25/06/10 11:42:03 INFO DAGScheduler: failed: Set()
[2025-06-10T11:42:03.214+0200] {spark_submit.py:521} INFO - 25/06/10 11:42:03 INFO CodeGenerator: Code generated in 11.134148 ms
[2025-06-10T11:42:03.234+0200] {spark_submit.py:521} INFO - 25/06/10 11:42:03 INFO SparkContext: Starting job: collect at /home/leoja/airflow/spark_jobs/compute_quadrants.py:119
[2025-06-10T11:42:03.237+0200] {spark_submit.py:521} INFO - 25/06/10 11:42:03 INFO DAGScheduler: Got job 3 (collect at /home/leoja/airflow/spark_jobs/compute_quadrants.py:119) with 1 output partitions
[2025-06-10T11:42:03.237+0200] {spark_submit.py:521} INFO - 25/06/10 11:42:03 INFO DAGScheduler: Final stage: ResultStage 4 (collect at /home/leoja/airflow/spark_jobs/compute_quadrants.py:119)
[2025-06-10T11:42:03.237+0200] {spark_submit.py:521} INFO - 25/06/10 11:42:03 INFO DAGScheduler: Parents of final stage: List(ShuffleMapStage 3)
[2025-06-10T11:42:03.238+0200] {spark_submit.py:521} INFO - 25/06/10 11:42:03 INFO DAGScheduler: Missing parents: List()
[2025-06-10T11:42:03.238+0200] {spark_submit.py:521} INFO - 25/06/10 11:42:03 INFO DAGScheduler: Submitting ResultStage 4 (MapPartitionsRDD[10] at collect at /home/leoja/airflow/spark_jobs/compute_quadrants.py:119), which has no missing parents
[2025-06-10T11:42:03.247+0200] {spark_submit.py:521} INFO - 25/06/10 11:42:03 INFO MemoryStore: Block broadcast_4 stored as values in memory (estimated size 13.1 KiB, free 434.1 MiB)
[2025-06-10T11:42:03.249+0200] {spark_submit.py:521} INFO - 25/06/10 11:42:03 INFO MemoryStore: Block broadcast_4_piece0 stored as bytes in memory (estimated size 6.1 KiB, free 434.1 MiB)
[2025-06-10T11:42:03.252+0200] {spark_submit.py:521} INFO - 25/06/10 11:42:03 INFO BlockManagerInfo: Added broadcast_4_piece0 in memory on 10.255.255.254:45143 (size: 6.1 KiB, free: 434.4 MiB)
[2025-06-10T11:42:03.253+0200] {spark_submit.py:521} INFO - 25/06/10 11:42:03 INFO SparkContext: Created broadcast 4 from broadcast at DAGScheduler.scala:1585
[2025-06-10T11:42:03.253+0200] {spark_submit.py:521} INFO - 25/06/10 11:42:03 INFO DAGScheduler: Submitting 1 missing tasks from ResultStage 4 (MapPartitionsRDD[10] at collect at /home/leoja/airflow/spark_jobs/compute_quadrants.py:119) (first 15 tasks are for partitions Vector(0))
[2025-06-10T11:42:03.254+0200] {spark_submit.py:521} INFO - 25/06/10 11:42:03 INFO TaskSchedulerImpl: Adding task set 4.0 with 1 tasks resource profile 0
[2025-06-10T11:42:03.259+0200] {spark_submit.py:521} INFO - 25/06/10 11:42:03 INFO TaskSetManager: Starting task 0.0 in stage 4.0 (TID 3) (10.255.255.254, executor driver, partition 0, NODE_LOCAL, 8999 bytes)
[2025-06-10T11:42:03.260+0200] {spark_submit.py:521} INFO - 25/06/10 11:42:03 INFO Executor: Running task 0.0 in stage 4.0 (TID 3)
[2025-06-10T11:42:03.290+0200] {spark_submit.py:521} INFO - 25/06/10 11:42:03 INFO ShuffleBlockFetcherIterator: Getting 1 (60.0 B) non-empty blocks including 1 (60.0 B) local and 0 (0.0 B) host-local and 0 (0.0 B) push-merged-local and 0 (0.0 B) remote blocks
[2025-06-10T11:42:03.292+0200] {spark_submit.py:521} INFO - 25/06/10 11:42:03 INFO ShuffleBlockFetcherIterator: Started 0 remote fetches in 7 ms
[2025-06-10T11:42:03.303+0200] {spark_submit.py:521} INFO - 25/06/10 11:42:03 INFO CodeGenerator: Code generated in 9.345272 ms
[2025-06-10T11:42:03.320+0200] {spark_submit.py:521} INFO - 25/06/10 11:42:03 INFO Executor: Finished task 0.0 in stage 4.0 (TID 3). 4038 bytes result sent to driver
[2025-06-10T11:42:03.323+0200] {spark_submit.py:521} INFO - 25/06/10 11:42:03 INFO TaskSetManager: Finished task 0.0 in stage 4.0 (TID 3) in 66 ms on 10.255.255.254 (executor driver) (1/1)
[2025-06-10T11:42:03.324+0200] {spark_submit.py:521} INFO - 25/06/10 11:42:03 INFO TaskSchedulerImpl: Removed TaskSet 4.0, whose tasks have all completed, from pool
[2025-06-10T11:42:03.325+0200] {spark_submit.py:521} INFO - 25/06/10 11:42:03 INFO DAGScheduler: ResultStage 4 (collect at /home/leoja/airflow/spark_jobs/compute_quadrants.py:119) finished in 0.079 s
[2025-06-10T11:42:03.325+0200] {spark_submit.py:521} INFO - 25/06/10 11:42:03 INFO DAGScheduler: Job 3 is finished. Cancelling potential speculative or zombie tasks for this job
[2025-06-10T11:42:03.326+0200] {spark_submit.py:521} INFO - 25/06/10 11:42:03 INFO TaskSchedulerImpl: Killing all running tasks in stage 4: Stage finished
[2025-06-10T11:42:03.326+0200] {spark_submit.py:521} INFO - 25/06/10 11:42:03 INFO DAGScheduler: Job 3 finished: collect at /home/leoja/airflow/spark_jobs/compute_quadrants.py:119, took 0.091419 s
[2025-06-10T11:42:03.402+0200] {spark_submit.py:521} INFO - 25/06/10 11:42:03 INFO BlockManagerInfo: Removed broadcast_4_piece0 on 10.255.255.254:45143 in memory (size: 6.1 KiB, free: 434.4 MiB)
[2025-06-10T11:42:03.410+0200] {spark_submit.py:521} INFO - 25/06/10 11:42:03 INFO BlockManagerInfo: Removed broadcast_3_piece0 on 10.255.255.254:45143 in memory (size: 8.3 KiB, free: 434.4 MiB)
[2025-06-10T11:42:03.528+0200] {spark_submit.py:521} INFO - 25/06/10 11:42:03 INFO FileSourceStrategy: Pushed Filters:
[2025-06-10T11:42:03.530+0200] {spark_submit.py:521} INFO - 25/06/10 11:42:03 INFO FileSourceStrategy: Post-Scan Filters: (gettimestamp(date#0, yyyy-MM-dd, TimestampType, Some(Europe/Paris), false) >= 2025-07-01 00:00:00)
[2025-06-10T11:42:03.617+0200] {spark_submit.py:521} INFO - 25/06/10 11:42:03 INFO CodeGenerator: Code generated in 47.097106 ms
[2025-06-10T11:42:03.624+0200] {spark_submit.py:521} INFO - 25/06/10 11:42:03 INFO MemoryStore: Block broadcast_5 stored as values in memory (estimated size 202.1 KiB, free 434.0 MiB)
[2025-06-10T11:42:03.635+0200] {spark_submit.py:521} INFO - 25/06/10 11:42:03 INFO MemoryStore: Block broadcast_5_piece0 stored as bytes in memory (estimated size 35.2 KiB, free 433.9 MiB)
[2025-06-10T11:42:03.636+0200] {spark_submit.py:521} INFO - 25/06/10 11:42:03 INFO BlockManagerInfo: Added broadcast_5_piece0 in memory on 10.255.255.254:45143 (size: 35.2 KiB, free: 434.3 MiB)
[2025-06-10T11:42:03.637+0200] {spark_submit.py:521} INFO - 25/06/10 11:42:03 INFO SparkContext: Created broadcast 5 from javaToPython at NativeMethodAccessorImpl.java:0
[2025-06-10T11:42:03.639+0200] {spark_submit.py:521} INFO - 25/06/10 11:42:03 INFO FileSourceScanExec: Planning scan with bin packing, max size: 4194304 bytes, open cost is considered as scanning 4194304 bytes.
[2025-06-10T11:42:03.692+0200] {spark_submit.py:521} INFO - 25/06/10 11:42:03 INFO CodeGenerator: Code generated in 22.00863 ms
[2025-06-10T11:42:03.754+0200] {spark_submit.py:521} INFO - 25/06/10 11:42:03 INFO SparkContext: Starting job: javaToPython at NativeMethodAccessorImpl.java:0
[2025-06-10T11:42:03.755+0200] {spark_submit.py:521} INFO - 25/06/10 11:42:03 INFO DAGScheduler: Got job 4 (javaToPython at NativeMethodAccessorImpl.java:0) with 1 output partitions
[2025-06-10T11:42:03.755+0200] {spark_submit.py:521} INFO - 25/06/10 11:42:03 INFO DAGScheduler: Final stage: ResultStage 5 (javaToPython at NativeMethodAccessorImpl.java:0)
[2025-06-10T11:42:03.756+0200] {spark_submit.py:521} INFO - 25/06/10 11:42:03 INFO DAGScheduler: Parents of final stage: List()
[2025-06-10T11:42:03.756+0200] {spark_submit.py:521} INFO - 25/06/10 11:42:03 INFO DAGScheduler: Missing parents: List()
[2025-06-10T11:42:03.756+0200] {spark_submit.py:521} INFO - 25/06/10 11:42:03 INFO DAGScheduler: Submitting ResultStage 5 (MapPartitionsRDD[16] at javaToPython at NativeMethodAccessorImpl.java:0), which has no missing parents
[2025-06-10T11:42:03.759+0200] {spark_submit.py:521} INFO - 25/06/10 11:42:03 INFO MemoryStore: Block broadcast_6 stored as values in memory (estimated size 23.7 KiB, free 433.9 MiB)
[2025-06-10T11:42:03.760+0200] {spark_submit.py:521} INFO - 25/06/10 11:42:03 INFO MemoryStore: Block broadcast_6_piece0 stored as bytes in memory (estimated size 9.5 KiB, free 433.9 MiB)
[2025-06-10T11:42:03.762+0200] {spark_submit.py:521} INFO - 25/06/10 11:42:03 INFO BlockManagerInfo: Added broadcast_6_piece0 in memory on 10.255.255.254:45143 (size: 9.5 KiB, free: 434.3 MiB)
[2025-06-10T11:42:03.763+0200] {spark_submit.py:521} INFO - 25/06/10 11:42:03 INFO SparkContext: Created broadcast 6 from broadcast at DAGScheduler.scala:1585
[2025-06-10T11:42:03.764+0200] {spark_submit.py:521} INFO - 25/06/10 11:42:03 INFO DAGScheduler: Submitting 1 missing tasks from ResultStage 5 (MapPartitionsRDD[16] at javaToPython at NativeMethodAccessorImpl.java:0) (first 15 tasks are for partitions Vector(0))
[2025-06-10T11:42:03.764+0200] {spark_submit.py:521} INFO - 25/06/10 11:42:03 INFO TaskSchedulerImpl: Adding task set 5.0 with 1 tasks resource profile 0
[2025-06-10T11:42:03.771+0200] {spark_submit.py:521} INFO - 25/06/10 11:42:03 INFO TaskSetManager: Starting task 0.0 in stage 5.0 (TID 4) (10.255.255.254, executor driver, partition 0, PROCESS_LOCAL, 9612 bytes)
[2025-06-10T11:42:03.773+0200] {spark_submit.py:521} INFO - 25/06/10 11:42:03 INFO Executor: Running task 0.0 in stage 5.0 (TID 4)
[2025-06-10T11:42:03.807+0200] {spark_submit.py:521} INFO - 25/06/10 11:42:03 INFO CodeGenerator: Code generated in 22.647818 ms
[2025-06-10T11:42:03.832+0200] {spark_submit.py:521} INFO - 25/06/10 11:42:03 INFO CodeGenerator: Code generated in 18.202593 ms
[2025-06-10T11:42:03.836+0200] {spark_submit.py:521} INFO - 25/06/10 11:42:03 INFO FileScanRDD: Reading File path: file:///home/leoja/airflow/data/Indicators.parquet, range: 0-13099, partition values: [empty row]
[2025-06-10T11:42:03.871+0200] {spark_submit.py:521} INFO - 25/06/10 11:42:03 INFO Executor: Finished task 0.0 in stage 5.0 (TID 4). 1804 bytes result sent to driver
[2025-06-10T11:42:03.872+0200] {spark_submit.py:521} INFO - 25/06/10 11:42:03 INFO TaskSetManager: Finished task 0.0 in stage 5.0 (TID 4) in 101 ms on 10.255.255.254 (executor driver) (1/1)
[2025-06-10T11:42:03.872+0200] {spark_submit.py:521} INFO - 25/06/10 11:42:03 INFO TaskSchedulerImpl: Removed TaskSet 5.0, whose tasks have all completed, from pool
[2025-06-10T11:42:03.873+0200] {spark_submit.py:521} INFO - 25/06/10 11:42:03 INFO DAGScheduler: ResultStage 5 (javaToPython at NativeMethodAccessorImpl.java:0) finished in 0.116 s
[2025-06-10T11:42:03.873+0200] {spark_submit.py:521} INFO - 25/06/10 11:42:03 INFO DAGScheduler: Job 4 is finished. Cancelling potential speculative or zombie tasks for this job
[2025-06-10T11:42:03.874+0200] {spark_submit.py:521} INFO - 25/06/10 11:42:03 INFO TaskSchedulerImpl: Killing all running tasks in stage 5: Stage finished
[2025-06-10T11:42:03.874+0200] {spark_submit.py:521} INFO - 25/06/10 11:42:03 INFO DAGScheduler: Job 4 finished: javaToPython at NativeMethodAccessorImpl.java:0, took 0.120217 s
[2025-06-10T11:42:03.879+0200] {spark_submit.py:521} INFO - 25/06/10 11:42:03 INFO DAGScheduler: Registering RDD 17 (javaToPython at NativeMethodAccessorImpl.java:0) as input to shuffle 1
[2025-06-10T11:42:03.880+0200] {spark_submit.py:521} INFO - 25/06/10 11:42:03 INFO DAGScheduler: Got map stage job 5 (javaToPython at NativeMethodAccessorImpl.java:0) with 1 output partitions
[2025-06-10T11:42:03.880+0200] {spark_submit.py:521} INFO - 25/06/10 11:42:03 INFO DAGScheduler: Final stage: ShuffleMapStage 6 (javaToPython at NativeMethodAccessorImpl.java:0)
[2025-06-10T11:42:03.880+0200] {spark_submit.py:521} INFO - 25/06/10 11:42:03 INFO DAGScheduler: Parents of final stage: List()
[2025-06-10T11:42:03.880+0200] {spark_submit.py:521} INFO - 25/06/10 11:42:03 INFO DAGScheduler: Missing parents: List()
[2025-06-10T11:42:03.881+0200] {spark_submit.py:521} INFO - 25/06/10 11:42:03 INFO DAGScheduler: Submitting ShuffleMapStage 6 (MapPartitionsRDD[17] at javaToPython at NativeMethodAccessorImpl.java:0), which has no missing parents
[2025-06-10T11:42:03.889+0200] {spark_submit.py:521} INFO - 25/06/10 11:42:03 INFO MemoryStore: Block broadcast_7 stored as values in memory (estimated size 25.5 KiB, free 433.9 MiB)
[2025-06-10T11:42:03.892+0200] {spark_submit.py:521} INFO - 25/06/10 11:42:03 INFO MemoryStore: Block broadcast_7_piece0 stored as bytes in memory (estimated size 10.4 KiB, free 433.9 MiB)
[2025-06-10T11:42:03.893+0200] {spark_submit.py:521} INFO - 25/06/10 11:42:03 INFO BlockManagerInfo: Added broadcast_7_piece0 in memory on 10.255.255.254:45143 (size: 10.4 KiB, free: 434.3 MiB)
[2025-06-10T11:42:03.894+0200] {spark_submit.py:521} INFO - 25/06/10 11:42:03 INFO SparkContext: Created broadcast 7 from broadcast at DAGScheduler.scala:1585
[2025-06-10T11:42:03.895+0200] {spark_submit.py:521} INFO - 25/06/10 11:42:03 INFO DAGScheduler: Submitting 1 missing tasks from ShuffleMapStage 6 (MapPartitionsRDD[17] at javaToPython at NativeMethodAccessorImpl.java:0) (first 15 tasks are for partitions Vector(0))
[2025-06-10T11:42:03.895+0200] {spark_submit.py:521} INFO - 25/06/10 11:42:03 INFO TaskSchedulerImpl: Adding task set 6.0 with 1 tasks resource profile 0
[2025-06-10T11:42:03.897+0200] {spark_submit.py:521} INFO - 25/06/10 11:42:03 INFO TaskSetManager: Starting task 0.0 in stage 6.0 (TID 5) (10.255.255.254, executor driver, partition 0, PROCESS_LOCAL, 9601 bytes)
[2025-06-10T11:42:03.898+0200] {spark_submit.py:521} INFO - 25/06/10 11:42:03 INFO Executor: Running task 0.0 in stage 6.0 (TID 5)
[2025-06-10T11:42:03.919+0200] {spark_submit.py:521} INFO - 25/06/10 11:42:03 INFO CodeGenerator: Code generated in 7.31169 ms
[2025-06-10T11:42:03.929+0200] {spark_submit.py:521} INFO - 25/06/10 11:42:03 INFO FileScanRDD: Reading File path: file:///home/leoja/airflow/data/Indicators.parquet, range: 0-13099, partition values: [empty row]
[2025-06-10T11:42:03.947+0200] {spark_submit.py:521} INFO - 25/06/10 11:42:03 INFO Executor: Finished task 0.0 in stage 6.0 (TID 5). 1924 bytes result sent to driver
[2025-06-10T11:42:03.948+0200] {spark_submit.py:521} INFO - 25/06/10 11:42:03 INFO TaskSetManager: Finished task 0.0 in stage 6.0 (TID 5) in 51 ms on 10.255.255.254 (executor driver) (1/1)
[2025-06-10T11:42:03.948+0200] {spark_submit.py:521} INFO - 25/06/10 11:42:03 INFO TaskSchedulerImpl: Removed TaskSet 6.0, whose tasks have all completed, from pool
[2025-06-10T11:42:03.949+0200] {spark_submit.py:521} INFO - 25/06/10 11:42:03 INFO DAGScheduler: ShuffleMapStage 6 (javaToPython at NativeMethodAccessorImpl.java:0) finished in 0.067 s
[2025-06-10T11:42:03.949+0200] {spark_submit.py:521} INFO - 25/06/10 11:42:03 INFO DAGScheduler: looking for newly runnable stages
[2025-06-10T11:42:03.949+0200] {spark_submit.py:521} INFO - 25/06/10 11:42:03 INFO DAGScheduler: running: Set()
[2025-06-10T11:42:03.949+0200] {spark_submit.py:521} INFO - 25/06/10 11:42:03 INFO DAGScheduler: waiting: Set()
[2025-06-10T11:42:03.950+0200] {spark_submit.py:521} INFO - 25/06/10 11:42:03 INFO DAGScheduler: failed: Set()
[2025-06-10T11:42:03.975+0200] {spark_submit.py:521} INFO - Aucune nouvelle donnée après 2025-06-30. Pas de réécriture.
[2025-06-10T11:42:03.976+0200] {spark_submit.py:521} INFO - 25/06/10 11:42:03 INFO SparkContext: SparkContext is stopping with exitCode 0.
[2025-06-10T11:42:03.994+0200] {spark_submit.py:521} INFO - 25/06/10 11:42:03 INFO SparkUI: Stopped Spark web UI at http://10.255.255.254:4040
[2025-06-10T11:42:04.004+0200] {spark_submit.py:521} INFO - 25/06/10 11:42:04 INFO MapOutputTrackerMasterEndpoint: MapOutputTrackerMasterEndpoint stopped!
[2025-06-10T11:42:04.022+0200] {spark_submit.py:521} INFO - 25/06/10 11:42:04 INFO MemoryStore: MemoryStore cleared
[2025-06-10T11:42:04.023+0200] {spark_submit.py:521} INFO - 25/06/10 11:42:04 INFO BlockManager: BlockManager stopped
[2025-06-10T11:42:04.025+0200] {spark_submit.py:521} INFO - 25/06/10 11:42:04 INFO BlockManagerMaster: BlockManagerMaster stopped
[2025-06-10T11:42:04.027+0200] {spark_submit.py:521} INFO - 25/06/10 11:42:04 INFO OutputCommitCoordinator$OutputCommitCoordinatorEndpoint: OutputCommitCoordinator stopped!
[2025-06-10T11:42:04.041+0200] {spark_submit.py:521} INFO - 25/06/10 11:42:04 INFO SparkContext: Successfully stopped SparkContext
[2025-06-10T11:42:04.482+0200] {spark_submit.py:521} INFO - 25/06/10 11:42:04 INFO ShutdownHookManager: Shutdown hook called
[2025-06-10T11:42:04.483+0200] {spark_submit.py:521} INFO - 25/06/10 11:42:04 INFO ShutdownHookManager: Deleting directory /tmp/spark-cb7039d8-08f0-44ee-8bcd-f24009b6c5af
[2025-06-10T11:42:04.491+0200] {spark_submit.py:521} INFO - 25/06/10 11:42:04 INFO ShutdownHookManager: Deleting directory /tmp/spark-cb7039d8-08f0-44ee-8bcd-f24009b6c5af/pyspark-ea66326f-6512-4164-8afd-a93319369a62
[2025-06-10T11:42:04.502+0200] {spark_submit.py:521} INFO - 25/06/10 11:42:04 INFO ShutdownHookManager: Deleting directory /tmp/spark-9d6a0c93-d610-43ea-97bc-d6dd812f1297
[2025-06-10T11:42:04.564+0200] {taskinstance.py:441} INFO - ::group::Post task execution logs
[2025-06-10T11:42:04.570+0200] {taskinstance.py:1205} INFO - Marking task as SUCCESS. dag_id=macro_trading_dag, task_id=compute_economic_quadrants, execution_date=20250609T080000, start_date=20250610T094137, end_date=20250610T094204
[2025-06-10T11:42:04.612+0200] {local_task_job_runner.py:240} INFO - Task exited with return code 0
[2025-06-10T11:42:04.627+0200] {taskinstance.py:3482} INFO - 1 downstream tasks scheduled from follow-on schedule check
[2025-06-10T11:42:04.640+0200] {local_task_job_runner.py:222} INFO - ::endgroup::
