[2025-06-07T10:00:12.233+0200] {local_task_job_runner.py:120} INFO - ::group::Pre task execution logs
[2025-06-07T10:00:12.242+0200] {taskinstance.py:2073} INFO - Dependencies all met for dep_context=non-requeueable deps ti=<TaskInstance: macro_trading_dag.format_indicators_data scheduled__2025-06-06T08:00:00+00:00 [queued]>
[2025-06-07T10:00:12.245+0200] {taskinstance.py:2073} INFO - Dependencies all met for dep_context=requeueable deps ti=<TaskInstance: macro_trading_dag.format_indicators_data scheduled__2025-06-06T08:00:00+00:00 [queued]>
[2025-06-07T10:00:12.246+0200] {taskinstance.py:2303} INFO - Starting attempt 1 of 3
[2025-06-07T10:00:12.258+0200] {taskinstance.py:2327} INFO - Executing <Task(PythonOperator): format_indicators_data> on 2025-06-06 08:00:00+00:00
[2025-06-07T10:00:12.265+0200] {standard_task_runner.py:90} INFO - Running: ['airflow', 'tasks', 'run', 'macro_trading_dag', 'format_indicators_data', 'scheduled__2025-06-06T08:00:00+00:00', '--job-id', '327', '--raw', '--subdir', 'DAGS_FOLDER/macro_trading_dag.py', '--cfg-path', '/tmp/tmp0ggjhwf7']
[2025-06-07T10:00:12.266+0200] {standard_task_runner.py:91} INFO - Job 327: Subtask format_indicators_data
[2025-06-07T10:00:12.272+0200] {logging_mixin.py:188} WARNING - /home/leoja/airflow/airflow_venv/lib/python3.12/site-packages/airflow/task/task_runner/standard_task_runner.py:61 DeprecationWarning: This process (pid=849703) is multi-threaded, use of fork() may lead to deadlocks in the child.
[2025-06-07T10:00:12.272+0200] {standard_task_runner.py:63} INFO - Started process 849713 to run task
[2025-06-07T10:00:12.300+0200] {task_command.py:426} INFO - Running <TaskInstance: macro_trading_dag.format_indicators_data scheduled__2025-06-06T08:00:00+00:00 [running]> on host N15I711-16GR512.localdomain
[2025-06-07T10:00:12.354+0200] {taskinstance.py:2644} INFO - Exporting env vars: AIRFLOW_CTX_DAG_OWNER='airflow' AIRFLOW_CTX_DAG_ID='macro_trading_dag' AIRFLOW_CTX_TASK_ID='format_indicators_data' AIRFLOW_CTX_EXECUTION_DATE='2025-06-06T08:00:00+00:00' AIRFLOW_CTX_TRY_NUMBER='1' AIRFLOW_CTX_DAG_RUN_ID='scheduled__2025-06-06T08:00:00+00:00'
[2025-06-07T10:00:12.355+0200] {taskinstance.py:430} INFO - ::endgroup::
[2025-06-07T10:00:12.355+0200] {logging_mixin.py:188} INFO - → format_and_clean_data: on lit le fichier CSV : /home/leoja/airflow/data/combined_indicators.csv
[2025-06-07T10:00:12.369+0200] {logging_mixin.py:188} INFO -    Colonnes lues dans df : ['date', 'INFLATION', 'UNEMPLOYMENT', 'CONSUMER_SENTIMENT', 'High_Yield_Bond_SPREAD', '10-2Year_Treasury_Yield_Bond', 'TAUX_FED']
[2025-06-07T10:00:12.379+0200] {logging_mixin.py:188} WARNING - /home/leoja/airflow/dags/macro_trading_dag.py:189 FutureWarning: 'M' is deprecated and will be removed in a future version, please use 'ME' instead.
[2025-06-07T10:00:12.410+0200] {logging_mixin.py:188} INFO - Données Indicators mensuelles nettoyées sauvegardées: /home/leoja/airflow/data/Indicators.parquet
[2025-06-07T10:00:12.419+0200] {logging_mixin.py:188} INFO -            date  INFLATION  ...  10-2Year_Treasury_Yield_Bond  TAUX_FED
241  2025-02-28    319.775  ...                          0.25      4.33
242  2025-03-31    319.615  ...                          0.34      4.33
243  2025-04-30    320.321  ...                          0.57      4.33
244  2025-05-31    320.321  ...                          0.52      4.33
245  2025-06-30    320.321  ...                          0.47      4.33

[5 rows x 7 columns]
[2025-06-07T10:00:12.419+0200] {python.py:237} INFO - Done. Returned value was: /home/leoja/airflow/data/Indicators.parquet
[2025-06-07T10:00:12.419+0200] {taskinstance.py:441} INFO - ::group::Post task execution logs
[2025-06-07T10:00:12.434+0200] {taskinstance.py:1205} INFO - Marking task as SUCCESS. dag_id=macro_trading_dag, task_id=format_indicators_data, execution_date=20250606T080000, start_date=20250607T080012, end_date=20250607T080012
[2025-06-07T10:00:12.486+0200] {local_task_job_runner.py:240} INFO - Task exited with return code 0
[2025-06-07T10:00:12.497+0200] {taskinstance.py:3482} INFO - 1 downstream tasks scheduled from follow-on schedule check
[2025-06-07T10:00:12.506+0200] {local_task_job_runner.py:222} INFO - ::endgroup::
