[2025-06-10T16:21:12.021+0200] {local_task_job_runner.py:120} INFO - ::group::Pre task execution logs
[2025-06-10T16:21:12.031+0200] {taskinstance.py:2073} INFO - Dependencies all met for dep_context=non-requeueable deps ti=<TaskInstance: macro_trading_dag.compute_economic_quadrants manual__2025-06-10T14:20:47.101380+00:00 [queued]>
[2025-06-10T16:21:12.034+0200] {taskinstance.py:2073} INFO - Dependencies all met for dep_context=requeueable deps ti=<TaskInstance: macro_trading_dag.compute_economic_quadrants manual__2025-06-10T14:20:47.101380+00:00 [queued]>
[2025-06-10T16:21:12.034+0200] {taskinstance.py:2303} INFO - Starting attempt 1 of 3
[2025-06-10T16:21:12.048+0200] {taskinstance.py:2327} INFO - Executing <Task(SparkSubmitOperator): compute_economic_quadrants> on 2025-06-10 14:20:47.101380+00:00
[2025-06-10T16:21:12.064+0200] {standard_task_runner.py:90} INFO - Running: ['airflow', 'tasks', 'run', 'macro_trading_dag', 'compute_economic_quadrants', 'manual__2025-06-10T14:20:47.101380+00:00', '--job-id', '413', '--raw', '--subdir', 'DAGS_FOLDER/macro_trading_dag.py', '--cfg-path', '/tmp/tmpaqycp8pq']
[2025-06-10T16:21:12.065+0200] {standard_task_runner.py:91} INFO - Job 413: Subtask compute_economic_quadrants
[2025-06-10T16:21:12.071+0200] {logging_mixin.py:188} WARNING - /home/leoja/airflow/airflow_venv/lib/python3.12/site-packages/airflow/task/task_runner/standard_task_runner.py:61 DeprecationWarning: This process (pid=234873) is multi-threaded, use of fork() may lead to deadlocks in the child.
[2025-06-10T16:21:12.071+0200] {standard_task_runner.py:63} INFO - Started process 234884 to run task
[2025-06-10T16:21:12.101+0200] {task_command.py:426} INFO - Running <TaskInstance: macro_trading_dag.compute_economic_quadrants manual__2025-06-10T14:20:47.101380+00:00 [running]> on host N15I711-16GR512.localdomain
[2025-06-10T16:21:12.170+0200] {taskinstance.py:2644} INFO - Exporting env vars: AIRFLOW_CTX_DAG_OWNER='airflow' AIRFLOW_CTX_DAG_ID='macro_trading_dag' AIRFLOW_CTX_TASK_ID='compute_economic_quadrants' AIRFLOW_CTX_EXECUTION_DATE='2025-06-10T14:20:47.101380+00:00' AIRFLOW_CTX_TRY_NUMBER='1' AIRFLOW_CTX_DAG_RUN_ID='manual__2025-06-10T14:20:47.101380+00:00'
[2025-06-10T16:21:12.171+0200] {taskinstance.py:430} INFO - ::endgroup::
[2025-06-10T16:21:12.175+0200] {base.py:84} INFO - Using connection ID 'spark_local' for task execution.
[2025-06-10T16:21:12.176+0200] {spark_submit.py:351} INFO - Spark-Submit cmd: spark-submit --master local[*] --conf spark.pyspark.python=/home/leoja/airflow_venv/bin/python --conf spark.pyspark.driver.python=/home/leoja/airflow_venv/bin/python --name compute_economic_quadrants /home/leoja/airflow/spark_jobs/compute_quadrants.py /home/leoja/airflow/data/Indicators.parquet /home/leoja/airflow/data/quadrants.parquet /home/leoja/airflow/data/data/quadrants.csv
[2025-06-10T16:21:13.406+0200] {spark_submit.py:521} INFO - 25/06/10 16:21:13 WARN Utils: Your hostname, N15I711-16GR512 resolves to a loopback address: 127.0.1.1; using 10.255.255.254 instead (on interface lo)
[2025-06-10T16:21:13.408+0200] {spark_submit.py:521} INFO - 25/06/10 16:21:13 WARN Utils: Set SPARK_LOCAL_IP if you need to bind to another address
[2025-06-10T16:21:15.903+0200] {spark_submit.py:521} INFO - 25/06/10 16:21:15 INFO SparkContext: Running Spark version 3.5.5
[2025-06-10T16:21:15.904+0200] {spark_submit.py:521} INFO - 25/06/10 16:21:15 INFO SparkContext: OS info Linux, 6.6.87.1-microsoft-standard-WSL2, amd64
[2025-06-10T16:21:15.904+0200] {spark_submit.py:521} INFO - 25/06/10 16:21:15 INFO SparkContext: Java version 17.0.15
[2025-06-10T16:21:16.181+0200] {spark_submit.py:521} INFO - 25/06/10 16:21:16 WARN NativeCodeLoader: Unable to load native-hadoop library for your platform... using builtin-java classes where applicable
[2025-06-10T16:21:16.493+0200] {spark_submit.py:521} INFO - 25/06/10 16:21:16 INFO ResourceUtils: ==============================================================
[2025-06-10T16:21:16.493+0200] {spark_submit.py:521} INFO - 25/06/10 16:21:16 INFO ResourceUtils: No custom resources configured for spark.driver.
[2025-06-10T16:21:16.495+0200] {spark_submit.py:521} INFO - 25/06/10 16:21:16 INFO ResourceUtils: ==============================================================
[2025-06-10T16:21:16.496+0200] {spark_submit.py:521} INFO - 25/06/10 16:21:16 INFO SparkContext: Submitted application: ComputeEconomicQuadrants
[2025-06-10T16:21:16.548+0200] {spark_submit.py:521} INFO - 25/06/10 16:21:16 INFO ResourceProfile: Default ResourceProfile created, executor resources: Map(cores -> name: cores, amount: 1, script: , vendor: , memory -> name: memory, amount: 1024, script: , vendor: , offHeap -> name: offHeap, amount: 0, script: , vendor: ), task resources: Map(cpus -> name: cpus, amount: 1.0)
[2025-06-10T16:21:16.595+0200] {spark_submit.py:521} INFO - 25/06/10 16:21:16 INFO ResourceProfile: Limiting resource is cpu
[2025-06-10T16:21:16.598+0200] {spark_submit.py:521} INFO - 25/06/10 16:21:16 INFO ResourceProfileManager: Added ResourceProfile id: 0
[2025-06-10T16:21:16.981+0200] {spark_submit.py:521} INFO - 25/06/10 16:21:16 INFO SecurityManager: Changing view acls to: leoja
[2025-06-10T16:21:16.982+0200] {spark_submit.py:521} INFO - 25/06/10 16:21:16 INFO SecurityManager: Changing modify acls to: leoja
[2025-06-10T16:21:16.984+0200] {spark_submit.py:521} INFO - 25/06/10 16:21:16 INFO SecurityManager: Changing view acls groups to:
[2025-06-10T16:21:16.986+0200] {spark_submit.py:521} INFO - 25/06/10 16:21:16 INFO SecurityManager: Changing modify acls groups to:
[2025-06-10T16:21:16.987+0200] {spark_submit.py:521} INFO - 25/06/10 16:21:16 INFO SecurityManager: SecurityManager: authentication disabled; ui acls disabled; users with view permissions: leoja; groups with view permissions: EMPTY; users with modify permissions: leoja; groups with modify permissions: EMPTY
[2025-06-10T16:21:17.955+0200] {spark_submit.py:521} INFO - 25/06/10 16:21:17 INFO Utils: Successfully started service 'sparkDriver' on port 41937.
[2025-06-10T16:21:18.094+0200] {spark_submit.py:521} INFO - 25/06/10 16:21:18 INFO SparkEnv: Registering MapOutputTracker
[2025-06-10T16:21:18.176+0200] {spark_submit.py:521} INFO - 25/06/10 16:21:18 INFO SparkEnv: Registering BlockManagerMaster
[2025-06-10T16:21:18.212+0200] {spark_submit.py:521} INFO - 25/06/10 16:21:18 INFO BlockManagerMasterEndpoint: Using org.apache.spark.storage.DefaultTopologyMapper for getting topology information
[2025-06-10T16:21:18.213+0200] {spark_submit.py:521} INFO - 25/06/10 16:21:18 INFO BlockManagerMasterEndpoint: BlockManagerMasterEndpoint up
[2025-06-10T16:21:18.219+0200] {spark_submit.py:521} INFO - 25/06/10 16:21:18 INFO SparkEnv: Registering BlockManagerMasterHeartbeat
[2025-06-10T16:21:18.281+0200] {spark_submit.py:521} INFO - 25/06/10 16:21:18 INFO DiskBlockManager: Created local directory at /tmp/blockmgr-b2aa9ca5-5a04-472e-b26d-9754ce117751
[2025-06-10T16:21:18.326+0200] {spark_submit.py:521} INFO - 25/06/10 16:21:18 INFO MemoryStore: MemoryStore started with capacity 434.4 MiB
[2025-06-10T16:21:18.382+0200] {spark_submit.py:521} INFO - 25/06/10 16:21:18 INFO SparkEnv: Registering OutputCommitCoordinator
[2025-06-10T16:21:18.735+0200] {spark_submit.py:521} INFO - 25/06/10 16:21:18 INFO JettyUtils: Start Jetty 0.0.0.0:4040 for SparkUI
[2025-06-10T16:21:18.895+0200] {spark_submit.py:521} INFO - 25/06/10 16:21:18 INFO Utils: Successfully started service 'SparkUI' on port 4040.
[2025-06-10T16:21:19.122+0200] {spark_submit.py:521} INFO - 25/06/10 16:21:19 INFO Executor: Starting executor ID driver on host 10.255.255.254
[2025-06-10T16:21:19.123+0200] {spark_submit.py:521} INFO - 25/06/10 16:21:19 INFO Executor: OS info Linux, 6.6.87.1-microsoft-standard-WSL2, amd64
[2025-06-10T16:21:19.124+0200] {spark_submit.py:521} INFO - 25/06/10 16:21:19 INFO Executor: Java version 17.0.15
[2025-06-10T16:21:19.133+0200] {spark_submit.py:521} INFO - 25/06/10 16:21:19 INFO Executor: Starting executor with user classpath (userClassPathFirst = false): ''
[2025-06-10T16:21:19.134+0200] {spark_submit.py:521} INFO - 25/06/10 16:21:19 INFO Executor: Created or updated repl class loader org.apache.spark.util.MutableURLClassLoader@615802d3 for default.
[2025-06-10T16:21:19.168+0200] {spark_submit.py:521} INFO - 25/06/10 16:21:19 INFO Utils: Successfully started service 'org.apache.spark.network.netty.NettyBlockTransferService' on port 33459.
[2025-06-10T16:21:19.168+0200] {spark_submit.py:521} INFO - 25/06/10 16:21:19 INFO NettyBlockTransferService: Server created on 10.255.255.254:33459
[2025-06-10T16:21:19.172+0200] {spark_submit.py:521} INFO - 25/06/10 16:21:19 INFO BlockManager: Using org.apache.spark.storage.RandomBlockReplicationPolicy for block replication policy
[2025-06-10T16:21:19.186+0200] {spark_submit.py:521} INFO - 25/06/10 16:21:19 INFO BlockManagerMaster: Registering BlockManager BlockManagerId(driver, 10.255.255.254, 33459, None)
[2025-06-10T16:21:19.195+0200] {spark_submit.py:521} INFO - 25/06/10 16:21:19 INFO BlockManagerMasterEndpoint: Registering block manager 10.255.255.254:33459 with 434.4 MiB RAM, BlockManagerId(driver, 10.255.255.254, 33459, None)
[2025-06-10T16:21:19.198+0200] {spark_submit.py:521} INFO - 25/06/10 16:21:19 INFO BlockManagerMaster: Registered BlockManager BlockManagerId(driver, 10.255.255.254, 33459, None)
[2025-06-10T16:21:19.200+0200] {spark_submit.py:521} INFO - 25/06/10 16:21:19 INFO BlockManager: Initialized BlockManager: BlockManagerId(driver, 10.255.255.254, 33459, None)
[2025-06-10T16:21:21.193+0200] {spark_submit.py:521} INFO - 25/06/10 16:21:21 INFO SharedState: Setting hive.metastore.warehouse.dir ('null') to the value of spark.sql.warehouse.dir.
[2025-06-10T16:21:21.206+0200] {spark_submit.py:521} INFO - 25/06/10 16:21:21 INFO SharedState: Warehouse path is 'file:/home/leoja/airflow/airflow_venv/spark-warehouse'.
[2025-06-10T16:21:23.354+0200] {spark_submit.py:521} INFO - 25/06/10 16:21:23 INFO InMemoryFileIndex: It took 62 ms to list leaf files for 1 paths.
[2025-06-10T16:21:24.413+0200] {spark_submit.py:521} INFO - 25/06/10 16:21:24 INFO SparkContext: Starting job: parquet at NativeMethodAccessorImpl.java:0
[2025-06-10T16:21:24.438+0200] {spark_submit.py:521} INFO - 25/06/10 16:21:24 INFO DAGScheduler: Got job 0 (parquet at NativeMethodAccessorImpl.java:0) with 1 output partitions
[2025-06-10T16:21:24.438+0200] {spark_submit.py:521} INFO - 25/06/10 16:21:24 INFO DAGScheduler: Final stage: ResultStage 0 (parquet at NativeMethodAccessorImpl.java:0)
[2025-06-10T16:21:24.438+0200] {spark_submit.py:521} INFO - 25/06/10 16:21:24 INFO DAGScheduler: Parents of final stage: List()
[2025-06-10T16:21:24.439+0200] {spark_submit.py:521} INFO - 25/06/10 16:21:24 INFO DAGScheduler: Missing parents: List()
[2025-06-10T16:21:24.444+0200] {spark_submit.py:521} INFO - 25/06/10 16:21:24 INFO DAGScheduler: Submitting ResultStage 0 (MapPartitionsRDD[1] at parquet at NativeMethodAccessorImpl.java:0), which has no missing parents
[2025-06-10T16:21:24.571+0200] {spark_submit.py:521} INFO - 25/06/10 16:21:24 INFO MemoryStore: Block broadcast_0 stored as values in memory (estimated size 103.5 KiB, free 434.3 MiB)
[2025-06-10T16:21:24.684+0200] {spark_submit.py:521} INFO - 25/06/10 16:21:24 INFO MemoryStore: Block broadcast_0_piece0 stored as bytes in memory (estimated size 37.3 KiB, free 434.3 MiB)
[2025-06-10T16:21:24.688+0200] {spark_submit.py:521} INFO - 25/06/10 16:21:24 INFO BlockManagerInfo: Added broadcast_0_piece0 in memory on 10.255.255.254:33459 (size: 37.3 KiB, free: 434.4 MiB)
[2025-06-10T16:21:24.695+0200] {spark_submit.py:521} INFO - 25/06/10 16:21:24 INFO SparkContext: Created broadcast 0 from broadcast at DAGScheduler.scala:1585
[2025-06-10T16:21:24.771+0200] {spark_submit.py:521} INFO - 25/06/10 16:21:24 INFO DAGScheduler: Submitting 1 missing tasks from ResultStage 0 (MapPartitionsRDD[1] at parquet at NativeMethodAccessorImpl.java:0) (first 15 tasks are for partitions Vector(0))
[2025-06-10T16:21:24.775+0200] {spark_submit.py:521} INFO - 25/06/10 16:21:24 INFO TaskSchedulerImpl: Adding task set 0.0 with 1 tasks resource profile 0
[2025-06-10T16:21:24.910+0200] {spark_submit.py:521} INFO - 25/06/10 16:21:24 INFO TaskSetManager: Starting task 0.0 in stage 0.0 (TID 0) (10.255.255.254, executor driver, partition 0, PROCESS_LOCAL, 9142 bytes)
[2025-06-10T16:21:24.951+0200] {spark_submit.py:521} INFO - 25/06/10 16:21:24 INFO Executor: Running task 0.0 in stage 0.0 (TID 0)
[2025-06-10T16:21:26.501+0200] {spark_submit.py:521} INFO - 25/06/10 16:21:26 INFO Executor: Finished task 0.0 in stage 0.0 (TID 0). 1931 bytes result sent to driver
[2025-06-10T16:21:26.514+0200] {spark_submit.py:521} INFO - 25/06/10 16:21:26 INFO TaskSetManager: Finished task 0.0 in stage 0.0 (TID 0) in 1638 ms on 10.255.255.254 (executor driver) (1/1)
[2025-06-10T16:21:26.516+0200] {spark_submit.py:521} INFO - 25/06/10 16:21:26 INFO TaskSchedulerImpl: Removed TaskSet 0.0, whose tasks have all completed, from pool
[2025-06-10T16:21:26.524+0200] {spark_submit.py:521} INFO - 25/06/10 16:21:26 INFO DAGScheduler: ResultStage 0 (parquet at NativeMethodAccessorImpl.java:0) finished in 2.048 s
[2025-06-10T16:21:26.527+0200] {spark_submit.py:521} INFO - 25/06/10 16:21:26 INFO DAGScheduler: Job 0 is finished. Cancelling potential speculative or zombie tasks for this job
[2025-06-10T16:21:26.527+0200] {spark_submit.py:521} INFO - 25/06/10 16:21:26 INFO TaskSchedulerImpl: Killing all running tasks in stage 0: Stage finished
[2025-06-10T16:21:26.529+0200] {spark_submit.py:521} INFO - 25/06/10 16:21:26 INFO DAGScheduler: Job 0 finished: parquet at NativeMethodAccessorImpl.java:0, took 2.115262 s
[2025-06-10T16:21:27.191+0200] {spark_submit.py:521} INFO - 25/06/10 16:21:27 INFO BlockManagerInfo: Removed broadcast_0_piece0 on 10.255.255.254:33459 in memory (size: 37.3 KiB, free: 434.4 MiB)
[2025-06-10T16:21:27.978+0200] {spark_submit.py:521} INFO - 25/06/10 16:21:27 INFO InMemoryFileIndex: It took 3 ms to list leaf files for 1 paths.
[2025-06-10T16:21:28.017+0200] {spark_submit.py:521} INFO - 25/06/10 16:21:28 INFO SparkContext: Starting job: parquet at NativeMethodAccessorImpl.java:0
[2025-06-10T16:21:28.019+0200] {spark_submit.py:521} INFO - 25/06/10 16:21:28 INFO DAGScheduler: Got job 1 (parquet at NativeMethodAccessorImpl.java:0) with 1 output partitions
[2025-06-10T16:21:28.019+0200] {spark_submit.py:521} INFO - 25/06/10 16:21:28 INFO DAGScheduler: Final stage: ResultStage 1 (parquet at NativeMethodAccessorImpl.java:0)
[2025-06-10T16:21:28.020+0200] {spark_submit.py:521} INFO - 25/06/10 16:21:28 INFO DAGScheduler: Parents of final stage: List()
[2025-06-10T16:21:28.020+0200] {spark_submit.py:521} INFO - 25/06/10 16:21:28 INFO DAGScheduler: Missing parents: List()
[2025-06-10T16:21:28.021+0200] {spark_submit.py:521} INFO - 25/06/10 16:21:28 INFO DAGScheduler: Submitting ResultStage 1 (MapPartitionsRDD[3] at parquet at NativeMethodAccessorImpl.java:0), which has no missing parents
[2025-06-10T16:21:28.030+0200] {spark_submit.py:521} INFO - 25/06/10 16:21:28 INFO MemoryStore: Block broadcast_1 stored as values in memory (estimated size 103.5 KiB, free 434.3 MiB)
[2025-06-10T16:21:28.034+0200] {spark_submit.py:521} INFO - 25/06/10 16:21:28 INFO MemoryStore: Block broadcast_1_piece0 stored as bytes in memory (estimated size 37.3 KiB, free 434.3 MiB)
[2025-06-10T16:21:28.035+0200] {spark_submit.py:521} INFO - 25/06/10 16:21:28 INFO BlockManagerInfo: Added broadcast_1_piece0 in memory on 10.255.255.254:33459 (size: 37.3 KiB, free: 434.4 MiB)
[2025-06-10T16:21:28.036+0200] {spark_submit.py:521} INFO - 25/06/10 16:21:28 INFO SparkContext: Created broadcast 1 from broadcast at DAGScheduler.scala:1585
[2025-06-10T16:21:28.038+0200] {spark_submit.py:521} INFO - 25/06/10 16:21:28 INFO DAGScheduler: Submitting 1 missing tasks from ResultStage 1 (MapPartitionsRDD[3] at parquet at NativeMethodAccessorImpl.java:0) (first 15 tasks are for partitions Vector(0))
[2025-06-10T16:21:28.039+0200] {spark_submit.py:521} INFO - 25/06/10 16:21:28 INFO TaskSchedulerImpl: Adding task set 1.0 with 1 tasks resource profile 0
[2025-06-10T16:21:28.042+0200] {spark_submit.py:521} INFO - 25/06/10 16:21:28 INFO TaskSetManager: Starting task 0.0 in stage 1.0 (TID 1) (10.255.255.254, executor driver, partition 0, PROCESS_LOCAL, 9141 bytes)
[2025-06-10T16:21:28.042+0200] {spark_submit.py:521} INFO - 25/06/10 16:21:28 INFO Executor: Running task 0.0 in stage 1.0 (TID 1)
[2025-06-10T16:21:28.119+0200] {spark_submit.py:521} INFO - 25/06/10 16:21:28 INFO Executor: Finished task 0.0 in stage 1.0 (TID 1). 3927 bytes result sent to driver
[2025-06-10T16:21:28.124+0200] {spark_submit.py:521} INFO - 25/06/10 16:21:28 INFO TaskSetManager: Finished task 0.0 in stage 1.0 (TID 1) in 83 ms on 10.255.255.254 (executor driver) (1/1)
[2025-06-10T16:21:28.124+0200] {spark_submit.py:521} INFO - 25/06/10 16:21:28 INFO TaskSchedulerImpl: Removed TaskSet 1.0, whose tasks have all completed, from pool
[2025-06-10T16:21:28.125+0200] {spark_submit.py:521} INFO - 25/06/10 16:21:28 INFO DAGScheduler: ResultStage 1 (parquet at NativeMethodAccessorImpl.java:0) finished in 0.102 s
[2025-06-10T16:21:28.126+0200] {spark_submit.py:521} INFO - 25/06/10 16:21:28 INFO DAGScheduler: Job 1 is finished. Cancelling potential speculative or zombie tasks for this job
[2025-06-10T16:21:28.126+0200] {spark_submit.py:521} INFO - 25/06/10 16:21:28 INFO TaskSchedulerImpl: Killing all running tasks in stage 1: Stage finished
[2025-06-10T16:21:28.127+0200] {spark_submit.py:521} INFO - 25/06/10 16:21:28 INFO DAGScheduler: Job 1 finished: parquet at NativeMethodAccessorImpl.java:0, took 0.109136 s
[2025-06-10T16:21:28.485+0200] {spark_submit.py:521} INFO - 25/06/10 16:21:28 INFO BlockManagerInfo: Removed broadcast_1_piece0 on 10.255.255.254:33459 in memory (size: 37.3 KiB, free: 434.4 MiB)
[2025-06-10T16:21:28.873+0200] {spark_submit.py:521} INFO - 25/06/10 16:21:28 INFO FileSourceStrategy: Pushed Filters:
[2025-06-10T16:21:28.875+0200] {spark_submit.py:521} INFO - 25/06/10 16:21:28 INFO FileSourceStrategy: Post-Scan Filters:
[2025-06-10T16:21:29.581+0200] {spark_submit.py:521} INFO - 25/06/10 16:21:29 INFO CodeGenerator: Code generated in 342.376641 ms
[2025-06-10T16:21:29.611+0200] {spark_submit.py:521} INFO - 25/06/10 16:21:29 INFO MemoryStore: Block broadcast_2 stored as values in memory (estimated size 201.2 KiB, free 434.2 MiB)
[2025-06-10T16:21:29.620+0200] {spark_submit.py:521} INFO - 25/06/10 16:21:29 INFO MemoryStore: Block broadcast_2_piece0 stored as bytes in memory (estimated size 35.0 KiB, free 434.2 MiB)
[2025-06-10T16:21:29.621+0200] {spark_submit.py:521} INFO - 25/06/10 16:21:29 INFO BlockManagerInfo: Added broadcast_2_piece0 in memory on 10.255.255.254:33459 (size: 35.0 KiB, free: 434.4 MiB)
[2025-06-10T16:21:29.622+0200] {spark_submit.py:521} INFO - 25/06/10 16:21:29 INFO SparkContext: Created broadcast 2 from collect at /home/leoja/airflow/spark_jobs/compute_quadrants.py:119
[2025-06-10T16:21:29.639+0200] {spark_submit.py:521} INFO - 25/06/10 16:21:29 INFO FileSourceScanExec: Planning scan with bin packing, max size: 4194304 bytes, open cost is considered as scanning 4194304 bytes.
[2025-06-10T16:21:29.719+0200] {spark_submit.py:521} INFO - 25/06/10 16:21:29 INFO DAGScheduler: Registering RDD 7 (collect at /home/leoja/airflow/spark_jobs/compute_quadrants.py:119) as input to shuffle 0
[2025-06-10T16:21:29.726+0200] {spark_submit.py:521} INFO - 25/06/10 16:21:29 INFO DAGScheduler: Got map stage job 2 (collect at /home/leoja/airflow/spark_jobs/compute_quadrants.py:119) with 1 output partitions
[2025-06-10T16:21:29.727+0200] {spark_submit.py:521} INFO - 25/06/10 16:21:29 INFO DAGScheduler: Final stage: ShuffleMapStage 2 (collect at /home/leoja/airflow/spark_jobs/compute_quadrants.py:119)
[2025-06-10T16:21:29.727+0200] {spark_submit.py:521} INFO - 25/06/10 16:21:29 INFO DAGScheduler: Parents of final stage: List()
[2025-06-10T16:21:29.728+0200] {spark_submit.py:521} INFO - 25/06/10 16:21:29 INFO DAGScheduler: Missing parents: List()
[2025-06-10T16:21:29.729+0200] {spark_submit.py:521} INFO - 25/06/10 16:21:29 INFO DAGScheduler: Submitting ShuffleMapStage 2 (MapPartitionsRDD[7] at collect at /home/leoja/airflow/spark_jobs/compute_quadrants.py:119), which has no missing parents
[2025-06-10T16:21:29.779+0200] {spark_submit.py:521} INFO - 25/06/10 16:21:29 INFO MemoryStore: Block broadcast_3 stored as values in memory (estimated size 18.6 KiB, free 434.2 MiB)
[2025-06-10T16:21:29.783+0200] {spark_submit.py:521} INFO - 25/06/10 16:21:29 INFO MemoryStore: Block broadcast_3_piece0 stored as bytes in memory (estimated size 8.3 KiB, free 434.1 MiB)
[2025-06-10T16:21:29.784+0200] {spark_submit.py:521} INFO - 25/06/10 16:21:29 INFO BlockManagerInfo: Added broadcast_3_piece0 in memory on 10.255.255.254:33459 (size: 8.3 KiB, free: 434.4 MiB)
[2025-06-10T16:21:29.785+0200] {spark_submit.py:521} INFO - 25/06/10 16:21:29 INFO SparkContext: Created broadcast 3 from broadcast at DAGScheduler.scala:1585
[2025-06-10T16:21:29.786+0200] {spark_submit.py:521} INFO - 25/06/10 16:21:29 INFO DAGScheduler: Submitting 1 missing tasks from ShuffleMapStage 2 (MapPartitionsRDD[7] at collect at /home/leoja/airflow/spark_jobs/compute_quadrants.py:119) (first 15 tasks are for partitions Vector(0))
[2025-06-10T16:21:29.787+0200] {spark_submit.py:521} INFO - 25/06/10 16:21:29 INFO TaskSchedulerImpl: Adding task set 2.0 with 1 tasks resource profile 0
[2025-06-10T16:21:29.791+0200] {spark_submit.py:521} INFO - 25/06/10 16:21:29 INFO TaskSetManager: Starting task 0.0 in stage 2.0 (TID 2) (10.255.255.254, executor driver, partition 0, PROCESS_LOCAL, 9600 bytes)
[2025-06-10T16:21:29.792+0200] {spark_submit.py:521} INFO - 25/06/10 16:21:29 INFO Executor: Running task 0.0 in stage 2.0 (TID 2)
[2025-06-10T16:21:29.871+0200] {spark_submit.py:521} INFO - 25/06/10 16:21:29 INFO CodeGenerator: Code generated in 15.732903 ms
[2025-06-10T16:21:29.902+0200] {spark_submit.py:521} INFO - 25/06/10 16:21:29 INFO FileScanRDD: Reading File path: file:///home/leoja/airflow/data/quadrants.parquet, range: 0-44072, partition values: [empty row]
[2025-06-10T16:21:30.117+0200] {spark_submit.py:521} INFO - 25/06/10 16:21:30 INFO CodecPool: Got brand-new decompressor [.snappy]
[2025-06-10T16:21:30.461+0200] {spark_submit.py:521} INFO - 25/06/10 16:21:30 INFO Executor: Finished task 0.0 in stage 2.0 (TID 2). 2224 bytes result sent to driver
[2025-06-10T16:21:30.471+0200] {spark_submit.py:521} INFO - 25/06/10 16:21:30 INFO TaskSetManager: Finished task 0.0 in stage 2.0 (TID 2) in 683 ms on 10.255.255.254 (executor driver) (1/1)
[2025-06-10T16:21:30.471+0200] {spark_submit.py:521} INFO - 25/06/10 16:21:30 INFO TaskSchedulerImpl: Removed TaskSet 2.0, whose tasks have all completed, from pool
[2025-06-10T16:21:30.473+0200] {spark_submit.py:521} INFO - 25/06/10 16:21:30 INFO DAGScheduler: ShuffleMapStage 2 (collect at /home/leoja/airflow/spark_jobs/compute_quadrants.py:119) finished in 0.739 s
[2025-06-10T16:21:30.473+0200] {spark_submit.py:521} INFO - 25/06/10 16:21:30 INFO DAGScheduler: looking for newly runnable stages
[2025-06-10T16:21:30.474+0200] {spark_submit.py:521} INFO - 25/06/10 16:21:30 INFO DAGScheduler: running: Set()
[2025-06-10T16:21:30.474+0200] {spark_submit.py:521} INFO - 25/06/10 16:21:30 INFO DAGScheduler: waiting: Set()
[2025-06-10T16:21:30.475+0200] {spark_submit.py:521} INFO - 25/06/10 16:21:30 INFO DAGScheduler: failed: Set()
[2025-06-10T16:21:30.516+0200] {spark_submit.py:521} INFO - 25/06/10 16:21:30 INFO CodeGenerator: Code generated in 13.608794 ms
[2025-06-10T16:21:30.538+0200] {spark_submit.py:521} INFO - 25/06/10 16:21:30 INFO SparkContext: Starting job: collect at /home/leoja/airflow/spark_jobs/compute_quadrants.py:119
[2025-06-10T16:21:30.541+0200] {spark_submit.py:521} INFO - 25/06/10 16:21:30 INFO DAGScheduler: Got job 3 (collect at /home/leoja/airflow/spark_jobs/compute_quadrants.py:119) with 1 output partitions
[2025-06-10T16:21:30.541+0200] {spark_submit.py:521} INFO - 25/06/10 16:21:30 INFO DAGScheduler: Final stage: ResultStage 4 (collect at /home/leoja/airflow/spark_jobs/compute_quadrants.py:119)
[2025-06-10T16:21:30.541+0200] {spark_submit.py:521} INFO - 25/06/10 16:21:30 INFO DAGScheduler: Parents of final stage: List(ShuffleMapStage 3)
[2025-06-10T16:21:30.541+0200] {spark_submit.py:521} INFO - 25/06/10 16:21:30 INFO DAGScheduler: Missing parents: List()
[2025-06-10T16:21:30.542+0200] {spark_submit.py:521} INFO - 25/06/10 16:21:30 INFO DAGScheduler: Submitting ResultStage 4 (MapPartitionsRDD[10] at collect at /home/leoja/airflow/spark_jobs/compute_quadrants.py:119), which has no missing parents
[2025-06-10T16:21:30.552+0200] {spark_submit.py:521} INFO - 25/06/10 16:21:30 INFO MemoryStore: Block broadcast_4 stored as values in memory (estimated size 13.1 KiB, free 434.1 MiB)
[2025-06-10T16:21:30.556+0200] {spark_submit.py:521} INFO - 25/06/10 16:21:30 INFO MemoryStore: Block broadcast_4_piece0 stored as bytes in memory (estimated size 6.1 KiB, free 434.1 MiB)
[2025-06-10T16:21:30.558+0200] {spark_submit.py:521} INFO - 25/06/10 16:21:30 INFO BlockManagerInfo: Added broadcast_4_piece0 in memory on 10.255.255.254:33459 (size: 6.1 KiB, free: 434.4 MiB)
[2025-06-10T16:21:30.558+0200] {spark_submit.py:521} INFO - 25/06/10 16:21:30 INFO SparkContext: Created broadcast 4 from broadcast at DAGScheduler.scala:1585
[2025-06-10T16:21:30.559+0200] {spark_submit.py:521} INFO - 25/06/10 16:21:30 INFO DAGScheduler: Submitting 1 missing tasks from ResultStage 4 (MapPartitionsRDD[10] at collect at /home/leoja/airflow/spark_jobs/compute_quadrants.py:119) (first 15 tasks are for partitions Vector(0))
[2025-06-10T16:21:30.559+0200] {spark_submit.py:521} INFO - 25/06/10 16:21:30 INFO TaskSchedulerImpl: Adding task set 4.0 with 1 tasks resource profile 0
[2025-06-10T16:21:30.564+0200] {spark_submit.py:521} INFO - 25/06/10 16:21:30 INFO TaskSetManager: Starting task 0.0 in stage 4.0 (TID 3) (10.255.255.254, executor driver, partition 0, NODE_LOCAL, 8999 bytes)
[2025-06-10T16:21:30.565+0200] {spark_submit.py:521} INFO - 25/06/10 16:21:30 INFO Executor: Running task 0.0 in stage 4.0 (TID 3)
[2025-06-10T16:21:30.609+0200] {spark_submit.py:521} INFO - 25/06/10 16:21:30 INFO ShuffleBlockFetcherIterator: Getting 1 (60.0 B) non-empty blocks including 1 (60.0 B) local and 0 (0.0 B) host-local and 0 (0.0 B) push-merged-local and 0 (0.0 B) remote blocks
[2025-06-10T16:21:30.611+0200] {spark_submit.py:521} INFO - 25/06/10 16:21:30 INFO ShuffleBlockFetcherIterator: Started 0 remote fetches in 12 ms
[2025-06-10T16:21:30.624+0200] {spark_submit.py:521} INFO - 25/06/10 16:21:30 INFO CodeGenerator: Code generated in 10.696675 ms
[2025-06-10T16:21:30.644+0200] {spark_submit.py:521} INFO - 25/06/10 16:21:30 INFO Executor: Finished task 0.0 in stage 4.0 (TID 3). 4081 bytes result sent to driver
[2025-06-10T16:21:30.645+0200] {spark_submit.py:521} INFO - 25/06/10 16:21:30 INFO BlockManagerInfo: Removed broadcast_3_piece0 on 10.255.255.254:33459 in memory (size: 8.3 KiB, free: 434.4 MiB)
[2025-06-10T16:21:30.649+0200] {spark_submit.py:521} INFO - 25/06/10 16:21:30 INFO TaskSetManager: Finished task 0.0 in stage 4.0 (TID 3) in 87 ms on 10.255.255.254 (executor driver) (1/1)
[2025-06-10T16:21:30.650+0200] {spark_submit.py:521} INFO - 25/06/10 16:21:30 INFO TaskSchedulerImpl: Removed TaskSet 4.0, whose tasks have all completed, from pool
[2025-06-10T16:21:30.651+0200] {spark_submit.py:521} INFO - 25/06/10 16:21:30 INFO DAGScheduler: ResultStage 4 (collect at /home/leoja/airflow/spark_jobs/compute_quadrants.py:119) finished in 0.101 s
[2025-06-10T16:21:30.651+0200] {spark_submit.py:521} INFO - 25/06/10 16:21:30 INFO DAGScheduler: Job 3 is finished. Cancelling potential speculative or zombie tasks for this job
[2025-06-10T16:21:30.652+0200] {spark_submit.py:521} INFO - 25/06/10 16:21:30 INFO TaskSchedulerImpl: Killing all running tasks in stage 4: Stage finished
[2025-06-10T16:21:30.652+0200] {spark_submit.py:521} INFO - 25/06/10 16:21:30 INFO DAGScheduler: Job 3 finished: collect at /home/leoja/airflow/spark_jobs/compute_quadrants.py:119, took 0.113310 s
[2025-06-10T16:21:30.899+0200] {spark_submit.py:521} INFO - 25/06/10 16:21:30 INFO FileSourceStrategy: Pushed Filters:
[2025-06-10T16:21:30.900+0200] {spark_submit.py:521} INFO - 25/06/10 16:21:30 INFO FileSourceStrategy: Post-Scan Filters: (gettimestamp(date#0, yyyy-MM-dd, TimestampType, Some(Europe/Paris), false) >= 2025-07-01 00:00:00)
[2025-06-10T16:21:30.966+0200] {spark_submit.py:521} INFO - 25/06/10 16:21:30 INFO CodeGenerator: Code generated in 31.373303 ms
[2025-06-10T16:21:30.972+0200] {spark_submit.py:521} INFO - 25/06/10 16:21:30 INFO MemoryStore: Block broadcast_5 stored as values in memory (estimated size 202.1 KiB, free 434.0 MiB)
[2025-06-10T16:21:30.979+0200] {spark_submit.py:521} INFO - 25/06/10 16:21:30 INFO MemoryStore: Block broadcast_5_piece0 stored as bytes in memory (estimated size 35.2 KiB, free 433.9 MiB)
[2025-06-10T16:21:30.979+0200] {spark_submit.py:521} INFO - 25/06/10 16:21:30 INFO BlockManagerInfo: Added broadcast_5_piece0 in memory on 10.255.255.254:33459 (size: 35.2 KiB, free: 434.3 MiB)
[2025-06-10T16:21:30.980+0200] {spark_submit.py:521} INFO - 25/06/10 16:21:30 INFO SparkContext: Created broadcast 5 from javaToPython at NativeMethodAccessorImpl.java:0
[2025-06-10T16:21:30.982+0200] {spark_submit.py:521} INFO - 25/06/10 16:21:30 INFO FileSourceScanExec: Planning scan with bin packing, max size: 4194304 bytes, open cost is considered as scanning 4194304 bytes.
[2025-06-10T16:21:31.012+0200] {spark_submit.py:521} INFO - 25/06/10 16:21:31 INFO CodeGenerator: Code generated in 12.447881 ms
[2025-06-10T16:21:31.047+0200] {spark_submit.py:521} INFO - 25/06/10 16:21:31 INFO SparkContext: Starting job: javaToPython at NativeMethodAccessorImpl.java:0
[2025-06-10T16:21:31.048+0200] {spark_submit.py:521} INFO - 25/06/10 16:21:31 INFO DAGScheduler: Got job 4 (javaToPython at NativeMethodAccessorImpl.java:0) with 1 output partitions
[2025-06-10T16:21:31.049+0200] {spark_submit.py:521} INFO - 25/06/10 16:21:31 INFO DAGScheduler: Final stage: ResultStage 5 (javaToPython at NativeMethodAccessorImpl.java:0)
[2025-06-10T16:21:31.049+0200] {spark_submit.py:521} INFO - 25/06/10 16:21:31 INFO DAGScheduler: Parents of final stage: List()
[2025-06-10T16:21:31.049+0200] {spark_submit.py:521} INFO - 25/06/10 16:21:31 INFO DAGScheduler: Missing parents: List()
[2025-06-10T16:21:31.050+0200] {spark_submit.py:521} INFO - 25/06/10 16:21:31 INFO DAGScheduler: Submitting ResultStage 5 (MapPartitionsRDD[16] at javaToPython at NativeMethodAccessorImpl.java:0), which has no missing parents
[2025-06-10T16:21:31.055+0200] {spark_submit.py:521} INFO - 25/06/10 16:21:31 INFO MemoryStore: Block broadcast_6 stored as values in memory (estimated size 23.7 KiB, free 433.9 MiB)
[2025-06-10T16:21:31.064+0200] {spark_submit.py:521} INFO - 25/06/10 16:21:31 INFO MemoryStore: Block broadcast_6_piece0 stored as bytes in memory (estimated size 9.5 KiB, free 433.9 MiB)
[2025-06-10T16:21:31.066+0200] {spark_submit.py:521} INFO - 25/06/10 16:21:31 INFO BlockManagerInfo: Added broadcast_6_piece0 in memory on 10.255.255.254:33459 (size: 9.5 KiB, free: 434.3 MiB)
[2025-06-10T16:21:31.066+0200] {spark_submit.py:521} INFO - 25/06/10 16:21:31 INFO BlockManagerInfo: Removed broadcast_4_piece0 on 10.255.255.254:33459 in memory (size: 6.1 KiB, free: 434.3 MiB)
[2025-06-10T16:21:31.067+0200] {spark_submit.py:521} INFO - 25/06/10 16:21:31 INFO SparkContext: Created broadcast 6 from broadcast at DAGScheduler.scala:1585
[2025-06-10T16:21:31.068+0200] {spark_submit.py:521} INFO - 25/06/10 16:21:31 INFO DAGScheduler: Submitting 1 missing tasks from ResultStage 5 (MapPartitionsRDD[16] at javaToPython at NativeMethodAccessorImpl.java:0) (first 15 tasks are for partitions Vector(0))
[2025-06-10T16:21:31.068+0200] {spark_submit.py:521} INFO - 25/06/10 16:21:31 INFO TaskSchedulerImpl: Adding task set 5.0 with 1 tasks resource profile 0
[2025-06-10T16:21:31.070+0200] {spark_submit.py:521} INFO - 25/06/10 16:21:31 INFO TaskSetManager: Starting task 0.0 in stage 5.0 (TID 4) (10.255.255.254, executor driver, partition 0, PROCESS_LOCAL, 9612 bytes)
[2025-06-10T16:21:31.071+0200] {spark_submit.py:521} INFO - 25/06/10 16:21:31 INFO Executor: Running task 0.0 in stage 5.0 (TID 4)
[2025-06-10T16:21:31.098+0200] {spark_submit.py:521} INFO - 25/06/10 16:21:31 INFO CodeGenerator: Code generated in 15.515957 ms
[2025-06-10T16:21:31.111+0200] {spark_submit.py:521} INFO - 25/06/10 16:21:31 INFO CodeGenerator: Code generated in 7.620963 ms
[2025-06-10T16:21:31.114+0200] {spark_submit.py:521} INFO - 25/06/10 16:21:31 INFO FileScanRDD: Reading File path: file:///home/leoja/airflow/data/Indicators.parquet, range: 0-13095, partition values: [empty row]
[2025-06-10T16:21:31.151+0200] {spark_submit.py:521} INFO - 25/06/10 16:21:31 INFO Executor: Finished task 0.0 in stage 5.0 (TID 4). 1890 bytes result sent to driver
[2025-06-10T16:21:31.152+0200] {spark_submit.py:521} INFO - 25/06/10 16:21:31 INFO TaskSetManager: Finished task 0.0 in stage 5.0 (TID 4) in 83 ms on 10.255.255.254 (executor driver) (1/1)
[2025-06-10T16:21:31.152+0200] {spark_submit.py:521} INFO - 25/06/10 16:21:31 INFO TaskSchedulerImpl: Removed TaskSet 5.0, whose tasks have all completed, from pool
[2025-06-10T16:21:31.153+0200] {spark_submit.py:521} INFO - 25/06/10 16:21:31 INFO DAGScheduler: ResultStage 5 (javaToPython at NativeMethodAccessorImpl.java:0) finished in 0.102 s
[2025-06-10T16:21:31.153+0200] {spark_submit.py:521} INFO - 25/06/10 16:21:31 INFO DAGScheduler: Job 4 is finished. Cancelling potential speculative or zombie tasks for this job
[2025-06-10T16:21:31.153+0200] {spark_submit.py:521} INFO - 25/06/10 16:21:31 INFO TaskSchedulerImpl: Killing all running tasks in stage 5: Stage finished
[2025-06-10T16:21:31.154+0200] {spark_submit.py:521} INFO - 25/06/10 16:21:31 INFO DAGScheduler: Job 4 finished: javaToPython at NativeMethodAccessorImpl.java:0, took 0.106585 s
[2025-06-10T16:21:31.159+0200] {spark_submit.py:521} INFO - 25/06/10 16:21:31 INFO DAGScheduler: Registering RDD 17 (javaToPython at NativeMethodAccessorImpl.java:0) as input to shuffle 1
[2025-06-10T16:21:31.159+0200] {spark_submit.py:521} INFO - 25/06/10 16:21:31 INFO DAGScheduler: Got map stage job 5 (javaToPython at NativeMethodAccessorImpl.java:0) with 1 output partitions
[2025-06-10T16:21:31.159+0200] {spark_submit.py:521} INFO - 25/06/10 16:21:31 INFO DAGScheduler: Final stage: ShuffleMapStage 6 (javaToPython at NativeMethodAccessorImpl.java:0)
[2025-06-10T16:21:31.159+0200] {spark_submit.py:521} INFO - 25/06/10 16:21:31 INFO DAGScheduler: Parents of final stage: List()
[2025-06-10T16:21:31.159+0200] {spark_submit.py:521} INFO - 25/06/10 16:21:31 INFO DAGScheduler: Missing parents: List()
[2025-06-10T16:21:31.160+0200] {spark_submit.py:521} INFO - 25/06/10 16:21:31 INFO DAGScheduler: Submitting ShuffleMapStage 6 (MapPartitionsRDD[17] at javaToPython at NativeMethodAccessorImpl.java:0), which has no missing parents
[2025-06-10T16:21:31.166+0200] {spark_submit.py:521} INFO - 25/06/10 16:21:31 INFO MemoryStore: Block broadcast_7 stored as values in memory (estimated size 25.5 KiB, free 433.9 MiB)
[2025-06-10T16:21:31.174+0200] {spark_submit.py:521} INFO - 25/06/10 16:21:31 INFO MemoryStore: Block broadcast_7_piece0 stored as bytes in memory (estimated size 10.4 KiB, free 433.9 MiB)
[2025-06-10T16:21:31.176+0200] {spark_submit.py:521} INFO - 25/06/10 16:21:31 INFO BlockManagerInfo: Added broadcast_7_piece0 in memory on 10.255.255.254:33459 (size: 10.4 KiB, free: 434.3 MiB)
[2025-06-10T16:21:31.176+0200] {spark_submit.py:521} INFO - 25/06/10 16:21:31 INFO BlockManagerInfo: Removed broadcast_6_piece0 on 10.255.255.254:33459 in memory (size: 9.5 KiB, free: 434.3 MiB)
[2025-06-10T16:21:31.177+0200] {spark_submit.py:521} INFO - 25/06/10 16:21:31 INFO SparkContext: Created broadcast 7 from broadcast at DAGScheduler.scala:1585
[2025-06-10T16:21:31.178+0200] {spark_submit.py:521} INFO - 25/06/10 16:21:31 INFO DAGScheduler: Submitting 1 missing tasks from ShuffleMapStage 6 (MapPartitionsRDD[17] at javaToPython at NativeMethodAccessorImpl.java:0) (first 15 tasks are for partitions Vector(0))
[2025-06-10T16:21:31.178+0200] {spark_submit.py:521} INFO - 25/06/10 16:21:31 INFO TaskSchedulerImpl: Adding task set 6.0 with 1 tasks resource profile 0
[2025-06-10T16:21:31.179+0200] {spark_submit.py:521} INFO - 25/06/10 16:21:31 INFO TaskSetManager: Starting task 0.0 in stage 6.0 (TID 5) (10.255.255.254, executor driver, partition 0, PROCESS_LOCAL, 9601 bytes)
[2025-06-10T16:21:31.180+0200] {spark_submit.py:521} INFO - 25/06/10 16:21:31 INFO Executor: Running task 0.0 in stage 6.0 (TID 5)
[2025-06-10T16:21:31.195+0200] {spark_submit.py:521} INFO - 25/06/10 16:21:31 INFO CodeGenerator: Code generated in 5.443482 ms
[2025-06-10T16:21:31.206+0200] {spark_submit.py:521} INFO - 25/06/10 16:21:31 INFO FileScanRDD: Reading File path: file:///home/leoja/airflow/data/Indicators.parquet, range: 0-13095, partition values: [empty row]
[2025-06-10T16:21:31.224+0200] {spark_submit.py:521} INFO - 25/06/10 16:21:31 INFO Executor: Finished task 0.0 in stage 6.0 (TID 5). 2010 bytes result sent to driver
[2025-06-10T16:21:31.225+0200] {spark_submit.py:521} INFO - 25/06/10 16:21:31 INFO TaskSetManager: Finished task 0.0 in stage 6.0 (TID 5) in 46 ms on 10.255.255.254 (executor driver) (1/1)
[2025-06-10T16:21:31.225+0200] {spark_submit.py:521} INFO - 25/06/10 16:21:31 INFO TaskSchedulerImpl: Removed TaskSet 6.0, whose tasks have all completed, from pool
[2025-06-10T16:21:31.226+0200] {spark_submit.py:521} INFO - 25/06/10 16:21:31 INFO DAGScheduler: ShuffleMapStage 6 (javaToPython at NativeMethodAccessorImpl.java:0) finished in 0.065 s
[2025-06-10T16:21:31.226+0200] {spark_submit.py:521} INFO - 25/06/10 16:21:31 INFO DAGScheduler: looking for newly runnable stages
[2025-06-10T16:21:31.227+0200] {spark_submit.py:521} INFO - 25/06/10 16:21:31 INFO DAGScheduler: running: Set()
[2025-06-10T16:21:31.227+0200] {spark_submit.py:521} INFO - 25/06/10 16:21:31 INFO DAGScheduler: waiting: Set()
[2025-06-10T16:21:31.227+0200] {spark_submit.py:521} INFO - 25/06/10 16:21:31 INFO DAGScheduler: failed: Set()
[2025-06-10T16:21:31.256+0200] {spark_submit.py:521} INFO - Aucune nouvelle donnée après 2025-06-30. Pas de réécriture.
[2025-06-10T16:21:31.256+0200] {spark_submit.py:521} INFO - 25/06/10 16:21:31 INFO SparkContext: SparkContext is stopping with exitCode 0.
[2025-06-10T16:21:31.272+0200] {spark_submit.py:521} INFO - 25/06/10 16:21:31 INFO SparkUI: Stopped Spark web UI at http://10.255.255.254:4040
[2025-06-10T16:21:31.284+0200] {spark_submit.py:521} INFO - 25/06/10 16:21:31 INFO MapOutputTrackerMasterEndpoint: MapOutputTrackerMasterEndpoint stopped!
[2025-06-10T16:21:31.302+0200] {spark_submit.py:521} INFO - 25/06/10 16:21:31 INFO MemoryStore: MemoryStore cleared
[2025-06-10T16:21:31.302+0200] {spark_submit.py:521} INFO - 25/06/10 16:21:31 INFO BlockManager: BlockManager stopped
[2025-06-10T16:21:31.305+0200] {spark_submit.py:521} INFO - 25/06/10 16:21:31 INFO BlockManagerMaster: BlockManagerMaster stopped
[2025-06-10T16:21:31.308+0200] {spark_submit.py:521} INFO - 25/06/10 16:21:31 INFO OutputCommitCoordinator$OutputCommitCoordinatorEndpoint: OutputCommitCoordinator stopped!
[2025-06-10T16:21:31.325+0200] {spark_submit.py:521} INFO - 25/06/10 16:21:31 INFO SparkContext: Successfully stopped SparkContext
[2025-06-10T16:21:31.868+0200] {spark_submit.py:521} INFO - 25/06/10 16:21:31 INFO ShutdownHookManager: Shutdown hook called
[2025-06-10T16:21:31.868+0200] {spark_submit.py:521} INFO - 25/06/10 16:21:31 INFO ShutdownHookManager: Deleting directory /tmp/spark-db274822-fec4-475e-b7eb-4b125bbcdfaf
[2025-06-10T16:21:31.901+0200] {spark_submit.py:521} INFO - 25/06/10 16:21:31 INFO ShutdownHookManager: Deleting directory /tmp/spark-db274822-fec4-475e-b7eb-4b125bbcdfaf/pyspark-9159a5bf-7f82-410a-90eb-9c4825d28037
[2025-06-10T16:21:31.913+0200] {spark_submit.py:521} INFO - 25/06/10 16:21:31 INFO ShutdownHookManager: Deleting directory /tmp/spark-4cbe2f9d-49da-4ed1-b566-cf1069858041
[2025-06-10T16:21:31.984+0200] {taskinstance.py:441} INFO - ::group::Post task execution logs
[2025-06-10T16:21:31.988+0200] {taskinstance.py:1205} INFO - Marking task as SUCCESS. dag_id=macro_trading_dag, task_id=compute_economic_quadrants, execution_date=20250610T142047, start_date=20250610T142112, end_date=20250610T142131
[2025-06-10T16:21:32.064+0200] {local_task_job_runner.py:240} INFO - Task exited with return code 0
[2025-06-10T16:21:32.079+0200] {taskinstance.py:3482} INFO - 1 downstream tasks scheduled from follow-on schedule check
[2025-06-10T16:21:32.094+0200] {local_task_job_runner.py:222} INFO - ::endgroup::
