[2025-06-02T12:04:59.469+0200] {local_task_job_runner.py:120} INFO - ::group::Pre task execution logs
[2025-06-02T12:04:59.482+0200] {taskinstance.py:2073} INFO - Dependencies all met for dep_context=non-requeueable deps ti=<TaskInstance: macro_trading_dag.fetch_macro_data scheduled__2025-06-01T08:00:00+00:00 [queued]>
[2025-06-02T12:04:59.486+0200] {taskinstance.py:2073} INFO - Dependencies all met for dep_context=requeueable deps ti=<TaskInstance: macro_trading_dag.fetch_macro_data scheduled__2025-06-01T08:00:00+00:00 [queued]>
[2025-06-02T12:04:59.486+0200] {taskinstance.py:2303} INFO - Starting attempt 1 of 3
[2025-06-02T12:04:59.502+0200] {taskinstance.py:2327} INFO - Executing <Task(PythonOperator): fetch_macro_data> on 2025-06-01 08:00:00+00:00
[2025-06-02T12:04:59.510+0200] {standard_task_runner.py:90} INFO - Running: ['airflow', 'tasks', 'run', 'macro_trading_dag', 'fetch_macro_data', 'scheduled__2025-06-01T08:00:00+00:00', '--job-id', '75', '--raw', '--subdir', 'DAGS_FOLDER/macro_trading_dag.py', '--cfg-path', '/tmp/tmpif3tzlv9']
[2025-06-02T12:04:59.511+0200] {standard_task_runner.py:91} INFO - Job 75: Subtask fetch_macro_data
[2025-06-02T12:04:59.512+0200] {logging_mixin.py:188} WARNING - /home/leoja/airflow/airflow_venv/lib/python3.12/site-packages/airflow/task/task_runner/standard_task_runner.py:61 DeprecationWarning: This process (pid=71647) is multi-threaded, use of fork() may lead to deadlocks in the child.
[2025-06-02T12:04:59.513+0200] {standard_task_runner.py:63} INFO - Started process 71686 to run task
[2025-06-02T12:04:59.549+0200] {task_command.py:426} INFO - Running <TaskInstance: macro_trading_dag.fetch_macro_data scheduled__2025-06-01T08:00:00+00:00 [running]> on host N15I711-16GR512.localdomain
[2025-06-02T12:04:59.611+0200] {taskinstance.py:2644} INFO - Exporting env vars: AIRFLOW_CTX_DAG_OWNER='airflow' AIRFLOW_CTX_DAG_ID='macro_trading_dag' AIRFLOW_CTX_TASK_ID='fetch_macro_data' AIRFLOW_CTX_EXECUTION_DATE='2025-06-01T08:00:00+00:00' AIRFLOW_CTX_TRY_NUMBER='1' AIRFLOW_CTX_DAG_RUN_ID='scheduled__2025-06-01T08:00:00+00:00'
[2025-06-02T12:04:59.612+0200] {taskinstance.py:430} INFO - ::endgroup::
[2025-06-02T12:04:59.825+0200] {logging_mixin.py:188} INFO - Données mises à jour pour INFLATION (CPIAUCSL)
[2025-06-02T12:05:00.301+0200] {logging_mixin.py:188} INFO - Données mises à jour pour UNEMPLOYMENT (UNRATE)
[2025-06-02T12:05:01.142+0200] {logging_mixin.py:188} INFO - Aucune nouvelle donnée pour High_Yield_Bond_SPREAD (BAMLH0A0HYM2)
[2025-06-02T12:05:01.609+0200] {logging_mixin.py:188} INFO - Aucune nouvelle donnée pour 10-2Year Treasury Yield Bond (T10Y2Y)
[2025-06-02T12:05:01.882+0200] {logging_mixin.py:188} INFO - Données mises à jour pour CONSUMER_SENTIMENT (UMCSENT)
[2025-06-02T12:05:02.709+0200] {logging_mixin.py:188} INFO - Aucune nouvelle donnée pour BARREL PETROL (DCOILBRENTEU)
[2025-06-02T12:05:03.213+0200] {logging_mixin.py:188} INFO - Données mises à jour pour S&P 500(LARGE CAP)  (SP500)
[2025-06-02T12:05:04.465+0200] {multi.py:184} ERROR - 
1 Failed download:
[2025-06-02T12:05:04.465+0200] {multi.py:197} ERROR - ['GC=F']: YFPricesMissingError('possibly delisted; no price data found  (1d 2025-06-03 00:00:00 -> 2025-06-02) (Yahoo error = "Invalid input - start date cannot be after end date. startDate = 1748923200, endDate = 1748858703")')
[2025-06-02T12:05:04.469+0200] {logging_mixin.py:188} INFO - Aucune nouvelle donnée pour Or(oz/$) (GOLD OZ USD)
[2025-06-02T12:05:04.998+0200] {logging_mixin.py:188} INFO - Données mises à jour pour RUSSEL2000(Small CAP) (SmallCAP)
[2025-06-02T12:05:04.998+0200] {python.py:237} INFO - Done. Returned value was: None
[2025-06-02T12:05:04.999+0200] {taskinstance.py:441} INFO - ::group::Post task execution logs
[2025-06-02T12:05:05.004+0200] {taskinstance.py:1205} INFO - Marking task as SUCCESS. dag_id=macro_trading_dag, task_id=fetch_macro_data, execution_date=20250601T080000, start_date=20250602T100459, end_date=20250602T100505
[2025-06-02T12:05:05.040+0200] {local_task_job_runner.py:240} INFO - Task exited with return code 0
[2025-06-02T12:05:05.050+0200] {taskinstance.py:3482} INFO - 0 downstream tasks scheduled from follow-on schedule check
[2025-06-02T12:05:05.050+0200] {local_task_job_runner.py:222} INFO - ::endgroup::
