[2025-06-03T19:23:06.995+0200] {local_task_job_runner.py:120} INFO - ::group::Pre task execution logs
[2025-06-03T19:23:07.006+0200] {taskinstance.py:2073} INFO - Dependencies all met for dep_context=non-requeueable deps ti=<TaskInstance: macro_trading_dag.fetch_data manual__2025-06-03T14:00:34.154573+00:00 [queued]>
[2025-06-03T19:23:07.010+0200] {taskinstance.py:2073} INFO - Dependencies all met for dep_context=requeueable deps ti=<TaskInstance: macro_trading_dag.fetch_data manual__2025-06-03T14:00:34.154573+00:00 [queued]>
[2025-06-03T19:23:07.010+0200] {taskinstance.py:2303} INFO - Starting attempt 2 of 4
[2025-06-03T19:23:07.022+0200] {taskinstance.py:2327} INFO - Executing <Task(PythonOperator): fetch_data> on 2025-06-03 14:00:34.154573+00:00
[2025-06-03T19:23:07.028+0200] {standard_task_runner.py:90} INFO - Running: ['airflow', 'tasks', 'run', 'macro_trading_dag', 'fetch_data', 'manual__2025-06-03T14:00:34.154573+00:00', '--job-id', '155', '--raw', '--subdir', 'DAGS_FOLDER/macro_trading_dag.py', '--cfg-path', '/tmp/tmph5va9uxk']
[2025-06-03T19:23:07.029+0200] {standard_task_runner.py:91} INFO - Job 155: Subtask fetch_data
[2025-06-03T19:23:07.034+0200] {logging_mixin.py:188} WARNING - /home/leoja/airflow/airflow_venv/lib/python3.12/site-packages/airflow/task/task_runner/standard_task_runner.py:61 DeprecationWarning: This process (pid=227347) is multi-threaded, use of fork() may lead to deadlocks in the child.
[2025-06-03T19:23:07.035+0200] {standard_task_runner.py:63} INFO - Started process 227357 to run task
[2025-06-03T19:23:07.064+0200] {task_command.py:426} INFO - Running <TaskInstance: macro_trading_dag.fetch_data manual__2025-06-03T14:00:34.154573+00:00 [running]> on host N15I711-16GR512.localdomain
[2025-06-03T19:23:07.108+0200] {taskinstance.py:2644} INFO - Exporting env vars: AIRFLOW_CTX_DAG_OWNER='airflow' AIRFLOW_CTX_DAG_ID='macro_trading_dag' AIRFLOW_CTX_TASK_ID='fetch_data' AIRFLOW_CTX_EXECUTION_DATE='2025-06-03T14:00:34.154573+00:00' AIRFLOW_CTX_TRY_NUMBER='2' AIRFLOW_CTX_DAG_RUN_ID='manual__2025-06-03T14:00:34.154573+00:00'
[2025-06-03T19:23:07.109+0200] {taskinstance.py:430} INFO - ::endgroup::
[2025-06-03T19:23:07.410+0200] {logging_mixin.py:188} INFO - Données mises à jour pour INFLATION (CPIAUCSL)
[2025-06-03T19:23:07.626+0200] {logging_mixin.py:188} INFO - Données mises à jour pour UNEMPLOYMENT (UNRATE)
[2025-06-03T19:23:07.824+0200] {logging_mixin.py:188} INFO - Aucune nouvelle donnée pour High_Yield_Bond_SPREAD (BAMLH0A0HYM2)
[2025-06-03T19:23:08.080+0200] {logging_mixin.py:188} INFO - Aucune nouvelle donnée pour 10-2Year_Treasury_Yield_Bond (T10Y2Y)
[2025-06-03T19:23:08.276+0200] {logging_mixin.py:188} INFO - Données mises à jour pour CONSUMER_SENTIMENT (UMCSENT)
[2025-06-03T19:23:08.465+0200] {logging_mixin.py:188} INFO - Aucune nouvelle donnée pour BARREL PETROL (DCOILBRENTEU)
[2025-06-03T19:23:08.667+0200] {logging_mixin.py:188} INFO - Données mises à jour pour S&P500(LARGE CAP) (SP500)
[2025-06-03T19:23:08.774+0200] {logging_mixin.py:188} INFO - Données mises à jour pour GOLD_OZ_USD (GOLD_OZ_USD)
[2025-06-03T19:23:08.903+0200] {logging_mixin.py:188} INFO - Données mises à jour pour RUSSELL2000(Small CAP) (SmallCAP)
[2025-06-03T19:23:09.049+0200] {logging_mixin.py:188} INFO - Données mises à jour pour REITs(Immobilier US) (US_REIT_VNQ)
[2025-06-03T19:23:09.187+0200] {logging_mixin.py:188} INFO - Données mises à jour pour US_TREASURY_10Y (TREASURY_10Y)
[2025-06-03T19:23:09.188+0200] {python.py:237} INFO - Done. Returned value was: None
[2025-06-03T19:23:09.188+0200] {taskinstance.py:441} INFO - ::group::Post task execution logs
[2025-06-03T19:23:09.190+0200] {taskinstance.py:1205} INFO - Marking task as SUCCESS. dag_id=macro_trading_dag, task_id=fetch_data, execution_date=20250603T140034, start_date=20250603T172307, end_date=20250603T172309
[2025-06-03T19:23:09.222+0200] {local_task_job_runner.py:240} INFO - Task exited with return code 0
[2025-06-03T19:23:09.234+0200] {taskinstance.py:3482} INFO - 2 downstream tasks scheduled from follow-on schedule check
[2025-06-03T19:23:09.245+0200] {local_task_job_runner.py:222} INFO - ::endgroup::
