[2025-06-09T17:47:19.578+0200] {local_task_job_runner.py:120} INFO - ::group::Pre task execution logs
[2025-06-09T17:47:19.591+0200] {taskinstance.py:2073} INFO - Dependencies all met for dep_context=non-requeueable deps ti=<TaskInstance: macro_trading_dag.compute_economic_quadrants manual__2025-06-09T15:46:58.167535+00:00 [queued]>
[2025-06-09T17:47:19.594+0200] {taskinstance.py:2073} INFO - Dependencies all met for dep_context=requeueable deps ti=<TaskInstance: macro_trading_dag.compute_economic_quadrants manual__2025-06-09T15:46:58.167535+00:00 [queued]>
[2025-06-09T17:47:19.595+0200] {taskinstance.py:2303} INFO - Starting attempt 1 of 3
[2025-06-09T17:47:19.609+0200] {taskinstance.py:2327} INFO - Executing <Task(SparkSubmitOperator): compute_economic_quadrants> on 2025-06-09 15:46:58.167535+00:00
[2025-06-09T17:47:19.618+0200] {standard_task_runner.py:90} INFO - Running: ['airflow', 'tasks', 'run', 'macro_trading_dag', 'compute_economic_quadrants', 'manual__2025-06-09T15:46:58.167535+00:00', '--job-id', '379', '--raw', '--subdir', 'DAGS_FOLDER/macro_trading_dag.py', '--cfg-path', '/tmp/tmpbquvkm96']
[2025-06-09T17:47:19.619+0200] {standard_task_runner.py:91} INFO - Job 379: Subtask compute_economic_quadrants
[2025-06-09T17:47:19.625+0200] {logging_mixin.py:188} WARNING - /home/leoja/airflow/airflow_venv/lib/python3.12/site-packages/airflow/task/task_runner/standard_task_runner.py:61 DeprecationWarning: This process (pid=44073) is multi-threaded, use of fork() may lead to deadlocks in the child.
[2025-06-09T17:47:19.626+0200] {standard_task_runner.py:63} INFO - Started process 44083 to run task
[2025-06-09T17:47:19.654+0200] {task_command.py:426} INFO - Running <TaskInstance: macro_trading_dag.compute_economic_quadrants manual__2025-06-09T15:46:58.167535+00:00 [running]> on host N15I711-16GR512.localdomain
[2025-06-09T17:47:19.716+0200] {taskinstance.py:2644} INFO - Exporting env vars: AIRFLOW_CTX_DAG_OWNER='airflow' AIRFLOW_CTX_DAG_ID='macro_trading_dag' AIRFLOW_CTX_TASK_ID='compute_economic_quadrants' AIRFLOW_CTX_EXECUTION_DATE='2025-06-09T15:46:58.167535+00:00' AIRFLOW_CTX_TRY_NUMBER='1' AIRFLOW_CTX_DAG_RUN_ID='manual__2025-06-09T15:46:58.167535+00:00'
[2025-06-09T17:47:19.717+0200] {taskinstance.py:430} INFO - ::endgroup::
[2025-06-09T17:47:19.720+0200] {base.py:84} INFO - Using connection ID 'spark_local' for task execution.
[2025-06-09T17:47:19.721+0200] {spark_submit.py:351} INFO - Spark-Submit cmd: spark-submit --master local[*] --conf spark.pyspark.python=/home/leoja/airflow_venv/bin/python --conf spark.pyspark.driver.python=/home/leoja/airflow_venv/bin/python --name compute_economic_quadrants /home/leoja/airflow/spark_jobs/compute_quadrants.py /home/leoja/airflow/data/Indicators.parquet /home/leoja/airflow/data/quadrants.parquet /home/leoja/airflow/data/data/quadrants.csv
[2025-06-09T17:47:23.511+0200] {spark_submit.py:521} INFO - 25/06/09 17:47:23 WARN Utils: Your hostname, N15I711-16GR512 resolves to a loopback address: 127.0.1.1; using 10.255.255.254 instead (on interface lo)
[2025-06-09T17:47:23.516+0200] {spark_submit.py:521} INFO - 25/06/09 17:47:23 WARN Utils: Set SPARK_LOCAL_IP if you need to bind to another address
[2025-06-09T17:47:25.997+0200] {spark_submit.py:521} INFO - 25/06/09 17:47:25 INFO SparkContext: Running Spark version 3.5.5
[2025-06-09T17:47:25.998+0200] {spark_submit.py:521} INFO - 25/06/09 17:47:25 INFO SparkContext: OS info Linux, 6.6.87.1-microsoft-standard-WSL2, amd64
[2025-06-09T17:47:25.998+0200] {spark_submit.py:521} INFO - 25/06/09 17:47:25 INFO SparkContext: Java version 17.0.15
[2025-06-09T17:47:26.214+0200] {spark_submit.py:521} INFO - 25/06/09 17:47:26 WARN NativeCodeLoader: Unable to load native-hadoop library for your platform... using builtin-java classes where applicable
[2025-06-09T17:47:26.533+0200] {spark_submit.py:521} INFO - 25/06/09 17:47:26 INFO ResourceUtils: ==============================================================
[2025-06-09T17:47:26.533+0200] {spark_submit.py:521} INFO - 25/06/09 17:47:26 INFO ResourceUtils: No custom resources configured for spark.driver.
[2025-06-09T17:47:26.533+0200] {spark_submit.py:521} INFO - 25/06/09 17:47:26 INFO ResourceUtils: ==============================================================
[2025-06-09T17:47:26.534+0200] {spark_submit.py:521} INFO - 25/06/09 17:47:26 INFO SparkContext: Submitted application: ComputeEconomicQuadrants
[2025-06-09T17:47:26.585+0200] {spark_submit.py:521} INFO - 25/06/09 17:47:26 INFO ResourceProfile: Default ResourceProfile created, executor resources: Map(cores -> name: cores, amount: 1, script: , vendor: , memory -> name: memory, amount: 1024, script: , vendor: , offHeap -> name: offHeap, amount: 0, script: , vendor: ), task resources: Map(cpus -> name: cpus, amount: 1.0)
[2025-06-09T17:47:26.599+0200] {spark_submit.py:521} INFO - 25/06/09 17:47:26 INFO ResourceProfile: Limiting resource is cpu
[2025-06-09T17:47:26.601+0200] {spark_submit.py:521} INFO - 25/06/09 17:47:26 INFO ResourceProfileManager: Added ResourceProfile id: 0
[2025-06-09T17:47:26.800+0200] {spark_submit.py:521} INFO - 25/06/09 17:47:26 INFO SecurityManager: Changing view acls to: leoja
[2025-06-09T17:47:26.803+0200] {spark_submit.py:521} INFO - 25/06/09 17:47:26 INFO SecurityManager: Changing modify acls to: leoja
[2025-06-09T17:47:26.804+0200] {spark_submit.py:521} INFO - 25/06/09 17:47:26 INFO SecurityManager: Changing view acls groups to:
[2025-06-09T17:47:26.805+0200] {spark_submit.py:521} INFO - 25/06/09 17:47:26 INFO SecurityManager: Changing modify acls groups to:
[2025-06-09T17:47:26.806+0200] {spark_submit.py:521} INFO - 25/06/09 17:47:26 INFO SecurityManager: SecurityManager: authentication disabled; ui acls disabled; users with view permissions: leoja; groups with view permissions: EMPTY; users with modify permissions: leoja; groups with modify permissions: EMPTY
[2025-06-09T17:47:27.918+0200] {spark_submit.py:521} INFO - 25/06/09 17:47:27 INFO Utils: Successfully started service 'sparkDriver' on port 41525.
[2025-06-09T17:47:28.021+0200] {spark_submit.py:521} INFO - 25/06/09 17:47:28 INFO SparkEnv: Registering MapOutputTracker
[2025-06-09T17:47:28.179+0200] {spark_submit.py:521} INFO - 25/06/09 17:47:28 INFO SparkEnv: Registering BlockManagerMaster
[2025-06-09T17:47:28.276+0200] {spark_submit.py:521} INFO - 25/06/09 17:47:28 INFO BlockManagerMasterEndpoint: Using org.apache.spark.storage.DefaultTopologyMapper for getting topology information
[2025-06-09T17:47:28.277+0200] {spark_submit.py:521} INFO - 25/06/09 17:47:28 INFO BlockManagerMasterEndpoint: BlockManagerMasterEndpoint up
[2025-06-09T17:47:28.321+0200] {spark_submit.py:521} INFO - 25/06/09 17:47:28 INFO SparkEnv: Registering BlockManagerMasterHeartbeat
[2025-06-09T17:47:28.449+0200] {spark_submit.py:521} INFO - 25/06/09 17:47:28 INFO DiskBlockManager: Created local directory at /tmp/blockmgr-bae63aa9-883d-413b-ab09-4ff75e0ed93e
[2025-06-09T17:47:28.510+0200] {spark_submit.py:521} INFO - 25/06/09 17:47:28 INFO MemoryStore: MemoryStore started with capacity 434.4 MiB
[2025-06-09T17:47:28.551+0200] {spark_submit.py:521} INFO - 25/06/09 17:47:28 INFO SparkEnv: Registering OutputCommitCoordinator
[2025-06-09T17:47:28.983+0200] {spark_submit.py:521} INFO - 25/06/09 17:47:28 INFO JettyUtils: Start Jetty 0.0.0.0:4040 for SparkUI
[2025-06-09T17:47:29.175+0200] {spark_submit.py:521} INFO - 25/06/09 17:47:29 INFO Utils: Successfully started service 'SparkUI' on port 4040.
[2025-06-09T17:47:29.442+0200] {spark_submit.py:521} INFO - 25/06/09 17:47:29 INFO Executor: Starting executor ID driver on host 10.255.255.254
[2025-06-09T17:47:29.443+0200] {spark_submit.py:521} INFO - 25/06/09 17:47:29 INFO Executor: OS info Linux, 6.6.87.1-microsoft-standard-WSL2, amd64
[2025-06-09T17:47:29.444+0200] {spark_submit.py:521} INFO - 25/06/09 17:47:29 INFO Executor: Java version 17.0.15
[2025-06-09T17:47:29.456+0200] {spark_submit.py:521} INFO - 25/06/09 17:47:29 INFO Executor: Starting executor with user classpath (userClassPathFirst = false): ''
[2025-06-09T17:47:29.457+0200] {spark_submit.py:521} INFO - 25/06/09 17:47:29 INFO Executor: Created or updated repl class loader org.apache.spark.util.MutableURLClassLoader@615802d3 for default.
[2025-06-09T17:47:29.504+0200] {spark_submit.py:521} INFO - 25/06/09 17:47:29 INFO Utils: Successfully started service 'org.apache.spark.network.netty.NettyBlockTransferService' on port 34969.
[2025-06-09T17:47:29.504+0200] {spark_submit.py:521} INFO - 25/06/09 17:47:29 INFO NettyBlockTransferService: Server created on 10.255.255.254:34969
[2025-06-09T17:47:29.506+0200] {spark_submit.py:521} INFO - 25/06/09 17:47:29 INFO BlockManager: Using org.apache.spark.storage.RandomBlockReplicationPolicy for block replication policy
[2025-06-09T17:47:29.520+0200] {spark_submit.py:521} INFO - 25/06/09 17:47:29 INFO BlockManagerMaster: Registering BlockManager BlockManagerId(driver, 10.255.255.254, 34969, None)
[2025-06-09T17:47:29.526+0200] {spark_submit.py:521} INFO - 25/06/09 17:47:29 INFO BlockManagerMasterEndpoint: Registering block manager 10.255.255.254:34969 with 434.4 MiB RAM, BlockManagerId(driver, 10.255.255.254, 34969, None)
[2025-06-09T17:47:29.530+0200] {spark_submit.py:521} INFO - 25/06/09 17:47:29 INFO BlockManagerMaster: Registered BlockManager BlockManagerId(driver, 10.255.255.254, 34969, None)
[2025-06-09T17:47:29.531+0200] {spark_submit.py:521} INFO - 25/06/09 17:47:29 INFO BlockManager: Initialized BlockManager: BlockManagerId(driver, 10.255.255.254, 34969, None)
[2025-06-09T17:47:30.579+0200] {spark_submit.py:521} INFO - 25/06/09 17:47:30 INFO SharedState: Setting hive.metastore.warehouse.dir ('null') to the value of spark.sql.warehouse.dir.
[2025-06-09T17:47:30.590+0200] {spark_submit.py:521} INFO - 25/06/09 17:47:30 INFO SharedState: Warehouse path is 'file:/home/leoja/airflow/airflow_venv/spark-warehouse'.
[2025-06-09T17:47:32.287+0200] {spark_submit.py:521} INFO - 25/06/09 17:47:32 INFO InMemoryFileIndex: It took 114 ms to list leaf files for 1 paths.
[2025-06-09T17:47:32.972+0200] {spark_submit.py:521} INFO - 25/06/09 17:47:32 INFO SparkContext: Starting job: parquet at NativeMethodAccessorImpl.java:0
[2025-06-09T17:47:32.989+0200] {spark_submit.py:521} INFO - 25/06/09 17:47:32 INFO DAGScheduler: Got job 0 (parquet at NativeMethodAccessorImpl.java:0) with 1 output partitions
[2025-06-09T17:47:32.990+0200] {spark_submit.py:521} INFO - 25/06/09 17:47:32 INFO DAGScheduler: Final stage: ResultStage 0 (parquet at NativeMethodAccessorImpl.java:0)
[2025-06-09T17:47:32.990+0200] {spark_submit.py:521} INFO - 25/06/09 17:47:32 INFO DAGScheduler: Parents of final stage: List()
[2025-06-09T17:47:32.991+0200] {spark_submit.py:521} INFO - 25/06/09 17:47:32 INFO DAGScheduler: Missing parents: List()
[2025-06-09T17:47:32.996+0200] {spark_submit.py:521} INFO - 25/06/09 17:47:32 INFO DAGScheduler: Submitting ResultStage 0 (MapPartitionsRDD[1] at parquet at NativeMethodAccessorImpl.java:0), which has no missing parents
[2025-06-09T17:47:33.169+0200] {spark_submit.py:521} INFO - 25/06/09 17:47:33 INFO MemoryStore: Block broadcast_0 stored as values in memory (estimated size 103.5 KiB, free 434.3 MiB)
[2025-06-09T17:47:33.315+0200] {spark_submit.py:521} INFO - 25/06/09 17:47:33 INFO MemoryStore: Block broadcast_0_piece0 stored as bytes in memory (estimated size 37.3 KiB, free 434.3 MiB)
[2025-06-09T17:47:33.322+0200] {spark_submit.py:521} INFO - 25/06/09 17:47:33 INFO BlockManagerInfo: Added broadcast_0_piece0 in memory on 10.255.255.254:34969 (size: 37.3 KiB, free: 434.4 MiB)
[2025-06-09T17:47:33.326+0200] {spark_submit.py:521} INFO - 25/06/09 17:47:33 INFO SparkContext: Created broadcast 0 from broadcast at DAGScheduler.scala:1585
[2025-06-09T17:47:33.353+0200] {spark_submit.py:521} INFO - 25/06/09 17:47:33 INFO DAGScheduler: Submitting 1 missing tasks from ResultStage 0 (MapPartitionsRDD[1] at parquet at NativeMethodAccessorImpl.java:0) (first 15 tasks are for partitions Vector(0))
[2025-06-09T17:47:33.354+0200] {spark_submit.py:521} INFO - 25/06/09 17:47:33 INFO TaskSchedulerImpl: Adding task set 0.0 with 1 tasks resource profile 0
[2025-06-09T17:47:33.427+0200] {spark_submit.py:521} INFO - 25/06/09 17:47:33 INFO TaskSetManager: Starting task 0.0 in stage 0.0 (TID 0) (10.255.255.254, executor driver, partition 0, PROCESS_LOCAL, 9142 bytes)
[2025-06-09T17:47:33.456+0200] {spark_submit.py:521} INFO - 25/06/09 17:47:33 INFO Executor: Running task 0.0 in stage 0.0 (TID 0)
[2025-06-09T17:47:33.931+0200] {spark_submit.py:521} INFO - 25/06/09 17:47:33 INFO Executor: Finished task 0.0 in stage 0.0 (TID 0). 1974 bytes result sent to driver
[2025-06-09T17:47:33.944+0200] {spark_submit.py:521} INFO - 25/06/09 17:47:33 INFO TaskSetManager: Finished task 0.0 in stage 0.0 (TID 0) in 538 ms on 10.255.255.254 (executor driver) (1/1)
[2025-06-09T17:47:33.946+0200] {spark_submit.py:521} INFO - 25/06/09 17:47:33 INFO TaskSchedulerImpl: Removed TaskSet 0.0, whose tasks have all completed, from pool
[2025-06-09T17:47:33.951+0200] {spark_submit.py:521} INFO - 25/06/09 17:47:33 INFO DAGScheduler: ResultStage 0 (parquet at NativeMethodAccessorImpl.java:0) finished in 0.942 s
[2025-06-09T17:47:33.954+0200] {spark_submit.py:521} INFO - 25/06/09 17:47:33 INFO DAGScheduler: Job 0 is finished. Cancelling potential speculative or zombie tasks for this job
[2025-06-09T17:47:33.954+0200] {spark_submit.py:521} INFO - 25/06/09 17:47:33 INFO TaskSchedulerImpl: Killing all running tasks in stage 0: Stage finished
[2025-06-09T17:47:33.957+0200] {spark_submit.py:521} INFO - 25/06/09 17:47:33 INFO DAGScheduler: Job 0 finished: parquet at NativeMethodAccessorImpl.java:0, took 0.983721 s
[2025-06-09T17:47:34.877+0200] {spark_submit.py:521} INFO - 25/06/09 17:47:34 INFO BlockManagerInfo: Removed broadcast_0_piece0 on 10.255.255.254:34969 in memory (size: 37.3 KiB, free: 434.4 MiB)
[2025-06-09T17:47:34.999+0200] {spark_submit.py:521} INFO - 25/06/09 17:47:34 INFO InMemoryFileIndex: It took 2 ms to list leaf files for 1 paths.
[2025-06-09T17:47:35.028+0200] {spark_submit.py:521} INFO - 25/06/09 17:47:35 INFO SparkContext: Starting job: parquet at NativeMethodAccessorImpl.java:0
[2025-06-09T17:47:35.030+0200] {spark_submit.py:521} INFO - 25/06/09 17:47:35 INFO DAGScheduler: Got job 1 (parquet at NativeMethodAccessorImpl.java:0) with 1 output partitions
[2025-06-09T17:47:35.030+0200] {spark_submit.py:521} INFO - 25/06/09 17:47:35 INFO DAGScheduler: Final stage: ResultStage 1 (parquet at NativeMethodAccessorImpl.java:0)
[2025-06-09T17:47:35.030+0200] {spark_submit.py:521} INFO - 25/06/09 17:47:35 INFO DAGScheduler: Parents of final stage: List()
[2025-06-09T17:47:35.031+0200] {spark_submit.py:521} INFO - 25/06/09 17:47:35 INFO DAGScheduler: Missing parents: List()
[2025-06-09T17:47:35.031+0200] {spark_submit.py:521} INFO - 25/06/09 17:47:35 INFO DAGScheduler: Submitting ResultStage 1 (MapPartitionsRDD[3] at parquet at NativeMethodAccessorImpl.java:0), which has no missing parents
[2025-06-09T17:47:35.041+0200] {spark_submit.py:521} INFO - 25/06/09 17:47:35 INFO MemoryStore: Block broadcast_1 stored as values in memory (estimated size 103.5 KiB, free 434.3 MiB)
[2025-06-09T17:47:35.043+0200] {spark_submit.py:521} INFO - 25/06/09 17:47:35 INFO MemoryStore: Block broadcast_1_piece0 stored as bytes in memory (estimated size 37.3 KiB, free 434.3 MiB)
[2025-06-09T17:47:35.044+0200] {spark_submit.py:521} INFO - 25/06/09 17:47:35 INFO BlockManagerInfo: Added broadcast_1_piece0 in memory on 10.255.255.254:34969 (size: 37.3 KiB, free: 434.4 MiB)
[2025-06-09T17:47:35.045+0200] {spark_submit.py:521} INFO - 25/06/09 17:47:35 INFO SparkContext: Created broadcast 1 from broadcast at DAGScheduler.scala:1585
[2025-06-09T17:47:35.046+0200] {spark_submit.py:521} INFO - 25/06/09 17:47:35 INFO DAGScheduler: Submitting 1 missing tasks from ResultStage 1 (MapPartitionsRDD[3] at parquet at NativeMethodAccessorImpl.java:0) (first 15 tasks are for partitions Vector(0))
[2025-06-09T17:47:35.046+0200] {spark_submit.py:521} INFO - 25/06/09 17:47:35 INFO TaskSchedulerImpl: Adding task set 1.0 with 1 tasks resource profile 0
[2025-06-09T17:47:35.048+0200] {spark_submit.py:521} INFO - 25/06/09 17:47:35 INFO TaskSetManager: Starting task 0.0 in stage 1.0 (TID 1) (10.255.255.254, executor driver, partition 0, PROCESS_LOCAL, 9141 bytes)
[2025-06-09T17:47:35.049+0200] {spark_submit.py:521} INFO - 25/06/09 17:47:35 INFO Executor: Running task 0.0 in stage 1.0 (TID 1)
[2025-06-09T17:47:35.092+0200] {spark_submit.py:521} INFO - 25/06/09 17:47:35 INFO Executor: Finished task 0.0 in stage 1.0 (TID 1). 3927 bytes result sent to driver
[2025-06-09T17:47:35.095+0200] {spark_submit.py:521} INFO - 25/06/09 17:47:35 INFO TaskSetManager: Finished task 0.0 in stage 1.0 (TID 1) in 47 ms on 10.255.255.254 (executor driver) (1/1)
[2025-06-09T17:47:35.095+0200] {spark_submit.py:521} INFO - 25/06/09 17:47:35 INFO TaskSchedulerImpl: Removed TaskSet 1.0, whose tasks have all completed, from pool
[2025-06-09T17:47:35.096+0200] {spark_submit.py:521} INFO - 25/06/09 17:47:35 INFO DAGScheduler: ResultStage 1 (parquet at NativeMethodAccessorImpl.java:0) finished in 0.063 s
[2025-06-09T17:47:35.096+0200] {spark_submit.py:521} INFO - 25/06/09 17:47:35 INFO DAGScheduler: Job 1 is finished. Cancelling potential speculative or zombie tasks for this job
[2025-06-09T17:47:35.097+0200] {spark_submit.py:521} INFO - 25/06/09 17:47:35 INFO TaskSchedulerImpl: Killing all running tasks in stage 1: Stage finished
[2025-06-09T17:47:35.097+0200] {spark_submit.py:521} INFO - 25/06/09 17:47:35 INFO DAGScheduler: Job 1 finished: parquet at NativeMethodAccessorImpl.java:0, took 0.068315 s
[2025-06-09T17:47:35.571+0200] {spark_submit.py:521} INFO - 25/06/09 17:47:35 INFO BlockManagerInfo: Removed broadcast_1_piece0 on 10.255.255.254:34969 in memory (size: 37.3 KiB, free: 434.4 MiB)
[2025-06-09T17:47:35.616+0200] {spark_submit.py:521} INFO - 25/06/09 17:47:35 INFO FileSourceStrategy: Pushed Filters:
[2025-06-09T17:47:35.618+0200] {spark_submit.py:521} INFO - 25/06/09 17:47:35 INFO FileSourceStrategy: Post-Scan Filters:
[2025-06-09T17:47:36.135+0200] {spark_submit.py:521} INFO - 25/06/09 17:47:36 INFO CodeGenerator: Code generated in 212.955455 ms
[2025-06-09T17:47:36.158+0200] {spark_submit.py:521} INFO - 25/06/09 17:47:36 INFO MemoryStore: Block broadcast_2 stored as values in memory (estimated size 201.2 KiB, free 434.2 MiB)
[2025-06-09T17:47:36.166+0200] {spark_submit.py:521} INFO - 25/06/09 17:47:36 INFO MemoryStore: Block broadcast_2_piece0 stored as bytes in memory (estimated size 35.0 KiB, free 434.2 MiB)
[2025-06-09T17:47:36.167+0200] {spark_submit.py:521} INFO - 25/06/09 17:47:36 INFO BlockManagerInfo: Added broadcast_2_piece0 in memory on 10.255.255.254:34969 (size: 35.0 KiB, free: 434.4 MiB)
[2025-06-09T17:47:36.168+0200] {spark_submit.py:521} INFO - 25/06/09 17:47:36 INFO SparkContext: Created broadcast 2 from collect at /home/leoja/airflow/spark_jobs/compute_quadrants.py:119
[2025-06-09T17:47:36.179+0200] {spark_submit.py:521} INFO - 25/06/09 17:47:36 INFO FileSourceScanExec: Planning scan with bin packing, max size: 4194304 bytes, open cost is considered as scanning 4194304 bytes.
[2025-06-09T17:47:36.256+0200] {spark_submit.py:521} INFO - 25/06/09 17:47:36 INFO DAGScheduler: Registering RDD 7 (collect at /home/leoja/airflow/spark_jobs/compute_quadrants.py:119) as input to shuffle 0
[2025-06-09T17:47:36.262+0200] {spark_submit.py:521} INFO - 25/06/09 17:47:36 INFO DAGScheduler: Got map stage job 2 (collect at /home/leoja/airflow/spark_jobs/compute_quadrants.py:119) with 1 output partitions
[2025-06-09T17:47:36.262+0200] {spark_submit.py:521} INFO - 25/06/09 17:47:36 INFO DAGScheduler: Final stage: ShuffleMapStage 2 (collect at /home/leoja/airflow/spark_jobs/compute_quadrants.py:119)
[2025-06-09T17:47:36.262+0200] {spark_submit.py:521} INFO - 25/06/09 17:47:36 INFO DAGScheduler: Parents of final stage: List()
[2025-06-09T17:47:36.263+0200] {spark_submit.py:521} INFO - 25/06/09 17:47:36 INFO DAGScheduler: Missing parents: List()
[2025-06-09T17:47:36.264+0200] {spark_submit.py:521} INFO - 25/06/09 17:47:36 INFO DAGScheduler: Submitting ShuffleMapStage 2 (MapPartitionsRDD[7] at collect at /home/leoja/airflow/spark_jobs/compute_quadrants.py:119), which has no missing parents
[2025-06-09T17:47:36.338+0200] {spark_submit.py:521} INFO - 25/06/09 17:47:36 INFO MemoryStore: Block broadcast_3 stored as values in memory (estimated size 18.6 KiB, free 434.2 MiB)
[2025-06-09T17:47:36.341+0200] {spark_submit.py:521} INFO - 25/06/09 17:47:36 INFO MemoryStore: Block broadcast_3_piece0 stored as bytes in memory (estimated size 8.3 KiB, free 434.1 MiB)
[2025-06-09T17:47:36.342+0200] {spark_submit.py:521} INFO - 25/06/09 17:47:36 INFO BlockManagerInfo: Added broadcast_3_piece0 in memory on 10.255.255.254:34969 (size: 8.3 KiB, free: 434.4 MiB)
[2025-06-09T17:47:36.343+0200] {spark_submit.py:521} INFO - 25/06/09 17:47:36 INFO SparkContext: Created broadcast 3 from broadcast at DAGScheduler.scala:1585
[2025-06-09T17:47:36.345+0200] {spark_submit.py:521} INFO - 25/06/09 17:47:36 INFO DAGScheduler: Submitting 1 missing tasks from ShuffleMapStage 2 (MapPartitionsRDD[7] at collect at /home/leoja/airflow/spark_jobs/compute_quadrants.py:119) (first 15 tasks are for partitions Vector(0))
[2025-06-09T17:47:36.345+0200] {spark_submit.py:521} INFO - 25/06/09 17:47:36 INFO TaskSchedulerImpl: Adding task set 2.0 with 1 tasks resource profile 0
[2025-06-09T17:47:36.352+0200] {spark_submit.py:521} INFO - 25/06/09 17:47:36 INFO TaskSetManager: Starting task 0.0 in stage 2.0 (TID 2) (10.255.255.254, executor driver, partition 0, PROCESS_LOCAL, 9600 bytes)
[2025-06-09T17:47:36.353+0200] {spark_submit.py:521} INFO - 25/06/09 17:47:36 INFO Executor: Running task 0.0 in stage 2.0 (TID 2)
[2025-06-09T17:47:36.424+0200] {spark_submit.py:521} INFO - 25/06/09 17:47:36 INFO CodeGenerator: Code generated in 16.761411 ms
[2025-06-09T17:47:36.435+0200] {spark_submit.py:521} INFO - 25/06/09 17:47:36 INFO FileScanRDD: Reading File path: file:///home/leoja/airflow/data/quadrants.parquet, range: 0-44072, partition values: [empty row]
[2025-06-09T17:47:36.573+0200] {spark_submit.py:521} INFO - 25/06/09 17:47:36 INFO CodecPool: Got brand-new decompressor [.snappy]
[2025-06-09T17:47:36.745+0200] {spark_submit.py:521} INFO - 25/06/09 17:47:36 INFO Executor: Finished task 0.0 in stage 2.0 (TID 2). 2181 bytes result sent to driver
[2025-06-09T17:47:36.749+0200] {spark_submit.py:521} INFO - 25/06/09 17:47:36 INFO TaskSetManager: Finished task 0.0 in stage 2.0 (TID 2) in 403 ms on 10.255.255.254 (executor driver) (1/1)
[2025-06-09T17:47:36.750+0200] {spark_submit.py:521} INFO - 25/06/09 17:47:36 INFO TaskSchedulerImpl: Removed TaskSet 2.0, whose tasks have all completed, from pool
[2025-06-09T17:47:36.752+0200] {spark_submit.py:521} INFO - 25/06/09 17:47:36 INFO DAGScheduler: ShuffleMapStage 2 (collect at /home/leoja/airflow/spark_jobs/compute_quadrants.py:119) finished in 0.484 s
[2025-06-09T17:47:36.752+0200] {spark_submit.py:521} INFO - 25/06/09 17:47:36 INFO DAGScheduler: looking for newly runnable stages
[2025-06-09T17:47:36.752+0200] {spark_submit.py:521} INFO - 25/06/09 17:47:36 INFO DAGScheduler: running: Set()
[2025-06-09T17:47:36.753+0200] {spark_submit.py:521} INFO - 25/06/09 17:47:36 INFO DAGScheduler: waiting: Set()
[2025-06-09T17:47:36.753+0200] {spark_submit.py:521} INFO - 25/06/09 17:47:36 INFO DAGScheduler: failed: Set()
[2025-06-09T17:47:36.790+0200] {spark_submit.py:521} INFO - 25/06/09 17:47:36 INFO CodeGenerator: Code generated in 12.254423 ms
[2025-06-09T17:47:36.809+0200] {spark_submit.py:521} INFO - 25/06/09 17:47:36 INFO SparkContext: Starting job: collect at /home/leoja/airflow/spark_jobs/compute_quadrants.py:119
[2025-06-09T17:47:36.812+0200] {spark_submit.py:521} INFO - 25/06/09 17:47:36 INFO DAGScheduler: Got job 3 (collect at /home/leoja/airflow/spark_jobs/compute_quadrants.py:119) with 1 output partitions
[2025-06-09T17:47:36.812+0200] {spark_submit.py:521} INFO - 25/06/09 17:47:36 INFO DAGScheduler: Final stage: ResultStage 4 (collect at /home/leoja/airflow/spark_jobs/compute_quadrants.py:119)
[2025-06-09T17:47:36.812+0200] {spark_submit.py:521} INFO - 25/06/09 17:47:36 INFO DAGScheduler: Parents of final stage: List(ShuffleMapStage 3)
[2025-06-09T17:47:36.812+0200] {spark_submit.py:521} INFO - 25/06/09 17:47:36 INFO DAGScheduler: Missing parents: List()
[2025-06-09T17:47:36.813+0200] {spark_submit.py:521} INFO - 25/06/09 17:47:36 INFO DAGScheduler: Submitting ResultStage 4 (MapPartitionsRDD[10] at collect at /home/leoja/airflow/spark_jobs/compute_quadrants.py:119), which has no missing parents
[2025-06-09T17:47:36.824+0200] {spark_submit.py:521} INFO - 25/06/09 17:47:36 INFO MemoryStore: Block broadcast_4 stored as values in memory (estimated size 13.1 KiB, free 434.1 MiB)
[2025-06-09T17:47:36.835+0200] {spark_submit.py:521} INFO - 25/06/09 17:47:36 INFO MemoryStore: Block broadcast_4_piece0 stored as bytes in memory (estimated size 6.1 KiB, free 434.1 MiB)
[2025-06-09T17:47:36.836+0200] {spark_submit.py:521} INFO - 25/06/09 17:47:36 INFO BlockManagerInfo: Added broadcast_4_piece0 in memory on 10.255.255.254:34969 (size: 6.1 KiB, free: 434.4 MiB)
[2025-06-09T17:47:36.837+0200] {spark_submit.py:521} INFO - 25/06/09 17:47:36 INFO SparkContext: Created broadcast 4 from broadcast at DAGScheduler.scala:1585
[2025-06-09T17:47:36.837+0200] {spark_submit.py:521} INFO - 25/06/09 17:47:36 INFO DAGScheduler: Submitting 1 missing tasks from ResultStage 4 (MapPartitionsRDD[10] at collect at /home/leoja/airflow/spark_jobs/compute_quadrants.py:119) (first 15 tasks are for partitions Vector(0))
[2025-06-09T17:47:36.838+0200] {spark_submit.py:521} INFO - 25/06/09 17:47:36 INFO TaskSchedulerImpl: Adding task set 4.0 with 1 tasks resource profile 0
[2025-06-09T17:47:36.838+0200] {spark_submit.py:521} INFO - 25/06/09 17:47:36 INFO BlockManagerInfo: Removed broadcast_3_piece0 on 10.255.255.254:34969 in memory (size: 8.3 KiB, free: 434.4 MiB)
[2025-06-09T17:47:36.843+0200] {spark_submit.py:521} INFO - 25/06/09 17:47:36 INFO TaskSetManager: Starting task 0.0 in stage 4.0 (TID 3) (10.255.255.254, executor driver, partition 0, NODE_LOCAL, 8999 bytes)
[2025-06-09T17:47:36.844+0200] {spark_submit.py:521} INFO - 25/06/09 17:47:36 INFO Executor: Running task 0.0 in stage 4.0 (TID 3)
[2025-06-09T17:47:36.877+0200] {spark_submit.py:521} INFO - 25/06/09 17:47:36 INFO ShuffleBlockFetcherIterator: Getting 1 (60.0 B) non-empty blocks including 1 (60.0 B) local and 0 (0.0 B) host-local and 0 (0.0 B) push-merged-local and 0 (0.0 B) remote blocks
[2025-06-09T17:47:36.879+0200] {spark_submit.py:521} INFO - 25/06/09 17:47:36 INFO ShuffleBlockFetcherIterator: Started 0 remote fetches in 9 ms
[2025-06-09T17:47:36.893+0200] {spark_submit.py:521} INFO - 25/06/09 17:47:36 INFO CodeGenerator: Code generated in 12.041537 ms
[2025-06-09T17:47:36.917+0200] {spark_submit.py:521} INFO - 25/06/09 17:47:36 INFO Executor: Finished task 0.0 in stage 4.0 (TID 3). 4081 bytes result sent to driver
[2025-06-09T17:47:36.925+0200] {spark_submit.py:521} INFO - 25/06/09 17:47:36 INFO TaskSetManager: Finished task 0.0 in stage 4.0 (TID 3) in 84 ms on 10.255.255.254 (executor driver) (1/1)
[2025-06-09T17:47:36.926+0200] {spark_submit.py:521} INFO - 25/06/09 17:47:36 INFO TaskSchedulerImpl: Removed TaskSet 4.0, whose tasks have all completed, from pool
[2025-06-09T17:47:36.927+0200] {spark_submit.py:521} INFO - 25/06/09 17:47:36 INFO DAGScheduler: ResultStage 4 (collect at /home/leoja/airflow/spark_jobs/compute_quadrants.py:119) finished in 0.104 s
[2025-06-09T17:47:36.927+0200] {spark_submit.py:521} INFO - 25/06/09 17:47:36 INFO DAGScheduler: Job 3 is finished. Cancelling potential speculative or zombie tasks for this job
[2025-06-09T17:47:36.928+0200] {spark_submit.py:521} INFO - 25/06/09 17:47:36 INFO TaskSchedulerImpl: Killing all running tasks in stage 4: Stage finished
[2025-06-09T17:47:36.928+0200] {spark_submit.py:521} INFO - 25/06/09 17:47:36 INFO DAGScheduler: Job 3 finished: collect at /home/leoja/airflow/spark_jobs/compute_quadrants.py:119, took 0.118334 s
[2025-06-09T17:47:37.144+0200] {spark_submit.py:521} INFO - 25/06/09 17:47:37 INFO FileSourceStrategy: Pushed Filters:
[2025-06-09T17:47:37.146+0200] {spark_submit.py:521} INFO - 25/06/09 17:47:37 INFO FileSourceStrategy: Post-Scan Filters: (gettimestamp(date#0, yyyy-MM-dd, TimestampType, Some(Europe/Paris), false) >= 2025-07-01 00:00:00)
[2025-06-09T17:47:37.226+0200] {spark_submit.py:521} INFO - 25/06/09 17:47:37 INFO CodeGenerator: Code generated in 36.837293 ms
[2025-06-09T17:47:37.233+0200] {spark_submit.py:521} INFO - 25/06/09 17:47:37 INFO MemoryStore: Block broadcast_5 stored as values in memory (estimated size 202.1 KiB, free 434.0 MiB)
[2025-06-09T17:47:37.247+0200] {spark_submit.py:521} INFO - 25/06/09 17:47:37 INFO MemoryStore: Block broadcast_5_piece0 stored as bytes in memory (estimated size 35.2 KiB, free 433.9 MiB)
[2025-06-09T17:47:37.248+0200] {spark_submit.py:521} INFO - 25/06/09 17:47:37 INFO BlockManagerInfo: Added broadcast_5_piece0 in memory on 10.255.255.254:34969 (size: 35.2 KiB, free: 434.3 MiB)
[2025-06-09T17:47:37.248+0200] {spark_submit.py:521} INFO - 25/06/09 17:47:37 INFO BlockManagerInfo: Removed broadcast_4_piece0 on 10.255.255.254:34969 in memory (size: 6.1 KiB, free: 434.3 MiB)
[2025-06-09T17:47:37.249+0200] {spark_submit.py:521} INFO - 25/06/09 17:47:37 INFO SparkContext: Created broadcast 5 from javaToPython at NativeMethodAccessorImpl.java:0
[2025-06-09T17:47:37.252+0200] {spark_submit.py:521} INFO - 25/06/09 17:47:37 INFO FileSourceScanExec: Planning scan with bin packing, max size: 4194304 bytes, open cost is considered as scanning 4194304 bytes.
[2025-06-09T17:47:37.285+0200] {spark_submit.py:521} INFO - 25/06/09 17:47:37 INFO CodeGenerator: Code generated in 10.507343 ms
[2025-06-09T17:47:37.320+0200] {spark_submit.py:521} INFO - 25/06/09 17:47:37 INFO SparkContext: Starting job: javaToPython at NativeMethodAccessorImpl.java:0
[2025-06-09T17:47:37.322+0200] {spark_submit.py:521} INFO - 25/06/09 17:47:37 INFO DAGScheduler: Got job 4 (javaToPython at NativeMethodAccessorImpl.java:0) with 1 output partitions
[2025-06-09T17:47:37.323+0200] {spark_submit.py:521} INFO - 25/06/09 17:47:37 INFO DAGScheduler: Final stage: ResultStage 5 (javaToPython at NativeMethodAccessorImpl.java:0)
[2025-06-09T17:47:37.323+0200] {spark_submit.py:521} INFO - 25/06/09 17:47:37 INFO DAGScheduler: Parents of final stage: List()
[2025-06-09T17:47:37.323+0200] {spark_submit.py:521} INFO - 25/06/09 17:47:37 INFO DAGScheduler: Missing parents: List()
[2025-06-09T17:47:37.323+0200] {spark_submit.py:521} INFO - 25/06/09 17:47:37 INFO DAGScheduler: Submitting ResultStage 5 (MapPartitionsRDD[16] at javaToPython at NativeMethodAccessorImpl.java:0), which has no missing parents
[2025-06-09T17:47:37.328+0200] {spark_submit.py:521} INFO - 25/06/09 17:47:37 INFO MemoryStore: Block broadcast_6 stored as values in memory (estimated size 23.7 KiB, free 433.9 MiB)
[2025-06-09T17:47:37.335+0200] {spark_submit.py:521} INFO - 25/06/09 17:47:37 INFO MemoryStore: Block broadcast_6_piece0 stored as bytes in memory (estimated size 9.5 KiB, free 433.9 MiB)
[2025-06-09T17:47:37.336+0200] {spark_submit.py:521} INFO - 25/06/09 17:47:37 INFO BlockManagerInfo: Added broadcast_6_piece0 in memory on 10.255.255.254:34969 (size: 9.5 KiB, free: 434.3 MiB)
[2025-06-09T17:47:37.337+0200] {spark_submit.py:521} INFO - 25/06/09 17:47:37 INFO SparkContext: Created broadcast 6 from broadcast at DAGScheduler.scala:1585
[2025-06-09T17:47:37.338+0200] {spark_submit.py:521} INFO - 25/06/09 17:47:37 INFO DAGScheduler: Submitting 1 missing tasks from ResultStage 5 (MapPartitionsRDD[16] at javaToPython at NativeMethodAccessorImpl.java:0) (first 15 tasks are for partitions Vector(0))
[2025-06-09T17:47:37.338+0200] {spark_submit.py:521} INFO - 25/06/09 17:47:37 INFO TaskSchedulerImpl: Adding task set 5.0 with 1 tasks resource profile 0
[2025-06-09T17:47:37.340+0200] {spark_submit.py:521} INFO - 25/06/09 17:47:37 INFO TaskSetManager: Starting task 0.0 in stage 5.0 (TID 4) (10.255.255.254, executor driver, partition 0, PROCESS_LOCAL, 9612 bytes)
[2025-06-09T17:47:37.341+0200] {spark_submit.py:521} INFO - 25/06/09 17:47:37 INFO Executor: Running task 0.0 in stage 5.0 (TID 4)
[2025-06-09T17:47:37.370+0200] {spark_submit.py:521} INFO - 25/06/09 17:47:37 INFO CodeGenerator: Code generated in 16.928231 ms
[2025-06-09T17:47:37.387+0200] {spark_submit.py:521} INFO - 25/06/09 17:47:37 INFO CodeGenerator: Code generated in 7.851046 ms
[2025-06-09T17:47:37.391+0200] {spark_submit.py:521} INFO - 25/06/09 17:47:37 INFO FileScanRDD: Reading File path: file:///home/leoja/airflow/data/Indicators.parquet, range: 0-13095, partition values: [empty row]
[2025-06-09T17:47:37.440+0200] {spark_submit.py:521} INFO - 25/06/09 17:47:37 INFO Executor: Finished task 0.0 in stage 5.0 (TID 4). 1890 bytes result sent to driver
[2025-06-09T17:47:37.442+0200] {spark_submit.py:521} INFO - 25/06/09 17:47:37 INFO TaskSetManager: Finished task 0.0 in stage 5.0 (TID 4) in 102 ms on 10.255.255.254 (executor driver) (1/1)
[2025-06-09T17:47:37.442+0200] {spark_submit.py:521} INFO - 25/06/09 17:47:37 INFO TaskSchedulerImpl: Removed TaskSet 5.0, whose tasks have all completed, from pool
[2025-06-09T17:47:37.443+0200] {spark_submit.py:521} INFO - 25/06/09 17:47:37 INFO DAGScheduler: ResultStage 5 (javaToPython at NativeMethodAccessorImpl.java:0) finished in 0.118 s
[2025-06-09T17:47:37.443+0200] {spark_submit.py:521} INFO - 25/06/09 17:47:37 INFO DAGScheduler: Job 4 is finished. Cancelling potential speculative or zombie tasks for this job
[2025-06-09T17:47:37.444+0200] {spark_submit.py:521} INFO - 25/06/09 17:47:37 INFO TaskSchedulerImpl: Killing all running tasks in stage 5: Stage finished
[2025-06-09T17:47:37.444+0200] {spark_submit.py:521} INFO - 25/06/09 17:47:37 INFO DAGScheduler: Job 4 finished: javaToPython at NativeMethodAccessorImpl.java:0, took 0.123997 s
[2025-06-09T17:47:37.453+0200] {spark_submit.py:521} INFO - 25/06/09 17:47:37 INFO DAGScheduler: Registering RDD 17 (javaToPython at NativeMethodAccessorImpl.java:0) as input to shuffle 1
[2025-06-09T17:47:37.453+0200] {spark_submit.py:521} INFO - 25/06/09 17:47:37 INFO DAGScheduler: Got map stage job 5 (javaToPython at NativeMethodAccessorImpl.java:0) with 1 output partitions
[2025-06-09T17:47:37.454+0200] {spark_submit.py:521} INFO - 25/06/09 17:47:37 INFO DAGScheduler: Final stage: ShuffleMapStage 6 (javaToPython at NativeMethodAccessorImpl.java:0)
[2025-06-09T17:47:37.454+0200] {spark_submit.py:521} INFO - 25/06/09 17:47:37 INFO DAGScheduler: Parents of final stage: List()
[2025-06-09T17:47:37.454+0200] {spark_submit.py:521} INFO - 25/06/09 17:47:37 INFO DAGScheduler: Missing parents: List()
[2025-06-09T17:47:37.454+0200] {spark_submit.py:521} INFO - 25/06/09 17:47:37 INFO DAGScheduler: Submitting ShuffleMapStage 6 (MapPartitionsRDD[17] at javaToPython at NativeMethodAccessorImpl.java:0), which has no missing parents
[2025-06-09T17:47:37.468+0200] {spark_submit.py:521} INFO - 25/06/09 17:47:37 INFO MemoryStore: Block broadcast_7 stored as values in memory (estimated size 25.5 KiB, free 433.9 MiB)
[2025-06-09T17:47:37.470+0200] {spark_submit.py:521} INFO - 25/06/09 17:47:37 INFO MemoryStore: Block broadcast_7_piece0 stored as bytes in memory (estimated size 10.4 KiB, free 433.9 MiB)
[2025-06-09T17:47:37.471+0200] {spark_submit.py:521} INFO - 25/06/09 17:47:37 INFO BlockManagerInfo: Added broadcast_7_piece0 in memory on 10.255.255.254:34969 (size: 10.4 KiB, free: 434.3 MiB)
[2025-06-09T17:47:37.472+0200] {spark_submit.py:521} INFO - 25/06/09 17:47:37 INFO SparkContext: Created broadcast 7 from broadcast at DAGScheduler.scala:1585
[2025-06-09T17:47:37.473+0200] {spark_submit.py:521} INFO - 25/06/09 17:47:37 INFO DAGScheduler: Submitting 1 missing tasks from ShuffleMapStage 6 (MapPartitionsRDD[17] at javaToPython at NativeMethodAccessorImpl.java:0) (first 15 tasks are for partitions Vector(0))
[2025-06-09T17:47:37.473+0200] {spark_submit.py:521} INFO - 25/06/09 17:47:37 INFO TaskSchedulerImpl: Adding task set 6.0 with 1 tasks resource profile 0
[2025-06-09T17:47:37.475+0200] {spark_submit.py:521} INFO - 25/06/09 17:47:37 INFO TaskSetManager: Starting task 0.0 in stage 6.0 (TID 5) (10.255.255.254, executor driver, partition 0, PROCESS_LOCAL, 9601 bytes)
[2025-06-09T17:47:37.476+0200] {spark_submit.py:521} INFO - 25/06/09 17:47:37 INFO Executor: Running task 0.0 in stage 6.0 (TID 5)
[2025-06-09T17:47:37.503+0200] {spark_submit.py:521} INFO - 25/06/09 17:47:37 INFO CodeGenerator: Code generated in 9.808491 ms
[2025-06-09T17:47:37.562+0200] {spark_submit.py:521} INFO - 25/06/09 17:47:37 INFO FileScanRDD: Reading File path: file:///home/leoja/airflow/data/Indicators.parquet, range: 0-13095, partition values: [empty row]
[2025-06-09T17:47:37.702+0200] {spark_submit.py:521} INFO - 25/06/09 17:47:37 INFO Executor: Finished task 0.0 in stage 6.0 (TID 5). 1924 bytes result sent to driver
[2025-06-09T17:47:37.705+0200] {spark_submit.py:521} INFO - 25/06/09 17:47:37 INFO TaskSetManager: Finished task 0.0 in stage 6.0 (TID 5) in 231 ms on 10.255.255.254 (executor driver) (1/1)
[2025-06-09T17:47:37.705+0200] {spark_submit.py:521} INFO - 25/06/09 17:47:37 INFO TaskSchedulerImpl: Removed TaskSet 6.0, whose tasks have all completed, from pool
[2025-06-09T17:47:37.707+0200] {spark_submit.py:521} INFO - 25/06/09 17:47:37 INFO DAGScheduler: ShuffleMapStage 6 (javaToPython at NativeMethodAccessorImpl.java:0) finished in 0.251 s
[2025-06-09T17:47:37.707+0200] {spark_submit.py:521} INFO - 25/06/09 17:47:37 INFO DAGScheduler: looking for newly runnable stages
[2025-06-09T17:47:37.707+0200] {spark_submit.py:521} INFO - 25/06/09 17:47:37 INFO DAGScheduler: running: Set()
[2025-06-09T17:47:37.707+0200] {spark_submit.py:521} INFO - 25/06/09 17:47:37 INFO DAGScheduler: waiting: Set()
[2025-06-09T17:47:37.707+0200] {spark_submit.py:521} INFO - 25/06/09 17:47:37 INFO DAGScheduler: failed: Set()
[2025-06-09T17:47:37.817+0200] {spark_submit.py:521} INFO - Aucune nouvelle donnée après 2025-06-30. Pas de réécriture.
[2025-06-09T17:47:37.821+0200] {spark_submit.py:521} INFO - 25/06/09 17:47:37 INFO SparkContext: SparkContext is stopping with exitCode 0.
[2025-06-09T17:47:37.863+0200] {spark_submit.py:521} INFO - 25/06/09 17:47:37 INFO SparkUI: Stopped Spark web UI at http://10.255.255.254:4040
[2025-06-09T17:47:37.890+0200] {spark_submit.py:521} INFO - 25/06/09 17:47:37 INFO MapOutputTrackerMasterEndpoint: MapOutputTrackerMasterEndpoint stopped!
[2025-06-09T17:47:37.939+0200] {spark_submit.py:521} INFO - 25/06/09 17:47:37 INFO MemoryStore: MemoryStore cleared
[2025-06-09T17:47:37.939+0200] {spark_submit.py:521} INFO - 25/06/09 17:47:37 INFO BlockManager: BlockManager stopped
[2025-06-09T17:47:37.943+0200] {spark_submit.py:521} INFO - 25/06/09 17:47:37 INFO BlockManagerMaster: BlockManagerMaster stopped
[2025-06-09T17:47:37.945+0200] {spark_submit.py:521} INFO - 25/06/09 17:47:37 INFO OutputCommitCoordinator$OutputCommitCoordinatorEndpoint: OutputCommitCoordinator stopped!
[2025-06-09T17:47:37.973+0200] {spark_submit.py:521} INFO - 25/06/09 17:47:37 INFO SparkContext: Successfully stopped SparkContext
[2025-06-09T17:47:38.510+0200] {spark_submit.py:521} INFO - 25/06/09 17:47:38 INFO ShutdownHookManager: Shutdown hook called
[2025-06-09T17:47:38.511+0200] {spark_submit.py:521} INFO - 25/06/09 17:47:38 INFO ShutdownHookManager: Deleting directory /tmp/spark-d7185e7b-68d0-4b3c-9b02-8a4834ec7301/pyspark-82c58fe0-d0b5-4aa0-ae94-9bde855b802a
[2025-06-09T17:47:38.517+0200] {spark_submit.py:521} INFO - 25/06/09 17:47:38 INFO ShutdownHookManager: Deleting directory /tmp/spark-9d65b29d-092e-4c0a-a97a-56365b7f3959
[2025-06-09T17:47:38.523+0200] {spark_submit.py:521} INFO - 25/06/09 17:47:38 INFO ShutdownHookManager: Deleting directory /tmp/spark-d7185e7b-68d0-4b3c-9b02-8a4834ec7301
[2025-06-09T17:47:38.588+0200] {taskinstance.py:441} INFO - ::group::Post task execution logs
[2025-06-09T17:47:38.593+0200] {taskinstance.py:1205} INFO - Marking task as SUCCESS. dag_id=macro_trading_dag, task_id=compute_economic_quadrants, execution_date=20250609T154658, start_date=20250609T154719, end_date=20250609T154738
[2025-06-09T17:47:38.619+0200] {local_task_job_runner.py:240} INFO - Task exited with return code 0
[2025-06-09T17:47:38.633+0200] {taskinstance.py:3482} INFO - 1 downstream tasks scheduled from follow-on schedule check
[2025-06-09T17:47:38.639+0200] {local_task_job_runner.py:222} INFO - ::endgroup::
