[2025-06-04T11:06:33.355+0200] {local_task_job_runner.py:120} INFO - ::group::Pre task execution logs
[2025-06-04T11:06:33.367+0200] {taskinstance.py:2073} INFO - Dependencies all met for dep_context=non-requeueable deps ti=<TaskInstance: macro_trading_dag.fetch_data manual__2025-06-04T09:06:30.189214+00:00 [queued]>
[2025-06-04T11:06:33.371+0200] {taskinstance.py:2073} INFO - Dependencies all met for dep_context=requeueable deps ti=<TaskInstance: macro_trading_dag.fetch_data manual__2025-06-04T09:06:30.189214+00:00 [queued]>
[2025-06-04T11:06:33.371+0200] {taskinstance.py:2303} INFO - Starting attempt 1 of 3
[2025-06-04T11:06:33.388+0200] {taskinstance.py:2327} INFO - Executing <Task(PythonOperator): fetch_data> on 2025-06-04 09:06:30.189214+00:00
[2025-06-04T11:06:33.396+0200] {standard_task_runner.py:90} INFO - Running: ['airflow', 'tasks', 'run', 'macro_trading_dag', 'fetch_data', 'manual__2025-06-04T09:06:30.189214+00:00', '--job-id', '214', '--raw', '--subdir', 'DAGS_FOLDER/macro_trading_dag.py', '--cfg-path', '/tmp/tmpcej0tq9f']
[2025-06-04T11:06:33.397+0200] {standard_task_runner.py:91} INFO - Job 214: Subtask fetch_data
[2025-06-04T11:06:33.403+0200] {logging_mixin.py:188} WARNING - /home/leoja/airflow/airflow_venv/lib/python3.12/site-packages/airflow/task/task_runner/standard_task_runner.py:61 DeprecationWarning: This process (pid=334450) is multi-threaded, use of fork() may lead to deadlocks in the child.
[2025-06-04T11:06:33.404+0200] {standard_task_runner.py:63} INFO - Started process 334460 to run task
[2025-06-04T11:06:33.435+0200] {task_command.py:426} INFO - Running <TaskInstance: macro_trading_dag.fetch_data manual__2025-06-04T09:06:30.189214+00:00 [running]> on host N15I711-16GR512.localdomain
[2025-06-04T11:06:33.493+0200] {taskinstance.py:2644} INFO - Exporting env vars: AIRFLOW_CTX_DAG_OWNER='airflow' AIRFLOW_CTX_DAG_ID='macro_trading_dag' AIRFLOW_CTX_TASK_ID='fetch_data' AIRFLOW_CTX_EXECUTION_DATE='2025-06-04T09:06:30.189214+00:00' AIRFLOW_CTX_TRY_NUMBER='1' AIRFLOW_CTX_DAG_RUN_ID='manual__2025-06-04T09:06:30.189214+00:00'
[2025-06-04T11:06:33.494+0200] {taskinstance.py:430} INFO - ::endgroup::
[2025-06-04T11:06:33.774+0200] {logging_mixin.py:188} INFO - Données mises à jour pour INFLATION (CPIAUCSL)
[2025-06-04T11:06:34.035+0200] {logging_mixin.py:188} INFO - Données mises à jour pour UNEMPLOYMENT (UNRATE)
[2025-06-04T11:06:34.252+0200] {logging_mixin.py:188} INFO - Aucune nouvelle donnée pour High_Yield_Bond_SPREAD (BAMLH0A0HYM2)
[2025-06-04T11:06:34.486+0200] {logging_mixin.py:188} INFO - Aucune nouvelle donnée pour 10-2Year_Treasury_Yield_Bond (T10Y2Y)
[2025-06-04T11:06:34.690+0200] {logging_mixin.py:188} INFO - Données mises à jour pour CONSUMER_SENTIMENT (UMCSENT)
[2025-06-04T11:06:34.894+0200] {logging_mixin.py:188} INFO - Aucune nouvelle donnée pour BARREL PETROL (DCOILBRENTEU)
[2025-06-04T11:06:35.120+0200] {logging_mixin.py:188} INFO - Données mises à jour pour PIB_GROWTH (A191RL1Q225SBEA)
[2025-06-04T11:06:35.316+0200] {logging_mixin.py:188} INFO - Données mises à jour pour S&P500(LARGE CAP) (SP500)
[2025-06-04T11:06:35.438+0200] {logging_mixin.py:188} INFO - Données mises à jour pour GOLD_OZ_USD (GOLD_OZ_USD)
[2025-06-04T11:06:35.605+0200] {logging_mixin.py:188} INFO - Données mises à jour pour RUSSELL2000(Small CAP) (SmallCAP)
[2025-06-04T11:06:35.729+0200] {logging_mixin.py:188} INFO - Données mises à jour pour REITs(Immobilier US) (US_REIT_VNQ)
[2025-06-04T11:06:35.920+0200] {logging_mixin.py:188} INFO - Données mises à jour pour US_TREASURY_10Y (TREASURY_10Y)
[2025-06-04T11:06:35.920+0200] {python.py:237} INFO - Done. Returned value was: None
[2025-06-04T11:06:35.920+0200] {taskinstance.py:441} INFO - ::group::Post task execution logs
[2025-06-04T11:06:35.923+0200] {taskinstance.py:1205} INFO - Marking task as SUCCESS. dag_id=macro_trading_dag, task_id=fetch_data, execution_date=20250604T090630, start_date=20250604T090633, end_date=20250604T090635
[2025-06-04T11:06:35.959+0200] {local_task_job_runner.py:240} INFO - Task exited with return code 0
[2025-06-04T11:06:35.974+0200] {taskinstance.py:3482} INFO - 2 downstream tasks scheduled from follow-on schedule check
[2025-06-04T11:06:35.981+0200] {local_task_job_runner.py:222} INFO - ::endgroup::
