[2025-05-28T14:53:25.899+0200] {local_task_job_runner.py:120} INFO - ::group::Pre task execution logs
[2025-05-28T14:53:25.913+0200] {taskinstance.py:2073} INFO - Dependencies all met for dep_context=non-requeueable deps ti=<TaskInstance: macro_trading_dag.fetch_fred_data manual__2025-05-27T17:49:38.600003+00:00 [queued]>
[2025-05-28T14:53:25.917+0200] {taskinstance.py:2073} INFO - Dependencies all met for dep_context=requeueable deps ti=<TaskInstance: macro_trading_dag.fetch_fred_data manual__2025-05-27T17:49:38.600003+00:00 [queued]>
[2025-05-28T14:53:25.917+0200] {taskinstance.py:2303} INFO - Starting attempt 1 of 3
[2025-05-28T14:53:25.934+0200] {taskinstance.py:2327} INFO - Executing <Task(PythonOperator): fetch_fred_data> on 2025-05-27 17:49:38.600003+00:00
[2025-05-28T14:53:25.943+0200] {standard_task_runner.py:90} INFO - Running: ['airflow', 'tasks', 'run', 'macro_trading_dag', 'fetch_fred_data', 'manual__2025-05-27T17:49:38.600003+00:00', '--job-id', '63', '--raw', '--subdir', 'DAGS_FOLDER/macro_trading_dag.py', '--cfg-path', '/tmp/tmplktlyvbe']
[2025-05-28T14:53:25.944+0200] {standard_task_runner.py:91} INFO - Job 63: Subtask fetch_fred_data
[2025-05-28T14:53:25.947+0200] {logging_mixin.py:188} WARNING - /home/leoja/airflow/airflow_venv/lib/python3.12/site-packages/airflow/task/task_runner/standard_task_runner.py:61 DeprecationWarning: This process (pid=4212) is multi-threaded, use of fork() may lead to deadlocks in the child.
[2025-05-28T14:53:25.948+0200] {standard_task_runner.py:63} INFO - Started process 4244 to run task
[2025-05-28T14:53:25.984+0200] {task_command.py:426} INFO - Running <TaskInstance: macro_trading_dag.fetch_fred_data manual__2025-05-27T17:49:38.600003+00:00 [running]> on host N15I711-16GR512.localdomain
[2025-05-28T14:53:26.032+0200] {taskinstance.py:2644} INFO - Exporting env vars: AIRFLOW_CTX_DAG_OWNER='airflow' AIRFLOW_CTX_DAG_ID='macro_trading_dag' AIRFLOW_CTX_TASK_ID='fetch_fred_data' AIRFLOW_CTX_EXECUTION_DATE='2025-05-27T17:49:38.600003+00:00' AIRFLOW_CTX_TRY_NUMBER='1' AIRFLOW_CTX_DAG_RUN_ID='manual__2025-05-27T17:49:38.600003+00:00'
[2025-05-28T14:53:26.033+0200] {taskinstance.py:430} INFO - ::endgroup::
[2025-05-28T14:53:26.255+0200] {logging_mixin.py:188} INFO - Aucune nouvelle donnée pour SP500 (SP500)
[2025-05-28T14:53:26.472+0200] {logging_mixin.py:188} INFO - Données mises à jour pour INFLATION (CPIAUCSL)
[2025-05-28T14:53:26.724+0200] {logging_mixin.py:188} INFO - Données mises à jour pour UNEMPLOYMENT (UNRATE)
[2025-05-28T14:53:26.916+0200] {logging_mixin.py:188} INFO - Aucune nouvelle donnée pour HY_SPREAD (BAMLH0A0HYM2)
[2025-05-28T14:53:27.120+0200] {logging_mixin.py:188} INFO - Aucune nouvelle donnée pour LONG_SPREAD (T10Y2Y)
[2025-05-28T14:53:27.325+0200] {logging_mixin.py:188} INFO - Données mises à jour pour CONSUMER_SENTIMENT (UMCSENT)
[2025-05-28T14:53:27.535+0200] {logging_mixin.py:188} INFO - Aucune nouvelle donnée pour BARREL PETROL (DCOILBRENTEU)
[2025-05-28T14:53:27.536+0200] {python.py:237} INFO - Done. Returned value was: None
[2025-05-28T14:53:27.537+0200] {taskinstance.py:441} INFO - ::group::Post task execution logs
[2025-05-28T14:53:27.544+0200] {taskinstance.py:1205} INFO - Marking task as SUCCESS. dag_id=macro_trading_dag, task_id=fetch_fred_data, execution_date=20250527T174938, start_date=20250528T125325, end_date=20250528T125327
[2025-05-28T14:53:27.572+0200] {local_task_job_runner.py:240} INFO - Task exited with return code 0
[2025-05-28T14:53:27.583+0200] {taskinstance.py:3482} INFO - 0 downstream tasks scheduled from follow-on schedule check
[2025-05-28T14:53:27.583+0200] {local_task_job_runner.py:222} INFO - ::endgroup::
