[2025-06-09T17:47:01.636+0200] {local_task_job_runner.py:120} INFO - ::group::Pre task execution logs
[2025-06-09T17:47:01.648+0200] {taskinstance.py:2073} INFO - Dependencies all met for dep_context=non-requeueable deps ti=<TaskInstance: macro_trading_dag.fetch_data manual__2025-06-09T15:46:58.167535+00:00 [queued]>
[2025-06-09T17:47:01.651+0200] {taskinstance.py:2073} INFO - Dependencies all met for dep_context=requeueable deps ti=<TaskInstance: macro_trading_dag.fetch_data manual__2025-06-09T15:46:58.167535+00:00 [queued]>
[2025-06-09T17:47:01.652+0200] {taskinstance.py:2303} INFO - Starting attempt 1 of 3
[2025-06-09T17:47:01.665+0200] {taskinstance.py:2327} INFO - Executing <Task(PythonOperator): fetch_data> on 2025-06-09 15:46:58.167535+00:00
[2025-06-09T17:47:01.674+0200] {standard_task_runner.py:90} INFO - Running: ['airflow', 'tasks', 'run', 'macro_trading_dag', 'fetch_data', 'manual__2025-06-09T15:46:58.167535+00:00', '--job-id', '374', '--raw', '--subdir', 'DAGS_FOLDER/macro_trading_dag.py', '--cfg-path', '/tmp/tmpzy89waeu']
[2025-06-09T17:47:01.675+0200] {standard_task_runner.py:91} INFO - Job 374: Subtask fetch_data
[2025-06-09T17:47:01.682+0200] {logging_mixin.py:188} WARNING - /home/leoja/airflow/airflow_venv/lib/python3.12/site-packages/airflow/task/task_runner/standard_task_runner.py:61 DeprecationWarning: This process (pid=43847) is multi-threaded, use of fork() may lead to deadlocks in the child.
[2025-06-09T17:47:01.682+0200] {standard_task_runner.py:63} INFO - Started process 43857 to run task
[2025-06-09T17:47:01.715+0200] {task_command.py:426} INFO - Running <TaskInstance: macro_trading_dag.fetch_data manual__2025-06-09T15:46:58.167535+00:00 [running]> on host N15I711-16GR512.localdomain
[2025-06-09T17:47:01.778+0200] {taskinstance.py:2644} INFO - Exporting env vars: AIRFLOW_CTX_DAG_OWNER='airflow' AIRFLOW_CTX_DAG_ID='macro_trading_dag' AIRFLOW_CTX_TASK_ID='fetch_data' AIRFLOW_CTX_EXECUTION_DATE='2025-06-09T15:46:58.167535+00:00' AIRFLOW_CTX_TRY_NUMBER='1' AIRFLOW_CTX_DAG_RUN_ID='manual__2025-06-09T15:46:58.167535+00:00'
[2025-06-09T17:47:01.780+0200] {taskinstance.py:430} INFO - ::endgroup::
[2025-06-09T17:47:02.347+0200] {logging_mixin.py:188} INFO - Données mises à jour pour INFLATION (CPIAUCSL)
[2025-06-09T17:47:02.558+0200] {logging_mixin.py:188} INFO - Données mises à jour pour UNEMPLOYMENT (UNRATE)
[2025-06-09T17:47:02.779+0200] {logging_mixin.py:188} INFO - Données mises à jour pour High_Yield_Bond_SPREAD (BAMLH0A0HYM2)
[2025-06-09T17:47:03.145+0200] {logging_mixin.py:188} INFO - Aucune nouvelle donnée pour 10-2Year_Treasury_Yield_Bond (T10Y2Y)
[2025-06-09T17:47:03.418+0200] {logging_mixin.py:188} INFO - Données mises à jour pour CONSUMER_SENTIMENT (UMCSENT)
[2025-06-09T17:47:03.741+0200] {logging_mixin.py:188} INFO - Aucune nouvelle donnée pour BARREL PETROL (DCOILBRENTEU)
[2025-06-09T17:47:04.011+0200] {logging_mixin.py:188} INFO - Données mises à jour pour TAUX_FED (FEDFUNDS)
[2025-06-09T17:47:04.281+0200] {multi.py:184} ERROR - 
1 Failed download:
[2025-06-09T17:47:04.281+0200] {multi.py:197} ERROR - ['^GSPC']: YFPricesMissingError('possibly delisted; no price data found  (1d 2025-06-07 00:00:00 -> 2025-06-08 17:47:04.021565)')
[2025-06-09T17:47:04.304+0200] {logging_mixin.py:188} INFO - Aucune nouvelle donnée pour S&P500(LARGE CAP) (SP500)
[2025-06-09T17:47:04.385+0200] {multi.py:184} ERROR - 
1 Failed download:
[2025-06-09T17:47:04.386+0200] {multi.py:197} ERROR - ['GC=F']: YFPricesMissingError('possibly delisted; no price data found  (1d 2025-06-07 00:00:00 -> 2025-06-08 17:47:04.312851)')
[2025-06-09T17:47:04.388+0200] {logging_mixin.py:188} INFO - Aucune nouvelle donnée pour GOLD_OZ_USD (GOLD_OZ_USD)
[2025-06-09T17:47:04.509+0200] {multi.py:184} ERROR - 
1 Failed download:
[2025-06-09T17:47:04.510+0200] {multi.py:197} ERROR - ['IWM']: YFPricesMissingError('possibly delisted; no price data found  (1d 2025-06-07 00:00:00 -> 2025-06-08 17:47:04.395425)')
[2025-06-09T17:47:04.513+0200] {logging_mixin.py:188} INFO - Aucune nouvelle donnée pour RUSSELL2000(Small CAP) (SmallCAP)
[2025-06-09T17:47:04.635+0200] {multi.py:184} ERROR - 
1 Failed download:
[2025-06-09T17:47:04.635+0200] {multi.py:197} ERROR - ['VNQ']: YFPricesMissingError('possibly delisted; no price data found  (1d 2025-06-07 00:00:00 -> 2025-06-08 17:47:04.522423)')
[2025-06-09T17:47:04.639+0200] {logging_mixin.py:188} INFO - Aucune nouvelle donnée pour REITs(Immobilier US) (US_REIT_VNQ)
[2025-06-09T17:47:04.799+0200] {multi.py:184} ERROR - 
1 Failed download:
[2025-06-09T17:47:04.799+0200] {multi.py:197} ERROR - ['IEF']: YFPricesMissingError('possibly delisted; no price data found  (1d 2025-06-07 00:00:00 -> 2025-06-08 17:47:04.655169)')
[2025-06-09T17:47:04.804+0200] {logging_mixin.py:188} INFO - Aucune nouvelle donnée pour US_TREASURY_10Y (TREASURY_10Y)
[2025-06-09T17:47:04.805+0200] {python.py:237} INFO - Done. Returned value was: None
[2025-06-09T17:47:04.805+0200] {taskinstance.py:441} INFO - ::group::Post task execution logs
[2025-06-09T17:47:04.851+0200] {taskinstance.py:1205} INFO - Marking task as SUCCESS. dag_id=macro_trading_dag, task_id=fetch_data, execution_date=20250609T154658, start_date=20250609T154701, end_date=20250609T154704
[2025-06-09T17:47:04.983+0200] {local_task_job_runner.py:240} INFO - Task exited with return code 0
[2025-06-09T17:47:05.024+0200] {taskinstance.py:3482} INFO - 2 downstream tasks scheduled from follow-on schedule check
[2025-06-09T17:47:05.031+0200] {local_task_job_runner.py:222} INFO - ::endgroup::
