[2025-05-31T23:51:36.031+0200] {processor.py:161} INFO - Started process (PID=133099) to work on /home/leoja/airflow/airflow_venv/lib/python3.12/site-packages/airflow/example_dags/subdags/subdag.py
[2025-05-31T23:51:36.031+0200] {processor.py:830} INFO - Processing file /home/leoja/airflow/airflow_venv/lib/python3.12/site-packages/airflow/example_dags/subdags/subdag.py for tasks to queue
[2025-05-31T23:51:36.032+0200] {logging_mixin.py:188} INFO - [2025-05-31T23:51:36.032+0200] {dagbag.py:540} INFO - Filling up the DagBag from /home/leoja/airflow/airflow_venv/lib/python3.12/site-packages/airflow/example_dags/subdags/subdag.py
[2025-05-31T23:51:36.034+0200] {processor.py:842} WARNING - No viable dags retrieved from /home/leoja/airflow/airflow_venv/lib/python3.12/site-packages/airflow/example_dags/subdags/subdag.py
[2025-05-31T23:51:36.042+0200] {processor.py:183} INFO - Processing /home/leoja/airflow/airflow_venv/lib/python3.12/site-packages/airflow/example_dags/subdags/subdag.py took 0.016 seconds
[2025-05-31T23:52:32.360+0200] {processor.py:161} INFO - Started process (PID=133307) to work on /home/leoja/airflow/airflow_venv/lib/python3.12/site-packages/airflow/example_dags/subdags/subdag.py
[2025-05-31T23:52:32.362+0200] {processor.py:830} INFO - Processing file /home/leoja/airflow/airflow_venv/lib/python3.12/site-packages/airflow/example_dags/subdags/subdag.py for tasks to queue
[2025-05-31T23:52:32.363+0200] {logging_mixin.py:188} INFO - [2025-05-31T23:52:32.363+0200] {dagbag.py:540} INFO - Filling up the DagBag from /home/leoja/airflow/airflow_venv/lib/python3.12/site-packages/airflow/example_dags/subdags/subdag.py
[2025-05-31T23:52:32.366+0200] {processor.py:842} WARNING - No viable dags retrieved from /home/leoja/airflow/airflow_venv/lib/python3.12/site-packages/airflow/example_dags/subdags/subdag.py
[2025-05-31T23:52:32.374+0200] {processor.py:183} INFO - Processing /home/leoja/airflow/airflow_venv/lib/python3.12/site-packages/airflow/example_dags/subdags/subdag.py took 0.020 seconds
[2025-05-31T23:53:27.871+0200] {processor.py:161} INFO - Started process (PID=133492) to work on /home/leoja/airflow/airflow_venv/lib/python3.12/site-packages/airflow/example_dags/subdags/subdag.py
[2025-05-31T23:53:27.876+0200] {processor.py:830} INFO - Processing file /home/leoja/airflow/airflow_venv/lib/python3.12/site-packages/airflow/example_dags/subdags/subdag.py for tasks to queue
[2025-05-31T23:53:27.877+0200] {logging_mixin.py:188} INFO - [2025-05-31T23:53:27.877+0200] {dagbag.py:540} INFO - Filling up the DagBag from /home/leoja/airflow/airflow_venv/lib/python3.12/site-packages/airflow/example_dags/subdags/subdag.py
[2025-05-31T23:53:27.879+0200] {processor.py:842} WARNING - No viable dags retrieved from /home/leoja/airflow/airflow_venv/lib/python3.12/site-packages/airflow/example_dags/subdags/subdag.py
[2025-05-31T23:53:27.888+0200] {processor.py:183} INFO - Processing /home/leoja/airflow/airflow_venv/lib/python3.12/site-packages/airflow/example_dags/subdags/subdag.py took 0.024 seconds
[2025-05-31T23:54:43.206+0200] {processor.py:161} INFO - Started process (PID=133770) to work on /home/leoja/airflow/airflow_venv/lib/python3.12/site-packages/airflow/example_dags/subdags/subdag.py
[2025-05-31T23:54:43.208+0200] {processor.py:830} INFO - Processing file /home/leoja/airflow/airflow_venv/lib/python3.12/site-packages/airflow/example_dags/subdags/subdag.py for tasks to queue
[2025-05-31T23:54:43.208+0200] {logging_mixin.py:188} INFO - [2025-05-31T23:54:43.208+0200] {dagbag.py:540} INFO - Filling up the DagBag from /home/leoja/airflow/airflow_venv/lib/python3.12/site-packages/airflow/example_dags/subdags/subdag.py
[2025-05-31T23:54:43.211+0200] {processor.py:842} WARNING - No viable dags retrieved from /home/leoja/airflow/airflow_venv/lib/python3.12/site-packages/airflow/example_dags/subdags/subdag.py
[2025-05-31T23:54:43.219+0200] {processor.py:183} INFO - Processing /home/leoja/airflow/airflow_venv/lib/python3.12/site-packages/airflow/example_dags/subdags/subdag.py took 0.020 seconds
[2025-05-31T23:55:38.079+0200] {processor.py:161} INFO - Started process (PID=133955) to work on /home/leoja/airflow/airflow_venv/lib/python3.12/site-packages/airflow/example_dags/subdags/subdag.py
[2025-05-31T23:55:38.080+0200] {processor.py:830} INFO - Processing file /home/leoja/airflow/airflow_venv/lib/python3.12/site-packages/airflow/example_dags/subdags/subdag.py for tasks to queue
[2025-05-31T23:55:38.081+0200] {logging_mixin.py:188} INFO - [2025-05-31T23:55:38.080+0200] {dagbag.py:540} INFO - Filling up the DagBag from /home/leoja/airflow/airflow_venv/lib/python3.12/site-packages/airflow/example_dags/subdags/subdag.py
[2025-05-31T23:55:38.083+0200] {processor.py:842} WARNING - No viable dags retrieved from /home/leoja/airflow/airflow_venv/lib/python3.12/site-packages/airflow/example_dags/subdags/subdag.py
[2025-05-31T23:55:38.094+0200] {processor.py:183} INFO - Processing /home/leoja/airflow/airflow_venv/lib/python3.12/site-packages/airflow/example_dags/subdags/subdag.py took 0.022 seconds
[2025-05-31T23:56:32.109+0200] {processor.py:161} INFO - Started process (PID=134158) to work on /home/leoja/airflow/airflow_venv/lib/python3.12/site-packages/airflow/example_dags/subdags/subdag.py
[2025-05-31T23:56:32.110+0200] {processor.py:830} INFO - Processing file /home/leoja/airflow/airflow_venv/lib/python3.12/site-packages/airflow/example_dags/subdags/subdag.py for tasks to queue
[2025-05-31T23:56:32.112+0200] {logging_mixin.py:188} INFO - [2025-05-31T23:56:32.111+0200] {dagbag.py:540} INFO - Filling up the DagBag from /home/leoja/airflow/airflow_venv/lib/python3.12/site-packages/airflow/example_dags/subdags/subdag.py
[2025-05-31T23:56:32.114+0200] {processor.py:842} WARNING - No viable dags retrieved from /home/leoja/airflow/airflow_venv/lib/python3.12/site-packages/airflow/example_dags/subdags/subdag.py
[2025-05-31T23:56:32.125+0200] {processor.py:183} INFO - Processing /home/leoja/airflow/airflow_venv/lib/python3.12/site-packages/airflow/example_dags/subdags/subdag.py took 0.021 seconds
[2025-05-31T23:57:23.640+0200] {processor.py:161} INFO - Started process (PID=134345) to work on /home/leoja/airflow/airflow_venv/lib/python3.12/site-packages/airflow/example_dags/subdags/subdag.py
[2025-05-31T23:57:23.641+0200] {processor.py:830} INFO - Processing file /home/leoja/airflow/airflow_venv/lib/python3.12/site-packages/airflow/example_dags/subdags/subdag.py for tasks to queue
[2025-05-31T23:57:23.642+0200] {logging_mixin.py:188} INFO - [2025-05-31T23:57:23.641+0200] {dagbag.py:540} INFO - Filling up the DagBag from /home/leoja/airflow/airflow_venv/lib/python3.12/site-packages/airflow/example_dags/subdags/subdag.py
[2025-05-31T23:57:23.644+0200] {processor.py:842} WARNING - No viable dags retrieved from /home/leoja/airflow/airflow_venv/lib/python3.12/site-packages/airflow/example_dags/subdags/subdag.py
[2025-05-31T23:57:23.653+0200] {processor.py:183} INFO - Processing /home/leoja/airflow/airflow_venv/lib/python3.12/site-packages/airflow/example_dags/subdags/subdag.py took 0.019 seconds
[2025-05-31T23:58:40.571+0200] {processor.py:161} INFO - Started process (PID=134604) to work on /home/leoja/airflow/airflow_venv/lib/python3.12/site-packages/airflow/example_dags/subdags/subdag.py
[2025-05-31T23:58:40.572+0200] {processor.py:830} INFO - Processing file /home/leoja/airflow/airflow_venv/lib/python3.12/site-packages/airflow/example_dags/subdags/subdag.py for tasks to queue
[2025-05-31T23:58:40.573+0200] {logging_mixin.py:188} INFO - [2025-05-31T23:58:40.572+0200] {dagbag.py:540} INFO - Filling up the DagBag from /home/leoja/airflow/airflow_venv/lib/python3.12/site-packages/airflow/example_dags/subdags/subdag.py
[2025-05-31T23:58:40.574+0200] {processor.py:842} WARNING - No viable dags retrieved from /home/leoja/airflow/airflow_venv/lib/python3.12/site-packages/airflow/example_dags/subdags/subdag.py
[2025-05-31T23:58:40.584+0200] {processor.py:183} INFO - Processing /home/leoja/airflow/airflow_venv/lib/python3.12/site-packages/airflow/example_dags/subdags/subdag.py took 0.018 seconds
[2025-05-31T23:59:39.621+0200] {processor.py:161} INFO - Started process (PID=134811) to work on /home/leoja/airflow/airflow_venv/lib/python3.12/site-packages/airflow/example_dags/subdags/subdag.py
[2025-05-31T23:59:39.622+0200] {processor.py:830} INFO - Processing file /home/leoja/airflow/airflow_venv/lib/python3.12/site-packages/airflow/example_dags/subdags/subdag.py for tasks to queue
[2025-05-31T23:59:39.623+0200] {logging_mixin.py:188} INFO - [2025-05-31T23:59:39.623+0200] {dagbag.py:540} INFO - Filling up the DagBag from /home/leoja/airflow/airflow_venv/lib/python3.12/site-packages/airflow/example_dags/subdags/subdag.py
[2025-05-31T23:59:39.625+0200] {processor.py:842} WARNING - No viable dags retrieved from /home/leoja/airflow/airflow_venv/lib/python3.12/site-packages/airflow/example_dags/subdags/subdag.py
[2025-05-31T23:59:39.633+0200] {processor.py:183} INFO - Processing /home/leoja/airflow/airflow_venv/lib/python3.12/site-packages/airflow/example_dags/subdags/subdag.py took 0.017 seconds
[2025-06-01T00:00:35.690+0200] {processor.py:161} INFO - Started process (PID=135057) to work on /home/leoja/airflow/airflow_venv/lib/python3.12/site-packages/airflow/example_dags/subdags/subdag.py
[2025-06-01T00:00:35.692+0200] {processor.py:830} INFO - Processing file /home/leoja/airflow/airflow_venv/lib/python3.12/site-packages/airflow/example_dags/subdags/subdag.py for tasks to queue
[2025-06-01T00:00:35.694+0200] {logging_mixin.py:188} INFO - [2025-06-01T00:00:35.693+0200] {dagbag.py:540} INFO - Filling up the DagBag from /home/leoja/airflow/airflow_venv/lib/python3.12/site-packages/airflow/example_dags/subdags/subdag.py
[2025-06-01T00:00:35.696+0200] {processor.py:842} WARNING - No viable dags retrieved from /home/leoja/airflow/airflow_venv/lib/python3.12/site-packages/airflow/example_dags/subdags/subdag.py
[2025-06-01T00:00:35.713+0200] {processor.py:183} INFO - Processing /home/leoja/airflow/airflow_venv/lib/python3.12/site-packages/airflow/example_dags/subdags/subdag.py took 0.033 seconds
[2025-06-01T00:01:50.609+0200] {processor.py:161} INFO - Started process (PID=135309) to work on /home/leoja/airflow/airflow_venv/lib/python3.12/site-packages/airflow/example_dags/subdags/subdag.py
[2025-06-01T00:01:50.611+0200] {processor.py:830} INFO - Processing file /home/leoja/airflow/airflow_venv/lib/python3.12/site-packages/airflow/example_dags/subdags/subdag.py for tasks to queue
[2025-06-01T00:01:50.612+0200] {logging_mixin.py:188} INFO - [2025-06-01T00:01:50.611+0200] {dagbag.py:540} INFO - Filling up the DagBag from /home/leoja/airflow/airflow_venv/lib/python3.12/site-packages/airflow/example_dags/subdags/subdag.py
[2025-06-01T00:01:50.614+0200] {processor.py:842} WARNING - No viable dags retrieved from /home/leoja/airflow/airflow_venv/lib/python3.12/site-packages/airflow/example_dags/subdags/subdag.py
[2025-06-01T00:01:50.622+0200] {processor.py:183} INFO - Processing /home/leoja/airflow/airflow_venv/lib/python3.12/site-packages/airflow/example_dags/subdags/subdag.py took 0.019 seconds
[2025-06-01T00:03:05.401+0200] {processor.py:161} INFO - Started process (PID=135596) to work on /home/leoja/airflow/airflow_venv/lib/python3.12/site-packages/airflow/example_dags/subdags/subdag.py
[2025-06-01T00:03:05.403+0200] {processor.py:830} INFO - Processing file /home/leoja/airflow/airflow_venv/lib/python3.12/site-packages/airflow/example_dags/subdags/subdag.py for tasks to queue
[2025-06-01T00:03:05.404+0200] {logging_mixin.py:188} INFO - [2025-06-01T00:03:05.404+0200] {dagbag.py:540} INFO - Filling up the DagBag from /home/leoja/airflow/airflow_venv/lib/python3.12/site-packages/airflow/example_dags/subdags/subdag.py
[2025-06-01T00:03:05.406+0200] {processor.py:842} WARNING - No viable dags retrieved from /home/leoja/airflow/airflow_venv/lib/python3.12/site-packages/airflow/example_dags/subdags/subdag.py
[2025-06-01T00:03:05.415+0200] {processor.py:183} INFO - Processing /home/leoja/airflow/airflow_venv/lib/python3.12/site-packages/airflow/example_dags/subdags/subdag.py took 0.021 seconds
[2025-06-01T00:04:20.447+0200] {processor.py:161} INFO - Started process (PID=135848) to work on /home/leoja/airflow/airflow_venv/lib/python3.12/site-packages/airflow/example_dags/subdags/subdag.py
[2025-06-01T00:04:20.449+0200] {processor.py:830} INFO - Processing file /home/leoja/airflow/airflow_venv/lib/python3.12/site-packages/airflow/example_dags/subdags/subdag.py for tasks to queue
[2025-06-01T00:04:20.450+0200] {logging_mixin.py:188} INFO - [2025-06-01T00:04:20.450+0200] {dagbag.py:540} INFO - Filling up the DagBag from /home/leoja/airflow/airflow_venv/lib/python3.12/site-packages/airflow/example_dags/subdags/subdag.py
[2025-06-01T00:04:20.452+0200] {processor.py:842} WARNING - No viable dags retrieved from /home/leoja/airflow/airflow_venv/lib/python3.12/site-packages/airflow/example_dags/subdags/subdag.py
[2025-06-01T00:04:20.460+0200] {processor.py:183} INFO - Processing /home/leoja/airflow/airflow_venv/lib/python3.12/site-packages/airflow/example_dags/subdags/subdag.py took 0.018 seconds
[2025-06-01T00:05:28.235+0200] {processor.py:161} INFO - Started process (PID=136101) to work on /home/leoja/airflow/airflow_venv/lib/python3.12/site-packages/airflow/example_dags/subdags/subdag.py
[2025-06-01T00:05:28.237+0200] {processor.py:830} INFO - Processing file /home/leoja/airflow/airflow_venv/lib/python3.12/site-packages/airflow/example_dags/subdags/subdag.py for tasks to queue
[2025-06-01T00:05:28.238+0200] {logging_mixin.py:188} INFO - [2025-06-01T00:05:28.237+0200] {dagbag.py:540} INFO - Filling up the DagBag from /home/leoja/airflow/airflow_venv/lib/python3.12/site-packages/airflow/example_dags/subdags/subdag.py
[2025-06-01T00:05:28.240+0200] {processor.py:842} WARNING - No viable dags retrieved from /home/leoja/airflow/airflow_venv/lib/python3.12/site-packages/airflow/example_dags/subdags/subdag.py
[2025-06-01T00:05:28.249+0200] {processor.py:183} INFO - Processing /home/leoja/airflow/airflow_venv/lib/python3.12/site-packages/airflow/example_dags/subdags/subdag.py took 0.018 seconds
[2025-06-01T00:06:43.650+0200] {processor.py:161} INFO - Started process (PID=136354) to work on /home/leoja/airflow/airflow_venv/lib/python3.12/site-packages/airflow/example_dags/subdags/subdag.py
[2025-06-01T00:06:43.651+0200] {processor.py:830} INFO - Processing file /home/leoja/airflow/airflow_venv/lib/python3.12/site-packages/airflow/example_dags/subdags/subdag.py for tasks to queue
[2025-06-01T00:06:43.652+0200] {logging_mixin.py:188} INFO - [2025-06-01T00:06:43.652+0200] {dagbag.py:540} INFO - Filling up the DagBag from /home/leoja/airflow/airflow_venv/lib/python3.12/site-packages/airflow/example_dags/subdags/subdag.py
[2025-06-01T00:06:43.654+0200] {processor.py:842} WARNING - No viable dags retrieved from /home/leoja/airflow/airflow_venv/lib/python3.12/site-packages/airflow/example_dags/subdags/subdag.py
[2025-06-01T00:06:43.665+0200] {processor.py:183} INFO - Processing /home/leoja/airflow/airflow_venv/lib/python3.12/site-packages/airflow/example_dags/subdags/subdag.py took 0.020 seconds
[2025-06-01T00:08:02.544+0200] {processor.py:161} INFO - Started process (PID=136644) to work on /home/leoja/airflow/airflow_venv/lib/python3.12/site-packages/airflow/example_dags/subdags/subdag.py
[2025-06-01T00:08:02.546+0200] {processor.py:830} INFO - Processing file /home/leoja/airflow/airflow_venv/lib/python3.12/site-packages/airflow/example_dags/subdags/subdag.py for tasks to queue
[2025-06-01T00:08:02.547+0200] {logging_mixin.py:188} INFO - [2025-06-01T00:08:02.546+0200] {dagbag.py:540} INFO - Filling up the DagBag from /home/leoja/airflow/airflow_venv/lib/python3.12/site-packages/airflow/example_dags/subdags/subdag.py
[2025-06-01T00:08:02.549+0200] {processor.py:842} WARNING - No viable dags retrieved from /home/leoja/airflow/airflow_venv/lib/python3.12/site-packages/airflow/example_dags/subdags/subdag.py
[2025-06-01T00:08:02.559+0200] {processor.py:183} INFO - Processing /home/leoja/airflow/airflow_venv/lib/python3.12/site-packages/airflow/example_dags/subdags/subdag.py took 0.022 seconds
[2025-06-01T00:09:13.931+0200] {processor.py:161} INFO - Started process (PID=136895) to work on /home/leoja/airflow/airflow_venv/lib/python3.12/site-packages/airflow/example_dags/subdags/subdag.py
[2025-06-01T00:09:13.932+0200] {processor.py:830} INFO - Processing file /home/leoja/airflow/airflow_venv/lib/python3.12/site-packages/airflow/example_dags/subdags/subdag.py for tasks to queue
[2025-06-01T00:09:13.933+0200] {logging_mixin.py:188} INFO - [2025-06-01T00:09:13.932+0200] {dagbag.py:540} INFO - Filling up the DagBag from /home/leoja/airflow/airflow_venv/lib/python3.12/site-packages/airflow/example_dags/subdags/subdag.py
[2025-06-01T00:09:13.934+0200] {processor.py:842} WARNING - No viable dags retrieved from /home/leoja/airflow/airflow_venv/lib/python3.12/site-packages/airflow/example_dags/subdags/subdag.py
[2025-06-01T00:09:13.943+0200] {processor.py:183} INFO - Processing /home/leoja/airflow/airflow_venv/lib/python3.12/site-packages/airflow/example_dags/subdags/subdag.py took 0.017 seconds
[2025-06-01T00:10:26.278+0200] {processor.py:161} INFO - Started process (PID=137173) to work on /home/leoja/airflow/airflow_venv/lib/python3.12/site-packages/airflow/example_dags/subdags/subdag.py
[2025-06-01T00:10:26.280+0200] {processor.py:830} INFO - Processing file /home/leoja/airflow/airflow_venv/lib/python3.12/site-packages/airflow/example_dags/subdags/subdag.py for tasks to queue
[2025-06-01T00:10:26.280+0200] {logging_mixin.py:188} INFO - [2025-06-01T00:10:26.280+0200] {dagbag.py:540} INFO - Filling up the DagBag from /home/leoja/airflow/airflow_venv/lib/python3.12/site-packages/airflow/example_dags/subdags/subdag.py
[2025-06-01T00:10:26.282+0200] {processor.py:842} WARNING - No viable dags retrieved from /home/leoja/airflow/airflow_venv/lib/python3.12/site-packages/airflow/example_dags/subdags/subdag.py
[2025-06-01T00:10:26.294+0200] {processor.py:183} INFO - Processing /home/leoja/airflow/airflow_venv/lib/python3.12/site-packages/airflow/example_dags/subdags/subdag.py took 0.022 seconds
[2025-06-01T00:11:40.009+0200] {processor.py:161} INFO - Started process (PID=137424) to work on /home/leoja/airflow/airflow_venv/lib/python3.12/site-packages/airflow/example_dags/subdags/subdag.py
[2025-06-01T00:11:40.010+0200] {processor.py:830} INFO - Processing file /home/leoja/airflow/airflow_venv/lib/python3.12/site-packages/airflow/example_dags/subdags/subdag.py for tasks to queue
[2025-06-01T00:11:40.011+0200] {logging_mixin.py:188} INFO - [2025-06-01T00:11:40.011+0200] {dagbag.py:540} INFO - Filling up the DagBag from /home/leoja/airflow/airflow_venv/lib/python3.12/site-packages/airflow/example_dags/subdags/subdag.py
[2025-06-01T00:11:40.012+0200] {processor.py:842} WARNING - No viable dags retrieved from /home/leoja/airflow/airflow_venv/lib/python3.12/site-packages/airflow/example_dags/subdags/subdag.py
[2025-06-01T00:11:40.020+0200] {processor.py:183} INFO - Processing /home/leoja/airflow/airflow_venv/lib/python3.12/site-packages/airflow/example_dags/subdags/subdag.py took 0.016 seconds
[2025-06-01T00:12:55.174+0200] {processor.py:161} INFO - Started process (PID=137679) to work on /home/leoja/airflow/airflow_venv/lib/python3.12/site-packages/airflow/example_dags/subdags/subdag.py
[2025-06-01T00:12:55.175+0200] {processor.py:830} INFO - Processing file /home/leoja/airflow/airflow_venv/lib/python3.12/site-packages/airflow/example_dags/subdags/subdag.py for tasks to queue
[2025-06-01T00:12:55.176+0200] {logging_mixin.py:188} INFO - [2025-06-01T00:12:55.176+0200] {dagbag.py:540} INFO - Filling up the DagBag from /home/leoja/airflow/airflow_venv/lib/python3.12/site-packages/airflow/example_dags/subdags/subdag.py
[2025-06-01T00:12:55.179+0200] {processor.py:842} WARNING - No viable dags retrieved from /home/leoja/airflow/airflow_venv/lib/python3.12/site-packages/airflow/example_dags/subdags/subdag.py
[2025-06-01T00:12:55.188+0200] {processor.py:183} INFO - Processing /home/leoja/airflow/airflow_venv/lib/python3.12/site-packages/airflow/example_dags/subdags/subdag.py took 0.021 seconds
[2025-06-01T00:13:49.452+0200] {processor.py:161} INFO - Started process (PID=137887) to work on /home/leoja/airflow/airflow_venv/lib/python3.12/site-packages/airflow/example_dags/subdags/subdag.py
[2025-06-01T00:13:49.454+0200] {processor.py:830} INFO - Processing file /home/leoja/airflow/airflow_venv/lib/python3.12/site-packages/airflow/example_dags/subdags/subdag.py for tasks to queue
[2025-06-01T00:13:49.454+0200] {logging_mixin.py:188} INFO - [2025-06-01T00:13:49.454+0200] {dagbag.py:540} INFO - Filling up the DagBag from /home/leoja/airflow/airflow_venv/lib/python3.12/site-packages/airflow/example_dags/subdags/subdag.py
[2025-06-01T00:13:49.456+0200] {processor.py:842} WARNING - No viable dags retrieved from /home/leoja/airflow/airflow_venv/lib/python3.12/site-packages/airflow/example_dags/subdags/subdag.py
[2025-06-01T00:13:49.465+0200] {processor.py:183} INFO - Processing /home/leoja/airflow/airflow_venv/lib/python3.12/site-packages/airflow/example_dags/subdags/subdag.py took 0.022 seconds
[2025-06-01T00:14:40.384+0200] {processor.py:161} INFO - Started process (PID=138066) to work on /home/leoja/airflow/airflow_venv/lib/python3.12/site-packages/airflow/example_dags/subdags/subdag.py
[2025-06-01T00:14:40.385+0200] {processor.py:830} INFO - Processing file /home/leoja/airflow/airflow_venv/lib/python3.12/site-packages/airflow/example_dags/subdags/subdag.py for tasks to queue
[2025-06-01T00:14:40.386+0200] {logging_mixin.py:188} INFO - [2025-06-01T00:14:40.385+0200] {dagbag.py:540} INFO - Filling up the DagBag from /home/leoja/airflow/airflow_venv/lib/python3.12/site-packages/airflow/example_dags/subdags/subdag.py
[2025-06-01T00:14:40.387+0200] {processor.py:842} WARNING - No viable dags retrieved from /home/leoja/airflow/airflow_venv/lib/python3.12/site-packages/airflow/example_dags/subdags/subdag.py
[2025-06-01T00:14:40.395+0200] {processor.py:183} INFO - Processing /home/leoja/airflow/airflow_venv/lib/python3.12/site-packages/airflow/example_dags/subdags/subdag.py took 0.020 seconds
[2025-06-01T00:15:53.267+0200] {processor.py:161} INFO - Started process (PID=138325) to work on /home/leoja/airflow/airflow_venv/lib/python3.12/site-packages/airflow/example_dags/subdags/subdag.py
[2025-06-01T00:15:53.269+0200] {processor.py:830} INFO - Processing file /home/leoja/airflow/airflow_venv/lib/python3.12/site-packages/airflow/example_dags/subdags/subdag.py for tasks to queue
[2025-06-01T00:15:53.270+0200] {logging_mixin.py:188} INFO - [2025-06-01T00:15:53.269+0200] {dagbag.py:540} INFO - Filling up the DagBag from /home/leoja/airflow/airflow_venv/lib/python3.12/site-packages/airflow/example_dags/subdags/subdag.py
[2025-06-01T00:15:53.271+0200] {processor.py:842} WARNING - No viable dags retrieved from /home/leoja/airflow/airflow_venv/lib/python3.12/site-packages/airflow/example_dags/subdags/subdag.py
[2025-06-01T00:15:53.279+0200] {processor.py:183} INFO - Processing /home/leoja/airflow/airflow_venv/lib/python3.12/site-packages/airflow/example_dags/subdags/subdag.py took 0.019 seconds
[2025-06-01T00:17:04.471+0200] {processor.py:161} INFO - Started process (PID=138582) to work on /home/leoja/airflow/airflow_venv/lib/python3.12/site-packages/airflow/example_dags/subdags/subdag.py
[2025-06-01T00:17:04.473+0200] {processor.py:830} INFO - Processing file /home/leoja/airflow/airflow_venv/lib/python3.12/site-packages/airflow/example_dags/subdags/subdag.py for tasks to queue
[2025-06-01T00:17:04.474+0200] {logging_mixin.py:188} INFO - [2025-06-01T00:17:04.474+0200] {dagbag.py:540} INFO - Filling up the DagBag from /home/leoja/airflow/airflow_venv/lib/python3.12/site-packages/airflow/example_dags/subdags/subdag.py
[2025-06-01T00:17:04.476+0200] {processor.py:842} WARNING - No viable dags retrieved from /home/leoja/airflow/airflow_venv/lib/python3.12/site-packages/airflow/example_dags/subdags/subdag.py
[2025-06-01T00:17:04.484+0200] {processor.py:183} INFO - Processing /home/leoja/airflow/airflow_venv/lib/python3.12/site-packages/airflow/example_dags/subdags/subdag.py took 0.020 seconds
[2025-06-01T00:18:18.215+0200] {processor.py:161} INFO - Started process (PID=138856) to work on /home/leoja/airflow/airflow_venv/lib/python3.12/site-packages/airflow/example_dags/subdags/subdag.py
[2025-06-01T00:18:18.216+0200] {processor.py:830} INFO - Processing file /home/leoja/airflow/airflow_venv/lib/python3.12/site-packages/airflow/example_dags/subdags/subdag.py for tasks to queue
[2025-06-01T00:18:18.217+0200] {logging_mixin.py:188} INFO - [2025-06-01T00:18:18.217+0200] {dagbag.py:540} INFO - Filling up the DagBag from /home/leoja/airflow/airflow_venv/lib/python3.12/site-packages/airflow/example_dags/subdags/subdag.py
[2025-06-01T00:18:18.219+0200] {processor.py:842} WARNING - No viable dags retrieved from /home/leoja/airflow/airflow_venv/lib/python3.12/site-packages/airflow/example_dags/subdags/subdag.py
[2025-06-01T00:18:18.227+0200] {processor.py:183} INFO - Processing /home/leoja/airflow/airflow_venv/lib/python3.12/site-packages/airflow/example_dags/subdags/subdag.py took 0.019 seconds
[2025-06-01T00:19:27.701+0200] {processor.py:161} INFO - Started process (PID=139109) to work on /home/leoja/airflow/airflow_venv/lib/python3.12/site-packages/airflow/example_dags/subdags/subdag.py
[2025-06-01T00:19:27.702+0200] {processor.py:830} INFO - Processing file /home/leoja/airflow/airflow_venv/lib/python3.12/site-packages/airflow/example_dags/subdags/subdag.py for tasks to queue
[2025-06-01T00:19:27.703+0200] {logging_mixin.py:188} INFO - [2025-06-01T00:19:27.703+0200] {dagbag.py:540} INFO - Filling up the DagBag from /home/leoja/airflow/airflow_venv/lib/python3.12/site-packages/airflow/example_dags/subdags/subdag.py
[2025-06-01T00:19:27.705+0200] {processor.py:842} WARNING - No viable dags retrieved from /home/leoja/airflow/airflow_venv/lib/python3.12/site-packages/airflow/example_dags/subdags/subdag.py
[2025-06-01T00:19:27.714+0200] {processor.py:183} INFO - Processing /home/leoja/airflow/airflow_venv/lib/python3.12/site-packages/airflow/example_dags/subdags/subdag.py took 0.023 seconds
[2025-06-01T00:20:19.795+0200] {processor.py:161} INFO - Started process (PID=139289) to work on /home/leoja/airflow/airflow_venv/lib/python3.12/site-packages/airflow/example_dags/subdags/subdag.py
[2025-06-01T00:20:19.797+0200] {processor.py:830} INFO - Processing file /home/leoja/airflow/airflow_venv/lib/python3.12/site-packages/airflow/example_dags/subdags/subdag.py for tasks to queue
[2025-06-01T00:20:19.798+0200] {logging_mixin.py:188} INFO - [2025-06-01T00:20:19.797+0200] {dagbag.py:540} INFO - Filling up the DagBag from /home/leoja/airflow/airflow_venv/lib/python3.12/site-packages/airflow/example_dags/subdags/subdag.py
[2025-06-01T00:20:19.799+0200] {processor.py:842} WARNING - No viable dags retrieved from /home/leoja/airflow/airflow_venv/lib/python3.12/site-packages/airflow/example_dags/subdags/subdag.py
[2025-06-01T00:20:19.809+0200] {processor.py:183} INFO - Processing /home/leoja/airflow/airflow_venv/lib/python3.12/site-packages/airflow/example_dags/subdags/subdag.py took 0.019 seconds
[2025-06-01T00:21:31.763+0200] {processor.py:161} INFO - Started process (PID=139542) to work on /home/leoja/airflow/airflow_venv/lib/python3.12/site-packages/airflow/example_dags/subdags/subdag.py
[2025-06-01T00:21:31.764+0200] {processor.py:830} INFO - Processing file /home/leoja/airflow/airflow_venv/lib/python3.12/site-packages/airflow/example_dags/subdags/subdag.py for tasks to queue
[2025-06-01T00:21:31.765+0200] {logging_mixin.py:188} INFO - [2025-06-01T00:21:31.765+0200] {dagbag.py:540} INFO - Filling up the DagBag from /home/leoja/airflow/airflow_venv/lib/python3.12/site-packages/airflow/example_dags/subdags/subdag.py
[2025-06-01T00:21:31.768+0200] {processor.py:842} WARNING - No viable dags retrieved from /home/leoja/airflow/airflow_venv/lib/python3.12/site-packages/airflow/example_dags/subdags/subdag.py
[2025-06-01T00:21:31.778+0200] {processor.py:183} INFO - Processing /home/leoja/airflow/airflow_venv/lib/python3.12/site-packages/airflow/example_dags/subdags/subdag.py took 0.022 seconds
[2025-06-01T00:22:25.340+0200] {processor.py:161} INFO - Started process (PID=139722) to work on /home/leoja/airflow/airflow_venv/lib/python3.12/site-packages/airflow/example_dags/subdags/subdag.py
[2025-06-01T00:22:25.341+0200] {processor.py:830} INFO - Processing file /home/leoja/airflow/airflow_venv/lib/python3.12/site-packages/airflow/example_dags/subdags/subdag.py for tasks to queue
[2025-06-01T00:22:25.342+0200] {logging_mixin.py:188} INFO - [2025-06-01T00:22:25.341+0200] {dagbag.py:540} INFO - Filling up the DagBag from /home/leoja/airflow/airflow_venv/lib/python3.12/site-packages/airflow/example_dags/subdags/subdag.py
[2025-06-01T00:22:25.343+0200] {processor.py:842} WARNING - No viable dags retrieved from /home/leoja/airflow/airflow_venv/lib/python3.12/site-packages/airflow/example_dags/subdags/subdag.py
[2025-06-01T00:22:25.351+0200] {processor.py:183} INFO - Processing /home/leoja/airflow/airflow_venv/lib/python3.12/site-packages/airflow/example_dags/subdags/subdag.py took 0.017 seconds
[2025-06-01T00:23:20.232+0200] {processor.py:161} INFO - Started process (PID=139928) to work on /home/leoja/airflow/airflow_venv/lib/python3.12/site-packages/airflow/example_dags/subdags/subdag.py
[2025-06-01T00:23:20.234+0200] {processor.py:830} INFO - Processing file /home/leoja/airflow/airflow_venv/lib/python3.12/site-packages/airflow/example_dags/subdags/subdag.py for tasks to queue
[2025-06-01T00:23:20.235+0200] {logging_mixin.py:188} INFO - [2025-06-01T00:23:20.234+0200] {dagbag.py:540} INFO - Filling up the DagBag from /home/leoja/airflow/airflow_venv/lib/python3.12/site-packages/airflow/example_dags/subdags/subdag.py
[2025-06-01T00:23:20.236+0200] {processor.py:842} WARNING - No viable dags retrieved from /home/leoja/airflow/airflow_venv/lib/python3.12/site-packages/airflow/example_dags/subdags/subdag.py
[2025-06-01T00:23:20.246+0200] {processor.py:183} INFO - Processing /home/leoja/airflow/airflow_venv/lib/python3.12/site-packages/airflow/example_dags/subdags/subdag.py took 0.019 seconds
[2025-06-01T00:24:16.086+0200] {processor.py:161} INFO - Started process (PID=140105) to work on /home/leoja/airflow/airflow_venv/lib/python3.12/site-packages/airflow/example_dags/subdags/subdag.py
[2025-06-01T00:24:16.088+0200] {processor.py:830} INFO - Processing file /home/leoja/airflow/airflow_venv/lib/python3.12/site-packages/airflow/example_dags/subdags/subdag.py for tasks to queue
[2025-06-01T00:24:16.089+0200] {logging_mixin.py:188} INFO - [2025-06-01T00:24:16.088+0200] {dagbag.py:540} INFO - Filling up the DagBag from /home/leoja/airflow/airflow_venv/lib/python3.12/site-packages/airflow/example_dags/subdags/subdag.py
[2025-06-01T00:24:16.092+0200] {processor.py:842} WARNING - No viable dags retrieved from /home/leoja/airflow/airflow_venv/lib/python3.12/site-packages/airflow/example_dags/subdags/subdag.py
[2025-06-01T00:24:16.102+0200] {processor.py:183} INFO - Processing /home/leoja/airflow/airflow_venv/lib/python3.12/site-packages/airflow/example_dags/subdags/subdag.py took 0.022 seconds
[2025-06-01T00:25:11.683+0200] {processor.py:161} INFO - Started process (PID=140311) to work on /home/leoja/airflow/airflow_venv/lib/python3.12/site-packages/airflow/example_dags/subdags/subdag.py
[2025-06-01T00:25:11.685+0200] {processor.py:830} INFO - Processing file /home/leoja/airflow/airflow_venv/lib/python3.12/site-packages/airflow/example_dags/subdags/subdag.py for tasks to queue
[2025-06-01T00:25:11.686+0200] {logging_mixin.py:188} INFO - [2025-06-01T00:25:11.685+0200] {dagbag.py:540} INFO - Filling up the DagBag from /home/leoja/airflow/airflow_venv/lib/python3.12/site-packages/airflow/example_dags/subdags/subdag.py
[2025-06-01T00:25:11.689+0200] {processor.py:842} WARNING - No viable dags retrieved from /home/leoja/airflow/airflow_venv/lib/python3.12/site-packages/airflow/example_dags/subdags/subdag.py
[2025-06-01T00:25:11.700+0200] {processor.py:183} INFO - Processing /home/leoja/airflow/airflow_venv/lib/python3.12/site-packages/airflow/example_dags/subdags/subdag.py took 0.022 seconds
[2025-06-01T00:26:04.622+0200] {processor.py:161} INFO - Started process (PID=140492) to work on /home/leoja/airflow/airflow_venv/lib/python3.12/site-packages/airflow/example_dags/subdags/subdag.py
[2025-06-01T00:26:04.624+0200] {processor.py:830} INFO - Processing file /home/leoja/airflow/airflow_venv/lib/python3.12/site-packages/airflow/example_dags/subdags/subdag.py for tasks to queue
[2025-06-01T00:26:04.625+0200] {logging_mixin.py:188} INFO - [2025-06-01T00:26:04.624+0200] {dagbag.py:540} INFO - Filling up the DagBag from /home/leoja/airflow/airflow_venv/lib/python3.12/site-packages/airflow/example_dags/subdags/subdag.py
[2025-06-01T00:26:04.626+0200] {processor.py:842} WARNING - No viable dags retrieved from /home/leoja/airflow/airflow_venv/lib/python3.12/site-packages/airflow/example_dags/subdags/subdag.py
[2025-06-01T00:26:04.634+0200] {processor.py:183} INFO - Processing /home/leoja/airflow/airflow_venv/lib/python3.12/site-packages/airflow/example_dags/subdags/subdag.py took 0.017 seconds
[2025-06-01T00:27:12.214+0200] {processor.py:161} INFO - Started process (PID=140744) to work on /home/leoja/airflow/airflow_venv/lib/python3.12/site-packages/airflow/example_dags/subdags/subdag.py
[2025-06-01T00:27:12.215+0200] {processor.py:830} INFO - Processing file /home/leoja/airflow/airflow_venv/lib/python3.12/site-packages/airflow/example_dags/subdags/subdag.py for tasks to queue
[2025-06-01T00:27:12.216+0200] {logging_mixin.py:188} INFO - [2025-06-01T00:27:12.215+0200] {dagbag.py:540} INFO - Filling up the DagBag from /home/leoja/airflow/airflow_venv/lib/python3.12/site-packages/airflow/example_dags/subdags/subdag.py
[2025-06-01T00:27:12.218+0200] {processor.py:842} WARNING - No viable dags retrieved from /home/leoja/airflow/airflow_venv/lib/python3.12/site-packages/airflow/example_dags/subdags/subdag.py
[2025-06-01T00:27:12.225+0200] {processor.py:183} INFO - Processing /home/leoja/airflow/airflow_venv/lib/python3.12/site-packages/airflow/example_dags/subdags/subdag.py took 0.017 seconds
[2025-06-01T00:28:25.211+0200] {processor.py:161} INFO - Started process (PID=140996) to work on /home/leoja/airflow/airflow_venv/lib/python3.12/site-packages/airflow/example_dags/subdags/subdag.py
[2025-06-01T00:28:25.213+0200] {processor.py:830} INFO - Processing file /home/leoja/airflow/airflow_venv/lib/python3.12/site-packages/airflow/example_dags/subdags/subdag.py for tasks to queue
[2025-06-01T00:28:25.213+0200] {logging_mixin.py:188} INFO - [2025-06-01T00:28:25.213+0200] {dagbag.py:540} INFO - Filling up the DagBag from /home/leoja/airflow/airflow_venv/lib/python3.12/site-packages/airflow/example_dags/subdags/subdag.py
[2025-06-01T00:28:25.215+0200] {processor.py:842} WARNING - No viable dags retrieved from /home/leoja/airflow/airflow_venv/lib/python3.12/site-packages/airflow/example_dags/subdags/subdag.py
[2025-06-01T00:28:25.224+0200] {processor.py:183} INFO - Processing /home/leoja/airflow/airflow_venv/lib/python3.12/site-packages/airflow/example_dags/subdags/subdag.py took 0.020 seconds
[2025-06-01T00:29:16.316+0200] {processor.py:161} INFO - Started process (PID=141176) to work on /home/leoja/airflow/airflow_venv/lib/python3.12/site-packages/airflow/example_dags/subdags/subdag.py
[2025-06-01T00:29:16.317+0200] {processor.py:830} INFO - Processing file /home/leoja/airflow/airflow_venv/lib/python3.12/site-packages/airflow/example_dags/subdags/subdag.py for tasks to queue
[2025-06-01T00:29:16.318+0200] {logging_mixin.py:188} INFO - [2025-06-01T00:29:16.317+0200] {dagbag.py:540} INFO - Filling up the DagBag from /home/leoja/airflow/airflow_venv/lib/python3.12/site-packages/airflow/example_dags/subdags/subdag.py
[2025-06-01T00:29:16.320+0200] {processor.py:842} WARNING - No viable dags retrieved from /home/leoja/airflow/airflow_venv/lib/python3.12/site-packages/airflow/example_dags/subdags/subdag.py
[2025-06-01T00:29:16.329+0200] {processor.py:183} INFO - Processing /home/leoja/airflow/airflow_venv/lib/python3.12/site-packages/airflow/example_dags/subdags/subdag.py took 0.019 seconds
[2025-06-01T00:30:07.191+0200] {processor.py:161} INFO - Started process (PID=141359) to work on /home/leoja/airflow/airflow_venv/lib/python3.12/site-packages/airflow/example_dags/subdags/subdag.py
[2025-06-01T00:30:07.193+0200] {processor.py:830} INFO - Processing file /home/leoja/airflow/airflow_venv/lib/python3.12/site-packages/airflow/example_dags/subdags/subdag.py for tasks to queue
[2025-06-01T00:30:07.194+0200] {logging_mixin.py:188} INFO - [2025-06-01T00:30:07.193+0200] {dagbag.py:540} INFO - Filling up the DagBag from /home/leoja/airflow/airflow_venv/lib/python3.12/site-packages/airflow/example_dags/subdags/subdag.py
[2025-06-01T00:30:07.195+0200] {processor.py:842} WARNING - No viable dags retrieved from /home/leoja/airflow/airflow_venv/lib/python3.12/site-packages/airflow/example_dags/subdags/subdag.py
[2025-06-01T00:30:07.204+0200] {processor.py:183} INFO - Processing /home/leoja/airflow/airflow_venv/lib/python3.12/site-packages/airflow/example_dags/subdags/subdag.py took 0.024 seconds
[2025-06-01T00:31:20.357+0200] {processor.py:161} INFO - Started process (PID=141612) to work on /home/leoja/airflow/airflow_venv/lib/python3.12/site-packages/airflow/example_dags/subdags/subdag.py
[2025-06-01T00:31:20.358+0200] {processor.py:830} INFO - Processing file /home/leoja/airflow/airflow_venv/lib/python3.12/site-packages/airflow/example_dags/subdags/subdag.py for tasks to queue
[2025-06-01T00:31:20.359+0200] {logging_mixin.py:188} INFO - [2025-06-01T00:31:20.359+0200] {dagbag.py:540} INFO - Filling up the DagBag from /home/leoja/airflow/airflow_venv/lib/python3.12/site-packages/airflow/example_dags/subdags/subdag.py
[2025-06-01T00:31:20.361+0200] {processor.py:842} WARNING - No viable dags retrieved from /home/leoja/airflow/airflow_venv/lib/python3.12/site-packages/airflow/example_dags/subdags/subdag.py
[2025-06-01T00:31:20.372+0200] {processor.py:183} INFO - Processing /home/leoja/airflow/airflow_venv/lib/python3.12/site-packages/airflow/example_dags/subdags/subdag.py took 0.021 seconds
[2025-06-01T00:32:32.868+0200] {processor.py:161} INFO - Started process (PID=141884) to work on /home/leoja/airflow/airflow_venv/lib/python3.12/site-packages/airflow/example_dags/subdags/subdag.py
[2025-06-01T00:32:32.869+0200] {processor.py:830} INFO - Processing file /home/leoja/airflow/airflow_venv/lib/python3.12/site-packages/airflow/example_dags/subdags/subdag.py for tasks to queue
[2025-06-01T00:32:32.869+0200] {logging_mixin.py:188} INFO - [2025-06-01T00:32:32.869+0200] {dagbag.py:540} INFO - Filling up the DagBag from /home/leoja/airflow/airflow_venv/lib/python3.12/site-packages/airflow/example_dags/subdags/subdag.py
[2025-06-01T00:32:32.871+0200] {processor.py:842} WARNING - No viable dags retrieved from /home/leoja/airflow/airflow_venv/lib/python3.12/site-packages/airflow/example_dags/subdags/subdag.py
[2025-06-01T00:32:32.878+0200] {processor.py:183} INFO - Processing /home/leoja/airflow/airflow_venv/lib/python3.12/site-packages/airflow/example_dags/subdags/subdag.py took 0.016 seconds
[2025-06-01T00:33:44.695+0200] {processor.py:161} INFO - Started process (PID=142138) to work on /home/leoja/airflow/airflow_venv/lib/python3.12/site-packages/airflow/example_dags/subdags/subdag.py
[2025-06-01T00:33:44.697+0200] {processor.py:830} INFO - Processing file /home/leoja/airflow/airflow_venv/lib/python3.12/site-packages/airflow/example_dags/subdags/subdag.py for tasks to queue
[2025-06-01T00:33:44.699+0200] {logging_mixin.py:188} INFO - [2025-06-01T00:33:44.698+0200] {dagbag.py:540} INFO - Filling up the DagBag from /home/leoja/airflow/airflow_venv/lib/python3.12/site-packages/airflow/example_dags/subdags/subdag.py
[2025-06-01T00:33:44.703+0200] {processor.py:842} WARNING - No viable dags retrieved from /home/leoja/airflow/airflow_venv/lib/python3.12/site-packages/airflow/example_dags/subdags/subdag.py
[2025-06-01T00:33:44.723+0200] {processor.py:183} INFO - Processing /home/leoja/airflow/airflow_venv/lib/python3.12/site-packages/airflow/example_dags/subdags/subdag.py took 0.043 seconds
[2025-06-01T00:34:58.998+0200] {processor.py:161} INFO - Started process (PID=142401) to work on /home/leoja/airflow/airflow_venv/lib/python3.12/site-packages/airflow/example_dags/subdags/subdag.py
[2025-06-01T00:34:58.999+0200] {processor.py:830} INFO - Processing file /home/leoja/airflow/airflow_venv/lib/python3.12/site-packages/airflow/example_dags/subdags/subdag.py for tasks to queue
[2025-06-01T00:34:59.001+0200] {logging_mixin.py:188} INFO - [2025-06-01T00:34:59.000+0200] {dagbag.py:540} INFO - Filling up the DagBag from /home/leoja/airflow/airflow_venv/lib/python3.12/site-packages/airflow/example_dags/subdags/subdag.py
[2025-06-01T00:34:59.003+0200] {processor.py:842} WARNING - No viable dags retrieved from /home/leoja/airflow/airflow_venv/lib/python3.12/site-packages/airflow/example_dags/subdags/subdag.py
[2025-06-01T00:34:59.011+0200] {processor.py:183} INFO - Processing /home/leoja/airflow/airflow_venv/lib/python3.12/site-packages/airflow/example_dags/subdags/subdag.py took 0.019 seconds
[2025-06-01T00:36:08.574+0200] {processor.py:161} INFO - Started process (PID=142657) to work on /home/leoja/airflow/airflow_venv/lib/python3.12/site-packages/airflow/example_dags/subdags/subdag.py
[2025-06-01T00:36:08.576+0200] {processor.py:830} INFO - Processing file /home/leoja/airflow/airflow_venv/lib/python3.12/site-packages/airflow/example_dags/subdags/subdag.py for tasks to queue
[2025-06-01T00:36:08.578+0200] {logging_mixin.py:188} INFO - [2025-06-01T00:36:08.577+0200] {dagbag.py:540} INFO - Filling up the DagBag from /home/leoja/airflow/airflow_venv/lib/python3.12/site-packages/airflow/example_dags/subdags/subdag.py
[2025-06-01T00:36:08.580+0200] {processor.py:842} WARNING - No viable dags retrieved from /home/leoja/airflow/airflow_venv/lib/python3.12/site-packages/airflow/example_dags/subdags/subdag.py
[2025-06-01T00:36:08.591+0200] {processor.py:183} INFO - Processing /home/leoja/airflow/airflow_venv/lib/python3.12/site-packages/airflow/example_dags/subdags/subdag.py took 0.029 seconds
[2025-06-01T00:37:21.858+0200] {processor.py:161} INFO - Started process (PID=142910) to work on /home/leoja/airflow/airflow_venv/lib/python3.12/site-packages/airflow/example_dags/subdags/subdag.py
[2025-06-01T00:37:21.859+0200] {processor.py:830} INFO - Processing file /home/leoja/airflow/airflow_venv/lib/python3.12/site-packages/airflow/example_dags/subdags/subdag.py for tasks to queue
[2025-06-01T00:37:21.860+0200] {logging_mixin.py:188} INFO - [2025-06-01T00:37:21.860+0200] {dagbag.py:540} INFO - Filling up the DagBag from /home/leoja/airflow/airflow_venv/lib/python3.12/site-packages/airflow/example_dags/subdags/subdag.py
[2025-06-01T00:37:21.862+0200] {processor.py:842} WARNING - No viable dags retrieved from /home/leoja/airflow/airflow_venv/lib/python3.12/site-packages/airflow/example_dags/subdags/subdag.py
[2025-06-01T00:37:21.871+0200] {processor.py:183} INFO - Processing /home/leoja/airflow/airflow_venv/lib/python3.12/site-packages/airflow/example_dags/subdags/subdag.py took 0.022 seconds
[2025-06-01T00:38:29.512+0200] {processor.py:161} INFO - Started process (PID=143162) to work on /home/leoja/airflow/airflow_venv/lib/python3.12/site-packages/airflow/example_dags/subdags/subdag.py
[2025-06-01T00:38:29.514+0200] {processor.py:830} INFO - Processing file /home/leoja/airflow/airflow_venv/lib/python3.12/site-packages/airflow/example_dags/subdags/subdag.py for tasks to queue
[2025-06-01T00:38:29.515+0200] {logging_mixin.py:188} INFO - [2025-06-01T00:38:29.514+0200] {dagbag.py:540} INFO - Filling up the DagBag from /home/leoja/airflow/airflow_venv/lib/python3.12/site-packages/airflow/example_dags/subdags/subdag.py
[2025-06-01T00:38:29.519+0200] {processor.py:842} WARNING - No viable dags retrieved from /home/leoja/airflow/airflow_venv/lib/python3.12/site-packages/airflow/example_dags/subdags/subdag.py
[2025-06-01T00:38:29.529+0200] {processor.py:183} INFO - Processing /home/leoja/airflow/airflow_venv/lib/python3.12/site-packages/airflow/example_dags/subdags/subdag.py took 0.022 seconds
[2025-06-01T00:39:37.438+0200] {processor.py:161} INFO - Started process (PID=143408) to work on /home/leoja/airflow/airflow_venv/lib/python3.12/site-packages/airflow/example_dags/subdags/subdag.py
[2025-06-01T00:39:37.439+0200] {processor.py:830} INFO - Processing file /home/leoja/airflow/airflow_venv/lib/python3.12/site-packages/airflow/example_dags/subdags/subdag.py for tasks to queue
[2025-06-01T00:39:37.440+0200] {logging_mixin.py:188} INFO - [2025-06-01T00:39:37.440+0200] {dagbag.py:540} INFO - Filling up the DagBag from /home/leoja/airflow/airflow_venv/lib/python3.12/site-packages/airflow/example_dags/subdags/subdag.py
[2025-06-01T00:39:37.441+0200] {processor.py:842} WARNING - No viable dags retrieved from /home/leoja/airflow/airflow_venv/lib/python3.12/site-packages/airflow/example_dags/subdags/subdag.py
[2025-06-01T00:39:37.450+0200] {processor.py:183} INFO - Processing /home/leoja/airflow/airflow_venv/lib/python3.12/site-packages/airflow/example_dags/subdags/subdag.py took 0.017 seconds
[2025-06-01T00:40:52.778+0200] {processor.py:161} INFO - Started process (PID=143666) to work on /home/leoja/airflow/airflow_venv/lib/python3.12/site-packages/airflow/example_dags/subdags/subdag.py
[2025-06-01T00:40:52.780+0200] {processor.py:830} INFO - Processing file /home/leoja/airflow/airflow_venv/lib/python3.12/site-packages/airflow/example_dags/subdags/subdag.py for tasks to queue
[2025-06-01T00:40:52.780+0200] {logging_mixin.py:188} INFO - [2025-06-01T00:40:52.780+0200] {dagbag.py:540} INFO - Filling up the DagBag from /home/leoja/airflow/airflow_venv/lib/python3.12/site-packages/airflow/example_dags/subdags/subdag.py
[2025-06-01T00:40:52.782+0200] {processor.py:842} WARNING - No viable dags retrieved from /home/leoja/airflow/airflow_venv/lib/python3.12/site-packages/airflow/example_dags/subdags/subdag.py
[2025-06-01T00:40:52.791+0200] {processor.py:183} INFO - Processing /home/leoja/airflow/airflow_venv/lib/python3.12/site-packages/airflow/example_dags/subdags/subdag.py took 0.018 seconds
[2025-06-01T00:41:46.037+0200] {processor.py:161} INFO - Started process (PID=143872) to work on /home/leoja/airflow/airflow_venv/lib/python3.12/site-packages/airflow/example_dags/subdags/subdag.py
[2025-06-01T00:41:46.038+0200] {processor.py:830} INFO - Processing file /home/leoja/airflow/airflow_venv/lib/python3.12/site-packages/airflow/example_dags/subdags/subdag.py for tasks to queue
[2025-06-01T00:41:46.039+0200] {logging_mixin.py:188} INFO - [2025-06-01T00:41:46.039+0200] {dagbag.py:540} INFO - Filling up the DagBag from /home/leoja/airflow/airflow_venv/lib/python3.12/site-packages/airflow/example_dags/subdags/subdag.py
[2025-06-01T00:41:46.041+0200] {processor.py:842} WARNING - No viable dags retrieved from /home/leoja/airflow/airflow_venv/lib/python3.12/site-packages/airflow/example_dags/subdags/subdag.py
[2025-06-01T00:41:46.051+0200] {processor.py:183} INFO - Processing /home/leoja/airflow/airflow_venv/lib/python3.12/site-packages/airflow/example_dags/subdags/subdag.py took 0.019 seconds
[2025-06-01T00:42:37.246+0200] {processor.py:161} INFO - Started process (PID=144052) to work on /home/leoja/airflow/airflow_venv/lib/python3.12/site-packages/airflow/example_dags/subdags/subdag.py
[2025-06-01T00:42:37.247+0200] {processor.py:830} INFO - Processing file /home/leoja/airflow/airflow_venv/lib/python3.12/site-packages/airflow/example_dags/subdags/subdag.py for tasks to queue
[2025-06-01T00:42:37.248+0200] {logging_mixin.py:188} INFO - [2025-06-01T00:42:37.247+0200] {dagbag.py:540} INFO - Filling up the DagBag from /home/leoja/airflow/airflow_venv/lib/python3.12/site-packages/airflow/example_dags/subdags/subdag.py
[2025-06-01T00:42:37.250+0200] {processor.py:842} WARNING - No viable dags retrieved from /home/leoja/airflow/airflow_venv/lib/python3.12/site-packages/airflow/example_dags/subdags/subdag.py
[2025-06-01T00:42:37.259+0200] {processor.py:183} INFO - Processing /home/leoja/airflow/airflow_venv/lib/python3.12/site-packages/airflow/example_dags/subdags/subdag.py took 0.022 seconds
[2025-06-01T00:43:49.230+0200] {processor.py:161} INFO - Started process (PID=144302) to work on /home/leoja/airflow/airflow_venv/lib/python3.12/site-packages/airflow/example_dags/subdags/subdag.py
[2025-06-01T00:43:49.231+0200] {processor.py:830} INFO - Processing file /home/leoja/airflow/airflow_venv/lib/python3.12/site-packages/airflow/example_dags/subdags/subdag.py for tasks to queue
[2025-06-01T00:43:49.232+0200] {logging_mixin.py:188} INFO - [2025-06-01T00:43:49.232+0200] {dagbag.py:540} INFO - Filling up the DagBag from /home/leoja/airflow/airflow_venv/lib/python3.12/site-packages/airflow/example_dags/subdags/subdag.py
[2025-06-01T00:43:49.235+0200] {processor.py:842} WARNING - No viable dags retrieved from /home/leoja/airflow/airflow_venv/lib/python3.12/site-packages/airflow/example_dags/subdags/subdag.py
[2025-06-01T00:43:49.244+0200] {processor.py:183} INFO - Processing /home/leoja/airflow/airflow_venv/lib/python3.12/site-packages/airflow/example_dags/subdags/subdag.py took 0.019 seconds
[2025-06-01T00:45:02.713+0200] {processor.py:161} INFO - Started process (PID=144560) to work on /home/leoja/airflow/airflow_venv/lib/python3.12/site-packages/airflow/example_dags/subdags/subdag.py
[2025-06-01T00:45:02.714+0200] {processor.py:830} INFO - Processing file /home/leoja/airflow/airflow_venv/lib/python3.12/site-packages/airflow/example_dags/subdags/subdag.py for tasks to queue
[2025-06-01T00:45:02.715+0200] {logging_mixin.py:188} INFO - [2025-06-01T00:45:02.715+0200] {dagbag.py:540} INFO - Filling up the DagBag from /home/leoja/airflow/airflow_venv/lib/python3.12/site-packages/airflow/example_dags/subdags/subdag.py
[2025-06-01T00:45:02.717+0200] {processor.py:842} WARNING - No viable dags retrieved from /home/leoja/airflow/airflow_venv/lib/python3.12/site-packages/airflow/example_dags/subdags/subdag.py
[2025-06-01T00:45:02.725+0200] {processor.py:183} INFO - Processing /home/leoja/airflow/airflow_venv/lib/python3.12/site-packages/airflow/example_dags/subdags/subdag.py took 0.018 seconds
[2025-06-01T00:45:56.157+0200] {processor.py:161} INFO - Started process (PID=144767) to work on /home/leoja/airflow/airflow_venv/lib/python3.12/site-packages/airflow/example_dags/subdags/subdag.py
[2025-06-01T00:45:56.159+0200] {processor.py:830} INFO - Processing file /home/leoja/airflow/airflow_venv/lib/python3.12/site-packages/airflow/example_dags/subdags/subdag.py for tasks to queue
[2025-06-01T00:45:56.161+0200] {logging_mixin.py:188} INFO - [2025-06-01T00:45:56.160+0200] {dagbag.py:540} INFO - Filling up the DagBag from /home/leoja/airflow/airflow_venv/lib/python3.12/site-packages/airflow/example_dags/subdags/subdag.py
[2025-06-01T00:45:56.164+0200] {processor.py:842} WARNING - No viable dags retrieved from /home/leoja/airflow/airflow_venv/lib/python3.12/site-packages/airflow/example_dags/subdags/subdag.py
[2025-06-01T00:45:56.179+0200] {processor.py:183} INFO - Processing /home/leoja/airflow/airflow_venv/lib/python3.12/site-packages/airflow/example_dags/subdags/subdag.py took 0.030 seconds
[2025-06-01T00:47:08.418+0200] {processor.py:161} INFO - Started process (PID=145018) to work on /home/leoja/airflow/airflow_venv/lib/python3.12/site-packages/airflow/example_dags/subdags/subdag.py
[2025-06-01T00:47:08.421+0200] {processor.py:830} INFO - Processing file /home/leoja/airflow/airflow_venv/lib/python3.12/site-packages/airflow/example_dags/subdags/subdag.py for tasks to queue
[2025-06-01T00:47:08.422+0200] {logging_mixin.py:188} INFO - [2025-06-01T00:47:08.421+0200] {dagbag.py:540} INFO - Filling up the DagBag from /home/leoja/airflow/airflow_venv/lib/python3.12/site-packages/airflow/example_dags/subdags/subdag.py
[2025-06-01T00:47:08.423+0200] {processor.py:842} WARNING - No viable dags retrieved from /home/leoja/airflow/airflow_venv/lib/python3.12/site-packages/airflow/example_dags/subdags/subdag.py
[2025-06-01T00:47:08.431+0200] {processor.py:183} INFO - Processing /home/leoja/airflow/airflow_venv/lib/python3.12/site-packages/airflow/example_dags/subdags/subdag.py took 0.020 seconds
[2025-06-01T00:48:20.891+0200] {processor.py:161} INFO - Started process (PID=145276) to work on /home/leoja/airflow/airflow_venv/lib/python3.12/site-packages/airflow/example_dags/subdags/subdag.py
[2025-06-01T00:48:20.892+0200] {processor.py:830} INFO - Processing file /home/leoja/airflow/airflow_venv/lib/python3.12/site-packages/airflow/example_dags/subdags/subdag.py for tasks to queue
[2025-06-01T00:48:20.893+0200] {logging_mixin.py:188} INFO - [2025-06-01T00:48:20.893+0200] {dagbag.py:540} INFO - Filling up the DagBag from /home/leoja/airflow/airflow_venv/lib/python3.12/site-packages/airflow/example_dags/subdags/subdag.py
[2025-06-01T00:48:20.895+0200] {processor.py:842} WARNING - No viable dags retrieved from /home/leoja/airflow/airflow_venv/lib/python3.12/site-packages/airflow/example_dags/subdags/subdag.py
[2025-06-01T00:48:20.903+0200] {processor.py:183} INFO - Processing /home/leoja/airflow/airflow_venv/lib/python3.12/site-packages/airflow/example_dags/subdags/subdag.py took 0.019 seconds
[2025-06-01T00:49:34.749+0200] {processor.py:161} INFO - Started process (PID=145526) to work on /home/leoja/airflow/airflow_venv/lib/python3.12/site-packages/airflow/example_dags/subdags/subdag.py
[2025-06-01T00:49:34.750+0200] {processor.py:830} INFO - Processing file /home/leoja/airflow/airflow_venv/lib/python3.12/site-packages/airflow/example_dags/subdags/subdag.py for tasks to queue
[2025-06-01T00:49:34.751+0200] {logging_mixin.py:188} INFO - [2025-06-01T00:49:34.751+0200] {dagbag.py:540} INFO - Filling up the DagBag from /home/leoja/airflow/airflow_venv/lib/python3.12/site-packages/airflow/example_dags/subdags/subdag.py
[2025-06-01T00:49:34.753+0200] {processor.py:842} WARNING - No viable dags retrieved from /home/leoja/airflow/airflow_venv/lib/python3.12/site-packages/airflow/example_dags/subdags/subdag.py
[2025-06-01T00:49:34.761+0200] {processor.py:183} INFO - Processing /home/leoja/airflow/airflow_venv/lib/python3.12/site-packages/airflow/example_dags/subdags/subdag.py took 0.019 seconds
[2025-06-01T00:50:49.746+0200] {processor.py:161} INFO - Started process (PID=145806) to work on /home/leoja/airflow/airflow_venv/lib/python3.12/site-packages/airflow/example_dags/subdags/subdag.py
[2025-06-01T00:50:49.747+0200] {processor.py:830} INFO - Processing file /home/leoja/airflow/airflow_venv/lib/python3.12/site-packages/airflow/example_dags/subdags/subdag.py for tasks to queue
[2025-06-01T00:50:49.748+0200] {logging_mixin.py:188} INFO - [2025-06-01T00:50:49.748+0200] {dagbag.py:540} INFO - Filling up the DagBag from /home/leoja/airflow/airflow_venv/lib/python3.12/site-packages/airflow/example_dags/subdags/subdag.py
[2025-06-01T00:50:49.750+0200] {processor.py:842} WARNING - No viable dags retrieved from /home/leoja/airflow/airflow_venv/lib/python3.12/site-packages/airflow/example_dags/subdags/subdag.py
[2025-06-01T00:50:49.759+0200] {processor.py:183} INFO - Processing /home/leoja/airflow/airflow_venv/lib/python3.12/site-packages/airflow/example_dags/subdags/subdag.py took 0.018 seconds
[2025-06-01T00:52:02.820+0200] {processor.py:161} INFO - Started process (PID=146072) to work on /home/leoja/airflow/airflow_venv/lib/python3.12/site-packages/airflow/example_dags/subdags/subdag.py
[2025-06-01T00:52:02.821+0200] {processor.py:830} INFO - Processing file /home/leoja/airflow/airflow_venv/lib/python3.12/site-packages/airflow/example_dags/subdags/subdag.py for tasks to queue
[2025-06-01T00:52:02.822+0200] {logging_mixin.py:188} INFO - [2025-06-01T00:52:02.822+0200] {dagbag.py:540} INFO - Filling up the DagBag from /home/leoja/airflow/airflow_venv/lib/python3.12/site-packages/airflow/example_dags/subdags/subdag.py
[2025-06-01T00:52:02.824+0200] {processor.py:842} WARNING - No viable dags retrieved from /home/leoja/airflow/airflow_venv/lib/python3.12/site-packages/airflow/example_dags/subdags/subdag.py
[2025-06-01T00:52:02.832+0200] {processor.py:183} INFO - Processing /home/leoja/airflow/airflow_venv/lib/python3.12/site-packages/airflow/example_dags/subdags/subdag.py took 0.023 seconds
[2025-06-01T00:53:17.832+0200] {processor.py:161} INFO - Started process (PID=146353) to work on /home/leoja/airflow/airflow_venv/lib/python3.12/site-packages/airflow/example_dags/subdags/subdag.py
[2025-06-01T00:53:17.833+0200] {processor.py:830} INFO - Processing file /home/leoja/airflow/airflow_venv/lib/python3.12/site-packages/airflow/example_dags/subdags/subdag.py for tasks to queue
[2025-06-01T00:53:17.835+0200] {logging_mixin.py:188} INFO - [2025-06-01T00:53:17.834+0200] {dagbag.py:540} INFO - Filling up the DagBag from /home/leoja/airflow/airflow_venv/lib/python3.12/site-packages/airflow/example_dags/subdags/subdag.py
[2025-06-01T00:53:17.836+0200] {processor.py:842} WARNING - No viable dags retrieved from /home/leoja/airflow/airflow_venv/lib/python3.12/site-packages/airflow/example_dags/subdags/subdag.py
[2025-06-01T00:53:17.844+0200] {processor.py:183} INFO - Processing /home/leoja/airflow/airflow_venv/lib/python3.12/site-packages/airflow/example_dags/subdags/subdag.py took 0.017 seconds
[2025-06-01T00:54:24.388+0200] {processor.py:161} INFO - Started process (PID=146581) to work on /home/leoja/airflow/airflow_venv/lib/python3.12/site-packages/airflow/example_dags/subdags/subdag.py
[2025-06-01T00:54:24.390+0200] {processor.py:830} INFO - Processing file /home/leoja/airflow/airflow_venv/lib/python3.12/site-packages/airflow/example_dags/subdags/subdag.py for tasks to queue
[2025-06-01T00:54:24.390+0200] {logging_mixin.py:188} INFO - [2025-06-01T00:54:24.390+0200] {dagbag.py:540} INFO - Filling up the DagBag from /home/leoja/airflow/airflow_venv/lib/python3.12/site-packages/airflow/example_dags/subdags/subdag.py
[2025-06-01T00:54:24.392+0200] {processor.py:842} WARNING - No viable dags retrieved from /home/leoja/airflow/airflow_venv/lib/python3.12/site-packages/airflow/example_dags/subdags/subdag.py
[2025-06-01T00:54:24.402+0200] {processor.py:183} INFO - Processing /home/leoja/airflow/airflow_venv/lib/python3.12/site-packages/airflow/example_dags/subdags/subdag.py took 0.019 seconds
[2025-06-01T00:55:36.887+0200] {processor.py:161} INFO - Started process (PID=146833) to work on /home/leoja/airflow/airflow_venv/lib/python3.12/site-packages/airflow/example_dags/subdags/subdag.py
[2025-06-01T00:55:36.889+0200] {processor.py:830} INFO - Processing file /home/leoja/airflow/airflow_venv/lib/python3.12/site-packages/airflow/example_dags/subdags/subdag.py for tasks to queue
[2025-06-01T00:55:36.891+0200] {logging_mixin.py:188} INFO - [2025-06-01T00:55:36.889+0200] {dagbag.py:540} INFO - Filling up the DagBag from /home/leoja/airflow/airflow_venv/lib/python3.12/site-packages/airflow/example_dags/subdags/subdag.py
[2025-06-01T00:55:36.894+0200] {processor.py:842} WARNING - No viable dags retrieved from /home/leoja/airflow/airflow_venv/lib/python3.12/site-packages/airflow/example_dags/subdags/subdag.py
[2025-06-01T00:55:36.903+0200] {processor.py:183} INFO - Processing /home/leoja/airflow/airflow_venv/lib/python3.12/site-packages/airflow/example_dags/subdags/subdag.py took 0.022 seconds
[2025-06-01T00:56:47.035+0200] {processor.py:161} INFO - Started process (PID=147086) to work on /home/leoja/airflow/airflow_venv/lib/python3.12/site-packages/airflow/example_dags/subdags/subdag.py
[2025-06-01T00:56:47.037+0200] {processor.py:830} INFO - Processing file /home/leoja/airflow/airflow_venv/lib/python3.12/site-packages/airflow/example_dags/subdags/subdag.py for tasks to queue
[2025-06-01T00:56:47.038+0200] {logging_mixin.py:188} INFO - [2025-06-01T00:56:47.037+0200] {dagbag.py:540} INFO - Filling up the DagBag from /home/leoja/airflow/airflow_venv/lib/python3.12/site-packages/airflow/example_dags/subdags/subdag.py
[2025-06-01T00:56:47.040+0200] {processor.py:842} WARNING - No viable dags retrieved from /home/leoja/airflow/airflow_venv/lib/python3.12/site-packages/airflow/example_dags/subdags/subdag.py
[2025-06-01T00:56:47.049+0200] {processor.py:183} INFO - Processing /home/leoja/airflow/airflow_venv/lib/python3.12/site-packages/airflow/example_dags/subdags/subdag.py took 0.019 seconds
[2025-06-01T00:58:02.999+0200] {processor.py:161} INFO - Started process (PID=147366) to work on /home/leoja/airflow/airflow_venv/lib/python3.12/site-packages/airflow/example_dags/subdags/subdag.py
[2025-06-01T00:58:03.001+0200] {processor.py:830} INFO - Processing file /home/leoja/airflow/airflow_venv/lib/python3.12/site-packages/airflow/example_dags/subdags/subdag.py for tasks to queue
[2025-06-01T00:58:03.002+0200] {logging_mixin.py:188} INFO - [2025-06-01T00:58:03.001+0200] {dagbag.py:540} INFO - Filling up the DagBag from /home/leoja/airflow/airflow_venv/lib/python3.12/site-packages/airflow/example_dags/subdags/subdag.py
[2025-06-01T00:58:03.006+0200] {processor.py:842} WARNING - No viable dags retrieved from /home/leoja/airflow/airflow_venv/lib/python3.12/site-packages/airflow/example_dags/subdags/subdag.py
[2025-06-01T00:58:03.014+0200] {processor.py:183} INFO - Processing /home/leoja/airflow/airflow_venv/lib/python3.12/site-packages/airflow/example_dags/subdags/subdag.py took 0.021 seconds
[2025-06-01T00:59:15.713+0200] {processor.py:161} INFO - Started process (PID=147617) to work on /home/leoja/airflow/airflow_venv/lib/python3.12/site-packages/airflow/example_dags/subdags/subdag.py
[2025-06-01T00:59:15.715+0200] {processor.py:830} INFO - Processing file /home/leoja/airflow/airflow_venv/lib/python3.12/site-packages/airflow/example_dags/subdags/subdag.py for tasks to queue
[2025-06-01T00:59:15.715+0200] {logging_mixin.py:188} INFO - [2025-06-01T00:59:15.715+0200] {dagbag.py:540} INFO - Filling up the DagBag from /home/leoja/airflow/airflow_venv/lib/python3.12/site-packages/airflow/example_dags/subdags/subdag.py
[2025-06-01T00:59:15.717+0200] {processor.py:842} WARNING - No viable dags retrieved from /home/leoja/airflow/airflow_venv/lib/python3.12/site-packages/airflow/example_dags/subdags/subdag.py
[2025-06-01T00:59:15.725+0200] {processor.py:183} INFO - Processing /home/leoja/airflow/airflow_venv/lib/python3.12/site-packages/airflow/example_dags/subdags/subdag.py took 0.018 seconds
[2025-06-01T01:00:30.978+0200] {processor.py:161} INFO - Started process (PID=147892) to work on /home/leoja/airflow/airflow_venv/lib/python3.12/site-packages/airflow/example_dags/subdags/subdag.py
[2025-06-01T01:00:30.979+0200] {processor.py:830} INFO - Processing file /home/leoja/airflow/airflow_venv/lib/python3.12/site-packages/airflow/example_dags/subdags/subdag.py for tasks to queue
[2025-06-01T01:00:30.980+0200] {logging_mixin.py:188} INFO - [2025-06-01T01:00:30.979+0200] {dagbag.py:540} INFO - Filling up the DagBag from /home/leoja/airflow/airflow_venv/lib/python3.12/site-packages/airflow/example_dags/subdags/subdag.py
[2025-06-01T01:00:30.981+0200] {processor.py:842} WARNING - No viable dags retrieved from /home/leoja/airflow/airflow_venv/lib/python3.12/site-packages/airflow/example_dags/subdags/subdag.py
[2025-06-01T01:00:30.989+0200] {processor.py:183} INFO - Processing /home/leoja/airflow/airflow_venv/lib/python3.12/site-packages/airflow/example_dags/subdags/subdag.py took 0.017 seconds
