[2025-06-05T18:50:31.131+0200] {local_task_job_runner.py:120} INFO - ::group::Pre task execution logs
[2025-06-05T18:50:31.141+0200] {taskinstance.py:2073} INFO - Dependencies all met for dep_context=non-requeueable deps ti=<TaskInstance: macro_trading_dag.compute_economic_quadrants manual__2025-06-05T16:50:08.201422+00:00 [queued]>
[2025-06-05T18:50:31.144+0200] {taskinstance.py:2073} INFO - Dependencies all met for dep_context=requeueable deps ti=<TaskInstance: macro_trading_dag.compute_economic_quadrants manual__2025-06-05T16:50:08.201422+00:00 [queued]>
[2025-06-05T18:50:31.144+0200] {taskinstance.py:2303} INFO - Starting attempt 1 of 3
[2025-06-05T18:50:31.156+0200] {taskinstance.py:2327} INFO - Executing <Task(SparkSubmitOperator): compute_economic_quadrants> on 2025-06-05 16:50:08.201422+00:00
[2025-06-05T18:50:31.163+0200] {standard_task_runner.py:90} INFO - Running: ['airflow', 'tasks', 'run', 'macro_trading_dag', 'compute_economic_quadrants', 'manual__2025-06-05T16:50:08.201422+00:00', '--job-id', '281', '--raw', '--subdir', 'DAGS_FOLDER/macro_trading_dag.py', '--cfg-path', '/tmp/tmp9e5dsz4x']
[2025-06-05T18:50:31.164+0200] {standard_task_runner.py:91} INFO - Job 281: Subtask compute_economic_quadrants
[2025-06-05T18:50:31.170+0200] {logging_mixin.py:188} WARNING - /home/leoja/airflow/airflow_venv/lib/python3.12/site-packages/airflow/task/task_runner/standard_task_runner.py:61 DeprecationWarning: This process (pid=535873) is multi-threaded, use of fork() may lead to deadlocks in the child.
[2025-06-05T18:50:31.170+0200] {standard_task_runner.py:63} INFO - Started process 535905 to run task
[2025-06-05T18:50:31.194+0200] {task_command.py:426} INFO - Running <TaskInstance: macro_trading_dag.compute_economic_quadrants manual__2025-06-05T16:50:08.201422+00:00 [running]> on host N15I711-16GR512.localdomain
[2025-06-05T18:50:31.245+0200] {taskinstance.py:2644} INFO - Exporting env vars: AIRFLOW_CTX_DAG_OWNER='airflow' AIRFLOW_CTX_DAG_ID='macro_trading_dag' AIRFLOW_CTX_TASK_ID='compute_economic_quadrants' AIRFLOW_CTX_EXECUTION_DATE='2025-06-05T16:50:08.201422+00:00' AIRFLOW_CTX_TRY_NUMBER='1' AIRFLOW_CTX_DAG_RUN_ID='manual__2025-06-05T16:50:08.201422+00:00'
[2025-06-05T18:50:31.246+0200] {taskinstance.py:430} INFO - ::endgroup::
[2025-06-05T18:50:31.249+0200] {base.py:84} INFO - Using connection ID 'spark_local' for task execution.
[2025-06-05T18:50:31.250+0200] {spark_submit.py:351} INFO - Spark-Submit cmd: spark-submit --master local[*] --conf spark.pyspark.python=/home/leoja/airflow_venv/bin/python --conf spark.pyspark.driver.python=/home/leoja/airflow_venv/bin/python --name compute_economic_quadrants /home/leoja/airflow/spark_jobs/compute_quadrants.py /home/leoja/airflow/data/Indicators.parquet /home/leoja/airflow/data/quadrants.parquet
[2025-06-05T18:50:32.538+0200] {spark_submit.py:521} INFO - 25/06/05 18:50:32 WARN Utils: Your hostname, N15I711-16GR512 resolves to a loopback address: 127.0.1.1; using 10.255.255.254 instead (on interface lo)
[2025-06-05T18:50:32.540+0200] {spark_submit.py:521} INFO - 25/06/05 18:50:32 WARN Utils: Set SPARK_LOCAL_IP if you need to bind to another address
[2025-06-05T18:50:33.426+0200] {spark_submit.py:521} INFO - 25/06/05 18:50:33 INFO SparkContext: Running Spark version 3.5.5
[2025-06-05T18:50:33.427+0200] {spark_submit.py:521} INFO - 25/06/05 18:50:33 INFO SparkContext: OS info Linux, 6.6.87.1-microsoft-standard-WSL2, amd64
[2025-06-05T18:50:33.427+0200] {spark_submit.py:521} INFO - 25/06/05 18:50:33 INFO SparkContext: Java version 11.0.27
[2025-06-05T18:50:33.494+0200] {spark_submit.py:521} INFO - 25/06/05 18:50:33 WARN NativeCodeLoader: Unable to load native-hadoop library for your platform... using builtin-java classes where applicable
[2025-06-05T18:50:33.569+0200] {spark_submit.py:521} INFO - 25/06/05 18:50:33 INFO ResourceUtils: ==============================================================
[2025-06-05T18:50:33.569+0200] {spark_submit.py:521} INFO - 25/06/05 18:50:33 INFO ResourceUtils: No custom resources configured for spark.driver.
[2025-06-05T18:50:33.569+0200] {spark_submit.py:521} INFO - 25/06/05 18:50:33 INFO ResourceUtils: ==============================================================
[2025-06-05T18:50:33.570+0200] {spark_submit.py:521} INFO - 25/06/05 18:50:33 INFO SparkContext: Submitted application: ComputeEconomicQuadrantsIncremental
[2025-06-05T18:50:33.590+0200] {spark_submit.py:521} INFO - 25/06/05 18:50:33 INFO ResourceProfile: Default ResourceProfile created, executor resources: Map(cores -> name: cores, amount: 1, script: , vendor: , memory -> name: memory, amount: 1024, script: , vendor: , offHeap -> name: offHeap, amount: 0, script: , vendor: ), task resources: Map(cpus -> name: cpus, amount: 1.0)
[2025-06-05T18:50:33.599+0200] {spark_submit.py:521} INFO - 25/06/05 18:50:33 INFO ResourceProfile: Limiting resource is cpu
[2025-06-05T18:50:33.600+0200] {spark_submit.py:521} INFO - 25/06/05 18:50:33 INFO ResourceProfileManager: Added ResourceProfile id: 0
[2025-06-05T18:50:33.650+0200] {spark_submit.py:521} INFO - 25/06/05 18:50:33 INFO SecurityManager: Changing view acls to: leoja
[2025-06-05T18:50:33.651+0200] {spark_submit.py:521} INFO - 25/06/05 18:50:33 INFO SecurityManager: Changing modify acls to: leoja
[2025-06-05T18:50:33.651+0200] {spark_submit.py:521} INFO - 25/06/05 18:50:33 INFO SecurityManager: Changing view acls groups to:
[2025-06-05T18:50:33.651+0200] {spark_submit.py:521} INFO - 25/06/05 18:50:33 INFO SecurityManager: Changing modify acls groups to:
[2025-06-05T18:50:33.652+0200] {spark_submit.py:521} INFO - 25/06/05 18:50:33 INFO SecurityManager: SecurityManager: authentication disabled; ui acls disabled; users with view permissions: leoja; groups with view permissions: EMPTY; users with modify permissions: leoja; groups with modify permissions: EMPTY
[2025-06-05T18:50:33.897+0200] {spark_submit.py:521} INFO - 25/06/05 18:50:33 INFO Utils: Successfully started service 'sparkDriver' on port 44731.
[2025-06-05T18:50:33.927+0200] {spark_submit.py:521} INFO - 25/06/05 18:50:33 INFO SparkEnv: Registering MapOutputTracker
[2025-06-05T18:50:33.961+0200] {spark_submit.py:521} INFO - 25/06/05 18:50:33 INFO SparkEnv: Registering BlockManagerMaster
[2025-06-05T18:50:33.984+0200] {spark_submit.py:521} INFO - 25/06/05 18:50:33 INFO BlockManagerMasterEndpoint: Using org.apache.spark.storage.DefaultTopologyMapper for getting topology information
[2025-06-05T18:50:33.985+0200] {spark_submit.py:521} INFO - 25/06/05 18:50:33 INFO BlockManagerMasterEndpoint: BlockManagerMasterEndpoint up
[2025-06-05T18:50:33.990+0200] {spark_submit.py:521} INFO - 25/06/05 18:50:33 INFO SparkEnv: Registering BlockManagerMasterHeartbeat
[2025-06-05T18:50:34.023+0200] {spark_submit.py:521} INFO - 25/06/05 18:50:34 INFO DiskBlockManager: Created local directory at /tmp/blockmgr-03e55d5a-10c7-4116-b7ed-8f9d90a4efb1
[2025-06-05T18:50:34.039+0200] {spark_submit.py:521} INFO - 25/06/05 18:50:34 INFO MemoryStore: MemoryStore started with capacity 434.4 MiB
[2025-06-05T18:50:34.066+0200] {spark_submit.py:521} INFO - 25/06/05 18:50:34 INFO SparkEnv: Registering OutputCommitCoordinator
[2025-06-05T18:50:34.251+0200] {spark_submit.py:521} INFO - 25/06/05 18:50:34 INFO JettyUtils: Start Jetty 0.0.0.0:4040 for SparkUI
[2025-06-05T18:50:34.327+0200] {spark_submit.py:521} INFO - 25/06/05 18:50:34 INFO Utils: Successfully started service 'SparkUI' on port 4040.
[2025-06-05T18:50:34.432+0200] {spark_submit.py:521} INFO - 25/06/05 18:50:34 INFO Executor: Starting executor ID driver on host 10.255.255.254
[2025-06-05T18:50:34.433+0200] {spark_submit.py:521} INFO - 25/06/05 18:50:34 INFO Executor: OS info Linux, 6.6.87.1-microsoft-standard-WSL2, amd64
[2025-06-05T18:50:34.433+0200] {spark_submit.py:521} INFO - 25/06/05 18:50:34 INFO Executor: Java version 11.0.27
[2025-06-05T18:50:34.440+0200] {spark_submit.py:521} INFO - 25/06/05 18:50:34 INFO Executor: Starting executor with user classpath (userClassPathFirst = false): ''
[2025-06-05T18:50:34.440+0200] {spark_submit.py:521} INFO - 25/06/05 18:50:34 INFO Executor: Created or updated repl class loader org.apache.spark.util.MutableURLClassLoader@7fadb100 for default.
[2025-06-05T18:50:34.464+0200] {spark_submit.py:521} INFO - 25/06/05 18:50:34 INFO Utils: Successfully started service 'org.apache.spark.network.netty.NettyBlockTransferService' on port 46529.
[2025-06-05T18:50:34.465+0200] {spark_submit.py:521} INFO - 25/06/05 18:50:34 INFO NettyBlockTransferService: Server created on 10.255.255.254:46529
[2025-06-05T18:50:34.466+0200] {spark_submit.py:521} INFO - 25/06/05 18:50:34 INFO BlockManager: Using org.apache.spark.storage.RandomBlockReplicationPolicy for block replication policy
[2025-06-05T18:50:34.473+0200] {spark_submit.py:521} INFO - 25/06/05 18:50:34 INFO BlockManagerMaster: Registering BlockManager BlockManagerId(driver, 10.255.255.254, 46529, None)
[2025-06-05T18:50:34.475+0200] {spark_submit.py:521} INFO - 25/06/05 18:50:34 INFO BlockManagerMasterEndpoint: Registering block manager 10.255.255.254:46529 with 434.4 MiB RAM, BlockManagerId(driver, 10.255.255.254, 46529, None)
[2025-06-05T18:50:34.478+0200] {spark_submit.py:521} INFO - 25/06/05 18:50:34 INFO BlockManagerMaster: Registered BlockManager BlockManagerId(driver, 10.255.255.254, 46529, None)
[2025-06-05T18:50:34.479+0200] {spark_submit.py:521} INFO - 25/06/05 18:50:34 INFO BlockManager: Initialized BlockManager: BlockManagerId(driver, 10.255.255.254, 46529, None)
[2025-06-05T18:50:35.133+0200] {spark_submit.py:521} INFO - 25/06/05 18:50:35 INFO SharedState: Setting hive.metastore.warehouse.dir ('null') to the value of spark.sql.warehouse.dir.
[2025-06-05T18:50:35.142+0200] {spark_submit.py:521} INFO - 25/06/05 18:50:35 INFO SharedState: Warehouse path is 'file:/home/leoja/airflow/airflow_venv/spark-warehouse'.
[2025-06-05T18:50:36.273+0200] {spark_submit.py:521} INFO - 25/06/05 18:50:36 INFO InMemoryFileIndex: It took 63 ms to list leaf files for 1 paths.
[2025-06-05T18:50:36.870+0200] {spark_submit.py:521} INFO - 25/06/05 18:50:36 INFO SparkContext: Starting job: parquet at NativeMethodAccessorImpl.java:0
[2025-06-05T18:50:36.897+0200] {spark_submit.py:521} INFO - 25/06/05 18:50:36 INFO DAGScheduler: Got job 0 (parquet at NativeMethodAccessorImpl.java:0) with 1 output partitions
[2025-06-05T18:50:36.898+0200] {spark_submit.py:521} INFO - 25/06/05 18:50:36 INFO DAGScheduler: Final stage: ResultStage 0 (parquet at NativeMethodAccessorImpl.java:0)
[2025-06-05T18:50:36.899+0200] {spark_submit.py:521} INFO - 25/06/05 18:50:36 INFO DAGScheduler: Parents of final stage: List()
[2025-06-05T18:50:36.902+0200] {spark_submit.py:521} INFO - 25/06/05 18:50:36 INFO DAGScheduler: Missing parents: List()
[2025-06-05T18:50:36.909+0200] {spark_submit.py:521} INFO - 25/06/05 18:50:36 INFO DAGScheduler: Submitting ResultStage 0 (MapPartitionsRDD[1] at parquet at NativeMethodAccessorImpl.java:0), which has no missing parents
[2025-06-05T18:50:37.071+0200] {spark_submit.py:521} INFO - 25/06/05 18:50:37 INFO MemoryStore: Block broadcast_0 stored as values in memory (estimated size 103.5 KiB, free 434.3 MiB)
[2025-06-05T18:50:37.172+0200] {spark_submit.py:521} INFO - 25/06/05 18:50:37 INFO MemoryStore: Block broadcast_0_piece0 stored as bytes in memory (estimated size 37.3 KiB, free 434.3 MiB)
[2025-06-05T18:50:37.177+0200] {spark_submit.py:521} INFO - 25/06/05 18:50:37 INFO BlockManagerInfo: Added broadcast_0_piece0 in memory on 10.255.255.254:46529 (size: 37.3 KiB, free: 434.4 MiB)
[2025-06-05T18:50:37.183+0200] {spark_submit.py:521} INFO - 25/06/05 18:50:37 INFO SparkContext: Created broadcast 0 from broadcast at DAGScheduler.scala:1585
[2025-06-05T18:50:37.205+0200] {spark_submit.py:521} INFO - 25/06/05 18:50:37 INFO DAGScheduler: Submitting 1 missing tasks from ResultStage 0 (MapPartitionsRDD[1] at parquet at NativeMethodAccessorImpl.java:0) (first 15 tasks are for partitions Vector(0))
[2025-06-05T18:50:37.206+0200] {spark_submit.py:521} INFO - 25/06/05 18:50:37 INFO TaskSchedulerImpl: Adding task set 0.0 with 1 tasks resource profile 0
[2025-06-05T18:50:37.315+0200] {spark_submit.py:521} INFO - 25/06/05 18:50:37 INFO TaskSetManager: Starting task 0.0 in stage 0.0 (TID 0) (10.255.255.254, executor driver, partition 0, PROCESS_LOCAL, 9142 bytes)
[2025-06-05T18:50:37.340+0200] {spark_submit.py:521} INFO - 25/06/05 18:50:37 INFO Executor: Running task 0.0 in stage 0.0 (TID 0)
[2025-06-05T18:50:37.816+0200] {spark_submit.py:521} INFO - 25/06/05 18:50:37 INFO Executor: Finished task 0.0 in stage 0.0 (TID 0). 1974 bytes result sent to driver
[2025-06-05T18:50:37.831+0200] {spark_submit.py:521} INFO - 25/06/05 18:50:37 INFO TaskSetManager: Finished task 0.0 in stage 0.0 (TID 0) in 576 ms on 10.255.255.254 (executor driver) (1/1)
[2025-06-05T18:50:37.834+0200] {spark_submit.py:521} INFO - 25/06/05 18:50:37 INFO TaskSchedulerImpl: Removed TaskSet 0.0, whose tasks have all completed, from pool
[2025-06-05T18:50:37.839+0200] {spark_submit.py:521} INFO - 25/06/05 18:50:37 INFO DAGScheduler: ResultStage 0 (parquet at NativeMethodAccessorImpl.java:0) finished in 0.905 s
[2025-06-05T18:50:37.842+0200] {spark_submit.py:521} INFO - 25/06/05 18:50:37 INFO DAGScheduler: Job 0 is finished. Cancelling potential speculative or zombie tasks for this job
[2025-06-05T18:50:37.843+0200] {spark_submit.py:521} INFO - 25/06/05 18:50:37 INFO TaskSchedulerImpl: Killing all running tasks in stage 0: Stage finished
[2025-06-05T18:50:37.845+0200] {spark_submit.py:521} INFO - 25/06/05 18:50:37 INFO DAGScheduler: Job 0 finished: parquet at NativeMethodAccessorImpl.java:0, took 0.974761 s
[2025-06-05T18:50:39.241+0200] {spark_submit.py:521} INFO - 25/06/05 18:50:39 INFO InMemoryFileIndex: It took 8 ms to list leaf files for 1 paths.
[2025-06-05T18:50:39.294+0200] {spark_submit.py:521} INFO - 25/06/05 18:50:39 INFO SparkContext: Starting job: parquet at NativeMethodAccessorImpl.java:0
[2025-06-05T18:50:39.296+0200] {spark_submit.py:521} INFO - 25/06/05 18:50:39 INFO DAGScheduler: Got job 1 (parquet at NativeMethodAccessorImpl.java:0) with 1 output partitions
[2025-06-05T18:50:39.296+0200] {spark_submit.py:521} INFO - 25/06/05 18:50:39 INFO DAGScheduler: Final stage: ResultStage 1 (parquet at NativeMethodAccessorImpl.java:0)
[2025-06-05T18:50:39.296+0200] {spark_submit.py:521} INFO - 25/06/05 18:50:39 INFO DAGScheduler: Parents of final stage: List()
[2025-06-05T18:50:39.296+0200] {spark_submit.py:521} INFO - 25/06/05 18:50:39 INFO DAGScheduler: Missing parents: List()
[2025-06-05T18:50:39.298+0200] {spark_submit.py:521} INFO - 25/06/05 18:50:39 INFO DAGScheduler: Submitting ResultStage 1 (MapPartitionsRDD[3] at parquet at NativeMethodAccessorImpl.java:0), which has no missing parents
[2025-06-05T18:50:39.305+0200] {spark_submit.py:521} INFO - 25/06/05 18:50:39 INFO BlockManagerInfo: Removed broadcast_0_piece0 on 10.255.255.254:46529 in memory (size: 37.3 KiB, free: 434.4 MiB)
[2025-06-05T18:50:39.310+0200] {spark_submit.py:521} INFO - 25/06/05 18:50:39 INFO MemoryStore: Block broadcast_1 stored as values in memory (estimated size 103.5 KiB, free 434.3 MiB)
[2025-06-05T18:50:39.313+0200] {spark_submit.py:521} INFO - 25/06/05 18:50:39 INFO MemoryStore: Block broadcast_1_piece0 stored as bytes in memory (estimated size 37.3 KiB, free 434.3 MiB)
[2025-06-05T18:50:39.313+0200] {spark_submit.py:521} INFO - 25/06/05 18:50:39 INFO BlockManagerInfo: Added broadcast_1_piece0 in memory on 10.255.255.254:46529 (size: 37.3 KiB, free: 434.4 MiB)
[2025-06-05T18:50:39.314+0200] {spark_submit.py:521} INFO - 25/06/05 18:50:39 INFO SparkContext: Created broadcast 1 from broadcast at DAGScheduler.scala:1585
[2025-06-05T18:50:39.316+0200] {spark_submit.py:521} INFO - 25/06/05 18:50:39 INFO DAGScheduler: Submitting 1 missing tasks from ResultStage 1 (MapPartitionsRDD[3] at parquet at NativeMethodAccessorImpl.java:0) (first 15 tasks are for partitions Vector(0))
[2025-06-05T18:50:39.317+0200] {spark_submit.py:521} INFO - 25/06/05 18:50:39 INFO TaskSchedulerImpl: Adding task set 1.0 with 1 tasks resource profile 0
[2025-06-05T18:50:39.319+0200] {spark_submit.py:521} INFO - 25/06/05 18:50:39 INFO TaskSetManager: Starting task 0.0 in stage 1.0 (TID 1) (10.255.255.254, executor driver, partition 0, PROCESS_LOCAL, 8991 bytes)
[2025-06-05T18:50:39.320+0200] {spark_submit.py:521} INFO - 25/06/05 18:50:39 INFO Executor: Running task 0.0 in stage 1.0 (TID 1)
[2025-06-05T18:50:39.332+0200] {spark_submit.py:521} INFO - 25/06/05 18:50:39 INFO Executor: Finished task 0.0 in stage 1.0 (TID 1). 870 bytes result sent to driver
[2025-06-05T18:50:39.334+0200] {spark_submit.py:521} INFO - 25/06/05 18:50:39 INFO TaskSetManager: Finished task 0.0 in stage 1.0 (TID 1) in 16 ms on 10.255.255.254 (executor driver) (1/1)
[2025-06-05T18:50:39.335+0200] {spark_submit.py:521} INFO - 25/06/05 18:50:39 INFO TaskSchedulerImpl: Removed TaskSet 1.0, whose tasks have all completed, from pool
[2025-06-05T18:50:39.336+0200] {spark_submit.py:521} INFO - 25/06/05 18:50:39 INFO DAGScheduler: ResultStage 1 (parquet at NativeMethodAccessorImpl.java:0) finished in 0.036 s
[2025-06-05T18:50:39.336+0200] {spark_submit.py:521} INFO - 25/06/05 18:50:39 INFO DAGScheduler: Job 1 is finished. Cancelling potential speculative or zombie tasks for this job
[2025-06-05T18:50:39.336+0200] {spark_submit.py:521} INFO - 25/06/05 18:50:39 INFO TaskSchedulerImpl: Killing all running tasks in stage 1: Stage finished
[2025-06-05T18:50:39.337+0200] {spark_submit.py:521} INFO - 25/06/05 18:50:39 INFO DAGScheduler: Job 1 finished: parquet at NativeMethodAccessorImpl.java:0, took 0.042237 s
[2025-06-05T18:50:39.491+0200] {spark_submit.py:521} INFO - Traceback (most recent call last):
[2025-06-05T18:50:39.491+0200] {spark_submit.py:521} INFO - File "/home/leoja/airflow/spark_jobs/compute_quadrants.py", line 210, in <module>
[2025-06-05T18:50:39.491+0200] {spark_submit.py:521} INFO - main(indicators_path, output_path)
[2025-06-05T18:50:39.491+0200] {spark_submit.py:521} INFO - File "/home/leoja/airflow/spark_jobs/compute_quadrants.py", line 45, in main
[2025-06-05T18:50:39.491+0200] {spark_submit.py:521} INFO - existing_df = spark.read.parquet(output_parquet_path)
[2025-06-05T18:50:39.492+0200] {spark_submit.py:521} INFO - ^^^^^^^^^^^^^^^^^^^^^^^^^^^^^^^^^^^^^^^
[2025-06-05T18:50:39.492+0200] {spark_submit.py:521} INFO - File "/home/leoja/airflow/airflow_venv/lib/python3.12/site-packages/pyspark/python/lib/pyspark.zip/pyspark/sql/readwriter.py", line 544, in parquet
[2025-06-05T18:50:39.492+0200] {spark_submit.py:521} INFO - File "/home/leoja/airflow/airflow_venv/lib/python3.12/site-packages/pyspark/python/lib/py4j-0.10.9.7-src.zip/py4j/java_gateway.py", line 1322, in __call__
[2025-06-05T18:50:39.492+0200] {spark_submit.py:521} INFO - File "/home/leoja/airflow/airflow_venv/lib/python3.12/site-packages/pyspark/python/lib/pyspark.zip/pyspark/errors/exceptions/captured.py", line 185, in deco
[2025-06-05T18:50:39.499+0200] {spark_submit.py:521} INFO - pyspark.errors.exceptions.captured.AnalysisException: [UNABLE_TO_INFER_SCHEMA] Unable to infer schema for Parquet. It must be specified manually.
[2025-06-05T18:50:39.552+0200] {spark_submit.py:521} INFO - 25/06/05 18:50:39 INFO SparkContext: Invoking stop() from shutdown hook
[2025-06-05T18:50:39.553+0200] {spark_submit.py:521} INFO - 25/06/05 18:50:39 INFO SparkContext: SparkContext is stopping with exitCode 0.
[2025-06-05T18:50:39.566+0200] {spark_submit.py:521} INFO - 25/06/05 18:50:39 INFO SparkUI: Stopped Spark web UI at http://10.255.255.254:4040
[2025-06-05T18:50:39.582+0200] {spark_submit.py:521} INFO - 25/06/05 18:50:39 INFO MapOutputTrackerMasterEndpoint: MapOutputTrackerMasterEndpoint stopped!
[2025-06-05T18:50:39.601+0200] {spark_submit.py:521} INFO - 25/06/05 18:50:39 INFO MemoryStore: MemoryStore cleared
[2025-06-05T18:50:39.601+0200] {spark_submit.py:521} INFO - 25/06/05 18:50:39 INFO BlockManager: BlockManager stopped
[2025-06-05T18:50:39.605+0200] {spark_submit.py:521} INFO - 25/06/05 18:50:39 INFO BlockManagerMaster: BlockManagerMaster stopped
[2025-06-05T18:50:39.609+0200] {spark_submit.py:521} INFO - 25/06/05 18:50:39 INFO OutputCommitCoordinator$OutputCommitCoordinatorEndpoint: OutputCommitCoordinator stopped!
[2025-06-05T18:50:39.619+0200] {spark_submit.py:521} INFO - 25/06/05 18:50:39 INFO SparkContext: Successfully stopped SparkContext
[2025-06-05T18:50:39.620+0200] {spark_submit.py:521} INFO - 25/06/05 18:50:39 INFO ShutdownHookManager: Shutdown hook called
[2025-06-05T18:50:39.620+0200] {spark_submit.py:521} INFO - 25/06/05 18:50:39 INFO ShutdownHookManager: Deleting directory /tmp/spark-643bfcef-3a1b-4404-aa67-a10162b65214/pyspark-5d84e025-60f9-4e20-b736-51227f09f179
[2025-06-05T18:50:39.624+0200] {spark_submit.py:521} INFO - 25/06/05 18:50:39 INFO ShutdownHookManager: Deleting directory /tmp/spark-16fc0318-0da8-43b3-970b-f4854c7d446c
[2025-06-05T18:50:39.629+0200] {spark_submit.py:521} INFO - 25/06/05 18:50:39 INFO ShutdownHookManager: Deleting directory /tmp/spark-643bfcef-3a1b-4404-aa67-a10162b65214
[2025-06-05T18:50:39.891+0200] {taskinstance.py:441} INFO - ::group::Post task execution logs
[2025-06-05T18:50:39.896+0200] {taskinstance.py:2890} ERROR - Task failed with exception
Traceback (most recent call last):
  File "/home/leoja/airflow/airflow_venv/lib/python3.12/site-packages/airflow/models/taskinstance.py", line 465, in _execute_task
    result = _execute_callable(context=context, **execute_callable_kwargs)
             ^^^^^^^^^^^^^^^^^^^^^^^^^^^^^^^^^^^^^^^^^^^^^^^^^^^^^^^^^^^^^
  File "/home/leoja/airflow/airflow_venv/lib/python3.12/site-packages/airflow/models/taskinstance.py", line 432, in _execute_callable
    return execute_callable(context=context, **execute_callable_kwargs)
           ^^^^^^^^^^^^^^^^^^^^^^^^^^^^^^^^^^^^^^^^^^^^^^^^^^^^^^^^^^^^
  File "/home/leoja/airflow/airflow_venv/lib/python3.12/site-packages/airflow/models/baseoperator.py", line 400, in wrapper
    return func(self, *args, **kwargs)
           ^^^^^^^^^^^^^^^^^^^^^^^^^^^
  File "/home/leoja/airflow/airflow_venv/lib/python3.12/site-packages/airflow/providers/apache/spark/operators/spark_submit.py", line 156, in execute
    self._hook.submit(self._application)
  File "/home/leoja/airflow/airflow_venv/lib/python3.12/site-packages/airflow/providers/apache/spark/hooks/spark_submit.py", line 452, in submit
    raise AirflowException(
airflow.exceptions.AirflowException: Cannot execute: spark-submit --master local[*] --conf spark.pyspark.python=/home/leoja/airflow_venv/bin/python --conf spark.pyspark.driver.python=/home/leoja/airflow_venv/bin/python --name compute_economic_quadrants /home/leoja/airflow/spark_jobs/compute_quadrants.py /home/leoja/airflow/data/Indicators.parquet /home/leoja/airflow/data/quadrants.parquet. Error code is: 1.
[2025-06-05T18:50:39.949+0200] {taskinstance.py:1205} INFO - Marking task as UP_FOR_RETRY. dag_id=macro_trading_dag, task_id=compute_economic_quadrants, execution_date=20250605T165008, start_date=20250605T165031, end_date=20250605T165039
[2025-06-05T18:50:39.983+0200] {standard_task_runner.py:110} ERROR - Failed to execute job 281 for task compute_economic_quadrants (Cannot execute: spark-submit --master local[*] --conf spark.pyspark.python=/home/leoja/airflow_venv/bin/python --conf spark.pyspark.driver.python=/home/leoja/airflow_venv/bin/python --name compute_economic_quadrants /home/leoja/airflow/spark_jobs/compute_quadrants.py /home/leoja/airflow/data/Indicators.parquet /home/leoja/airflow/data/quadrants.parquet. Error code is: 1.; 535905)
[2025-06-05T18:50:40.022+0200] {local_task_job_runner.py:240} INFO - Task exited with return code 1
[2025-06-05T18:50:40.029+0200] {taskinstance.py:3482} INFO - 0 downstream tasks scheduled from follow-on schedule check
[2025-06-05T18:50:40.030+0200] {local_task_job_runner.py:222} INFO - ::endgroup::
