[2025-06-07T17:46:55.820+0200] {local_task_job_runner.py:120} INFO - ::group::Pre task execution logs
[2025-06-07T17:46:55.831+0200] {taskinstance.py:2073} INFO - Dependencies all met for dep_context=non-requeueable deps ti=<TaskInstance: macro_trading_dag.format_assets_data manual__2025-06-07T15:46:31.686414+00:00 [queued]>
[2025-06-07T17:46:55.838+0200] {taskinstance.py:2073} INFO - Dependencies all met for dep_context=requeueable deps ti=<TaskInstance: macro_trading_dag.format_assets_data manual__2025-06-07T15:46:31.686414+00:00 [queued]>
[2025-06-07T17:46:55.839+0200] {taskinstance.py:2303} INFO - Starting attempt 1 of 3
[2025-06-07T17:46:55.853+0200] {taskinstance.py:2327} INFO - Executing <Task(PythonOperator): format_assets_data> on 2025-06-07 15:46:31.686414+00:00
[2025-06-07T17:46:55.860+0200] {standard_task_runner.py:90} INFO - Running: ['airflow', 'tasks', 'run', 'macro_trading_dag', 'format_assets_data', 'manual__2025-06-07T15:46:31.686414+00:00', '--job-id', '338', '--raw', '--subdir', 'DAGS_FOLDER/macro_trading_dag.py', '--cfg-path', '/tmp/tmp3gg214n6']
[2025-06-07T17:46:55.861+0200] {standard_task_runner.py:91} INFO - Job 338: Subtask format_assets_data
[2025-06-07T17:46:55.866+0200] {logging_mixin.py:188} WARNING - /home/leoja/airflow/airflow_venv/lib/python3.12/site-packages/airflow/task/task_runner/standard_task_runner.py:61 DeprecationWarning: This process (pid=948931) is multi-threaded, use of fork() may lead to deadlocks in the child.
[2025-06-07T17:46:55.866+0200] {standard_task_runner.py:63} INFO - Started process 948963 to run task
[2025-06-07T17:46:55.915+0200] {task_command.py:426} INFO - Running <TaskInstance: macro_trading_dag.format_assets_data manual__2025-06-07T15:46:31.686414+00:00 [running]> on host N15I711-16GR512.localdomain
[2025-06-07T17:46:55.996+0200] {taskinstance.py:2644} INFO - Exporting env vars: AIRFLOW_CTX_DAG_OWNER='airflow' AIRFLOW_CTX_DAG_ID='macro_trading_dag' AIRFLOW_CTX_TASK_ID='format_assets_data' AIRFLOW_CTX_EXECUTION_DATE='2025-06-07T15:46:31.686414+00:00' AIRFLOW_CTX_TRY_NUMBER='1' AIRFLOW_CTX_DAG_RUN_ID='manual__2025-06-07T15:46:31.686414+00:00'
[2025-06-07T17:46:55.997+0200] {taskinstance.py:430} INFO - ::endgroup::
[2025-06-07T17:46:55.998+0200] {logging_mixin.py:188} INFO - → format_and_clean_data_daily: on lit le fichier CSV : /home/leoja/airflow/data/combined_assets.csv
[2025-06-07T17:46:56.015+0200] {logging_mixin.py:188} INFO -    Colonnes lues dans df : ['date', 'SP500', 'GOLD_OZ_USD', 'SmallCAP', 'US_REIT_VNQ', 'TREASURY_10Y']
[2025-06-07T17:46:56.051+0200] {logging_mixin.py:188} INFO - Données Assets journalières nettoyées sauvegardées : /home/leoja/airflow/data/Assets_daily.parquet
[2025-06-07T17:46:56.059+0200] {logging_mixin.py:188} INFO -          date        SP500  GOLD_OZ_USD   SmallCAP  US_REIT_VNQ  TREASURY_10Y
0  2005-01-03  1202.079956   428.700012  48.708611    23.444588     49.797569
1  2005-01-04  1188.050049   428.500000  47.664471    23.092220     49.487514
2  2005-01-05  1183.739990   426.600006  46.711811    22.324570     49.569416
3  2005-01-06  1187.890015   421.000000  46.959484    22.496563     49.616226
4  2005-01-07  1186.189941   418.899994  46.437416    22.446222     49.575264
[2025-06-07T17:46:56.064+0200] {logging_mixin.py:188} INFO -             date        SP500  ...  US_REIT_VNQ  TREASURY_10Y
5138  2025-06-02  5935.939941  ...    89.440002     93.940002
5139  2025-06-03  5970.370117  ...    89.260002     93.849998
5140  2025-06-04  5970.810059  ...    89.510002     94.540001
5141  2025-06-05  5939.299805  ...    89.440002     94.260002
5142  2025-06-06  6000.359863  ...    89.870003     93.510002

[5 rows x 6 columns]
[2025-06-07T17:46:56.064+0200] {python.py:237} INFO - Done. Returned value was: /home/leoja/airflow/data/Assets_daily.parquet
[2025-06-07T17:46:56.064+0200] {taskinstance.py:441} INFO - ::group::Post task execution logs
[2025-06-07T17:46:56.092+0200] {taskinstance.py:1205} INFO - Marking task as SUCCESS. dag_id=macro_trading_dag, task_id=format_assets_data, execution_date=20250607T154631, start_date=20250607T154655, end_date=20250607T154656
[2025-06-07T17:46:56.122+0200] {local_task_job_runner.py:240} INFO - Task exited with return code 0
[2025-06-07T17:46:56.132+0200] {taskinstance.py:3482} INFO - 0 downstream tasks scheduled from follow-on schedule check
[2025-06-07T17:46:56.132+0200] {local_task_job_runner.py:222} INFO - ::endgroup::
