[2025-06-05T22:38:34.220+0200] {local_task_job_runner.py:120} INFO - ::group::Pre task execution logs
[2025-06-05T22:38:34.231+0200] {taskinstance.py:2073} INFO - Dependencies all met for dep_context=non-requeueable deps ti=<TaskInstance: macro_trading_dag.compute_economic_quadrants manual__2025-06-05T20:32:01.368855+00:00 [queued]>
[2025-06-05T22:38:34.235+0200] {taskinstance.py:2073} INFO - Dependencies all met for dep_context=requeueable deps ti=<TaskInstance: macro_trading_dag.compute_economic_quadrants manual__2025-06-05T20:32:01.368855+00:00 [queued]>
[2025-06-05T22:38:34.235+0200] {taskinstance.py:2303} INFO - Starting attempt 3 of 3
[2025-06-05T22:38:34.249+0200] {taskinstance.py:2327} INFO - Executing <Task(SparkSubmitOperator): compute_economic_quadrants> on 2025-06-05 20:32:01.368855+00:00
[2025-06-05T22:38:34.258+0200] {standard_task_runner.py:90} INFO - Running: ['airflow', 'tasks', 'run', 'macro_trading_dag', 'compute_economic_quadrants', 'manual__2025-06-05T20:32:01.368855+00:00', '--job-id', '306', '--raw', '--subdir', 'DAGS_FOLDER/macro_trading_dag.py', '--cfg-path', '/tmp/tmp2kilrtwy']
[2025-06-05T22:38:34.259+0200] {standard_task_runner.py:91} INFO - Job 306: Subtask compute_economic_quadrants
[2025-06-05T22:38:34.265+0200] {logging_mixin.py:188} WARNING - /home/leoja/airflow/airflow_venv/lib/python3.12/site-packages/airflow/task/task_runner/standard_task_runner.py:61 DeprecationWarning: This process (pid=602322) is multi-threaded, use of fork() may lead to deadlocks in the child.
[2025-06-05T22:38:34.266+0200] {standard_task_runner.py:63} INFO - Started process 602332 to run task
[2025-06-05T22:38:34.293+0200] {task_command.py:426} INFO - Running <TaskInstance: macro_trading_dag.compute_economic_quadrants manual__2025-06-05T20:32:01.368855+00:00 [running]> on host N15I711-16GR512.localdomain
[2025-06-05T22:38:34.352+0200] {taskinstance.py:2644} INFO - Exporting env vars: AIRFLOW_CTX_DAG_OWNER='airflow' AIRFLOW_CTX_DAG_ID='macro_trading_dag' AIRFLOW_CTX_TASK_ID='compute_economic_quadrants' AIRFLOW_CTX_EXECUTION_DATE='2025-06-05T20:32:01.368855+00:00' AIRFLOW_CTX_TRY_NUMBER='3' AIRFLOW_CTX_DAG_RUN_ID='manual__2025-06-05T20:32:01.368855+00:00'
[2025-06-05T22:38:34.353+0200] {taskinstance.py:430} INFO - ::endgroup::
[2025-06-05T22:38:34.358+0200] {base.py:84} INFO - Using connection ID 'spark_local' for task execution.
[2025-06-05T22:38:34.359+0200] {spark_submit.py:351} INFO - Spark-Submit cmd: spark-submit --master local[*] --conf spark.pyspark.python=/home/leoja/airflow_venv/bin/python --conf spark.pyspark.driver.python=/home/leoja/airflow_venv/bin/python --name compute_economic_quadrants /home/leoja/airflow/spark_jobs/compute_quadrants.py /home/leoja/airflow/data/Indicators.parquet /home/leoja/airflow/data/quadrants.parquet /home/leoja/airflow/data/data/quadrants.csv
[2025-06-05T22:38:35.655+0200] {spark_submit.py:521} INFO - 25/06/05 22:38:35 WARN Utils: Your hostname, N15I711-16GR512 resolves to a loopback address: 127.0.1.1; using 10.255.255.254 instead (on interface lo)
[2025-06-05T22:38:35.657+0200] {spark_submit.py:521} INFO - 25/06/05 22:38:35 WARN Utils: Set SPARK_LOCAL_IP if you need to bind to another address
[2025-06-05T22:38:36.569+0200] {spark_submit.py:521} INFO - 25/06/05 22:38:36 INFO SparkContext: Running Spark version 3.5.5
[2025-06-05T22:38:36.570+0200] {spark_submit.py:521} INFO - 25/06/05 22:38:36 INFO SparkContext: OS info Linux, 6.6.87.1-microsoft-standard-WSL2, amd64
[2025-06-05T22:38:36.571+0200] {spark_submit.py:521} INFO - 25/06/05 22:38:36 INFO SparkContext: Java version 11.0.27
[2025-06-05T22:38:36.650+0200] {spark_submit.py:521} INFO - 25/06/05 22:38:36 WARN NativeCodeLoader: Unable to load native-hadoop library for your platform... using builtin-java classes where applicable
[2025-06-05T22:38:36.732+0200] {spark_submit.py:521} INFO - 25/06/05 22:38:36 INFO ResourceUtils: ==============================================================
[2025-06-05T22:38:36.732+0200] {spark_submit.py:521} INFO - 25/06/05 22:38:36 INFO ResourceUtils: No custom resources configured for spark.driver.
[2025-06-05T22:38:36.732+0200] {spark_submit.py:521} INFO - 25/06/05 22:38:36 INFO ResourceUtils: ==============================================================
[2025-06-05T22:38:36.733+0200] {spark_submit.py:521} INFO - 25/06/05 22:38:36 INFO SparkContext: Submitted application: ComputeEconomicQuadrants
[2025-06-05T22:38:36.751+0200] {spark_submit.py:521} INFO - 25/06/05 22:38:36 INFO ResourceProfile: Default ResourceProfile created, executor resources: Map(cores -> name: cores, amount: 1, script: , vendor: , memory -> name: memory, amount: 1024, script: , vendor: , offHeap -> name: offHeap, amount: 0, script: , vendor: ), task resources: Map(cpus -> name: cpus, amount: 1.0)
[2025-06-05T22:38:36.761+0200] {spark_submit.py:521} INFO - 25/06/05 22:38:36 INFO ResourceProfile: Limiting resource is cpu
[2025-06-05T22:38:36.762+0200] {spark_submit.py:521} INFO - 25/06/05 22:38:36 INFO ResourceProfileManager: Added ResourceProfile id: 0
[2025-06-05T22:38:36.806+0200] {spark_submit.py:521} INFO - 25/06/05 22:38:36 INFO SecurityManager: Changing view acls to: leoja
[2025-06-05T22:38:36.807+0200] {spark_submit.py:521} INFO - 25/06/05 22:38:36 INFO SecurityManager: Changing modify acls to: leoja
[2025-06-05T22:38:36.807+0200] {spark_submit.py:521} INFO - 25/06/05 22:38:36 INFO SecurityManager: Changing view acls groups to:
[2025-06-05T22:38:36.807+0200] {spark_submit.py:521} INFO - 25/06/05 22:38:36 INFO SecurityManager: Changing modify acls groups to:
[2025-06-05T22:38:36.808+0200] {spark_submit.py:521} INFO - 25/06/05 22:38:36 INFO SecurityManager: SecurityManager: authentication disabled; ui acls disabled; users with view permissions: leoja; groups with view permissions: EMPTY; users with modify permissions: leoja; groups with modify permissions: EMPTY
[2025-06-05T22:38:37.039+0200] {spark_submit.py:521} INFO - 25/06/05 22:38:37 INFO Utils: Successfully started service 'sparkDriver' on port 38749.
[2025-06-05T22:38:37.080+0200] {spark_submit.py:521} INFO - 25/06/05 22:38:37 INFO SparkEnv: Registering MapOutputTracker
[2025-06-05T22:38:37.125+0200] {spark_submit.py:521} INFO - 25/06/05 22:38:37 INFO SparkEnv: Registering BlockManagerMaster
[2025-06-05T22:38:37.151+0200] {spark_submit.py:521} INFO - 25/06/05 22:38:37 INFO BlockManagerMasterEndpoint: Using org.apache.spark.storage.DefaultTopologyMapper for getting topology information
[2025-06-05T22:38:37.152+0200] {spark_submit.py:521} INFO - 25/06/05 22:38:37 INFO BlockManagerMasterEndpoint: BlockManagerMasterEndpoint up
[2025-06-05T22:38:37.157+0200] {spark_submit.py:521} INFO - 25/06/05 22:38:37 INFO SparkEnv: Registering BlockManagerMasterHeartbeat
[2025-06-05T22:38:37.180+0200] {spark_submit.py:521} INFO - 25/06/05 22:38:37 INFO DiskBlockManager: Created local directory at /tmp/blockmgr-01a20f72-045f-44ff-90ce-e860d88490c7
[2025-06-05T22:38:37.196+0200] {spark_submit.py:521} INFO - 25/06/05 22:38:37 INFO MemoryStore: MemoryStore started with capacity 434.4 MiB
[2025-06-05T22:38:37.213+0200] {spark_submit.py:521} INFO - 25/06/05 22:38:37 INFO SparkEnv: Registering OutputCommitCoordinator
[2025-06-05T22:38:37.339+0200] {spark_submit.py:521} INFO - 25/06/05 22:38:37 INFO JettyUtils: Start Jetty 0.0.0.0:4040 for SparkUI
[2025-06-05T22:38:37.388+0200] {spark_submit.py:521} INFO - 25/06/05 22:38:37 INFO Utils: Successfully started service 'SparkUI' on port 4040.
[2025-06-05T22:38:37.466+0200] {spark_submit.py:521} INFO - 25/06/05 22:38:37 INFO Executor: Starting executor ID driver on host 10.255.255.254
[2025-06-05T22:38:37.467+0200] {spark_submit.py:521} INFO - 25/06/05 22:38:37 INFO Executor: OS info Linux, 6.6.87.1-microsoft-standard-WSL2, amd64
[2025-06-05T22:38:37.467+0200] {spark_submit.py:521} INFO - 25/06/05 22:38:37 INFO Executor: Java version 11.0.27
[2025-06-05T22:38:37.473+0200] {spark_submit.py:521} INFO - 25/06/05 22:38:37 INFO Executor: Starting executor with user classpath (userClassPathFirst = false): ''
[2025-06-05T22:38:37.473+0200] {spark_submit.py:521} INFO - 25/06/05 22:38:37 INFO Executor: Created or updated repl class loader org.apache.spark.util.MutableURLClassLoader@398899fe for default.
[2025-06-05T22:38:37.496+0200] {spark_submit.py:521} INFO - 25/06/05 22:38:37 INFO Utils: Successfully started service 'org.apache.spark.network.netty.NettyBlockTransferService' on port 38955.
[2025-06-05T22:38:37.497+0200] {spark_submit.py:521} INFO - 25/06/05 22:38:37 INFO NettyBlockTransferService: Server created on 10.255.255.254:38955
[2025-06-05T22:38:37.499+0200] {spark_submit.py:521} INFO - 25/06/05 22:38:37 INFO BlockManager: Using org.apache.spark.storage.RandomBlockReplicationPolicy for block replication policy
[2025-06-05T22:38:37.504+0200] {spark_submit.py:521} INFO - 25/06/05 22:38:37 INFO BlockManagerMaster: Registering BlockManager BlockManagerId(driver, 10.255.255.254, 38955, None)
[2025-06-05T22:38:37.508+0200] {spark_submit.py:521} INFO - 25/06/05 22:38:37 INFO BlockManagerMasterEndpoint: Registering block manager 10.255.255.254:38955 with 434.4 MiB RAM, BlockManagerId(driver, 10.255.255.254, 38955, None)
[2025-06-05T22:38:37.510+0200] {spark_submit.py:521} INFO - 25/06/05 22:38:37 INFO BlockManagerMaster: Registered BlockManager BlockManagerId(driver, 10.255.255.254, 38955, None)
[2025-06-05T22:38:37.511+0200] {spark_submit.py:521} INFO - 25/06/05 22:38:37 INFO BlockManager: Initialized BlockManager: BlockManagerId(driver, 10.255.255.254, 38955, None)
[2025-06-05T22:38:37.924+0200] {spark_submit.py:521} INFO - 25/06/05 22:38:37 INFO SharedState: Setting hive.metastore.warehouse.dir ('null') to the value of spark.sql.warehouse.dir.
[2025-06-05T22:38:37.932+0200] {spark_submit.py:521} INFO - 25/06/05 22:38:37 INFO SharedState: Warehouse path is 'file:/home/leoja/airflow/airflow_venv/spark-warehouse'.
[2025-06-05T22:38:41.089+0200] {spark_submit.py:521} INFO - 25/06/05 22:38:41 INFO InMemoryFileIndex: It took 52 ms to list leaf files for 1 paths.
[2025-06-05T22:38:41.594+0200] {spark_submit.py:521} INFO - 25/06/05 22:38:41 INFO SparkContext: Starting job: parquet at NativeMethodAccessorImpl.java:0
[2025-06-05T22:38:41.612+0200] {spark_submit.py:521} INFO - 25/06/05 22:38:41 INFO DAGScheduler: Got job 0 (parquet at NativeMethodAccessorImpl.java:0) with 1 output partitions
[2025-06-05T22:38:41.613+0200] {spark_submit.py:521} INFO - 25/06/05 22:38:41 INFO DAGScheduler: Final stage: ResultStage 0 (parquet at NativeMethodAccessorImpl.java:0)
[2025-06-05T22:38:41.613+0200] {spark_submit.py:521} INFO - 25/06/05 22:38:41 INFO DAGScheduler: Parents of final stage: List()
[2025-06-05T22:38:41.614+0200] {spark_submit.py:521} INFO - 25/06/05 22:38:41 INFO DAGScheduler: Missing parents: List()
[2025-06-05T22:38:41.619+0200] {spark_submit.py:521} INFO - 25/06/05 22:38:41 INFO DAGScheduler: Submitting ResultStage 0 (MapPartitionsRDD[1] at parquet at NativeMethodAccessorImpl.java:0), which has no missing parents
[2025-06-05T22:38:41.700+0200] {spark_submit.py:521} INFO - 25/06/05 22:38:41 INFO MemoryStore: Block broadcast_0 stored as values in memory (estimated size 103.5 KiB, free 434.3 MiB)
[2025-06-05T22:38:41.740+0200] {spark_submit.py:521} INFO - 25/06/05 22:38:41 INFO MemoryStore: Block broadcast_0_piece0 stored as bytes in memory (estimated size 37.3 KiB, free 434.3 MiB)
[2025-06-05T22:38:41.744+0200] {spark_submit.py:521} INFO - 25/06/05 22:38:41 INFO BlockManagerInfo: Added broadcast_0_piece0 in memory on 10.255.255.254:38955 (size: 37.3 KiB, free: 434.4 MiB)
[2025-06-05T22:38:41.748+0200] {spark_submit.py:521} INFO - 25/06/05 22:38:41 INFO SparkContext: Created broadcast 0 from broadcast at DAGScheduler.scala:1585
[2025-06-05T22:38:41.768+0200] {spark_submit.py:521} INFO - 25/06/05 22:38:41 INFO DAGScheduler: Submitting 1 missing tasks from ResultStage 0 (MapPartitionsRDD[1] at parquet at NativeMethodAccessorImpl.java:0) (first 15 tasks are for partitions Vector(0))
[2025-06-05T22:38:41.770+0200] {spark_submit.py:521} INFO - 25/06/05 22:38:41 INFO TaskSchedulerImpl: Adding task set 0.0 with 1 tasks resource profile 0
[2025-06-05T22:38:41.829+0200] {spark_submit.py:521} INFO - 25/06/05 22:38:41 INFO TaskSetManager: Starting task 0.0 in stage 0.0 (TID 0) (10.255.255.254, executor driver, partition 0, PROCESS_LOCAL, 9142 bytes)
[2025-06-05T22:38:41.845+0200] {spark_submit.py:521} INFO - 25/06/05 22:38:41 INFO Executor: Running task 0.0 in stage 0.0 (TID 0)
[2025-06-05T22:38:42.159+0200] {spark_submit.py:521} INFO - 25/06/05 22:38:42 INFO Executor: Finished task 0.0 in stage 0.0 (TID 0). 1974 bytes result sent to driver
[2025-06-05T22:38:42.168+0200] {spark_submit.py:521} INFO - 25/06/05 22:38:42 INFO TaskSetManager: Finished task 0.0 in stage 0.0 (TID 0) in 363 ms on 10.255.255.254 (executor driver) (1/1)
[2025-06-05T22:38:42.169+0200] {spark_submit.py:521} INFO - 25/06/05 22:38:42 INFO TaskSchedulerImpl: Removed TaskSet 0.0, whose tasks have all completed, from pool
[2025-06-05T22:38:42.173+0200] {spark_submit.py:521} INFO - 25/06/05 22:38:42 INFO DAGScheduler: ResultStage 0 (parquet at NativeMethodAccessorImpl.java:0) finished in 0.538 s
[2025-06-05T22:38:42.177+0200] {spark_submit.py:521} INFO - 25/06/05 22:38:42 INFO DAGScheduler: Job 0 is finished. Cancelling potential speculative or zombie tasks for this job
[2025-06-05T22:38:42.177+0200] {spark_submit.py:521} INFO - 25/06/05 22:38:42 INFO TaskSchedulerImpl: Killing all running tasks in stage 0: Stage finished
[2025-06-05T22:38:42.179+0200] {spark_submit.py:521} INFO - 25/06/05 22:38:42 INFO DAGScheduler: Job 0 finished: parquet at NativeMethodAccessorImpl.java:0, took 0.584482 s
[2025-06-05T22:38:42.627+0200] {spark_submit.py:521} INFO - 25/06/05 22:38:42 INFO BlockManagerInfo: Removed broadcast_0_piece0 on 10.255.255.254:38955 in memory (size: 37.3 KiB, free: 434.4 MiB)
[2025-06-05T22:38:42.922+0200] {spark_submit.py:521} INFO - 25/06/05 22:38:42 INFO InMemoryFileIndex: It took 2 ms to list leaf files for 1 paths.
[2025-06-05T22:38:42.962+0200] {spark_submit.py:521} INFO - 25/06/05 22:38:42 INFO SparkContext: Starting job: parquet at NativeMethodAccessorImpl.java:0
[2025-06-05T22:38:42.963+0200] {spark_submit.py:521} INFO - 25/06/05 22:38:42 INFO DAGScheduler: Got job 1 (parquet at NativeMethodAccessorImpl.java:0) with 1 output partitions
[2025-06-05T22:38:42.964+0200] {spark_submit.py:521} INFO - 25/06/05 22:38:42 INFO DAGScheduler: Final stage: ResultStage 1 (parquet at NativeMethodAccessorImpl.java:0)
[2025-06-05T22:38:42.964+0200] {spark_submit.py:521} INFO - 25/06/05 22:38:42 INFO DAGScheduler: Parents of final stage: List()
[2025-06-05T22:38:42.964+0200] {spark_submit.py:521} INFO - 25/06/05 22:38:42 INFO DAGScheduler: Missing parents: List()
[2025-06-05T22:38:42.966+0200] {spark_submit.py:521} INFO - 25/06/05 22:38:42 INFO DAGScheduler: Submitting ResultStage 1 (MapPartitionsRDD[3] at parquet at NativeMethodAccessorImpl.java:0), which has no missing parents
[2025-06-05T22:38:42.977+0200] {spark_submit.py:521} INFO - 25/06/05 22:38:42 INFO MemoryStore: Block broadcast_1 stored as values in memory (estimated size 103.5 KiB, free 434.3 MiB)
[2025-06-05T22:38:42.983+0200] {spark_submit.py:521} INFO - 25/06/05 22:38:42 INFO MemoryStore: Block broadcast_1_piece0 stored as bytes in memory (estimated size 37.3 KiB, free 434.3 MiB)
[2025-06-05T22:38:42.984+0200] {spark_submit.py:521} INFO - 25/06/05 22:38:42 INFO BlockManagerInfo: Added broadcast_1_piece0 in memory on 10.255.255.254:38955 (size: 37.3 KiB, free: 434.4 MiB)
[2025-06-05T22:38:42.985+0200] {spark_submit.py:521} INFO - 25/06/05 22:38:42 INFO SparkContext: Created broadcast 1 from broadcast at DAGScheduler.scala:1585
[2025-06-05T22:38:42.986+0200] {spark_submit.py:521} INFO - 25/06/05 22:38:42 INFO DAGScheduler: Submitting 1 missing tasks from ResultStage 1 (MapPartitionsRDD[3] at parquet at NativeMethodAccessorImpl.java:0) (first 15 tasks are for partitions Vector(0))
[2025-06-05T22:38:42.987+0200] {spark_submit.py:521} INFO - 25/06/05 22:38:42 INFO TaskSchedulerImpl: Adding task set 1.0 with 1 tasks resource profile 0
[2025-06-05T22:38:42.989+0200] {spark_submit.py:521} INFO - 25/06/05 22:38:42 INFO TaskSetManager: Starting task 0.0 in stage 1.0 (TID 1) (10.255.255.254, executor driver, partition 0, PROCESS_LOCAL, 9141 bytes)
[2025-06-05T22:38:42.990+0200] {spark_submit.py:521} INFO - 25/06/05 22:38:42 INFO Executor: Running task 0.0 in stage 1.0 (TID 1)
[2025-06-05T22:38:43.043+0200] {spark_submit.py:521} INFO - 25/06/05 22:38:43 INFO Executor: Finished task 0.0 in stage 1.0 (TID 1). 3927 bytes result sent to driver
[2025-06-05T22:38:43.047+0200] {spark_submit.py:521} INFO - 25/06/05 22:38:43 INFO TaskSetManager: Finished task 0.0 in stage 1.0 (TID 1) in 59 ms on 10.255.255.254 (executor driver) (1/1)
[2025-06-05T22:38:43.048+0200] {spark_submit.py:521} INFO - 25/06/05 22:38:43 INFO TaskSchedulerImpl: Removed TaskSet 1.0, whose tasks have all completed, from pool
[2025-06-05T22:38:43.048+0200] {spark_submit.py:521} INFO - 25/06/05 22:38:43 INFO DAGScheduler: ResultStage 1 (parquet at NativeMethodAccessorImpl.java:0) finished in 0.081 s
[2025-06-05T22:38:43.049+0200] {spark_submit.py:521} INFO - 25/06/05 22:38:43 INFO DAGScheduler: Job 1 is finished. Cancelling potential speculative or zombie tasks for this job
[2025-06-05T22:38:43.049+0200] {spark_submit.py:521} INFO - 25/06/05 22:38:43 INFO TaskSchedulerImpl: Killing all running tasks in stage 1: Stage finished
[2025-06-05T22:38:43.049+0200] {spark_submit.py:521} INFO - 25/06/05 22:38:43 INFO DAGScheduler: Job 1 finished: parquet at NativeMethodAccessorImpl.java:0, took 0.087258 s
[2025-06-05T22:38:43.385+0200] {spark_submit.py:521} INFO - 25/06/05 22:38:43 INFO BlockManagerInfo: Removed broadcast_1_piece0 on 10.255.255.254:38955 in memory (size: 37.3 KiB, free: 434.4 MiB)
[2025-06-05T22:38:43.486+0200] {spark_submit.py:521} INFO - 25/06/05 22:38:43 INFO FileSourceStrategy: Pushed Filters:
[2025-06-05T22:38:43.487+0200] {spark_submit.py:521} INFO - 25/06/05 22:38:43 INFO FileSourceStrategy: Post-Scan Filters:
[2025-06-05T22:38:43.853+0200] {spark_submit.py:521} INFO - 25/06/05 22:38:43 INFO CodeGenerator: Code generated in 172.923887 ms
[2025-06-05T22:38:43.878+0200] {spark_submit.py:521} INFO - 25/06/05 22:38:43 INFO MemoryStore: Block broadcast_2 stored as values in memory (estimated size 201.2 KiB, free 434.2 MiB)
[2025-06-05T22:38:43.884+0200] {spark_submit.py:521} INFO - 25/06/05 22:38:43 INFO MemoryStore: Block broadcast_2_piece0 stored as bytes in memory (estimated size 35.0 KiB, free 434.2 MiB)
[2025-06-05T22:38:43.885+0200] {spark_submit.py:521} INFO - 25/06/05 22:38:43 INFO BlockManagerInfo: Added broadcast_2_piece0 in memory on 10.255.255.254:38955 (size: 35.0 KiB, free: 434.4 MiB)
[2025-06-05T22:38:43.886+0200] {spark_submit.py:521} INFO - 25/06/05 22:38:43 INFO SparkContext: Created broadcast 2 from collect at /home/leoja/airflow/spark_jobs/compute_quadrants.py:122
[2025-06-05T22:38:43.900+0200] {spark_submit.py:521} INFO - 25/06/05 22:38:43 INFO FileSourceScanExec: Planning scan with bin packing, max size: 4194304 bytes, open cost is considered as scanning 4194304 bytes.
[2025-06-05T22:38:43.957+0200] {spark_submit.py:521} INFO - 25/06/05 22:38:43 INFO DAGScheduler: Registering RDD 7 (collect at /home/leoja/airflow/spark_jobs/compute_quadrants.py:122) as input to shuffle 0
[2025-06-05T22:38:43.961+0200] {spark_submit.py:521} INFO - 25/06/05 22:38:43 INFO DAGScheduler: Got map stage job 2 (collect at /home/leoja/airflow/spark_jobs/compute_quadrants.py:122) with 1 output partitions
[2025-06-05T22:38:43.962+0200] {spark_submit.py:521} INFO - 25/06/05 22:38:43 INFO DAGScheduler: Final stage: ShuffleMapStage 2 (collect at /home/leoja/airflow/spark_jobs/compute_quadrants.py:122)
[2025-06-05T22:38:43.962+0200] {spark_submit.py:521} INFO - 25/06/05 22:38:43 INFO DAGScheduler: Parents of final stage: List()
[2025-06-05T22:38:43.964+0200] {spark_submit.py:521} INFO - 25/06/05 22:38:43 INFO DAGScheduler: Missing parents: List()
[2025-06-05T22:38:43.966+0200] {spark_submit.py:521} INFO - 25/06/05 22:38:43 INFO DAGScheduler: Submitting ShuffleMapStage 2 (MapPartitionsRDD[7] at collect at /home/leoja/airflow/spark_jobs/compute_quadrants.py:122), which has no missing parents
[2025-06-05T22:38:44.013+0200] {spark_submit.py:521} INFO - 25/06/05 22:38:44 INFO MemoryStore: Block broadcast_3 stored as values in memory (estimated size 18.6 KiB, free 434.2 MiB)
[2025-06-05T22:38:44.019+0200] {spark_submit.py:521} INFO - 25/06/05 22:38:44 INFO MemoryStore: Block broadcast_3_piece0 stored as bytes in memory (estimated size 8.3 KiB, free 434.1 MiB)
[2025-06-05T22:38:44.020+0200] {spark_submit.py:521} INFO - 25/06/05 22:38:44 INFO BlockManagerInfo: Added broadcast_3_piece0 in memory on 10.255.255.254:38955 (size: 8.3 KiB, free: 434.4 MiB)
[2025-06-05T22:38:44.021+0200] {spark_submit.py:521} INFO - 25/06/05 22:38:44 INFO SparkContext: Created broadcast 3 from broadcast at DAGScheduler.scala:1585
[2025-06-05T22:38:44.024+0200] {spark_submit.py:521} INFO - 25/06/05 22:38:44 INFO DAGScheduler: Submitting 1 missing tasks from ShuffleMapStage 2 (MapPartitionsRDD[7] at collect at /home/leoja/airflow/spark_jobs/compute_quadrants.py:122) (first 15 tasks are for partitions Vector(0))
[2025-06-05T22:38:44.024+0200] {spark_submit.py:521} INFO - 25/06/05 22:38:44 INFO TaskSchedulerImpl: Adding task set 2.0 with 1 tasks resource profile 0
[2025-06-05T22:38:44.029+0200] {spark_submit.py:521} INFO - 25/06/05 22:38:44 INFO TaskSetManager: Starting task 0.0 in stage 2.0 (TID 2) (10.255.255.254, executor driver, partition 0, PROCESS_LOCAL, 9600 bytes)
[2025-06-05T22:38:44.030+0200] {spark_submit.py:521} INFO - 25/06/05 22:38:44 INFO Executor: Running task 0.0 in stage 2.0 (TID 2)
[2025-06-05T22:38:44.106+0200] {spark_submit.py:521} INFO - 25/06/05 22:38:44 INFO CodeGenerator: Code generated in 18.997709 ms
[2025-06-05T22:38:44.119+0200] {spark_submit.py:521} INFO - 25/06/05 22:38:44 INFO FileScanRDD: Reading File path: file:///home/leoja/airflow/data/quadrants.parquet, range: 0-44072, partition values: [empty row]
[2025-06-05T22:38:44.246+0200] {spark_submit.py:521} INFO - 25/06/05 22:38:44 INFO CodecPool: Got brand-new decompressor [.snappy]
[2025-06-05T22:38:44.413+0200] {spark_submit.py:521} INFO - 25/06/05 22:38:44 INFO Executor: Finished task 0.0 in stage 2.0 (TID 2). 2224 bytes result sent to driver
[2025-06-05T22:38:44.416+0200] {spark_submit.py:521} INFO - 25/06/05 22:38:44 INFO TaskSetManager: Finished task 0.0 in stage 2.0 (TID 2) in 391 ms on 10.255.255.254 (executor driver) (1/1)
[2025-06-05T22:38:44.417+0200] {spark_submit.py:521} INFO - 25/06/05 22:38:44 INFO TaskSchedulerImpl: Removed TaskSet 2.0, whose tasks have all completed, from pool
[2025-06-05T22:38:44.419+0200] {spark_submit.py:521} INFO - 25/06/05 22:38:44 INFO DAGScheduler: ShuffleMapStage 2 (collect at /home/leoja/airflow/spark_jobs/compute_quadrants.py:122) finished in 0.448 s
[2025-06-05T22:38:44.420+0200] {spark_submit.py:521} INFO - 25/06/05 22:38:44 INFO DAGScheduler: looking for newly runnable stages
[2025-06-05T22:38:44.420+0200] {spark_submit.py:521} INFO - 25/06/05 22:38:44 INFO DAGScheduler: running: Set()
[2025-06-05T22:38:44.420+0200] {spark_submit.py:521} INFO - 25/06/05 22:38:44 INFO DAGScheduler: waiting: Set()
[2025-06-05T22:38:44.421+0200] {spark_submit.py:521} INFO - 25/06/05 22:38:44 INFO DAGScheduler: failed: Set()
[2025-06-05T22:38:44.470+0200] {spark_submit.py:521} INFO - 25/06/05 22:38:44 INFO CodeGenerator: Code generated in 15.44417 ms
[2025-06-05T22:38:44.498+0200] {spark_submit.py:521} INFO - 25/06/05 22:38:44 INFO SparkContext: Starting job: collect at /home/leoja/airflow/spark_jobs/compute_quadrants.py:122
[2025-06-05T22:38:44.501+0200] {spark_submit.py:521} INFO - 25/06/05 22:38:44 INFO DAGScheduler: Got job 3 (collect at /home/leoja/airflow/spark_jobs/compute_quadrants.py:122) with 1 output partitions
[2025-06-05T22:38:44.502+0200] {spark_submit.py:521} INFO - 25/06/05 22:38:44 INFO DAGScheduler: Final stage: ResultStage 4 (collect at /home/leoja/airflow/spark_jobs/compute_quadrants.py:122)
[2025-06-05T22:38:44.502+0200] {spark_submit.py:521} INFO - 25/06/05 22:38:44 INFO DAGScheduler: Parents of final stage: List(ShuffleMapStage 3)
[2025-06-05T22:38:44.502+0200] {spark_submit.py:521} INFO - 25/06/05 22:38:44 INFO DAGScheduler: Missing parents: List()
[2025-06-05T22:38:44.503+0200] {spark_submit.py:521} INFO - 25/06/05 22:38:44 INFO DAGScheduler: Submitting ResultStage 4 (MapPartitionsRDD[10] at collect at /home/leoja/airflow/spark_jobs/compute_quadrants.py:122), which has no missing parents
[2025-06-05T22:38:44.513+0200] {spark_submit.py:521} INFO - 25/06/05 22:38:44 INFO MemoryStore: Block broadcast_4 stored as values in memory (estimated size 13.1 KiB, free 434.1 MiB)
[2025-06-05T22:38:44.515+0200] {spark_submit.py:521} INFO - 25/06/05 22:38:44 INFO MemoryStore: Block broadcast_4_piece0 stored as bytes in memory (estimated size 6.1 KiB, free 434.1 MiB)
[2025-06-05T22:38:44.517+0200] {spark_submit.py:521} INFO - 25/06/05 22:38:44 INFO BlockManagerInfo: Added broadcast_4_piece0 in memory on 10.255.255.254:38955 (size: 6.1 KiB, free: 434.4 MiB)
[2025-06-05T22:38:44.517+0200] {spark_submit.py:521} INFO - 25/06/05 22:38:44 INFO SparkContext: Created broadcast 4 from broadcast at DAGScheduler.scala:1585
[2025-06-05T22:38:44.518+0200] {spark_submit.py:521} INFO - 25/06/05 22:38:44 INFO DAGScheduler: Submitting 1 missing tasks from ResultStage 4 (MapPartitionsRDD[10] at collect at /home/leoja/airflow/spark_jobs/compute_quadrants.py:122) (first 15 tasks are for partitions Vector(0))
[2025-06-05T22:38:44.518+0200] {spark_submit.py:521} INFO - 25/06/05 22:38:44 INFO TaskSchedulerImpl: Adding task set 4.0 with 1 tasks resource profile 0
[2025-06-05T22:38:44.524+0200] {spark_submit.py:521} INFO - 25/06/05 22:38:44 INFO TaskSetManager: Starting task 0.0 in stage 4.0 (TID 3) (10.255.255.254, executor driver, partition 0, NODE_LOCAL, 8999 bytes)
[2025-06-05T22:38:44.525+0200] {spark_submit.py:521} INFO - 25/06/05 22:38:44 INFO Executor: Running task 0.0 in stage 4.0 (TID 3)
[2025-06-05T22:38:44.564+0200] {spark_submit.py:521} INFO - 25/06/05 22:38:44 INFO ShuffleBlockFetcherIterator: Getting 1 (60.0 B) non-empty blocks including 1 (60.0 B) local and 0 (0.0 B) host-local and 0 (0.0 B) push-merged-local and 0 (0.0 B) remote blocks
[2025-06-05T22:38:44.565+0200] {spark_submit.py:521} INFO - 25/06/05 22:38:44 INFO ShuffleBlockFetcherIterator: Started 0 remote fetches in 8 ms
[2025-06-05T22:38:44.583+0200] {spark_submit.py:521} INFO - 25/06/05 22:38:44 INFO CodeGenerator: Code generated in 14.388436 ms
[2025-06-05T22:38:44.600+0200] {spark_submit.py:521} INFO - 25/06/05 22:38:44 INFO Executor: Finished task 0.0 in stage 4.0 (TID 3). 4038 bytes result sent to driver
[2025-06-05T22:38:44.602+0200] {spark_submit.py:521} INFO - 25/06/05 22:38:44 INFO TaskSetManager: Finished task 0.0 in stage 4.0 (TID 3) in 80 ms on 10.255.255.254 (executor driver) (1/1)
[2025-06-05T22:38:44.603+0200] {spark_submit.py:521} INFO - 25/06/05 22:38:44 INFO TaskSchedulerImpl: Removed TaskSet 4.0, whose tasks have all completed, from pool
[2025-06-05T22:38:44.604+0200] {spark_submit.py:521} INFO - 25/06/05 22:38:44 INFO DAGScheduler: ResultStage 4 (collect at /home/leoja/airflow/spark_jobs/compute_quadrants.py:122) finished in 0.093 s
[2025-06-05T22:38:44.604+0200] {spark_submit.py:521} INFO - 25/06/05 22:38:44 INFO DAGScheduler: Job 3 is finished. Cancelling potential speculative or zombie tasks for this job
[2025-06-05T22:38:44.604+0200] {spark_submit.py:521} INFO - 25/06/05 22:38:44 INFO TaskSchedulerImpl: Killing all running tasks in stage 4: Stage finished
[2025-06-05T22:38:44.604+0200] {spark_submit.py:521} INFO - 25/06/05 22:38:44 INFO DAGScheduler: Job 3 finished: collect at /home/leoja/airflow/spark_jobs/compute_quadrants.py:122, took 0.105845 s
[2025-06-05T22:38:44.784+0200] {spark_submit.py:521} INFO - 25/06/05 22:38:44 INFO FileSourceStrategy: Pushed Filters:
[2025-06-05T22:38:44.786+0200] {spark_submit.py:521} INFO - 25/06/05 22:38:44 INFO FileSourceStrategy: Post-Scan Filters: (gettimestamp(date#0, yyyy-MM-dd, TimestampType, Some(Europe/Paris), false) >= 2025-07-01 00:00:00)
[2025-06-05T22:38:44.860+0200] {spark_submit.py:521} INFO - 25/06/05 22:38:44 INFO CodeGenerator: Code generated in 38.355633 ms
[2025-06-05T22:38:44.868+0200] {spark_submit.py:521} INFO - 25/06/05 22:38:44 INFO MemoryStore: Block broadcast_5 stored as values in memory (estimated size 202.1 KiB, free 433.9 MiB)
[2025-06-05T22:38:44.878+0200] {spark_submit.py:521} INFO - 25/06/05 22:38:44 INFO MemoryStore: Block broadcast_5_piece0 stored as bytes in memory (estimated size 35.2 KiB, free 433.9 MiB)
[2025-06-05T22:38:44.879+0200] {spark_submit.py:521} INFO - 25/06/05 22:38:44 INFO BlockManagerInfo: Added broadcast_5_piece0 in memory on 10.255.255.254:38955 (size: 35.2 KiB, free: 434.3 MiB)
[2025-06-05T22:38:44.880+0200] {spark_submit.py:521} INFO - 25/06/05 22:38:44 INFO SparkContext: Created broadcast 5 from javaToPython at NativeMethodAccessorImpl.java:0
[2025-06-05T22:38:44.883+0200] {spark_submit.py:521} INFO - 25/06/05 22:38:44 INFO FileSourceScanExec: Planning scan with bin packing, max size: 4194304 bytes, open cost is considered as scanning 4194304 bytes.
[2025-06-05T22:38:44.913+0200] {spark_submit.py:521} INFO - 25/06/05 22:38:44 INFO CodeGenerator: Code generated in 12.590105 ms
[2025-06-05T22:38:44.946+0200] {spark_submit.py:521} INFO - 25/06/05 22:38:44 INFO SparkContext: Starting job: javaToPython at NativeMethodAccessorImpl.java:0
[2025-06-05T22:38:44.948+0200] {spark_submit.py:521} INFO - 25/06/05 22:38:44 INFO DAGScheduler: Got job 4 (javaToPython at NativeMethodAccessorImpl.java:0) with 1 output partitions
[2025-06-05T22:38:44.948+0200] {spark_submit.py:521} INFO - 25/06/05 22:38:44 INFO DAGScheduler: Final stage: ResultStage 5 (javaToPython at NativeMethodAccessorImpl.java:0)
[2025-06-05T22:38:44.948+0200] {spark_submit.py:521} INFO - 25/06/05 22:38:44 INFO DAGScheduler: Parents of final stage: List()
[2025-06-05T22:38:44.948+0200] {spark_submit.py:521} INFO - 25/06/05 22:38:44 INFO DAGScheduler: Missing parents: List()
[2025-06-05T22:38:44.950+0200] {spark_submit.py:521} INFO - 25/06/05 22:38:44 INFO DAGScheduler: Submitting ResultStage 5 (MapPartitionsRDD[16] at javaToPython at NativeMethodAccessorImpl.java:0), which has no missing parents
[2025-06-05T22:38:44.952+0200] {spark_submit.py:521} INFO - 25/06/05 22:38:44 INFO MemoryStore: Block broadcast_6 stored as values in memory (estimated size 23.7 KiB, free 433.9 MiB)
[2025-06-05T22:38:44.955+0200] {spark_submit.py:521} INFO - 25/06/05 22:38:44 INFO MemoryStore: Block broadcast_6_piece0 stored as bytes in memory (estimated size 9.5 KiB, free 433.9 MiB)
[2025-06-05T22:38:44.956+0200] {spark_submit.py:521} INFO - 25/06/05 22:38:44 INFO BlockManagerInfo: Added broadcast_6_piece0 in memory on 10.255.255.254:38955 (size: 9.5 KiB, free: 434.3 MiB)
[2025-06-05T22:38:44.956+0200] {spark_submit.py:521} INFO - 25/06/05 22:38:44 INFO SparkContext: Created broadcast 6 from broadcast at DAGScheduler.scala:1585
[2025-06-05T22:38:44.957+0200] {spark_submit.py:521} INFO - 25/06/05 22:38:44 INFO DAGScheduler: Submitting 1 missing tasks from ResultStage 5 (MapPartitionsRDD[16] at javaToPython at NativeMethodAccessorImpl.java:0) (first 15 tasks are for partitions Vector(0))
[2025-06-05T22:38:44.957+0200] {spark_submit.py:521} INFO - 25/06/05 22:38:44 INFO TaskSchedulerImpl: Adding task set 5.0 with 1 tasks resource profile 0
[2025-06-05T22:38:44.959+0200] {spark_submit.py:521} INFO - 25/06/05 22:38:44 INFO TaskSetManager: Starting task 0.0 in stage 5.0 (TID 4) (10.255.255.254, executor driver, partition 0, PROCESS_LOCAL, 9612 bytes)
[2025-06-05T22:38:44.960+0200] {spark_submit.py:521} INFO - 25/06/05 22:38:44 INFO Executor: Running task 0.0 in stage 5.0 (TID 4)
[2025-06-05T22:38:44.997+0200] {spark_submit.py:521} INFO - 25/06/05 22:38:44 INFO CodeGenerator: Code generated in 23.469998 ms
[2025-06-05T22:38:45.014+0200] {spark_submit.py:521} INFO - 25/06/05 22:38:45 INFO CodeGenerator: Code generated in 8.851012 ms
[2025-06-05T22:38:45.016+0200] {spark_submit.py:521} INFO - 25/06/05 22:38:45 INFO FileScanRDD: Reading File path: file:///home/leoja/airflow/data/Indicators.parquet, range: 0-13095, partition values: [empty row]
[2025-06-05T22:38:45.051+0200] {spark_submit.py:521} INFO - 25/06/05 22:38:45 INFO Executor: Finished task 0.0 in stage 5.0 (TID 4). 1804 bytes result sent to driver
[2025-06-05T22:38:45.052+0200] {spark_submit.py:521} INFO - 25/06/05 22:38:45 INFO TaskSetManager: Finished task 0.0 in stage 5.0 (TID 4) in 94 ms on 10.255.255.254 (executor driver) (1/1)
[2025-06-05T22:38:45.052+0200] {spark_submit.py:521} INFO - 25/06/05 22:38:45 INFO TaskSchedulerImpl: Removed TaskSet 5.0, whose tasks have all completed, from pool
[2025-06-05T22:38:45.053+0200] {spark_submit.py:521} INFO - 25/06/05 22:38:45 INFO DAGScheduler: ResultStage 5 (javaToPython at NativeMethodAccessorImpl.java:0) finished in 0.103 s
[2025-06-05T22:38:45.054+0200] {spark_submit.py:521} INFO - 25/06/05 22:38:45 INFO DAGScheduler: Job 4 is finished. Cancelling potential speculative or zombie tasks for this job
[2025-06-05T22:38:45.054+0200] {spark_submit.py:521} INFO - 25/06/05 22:38:45 INFO TaskSchedulerImpl: Killing all running tasks in stage 5: Stage finished
[2025-06-05T22:38:45.054+0200] {spark_submit.py:521} INFO - 25/06/05 22:38:45 INFO DAGScheduler: Job 4 finished: javaToPython at NativeMethodAccessorImpl.java:0, took 0.108285 s
[2025-06-05T22:38:45.059+0200] {spark_submit.py:521} INFO - 25/06/05 22:38:45 INFO DAGScheduler: Registering RDD 17 (javaToPython at NativeMethodAccessorImpl.java:0) as input to shuffle 1
[2025-06-05T22:38:45.059+0200] {spark_submit.py:521} INFO - 25/06/05 22:38:45 INFO DAGScheduler: Got map stage job 5 (javaToPython at NativeMethodAccessorImpl.java:0) with 1 output partitions
[2025-06-05T22:38:45.060+0200] {spark_submit.py:521} INFO - 25/06/05 22:38:45 INFO DAGScheduler: Final stage: ShuffleMapStage 6 (javaToPython at NativeMethodAccessorImpl.java:0)
[2025-06-05T22:38:45.060+0200] {spark_submit.py:521} INFO - 25/06/05 22:38:45 INFO DAGScheduler: Parents of final stage: List()
[2025-06-05T22:38:45.060+0200] {spark_submit.py:521} INFO - 25/06/05 22:38:45 INFO DAGScheduler: Missing parents: List()
[2025-06-05T22:38:45.061+0200] {spark_submit.py:521} INFO - 25/06/05 22:38:45 INFO DAGScheduler: Submitting ShuffleMapStage 6 (MapPartitionsRDD[17] at javaToPython at NativeMethodAccessorImpl.java:0), which has no missing parents
[2025-06-05T22:38:45.069+0200] {spark_submit.py:521} INFO - 25/06/05 22:38:45 INFO MemoryStore: Block broadcast_7 stored as values in memory (estimated size 25.5 KiB, free 433.8 MiB)
[2025-06-05T22:38:45.071+0200] {spark_submit.py:521} INFO - 25/06/05 22:38:45 INFO MemoryStore: Block broadcast_7_piece0 stored as bytes in memory (estimated size 10.5 KiB, free 433.8 MiB)
[2025-06-05T22:38:45.072+0200] {spark_submit.py:521} INFO - 25/06/05 22:38:45 INFO BlockManagerInfo: Added broadcast_7_piece0 in memory on 10.255.255.254:38955 (size: 10.5 KiB, free: 434.3 MiB)
[2025-06-05T22:38:45.072+0200] {spark_submit.py:521} INFO - 25/06/05 22:38:45 INFO SparkContext: Created broadcast 7 from broadcast at DAGScheduler.scala:1585
[2025-06-05T22:38:45.073+0200] {spark_submit.py:521} INFO - 25/06/05 22:38:45 INFO DAGScheduler: Submitting 1 missing tasks from ShuffleMapStage 6 (MapPartitionsRDD[17] at javaToPython at NativeMethodAccessorImpl.java:0) (first 15 tasks are for partitions Vector(0))
[2025-06-05T22:38:45.074+0200] {spark_submit.py:521} INFO - 25/06/05 22:38:45 INFO TaskSchedulerImpl: Adding task set 6.0 with 1 tasks resource profile 0
[2025-06-05T22:38:45.075+0200] {spark_submit.py:521} INFO - 25/06/05 22:38:45 INFO TaskSetManager: Starting task 0.0 in stage 6.0 (TID 5) (10.255.255.254, executor driver, partition 0, PROCESS_LOCAL, 9601 bytes)
[2025-06-05T22:38:45.076+0200] {spark_submit.py:521} INFO - 25/06/05 22:38:45 INFO Executor: Running task 0.0 in stage 6.0 (TID 5)
[2025-06-05T22:38:45.097+0200] {spark_submit.py:521} INFO - 25/06/05 22:38:45 INFO CodeGenerator: Code generated in 5.974825 ms
[2025-06-05T22:38:45.105+0200] {spark_submit.py:521} INFO - 25/06/05 22:38:45 INFO FileScanRDD: Reading File path: file:///home/leoja/airflow/data/Indicators.parquet, range: 0-13095, partition values: [empty row]
[2025-06-05T22:38:45.121+0200] {spark_submit.py:521} INFO - 25/06/05 22:38:45 INFO Executor: Finished task 0.0 in stage 6.0 (TID 5). 1924 bytes result sent to driver
[2025-06-05T22:38:45.123+0200] {spark_submit.py:521} INFO - 25/06/05 22:38:45 INFO TaskSetManager: Finished task 0.0 in stage 6.0 (TID 5) in 47 ms on 10.255.255.254 (executor driver) (1/1)
[2025-06-05T22:38:45.123+0200] {spark_submit.py:521} INFO - 25/06/05 22:38:45 INFO TaskSchedulerImpl: Removed TaskSet 6.0, whose tasks have all completed, from pool
[2025-06-05T22:38:45.124+0200] {spark_submit.py:521} INFO - 25/06/05 22:38:45 INFO DAGScheduler: ShuffleMapStage 6 (javaToPython at NativeMethodAccessorImpl.java:0) finished in 0.061 s
[2025-06-05T22:38:45.124+0200] {spark_submit.py:521} INFO - 25/06/05 22:38:45 INFO DAGScheduler: looking for newly runnable stages
[2025-06-05T22:38:45.124+0200] {spark_submit.py:521} INFO - 25/06/05 22:38:45 INFO DAGScheduler: running: Set()
[2025-06-05T22:38:45.124+0200] {spark_submit.py:521} INFO - 25/06/05 22:38:45 INFO DAGScheduler: waiting: Set()
[2025-06-05T22:38:45.125+0200] {spark_submit.py:521} INFO - 25/06/05 22:38:45 INFO DAGScheduler: failed: Set()
[2025-06-05T22:38:45.156+0200] {spark_submit.py:521} INFO - Aucune nouvelle donnée après 2025-06-30. Pas de réécriture.
[2025-06-05T22:38:45.156+0200] {spark_submit.py:521} INFO - 25/06/05 22:38:45 INFO SparkContext: SparkContext is stopping with exitCode 0.
[2025-06-05T22:38:45.172+0200] {spark_submit.py:521} INFO - 25/06/05 22:38:45 INFO BlockManagerInfo: Removed broadcast_7_piece0 on 10.255.255.254:38955 in memory (size: 10.5 KiB, free: 434.3 MiB)
[2025-06-05T22:38:45.177+0200] {spark_submit.py:521} INFO - 25/06/05 22:38:45 INFO BlockManagerInfo: Removed broadcast_6_piece0 on 10.255.255.254:38955 in memory (size: 9.5 KiB, free: 434.3 MiB)
[2025-06-05T22:38:45.181+0200] {spark_submit.py:521} INFO - 25/06/05 22:38:45 INFO SparkUI: Stopped Spark web UI at http://10.255.255.254:4040
[2025-06-05T22:38:45.181+0200] {spark_submit.py:521} INFO - 25/06/05 22:38:45 INFO BlockManagerInfo: Removed broadcast_3_piece0 on 10.255.255.254:38955 in memory (size: 8.3 KiB, free: 434.3 MiB)
[2025-06-05T22:38:45.197+0200] {spark_submit.py:521} INFO - 25/06/05 22:38:45 INFO MapOutputTrackerMasterEndpoint: MapOutputTrackerMasterEndpoint stopped!
[2025-06-05T22:38:45.212+0200] {spark_submit.py:521} INFO - 25/06/05 22:38:45 INFO MemoryStore: MemoryStore cleared
[2025-06-05T22:38:45.212+0200] {spark_submit.py:521} INFO - 25/06/05 22:38:45 INFO BlockManager: BlockManager stopped
[2025-06-05T22:38:45.215+0200] {spark_submit.py:521} INFO - 25/06/05 22:38:45 INFO BlockManagerMaster: BlockManagerMaster stopped
[2025-06-05T22:38:45.217+0200] {spark_submit.py:521} INFO - 25/06/05 22:38:45 INFO OutputCommitCoordinator$OutputCommitCoordinatorEndpoint: OutputCommitCoordinator stopped!
[2025-06-05T22:38:45.226+0200] {spark_submit.py:521} INFO - 25/06/05 22:38:45 INFO SparkContext: Successfully stopped SparkContext
[2025-06-05T22:38:45.427+0200] {spark_submit.py:521} INFO - 25/06/05 22:38:45 INFO ShutdownHookManager: Shutdown hook called
[2025-06-05T22:38:45.427+0200] {spark_submit.py:521} INFO - 25/06/05 22:38:45 INFO ShutdownHookManager: Deleting directory /tmp/spark-246165a1-31a7-4232-826d-19446165b9c4
[2025-06-05T22:38:45.431+0200] {spark_submit.py:521} INFO - 25/06/05 22:38:45 INFO ShutdownHookManager: Deleting directory /tmp/spark-cc369ec1-5d47-4711-8d5a-4692a9474d7f
[2025-06-05T22:38:45.434+0200] {spark_submit.py:521} INFO - 25/06/05 22:38:45 INFO ShutdownHookManager: Deleting directory /tmp/spark-246165a1-31a7-4232-826d-19446165b9c4/pyspark-3fdde58f-28e0-4c48-a46f-59819c8fab8a
[2025-06-05T22:38:45.480+0200] {taskinstance.py:441} INFO - ::group::Post task execution logs
[2025-06-05T22:38:45.484+0200] {taskinstance.py:1205} INFO - Marking task as SUCCESS. dag_id=macro_trading_dag, task_id=compute_economic_quadrants, execution_date=20250605T203201, start_date=20250605T203834, end_date=20250605T203845
[2025-06-05T22:38:45.532+0200] {local_task_job_runner.py:240} INFO - Task exited with return code 0
[2025-06-05T22:38:45.549+0200] {taskinstance.py:3482} INFO - 1 downstream tasks scheduled from follow-on schedule check
[2025-06-05T22:38:45.560+0200] {local_task_job_runner.py:222} INFO - ::endgroup::
