[2025-06-05T22:32:24.090+0200] {local_task_job_runner.py:120} INFO - ::group::Pre task execution logs
[2025-06-05T22:32:24.101+0200] {taskinstance.py:2073} INFO - Dependencies all met for dep_context=non-requeueable deps ti=<TaskInstance: macro_trading_dag.compute_economic_quadrants manual__2025-06-05T20:32:01.368855+00:00 [queued]>
[2025-06-05T22:32:24.104+0200] {taskinstance.py:2073} INFO - Dependencies all met for dep_context=requeueable deps ti=<TaskInstance: macro_trading_dag.compute_economic_quadrants manual__2025-06-05T20:32:01.368855+00:00 [queued]>
[2025-06-05T22:32:24.105+0200] {taskinstance.py:2303} INFO - Starting attempt 1 of 3
[2025-06-05T22:32:24.116+0200] {taskinstance.py:2327} INFO - Executing <Task(SparkSubmitOperator): compute_economic_quadrants> on 2025-06-05 20:32:01.368855+00:00
[2025-06-05T22:32:24.123+0200] {standard_task_runner.py:90} INFO - Running: ['airflow', 'tasks', 'run', 'macro_trading_dag', 'compute_economic_quadrants', 'manual__2025-06-05T20:32:01.368855+00:00', '--job-id', '304', '--raw', '--subdir', 'DAGS_FOLDER/macro_trading_dag.py', '--cfg-path', '/tmp/tmpyjv6e3nj']
[2025-06-05T22:32:24.124+0200] {standard_task_runner.py:91} INFO - Job 304: Subtask compute_economic_quadrants
[2025-06-05T22:32:24.129+0200] {logging_mixin.py:188} WARNING - /home/leoja/airflow/airflow_venv/lib/python3.12/site-packages/airflow/task/task_runner/standard_task_runner.py:61 DeprecationWarning: This process (pid=599635) is multi-threaded, use of fork() may lead to deadlocks in the child.
[2025-06-05T22:32:24.129+0200] {standard_task_runner.py:63} INFO - Started process 599645 to run task
[2025-06-05T22:32:24.158+0200] {task_command.py:426} INFO - Running <TaskInstance: macro_trading_dag.compute_economic_quadrants manual__2025-06-05T20:32:01.368855+00:00 [running]> on host N15I711-16GR512.localdomain
[2025-06-05T22:32:24.211+0200] {taskinstance.py:2644} INFO - Exporting env vars: AIRFLOW_CTX_DAG_OWNER='airflow' AIRFLOW_CTX_DAG_ID='macro_trading_dag' AIRFLOW_CTX_TASK_ID='compute_economic_quadrants' AIRFLOW_CTX_EXECUTION_DATE='2025-06-05T20:32:01.368855+00:00' AIRFLOW_CTX_TRY_NUMBER='1' AIRFLOW_CTX_DAG_RUN_ID='manual__2025-06-05T20:32:01.368855+00:00'
[2025-06-05T22:32:24.212+0200] {taskinstance.py:430} INFO - ::endgroup::
[2025-06-05T22:32:24.216+0200] {base.py:84} INFO - Using connection ID 'spark_local' for task execution.
[2025-06-05T22:32:24.218+0200] {spark_submit.py:351} INFO - Spark-Submit cmd: spark-submit --master local[*] --conf spark.pyspark.python=/home/leoja/airflow_venv/bin/python --conf spark.pyspark.driver.python=/home/leoja/airflow_venv/bin/python --name compute_economic_quadrants /home/leoja/airflow/spark_jobs/compute_quadrants.py /home/leoja/airflow/data/Indicators.parquet /home/leoja/airflow/data/quadrants.parquet
[2025-06-05T22:32:25.521+0200] {spark_submit.py:521} INFO - 25/06/05 22:32:25 WARN Utils: Your hostname, N15I711-16GR512 resolves to a loopback address: 127.0.1.1; using 10.255.255.254 instead (on interface lo)
[2025-06-05T22:32:25.524+0200] {spark_submit.py:521} INFO - 25/06/05 22:32:25 WARN Utils: Set SPARK_LOCAL_IP if you need to bind to another address
[2025-06-05T22:32:26.359+0200] {spark_submit.py:521} INFO - Usage: compute_quadrants.py <input_indicators.parquet> <output_quadrants.parquet> <output_quadrants.csv>
[2025-06-05T22:32:26.407+0200] {spark_submit.py:521} INFO - 25/06/05 22:32:26 INFO ShutdownHookManager: Shutdown hook called
[2025-06-05T22:32:26.408+0200] {spark_submit.py:521} INFO - 25/06/05 22:32:26 INFO ShutdownHookManager: Deleting directory /tmp/spark-d1e10b1a-611d-434b-8737-917b7b1eafb4
[2025-06-05T22:32:26.430+0200] {taskinstance.py:441} INFO - ::group::Post task execution logs
[2025-06-05T22:32:26.434+0200] {taskinstance.py:2890} ERROR - Task failed with exception
Traceback (most recent call last):
  File "/home/leoja/airflow/airflow_venv/lib/python3.12/site-packages/airflow/models/taskinstance.py", line 465, in _execute_task
    result = _execute_callable(context=context, **execute_callable_kwargs)
             ^^^^^^^^^^^^^^^^^^^^^^^^^^^^^^^^^^^^^^^^^^^^^^^^^^^^^^^^^^^^^
  File "/home/leoja/airflow/airflow_venv/lib/python3.12/site-packages/airflow/models/taskinstance.py", line 432, in _execute_callable
    return execute_callable(context=context, **execute_callable_kwargs)
           ^^^^^^^^^^^^^^^^^^^^^^^^^^^^^^^^^^^^^^^^^^^^^^^^^^^^^^^^^^^^
  File "/home/leoja/airflow/airflow_venv/lib/python3.12/site-packages/airflow/models/baseoperator.py", line 400, in wrapper
    return func(self, *args, **kwargs)
           ^^^^^^^^^^^^^^^^^^^^^^^^^^^
  File "/home/leoja/airflow/airflow_venv/lib/python3.12/site-packages/airflow/providers/apache/spark/operators/spark_submit.py", line 156, in execute
    self._hook.submit(self._application)
  File "/home/leoja/airflow/airflow_venv/lib/python3.12/site-packages/airflow/providers/apache/spark/hooks/spark_submit.py", line 452, in submit
    raise AirflowException(
airflow.exceptions.AirflowException: Cannot execute: spark-submit --master local[*] --conf spark.pyspark.python=/home/leoja/airflow_venv/bin/python --conf spark.pyspark.driver.python=/home/leoja/airflow_venv/bin/python --name compute_economic_quadrants /home/leoja/airflow/spark_jobs/compute_quadrants.py /home/leoja/airflow/data/Indicators.parquet /home/leoja/airflow/data/quadrants.parquet. Error code is: 1.
[2025-06-05T22:32:26.437+0200] {taskinstance.py:1205} INFO - Marking task as UP_FOR_RETRY. dag_id=macro_trading_dag, task_id=compute_economic_quadrants, execution_date=20250605T203201, start_date=20250605T203224, end_date=20250605T203226
[2025-06-05T22:32:26.452+0200] {standard_task_runner.py:110} ERROR - Failed to execute job 304 for task compute_economic_quadrants (Cannot execute: spark-submit --master local[*] --conf spark.pyspark.python=/home/leoja/airflow_venv/bin/python --conf spark.pyspark.driver.python=/home/leoja/airflow_venv/bin/python --name compute_economic_quadrants /home/leoja/airflow/spark_jobs/compute_quadrants.py /home/leoja/airflow/data/Indicators.parquet /home/leoja/airflow/data/quadrants.parquet. Error code is: 1.; 599645)
[2025-06-05T22:32:26.477+0200] {local_task_job_runner.py:240} INFO - Task exited with return code 1
[2025-06-05T22:32:26.490+0200] {taskinstance.py:3482} INFO - 0 downstream tasks scheduled from follow-on schedule check
[2025-06-05T22:32:26.490+0200] {local_task_job_runner.py:222} INFO - ::endgroup::
