[2025-06-03T19:27:39.966+0200] {local_task_job_runner.py:120} INFO - ::group::Pre task execution logs
[2025-06-03T19:27:39.976+0200] {taskinstance.py:2073} INFO - Dependencies all met for dep_context=non-requeueable deps ti=<TaskInstance: macro_trading_dag.format_indicators_data manual__2025-06-03T14:00:34.154573+00:00 [queued]>
[2025-06-03T19:27:39.980+0200] {taskinstance.py:2073} INFO - Dependencies all met for dep_context=requeueable deps ti=<TaskInstance: macro_trading_dag.format_indicators_data manual__2025-06-03T14:00:34.154573+00:00 [queued]>
[2025-06-03T19:27:39.980+0200] {taskinstance.py:2303} INFO - Starting attempt 3 of 5
[2025-06-03T19:27:39.993+0200] {taskinstance.py:2327} INFO - Executing <Task(PythonOperator): format_indicators_data> on 2025-06-03 14:00:34.154573+00:00
[2025-06-03T19:27:39.999+0200] {standard_task_runner.py:90} INFO - Running: ['airflow', 'tasks', 'run', 'macro_trading_dag', 'format_indicators_data', 'manual__2025-06-03T14:00:34.154573+00:00', '--job-id', '179', '--raw', '--subdir', 'DAGS_FOLDER/macro_trading_dag.py', '--cfg-path', '/tmp/tmpbdlltg8l']
[2025-06-03T19:27:40.000+0200] {standard_task_runner.py:91} INFO - Job 179: Subtask format_indicators_data
[2025-06-03T19:27:40.005+0200] {logging_mixin.py:188} WARNING - /home/leoja/airflow/airflow_venv/lib/python3.12/site-packages/airflow/task/task_runner/standard_task_runner.py:61 DeprecationWarning: This process (pid=229797) is multi-threaded, use of fork() may lead to deadlocks in the child.
[2025-06-03T19:27:40.005+0200] {standard_task_runner.py:63} INFO - Started process 229829 to run task
[2025-06-03T19:27:40.031+0200] {task_command.py:426} INFO - Running <TaskInstance: macro_trading_dag.format_indicators_data manual__2025-06-03T14:00:34.154573+00:00 [running]> on host N15I711-16GR512.localdomain
[2025-06-03T19:27:40.091+0200] {taskinstance.py:2644} INFO - Exporting env vars: AIRFLOW_CTX_DAG_OWNER='airflow' AIRFLOW_CTX_DAG_ID='macro_trading_dag' AIRFLOW_CTX_TASK_ID='format_indicators_data' AIRFLOW_CTX_EXECUTION_DATE='2025-06-03T14:00:34.154573+00:00' AIRFLOW_CTX_TRY_NUMBER='3' AIRFLOW_CTX_DAG_RUN_ID='manual__2025-06-03T14:00:34.154573+00:00'
[2025-06-03T19:27:40.092+0200] {taskinstance.py:430} INFO - ::endgroup::
[2025-06-03T19:27:40.118+0200] {logging_mixin.py:188} WARNING - /home/leoja/airflow/dags/macro_trading_dag.py:182 FutureWarning: 'M' is deprecated and will be removed in a future version, please use 'ME' instead.
[2025-06-03T19:27:40.138+0200] {logging_mixin.py:188} INFO - Données Indicators mensuelles nettoyées sauvegardées: /home/leoja/airflow/data/Indicators.parquet
[2025-06-03T19:27:40.146+0200] {logging_mixin.py:188} INFO -            date  ...  10-2Year_Treasury_Yield_Bond
229  2025-02-28  ...                          0.25
230  2025-03-31  ...                          0.34
231  2025-04-30  ...                          0.57
232  2025-05-31  ...                          0.52
233  2025-06-30  ...                          0.52

[5 rows x 6 columns]
[2025-06-03T19:27:40.146+0200] {python.py:237} INFO - Done. Returned value was: /home/leoja/airflow/data/Indicators.parquet
[2025-06-03T19:27:40.146+0200] {taskinstance.py:441} INFO - ::group::Post task execution logs
[2025-06-03T19:27:40.161+0200] {taskinstance.py:1205} INFO - Marking task as SUCCESS. dag_id=macro_trading_dag, task_id=format_indicators_data, execution_date=20250603T140034, start_date=20250603T172739, end_date=20250603T172740
[2025-06-03T19:27:40.179+0200] {local_task_job_runner.py:240} INFO - Task exited with return code 0
[2025-06-03T19:27:40.189+0200] {taskinstance.py:3482} INFO - 1 downstream tasks scheduled from follow-on schedule check
[2025-06-03T19:27:40.195+0200] {local_task_job_runner.py:222} INFO - ::endgroup::
