[2025-06-10T19:00:04.089+0200] {local_task_job_runner.py:120} INFO - ::group::Pre task execution logs
[2025-06-10T19:00:04.107+0200] {taskinstance.py:2073} INFO - Dependencies all met for dep_context=non-requeueable deps ti=<TaskInstance: macro_trading_dag.compute_economic_quadrants manual__2025-06-10T16:59:27.828582+00:00 [queued]>
[2025-06-10T19:00:04.113+0200] {taskinstance.py:2073} INFO - Dependencies all met for dep_context=requeueable deps ti=<TaskInstance: macro_trading_dag.compute_economic_quadrants manual__2025-06-10T16:59:27.828582+00:00 [queued]>
[2025-06-10T19:00:04.113+0200] {taskinstance.py:2303} INFO - Starting attempt 1 of 3
[2025-06-10T19:00:04.131+0200] {taskinstance.py:2327} INFO - Executing <Task(SparkSubmitOperator): compute_economic_quadrants> on 2025-06-10 16:59:27.828582+00:00
[2025-06-10T19:00:04.143+0200] {standard_task_runner.py:90} INFO - Running: ['airflow', 'tasks', 'run', 'macro_trading_dag', 'compute_economic_quadrants', 'manual__2025-06-10T16:59:27.828582+00:00', '--job-id', '454', '--raw', '--subdir', 'DAGS_FOLDER/macro_trading_dag.py', '--cfg-path', '/tmp/tmpieo50jyk']
[2025-06-10T19:00:04.144+0200] {standard_task_runner.py:91} INFO - Job 454: Subtask compute_economic_quadrants
[2025-06-10T19:00:04.151+0200] {logging_mixin.py:188} WARNING - /home/leoja/airflow/airflow_venv/lib/python3.12/site-packages/airflow/task/task_runner/standard_task_runner.py:61 DeprecationWarning: This process (pid=295248) is multi-threaded, use of fork() may lead to deadlocks in the child.
[2025-06-10T19:00:04.152+0200] {standard_task_runner.py:63} INFO - Started process 295312 to run task
[2025-06-10T19:00:04.197+0200] {task_command.py:426} INFO - Running <TaskInstance: macro_trading_dag.compute_economic_quadrants manual__2025-06-10T16:59:27.828582+00:00 [running]> on host N15I711-16GR512.localdomain
[2025-06-10T19:00:04.296+0200] {taskinstance.py:2644} INFO - Exporting env vars: AIRFLOW_CTX_DAG_OWNER='airflow' AIRFLOW_CTX_DAG_ID='macro_trading_dag' AIRFLOW_CTX_TASK_ID='compute_economic_quadrants' AIRFLOW_CTX_EXECUTION_DATE='2025-06-10T16:59:27.828582+00:00' AIRFLOW_CTX_TRY_NUMBER='1' AIRFLOW_CTX_DAG_RUN_ID='manual__2025-06-10T16:59:27.828582+00:00'
[2025-06-10T19:00:04.298+0200] {taskinstance.py:430} INFO - ::endgroup::
[2025-06-10T19:00:04.304+0200] {base.py:84} INFO - Using connection ID 'spark_local' for task execution.
[2025-06-10T19:00:04.305+0200] {spark_submit.py:351} INFO - Spark-Submit cmd: spark-submit --master local[*] --conf spark.pyspark.python=/home/leoja/airflow_venv/bin/python --conf spark.pyspark.driver.python=/home/leoja/airflow_venv/bin/python --name compute_economic_quadrants /home/leoja/airflow/spark_jobs/compute_quadrants.py /home/leoja/airflow/data/Indicators.parquet /home/leoja/airflow/data/quadrants.parquet /home/leoja/airflow/data/quadrants.csv
[2025-06-10T19:00:10.983+0200] {spark_submit.py:521} INFO - 25/06/10 19:00:10 WARN Utils: Your hostname, N15I711-16GR512 resolves to a loopback address: 127.0.1.1; using 10.255.255.254 instead (on interface lo)
[2025-06-10T19:00:10.993+0200] {spark_submit.py:521} INFO - 25/06/10 19:00:10 WARN Utils: Set SPARK_LOCAL_IP if you need to bind to another address
[2025-06-10T19:00:14.648+0200] {spark_submit.py:521} INFO - 25/06/10 19:00:14 INFO SparkContext: Running Spark version 3.5.5
[2025-06-10T19:00:14.649+0200] {spark_submit.py:521} INFO - 25/06/10 19:00:14 INFO SparkContext: OS info Linux, 6.6.87.1-microsoft-standard-WSL2, amd64
[2025-06-10T19:00:14.649+0200] {spark_submit.py:521} INFO - 25/06/10 19:00:14 INFO SparkContext: Java version 17.0.15
[2025-06-10T19:00:16.076+0200] {spark_submit.py:521} INFO - 25/06/10 19:00:16 WARN NativeCodeLoader: Unable to load native-hadoop library for your platform... using builtin-java classes where applicable
[2025-06-10T19:00:16.485+0200] {spark_submit.py:521} INFO - 25/06/10 19:00:16 INFO ResourceUtils: ==============================================================
[2025-06-10T19:00:16.487+0200] {spark_submit.py:521} INFO - 25/06/10 19:00:16 INFO ResourceUtils: No custom resources configured for spark.driver.
[2025-06-10T19:00:16.489+0200] {spark_submit.py:521} INFO - 25/06/10 19:00:16 INFO ResourceUtils: ==============================================================
[2025-06-10T19:00:16.493+0200] {spark_submit.py:521} INFO - 25/06/10 19:00:16 INFO SparkContext: Submitted application: ComputeEconomicQuadrants
[2025-06-10T19:00:16.606+0200] {spark_submit.py:521} INFO - 25/06/10 19:00:16 INFO ResourceProfile: Default ResourceProfile created, executor resources: Map(cores -> name: cores, amount: 1, script: , vendor: , memory -> name: memory, amount: 1024, script: , vendor: , offHeap -> name: offHeap, amount: 0, script: , vendor: ), task resources: Map(cpus -> name: cpus, amount: 1.0)
[2025-06-10T19:00:16.625+0200] {spark_submit.py:521} INFO - 25/06/10 19:00:16 INFO ResourceProfile: Limiting resource is cpu
[2025-06-10T19:00:16.626+0200] {spark_submit.py:521} INFO - 25/06/10 19:00:16 INFO ResourceProfileManager: Added ResourceProfile id: 0
[2025-06-10T19:00:17.041+0200] {spark_submit.py:521} INFO - 25/06/10 19:00:17 INFO SecurityManager: Changing view acls to: leoja
[2025-06-10T19:00:17.043+0200] {spark_submit.py:521} INFO - 25/06/10 19:00:17 INFO SecurityManager: Changing modify acls to: leoja
[2025-06-10T19:00:17.046+0200] {spark_submit.py:521} INFO - 25/06/10 19:00:17 INFO SecurityManager: Changing view acls groups to:
[2025-06-10T19:00:17.049+0200] {spark_submit.py:521} INFO - 25/06/10 19:00:17 INFO SecurityManager: Changing modify acls groups to:
[2025-06-10T19:00:17.051+0200] {spark_submit.py:521} INFO - 25/06/10 19:00:17 INFO SecurityManager: SecurityManager: authentication disabled; ui acls disabled; users with view permissions: leoja; groups with view permissions: EMPTY; users with modify permissions: leoja; groups with modify permissions: EMPTY
[2025-06-10T19:00:18.533+0200] {spark_submit.py:521} INFO - 25/06/10 19:00:18 INFO Utils: Successfully started service 'sparkDriver' on port 35791.
[2025-06-10T19:00:18.735+0200] {spark_submit.py:521} INFO - 25/06/10 19:00:18 INFO SparkEnv: Registering MapOutputTracker
[2025-06-10T19:00:18.925+0200] {spark_submit.py:521} INFO - 25/06/10 19:00:18 INFO SparkEnv: Registering BlockManagerMaster
[2025-06-10T19:00:19.072+0200] {spark_submit.py:521} INFO - 25/06/10 19:00:19 INFO BlockManagerMasterEndpoint: Using org.apache.spark.storage.DefaultTopologyMapper for getting topology information
[2025-06-10T19:00:19.074+0200] {spark_submit.py:521} INFO - 25/06/10 19:00:19 INFO BlockManagerMasterEndpoint: BlockManagerMasterEndpoint up
[2025-06-10T19:00:19.084+0200] {spark_submit.py:521} INFO - 25/06/10 19:00:19 INFO SparkEnv: Registering BlockManagerMasterHeartbeat
[2025-06-10T19:00:19.323+0200] {spark_submit.py:521} INFO - 25/06/10 19:00:19 INFO DiskBlockManager: Created local directory at /tmp/blockmgr-669171f0-9cc4-45a5-b0bb-d32301b44153
[2025-06-10T19:00:19.448+0200] {spark_submit.py:521} INFO - 25/06/10 19:00:19 INFO MemoryStore: MemoryStore started with capacity 434.4 MiB
[2025-06-10T19:00:19.521+0200] {spark_submit.py:521} INFO - 25/06/10 19:00:19 INFO SparkEnv: Registering OutputCommitCoordinator
[2025-06-10T19:00:20.266+0200] {spark_submit.py:521} INFO - 25/06/10 19:00:20 INFO JettyUtils: Start Jetty 0.0.0.0:4040 for SparkUI
[2025-06-10T19:00:20.479+0200] {spark_submit.py:521} INFO - 25/06/10 19:00:20 INFO Utils: Successfully started service 'SparkUI' on port 4040.
[2025-06-10T19:00:20.713+0200] {spark_submit.py:521} INFO - 25/06/10 19:00:20 INFO Executor: Starting executor ID driver on host 10.255.255.254
[2025-06-10T19:00:20.714+0200] {spark_submit.py:521} INFO - 25/06/10 19:00:20 INFO Executor: OS info Linux, 6.6.87.1-microsoft-standard-WSL2, amd64
[2025-06-10T19:00:20.715+0200] {spark_submit.py:521} INFO - 25/06/10 19:00:20 INFO Executor: Java version 17.0.15
[2025-06-10T19:00:20.726+0200] {spark_submit.py:521} INFO - 25/06/10 19:00:20 INFO Executor: Starting executor with user classpath (userClassPathFirst = false): ''
[2025-06-10T19:00:20.728+0200] {spark_submit.py:521} INFO - 25/06/10 19:00:20 INFO Executor: Created or updated repl class loader org.apache.spark.util.MutableURLClassLoader@615802d3 for default.
[2025-06-10T19:00:20.781+0200] {spark_submit.py:521} INFO - 25/06/10 19:00:20 INFO Utils: Successfully started service 'org.apache.spark.network.netty.NettyBlockTransferService' on port 32927.
[2025-06-10T19:00:20.782+0200] {spark_submit.py:521} INFO - 25/06/10 19:00:20 INFO NettyBlockTransferService: Server created on 10.255.255.254:32927
[2025-06-10T19:00:20.785+0200] {spark_submit.py:521} INFO - 25/06/10 19:00:20 INFO BlockManager: Using org.apache.spark.storage.RandomBlockReplicationPolicy for block replication policy
[2025-06-10T19:00:20.798+0200] {spark_submit.py:521} INFO - 25/06/10 19:00:20 INFO BlockManagerMaster: Registering BlockManager BlockManagerId(driver, 10.255.255.254, 32927, None)
[2025-06-10T19:00:20.805+0200] {spark_submit.py:521} INFO - 25/06/10 19:00:20 INFO BlockManagerMasterEndpoint: Registering block manager 10.255.255.254:32927 with 434.4 MiB RAM, BlockManagerId(driver, 10.255.255.254, 32927, None)
[2025-06-10T19:00:20.814+0200] {spark_submit.py:521} INFO - 25/06/10 19:00:20 INFO BlockManagerMaster: Registered BlockManager BlockManagerId(driver, 10.255.255.254, 32927, None)
[2025-06-10T19:00:20.818+0200] {spark_submit.py:521} INFO - 25/06/10 19:00:20 INFO BlockManager: Initialized BlockManager: BlockManagerId(driver, 10.255.255.254, 32927, None)
[2025-06-10T19:00:21.957+0200] {spark_submit.py:521} INFO - 25/06/10 19:00:21 INFO SharedState: Setting hive.metastore.warehouse.dir ('null') to the value of spark.sql.warehouse.dir.
[2025-06-10T19:00:21.983+0200] {spark_submit.py:521} INFO - 25/06/10 19:00:21 INFO SharedState: Warehouse path is 'file:/home/leoja/airflow/airflow_venv/spark-warehouse'.
[2025-06-10T19:00:24.365+0200] {spark_submit.py:521} INFO - 25/06/10 19:00:24 INFO InMemoryFileIndex: It took 55 ms to list leaf files for 1 paths.
[2025-06-10T19:00:25.082+0200] {spark_submit.py:521} INFO - 25/06/10 19:00:25 INFO SparkContext: Starting job: parquet at NativeMethodAccessorImpl.java:0
[2025-06-10T19:00:25.121+0200] {spark_submit.py:521} INFO - 25/06/10 19:00:25 INFO DAGScheduler: Got job 0 (parquet at NativeMethodAccessorImpl.java:0) with 1 output partitions
[2025-06-10T19:00:25.121+0200] {spark_submit.py:521} INFO - 25/06/10 19:00:25 INFO DAGScheduler: Final stage: ResultStage 0 (parquet at NativeMethodAccessorImpl.java:0)
[2025-06-10T19:00:25.122+0200] {spark_submit.py:521} INFO - 25/06/10 19:00:25 INFO DAGScheduler: Parents of final stage: List()
[2025-06-10T19:00:25.125+0200] {spark_submit.py:521} INFO - 25/06/10 19:00:25 INFO DAGScheduler: Missing parents: List()
[2025-06-10T19:00:25.135+0200] {spark_submit.py:521} INFO - 25/06/10 19:00:25 INFO DAGScheduler: Submitting ResultStage 0 (MapPartitionsRDD[1] at parquet at NativeMethodAccessorImpl.java:0), which has no missing parents
[2025-06-10T19:00:25.258+0200] {spark_submit.py:521} INFO - 25/06/10 19:00:25 INFO MemoryStore: Block broadcast_0 stored as values in memory (estimated size 103.5 KiB, free 434.3 MiB)
[2025-06-10T19:00:25.328+0200] {spark_submit.py:521} INFO - 25/06/10 19:00:25 INFO MemoryStore: Block broadcast_0_piece0 stored as bytes in memory (estimated size 37.3 KiB, free 434.3 MiB)
[2025-06-10T19:00:25.333+0200] {spark_submit.py:521} INFO - 25/06/10 19:00:25 INFO BlockManagerInfo: Added broadcast_0_piece0 in memory on 10.255.255.254:32927 (size: 37.3 KiB, free: 434.4 MiB)
[2025-06-10T19:00:25.339+0200] {spark_submit.py:521} INFO - 25/06/10 19:00:25 INFO SparkContext: Created broadcast 0 from broadcast at DAGScheduler.scala:1585
[2025-06-10T19:00:25.364+0200] {spark_submit.py:521} INFO - 25/06/10 19:00:25 INFO DAGScheduler: Submitting 1 missing tasks from ResultStage 0 (MapPartitionsRDD[1] at parquet at NativeMethodAccessorImpl.java:0) (first 15 tasks are for partitions Vector(0))
[2025-06-10T19:00:25.365+0200] {spark_submit.py:521} INFO - 25/06/10 19:00:25 INFO TaskSchedulerImpl: Adding task set 0.0 with 1 tasks resource profile 0
[2025-06-10T19:00:25.441+0200] {spark_submit.py:521} INFO - 25/06/10 19:00:25 INFO TaskSetManager: Starting task 0.0 in stage 0.0 (TID 0) (10.255.255.254, executor driver, partition 0, PROCESS_LOCAL, 9142 bytes)
[2025-06-10T19:00:25.464+0200] {spark_submit.py:521} INFO - 25/06/10 19:00:25 INFO Executor: Running task 0.0 in stage 0.0 (TID 0)
[2025-06-10T19:00:26.187+0200] {spark_submit.py:521} INFO - 25/06/10 19:00:26 INFO Executor: Finished task 0.0 in stage 0.0 (TID 0). 1974 bytes result sent to driver
[2025-06-10T19:00:26.200+0200] {spark_submit.py:521} INFO - 25/06/10 19:00:26 INFO TaskSetManager: Finished task 0.0 in stage 0.0 (TID 0) in 788 ms on 10.255.255.254 (executor driver) (1/1)
[2025-06-10T19:00:26.201+0200] {spark_submit.py:521} INFO - 25/06/10 19:00:26 INFO TaskSchedulerImpl: Removed TaskSet 0.0, whose tasks have all completed, from pool
[2025-06-10T19:00:26.208+0200] {spark_submit.py:521} INFO - 25/06/10 19:00:26 INFO DAGScheduler: ResultStage 0 (parquet at NativeMethodAccessorImpl.java:0) finished in 1.048 s
[2025-06-10T19:00:26.212+0200] {spark_submit.py:521} INFO - 25/06/10 19:00:26 INFO DAGScheduler: Job 0 is finished. Cancelling potential speculative or zombie tasks for this job
[2025-06-10T19:00:26.214+0200] {spark_submit.py:521} INFO - 25/06/10 19:00:26 INFO TaskSchedulerImpl: Killing all running tasks in stage 0: Stage finished
[2025-06-10T19:00:26.216+0200] {spark_submit.py:521} INFO - 25/06/10 19:00:26 INFO DAGScheduler: Job 0 finished: parquet at NativeMethodAccessorImpl.java:0, took 1.133465 s
[2025-06-10T19:00:27.514+0200] {spark_submit.py:521} INFO - 25/06/10 19:00:27 INFO InMemoryFileIndex: It took 3 ms to list leaf files for 1 paths.
[2025-06-10T19:00:27.561+0200] {spark_submit.py:521} INFO - 25/06/10 19:00:27 INFO SparkContext: Starting job: parquet at NativeMethodAccessorImpl.java:0
[2025-06-10T19:00:27.564+0200] {spark_submit.py:521} INFO - 25/06/10 19:00:27 INFO DAGScheduler: Got job 1 (parquet at NativeMethodAccessorImpl.java:0) with 1 output partitions
[2025-06-10T19:00:27.564+0200] {spark_submit.py:521} INFO - 25/06/10 19:00:27 INFO DAGScheduler: Final stage: ResultStage 1 (parquet at NativeMethodAccessorImpl.java:0)
[2025-06-10T19:00:27.565+0200] {spark_submit.py:521} INFO - 25/06/10 19:00:27 INFO DAGScheduler: Parents of final stage: List()
[2025-06-10T19:00:27.565+0200] {spark_submit.py:521} INFO - 25/06/10 19:00:27 INFO DAGScheduler: Missing parents: List()
[2025-06-10T19:00:27.566+0200] {spark_submit.py:521} INFO - 25/06/10 19:00:27 INFO DAGScheduler: Submitting ResultStage 1 (MapPartitionsRDD[3] at parquet at NativeMethodAccessorImpl.java:0), which has no missing parents
[2025-06-10T19:00:27.576+0200] {spark_submit.py:521} INFO - 25/06/10 19:00:27 INFO MemoryStore: Block broadcast_1 stored as values in memory (estimated size 103.5 KiB, free 434.2 MiB)
[2025-06-10T19:00:27.580+0200] {spark_submit.py:521} INFO - 25/06/10 19:00:27 INFO MemoryStore: Block broadcast_1_piece0 stored as bytes in memory (estimated size 37.3 KiB, free 434.1 MiB)
[2025-06-10T19:00:27.581+0200] {spark_submit.py:521} INFO - 25/06/10 19:00:27 INFO BlockManagerInfo: Added broadcast_1_piece0 in memory on 10.255.255.254:32927 (size: 37.3 KiB, free: 434.3 MiB)
[2025-06-10T19:00:27.582+0200] {spark_submit.py:521} INFO - 25/06/10 19:00:27 INFO SparkContext: Created broadcast 1 from broadcast at DAGScheduler.scala:1585
[2025-06-10T19:00:27.584+0200] {spark_submit.py:521} INFO - 25/06/10 19:00:27 INFO DAGScheduler: Submitting 1 missing tasks from ResultStage 1 (MapPartitionsRDD[3] at parquet at NativeMethodAccessorImpl.java:0) (first 15 tasks are for partitions Vector(0))
[2025-06-10T19:00:27.584+0200] {spark_submit.py:521} INFO - 25/06/10 19:00:27 INFO TaskSchedulerImpl: Adding task set 1.0 with 1 tasks resource profile 0
[2025-06-10T19:00:27.586+0200] {spark_submit.py:521} INFO - 25/06/10 19:00:27 INFO TaskSetManager: Starting task 0.0 in stage 1.0 (TID 1) (10.255.255.254, executor driver, partition 0, PROCESS_LOCAL, 9141 bytes)
[2025-06-10T19:00:27.588+0200] {spark_submit.py:521} INFO - 25/06/10 19:00:27 INFO Executor: Running task 0.0 in stage 1.0 (TID 1)
[2025-06-10T19:00:27.639+0200] {spark_submit.py:521} INFO - 25/06/10 19:00:27 INFO BlockManagerInfo: Removed broadcast_0_piece0 on 10.255.255.254:32927 in memory (size: 37.3 KiB, free: 434.4 MiB)
[2025-06-10T19:00:27.649+0200] {spark_submit.py:521} INFO - 25/06/10 19:00:27 INFO Executor: Finished task 0.0 in stage 1.0 (TID 1). 3970 bytes result sent to driver
[2025-06-10T19:00:27.653+0200] {spark_submit.py:521} INFO - 25/06/10 19:00:27 INFO TaskSetManager: Finished task 0.0 in stage 1.0 (TID 1) in 68 ms on 10.255.255.254 (executor driver) (1/1)
[2025-06-10T19:00:27.654+0200] {spark_submit.py:521} INFO - 25/06/10 19:00:27 INFO TaskSchedulerImpl: Removed TaskSet 1.0, whose tasks have all completed, from pool
[2025-06-10T19:00:27.656+0200] {spark_submit.py:521} INFO - 25/06/10 19:00:27 INFO DAGScheduler: ResultStage 1 (parquet at NativeMethodAccessorImpl.java:0) finished in 0.088 s
[2025-06-10T19:00:27.656+0200] {spark_submit.py:521} INFO - 25/06/10 19:00:27 INFO DAGScheduler: Job 1 is finished. Cancelling potential speculative or zombie tasks for this job
[2025-06-10T19:00:27.656+0200] {spark_submit.py:521} INFO - 25/06/10 19:00:27 INFO TaskSchedulerImpl: Killing all running tasks in stage 1: Stage finished
[2025-06-10T19:00:27.657+0200] {spark_submit.py:521} INFO - 25/06/10 19:00:27 INFO DAGScheduler: Job 1 finished: parquet at NativeMethodAccessorImpl.java:0, took 0.095049 s
[2025-06-10T19:00:28.725+0200] {spark_submit.py:521} INFO - 25/06/10 19:00:28 INFO FileSourceStrategy: Pushed Filters:
[2025-06-10T19:00:28.727+0200] {spark_submit.py:521} INFO - 25/06/10 19:00:28 INFO FileSourceStrategy: Post-Scan Filters:
[2025-06-10T19:00:29.368+0200] {spark_submit.py:521} INFO - 25/06/10 19:00:29 INFO CodeGenerator: Code generated in 324.809001 ms
[2025-06-10T19:00:29.401+0200] {spark_submit.py:521} INFO - 25/06/10 19:00:29 INFO MemoryStore: Block broadcast_2 stored as values in memory (estimated size 201.2 KiB, free 434.1 MiB)
[2025-06-10T19:00:29.415+0200] {spark_submit.py:521} INFO - 25/06/10 19:00:29 INFO MemoryStore: Block broadcast_2_piece0 stored as bytes in memory (estimated size 35.0 KiB, free 434.0 MiB)
[2025-06-10T19:00:29.416+0200] {spark_submit.py:521} INFO - 25/06/10 19:00:29 INFO BlockManagerInfo: Added broadcast_2_piece0 in memory on 10.255.255.254:32927 (size: 35.0 KiB, free: 434.3 MiB)
[2025-06-10T19:00:29.418+0200] {spark_submit.py:521} INFO - 25/06/10 19:00:29 INFO SparkContext: Created broadcast 2 from collect at /home/leoja/airflow/spark_jobs/compute_quadrants.py:119
[2025-06-10T19:00:29.439+0200] {spark_submit.py:521} INFO - 25/06/10 19:00:29 INFO FileSourceScanExec: Planning scan with bin packing, max size: 4194304 bytes, open cost is considered as scanning 4194304 bytes.
[2025-06-10T19:00:29.514+0200] {spark_submit.py:521} INFO - 25/06/10 19:00:29 INFO BlockManagerInfo: Removed broadcast_1_piece0 on 10.255.255.254:32927 in memory (size: 37.3 KiB, free: 434.4 MiB)
[2025-06-10T19:00:29.527+0200] {spark_submit.py:521} INFO - 25/06/10 19:00:29 INFO DAGScheduler: Registering RDD 7 (collect at /home/leoja/airflow/spark_jobs/compute_quadrants.py:119) as input to shuffle 0
[2025-06-10T19:00:29.535+0200] {spark_submit.py:521} INFO - 25/06/10 19:00:29 INFO DAGScheduler: Got map stage job 2 (collect at /home/leoja/airflow/spark_jobs/compute_quadrants.py:119) with 1 output partitions
[2025-06-10T19:00:29.537+0200] {spark_submit.py:521} INFO - 25/06/10 19:00:29 INFO DAGScheduler: Final stage: ShuffleMapStage 2 (collect at /home/leoja/airflow/spark_jobs/compute_quadrants.py:119)
[2025-06-10T19:00:29.538+0200] {spark_submit.py:521} INFO - 25/06/10 19:00:29 INFO DAGScheduler: Parents of final stage: List()
[2025-06-10T19:00:29.539+0200] {spark_submit.py:521} INFO - 25/06/10 19:00:29 INFO DAGScheduler: Missing parents: List()
[2025-06-10T19:00:29.541+0200] {spark_submit.py:521} INFO - 25/06/10 19:00:29 INFO DAGScheduler: Submitting ShuffleMapStage 2 (MapPartitionsRDD[7] at collect at /home/leoja/airflow/spark_jobs/compute_quadrants.py:119), which has no missing parents
[2025-06-10T19:00:29.624+0200] {spark_submit.py:521} INFO - 25/06/10 19:00:29 INFO MemoryStore: Block broadcast_3 stored as values in memory (estimated size 18.6 KiB, free 434.2 MiB)
[2025-06-10T19:00:29.663+0200] {spark_submit.py:521} INFO - 25/06/10 19:00:29 INFO MemoryStore: Block broadcast_3_piece0 stored as bytes in memory (estimated size 8.3 KiB, free 434.1 MiB)
[2025-06-10T19:00:29.664+0200] {spark_submit.py:521} INFO - 25/06/10 19:00:29 INFO BlockManagerInfo: Added broadcast_3_piece0 in memory on 10.255.255.254:32927 (size: 8.3 KiB, free: 434.4 MiB)
[2025-06-10T19:00:29.666+0200] {spark_submit.py:521} INFO - 25/06/10 19:00:29 INFO SparkContext: Created broadcast 3 from broadcast at DAGScheduler.scala:1585
[2025-06-10T19:00:29.671+0200] {spark_submit.py:521} INFO - 25/06/10 19:00:29 INFO DAGScheduler: Submitting 1 missing tasks from ShuffleMapStage 2 (MapPartitionsRDD[7] at collect at /home/leoja/airflow/spark_jobs/compute_quadrants.py:119) (first 15 tasks are for partitions Vector(0))
[2025-06-10T19:00:29.672+0200] {spark_submit.py:521} INFO - 25/06/10 19:00:29 INFO TaskSchedulerImpl: Adding task set 2.0 with 1 tasks resource profile 0
[2025-06-10T19:00:29.685+0200] {spark_submit.py:521} INFO - 25/06/10 19:00:29 INFO TaskSetManager: Starting task 0.0 in stage 2.0 (TID 2) (10.255.255.254, executor driver, partition 0, PROCESS_LOCAL, 9600 bytes)
[2025-06-10T19:00:29.688+0200] {spark_submit.py:521} INFO - 25/06/10 19:00:29 INFO Executor: Running task 0.0 in stage 2.0 (TID 2)
[2025-06-10T19:00:29.795+0200] {spark_submit.py:521} INFO - 25/06/10 19:00:29 INFO CodeGenerator: Code generated in 28.148759 ms
[2025-06-10T19:00:29.833+0200] {spark_submit.py:521} INFO - 25/06/10 19:00:29 INFO FileScanRDD: Reading File path: file:///home/leoja/airflow/data/quadrants.parquet, range: 0-44072, partition values: [empty row]
[2025-06-10T19:00:30.140+0200] {spark_submit.py:521} INFO - 25/06/10 19:00:30 INFO CodecPool: Got brand-new decompressor [.snappy]
[2025-06-10T19:00:30.439+0200] {spark_submit.py:521} INFO - 25/06/10 19:00:30 INFO Executor: Finished task 0.0 in stage 2.0 (TID 2). 2181 bytes result sent to driver
[2025-06-10T19:00:30.443+0200] {spark_submit.py:521} INFO - 25/06/10 19:00:30 INFO TaskSetManager: Finished task 0.0 in stage 2.0 (TID 2) in 769 ms on 10.255.255.254 (executor driver) (1/1)
[2025-06-10T19:00:30.444+0200] {spark_submit.py:521} INFO - 25/06/10 19:00:30 INFO TaskSchedulerImpl: Removed TaskSet 2.0, whose tasks have all completed, from pool
[2025-06-10T19:00:30.449+0200] {spark_submit.py:521} INFO - 25/06/10 19:00:30 INFO DAGScheduler: ShuffleMapStage 2 (collect at /home/leoja/airflow/spark_jobs/compute_quadrants.py:119) finished in 0.900 s
[2025-06-10T19:00:30.449+0200] {spark_submit.py:521} INFO - 25/06/10 19:00:30 INFO DAGScheduler: looking for newly runnable stages
[2025-06-10T19:00:30.450+0200] {spark_submit.py:521} INFO - 25/06/10 19:00:30 INFO DAGScheduler: running: Set()
[2025-06-10T19:00:30.451+0200] {spark_submit.py:521} INFO - 25/06/10 19:00:30 INFO DAGScheduler: waiting: Set()
[2025-06-10T19:00:30.451+0200] {spark_submit.py:521} INFO - 25/06/10 19:00:30 INFO DAGScheduler: failed: Set()
[2025-06-10T19:00:30.526+0200] {spark_submit.py:521} INFO - 25/06/10 19:00:30 INFO CodeGenerator: Code generated in 18.604854 ms
[2025-06-10T19:00:30.563+0200] {spark_submit.py:521} INFO - 25/06/10 19:00:30 INFO SparkContext: Starting job: collect at /home/leoja/airflow/spark_jobs/compute_quadrants.py:119
[2025-06-10T19:00:30.566+0200] {spark_submit.py:521} INFO - 25/06/10 19:00:30 INFO DAGScheduler: Got job 3 (collect at /home/leoja/airflow/spark_jobs/compute_quadrants.py:119) with 1 output partitions
[2025-06-10T19:00:30.567+0200] {spark_submit.py:521} INFO - 25/06/10 19:00:30 INFO DAGScheduler: Final stage: ResultStage 4 (collect at /home/leoja/airflow/spark_jobs/compute_quadrants.py:119)
[2025-06-10T19:00:30.567+0200] {spark_submit.py:521} INFO - 25/06/10 19:00:30 INFO DAGScheduler: Parents of final stage: List(ShuffleMapStage 3)
[2025-06-10T19:00:30.567+0200] {spark_submit.py:521} INFO - 25/06/10 19:00:30 INFO DAGScheduler: Missing parents: List()
[2025-06-10T19:00:30.569+0200] {spark_submit.py:521} INFO - 25/06/10 19:00:30 INFO DAGScheduler: Submitting ResultStage 4 (MapPartitionsRDD[10] at collect at /home/leoja/airflow/spark_jobs/compute_quadrants.py:119), which has no missing parents
[2025-06-10T19:00:30.582+0200] {spark_submit.py:521} INFO - 25/06/10 19:00:30 INFO MemoryStore: Block broadcast_4 stored as values in memory (estimated size 13.1 KiB, free 434.1 MiB)
[2025-06-10T19:00:30.585+0200] {spark_submit.py:521} INFO - 25/06/10 19:00:30 INFO MemoryStore: Block broadcast_4_piece0 stored as bytes in memory (estimated size 6.1 KiB, free 434.1 MiB)
[2025-06-10T19:00:30.588+0200] {spark_submit.py:521} INFO - 25/06/10 19:00:30 INFO BlockManagerInfo: Added broadcast_4_piece0 in memory on 10.255.255.254:32927 (size: 6.1 KiB, free: 434.4 MiB)
[2025-06-10T19:00:30.589+0200] {spark_submit.py:521} INFO - 25/06/10 19:00:30 INFO SparkContext: Created broadcast 4 from broadcast at DAGScheduler.scala:1585
[2025-06-10T19:00:30.590+0200] {spark_submit.py:521} INFO - 25/06/10 19:00:30 INFO DAGScheduler: Submitting 1 missing tasks from ResultStage 4 (MapPartitionsRDD[10] at collect at /home/leoja/airflow/spark_jobs/compute_quadrants.py:119) (first 15 tasks are for partitions Vector(0))
[2025-06-10T19:00:30.590+0200] {spark_submit.py:521} INFO - 25/06/10 19:00:30 INFO TaskSchedulerImpl: Adding task set 4.0 with 1 tasks resource profile 0
[2025-06-10T19:00:30.598+0200] {spark_submit.py:521} INFO - 25/06/10 19:00:30 INFO TaskSetManager: Starting task 0.0 in stage 4.0 (TID 3) (10.255.255.254, executor driver, partition 0, NODE_LOCAL, 8999 bytes)
[2025-06-10T19:00:30.600+0200] {spark_submit.py:521} INFO - 25/06/10 19:00:30 INFO Executor: Running task 0.0 in stage 4.0 (TID 3)
[2025-06-10T19:00:30.656+0200] {spark_submit.py:521} INFO - 25/06/10 19:00:30 INFO ShuffleBlockFetcherIterator: Getting 1 (60.0 B) non-empty blocks including 1 (60.0 B) local and 0 (0.0 B) host-local and 0 (0.0 B) push-merged-local and 0 (0.0 B) remote blocks
[2025-06-10T19:00:30.658+0200] {spark_submit.py:521} INFO - 25/06/10 19:00:30 INFO ShuffleBlockFetcherIterator: Started 0 remote fetches in 16 ms
[2025-06-10T19:00:30.686+0200] {spark_submit.py:521} INFO - 25/06/10 19:00:30 INFO CodeGenerator: Code generated in 21.993059 ms
[2025-06-10T19:00:30.720+0200] {spark_submit.py:521} INFO - 25/06/10 19:00:30 INFO BlockManagerInfo: Removed broadcast_3_piece0 on 10.255.255.254:32927 in memory (size: 8.3 KiB, free: 434.4 MiB)
[2025-06-10T19:00:30.722+0200] {spark_submit.py:521} INFO - 25/06/10 19:00:30 INFO Executor: Finished task 0.0 in stage 4.0 (TID 3). 4081 bytes result sent to driver
[2025-06-10T19:00:30.729+0200] {spark_submit.py:521} INFO - 25/06/10 19:00:30 INFO TaskSetManager: Finished task 0.0 in stage 4.0 (TID 3) in 130 ms on 10.255.255.254 (executor driver) (1/1)
[2025-06-10T19:00:30.729+0200] {spark_submit.py:521} INFO - 25/06/10 19:00:30 INFO TaskSchedulerImpl: Removed TaskSet 4.0, whose tasks have all completed, from pool
[2025-06-10T19:00:30.730+0200] {spark_submit.py:521} INFO - 25/06/10 19:00:30 INFO DAGScheduler: ResultStage 4 (collect at /home/leoja/airflow/spark_jobs/compute_quadrants.py:119) finished in 0.151 s
[2025-06-10T19:00:30.732+0200] {spark_submit.py:521} INFO - 25/06/10 19:00:30 INFO DAGScheduler: Job 3 is finished. Cancelling potential speculative or zombie tasks for this job
[2025-06-10T19:00:30.733+0200] {spark_submit.py:521} INFO - 25/06/10 19:00:30 INFO TaskSchedulerImpl: Killing all running tasks in stage 4: Stage finished
[2025-06-10T19:00:30.734+0200] {spark_submit.py:521} INFO - 25/06/10 19:00:30 INFO DAGScheduler: Job 3 finished: collect at /home/leoja/airflow/spark_jobs/compute_quadrants.py:119, took 0.168959 s
[2025-06-10T19:00:31.039+0200] {spark_submit.py:521} INFO - 25/06/10 19:00:31 INFO FileSourceStrategy: Pushed Filters:
[2025-06-10T19:00:31.043+0200] {spark_submit.py:521} INFO - 25/06/10 19:00:31 INFO FileSourceStrategy: Post-Scan Filters: (gettimestamp(date#0, yyyy-MM-dd, TimestampType, Some(Europe/Paris), false) >= 2025-07-01 00:00:00)
[2025-06-10T19:00:31.169+0200] {spark_submit.py:521} INFO - 25/06/10 19:00:31 INFO CodeGenerator: Code generated in 65.115214 ms
[2025-06-10T19:00:31.179+0200] {spark_submit.py:521} INFO - 25/06/10 19:00:31 INFO MemoryStore: Block broadcast_5 stored as values in memory (estimated size 202.1 KiB, free 434.0 MiB)
[2025-06-10T19:00:31.190+0200] {spark_submit.py:521} INFO - 25/06/10 19:00:31 INFO MemoryStore: Block broadcast_5_piece0 stored as bytes in memory (estimated size 35.2 KiB, free 433.9 MiB)
[2025-06-10T19:00:31.190+0200] {spark_submit.py:521} INFO - 25/06/10 19:00:31 INFO BlockManagerInfo: Added broadcast_5_piece0 in memory on 10.255.255.254:32927 (size: 35.2 KiB, free: 434.3 MiB)
[2025-06-10T19:00:31.191+0200] {spark_submit.py:521} INFO - 25/06/10 19:00:31 INFO SparkContext: Created broadcast 5 from javaToPython at NativeMethodAccessorImpl.java:0
[2025-06-10T19:00:31.196+0200] {spark_submit.py:521} INFO - 25/06/10 19:00:31 INFO FileSourceScanExec: Planning scan with bin packing, max size: 4194304 bytes, open cost is considered as scanning 4194304 bytes.
[2025-06-10T19:00:31.378+0200] {spark_submit.py:521} INFO - 25/06/10 19:00:31 INFO CodeGenerator: Code generated in 43.263889 ms
[2025-06-10T19:00:31.449+0200] {spark_submit.py:521} INFO - 25/06/10 19:00:31 INFO SparkContext: Starting job: javaToPython at NativeMethodAccessorImpl.java:0
[2025-06-10T19:00:31.450+0200] {spark_submit.py:521} INFO - 25/06/10 19:00:31 INFO DAGScheduler: Got job 4 (javaToPython at NativeMethodAccessorImpl.java:0) with 1 output partitions
[2025-06-10T19:00:31.451+0200] {spark_submit.py:521} INFO - 25/06/10 19:00:31 INFO DAGScheduler: Final stage: ResultStage 5 (javaToPython at NativeMethodAccessorImpl.java:0)
[2025-06-10T19:00:31.451+0200] {spark_submit.py:521} INFO - 25/06/10 19:00:31 INFO DAGScheduler: Parents of final stage: List()
[2025-06-10T19:00:31.451+0200] {spark_submit.py:521} INFO - 25/06/10 19:00:31 INFO DAGScheduler: Missing parents: List()
[2025-06-10T19:00:31.452+0200] {spark_submit.py:521} INFO - 25/06/10 19:00:31 INFO DAGScheduler: Submitting ResultStage 5 (MapPartitionsRDD[16] at javaToPython at NativeMethodAccessorImpl.java:0), which has no missing parents
[2025-06-10T19:00:31.457+0200] {spark_submit.py:521} INFO - 25/06/10 19:00:31 INFO MemoryStore: Block broadcast_6 stored as values in memory (estimated size 23.7 KiB, free 433.9 MiB)
[2025-06-10T19:00:31.460+0200] {spark_submit.py:521} INFO - 25/06/10 19:00:31 INFO MemoryStore: Block broadcast_6_piece0 stored as bytes in memory (estimated size 9.5 KiB, free 433.9 MiB)
[2025-06-10T19:00:31.463+0200] {spark_submit.py:521} INFO - 25/06/10 19:00:31 INFO BlockManagerInfo: Added broadcast_6_piece0 in memory on 10.255.255.254:32927 (size: 9.5 KiB, free: 434.3 MiB)
[2025-06-10T19:00:31.465+0200] {spark_submit.py:521} INFO - 25/06/10 19:00:31 INFO SparkContext: Created broadcast 6 from broadcast at DAGScheduler.scala:1585
[2025-06-10T19:00:31.466+0200] {spark_submit.py:521} INFO - 25/06/10 19:00:31 INFO DAGScheduler: Submitting 1 missing tasks from ResultStage 5 (MapPartitionsRDD[16] at javaToPython at NativeMethodAccessorImpl.java:0) (first 15 tasks are for partitions Vector(0))
[2025-06-10T19:00:31.467+0200] {spark_submit.py:521} INFO - 25/06/10 19:00:31 INFO TaskSchedulerImpl: Adding task set 5.0 with 1 tasks resource profile 0
[2025-06-10T19:00:31.471+0200] {spark_submit.py:521} INFO - 25/06/10 19:00:31 INFO TaskSetManager: Starting task 0.0 in stage 5.0 (TID 4) (10.255.255.254, executor driver, partition 0, PROCESS_LOCAL, 9612 bytes)
[2025-06-10T19:00:31.473+0200] {spark_submit.py:521} INFO - 25/06/10 19:00:31 INFO Executor: Running task 0.0 in stage 5.0 (TID 4)
[2025-06-10T19:00:31.529+0200] {spark_submit.py:521} INFO - 25/06/10 19:00:31 INFO CodeGenerator: Code generated in 29.841676 ms
[2025-06-10T19:00:31.568+0200] {spark_submit.py:521} INFO - 25/06/10 19:00:31 INFO CodeGenerator: Code generated in 19.933268 ms
[2025-06-10T19:00:31.572+0200] {spark_submit.py:521} INFO - 25/06/10 19:00:31 INFO FileScanRDD: Reading File path: file:///home/leoja/airflow/data/Indicators.parquet, range: 0-13095, partition values: [empty row]
[2025-06-10T19:00:31.621+0200] {spark_submit.py:521} INFO - 25/06/10 19:00:31 INFO Executor: Finished task 0.0 in stage 5.0 (TID 4). 1804 bytes result sent to driver
[2025-06-10T19:00:31.622+0200] {spark_submit.py:521} INFO - 25/06/10 19:00:31 INFO TaskSetManager: Finished task 0.0 in stage 5.0 (TID 4) in 152 ms on 10.255.255.254 (executor driver) (1/1)
[2025-06-10T19:00:31.623+0200] {spark_submit.py:521} INFO - 25/06/10 19:00:31 INFO TaskSchedulerImpl: Removed TaskSet 5.0, whose tasks have all completed, from pool
[2025-06-10T19:00:31.624+0200] {spark_submit.py:521} INFO - 25/06/10 19:00:31 INFO DAGScheduler: ResultStage 5 (javaToPython at NativeMethodAccessorImpl.java:0) finished in 0.170 s
[2025-06-10T19:00:31.624+0200] {spark_submit.py:521} INFO - 25/06/10 19:00:31 INFO DAGScheduler: Job 4 is finished. Cancelling potential speculative or zombie tasks for this job
[2025-06-10T19:00:31.625+0200] {spark_submit.py:521} INFO - 25/06/10 19:00:31 INFO TaskSchedulerImpl: Killing all running tasks in stage 5: Stage finished
[2025-06-10T19:00:31.625+0200] {spark_submit.py:521} INFO - 25/06/10 19:00:31 INFO DAGScheduler: Job 4 finished: javaToPython at NativeMethodAccessorImpl.java:0, took 0.176005 s
[2025-06-10T19:00:31.633+0200] {spark_submit.py:521} INFO - 25/06/10 19:00:31 INFO DAGScheduler: Registering RDD 17 (javaToPython at NativeMethodAccessorImpl.java:0) as input to shuffle 1
[2025-06-10T19:00:31.633+0200] {spark_submit.py:521} INFO - 25/06/10 19:00:31 INFO DAGScheduler: Got map stage job 5 (javaToPython at NativeMethodAccessorImpl.java:0) with 1 output partitions
[2025-06-10T19:00:31.633+0200] {spark_submit.py:521} INFO - 25/06/10 19:00:31 INFO DAGScheduler: Final stage: ShuffleMapStage 6 (javaToPython at NativeMethodAccessorImpl.java:0)
[2025-06-10T19:00:31.633+0200] {spark_submit.py:521} INFO - 25/06/10 19:00:31 INFO DAGScheduler: Parents of final stage: List()
[2025-06-10T19:00:31.634+0200] {spark_submit.py:521} INFO - 25/06/10 19:00:31 INFO DAGScheduler: Missing parents: List()
[2025-06-10T19:00:31.634+0200] {spark_submit.py:521} INFO - 25/06/10 19:00:31 INFO DAGScheduler: Submitting ShuffleMapStage 6 (MapPartitionsRDD[17] at javaToPython at NativeMethodAccessorImpl.java:0), which has no missing parents
[2025-06-10T19:00:31.643+0200] {spark_submit.py:521} INFO - 25/06/10 19:00:31 INFO MemoryStore: Block broadcast_7 stored as values in memory (estimated size 25.5 KiB, free 433.9 MiB)
[2025-06-10T19:00:31.657+0200] {spark_submit.py:521} INFO - 25/06/10 19:00:31 INFO MemoryStore: Block broadcast_7_piece0 stored as bytes in memory (estimated size 10.4 KiB, free 433.9 MiB)
[2025-06-10T19:00:31.658+0200] {spark_submit.py:521} INFO - 25/06/10 19:00:31 INFO BlockManagerInfo: Added broadcast_7_piece0 in memory on 10.255.255.254:32927 (size: 10.4 KiB, free: 434.3 MiB)
[2025-06-10T19:00:31.659+0200] {spark_submit.py:521} INFO - 25/06/10 19:00:31 INFO BlockManagerInfo: Removed broadcast_6_piece0 on 10.255.255.254:32927 in memory (size: 9.5 KiB, free: 434.3 MiB)
[2025-06-10T19:00:31.659+0200] {spark_submit.py:521} INFO - 25/06/10 19:00:31 INFO SparkContext: Created broadcast 7 from broadcast at DAGScheduler.scala:1585
[2025-06-10T19:00:31.660+0200] {spark_submit.py:521} INFO - 25/06/10 19:00:31 INFO DAGScheduler: Submitting 1 missing tasks from ShuffleMapStage 6 (MapPartitionsRDD[17] at javaToPython at NativeMethodAccessorImpl.java:0) (first 15 tasks are for partitions Vector(0))
[2025-06-10T19:00:31.662+0200] {spark_submit.py:521} INFO - 25/06/10 19:00:31 INFO TaskSchedulerImpl: Adding task set 6.0 with 1 tasks resource profile 0
[2025-06-10T19:00:31.664+0200] {spark_submit.py:521} INFO - 25/06/10 19:00:31 INFO TaskSetManager: Starting task 0.0 in stage 6.0 (TID 5) (10.255.255.254, executor driver, partition 0, PROCESS_LOCAL, 9601 bytes)
[2025-06-10T19:00:31.665+0200] {spark_submit.py:521} INFO - 25/06/10 19:00:31 INFO Executor: Running task 0.0 in stage 6.0 (TID 5)
[2025-06-10T19:00:31.673+0200] {spark_submit.py:521} INFO - 25/06/10 19:00:31 INFO BlockManagerInfo: Removed broadcast_4_piece0 on 10.255.255.254:32927 in memory (size: 6.1 KiB, free: 434.3 MiB)
[2025-06-10T19:00:31.694+0200] {spark_submit.py:521} INFO - 25/06/10 19:00:31 INFO CodeGenerator: Code generated in 7.014553 ms
[2025-06-10T19:00:31.708+0200] {spark_submit.py:521} INFO - 25/06/10 19:00:31 INFO FileScanRDD: Reading File path: file:///home/leoja/airflow/data/Indicators.parquet, range: 0-13095, partition values: [empty row]
[2025-06-10T19:00:31.733+0200] {spark_submit.py:521} INFO - 25/06/10 19:00:31 INFO Executor: Finished task 0.0 in stage 6.0 (TID 5). 1924 bytes result sent to driver
[2025-06-10T19:00:31.735+0200] {spark_submit.py:521} INFO - 25/06/10 19:00:31 INFO TaskSetManager: Finished task 0.0 in stage 6.0 (TID 5) in 71 ms on 10.255.255.254 (executor driver) (1/1)
[2025-06-10T19:00:31.735+0200] {spark_submit.py:521} INFO - 25/06/10 19:00:31 INFO TaskSchedulerImpl: Removed TaskSet 6.0, whose tasks have all completed, from pool
[2025-06-10T19:00:31.737+0200] {spark_submit.py:521} INFO - 25/06/10 19:00:31 INFO DAGScheduler: ShuffleMapStage 6 (javaToPython at NativeMethodAccessorImpl.java:0) finished in 0.101 s
[2025-06-10T19:00:31.737+0200] {spark_submit.py:521} INFO - 25/06/10 19:00:31 INFO DAGScheduler: looking for newly runnable stages
[2025-06-10T19:00:31.737+0200] {spark_submit.py:521} INFO - 25/06/10 19:00:31 INFO DAGScheduler: running: Set()
[2025-06-10T19:00:31.737+0200] {spark_submit.py:521} INFO - 25/06/10 19:00:31 INFO DAGScheduler: waiting: Set()
[2025-06-10T19:00:31.738+0200] {spark_submit.py:521} INFO - 25/06/10 19:00:31 INFO DAGScheduler: failed: Set()
[2025-06-10T19:00:31.775+0200] {spark_submit.py:521} INFO - Aucune nouvelle donnée après 2025-06-30. Pas de réécriture.
[2025-06-10T19:00:31.776+0200] {spark_submit.py:521} INFO - 25/06/10 19:00:31 INFO SparkContext: SparkContext is stopping with exitCode 0.
[2025-06-10T19:00:31.793+0200] {spark_submit.py:521} INFO - 25/06/10 19:00:31 INFO SparkUI: Stopped Spark web UI at http://10.255.255.254:4040
[2025-06-10T19:00:31.808+0200] {spark_submit.py:521} INFO - 25/06/10 19:00:31 INFO MapOutputTrackerMasterEndpoint: MapOutputTrackerMasterEndpoint stopped!
[2025-06-10T19:00:31.830+0200] {spark_submit.py:521} INFO - 25/06/10 19:00:31 INFO MemoryStore: MemoryStore cleared
[2025-06-10T19:00:31.830+0200] {spark_submit.py:521} INFO - 25/06/10 19:00:31 INFO BlockManager: BlockManager stopped
[2025-06-10T19:00:31.834+0200] {spark_submit.py:521} INFO - 25/06/10 19:00:31 INFO BlockManagerMaster: BlockManagerMaster stopped
[2025-06-10T19:00:31.838+0200] {spark_submit.py:521} INFO - 25/06/10 19:00:31 INFO OutputCommitCoordinator$OutputCommitCoordinatorEndpoint: OutputCommitCoordinator stopped!
[2025-06-10T19:00:31.850+0200] {spark_submit.py:521} INFO - 25/06/10 19:00:31 INFO SparkContext: Successfully stopped SparkContext
[2025-06-10T19:00:32.423+0200] {spark_submit.py:521} INFO - 25/06/10 19:00:32 INFO ShutdownHookManager: Shutdown hook called
[2025-06-10T19:00:32.423+0200] {spark_submit.py:521} INFO - 25/06/10 19:00:32 INFO ShutdownHookManager: Deleting directory /tmp/spark-19823b19-0a27-4dce-af14-29b039567aec
[2025-06-10T19:00:32.429+0200] {spark_submit.py:521} INFO - 25/06/10 19:00:32 INFO ShutdownHookManager: Deleting directory /tmp/spark-cd89ecda-b4ac-4442-a9b9-0f5e8cc2731c
[2025-06-10T19:00:32.434+0200] {spark_submit.py:521} INFO - 25/06/10 19:00:32 INFO ShutdownHookManager: Deleting directory /tmp/spark-19823b19-0a27-4dce-af14-29b039567aec/pyspark-72bac73f-828e-4232-82b6-4e27966ab784
[2025-06-10T19:00:32.523+0200] {taskinstance.py:441} INFO - ::group::Post task execution logs
[2025-06-10T19:00:32.538+0200] {taskinstance.py:1205} INFO - Marking task as SUCCESS. dag_id=macro_trading_dag, task_id=compute_economic_quadrants, execution_date=20250610T165927, start_date=20250610T170004, end_date=20250610T170032
[2025-06-10T19:00:32.586+0200] {local_task_job_runner.py:240} INFO - Task exited with return code 0
[2025-06-10T19:00:32.611+0200] {taskinstance.py:3482} INFO - 1 downstream tasks scheduled from follow-on schedule check
[2025-06-10T19:00:32.620+0200] {local_task_job_runner.py:222} INFO - ::endgroup::
