[2025-06-04T10:21:25.962+0200] {local_task_job_runner.py:120} INFO - ::group::Pre task execution logs
[2025-06-04T10:21:25.972+0200] {taskinstance.py:2073} INFO - Dependencies all met for dep_context=non-requeueable deps ti=<TaskInstance: macro_trading_dag.format_indicators_data scheduled__2025-06-03T08:00:00+00:00 [queued]>
[2025-06-04T10:21:25.975+0200] {taskinstance.py:2073} INFO - Dependencies all met for dep_context=requeueable deps ti=<TaskInstance: macro_trading_dag.format_indicators_data scheduled__2025-06-03T08:00:00+00:00 [queued]>
[2025-06-04T10:21:25.975+0200] {taskinstance.py:2303} INFO - Starting attempt 1 of 3
[2025-06-04T10:21:25.992+0200] {taskinstance.py:2327} INFO - Executing <Task(PythonOperator): format_indicators_data> on 2025-06-03 08:00:00+00:00
[2025-06-04T10:21:25.998+0200] {standard_task_runner.py:90} INFO - Running: ['airflow', 'tasks', 'run', 'macro_trading_dag', 'format_indicators_data', 'scheduled__2025-06-03T08:00:00+00:00', '--job-id', '209', '--raw', '--subdir', 'DAGS_FOLDER/macro_trading_dag.py', '--cfg-path', '/tmp/tmpjcamvqbf']
[2025-06-04T10:21:25.999+0200] {standard_task_runner.py:91} INFO - Job 209: Subtask format_indicators_data
[2025-06-04T10:21:26.005+0200] {logging_mixin.py:188} WARNING - /home/leoja/airflow/airflow_venv/lib/python3.12/site-packages/airflow/task/task_runner/standard_task_runner.py:61 DeprecationWarning: This process (pid=318568) is multi-threaded, use of fork() may lead to deadlocks in the child.
[2025-06-04T10:21:26.005+0200] {standard_task_runner.py:63} INFO - Started process 318578 to run task
[2025-06-04T10:21:26.039+0200] {task_command.py:426} INFO - Running <TaskInstance: macro_trading_dag.format_indicators_data scheduled__2025-06-03T08:00:00+00:00 [running]> on host N15I711-16GR512.localdomain
[2025-06-04T10:21:26.104+0200] {taskinstance.py:2644} INFO - Exporting env vars: AIRFLOW_CTX_DAG_OWNER='airflow' AIRFLOW_CTX_DAG_ID='macro_trading_dag' AIRFLOW_CTX_TASK_ID='format_indicators_data' AIRFLOW_CTX_EXECUTION_DATE='2025-06-03T08:00:00+00:00' AIRFLOW_CTX_TRY_NUMBER='1' AIRFLOW_CTX_DAG_RUN_ID='scheduled__2025-06-03T08:00:00+00:00'
[2025-06-04T10:21:26.104+0200] {taskinstance.py:430} INFO - ::endgroup::
[2025-06-04T10:21:26.129+0200] {logging_mixin.py:188} WARNING - /home/leoja/airflow/dags/macro_trading_dag.py:181 FutureWarning: 'M' is deprecated and will be removed in a future version, please use 'ME' instead.
[2025-06-04T10:21:26.173+0200] {logging_mixin.py:188} INFO - Données Indicators mensuelles nettoyées sauvegardées: /home/leoja/airflow/data/Indicators.parquet
[2025-06-04T10:21:26.184+0200] {logging_mixin.py:188} INFO -            date  ...  10-2Year_Treasury_Yield_Bond
229  2025-02-28  ...                          0.25
230  2025-03-31  ...                          0.34
231  2025-04-30  ...                          0.57
232  2025-05-31  ...                          0.52
233  2025-06-30  ...                          0.50

[5 rows x 6 columns]
[2025-06-04T10:21:26.184+0200] {python.py:237} INFO - Done. Returned value was: /home/leoja/airflow/data/Indicators.parquet
[2025-06-04T10:21:26.184+0200] {taskinstance.py:441} INFO - ::group::Post task execution logs
[2025-06-04T10:21:26.206+0200] {taskinstance.py:1205} INFO - Marking task as SUCCESS. dag_id=macro_trading_dag, task_id=format_indicators_data, execution_date=20250603T080000, start_date=20250604T082125, end_date=20250604T082126
[2025-06-04T10:21:26.261+0200] {local_task_job_runner.py:240} INFO - Task exited with return code 0
[2025-06-04T10:21:26.279+0200] {taskinstance.py:3482} INFO - 1 downstream tasks scheduled from follow-on schedule check
[2025-06-04T10:21:26.286+0200] {local_task_job_runner.py:222} INFO - ::endgroup::
