[2025-06-10T18:59:57.842+0200] {local_task_job_runner.py:120} INFO - ::group::Pre task execution logs
[2025-06-10T18:59:57.859+0200] {taskinstance.py:2073} INFO - Dependencies all met for dep_context=non-requeueable deps ti=<TaskInstance: macro_trading_dag.format_assets_data manual__2025-06-10T16:59:27.828582+00:00 [queued]>
[2025-06-10T18:59:57.867+0200] {taskinstance.py:2073} INFO - Dependencies all met for dep_context=requeueable deps ti=<TaskInstance: macro_trading_dag.format_assets_data manual__2025-06-10T16:59:27.828582+00:00 [queued]>
[2025-06-10T18:59:57.868+0200] {taskinstance.py:2303} INFO - Starting attempt 1 of 3
[2025-06-10T18:59:57.887+0200] {taskinstance.py:2327} INFO - Executing <Task(PythonOperator): format_assets_data> on 2025-06-10 16:59:27.828582+00:00
[2025-06-10T18:59:57.899+0200] {standard_task_runner.py:90} INFO - Running: ['airflow', 'tasks', 'run', 'macro_trading_dag', 'format_assets_data', 'manual__2025-06-10T16:59:27.828582+00:00', '--job-id', '453', '--raw', '--subdir', 'DAGS_FOLDER/macro_trading_dag.py', '--cfg-path', '/tmp/tmp7lvpn98p']
[2025-06-10T18:59:57.902+0200] {standard_task_runner.py:91} INFO - Job 453: Subtask format_assets_data
[2025-06-10T18:59:57.909+0200] {logging_mixin.py:188} WARNING - /home/leoja/airflow/airflow_venv/lib/python3.12/site-packages/airflow/task/task_runner/standard_task_runner.py:61 DeprecationWarning: This process (pid=295230) is multi-threaded, use of fork() may lead to deadlocks in the child.
[2025-06-10T18:59:57.909+0200] {standard_task_runner.py:63} INFO - Started process 295240 to run task
[2025-06-10T18:59:57.959+0200] {task_command.py:426} INFO - Running <TaskInstance: macro_trading_dag.format_assets_data manual__2025-06-10T16:59:27.828582+00:00 [running]> on host N15I711-16GR512.localdomain
[2025-06-10T18:59:58.070+0200] {taskinstance.py:2644} INFO - Exporting env vars: AIRFLOW_CTX_DAG_OWNER='airflow' AIRFLOW_CTX_DAG_ID='macro_trading_dag' AIRFLOW_CTX_TASK_ID='format_assets_data' AIRFLOW_CTX_EXECUTION_DATE='2025-06-10T16:59:27.828582+00:00' AIRFLOW_CTX_TRY_NUMBER='1' AIRFLOW_CTX_DAG_RUN_ID='manual__2025-06-10T16:59:27.828582+00:00'
[2025-06-10T18:59:58.071+0200] {taskinstance.py:430} INFO - ::endgroup::
[2025-06-10T18:59:58.072+0200] {logging_mixin.py:188} INFO - → format_and_clean_data_daily: on lit le fichier CSV : /home/leoja/airflow/data/combined_assets.csv
[2025-06-10T18:59:58.112+0200] {logging_mixin.py:188} INFO -    Colonnes lues dans df : ['date', 'SP500', 'GOLD_OZ_USD', 'SmallCAP', 'US_REIT_VNQ', 'TREASURY_10Y']
[2025-06-10T18:59:58.177+0200] {logging_mixin.py:188} INFO - Données Assets journalières nettoyées sauvegardées : /home/leoja/airflow/data/Assets_daily.parquet
[2025-06-10T18:59:58.187+0200] {logging_mixin.py:188} INFO -          date        SP500  GOLD_OZ_USD   SmallCAP  US_REIT_VNQ  TREASURY_10Y
0  2005-01-03  1202.079956   428.700012  48.708611    23.444588     49.797569
1  2005-01-04  1188.050049   428.500000  47.664471    23.092220     49.487514
2  2005-01-05  1183.739990   426.600006  46.711811    22.324570     49.569416
3  2005-01-06  1187.890015   421.000000  46.959484    22.496563     49.616226
4  2005-01-07  1186.189941   418.899994  46.437416    22.446222     49.575264
[2025-06-10T18:59:58.193+0200] {logging_mixin.py:188} INFO -             date        SP500  ...  US_REIT_VNQ  TREASURY_10Y
5139  2025-06-03  5970.370117  ...    89.260002     93.849998
5140  2025-06-04  5970.810059  ...    89.510002     94.540001
5141  2025-06-05  5939.299805  ...    89.440002     94.260002
5142  2025-06-06  6000.359863  ...    89.870003     93.510002
5143  2025-06-09  6005.879883  ...    89.989998     93.680000

[5 rows x 6 columns]
[2025-06-10T18:59:58.193+0200] {python.py:237} INFO - Done. Returned value was: /home/leoja/airflow/data/Assets_daily.parquet
[2025-06-10T18:59:58.193+0200] {taskinstance.py:441} INFO - ::group::Post task execution logs
[2025-06-10T18:59:58.210+0200] {taskinstance.py:1205} INFO - Marking task as SUCCESS. dag_id=macro_trading_dag, task_id=format_assets_data, execution_date=20250610T165927, start_date=20250610T165957, end_date=20250610T165958
[2025-06-10T18:59:58.245+0200] {local_task_job_runner.py:240} INFO - Task exited with return code 0
[2025-06-10T18:59:58.261+0200] {taskinstance.py:3482} INFO - 0 downstream tasks scheduled from follow-on schedule check
[2025-06-10T18:59:58.262+0200] {local_task_job_runner.py:222} INFO - ::endgroup::
