[2025-06-04T11:50:31.185+0200] {local_task_job_runner.py:120} INFO - ::group::Pre task execution logs
[2025-06-04T11:50:31.198+0200] {taskinstance.py:2073} INFO - Dependencies all met for dep_context=non-requeueable deps ti=<TaskInstance: macro_trading_dag.format_assets_data manual__2025-06-04T09:50:10.794119+00:00 [queued]>
[2025-06-04T11:50:31.201+0200] {taskinstance.py:2073} INFO - Dependencies all met for dep_context=requeueable deps ti=<TaskInstance: macro_trading_dag.format_assets_data manual__2025-06-04T09:50:10.794119+00:00 [queued]>
[2025-06-04T11:50:31.201+0200] {taskinstance.py:2303} INFO - Starting attempt 1 of 3
[2025-06-04T11:50:31.221+0200] {taskinstance.py:2327} INFO - Executing <Task(PythonOperator): format_assets_data> on 2025-06-04 09:50:10.794119+00:00
[2025-06-04T11:50:31.229+0200] {standard_task_runner.py:90} INFO - Running: ['airflow', 'tasks', 'run', 'macro_trading_dag', 'format_assets_data', 'manual__2025-06-04T09:50:10.794119+00:00', '--job-id', '236', '--raw', '--subdir', 'DAGS_FOLDER/macro_trading_dag.py', '--cfg-path', '/tmp/tmpwdrfiety']
[2025-06-04T11:50:31.230+0200] {standard_task_runner.py:91} INFO - Job 236: Subtask format_assets_data
[2025-06-04T11:50:31.238+0200] {logging_mixin.py:188} WARNING - /home/leoja/airflow/airflow_venv/lib/python3.12/site-packages/airflow/task/task_runner/standard_task_runner.py:61 DeprecationWarning: This process (pid=352214) is multi-threaded, use of fork() may lead to deadlocks in the child.
[2025-06-04T11:50:31.239+0200] {standard_task_runner.py:63} INFO - Started process 352283 to run task
[2025-06-04T11:50:31.271+0200] {task_command.py:426} INFO - Running <TaskInstance: macro_trading_dag.format_assets_data manual__2025-06-04T09:50:10.794119+00:00 [running]> on host N15I711-16GR512.localdomain
[2025-06-04T11:50:31.335+0200] {taskinstance.py:2644} INFO - Exporting env vars: AIRFLOW_CTX_DAG_OWNER='airflow' AIRFLOW_CTX_DAG_ID='macro_trading_dag' AIRFLOW_CTX_TASK_ID='format_assets_data' AIRFLOW_CTX_EXECUTION_DATE='2025-06-04T09:50:10.794119+00:00' AIRFLOW_CTX_TRY_NUMBER='1' AIRFLOW_CTX_DAG_RUN_ID='manual__2025-06-04T09:50:10.794119+00:00'
[2025-06-04T11:50:31.337+0200] {taskinstance.py:430} INFO - ::endgroup::
[2025-06-04T11:50:31.366+0200] {logging_mixin.py:188} WARNING - /home/leoja/airflow/dags/macro_trading_dag.py:185 FutureWarning: 'M' is deprecated and will be removed in a future version, please use 'ME' instead.
[2025-06-04T11:50:31.386+0200] {logging_mixin.py:188} INFO - Données Assets mensuelles nettoyées sauvegardées: /home/leoja/airflow/data/Assets.parquet
[2025-06-04T11:50:31.393+0200] {logging_mixin.py:188} INFO -            date        SP500  ...  US_REIT_VNQ  TREASURY_10Y
241  2025-02-28  5954.500000  ...    92.945229     94.123802
242  2025-03-31  5611.850098  ...    90.540001     94.445656
243  2025-04-30  5569.060059  ...    88.330002     95.443100
244  2025-05-31  5911.689941  ...    89.320000     94.259995
245  2025-06-30  5970.370117  ...    89.260002     93.849998

[5 rows x 6 columns]
[2025-06-04T11:50:31.394+0200] {python.py:237} INFO - Done. Returned value was: /home/leoja/airflow/data/Assets.parquet
[2025-06-04T11:50:31.394+0200] {taskinstance.py:441} INFO - ::group::Post task execution logs
[2025-06-04T11:50:31.408+0200] {taskinstance.py:1205} INFO - Marking task as SUCCESS. dag_id=macro_trading_dag, task_id=format_assets_data, execution_date=20250604T095010, start_date=20250604T095031, end_date=20250604T095031
[2025-06-04T11:50:31.455+0200] {local_task_job_runner.py:240} INFO - Task exited with return code 0
[2025-06-04T11:50:31.464+0200] {taskinstance.py:3482} INFO - 0 downstream tasks scheduled from follow-on schedule check
[2025-06-04T11:50:31.464+0200] {local_task_job_runner.py:222} INFO - ::endgroup::
