[2025-06-03T10:00:32.466+0200] {local_task_job_runner.py:120} INFO - ::group::Pre task execution logs
[2025-06-03T10:00:32.480+0200] {taskinstance.py:2073} INFO - Dependencies all met for dep_context=non-requeueable deps ti=<TaskInstance: macro_trading_dag.fetch_fred_data scheduled__2025-06-02T08:00:00+00:00 [queued]>
[2025-06-03T10:00:32.483+0200] {taskinstance.py:2073} INFO - Dependencies all met for dep_context=requeueable deps ti=<TaskInstance: macro_trading_dag.fetch_fred_data scheduled__2025-06-02T08:00:00+00:00 [queued]>
[2025-06-03T10:00:32.483+0200] {taskinstance.py:2303} INFO - Starting attempt 1 of 3
[2025-06-03T10:00:32.494+0200] {taskinstance.py:2327} INFO - Executing <Task(PythonOperator): fetch_fred_data> on 2025-06-02 08:00:00+00:00
[2025-06-03T10:00:32.500+0200] {standard_task_runner.py:90} INFO - Running: ['airflow', 'tasks', 'run', 'macro_trading_dag', 'fetch_fred_data', 'scheduled__2025-06-02T08:00:00+00:00', '--job-id', '85', '--raw', '--subdir', 'DAGS_FOLDER/macro_trading_dag.py', '--cfg-path', '/tmp/tmp7q_slqvz']
[2025-06-03T10:00:32.501+0200] {standard_task_runner.py:91} INFO - Job 85: Subtask fetch_fred_data
[2025-06-03T10:00:32.504+0200] {logging_mixin.py:188} WARNING - /home/leoja/airflow/airflow_venv/lib/python3.12/site-packages/airflow/task/task_runner/standard_task_runner.py:61 DeprecationWarning: This process (pid=110622) is multi-threaded, use of fork() may lead to deadlocks in the child.
[2025-06-03T10:00:32.504+0200] {standard_task_runner.py:63} INFO - Started process 110686 to run task
[2025-06-03T10:00:32.531+0200] {task_command.py:426} INFO - Running <TaskInstance: macro_trading_dag.fetch_fred_data scheduled__2025-06-02T08:00:00+00:00 [running]> on host N15I711-16GR512.localdomain
[2025-06-03T10:00:32.584+0200] {taskinstance.py:2644} INFO - Exporting env vars: AIRFLOW_CTX_DAG_OWNER='airflow' AIRFLOW_CTX_DAG_ID='macro_trading_dag' AIRFLOW_CTX_TASK_ID='fetch_fred_data' AIRFLOW_CTX_EXECUTION_DATE='2025-06-02T08:00:00+00:00' AIRFLOW_CTX_TRY_NUMBER='1' AIRFLOW_CTX_DAG_RUN_ID='scheduled__2025-06-02T08:00:00+00:00'
[2025-06-03T10:00:32.585+0200] {taskinstance.py:430} INFO - ::endgroup::
[2025-06-03T10:00:35.949+0200] {logging_mixin.py:188} INFO - Données mises à jour pour INFLATION (CPIAUCSL)
[2025-06-03T10:00:37.962+0200] {logging_mixin.py:188} INFO - Données mises à jour pour UNEMPLOYMENT (UNRATE)
[2025-06-03T10:00:38.524+0200] {logging_mixin.py:188} INFO - Aucune nouvelle donnée pour High_Yield_Bond_SPREAD (BAMLH0A0HYM2)
[2025-06-03T10:00:39.999+0200] {logging_mixin.py:188} INFO - Aucune nouvelle donnée pour 10-2Year Treasury Yield Bond (T10Y2Y)
[2025-06-03T10:00:41.201+0200] {logging_mixin.py:188} INFO - Données mises à jour pour CONSUMER_SENTIMENT (UMCSENT)
[2025-06-03T10:00:43.283+0200] {logging_mixin.py:188} INFO - Aucune nouvelle donnée pour BARREL PETROL (DCOILBRENTEU)
[2025-06-03T10:00:43.474+0200] {logging_mixin.py:188} INFO - Données mises à jour pour S&P500(LARGE CAP) (SP500)
[2025-06-03T10:00:44.284+0200] {logging_mixin.py:188} INFO - Données mises à jour pour Or(oz/$) (GOLD OZ USD)
[2025-06-03T10:00:46.508+0200] {logging_mixin.py:188} INFO - Données mises à jour pour RUSSEL2000(Small CAP) (SmallCAP)
[2025-06-03T10:00:46.508+0200] {python.py:237} INFO - Done. Returned value was: None
[2025-06-03T10:00:46.509+0200] {taskinstance.py:441} INFO - ::group::Post task execution logs
[2025-06-03T10:00:46.512+0200] {taskinstance.py:1205} INFO - Marking task as SUCCESS. dag_id=macro_trading_dag, task_id=fetch_fred_data, execution_date=20250602T080000, start_date=20250603T080032, end_date=20250603T080046
[2025-06-03T10:00:46.541+0200] {local_task_job_runner.py:240} INFO - Task exited with return code 0
[2025-06-03T10:00:46.553+0200] {taskinstance.py:3482} INFO - 1 downstream tasks scheduled from follow-on schedule check
[2025-06-03T10:00:46.560+0200] {local_task_job_runner.py:222} INFO - ::endgroup::
