[2025-06-05T07:53:46.665+0200] {processor.py:161} INFO - Started process (PID=531196) to work on /home/leoja/airflow/airflow_venv/lib/python3.12/site-packages/airflow/example_dags/plugins/listener_plugin.py
[2025-06-05T07:53:46.666+0200] {processor.py:830} INFO - Processing file /home/leoja/airflow/airflow_venv/lib/python3.12/site-packages/airflow/example_dags/plugins/listener_plugin.py for tasks to queue
[2025-06-05T07:53:46.669+0200] {logging_mixin.py:188} INFO - [2025-06-05T07:53:46.669+0200] {dagbag.py:540} INFO - Filling up the DagBag from /home/leoja/airflow/airflow_venv/lib/python3.12/site-packages/airflow/example_dags/plugins/listener_plugin.py
[2025-06-05T07:53:46.673+0200] {processor.py:842} WARNING - No viable dags retrieved from /home/leoja/airflow/airflow_venv/lib/python3.12/site-packages/airflow/example_dags/plugins/listener_plugin.py
[2025-06-05T07:53:46.698+0200] {processor.py:183} INFO - Processing /home/leoja/airflow/airflow_venv/lib/python3.12/site-packages/airflow/example_dags/plugins/listener_plugin.py took 0.052 seconds
[2025-06-05T07:54:37.104+0200] {processor.py:161} INFO - Started process (PID=531436) to work on /home/leoja/airflow/airflow_venv/lib/python3.12/site-packages/airflow/example_dags/plugins/listener_plugin.py
[2025-06-05T07:54:37.105+0200] {processor.py:830} INFO - Processing file /home/leoja/airflow/airflow_venv/lib/python3.12/site-packages/airflow/example_dags/plugins/listener_plugin.py for tasks to queue
[2025-06-05T07:54:37.107+0200] {logging_mixin.py:188} INFO - [2025-06-05T07:54:37.107+0200] {dagbag.py:540} INFO - Filling up the DagBag from /home/leoja/airflow/airflow_venv/lib/python3.12/site-packages/airflow/example_dags/plugins/listener_plugin.py
[2025-06-05T07:54:37.109+0200] {processor.py:842} WARNING - No viable dags retrieved from /home/leoja/airflow/airflow_venv/lib/python3.12/site-packages/airflow/example_dags/plugins/listener_plugin.py
[2025-06-05T07:54:37.117+0200] {processor.py:183} INFO - Processing /home/leoja/airflow/airflow_venv/lib/python3.12/site-packages/airflow/example_dags/plugins/listener_plugin.py took 0.019 seconds
[2025-06-05T07:55:39.262+0200] {processor.py:161} INFO - Started process (PID=531681) to work on /home/leoja/airflow/airflow_venv/lib/python3.12/site-packages/airflow/example_dags/plugins/listener_plugin.py
[2025-06-05T07:55:39.270+0200] {processor.py:830} INFO - Processing file /home/leoja/airflow/airflow_venv/lib/python3.12/site-packages/airflow/example_dags/plugins/listener_plugin.py for tasks to queue
[2025-06-05T07:55:39.271+0200] {logging_mixin.py:188} INFO - [2025-06-05T07:55:39.271+0200] {dagbag.py:540} INFO - Filling up the DagBag from /home/leoja/airflow/airflow_venv/lib/python3.12/site-packages/airflow/example_dags/plugins/listener_plugin.py
[2025-06-05T07:55:39.274+0200] {processor.py:842} WARNING - No viable dags retrieved from /home/leoja/airflow/airflow_venv/lib/python3.12/site-packages/airflow/example_dags/plugins/listener_plugin.py
[2025-06-05T07:55:39.282+0200] {processor.py:183} INFO - Processing /home/leoja/airflow/airflow_venv/lib/python3.12/site-packages/airflow/example_dags/plugins/listener_plugin.py took 0.026 seconds
[2025-06-05T07:56:43.573+0200] {processor.py:161} INFO - Started process (PID=531893) to work on /home/leoja/airflow/airflow_venv/lib/python3.12/site-packages/airflow/example_dags/plugins/listener_plugin.py
[2025-06-05T07:56:43.575+0200] {processor.py:830} INFO - Processing file /home/leoja/airflow/airflow_venv/lib/python3.12/site-packages/airflow/example_dags/plugins/listener_plugin.py for tasks to queue
[2025-06-05T07:56:43.577+0200] {logging_mixin.py:188} INFO - [2025-06-05T07:56:43.576+0200] {dagbag.py:540} INFO - Filling up the DagBag from /home/leoja/airflow/airflow_venv/lib/python3.12/site-packages/airflow/example_dags/plugins/listener_plugin.py
[2025-06-05T07:56:43.578+0200] {processor.py:842} WARNING - No viable dags retrieved from /home/leoja/airflow/airflow_venv/lib/python3.12/site-packages/airflow/example_dags/plugins/listener_plugin.py
[2025-06-05T07:56:43.586+0200] {processor.py:183} INFO - Processing /home/leoja/airflow/airflow_venv/lib/python3.12/site-packages/airflow/example_dags/plugins/listener_plugin.py took 0.018 seconds
[2025-06-05T07:57:46.446+0200] {processor.py:161} INFO - Started process (PID=532114) to work on /home/leoja/airflow/airflow_venv/lib/python3.12/site-packages/airflow/example_dags/plugins/listener_plugin.py
[2025-06-05T07:57:46.448+0200] {processor.py:830} INFO - Processing file /home/leoja/airflow/airflow_venv/lib/python3.12/site-packages/airflow/example_dags/plugins/listener_plugin.py for tasks to queue
[2025-06-05T07:57:46.450+0200] {logging_mixin.py:188} INFO - [2025-06-05T07:57:46.449+0200] {dagbag.py:540} INFO - Filling up the DagBag from /home/leoja/airflow/airflow_venv/lib/python3.12/site-packages/airflow/example_dags/plugins/listener_plugin.py
[2025-06-05T07:57:46.452+0200] {processor.py:842} WARNING - No viable dags retrieved from /home/leoja/airflow/airflow_venv/lib/python3.12/site-packages/airflow/example_dags/plugins/listener_plugin.py
[2025-06-05T07:57:46.461+0200] {processor.py:183} INFO - Processing /home/leoja/airflow/airflow_venv/lib/python3.12/site-packages/airflow/example_dags/plugins/listener_plugin.py took 0.022 seconds
[2025-06-05T18:43:35.244+0200] {processor.py:161} INFO - Started process (PID=533091) to work on /home/leoja/airflow/airflow_venv/lib/python3.12/site-packages/airflow/example_dags/plugins/listener_plugin.py
[2025-06-05T18:43:35.245+0200] {processor.py:830} INFO - Processing file /home/leoja/airflow/airflow_venv/lib/python3.12/site-packages/airflow/example_dags/plugins/listener_plugin.py for tasks to queue
[2025-06-05T18:43:35.247+0200] {logging_mixin.py:188} INFO - [2025-06-05T18:43:35.247+0200] {dagbag.py:540} INFO - Filling up the DagBag from /home/leoja/airflow/airflow_venv/lib/python3.12/site-packages/airflow/example_dags/plugins/listener_plugin.py
[2025-06-05T18:43:35.251+0200] {processor.py:842} WARNING - No viable dags retrieved from /home/leoja/airflow/airflow_venv/lib/python3.12/site-packages/airflow/example_dags/plugins/listener_plugin.py
[2025-06-05T18:43:35.262+0200] {processor.py:183} INFO - Processing /home/leoja/airflow/airflow_venv/lib/python3.12/site-packages/airflow/example_dags/plugins/listener_plugin.py took 0.025 seconds
[2025-06-05T18:45:09.722+0200] {processor.py:161} INFO - Started process (PID=533769) to work on /home/leoja/airflow/airflow_venv/lib/python3.12/site-packages/airflow/example_dags/plugins/listener_plugin.py
[2025-06-05T18:45:09.724+0200] {processor.py:830} INFO - Processing file /home/leoja/airflow/airflow_venv/lib/python3.12/site-packages/airflow/example_dags/plugins/listener_plugin.py for tasks to queue
[2025-06-05T18:45:09.726+0200] {logging_mixin.py:188} INFO - [2025-06-05T18:45:09.725+0200] {dagbag.py:540} INFO - Filling up the DagBag from /home/leoja/airflow/airflow_venv/lib/python3.12/site-packages/airflow/example_dags/plugins/listener_plugin.py
[2025-06-05T18:45:09.728+0200] {processor.py:842} WARNING - No viable dags retrieved from /home/leoja/airflow/airflow_venv/lib/python3.12/site-packages/airflow/example_dags/plugins/listener_plugin.py
[2025-06-05T18:45:09.737+0200] {processor.py:183} INFO - Processing /home/leoja/airflow/airflow_venv/lib/python3.12/site-packages/airflow/example_dags/plugins/listener_plugin.py took 0.021 seconds
[2025-06-05T18:46:11.405+0200] {processor.py:161} INFO - Started process (PID=534155) to work on /home/leoja/airflow/airflow_venv/lib/python3.12/site-packages/airflow/example_dags/plugins/listener_plugin.py
[2025-06-05T18:46:11.407+0200] {processor.py:830} INFO - Processing file /home/leoja/airflow/airflow_venv/lib/python3.12/site-packages/airflow/example_dags/plugins/listener_plugin.py for tasks to queue
[2025-06-05T18:46:11.419+0200] {logging_mixin.py:188} INFO - [2025-06-05T18:46:11.418+0200] {dagbag.py:540} INFO - Filling up the DagBag from /home/leoja/airflow/airflow_venv/lib/python3.12/site-packages/airflow/example_dags/plugins/listener_plugin.py
[2025-06-05T18:46:11.423+0200] {processor.py:842} WARNING - No viable dags retrieved from /home/leoja/airflow/airflow_venv/lib/python3.12/site-packages/airflow/example_dags/plugins/listener_plugin.py
[2025-06-05T18:46:11.460+0200] {processor.py:183} INFO - Processing /home/leoja/airflow/airflow_venv/lib/python3.12/site-packages/airflow/example_dags/plugins/listener_plugin.py took 0.076 seconds
[2025-06-05T18:47:17.719+0200] {processor.py:161} INFO - Started process (PID=534531) to work on /home/leoja/airflow/airflow_venv/lib/python3.12/site-packages/airflow/example_dags/plugins/listener_plugin.py
[2025-06-05T18:47:17.721+0200] {processor.py:830} INFO - Processing file /home/leoja/airflow/airflow_venv/lib/python3.12/site-packages/airflow/example_dags/plugins/listener_plugin.py for tasks to queue
[2025-06-05T18:47:17.724+0200] {logging_mixin.py:188} INFO - [2025-06-05T18:47:17.723+0200] {dagbag.py:540} INFO - Filling up the DagBag from /home/leoja/airflow/airflow_venv/lib/python3.12/site-packages/airflow/example_dags/plugins/listener_plugin.py
[2025-06-05T18:47:17.727+0200] {processor.py:842} WARNING - No viable dags retrieved from /home/leoja/airflow/airflow_venv/lib/python3.12/site-packages/airflow/example_dags/plugins/listener_plugin.py
[2025-06-05T18:47:17.740+0200] {processor.py:183} INFO - Processing /home/leoja/airflow/airflow_venv/lib/python3.12/site-packages/airflow/example_dags/plugins/listener_plugin.py took 0.032 seconds
[2025-06-05T18:48:32.912+0200] {processor.py:161} INFO - Started process (PID=535086) to work on /home/leoja/airflow/airflow_venv/lib/python3.12/site-packages/airflow/example_dags/plugins/listener_plugin.py
[2025-06-05T18:48:32.913+0200] {processor.py:830} INFO - Processing file /home/leoja/airflow/airflow_venv/lib/python3.12/site-packages/airflow/example_dags/plugins/listener_plugin.py for tasks to queue
[2025-06-05T18:48:32.914+0200] {logging_mixin.py:188} INFO - [2025-06-05T18:48:32.914+0200] {dagbag.py:540} INFO - Filling up the DagBag from /home/leoja/airflow/airflow_venv/lib/python3.12/site-packages/airflow/example_dags/plugins/listener_plugin.py
[2025-06-05T18:48:32.916+0200] {processor.py:842} WARNING - No viable dags retrieved from /home/leoja/airflow/airflow_venv/lib/python3.12/site-packages/airflow/example_dags/plugins/listener_plugin.py
[2025-06-05T18:48:32.924+0200] {processor.py:183} INFO - Processing /home/leoja/airflow/airflow_venv/lib/python3.12/site-packages/airflow/example_dags/plugins/listener_plugin.py took 0.019 seconds
[2025-06-05T18:49:32.232+0200] {processor.py:161} INFO - Started process (PID=535370) to work on /home/leoja/airflow/airflow_venv/lib/python3.12/site-packages/airflow/example_dags/plugins/listener_plugin.py
[2025-06-05T18:49:32.234+0200] {processor.py:830} INFO - Processing file /home/leoja/airflow/airflow_venv/lib/python3.12/site-packages/airflow/example_dags/plugins/listener_plugin.py for tasks to queue
[2025-06-05T18:49:32.236+0200] {logging_mixin.py:188} INFO - [2025-06-05T18:49:32.235+0200] {dagbag.py:540} INFO - Filling up the DagBag from /home/leoja/airflow/airflow_venv/lib/python3.12/site-packages/airflow/example_dags/plugins/listener_plugin.py
[2025-06-05T18:49:32.238+0200] {processor.py:842} WARNING - No viable dags retrieved from /home/leoja/airflow/airflow_venv/lib/python3.12/site-packages/airflow/example_dags/plugins/listener_plugin.py
[2025-06-05T18:49:32.247+0200] {processor.py:183} INFO - Processing /home/leoja/airflow/airflow_venv/lib/python3.12/site-packages/airflow/example_dags/plugins/listener_plugin.py took 0.023 seconds
[2025-06-05T18:51:19.852+0200] {processor.py:161} INFO - Started process (PID=536496) to work on /home/leoja/airflow/airflow_venv/lib/python3.12/site-packages/airflow/example_dags/plugins/listener_plugin.py
[2025-06-05T18:51:19.853+0200] {processor.py:830} INFO - Processing file /home/leoja/airflow/airflow_venv/lib/python3.12/site-packages/airflow/example_dags/plugins/listener_plugin.py for tasks to queue
[2025-06-05T18:51:19.855+0200] {logging_mixin.py:188} INFO - [2025-06-05T18:51:19.854+0200] {dagbag.py:540} INFO - Filling up the DagBag from /home/leoja/airflow/airflow_venv/lib/python3.12/site-packages/airflow/example_dags/plugins/listener_plugin.py
[2025-06-05T18:51:19.857+0200] {processor.py:842} WARNING - No viable dags retrieved from /home/leoja/airflow/airflow_venv/lib/python3.12/site-packages/airflow/example_dags/plugins/listener_plugin.py
[2025-06-05T18:51:19.867+0200] {processor.py:183} INFO - Processing /home/leoja/airflow/airflow_venv/lib/python3.12/site-packages/airflow/example_dags/plugins/listener_plugin.py took 0.022 seconds
[2025-06-05T18:52:19.321+0200] {processor.py:161} INFO - Started process (PID=536912) to work on /home/leoja/airflow/airflow_venv/lib/python3.12/site-packages/airflow/example_dags/plugins/listener_plugin.py
[2025-06-05T18:52:19.323+0200] {processor.py:830} INFO - Processing file /home/leoja/airflow/airflow_venv/lib/python3.12/site-packages/airflow/example_dags/plugins/listener_plugin.py for tasks to queue
[2025-06-05T18:52:19.325+0200] {logging_mixin.py:188} INFO - [2025-06-05T18:52:19.325+0200] {dagbag.py:540} INFO - Filling up the DagBag from /home/leoja/airflow/airflow_venv/lib/python3.12/site-packages/airflow/example_dags/plugins/listener_plugin.py
[2025-06-05T18:52:19.328+0200] {processor.py:842} WARNING - No viable dags retrieved from /home/leoja/airflow/airflow_venv/lib/python3.12/site-packages/airflow/example_dags/plugins/listener_plugin.py
[2025-06-05T18:52:19.338+0200] {processor.py:183} INFO - Processing /home/leoja/airflow/airflow_venv/lib/python3.12/site-packages/airflow/example_dags/plugins/listener_plugin.py took 0.024 seconds
[2025-06-05T18:53:11.549+0200] {processor.py:161} INFO - Started process (PID=537377) to work on /home/leoja/airflow/airflow_venv/lib/python3.12/site-packages/airflow/example_dags/plugins/listener_plugin.py
[2025-06-05T18:53:11.551+0200] {processor.py:830} INFO - Processing file /home/leoja/airflow/airflow_venv/lib/python3.12/site-packages/airflow/example_dags/plugins/listener_plugin.py for tasks to queue
[2025-06-05T18:53:11.553+0200] {logging_mixin.py:188} INFO - [2025-06-05T18:53:11.553+0200] {dagbag.py:540} INFO - Filling up the DagBag from /home/leoja/airflow/airflow_venv/lib/python3.12/site-packages/airflow/example_dags/plugins/listener_plugin.py
[2025-06-05T18:53:11.556+0200] {processor.py:842} WARNING - No viable dags retrieved from /home/leoja/airflow/airflow_venv/lib/python3.12/site-packages/airflow/example_dags/plugins/listener_plugin.py
[2025-06-05T18:53:11.568+0200] {processor.py:183} INFO - Processing /home/leoja/airflow/airflow_venv/lib/python3.12/site-packages/airflow/example_dags/plugins/listener_plugin.py took 0.027 seconds
[2025-06-05T18:54:45.878+0200] {processor.py:161} INFO - Started process (PID=538421) to work on /home/leoja/airflow/airflow_venv/lib/python3.12/site-packages/airflow/example_dags/plugins/listener_plugin.py
[2025-06-05T18:54:45.879+0200] {processor.py:830} INFO - Processing file /home/leoja/airflow/airflow_venv/lib/python3.12/site-packages/airflow/example_dags/plugins/listener_plugin.py for tasks to queue
[2025-06-05T18:54:45.881+0200] {logging_mixin.py:188} INFO - [2025-06-05T18:54:45.881+0200] {dagbag.py:540} INFO - Filling up the DagBag from /home/leoja/airflow/airflow_venv/lib/python3.12/site-packages/airflow/example_dags/plugins/listener_plugin.py
[2025-06-05T18:54:45.885+0200] {processor.py:842} WARNING - No viable dags retrieved from /home/leoja/airflow/airflow_venv/lib/python3.12/site-packages/airflow/example_dags/plugins/listener_plugin.py
[2025-06-05T18:54:45.901+0200] {processor.py:183} INFO - Processing /home/leoja/airflow/airflow_venv/lib/python3.12/site-packages/airflow/example_dags/plugins/listener_plugin.py took 0.032 seconds
[2025-06-05T18:55:36.672+0200] {processor.py:161} INFO - Started process (PID=538750) to work on /home/leoja/airflow/airflow_venv/lib/python3.12/site-packages/airflow/example_dags/plugins/listener_plugin.py
[2025-06-05T18:55:36.673+0200] {processor.py:830} INFO - Processing file /home/leoja/airflow/airflow_venv/lib/python3.12/site-packages/airflow/example_dags/plugins/listener_plugin.py for tasks to queue
[2025-06-05T18:55:36.675+0200] {logging_mixin.py:188} INFO - [2025-06-05T18:55:36.675+0200] {dagbag.py:540} INFO - Filling up the DagBag from /home/leoja/airflow/airflow_venv/lib/python3.12/site-packages/airflow/example_dags/plugins/listener_plugin.py
[2025-06-05T18:55:36.678+0200] {processor.py:842} WARNING - No viable dags retrieved from /home/leoja/airflow/airflow_venv/lib/python3.12/site-packages/airflow/example_dags/plugins/listener_plugin.py
[2025-06-05T18:55:36.688+0200] {processor.py:183} INFO - Processing /home/leoja/airflow/airflow_venv/lib/python3.12/site-packages/airflow/example_dags/plugins/listener_plugin.py took 0.022 seconds
[2025-06-05T18:56:40.939+0200] {processor.py:161} INFO - Started process (PID=539124) to work on /home/leoja/airflow/airflow_venv/lib/python3.12/site-packages/airflow/example_dags/plugins/listener_plugin.py
[2025-06-05T18:56:40.941+0200] {processor.py:830} INFO - Processing file /home/leoja/airflow/airflow_venv/lib/python3.12/site-packages/airflow/example_dags/plugins/listener_plugin.py for tasks to queue
[2025-06-05T18:56:40.942+0200] {logging_mixin.py:188} INFO - [2025-06-05T18:56:40.941+0200] {dagbag.py:540} INFO - Filling up the DagBag from /home/leoja/airflow/airflow_venv/lib/python3.12/site-packages/airflow/example_dags/plugins/listener_plugin.py
[2025-06-05T18:56:40.944+0200] {processor.py:842} WARNING - No viable dags retrieved from /home/leoja/airflow/airflow_venv/lib/python3.12/site-packages/airflow/example_dags/plugins/listener_plugin.py
[2025-06-05T18:56:40.952+0200] {processor.py:183} INFO - Processing /home/leoja/airflow/airflow_venv/lib/python3.12/site-packages/airflow/example_dags/plugins/listener_plugin.py took 0.020 seconds
[2025-06-05T18:57:47.246+0200] {processor.py:161} INFO - Started process (PID=539685) to work on /home/leoja/airflow/airflow_venv/lib/python3.12/site-packages/airflow/example_dags/plugins/listener_plugin.py
[2025-06-05T18:57:47.247+0200] {processor.py:830} INFO - Processing file /home/leoja/airflow/airflow_venv/lib/python3.12/site-packages/airflow/example_dags/plugins/listener_plugin.py for tasks to queue
[2025-06-05T18:57:47.249+0200] {logging_mixin.py:188} INFO - [2025-06-05T18:57:47.248+0200] {dagbag.py:540} INFO - Filling up the DagBag from /home/leoja/airflow/airflow_venv/lib/python3.12/site-packages/airflow/example_dags/plugins/listener_plugin.py
[2025-06-05T18:57:47.251+0200] {processor.py:842} WARNING - No viable dags retrieved from /home/leoja/airflow/airflow_venv/lib/python3.12/site-packages/airflow/example_dags/plugins/listener_plugin.py
[2025-06-05T18:57:47.260+0200] {processor.py:183} INFO - Processing /home/leoja/airflow/airflow_venv/lib/python3.12/site-packages/airflow/example_dags/plugins/listener_plugin.py took 0.022 seconds
[2025-06-05T18:58:49.906+0200] {processor.py:161} INFO - Started process (PID=540039) to work on /home/leoja/airflow/airflow_venv/lib/python3.12/site-packages/airflow/example_dags/plugins/listener_plugin.py
[2025-06-05T18:58:49.908+0200] {processor.py:830} INFO - Processing file /home/leoja/airflow/airflow_venv/lib/python3.12/site-packages/airflow/example_dags/plugins/listener_plugin.py for tasks to queue
[2025-06-05T18:58:49.909+0200] {logging_mixin.py:188} INFO - [2025-06-05T18:58:49.909+0200] {dagbag.py:540} INFO - Filling up the DagBag from /home/leoja/airflow/airflow_venv/lib/python3.12/site-packages/airflow/example_dags/plugins/listener_plugin.py
[2025-06-05T18:58:49.911+0200] {processor.py:842} WARNING - No viable dags retrieved from /home/leoja/airflow/airflow_venv/lib/python3.12/site-packages/airflow/example_dags/plugins/listener_plugin.py
[2025-06-05T18:58:49.920+0200] {processor.py:183} INFO - Processing /home/leoja/airflow/airflow_venv/lib/python3.12/site-packages/airflow/example_dags/plugins/listener_plugin.py took 0.021 seconds
[2025-06-05T18:59:53.162+0200] {processor.py:161} INFO - Started process (PID=540382) to work on /home/leoja/airflow/airflow_venv/lib/python3.12/site-packages/airflow/example_dags/plugins/listener_plugin.py
[2025-06-05T18:59:53.164+0200] {processor.py:830} INFO - Processing file /home/leoja/airflow/airflow_venv/lib/python3.12/site-packages/airflow/example_dags/plugins/listener_plugin.py for tasks to queue
[2025-06-05T18:59:53.166+0200] {logging_mixin.py:188} INFO - [2025-06-05T18:59:53.165+0200] {dagbag.py:540} INFO - Filling up the DagBag from /home/leoja/airflow/airflow_venv/lib/python3.12/site-packages/airflow/example_dags/plugins/listener_plugin.py
[2025-06-05T18:59:53.168+0200] {processor.py:842} WARNING - No viable dags retrieved from /home/leoja/airflow/airflow_venv/lib/python3.12/site-packages/airflow/example_dags/plugins/listener_plugin.py
[2025-06-05T18:59:53.183+0200] {processor.py:183} INFO - Processing /home/leoja/airflow/airflow_venv/lib/python3.12/site-packages/airflow/example_dags/plugins/listener_plugin.py took 0.031 seconds
[2025-06-05T19:00:54.673+0200] {processor.py:161} INFO - Started process (PID=540752) to work on /home/leoja/airflow/airflow_venv/lib/python3.12/site-packages/airflow/example_dags/plugins/listener_plugin.py
[2025-06-05T19:00:54.676+0200] {processor.py:830} INFO - Processing file /home/leoja/airflow/airflow_venv/lib/python3.12/site-packages/airflow/example_dags/plugins/listener_plugin.py for tasks to queue
[2025-06-05T19:00:54.678+0200] {logging_mixin.py:188} INFO - [2025-06-05T19:00:54.677+0200] {dagbag.py:540} INFO - Filling up the DagBag from /home/leoja/airflow/airflow_venv/lib/python3.12/site-packages/airflow/example_dags/plugins/listener_plugin.py
[2025-06-05T19:00:54.681+0200] {processor.py:842} WARNING - No viable dags retrieved from /home/leoja/airflow/airflow_venv/lib/python3.12/site-packages/airflow/example_dags/plugins/listener_plugin.py
[2025-06-05T19:00:54.690+0200] {processor.py:183} INFO - Processing /home/leoja/airflow/airflow_venv/lib/python3.12/site-packages/airflow/example_dags/plugins/listener_plugin.py took 0.023 seconds
[2025-06-05T19:01:57.213+0200] {processor.py:161} INFO - Started process (PID=541091) to work on /home/leoja/airflow/airflow_venv/lib/python3.12/site-packages/airflow/example_dags/plugins/listener_plugin.py
[2025-06-05T19:01:57.215+0200] {processor.py:830} INFO - Processing file /home/leoja/airflow/airflow_venv/lib/python3.12/site-packages/airflow/example_dags/plugins/listener_plugin.py for tasks to queue
[2025-06-05T19:01:57.216+0200] {logging_mixin.py:188} INFO - [2025-06-05T19:01:57.216+0200] {dagbag.py:540} INFO - Filling up the DagBag from /home/leoja/airflow/airflow_venv/lib/python3.12/site-packages/airflow/example_dags/plugins/listener_plugin.py
[2025-06-05T19:01:57.218+0200] {processor.py:842} WARNING - No viable dags retrieved from /home/leoja/airflow/airflow_venv/lib/python3.12/site-packages/airflow/example_dags/plugins/listener_plugin.py
[2025-06-05T19:01:57.226+0200] {processor.py:183} INFO - Processing /home/leoja/airflow/airflow_venv/lib/python3.12/site-packages/airflow/example_dags/plugins/listener_plugin.py took 0.020 seconds
[2025-06-05T19:03:06.658+0200] {processor.py:161} INFO - Started process (PID=541495) to work on /home/leoja/airflow/airflow_venv/lib/python3.12/site-packages/airflow/example_dags/plugins/listener_plugin.py
[2025-06-05T19:03:06.659+0200] {processor.py:830} INFO - Processing file /home/leoja/airflow/airflow_venv/lib/python3.12/site-packages/airflow/example_dags/plugins/listener_plugin.py for tasks to queue
[2025-06-05T19:03:06.661+0200] {logging_mixin.py:188} INFO - [2025-06-05T19:03:06.661+0200] {dagbag.py:540} INFO - Filling up the DagBag from /home/leoja/airflow/airflow_venv/lib/python3.12/site-packages/airflow/example_dags/plugins/listener_plugin.py
[2025-06-05T19:03:06.664+0200] {processor.py:842} WARNING - No viable dags retrieved from /home/leoja/airflow/airflow_venv/lib/python3.12/site-packages/airflow/example_dags/plugins/listener_plugin.py
[2025-06-05T19:03:06.673+0200] {processor.py:183} INFO - Processing /home/leoja/airflow/airflow_venv/lib/python3.12/site-packages/airflow/example_dags/plugins/listener_plugin.py took 0.021 seconds
[2025-06-05T19:04:15.954+0200] {processor.py:161} INFO - Started process (PID=541890) to work on /home/leoja/airflow/airflow_venv/lib/python3.12/site-packages/airflow/example_dags/plugins/listener_plugin.py
[2025-06-05T19:04:15.955+0200] {processor.py:830} INFO - Processing file /home/leoja/airflow/airflow_venv/lib/python3.12/site-packages/airflow/example_dags/plugins/listener_plugin.py for tasks to queue
[2025-06-05T19:04:15.958+0200] {logging_mixin.py:188} INFO - [2025-06-05T19:04:15.958+0200] {dagbag.py:540} INFO - Filling up the DagBag from /home/leoja/airflow/airflow_venv/lib/python3.12/site-packages/airflow/example_dags/plugins/listener_plugin.py
[2025-06-05T19:04:15.960+0200] {processor.py:842} WARNING - No viable dags retrieved from /home/leoja/airflow/airflow_venv/lib/python3.12/site-packages/airflow/example_dags/plugins/listener_plugin.py
[2025-06-05T19:04:15.969+0200] {processor.py:183} INFO - Processing /home/leoja/airflow/airflow_venv/lib/python3.12/site-packages/airflow/example_dags/plugins/listener_plugin.py took 0.021 seconds
[2025-06-05T19:05:27.809+0200] {processor.py:161} INFO - Started process (PID=542277) to work on /home/leoja/airflow/airflow_venv/lib/python3.12/site-packages/airflow/example_dags/plugins/listener_plugin.py
[2025-06-05T19:05:27.810+0200] {processor.py:830} INFO - Processing file /home/leoja/airflow/airflow_venv/lib/python3.12/site-packages/airflow/example_dags/plugins/listener_plugin.py for tasks to queue
[2025-06-05T19:05:27.812+0200] {logging_mixin.py:188} INFO - [2025-06-05T19:05:27.811+0200] {dagbag.py:540} INFO - Filling up the DagBag from /home/leoja/airflow/airflow_venv/lib/python3.12/site-packages/airflow/example_dags/plugins/listener_plugin.py
[2025-06-05T19:05:27.814+0200] {processor.py:842} WARNING - No viable dags retrieved from /home/leoja/airflow/airflow_venv/lib/python3.12/site-packages/airflow/example_dags/plugins/listener_plugin.py
[2025-06-05T19:05:27.822+0200] {processor.py:183} INFO - Processing /home/leoja/airflow/airflow_venv/lib/python3.12/site-packages/airflow/example_dags/plugins/listener_plugin.py took 0.019 seconds
[2025-06-05T19:06:32.352+0200] {processor.py:161} INFO - Started process (PID=542514) to work on /home/leoja/airflow/airflow_venv/lib/python3.12/site-packages/airflow/example_dags/plugins/listener_plugin.py
[2025-06-05T19:06:32.353+0200] {processor.py:830} INFO - Processing file /home/leoja/airflow/airflow_venv/lib/python3.12/site-packages/airflow/example_dags/plugins/listener_plugin.py for tasks to queue
[2025-06-05T19:06:32.355+0200] {logging_mixin.py:188} INFO - [2025-06-05T19:06:32.354+0200] {dagbag.py:540} INFO - Filling up the DagBag from /home/leoja/airflow/airflow_venv/lib/python3.12/site-packages/airflow/example_dags/plugins/listener_plugin.py
[2025-06-05T19:06:32.356+0200] {processor.py:842} WARNING - No viable dags retrieved from /home/leoja/airflow/airflow_venv/lib/python3.12/site-packages/airflow/example_dags/plugins/listener_plugin.py
[2025-06-05T19:06:32.364+0200] {processor.py:183} INFO - Processing /home/leoja/airflow/airflow_venv/lib/python3.12/site-packages/airflow/example_dags/plugins/listener_plugin.py took 0.019 seconds
[2025-06-05T19:07:30.123+0200] {processor.py:161} INFO - Started process (PID=542769) to work on /home/leoja/airflow/airflow_venv/lib/python3.12/site-packages/airflow/example_dags/plugins/listener_plugin.py
[2025-06-05T19:07:30.125+0200] {processor.py:830} INFO - Processing file /home/leoja/airflow/airflow_venv/lib/python3.12/site-packages/airflow/example_dags/plugins/listener_plugin.py for tasks to queue
[2025-06-05T19:07:30.127+0200] {logging_mixin.py:188} INFO - [2025-06-05T19:07:30.126+0200] {dagbag.py:540} INFO - Filling up the DagBag from /home/leoja/airflow/airflow_venv/lib/python3.12/site-packages/airflow/example_dags/plugins/listener_plugin.py
[2025-06-05T19:07:30.128+0200] {processor.py:842} WARNING - No viable dags retrieved from /home/leoja/airflow/airflow_venv/lib/python3.12/site-packages/airflow/example_dags/plugins/listener_plugin.py
[2025-06-05T19:07:30.137+0200] {processor.py:183} INFO - Processing /home/leoja/airflow/airflow_venv/lib/python3.12/site-packages/airflow/example_dags/plugins/listener_plugin.py took 0.019 seconds
[2025-06-05T19:08:33.042+0200] {processor.py:161} INFO - Started process (PID=543171) to work on /home/leoja/airflow/airflow_venv/lib/python3.12/site-packages/airflow/example_dags/plugins/listener_plugin.py
[2025-06-05T19:08:33.043+0200] {processor.py:830} INFO - Processing file /home/leoja/airflow/airflow_venv/lib/python3.12/site-packages/airflow/example_dags/plugins/listener_plugin.py for tasks to queue
[2025-06-05T19:08:33.045+0200] {logging_mixin.py:188} INFO - [2025-06-05T19:08:33.045+0200] {dagbag.py:540} INFO - Filling up the DagBag from /home/leoja/airflow/airflow_venv/lib/python3.12/site-packages/airflow/example_dags/plugins/listener_plugin.py
[2025-06-05T19:08:33.047+0200] {processor.py:842} WARNING - No viable dags retrieved from /home/leoja/airflow/airflow_venv/lib/python3.12/site-packages/airflow/example_dags/plugins/listener_plugin.py
[2025-06-05T19:08:33.056+0200] {processor.py:183} INFO - Processing /home/leoja/airflow/airflow_venv/lib/python3.12/site-packages/airflow/example_dags/plugins/listener_plugin.py took 0.020 seconds
[2025-06-05T19:10:11.800+0200] {processor.py:161} INFO - Started process (PID=544292) to work on /home/leoja/airflow/airflow_venv/lib/python3.12/site-packages/airflow/example_dags/plugins/listener_plugin.py
[2025-06-05T19:10:11.802+0200] {processor.py:830} INFO - Processing file /home/leoja/airflow/airflow_venv/lib/python3.12/site-packages/airflow/example_dags/plugins/listener_plugin.py for tasks to queue
[2025-06-05T19:10:11.804+0200] {logging_mixin.py:188} INFO - [2025-06-05T19:10:11.803+0200] {dagbag.py:540} INFO - Filling up the DagBag from /home/leoja/airflow/airflow_venv/lib/python3.12/site-packages/airflow/example_dags/plugins/listener_plugin.py
[2025-06-05T19:10:11.806+0200] {processor.py:842} WARNING - No viable dags retrieved from /home/leoja/airflow/airflow_venv/lib/python3.12/site-packages/airflow/example_dags/plugins/listener_plugin.py
[2025-06-05T19:10:11.816+0200] {processor.py:183} INFO - Processing /home/leoja/airflow/airflow_venv/lib/python3.12/site-packages/airflow/example_dags/plugins/listener_plugin.py took 0.021 seconds
[2025-06-05T19:11:12.503+0200] {processor.py:161} INFO - Started process (PID=544655) to work on /home/leoja/airflow/airflow_venv/lib/python3.12/site-packages/airflow/example_dags/plugins/listener_plugin.py
[2025-06-05T19:11:12.507+0200] {processor.py:830} INFO - Processing file /home/leoja/airflow/airflow_venv/lib/python3.12/site-packages/airflow/example_dags/plugins/listener_plugin.py for tasks to queue
[2025-06-05T19:11:12.508+0200] {logging_mixin.py:188} INFO - [2025-06-05T19:11:12.508+0200] {dagbag.py:540} INFO - Filling up the DagBag from /home/leoja/airflow/airflow_venv/lib/python3.12/site-packages/airflow/example_dags/plugins/listener_plugin.py
[2025-06-05T19:11:12.511+0200] {processor.py:842} WARNING - No viable dags retrieved from /home/leoja/airflow/airflow_venv/lib/python3.12/site-packages/airflow/example_dags/plugins/listener_plugin.py
[2025-06-05T19:11:12.521+0200] {processor.py:183} INFO - Processing /home/leoja/airflow/airflow_venv/lib/python3.12/site-packages/airflow/example_dags/plugins/listener_plugin.py took 0.024 seconds
[2025-06-05T19:12:13.814+0200] {processor.py:161} INFO - Started process (PID=544995) to work on /home/leoja/airflow/airflow_venv/lib/python3.12/site-packages/airflow/example_dags/plugins/listener_plugin.py
[2025-06-05T19:12:13.816+0200] {processor.py:830} INFO - Processing file /home/leoja/airflow/airflow_venv/lib/python3.12/site-packages/airflow/example_dags/plugins/listener_plugin.py for tasks to queue
[2025-06-05T19:12:13.817+0200] {logging_mixin.py:188} INFO - [2025-06-05T19:12:13.817+0200] {dagbag.py:540} INFO - Filling up the DagBag from /home/leoja/airflow/airflow_venv/lib/python3.12/site-packages/airflow/example_dags/plugins/listener_plugin.py
[2025-06-05T19:12:13.819+0200] {processor.py:842} WARNING - No viable dags retrieved from /home/leoja/airflow/airflow_venv/lib/python3.12/site-packages/airflow/example_dags/plugins/listener_plugin.py
[2025-06-05T19:12:13.828+0200] {processor.py:183} INFO - Processing /home/leoja/airflow/airflow_venv/lib/python3.12/site-packages/airflow/example_dags/plugins/listener_plugin.py took 0.022 seconds
[2025-06-05T19:13:06.062+0200] {processor.py:161} INFO - Started process (PID=545323) to work on /home/leoja/airflow/airflow_venv/lib/python3.12/site-packages/airflow/example_dags/plugins/listener_plugin.py
[2025-06-05T19:13:06.064+0200] {processor.py:830} INFO - Processing file /home/leoja/airflow/airflow_venv/lib/python3.12/site-packages/airflow/example_dags/plugins/listener_plugin.py for tasks to queue
[2025-06-05T19:13:06.066+0200] {logging_mixin.py:188} INFO - [2025-06-05T19:13:06.066+0200] {dagbag.py:540} INFO - Filling up the DagBag from /home/leoja/airflow/airflow_venv/lib/python3.12/site-packages/airflow/example_dags/plugins/listener_plugin.py
[2025-06-05T19:13:06.069+0200] {processor.py:842} WARNING - No viable dags retrieved from /home/leoja/airflow/airflow_venv/lib/python3.12/site-packages/airflow/example_dags/plugins/listener_plugin.py
[2025-06-05T19:13:06.079+0200] {processor.py:183} INFO - Processing /home/leoja/airflow/airflow_venv/lib/python3.12/site-packages/airflow/example_dags/plugins/listener_plugin.py took 0.024 seconds
[2025-06-05T19:14:06.896+0200] {processor.py:161} INFO - Started process (PID=545756) to work on /home/leoja/airflow/airflow_venv/lib/python3.12/site-packages/airflow/example_dags/plugins/listener_plugin.py
[2025-06-05T19:14:06.897+0200] {processor.py:830} INFO - Processing file /home/leoja/airflow/airflow_venv/lib/python3.12/site-packages/airflow/example_dags/plugins/listener_plugin.py for tasks to queue
[2025-06-05T19:14:06.900+0200] {logging_mixin.py:188} INFO - [2025-06-05T19:14:06.900+0200] {dagbag.py:540} INFO - Filling up the DagBag from /home/leoja/airflow/airflow_venv/lib/python3.12/site-packages/airflow/example_dags/plugins/listener_plugin.py
[2025-06-05T19:14:06.903+0200] {processor.py:842} WARNING - No viable dags retrieved from /home/leoja/airflow/airflow_venv/lib/python3.12/site-packages/airflow/example_dags/plugins/listener_plugin.py
[2025-06-05T19:14:06.912+0200] {processor.py:183} INFO - Processing /home/leoja/airflow/airflow_venv/lib/python3.12/site-packages/airflow/example_dags/plugins/listener_plugin.py took 0.025 seconds
[2025-06-05T19:15:11.600+0200] {processor.py:161} INFO - Started process (PID=546114) to work on /home/leoja/airflow/airflow_venv/lib/python3.12/site-packages/airflow/example_dags/plugins/listener_plugin.py
[2025-06-05T19:15:11.601+0200] {processor.py:830} INFO - Processing file /home/leoja/airflow/airflow_venv/lib/python3.12/site-packages/airflow/example_dags/plugins/listener_plugin.py for tasks to queue
[2025-06-05T19:15:11.603+0200] {logging_mixin.py:188} INFO - [2025-06-05T19:15:11.602+0200] {dagbag.py:540} INFO - Filling up the DagBag from /home/leoja/airflow/airflow_venv/lib/python3.12/site-packages/airflow/example_dags/plugins/listener_plugin.py
[2025-06-05T19:15:11.605+0200] {processor.py:842} WARNING - No viable dags retrieved from /home/leoja/airflow/airflow_venv/lib/python3.12/site-packages/airflow/example_dags/plugins/listener_plugin.py
[2025-06-05T19:15:11.613+0200] {processor.py:183} INFO - Processing /home/leoja/airflow/airflow_venv/lib/python3.12/site-packages/airflow/example_dags/plugins/listener_plugin.py took 0.019 seconds
[2025-06-05T19:16:13.134+0200] {processor.py:161} INFO - Started process (PID=546571) to work on /home/leoja/airflow/airflow_venv/lib/python3.12/site-packages/airflow/example_dags/plugins/listener_plugin.py
[2025-06-05T19:16:13.135+0200] {processor.py:830} INFO - Processing file /home/leoja/airflow/airflow_venv/lib/python3.12/site-packages/airflow/example_dags/plugins/listener_plugin.py for tasks to queue
[2025-06-05T19:16:13.138+0200] {logging_mixin.py:188} INFO - [2025-06-05T19:16:13.137+0200] {dagbag.py:540} INFO - Filling up the DagBag from /home/leoja/airflow/airflow_venv/lib/python3.12/site-packages/airflow/example_dags/plugins/listener_plugin.py
[2025-06-05T19:16:13.140+0200] {processor.py:842} WARNING - No viable dags retrieved from /home/leoja/airflow/airflow_venv/lib/python3.12/site-packages/airflow/example_dags/plugins/listener_plugin.py
[2025-06-05T19:16:13.155+0200] {processor.py:183} INFO - Processing /home/leoja/airflow/airflow_venv/lib/python3.12/site-packages/airflow/example_dags/plugins/listener_plugin.py took 0.030 seconds
[2025-06-05T19:17:19.703+0200] {processor.py:161} INFO - Started process (PID=547420) to work on /home/leoja/airflow/airflow_venv/lib/python3.12/site-packages/airflow/example_dags/plugins/listener_plugin.py
[2025-06-05T19:17:19.704+0200] {processor.py:830} INFO - Processing file /home/leoja/airflow/airflow_venv/lib/python3.12/site-packages/airflow/example_dags/plugins/listener_plugin.py for tasks to queue
[2025-06-05T19:17:19.706+0200] {logging_mixin.py:188} INFO - [2025-06-05T19:17:19.705+0200] {dagbag.py:540} INFO - Filling up the DagBag from /home/leoja/airflow/airflow_venv/lib/python3.12/site-packages/airflow/example_dags/plugins/listener_plugin.py
[2025-06-05T19:17:19.708+0200] {processor.py:842} WARNING - No viable dags retrieved from /home/leoja/airflow/airflow_venv/lib/python3.12/site-packages/airflow/example_dags/plugins/listener_plugin.py
[2025-06-05T19:17:19.716+0200] {processor.py:183} INFO - Processing /home/leoja/airflow/airflow_venv/lib/python3.12/site-packages/airflow/example_dags/plugins/listener_plugin.py took 0.019 seconds
[2025-06-05T19:18:15.553+0200] {processor.py:161} INFO - Started process (PID=547736) to work on /home/leoja/airflow/airflow_venv/lib/python3.12/site-packages/airflow/example_dags/plugins/listener_plugin.py
[2025-06-05T19:18:15.554+0200] {processor.py:830} INFO - Processing file /home/leoja/airflow/airflow_venv/lib/python3.12/site-packages/airflow/example_dags/plugins/listener_plugin.py for tasks to queue
[2025-06-05T19:18:15.556+0200] {logging_mixin.py:188} INFO - [2025-06-05T19:18:15.555+0200] {dagbag.py:540} INFO - Filling up the DagBag from /home/leoja/airflow/airflow_venv/lib/python3.12/site-packages/airflow/example_dags/plugins/listener_plugin.py
[2025-06-05T19:18:15.558+0200] {processor.py:842} WARNING - No viable dags retrieved from /home/leoja/airflow/airflow_venv/lib/python3.12/site-packages/airflow/example_dags/plugins/listener_plugin.py
[2025-06-05T19:18:15.565+0200] {processor.py:183} INFO - Processing /home/leoja/airflow/airflow_venv/lib/python3.12/site-packages/airflow/example_dags/plugins/listener_plugin.py took 0.019 seconds
[2025-06-05T19:19:18.214+0200] {processor.py:161} INFO - Started process (PID=548146) to work on /home/leoja/airflow/airflow_venv/lib/python3.12/site-packages/airflow/example_dags/plugins/listener_plugin.py
[2025-06-05T19:19:18.216+0200] {processor.py:830} INFO - Processing file /home/leoja/airflow/airflow_venv/lib/python3.12/site-packages/airflow/example_dags/plugins/listener_plugin.py for tasks to queue
[2025-06-05T19:19:18.218+0200] {logging_mixin.py:188} INFO - [2025-06-05T19:19:18.217+0200] {dagbag.py:540} INFO - Filling up the DagBag from /home/leoja/airflow/airflow_venv/lib/python3.12/site-packages/airflow/example_dags/plugins/listener_plugin.py
[2025-06-05T19:19:18.221+0200] {processor.py:842} WARNING - No viable dags retrieved from /home/leoja/airflow/airflow_venv/lib/python3.12/site-packages/airflow/example_dags/plugins/listener_plugin.py
[2025-06-05T19:19:18.230+0200] {processor.py:183} INFO - Processing /home/leoja/airflow/airflow_venv/lib/python3.12/site-packages/airflow/example_dags/plugins/listener_plugin.py took 0.022 seconds
[2025-06-05T19:20:17.496+0200] {processor.py:161} INFO - Started process (PID=548529) to work on /home/leoja/airflow/airflow_venv/lib/python3.12/site-packages/airflow/example_dags/plugins/listener_plugin.py
[2025-06-05T19:20:17.497+0200] {processor.py:830} INFO - Processing file /home/leoja/airflow/airflow_venv/lib/python3.12/site-packages/airflow/example_dags/plugins/listener_plugin.py for tasks to queue
[2025-06-05T19:20:17.499+0200] {logging_mixin.py:188} INFO - [2025-06-05T19:20:17.499+0200] {dagbag.py:540} INFO - Filling up the DagBag from /home/leoja/airflow/airflow_venv/lib/python3.12/site-packages/airflow/example_dags/plugins/listener_plugin.py
[2025-06-05T19:20:17.501+0200] {processor.py:842} WARNING - No viable dags retrieved from /home/leoja/airflow/airflow_venv/lib/python3.12/site-packages/airflow/example_dags/plugins/listener_plugin.py
[2025-06-05T19:20:17.511+0200] {processor.py:183} INFO - Processing /home/leoja/airflow/airflow_venv/lib/python3.12/site-packages/airflow/example_dags/plugins/listener_plugin.py took 0.021 seconds
[2025-06-05T19:21:20.833+0200] {processor.py:161} INFO - Started process (PID=548905) to work on /home/leoja/airflow/airflow_venv/lib/python3.12/site-packages/airflow/example_dags/plugins/listener_plugin.py
[2025-06-05T19:21:20.834+0200] {processor.py:830} INFO - Processing file /home/leoja/airflow/airflow_venv/lib/python3.12/site-packages/airflow/example_dags/plugins/listener_plugin.py for tasks to queue
[2025-06-05T19:21:20.836+0200] {logging_mixin.py:188} INFO - [2025-06-05T19:21:20.836+0200] {dagbag.py:540} INFO - Filling up the DagBag from /home/leoja/airflow/airflow_venv/lib/python3.12/site-packages/airflow/example_dags/plugins/listener_plugin.py
[2025-06-05T19:21:20.839+0200] {processor.py:842} WARNING - No viable dags retrieved from /home/leoja/airflow/airflow_venv/lib/python3.12/site-packages/airflow/example_dags/plugins/listener_plugin.py
[2025-06-05T19:21:20.848+0200] {processor.py:183} INFO - Processing /home/leoja/airflow/airflow_venv/lib/python3.12/site-packages/airflow/example_dags/plugins/listener_plugin.py took 0.022 seconds
[2025-06-05T19:22:23.155+0200] {processor.py:161} INFO - Started process (PID=549253) to work on /home/leoja/airflow/airflow_venv/lib/python3.12/site-packages/airflow/example_dags/plugins/listener_plugin.py
[2025-06-05T19:22:23.157+0200] {processor.py:830} INFO - Processing file /home/leoja/airflow/airflow_venv/lib/python3.12/site-packages/airflow/example_dags/plugins/listener_plugin.py for tasks to queue
[2025-06-05T19:22:23.158+0200] {logging_mixin.py:188} INFO - [2025-06-05T19:22:23.158+0200] {dagbag.py:540} INFO - Filling up the DagBag from /home/leoja/airflow/airflow_venv/lib/python3.12/site-packages/airflow/example_dags/plugins/listener_plugin.py
[2025-06-05T19:22:23.160+0200] {processor.py:842} WARNING - No viable dags retrieved from /home/leoja/airflow/airflow_venv/lib/python3.12/site-packages/airflow/example_dags/plugins/listener_plugin.py
[2025-06-05T19:22:23.169+0200] {processor.py:183} INFO - Processing /home/leoja/airflow/airflow_venv/lib/python3.12/site-packages/airflow/example_dags/plugins/listener_plugin.py took 0.021 seconds
[2025-06-05T19:23:27.831+0200] {processor.py:161} INFO - Started process (PID=549644) to work on /home/leoja/airflow/airflow_venv/lib/python3.12/site-packages/airflow/example_dags/plugins/listener_plugin.py
[2025-06-05T19:23:27.833+0200] {processor.py:830} INFO - Processing file /home/leoja/airflow/airflow_venv/lib/python3.12/site-packages/airflow/example_dags/plugins/listener_plugin.py for tasks to queue
[2025-06-05T19:23:27.835+0200] {logging_mixin.py:188} INFO - [2025-06-05T19:23:27.835+0200] {dagbag.py:540} INFO - Filling up the DagBag from /home/leoja/airflow/airflow_venv/lib/python3.12/site-packages/airflow/example_dags/plugins/listener_plugin.py
[2025-06-05T19:23:27.837+0200] {processor.py:842} WARNING - No viable dags retrieved from /home/leoja/airflow/airflow_venv/lib/python3.12/site-packages/airflow/example_dags/plugins/listener_plugin.py
[2025-06-05T19:23:27.845+0200] {processor.py:183} INFO - Processing /home/leoja/airflow/airflow_venv/lib/python3.12/site-packages/airflow/example_dags/plugins/listener_plugin.py took 0.019 seconds
[2025-06-05T19:24:29.990+0200] {processor.py:161} INFO - Started process (PID=549989) to work on /home/leoja/airflow/airflow_venv/lib/python3.12/site-packages/airflow/example_dags/plugins/listener_plugin.py
[2025-06-05T19:24:29.992+0200] {processor.py:830} INFO - Processing file /home/leoja/airflow/airflow_venv/lib/python3.12/site-packages/airflow/example_dags/plugins/listener_plugin.py for tasks to queue
[2025-06-05T19:24:29.993+0200] {logging_mixin.py:188} INFO - [2025-06-05T19:24:29.993+0200] {dagbag.py:540} INFO - Filling up the DagBag from /home/leoja/airflow/airflow_venv/lib/python3.12/site-packages/airflow/example_dags/plugins/listener_plugin.py
[2025-06-05T19:24:29.995+0200] {processor.py:842} WARNING - No viable dags retrieved from /home/leoja/airflow/airflow_venv/lib/python3.12/site-packages/airflow/example_dags/plugins/listener_plugin.py
[2025-06-05T19:24:30.003+0200] {processor.py:183} INFO - Processing /home/leoja/airflow/airflow_venv/lib/python3.12/site-packages/airflow/example_dags/plugins/listener_plugin.py took 0.018 seconds
[2025-06-05T19:25:31.058+0200] {processor.py:161} INFO - Started process (PID=550400) to work on /home/leoja/airflow/airflow_venv/lib/python3.12/site-packages/airflow/example_dags/plugins/listener_plugin.py
[2025-06-05T19:25:31.060+0200] {processor.py:830} INFO - Processing file /home/leoja/airflow/airflow_venv/lib/python3.12/site-packages/airflow/example_dags/plugins/listener_plugin.py for tasks to queue
[2025-06-05T19:25:31.062+0200] {logging_mixin.py:188} INFO - [2025-06-05T19:25:31.061+0200] {dagbag.py:540} INFO - Filling up the DagBag from /home/leoja/airflow/airflow_venv/lib/python3.12/site-packages/airflow/example_dags/plugins/listener_plugin.py
[2025-06-05T19:25:31.063+0200] {processor.py:842} WARNING - No viable dags retrieved from /home/leoja/airflow/airflow_venv/lib/python3.12/site-packages/airflow/example_dags/plugins/listener_plugin.py
[2025-06-05T19:25:31.071+0200] {processor.py:183} INFO - Processing /home/leoja/airflow/airflow_venv/lib/python3.12/site-packages/airflow/example_dags/plugins/listener_plugin.py took 0.018 seconds
[2025-06-05T19:26:30.656+0200] {processor.py:161} INFO - Started process (PID=550698) to work on /home/leoja/airflow/airflow_venv/lib/python3.12/site-packages/airflow/example_dags/plugins/listener_plugin.py
[2025-06-05T19:26:30.658+0200] {processor.py:830} INFO - Processing file /home/leoja/airflow/airflow_venv/lib/python3.12/site-packages/airflow/example_dags/plugins/listener_plugin.py for tasks to queue
[2025-06-05T19:26:30.660+0200] {logging_mixin.py:188} INFO - [2025-06-05T19:26:30.659+0200] {dagbag.py:540} INFO - Filling up the DagBag from /home/leoja/airflow/airflow_venv/lib/python3.12/site-packages/airflow/example_dags/plugins/listener_plugin.py
[2025-06-05T19:26:30.662+0200] {processor.py:842} WARNING - No viable dags retrieved from /home/leoja/airflow/airflow_venv/lib/python3.12/site-packages/airflow/example_dags/plugins/listener_plugin.py
[2025-06-05T19:26:30.669+0200] {processor.py:183} INFO - Processing /home/leoja/airflow/airflow_venv/lib/python3.12/site-packages/airflow/example_dags/plugins/listener_plugin.py took 0.018 seconds
[2025-06-05T19:27:36.991+0200] {processor.py:161} INFO - Started process (PID=551190) to work on /home/leoja/airflow/airflow_venv/lib/python3.12/site-packages/airflow/example_dags/plugins/listener_plugin.py
[2025-06-05T19:27:36.993+0200] {processor.py:830} INFO - Processing file /home/leoja/airflow/airflow_venv/lib/python3.12/site-packages/airflow/example_dags/plugins/listener_plugin.py for tasks to queue
[2025-06-05T19:27:36.994+0200] {logging_mixin.py:188} INFO - [2025-06-05T19:27:36.994+0200] {dagbag.py:540} INFO - Filling up the DagBag from /home/leoja/airflow/airflow_venv/lib/python3.12/site-packages/airflow/example_dags/plugins/listener_plugin.py
[2025-06-05T19:27:36.997+0200] {processor.py:842} WARNING - No viable dags retrieved from /home/leoja/airflow/airflow_venv/lib/python3.12/site-packages/airflow/example_dags/plugins/listener_plugin.py
[2025-06-05T19:27:37.006+0200] {processor.py:183} INFO - Processing /home/leoja/airflow/airflow_venv/lib/python3.12/site-packages/airflow/example_dags/plugins/listener_plugin.py took 0.021 seconds
[2025-06-05T19:28:49.718+0200] {processor.py:161} INFO - Started process (PID=552330) to work on /home/leoja/airflow/airflow_venv/lib/python3.12/site-packages/airflow/example_dags/plugins/listener_plugin.py
[2025-06-05T19:28:49.720+0200] {processor.py:830} INFO - Processing file /home/leoja/airflow/airflow_venv/lib/python3.12/site-packages/airflow/example_dags/plugins/listener_plugin.py for tasks to queue
[2025-06-05T19:28:49.722+0200] {logging_mixin.py:188} INFO - [2025-06-05T19:28:49.721+0200] {dagbag.py:540} INFO - Filling up the DagBag from /home/leoja/airflow/airflow_venv/lib/python3.12/site-packages/airflow/example_dags/plugins/listener_plugin.py
[2025-06-05T19:28:49.724+0200] {processor.py:842} WARNING - No viable dags retrieved from /home/leoja/airflow/airflow_venv/lib/python3.12/site-packages/airflow/example_dags/plugins/listener_plugin.py
[2025-06-05T19:28:49.732+0200] {processor.py:183} INFO - Processing /home/leoja/airflow/airflow_venv/lib/python3.12/site-packages/airflow/example_dags/plugins/listener_plugin.py took 0.020 seconds
[2025-06-05T19:29:57.373+0200] {processor.py:161} INFO - Started process (PID=552722) to work on /home/leoja/airflow/airflow_venv/lib/python3.12/site-packages/airflow/example_dags/plugins/listener_plugin.py
[2025-06-05T19:29:57.374+0200] {processor.py:830} INFO - Processing file /home/leoja/airflow/airflow_venv/lib/python3.12/site-packages/airflow/example_dags/plugins/listener_plugin.py for tasks to queue
[2025-06-05T19:29:57.376+0200] {logging_mixin.py:188} INFO - [2025-06-05T19:29:57.375+0200] {dagbag.py:540} INFO - Filling up the DagBag from /home/leoja/airflow/airflow_venv/lib/python3.12/site-packages/airflow/example_dags/plugins/listener_plugin.py
[2025-06-05T19:29:57.378+0200] {processor.py:842} WARNING - No viable dags retrieved from /home/leoja/airflow/airflow_venv/lib/python3.12/site-packages/airflow/example_dags/plugins/listener_plugin.py
[2025-06-05T19:29:57.386+0200] {processor.py:183} INFO - Processing /home/leoja/airflow/airflow_venv/lib/python3.12/site-packages/airflow/example_dags/plugins/listener_plugin.py took 0.020 seconds
[2025-06-05T19:31:04.687+0200] {processor.py:161} INFO - Started process (PID=553136) to work on /home/leoja/airflow/airflow_venv/lib/python3.12/site-packages/airflow/example_dags/plugins/listener_plugin.py
[2025-06-05T19:31:04.688+0200] {processor.py:830} INFO - Processing file /home/leoja/airflow/airflow_venv/lib/python3.12/site-packages/airflow/example_dags/plugins/listener_plugin.py for tasks to queue
[2025-06-05T19:31:04.690+0200] {logging_mixin.py:188} INFO - [2025-06-05T19:31:04.689+0200] {dagbag.py:540} INFO - Filling up the DagBag from /home/leoja/airflow/airflow_venv/lib/python3.12/site-packages/airflow/example_dags/plugins/listener_plugin.py
[2025-06-05T19:31:04.692+0200] {processor.py:842} WARNING - No viable dags retrieved from /home/leoja/airflow/airflow_venv/lib/python3.12/site-packages/airflow/example_dags/plugins/listener_plugin.py
[2025-06-05T19:31:04.700+0200] {processor.py:183} INFO - Processing /home/leoja/airflow/airflow_venv/lib/python3.12/site-packages/airflow/example_dags/plugins/listener_plugin.py took 0.020 seconds
[2025-06-05T19:32:07.952+0200] {processor.py:161} INFO - Started process (PID=553500) to work on /home/leoja/airflow/airflow_venv/lib/python3.12/site-packages/airflow/example_dags/plugins/listener_plugin.py
[2025-06-05T19:32:07.954+0200] {processor.py:830} INFO - Processing file /home/leoja/airflow/airflow_venv/lib/python3.12/site-packages/airflow/example_dags/plugins/listener_plugin.py for tasks to queue
[2025-06-05T19:32:07.956+0200] {logging_mixin.py:188} INFO - [2025-06-05T19:32:07.955+0200] {dagbag.py:540} INFO - Filling up the DagBag from /home/leoja/airflow/airflow_venv/lib/python3.12/site-packages/airflow/example_dags/plugins/listener_plugin.py
[2025-06-05T19:32:07.958+0200] {processor.py:842} WARNING - No viable dags retrieved from /home/leoja/airflow/airflow_venv/lib/python3.12/site-packages/airflow/example_dags/plugins/listener_plugin.py
[2025-06-05T19:32:07.968+0200] {processor.py:183} INFO - Processing /home/leoja/airflow/airflow_venv/lib/python3.12/site-packages/airflow/example_dags/plugins/listener_plugin.py took 0.029 seconds
[2025-06-05T19:33:14.038+0200] {processor.py:161} INFO - Started process (PID=553850) to work on /home/leoja/airflow/airflow_venv/lib/python3.12/site-packages/airflow/example_dags/plugins/listener_plugin.py
[2025-06-05T19:33:14.040+0200] {processor.py:830} INFO - Processing file /home/leoja/airflow/airflow_venv/lib/python3.12/site-packages/airflow/example_dags/plugins/listener_plugin.py for tasks to queue
[2025-06-05T19:33:14.042+0200] {logging_mixin.py:188} INFO - [2025-06-05T19:33:14.041+0200] {dagbag.py:540} INFO - Filling up the DagBag from /home/leoja/airflow/airflow_venv/lib/python3.12/site-packages/airflow/example_dags/plugins/listener_plugin.py
[2025-06-05T19:33:14.045+0200] {processor.py:842} WARNING - No viable dags retrieved from /home/leoja/airflow/airflow_venv/lib/python3.12/site-packages/airflow/example_dags/plugins/listener_plugin.py
[2025-06-05T19:33:14.056+0200] {processor.py:183} INFO - Processing /home/leoja/airflow/airflow_venv/lib/python3.12/site-packages/airflow/example_dags/plugins/listener_plugin.py took 0.026 seconds
[2025-06-05T19:34:20.707+0200] {processor.py:161} INFO - Started process (PID=554248) to work on /home/leoja/airflow/airflow_venv/lib/python3.12/site-packages/airflow/example_dags/plugins/listener_plugin.py
[2025-06-05T19:34:20.709+0200] {processor.py:830} INFO - Processing file /home/leoja/airflow/airflow_venv/lib/python3.12/site-packages/airflow/example_dags/plugins/listener_plugin.py for tasks to queue
[2025-06-05T19:34:20.710+0200] {logging_mixin.py:188} INFO - [2025-06-05T19:34:20.710+0200] {dagbag.py:540} INFO - Filling up the DagBag from /home/leoja/airflow/airflow_venv/lib/python3.12/site-packages/airflow/example_dags/plugins/listener_plugin.py
[2025-06-05T19:34:20.712+0200] {processor.py:842} WARNING - No viable dags retrieved from /home/leoja/airflow/airflow_venv/lib/python3.12/site-packages/airflow/example_dags/plugins/listener_plugin.py
[2025-06-05T19:34:20.721+0200] {processor.py:183} INFO - Processing /home/leoja/airflow/airflow_venv/lib/python3.12/site-packages/airflow/example_dags/plugins/listener_plugin.py took 0.020 seconds
[2025-06-05T19:35:21.585+0200] {processor.py:161} INFO - Started process (PID=554592) to work on /home/leoja/airflow/airflow_venv/lib/python3.12/site-packages/airflow/example_dags/plugins/listener_plugin.py
[2025-06-05T19:35:21.586+0200] {processor.py:830} INFO - Processing file /home/leoja/airflow/airflow_venv/lib/python3.12/site-packages/airflow/example_dags/plugins/listener_plugin.py for tasks to queue
[2025-06-05T19:35:21.588+0200] {logging_mixin.py:188} INFO - [2025-06-05T19:35:21.587+0200] {dagbag.py:540} INFO - Filling up the DagBag from /home/leoja/airflow/airflow_venv/lib/python3.12/site-packages/airflow/example_dags/plugins/listener_plugin.py
[2025-06-05T19:35:21.590+0200] {processor.py:842} WARNING - No viable dags retrieved from /home/leoja/airflow/airflow_venv/lib/python3.12/site-packages/airflow/example_dags/plugins/listener_plugin.py
[2025-06-05T19:35:21.597+0200] {processor.py:183} INFO - Processing /home/leoja/airflow/airflow_venv/lib/python3.12/site-packages/airflow/example_dags/plugins/listener_plugin.py took 0.019 seconds
[2025-06-05T19:36:24.691+0200] {processor.py:161} INFO - Started process (PID=554951) to work on /home/leoja/airflow/airflow_venv/lib/python3.12/site-packages/airflow/example_dags/plugins/listener_plugin.py
[2025-06-05T19:36:24.693+0200] {processor.py:830} INFO - Processing file /home/leoja/airflow/airflow_venv/lib/python3.12/site-packages/airflow/example_dags/plugins/listener_plugin.py for tasks to queue
[2025-06-05T19:36:24.694+0200] {logging_mixin.py:188} INFO - [2025-06-05T19:36:24.694+0200] {dagbag.py:540} INFO - Filling up the DagBag from /home/leoja/airflow/airflow_venv/lib/python3.12/site-packages/airflow/example_dags/plugins/listener_plugin.py
[2025-06-05T19:36:24.697+0200] {processor.py:842} WARNING - No viable dags retrieved from /home/leoja/airflow/airflow_venv/lib/python3.12/site-packages/airflow/example_dags/plugins/listener_plugin.py
[2025-06-05T19:36:24.706+0200] {processor.py:183} INFO - Processing /home/leoja/airflow/airflow_venv/lib/python3.12/site-packages/airflow/example_dags/plugins/listener_plugin.py took 0.021 seconds
[2025-06-05T19:37:33.540+0200] {processor.py:161} INFO - Started process (PID=555356) to work on /home/leoja/airflow/airflow_venv/lib/python3.12/site-packages/airflow/example_dags/plugins/listener_plugin.py
[2025-06-05T19:37:33.542+0200] {processor.py:830} INFO - Processing file /home/leoja/airflow/airflow_venv/lib/python3.12/site-packages/airflow/example_dags/plugins/listener_plugin.py for tasks to queue
[2025-06-05T19:37:33.544+0200] {logging_mixin.py:188} INFO - [2025-06-05T19:37:33.544+0200] {dagbag.py:540} INFO - Filling up the DagBag from /home/leoja/airflow/airflow_venv/lib/python3.12/site-packages/airflow/example_dags/plugins/listener_plugin.py
[2025-06-05T19:37:33.546+0200] {processor.py:842} WARNING - No viable dags retrieved from /home/leoja/airflow/airflow_venv/lib/python3.12/site-packages/airflow/example_dags/plugins/listener_plugin.py
[2025-06-05T19:37:33.555+0200] {processor.py:183} INFO - Processing /home/leoja/airflow/airflow_venv/lib/python3.12/site-packages/airflow/example_dags/plugins/listener_plugin.py took 0.021 seconds
[2025-06-05T19:38:38.852+0200] {processor.py:161} INFO - Started process (PID=555699) to work on /home/leoja/airflow/airflow_venv/lib/python3.12/site-packages/airflow/example_dags/plugins/listener_plugin.py
[2025-06-05T19:38:38.853+0200] {processor.py:830} INFO - Processing file /home/leoja/airflow/airflow_venv/lib/python3.12/site-packages/airflow/example_dags/plugins/listener_plugin.py for tasks to queue
[2025-06-05T19:38:38.855+0200] {logging_mixin.py:188} INFO - [2025-06-05T19:38:38.855+0200] {dagbag.py:540} INFO - Filling up the DagBag from /home/leoja/airflow/airflow_venv/lib/python3.12/site-packages/airflow/example_dags/plugins/listener_plugin.py
[2025-06-05T19:38:38.858+0200] {processor.py:842} WARNING - No viable dags retrieved from /home/leoja/airflow/airflow_venv/lib/python3.12/site-packages/airflow/example_dags/plugins/listener_plugin.py
[2025-06-05T19:38:38.868+0200] {processor.py:183} INFO - Processing /home/leoja/airflow/airflow_venv/lib/python3.12/site-packages/airflow/example_dags/plugins/listener_plugin.py took 0.023 seconds
[2025-06-05T19:39:42.489+0200] {processor.py:161} INFO - Started process (PID=556070) to work on /home/leoja/airflow/airflow_venv/lib/python3.12/site-packages/airflow/example_dags/plugins/listener_plugin.py
[2025-06-05T19:39:42.491+0200] {processor.py:830} INFO - Processing file /home/leoja/airflow/airflow_venv/lib/python3.12/site-packages/airflow/example_dags/plugins/listener_plugin.py for tasks to queue
[2025-06-05T19:39:42.493+0200] {logging_mixin.py:188} INFO - [2025-06-05T19:39:42.492+0200] {dagbag.py:540} INFO - Filling up the DagBag from /home/leoja/airflow/airflow_venv/lib/python3.12/site-packages/airflow/example_dags/plugins/listener_plugin.py
[2025-06-05T19:39:42.494+0200] {processor.py:842} WARNING - No viable dags retrieved from /home/leoja/airflow/airflow_venv/lib/python3.12/site-packages/airflow/example_dags/plugins/listener_plugin.py
[2025-06-05T19:39:42.503+0200] {processor.py:183} INFO - Processing /home/leoja/airflow/airflow_venv/lib/python3.12/site-packages/airflow/example_dags/plugins/listener_plugin.py took 0.020 seconds
[2025-06-05T19:40:53.212+0200] {processor.py:161} INFO - Started process (PID=556475) to work on /home/leoja/airflow/airflow_venv/lib/python3.12/site-packages/airflow/example_dags/plugins/listener_plugin.py
[2025-06-05T19:40:53.214+0200] {processor.py:830} INFO - Processing file /home/leoja/airflow/airflow_venv/lib/python3.12/site-packages/airflow/example_dags/plugins/listener_plugin.py for tasks to queue
[2025-06-05T19:40:53.215+0200] {logging_mixin.py:188} INFO - [2025-06-05T19:40:53.215+0200] {dagbag.py:540} INFO - Filling up the DagBag from /home/leoja/airflow/airflow_venv/lib/python3.12/site-packages/airflow/example_dags/plugins/listener_plugin.py
[2025-06-05T19:40:53.219+0200] {processor.py:842} WARNING - No viable dags retrieved from /home/leoja/airflow/airflow_venv/lib/python3.12/site-packages/airflow/example_dags/plugins/listener_plugin.py
[2025-06-05T19:40:53.227+0200] {processor.py:183} INFO - Processing /home/leoja/airflow/airflow_venv/lib/python3.12/site-packages/airflow/example_dags/plugins/listener_plugin.py took 0.021 seconds
[2025-06-05T19:42:00.639+0200] {processor.py:161} INFO - Started process (PID=557405) to work on /home/leoja/airflow/airflow_venv/lib/python3.12/site-packages/airflow/example_dags/plugins/listener_plugin.py
[2025-06-05T19:42:00.641+0200] {processor.py:830} INFO - Processing file /home/leoja/airflow/airflow_venv/lib/python3.12/site-packages/airflow/example_dags/plugins/listener_plugin.py for tasks to queue
[2025-06-05T19:42:00.642+0200] {logging_mixin.py:188} INFO - [2025-06-05T19:42:00.642+0200] {dagbag.py:540} INFO - Filling up the DagBag from /home/leoja/airflow/airflow_venv/lib/python3.12/site-packages/airflow/example_dags/plugins/listener_plugin.py
[2025-06-05T19:42:00.645+0200] {processor.py:842} WARNING - No viable dags retrieved from /home/leoja/airflow/airflow_venv/lib/python3.12/site-packages/airflow/example_dags/plugins/listener_plugin.py
[2025-06-05T19:42:00.653+0200] {processor.py:183} INFO - Processing /home/leoja/airflow/airflow_venv/lib/python3.12/site-packages/airflow/example_dags/plugins/listener_plugin.py took 0.021 seconds
[2025-06-05T19:43:06.127+0200] {processor.py:161} INFO - Started process (PID=557694) to work on /home/leoja/airflow/airflow_venv/lib/python3.12/site-packages/airflow/example_dags/plugins/listener_plugin.py
[2025-06-05T19:43:06.129+0200] {processor.py:830} INFO - Processing file /home/leoja/airflow/airflow_venv/lib/python3.12/site-packages/airflow/example_dags/plugins/listener_plugin.py for tasks to queue
[2025-06-05T19:43:06.130+0200] {logging_mixin.py:188} INFO - [2025-06-05T19:43:06.130+0200] {dagbag.py:540} INFO - Filling up the DagBag from /home/leoja/airflow/airflow_venv/lib/python3.12/site-packages/airflow/example_dags/plugins/listener_plugin.py
[2025-06-05T19:43:06.133+0200] {processor.py:842} WARNING - No viable dags retrieved from /home/leoja/airflow/airflow_venv/lib/python3.12/site-packages/airflow/example_dags/plugins/listener_plugin.py
[2025-06-05T19:43:06.143+0200] {processor.py:183} INFO - Processing /home/leoja/airflow/airflow_venv/lib/python3.12/site-packages/airflow/example_dags/plugins/listener_plugin.py took 0.023 seconds
[2025-06-05T19:44:09.431+0200] {processor.py:161} INFO - Started process (PID=558083) to work on /home/leoja/airflow/airflow_venv/lib/python3.12/site-packages/airflow/example_dags/plugins/listener_plugin.py
[2025-06-05T19:44:09.433+0200] {processor.py:830} INFO - Processing file /home/leoja/airflow/airflow_venv/lib/python3.12/site-packages/airflow/example_dags/plugins/listener_plugin.py for tasks to queue
[2025-06-05T19:44:09.435+0200] {logging_mixin.py:188} INFO - [2025-06-05T19:44:09.434+0200] {dagbag.py:540} INFO - Filling up the DagBag from /home/leoja/airflow/airflow_venv/lib/python3.12/site-packages/airflow/example_dags/plugins/listener_plugin.py
[2025-06-05T19:44:09.438+0200] {processor.py:842} WARNING - No viable dags retrieved from /home/leoja/airflow/airflow_venv/lib/python3.12/site-packages/airflow/example_dags/plugins/listener_plugin.py
[2025-06-05T19:44:09.446+0200] {processor.py:183} INFO - Processing /home/leoja/airflow/airflow_venv/lib/python3.12/site-packages/airflow/example_dags/plugins/listener_plugin.py took 0.023 seconds
