[2025-06-05T07:53:43.651+0200] {processor.py:161} INFO - Started process (PID=531183) to work on /home/leoja/airflow/airflow_venv/lib/python3.12/site-packages/airflow/example_dags/plugins/workday.py
[2025-06-05T07:53:43.652+0200] {processor.py:830} INFO - Processing file /home/leoja/airflow/airflow_venv/lib/python3.12/site-packages/airflow/example_dags/plugins/workday.py for tasks to queue
[2025-06-05T07:53:43.654+0200] {logging_mixin.py:188} INFO - [2025-06-05T07:53:43.654+0200] {dagbag.py:540} INFO - Filling up the DagBag from /home/leoja/airflow/airflow_venv/lib/python3.12/site-packages/airflow/example_dags/plugins/workday.py
[2025-06-05T07:53:44.353+0200] {processor.py:842} WARNING - No viable dags retrieved from /home/leoja/airflow/airflow_venv/lib/python3.12/site-packages/airflow/example_dags/plugins/workday.py
[2025-06-05T07:53:44.360+0200] {processor.py:183} INFO - Processing /home/leoja/airflow/airflow_venv/lib/python3.12/site-packages/airflow/example_dags/plugins/workday.py took 0.717 seconds
[2025-06-05T07:54:35.395+0200] {processor.py:161} INFO - Started process (PID=531426) to work on /home/leoja/airflow/airflow_venv/lib/python3.12/site-packages/airflow/example_dags/plugins/workday.py
[2025-06-05T07:54:35.401+0200] {processor.py:830} INFO - Processing file /home/leoja/airflow/airflow_venv/lib/python3.12/site-packages/airflow/example_dags/plugins/workday.py for tasks to queue
[2025-06-05T07:54:35.403+0200] {logging_mixin.py:188} INFO - [2025-06-05T07:54:35.403+0200] {dagbag.py:540} INFO - Filling up the DagBag from /home/leoja/airflow/airflow_venv/lib/python3.12/site-packages/airflow/example_dags/plugins/workday.py
[2025-06-05T07:54:35.852+0200] {processor.py:842} WARNING - No viable dags retrieved from /home/leoja/airflow/airflow_venv/lib/python3.12/site-packages/airflow/example_dags/plugins/workday.py
[2025-06-05T07:54:35.857+0200] {processor.py:183} INFO - Processing /home/leoja/airflow/airflow_venv/lib/python3.12/site-packages/airflow/example_dags/plugins/workday.py took 0.469 seconds
[2025-06-05T07:55:37.536+0200] {processor.py:161} INFO - Started process (PID=531649) to work on /home/leoja/airflow/airflow_venv/lib/python3.12/site-packages/airflow/example_dags/plugins/workday.py
[2025-06-05T07:55:37.537+0200] {processor.py:830} INFO - Processing file /home/leoja/airflow/airflow_venv/lib/python3.12/site-packages/airflow/example_dags/plugins/workday.py for tasks to queue
[2025-06-05T07:55:37.539+0200] {logging_mixin.py:188} INFO - [2025-06-05T07:55:37.538+0200] {dagbag.py:540} INFO - Filling up the DagBag from /home/leoja/airflow/airflow_venv/lib/python3.12/site-packages/airflow/example_dags/plugins/workday.py
[2025-06-05T07:55:37.922+0200] {processor.py:842} WARNING - No viable dags retrieved from /home/leoja/airflow/airflow_venv/lib/python3.12/site-packages/airflow/example_dags/plugins/workday.py
[2025-06-05T07:55:37.928+0200] {processor.py:183} INFO - Processing /home/leoja/airflow/airflow_venv/lib/python3.12/site-packages/airflow/example_dags/plugins/workday.py took 0.398 seconds
[2025-06-05T07:56:40.987+0200] {processor.py:161} INFO - Started process (PID=531883) to work on /home/leoja/airflow/airflow_venv/lib/python3.12/site-packages/airflow/example_dags/plugins/workday.py
[2025-06-05T07:56:40.988+0200] {processor.py:830} INFO - Processing file /home/leoja/airflow/airflow_venv/lib/python3.12/site-packages/airflow/example_dags/plugins/workday.py for tasks to queue
[2025-06-05T07:56:40.990+0200] {logging_mixin.py:188} INFO - [2025-06-05T07:56:40.989+0200] {dagbag.py:540} INFO - Filling up the DagBag from /home/leoja/airflow/airflow_venv/lib/python3.12/site-packages/airflow/example_dags/plugins/workday.py
[2025-06-05T07:56:41.360+0200] {processor.py:842} WARNING - No viable dags retrieved from /home/leoja/airflow/airflow_venv/lib/python3.12/site-packages/airflow/example_dags/plugins/workday.py
[2025-06-05T07:56:41.365+0200] {processor.py:183} INFO - Processing /home/leoja/airflow/airflow_venv/lib/python3.12/site-packages/airflow/example_dags/plugins/workday.py took 0.385 seconds
[2025-06-05T07:57:43.950+0200] {processor.py:161} INFO - Started process (PID=532104) to work on /home/leoja/airflow/airflow_venv/lib/python3.12/site-packages/airflow/example_dags/plugins/workday.py
[2025-06-05T07:57:43.952+0200] {processor.py:830} INFO - Processing file /home/leoja/airflow/airflow_venv/lib/python3.12/site-packages/airflow/example_dags/plugins/workday.py for tasks to queue
[2025-06-05T07:57:43.953+0200] {logging_mixin.py:188} INFO - [2025-06-05T07:57:43.953+0200] {dagbag.py:540} INFO - Filling up the DagBag from /home/leoja/airflow/airflow_venv/lib/python3.12/site-packages/airflow/example_dags/plugins/workday.py
[2025-06-05T07:57:44.325+0200] {processor.py:842} WARNING - No viable dags retrieved from /home/leoja/airflow/airflow_venv/lib/python3.12/site-packages/airflow/example_dags/plugins/workday.py
[2025-06-05T07:57:44.331+0200] {processor.py:183} INFO - Processing /home/leoja/airflow/airflow_venv/lib/python3.12/site-packages/airflow/example_dags/plugins/workday.py took 0.387 seconds
[2025-06-05T07:58:52.635+0200] {processor.py:161} INFO - Started process (PID=532437) to work on /home/leoja/airflow/airflow_venv/lib/python3.12/site-packages/airflow/example_dags/plugins/workday.py
[2025-06-05T07:58:52.638+0200] {processor.py:830} INFO - Processing file /home/leoja/airflow/airflow_venv/lib/python3.12/site-packages/airflow/example_dags/plugins/workday.py for tasks to queue
[2025-06-05T07:58:52.641+0200] {logging_mixin.py:188} INFO - [2025-06-05T07:58:52.641+0200] {dagbag.py:540} INFO - Filling up the DagBag from /home/leoja/airflow/airflow_venv/lib/python3.12/site-packages/airflow/example_dags/plugins/workday.py
[2025-06-05T11:00:20.807+0200] {processor.py:842} WARNING - No viable dags retrieved from /home/leoja/airflow/airflow_venv/lib/python3.12/site-packages/airflow/example_dags/plugins/workday.py
[2025-06-05T11:00:20.834+0200] {processor.py:183} INFO - Processing /home/leoja/airflow/airflow_venv/lib/python3.12/site-packages/airflow/example_dags/plugins/workday.py took 0.785 seconds
[2025-06-05T18:44:39.955+0200] {processor.py:161} INFO - Started process (PID=533581) to work on /home/leoja/airflow/airflow_venv/lib/python3.12/site-packages/airflow/example_dags/plugins/workday.py
[2025-06-05T18:44:39.957+0200] {processor.py:830} INFO - Processing file /home/leoja/airflow/airflow_venv/lib/python3.12/site-packages/airflow/example_dags/plugins/workday.py for tasks to queue
[2025-06-05T18:44:39.958+0200] {logging_mixin.py:188} INFO - [2025-06-05T18:44:39.958+0200] {dagbag.py:540} INFO - Filling up the DagBag from /home/leoja/airflow/airflow_venv/lib/python3.12/site-packages/airflow/example_dags/plugins/workday.py
[2025-06-05T18:44:40.430+0200] {processor.py:842} WARNING - No viable dags retrieved from /home/leoja/airflow/airflow_venv/lib/python3.12/site-packages/airflow/example_dags/plugins/workday.py
[2025-06-05T18:44:40.435+0200] {processor.py:183} INFO - Processing /home/leoja/airflow/airflow_venv/lib/python3.12/site-packages/airflow/example_dags/plugins/workday.py took 0.486 seconds
[2025-06-05T18:45:31.351+0200] {processor.py:161} INFO - Started process (PID=533910) to work on /home/leoja/airflow/airflow_venv/lib/python3.12/site-packages/airflow/example_dags/plugins/workday.py
[2025-06-05T18:45:31.353+0200] {processor.py:830} INFO - Processing file /home/leoja/airflow/airflow_venv/lib/python3.12/site-packages/airflow/example_dags/plugins/workday.py for tasks to queue
[2025-06-05T18:45:31.354+0200] {logging_mixin.py:188} INFO - [2025-06-05T18:45:31.354+0200] {dagbag.py:540} INFO - Filling up the DagBag from /home/leoja/airflow/airflow_venv/lib/python3.12/site-packages/airflow/example_dags/plugins/workday.py
[2025-06-05T18:45:31.317+0200] {processor.py:842} WARNING - No viable dags retrieved from /home/leoja/airflow/airflow_venv/lib/python3.12/site-packages/airflow/example_dags/plugins/workday.py
[2025-06-05T18:45:31.322+0200] {processor.py:183} INFO - Processing /home/leoja/airflow/airflow_venv/lib/python3.12/site-packages/airflow/example_dags/plugins/workday.py took 0.402 seconds
[2025-06-05T18:46:34.172+0200] {processor.py:161} INFO - Started process (PID=534278) to work on /home/leoja/airflow/airflow_venv/lib/python3.12/site-packages/airflow/example_dags/plugins/workday.py
[2025-06-05T18:46:34.175+0200] {processor.py:830} INFO - Processing file /home/leoja/airflow/airflow_venv/lib/python3.12/site-packages/airflow/example_dags/plugins/workday.py for tasks to queue
[2025-06-05T18:46:34.177+0200] {logging_mixin.py:188} INFO - [2025-06-05T18:46:34.176+0200] {dagbag.py:540} INFO - Filling up the DagBag from /home/leoja/airflow/airflow_venv/lib/python3.12/site-packages/airflow/example_dags/plugins/workday.py
[2025-06-05T18:46:34.613+0200] {processor.py:842} WARNING - No viable dags retrieved from /home/leoja/airflow/airflow_venv/lib/python3.12/site-packages/airflow/example_dags/plugins/workday.py
[2025-06-05T18:46:34.619+0200] {processor.py:183} INFO - Processing /home/leoja/airflow/airflow_venv/lib/python3.12/site-packages/airflow/example_dags/plugins/workday.py took 0.454 seconds
[2025-06-05T18:47:41.254+0200] {processor.py:161} INFO - Started process (PID=534621) to work on /home/leoja/airflow/airflow_venv/lib/python3.12/site-packages/airflow/example_dags/plugins/workday.py
[2025-06-05T18:47:41.257+0200] {processor.py:830} INFO - Processing file /home/leoja/airflow/airflow_venv/lib/python3.12/site-packages/airflow/example_dags/plugins/workday.py for tasks to queue
[2025-06-05T18:47:41.258+0200] {logging_mixin.py:188} INFO - [2025-06-05T18:47:41.258+0200] {dagbag.py:540} INFO - Filling up the DagBag from /home/leoja/airflow/airflow_venv/lib/python3.12/site-packages/airflow/example_dags/plugins/workday.py
[2025-06-05T18:47:41.654+0200] {processor.py:842} WARNING - No viable dags retrieved from /home/leoja/airflow/airflow_venv/lib/python3.12/site-packages/airflow/example_dags/plugins/workday.py
[2025-06-05T18:47:41.659+0200] {processor.py:183} INFO - Processing /home/leoja/airflow/airflow_venv/lib/python3.12/site-packages/airflow/example_dags/plugins/workday.py took 0.411 seconds
[2025-06-05T18:48:51.726+0200] {processor.py:161} INFO - Started process (PID=535154) to work on /home/leoja/airflow/airflow_venv/lib/python3.12/site-packages/airflow/example_dags/plugins/workday.py
[2025-06-05T18:48:51.727+0200] {processor.py:830} INFO - Processing file /home/leoja/airflow/airflow_venv/lib/python3.12/site-packages/airflow/example_dags/plugins/workday.py for tasks to queue
[2025-06-05T18:48:51.729+0200] {logging_mixin.py:188} INFO - [2025-06-05T18:48:51.729+0200] {dagbag.py:540} INFO - Filling up the DagBag from /home/leoja/airflow/airflow_venv/lib/python3.12/site-packages/airflow/example_dags/plugins/workday.py
[2025-06-05T18:48:52.180+0200] {processor.py:842} WARNING - No viable dags retrieved from /home/leoja/airflow/airflow_venv/lib/python3.12/site-packages/airflow/example_dags/plugins/workday.py
[2025-06-05T18:48:52.186+0200] {processor.py:183} INFO - Processing /home/leoja/airflow/airflow_venv/lib/python3.12/site-packages/airflow/example_dags/plugins/workday.py took 0.467 seconds
[2025-06-05T18:49:53.185+0200] {processor.py:161} INFO - Started process (PID=535509) to work on /home/leoja/airflow/airflow_venv/lib/python3.12/site-packages/airflow/example_dags/plugins/workday.py
[2025-06-05T18:49:53.186+0200] {processor.py:830} INFO - Processing file /home/leoja/airflow/airflow_venv/lib/python3.12/site-packages/airflow/example_dags/plugins/workday.py for tasks to queue
[2025-06-05T18:49:53.187+0200] {logging_mixin.py:188} INFO - [2025-06-05T18:49:53.187+0200] {dagbag.py:540} INFO - Filling up the DagBag from /home/leoja/airflow/airflow_venv/lib/python3.12/site-packages/airflow/example_dags/plugins/workday.py
[2025-06-05T18:49:53.559+0200] {processor.py:842} WARNING - No viable dags retrieved from /home/leoja/airflow/airflow_venv/lib/python3.12/site-packages/airflow/example_dags/plugins/workday.py
[2025-06-05T18:49:53.564+0200] {processor.py:183} INFO - Processing /home/leoja/airflow/airflow_venv/lib/python3.12/site-packages/airflow/example_dags/plugins/workday.py took 0.385 seconds
[2025-06-05T18:51:17.142+0200] {processor.py:161} INFO - Started process (PID=536464) to work on /home/leoja/airflow/airflow_venv/lib/python3.12/site-packages/airflow/example_dags/plugins/workday.py
[2025-06-05T18:51:17.144+0200] {processor.py:830} INFO - Processing file /home/leoja/airflow/airflow_venv/lib/python3.12/site-packages/airflow/example_dags/plugins/workday.py for tasks to queue
[2025-06-05T18:51:17.146+0200] {logging_mixin.py:188} INFO - [2025-06-05T18:51:17.145+0200] {dagbag.py:540} INFO - Filling up the DagBag from /home/leoja/airflow/airflow_venv/lib/python3.12/site-packages/airflow/example_dags/plugins/workday.py
[2025-06-05T18:51:17.586+0200] {processor.py:842} WARNING - No viable dags retrieved from /home/leoja/airflow/airflow_venv/lib/python3.12/site-packages/airflow/example_dags/plugins/workday.py
[2025-06-05T18:51:17.593+0200] {processor.py:183} INFO - Processing /home/leoja/airflow/airflow_venv/lib/python3.12/site-packages/airflow/example_dags/plugins/workday.py took 0.458 seconds
[2025-06-05T18:52:06.480+0200] {processor.py:161} INFO - Started process (PID=536737) to work on /home/leoja/airflow/airflow_venv/lib/python3.12/site-packages/airflow/example_dags/plugins/workday.py
[2025-06-05T18:52:06.482+0200] {processor.py:830} INFO - Processing file /home/leoja/airflow/airflow_venv/lib/python3.12/site-packages/airflow/example_dags/plugins/workday.py for tasks to queue
[2025-06-05T18:52:06.483+0200] {logging_mixin.py:188} INFO - [2025-06-05T18:52:06.483+0200] {dagbag.py:540} INFO - Filling up the DagBag from /home/leoja/airflow/airflow_venv/lib/python3.12/site-packages/airflow/example_dags/plugins/workday.py
[2025-06-05T18:52:06.969+0200] {processor.py:842} WARNING - No viable dags retrieved from /home/leoja/airflow/airflow_venv/lib/python3.12/site-packages/airflow/example_dags/plugins/workday.py
[2025-06-05T18:52:06.977+0200] {processor.py:183} INFO - Processing /home/leoja/airflow/airflow_venv/lib/python3.12/site-packages/airflow/example_dags/plugins/workday.py took 0.504 seconds
[2025-06-05T18:53:09.602+0200] {processor.py:161} INFO - Started process (PID=537366) to work on /home/leoja/airflow/airflow_venv/lib/python3.12/site-packages/airflow/example_dags/plugins/workday.py
[2025-06-05T18:53:09.603+0200] {processor.py:830} INFO - Processing file /home/leoja/airflow/airflow_venv/lib/python3.12/site-packages/airflow/example_dags/plugins/workday.py for tasks to queue
[2025-06-05T18:53:09.605+0200] {logging_mixin.py:188} INFO - [2025-06-05T18:53:09.605+0200] {dagbag.py:540} INFO - Filling up the DagBag from /home/leoja/airflow/airflow_venv/lib/python3.12/site-packages/airflow/example_dags/plugins/workday.py
[2025-06-05T18:53:10.205+0200] {processor.py:842} WARNING - No viable dags retrieved from /home/leoja/airflow/airflow_venv/lib/python3.12/site-packages/airflow/example_dags/plugins/workday.py
[2025-06-05T18:53:10.212+0200] {processor.py:183} INFO - Processing /home/leoja/airflow/airflow_venv/lib/python3.12/site-packages/airflow/example_dags/plugins/workday.py took 0.616 seconds
[2025-06-05T18:54:44.165+0200] {processor.py:161} INFO - Started process (PID=538411) to work on /home/leoja/airflow/airflow_venv/lib/python3.12/site-packages/airflow/example_dags/plugins/workday.py
[2025-06-05T18:54:44.167+0200] {processor.py:830} INFO - Processing file /home/leoja/airflow/airflow_venv/lib/python3.12/site-packages/airflow/example_dags/plugins/workday.py for tasks to queue
[2025-06-05T18:54:44.170+0200] {logging_mixin.py:188} INFO - [2025-06-05T18:54:44.169+0200] {dagbag.py:540} INFO - Filling up the DagBag from /home/leoja/airflow/airflow_venv/lib/python3.12/site-packages/airflow/example_dags/plugins/workday.py
[2025-06-05T18:54:44.711+0200] {processor.py:842} WARNING - No viable dags retrieved from /home/leoja/airflow/airflow_venv/lib/python3.12/site-packages/airflow/example_dags/plugins/workday.py
[2025-06-05T18:54:44.716+0200] {processor.py:183} INFO - Processing /home/leoja/airflow/airflow_venv/lib/python3.12/site-packages/airflow/example_dags/plugins/workday.py took 0.561 seconds
[2025-06-05T18:55:35.222+0200] {processor.py:161} INFO - Started process (PID=538740) to work on /home/leoja/airflow/airflow_venv/lib/python3.12/site-packages/airflow/example_dags/plugins/workday.py
[2025-06-05T18:55:35.224+0200] {processor.py:830} INFO - Processing file /home/leoja/airflow/airflow_venv/lib/python3.12/site-packages/airflow/example_dags/plugins/workday.py for tasks to queue
[2025-06-05T18:55:35.226+0200] {logging_mixin.py:188} INFO - [2025-06-05T18:55:35.226+0200] {dagbag.py:540} INFO - Filling up the DagBag from /home/leoja/airflow/airflow_venv/lib/python3.12/site-packages/airflow/example_dags/plugins/workday.py
[2025-06-05T18:55:35.790+0200] {processor.py:842} WARNING - No viable dags retrieved from /home/leoja/airflow/airflow_venv/lib/python3.12/site-packages/airflow/example_dags/plugins/workday.py
[2025-06-05T18:55:35.804+0200] {processor.py:183} INFO - Processing /home/leoja/airflow/airflow_venv/lib/python3.12/site-packages/airflow/example_dags/plugins/workday.py took 0.588 seconds
[2025-06-05T18:56:38.655+0200] {processor.py:161} INFO - Started process (PID=539112) to work on /home/leoja/airflow/airflow_venv/lib/python3.12/site-packages/airflow/example_dags/plugins/workday.py
[2025-06-05T18:56:38.657+0200] {processor.py:830} INFO - Processing file /home/leoja/airflow/airflow_venv/lib/python3.12/site-packages/airflow/example_dags/plugins/workday.py for tasks to queue
[2025-06-05T18:56:38.659+0200] {logging_mixin.py:188} INFO - [2025-06-05T18:56:38.659+0200] {dagbag.py:540} INFO - Filling up the DagBag from /home/leoja/airflow/airflow_venv/lib/python3.12/site-packages/airflow/example_dags/plugins/workday.py
[2025-06-05T18:56:39.055+0200] {processor.py:842} WARNING - No viable dags retrieved from /home/leoja/airflow/airflow_venv/lib/python3.12/site-packages/airflow/example_dags/plugins/workday.py
[2025-06-05T18:56:39.061+0200] {processor.py:183} INFO - Processing /home/leoja/airflow/airflow_venv/lib/python3.12/site-packages/airflow/example_dags/plugins/workday.py took 0.412 seconds
[2025-06-05T18:57:45.197+0200] {processor.py:161} INFO - Started process (PID=539653) to work on /home/leoja/airflow/airflow_venv/lib/python3.12/site-packages/airflow/example_dags/plugins/workday.py
[2025-06-05T18:57:45.205+0200] {processor.py:830} INFO - Processing file /home/leoja/airflow/airflow_venv/lib/python3.12/site-packages/airflow/example_dags/plugins/workday.py for tasks to queue
[2025-06-05T18:57:45.208+0200] {logging_mixin.py:188} INFO - [2025-06-05T18:57:45.207+0200] {dagbag.py:540} INFO - Filling up the DagBag from /home/leoja/airflow/airflow_venv/lib/python3.12/site-packages/airflow/example_dags/plugins/workday.py
[2025-06-05T18:57:45.717+0200] {processor.py:842} WARNING - No viable dags retrieved from /home/leoja/airflow/airflow_venv/lib/python3.12/site-packages/airflow/example_dags/plugins/workday.py
[2025-06-05T18:57:45.725+0200] {processor.py:183} INFO - Processing /home/leoja/airflow/airflow_venv/lib/python3.12/site-packages/airflow/example_dags/plugins/workday.py took 0.545 seconds
[2025-06-05T18:58:47.111+0200] {processor.py:161} INFO - Started process (PID=540029) to work on /home/leoja/airflow/airflow_venv/lib/python3.12/site-packages/airflow/example_dags/plugins/workday.py
[2025-06-05T18:58:47.113+0200] {processor.py:830} INFO - Processing file /home/leoja/airflow/airflow_venv/lib/python3.12/site-packages/airflow/example_dags/plugins/workday.py for tasks to queue
[2025-06-05T18:58:47.115+0200] {logging_mixin.py:188} INFO - [2025-06-05T18:58:47.114+0200] {dagbag.py:540} INFO - Filling up the DagBag from /home/leoja/airflow/airflow_venv/lib/python3.12/site-packages/airflow/example_dags/plugins/workday.py
[2025-06-05T18:58:47.663+0200] {processor.py:842} WARNING - No viable dags retrieved from /home/leoja/airflow/airflow_venv/lib/python3.12/site-packages/airflow/example_dags/plugins/workday.py
[2025-06-05T18:58:47.669+0200] {processor.py:183} INFO - Processing /home/leoja/airflow/airflow_venv/lib/python3.12/site-packages/airflow/example_dags/plugins/workday.py took 0.564 seconds
[2025-06-05T18:59:50.967+0200] {processor.py:161} INFO - Started process (PID=540372) to work on /home/leoja/airflow/airflow_venv/lib/python3.12/site-packages/airflow/example_dags/plugins/workday.py
[2025-06-05T18:59:50.969+0200] {processor.py:830} INFO - Processing file /home/leoja/airflow/airflow_venv/lib/python3.12/site-packages/airflow/example_dags/plugins/workday.py for tasks to queue
[2025-06-05T18:59:50.972+0200] {logging_mixin.py:188} INFO - [2025-06-05T18:59:50.971+0200] {dagbag.py:540} INFO - Filling up the DagBag from /home/leoja/airflow/airflow_venv/lib/python3.12/site-packages/airflow/example_dags/plugins/workday.py
[2025-06-05T18:59:50.900+0200] {processor.py:842} WARNING - No viable dags retrieved from /home/leoja/airflow/airflow_venv/lib/python3.12/site-packages/airflow/example_dags/plugins/workday.py
[2025-06-05T18:59:50.906+0200] {processor.py:183} INFO - Processing /home/leoja/airflow/airflow_venv/lib/python3.12/site-packages/airflow/example_dags/plugins/workday.py took 0.435 seconds
[2025-06-05T19:00:53.235+0200] {processor.py:161} INFO - Started process (PID=540720) to work on /home/leoja/airflow/airflow_venv/lib/python3.12/site-packages/airflow/example_dags/plugins/workday.py
[2025-06-05T19:00:53.236+0200] {processor.py:830} INFO - Processing file /home/leoja/airflow/airflow_venv/lib/python3.12/site-packages/airflow/example_dags/plugins/workday.py for tasks to queue
[2025-06-05T19:00:53.238+0200] {logging_mixin.py:188} INFO - [2025-06-05T19:00:53.238+0200] {dagbag.py:540} INFO - Filling up the DagBag from /home/leoja/airflow/airflow_venv/lib/python3.12/site-packages/airflow/example_dags/plugins/workday.py
[2025-06-05T19:00:53.694+0200] {processor.py:842} WARNING - No viable dags retrieved from /home/leoja/airflow/airflow_venv/lib/python3.12/site-packages/airflow/example_dags/plugins/workday.py
[2025-06-05T19:00:53.700+0200] {processor.py:183} INFO - Processing /home/leoja/airflow/airflow_venv/lib/python3.12/site-packages/airflow/example_dags/plugins/workday.py took 0.472 seconds
[2025-06-05T19:01:55.343+0200] {processor.py:161} INFO - Started process (PID=541081) to work on /home/leoja/airflow/airflow_venv/lib/python3.12/site-packages/airflow/example_dags/plugins/workday.py
[2025-06-05T19:01:55.345+0200] {processor.py:830} INFO - Processing file /home/leoja/airflow/airflow_venv/lib/python3.12/site-packages/airflow/example_dags/plugins/workday.py for tasks to queue
[2025-06-05T19:01:55.346+0200] {logging_mixin.py:188} INFO - [2025-06-05T19:01:55.346+0200] {dagbag.py:540} INFO - Filling up the DagBag from /home/leoja/airflow/airflow_venv/lib/python3.12/site-packages/airflow/example_dags/plugins/workday.py
[2025-06-05T19:01:55.767+0200] {processor.py:842} WARNING - No viable dags retrieved from /home/leoja/airflow/airflow_venv/lib/python3.12/site-packages/airflow/example_dags/plugins/workday.py
[2025-06-05T19:01:55.772+0200] {processor.py:183} INFO - Processing /home/leoja/airflow/airflow_venv/lib/python3.12/site-packages/airflow/example_dags/plugins/workday.py took 0.437 seconds
[2025-06-05T19:03:04.347+0200] {processor.py:161} INFO - Started process (PID=541485) to work on /home/leoja/airflow/airflow_venv/lib/python3.12/site-packages/airflow/example_dags/plugins/workday.py
[2025-06-05T19:03:04.349+0200] {processor.py:830} INFO - Processing file /home/leoja/airflow/airflow_venv/lib/python3.12/site-packages/airflow/example_dags/plugins/workday.py for tasks to queue
[2025-06-05T19:03:04.351+0200] {logging_mixin.py:188} INFO - [2025-06-05T19:03:04.350+0200] {dagbag.py:540} INFO - Filling up the DagBag from /home/leoja/airflow/airflow_venv/lib/python3.12/site-packages/airflow/example_dags/plugins/workday.py
[2025-06-05T19:03:04.804+0200] {processor.py:842} WARNING - No viable dags retrieved from /home/leoja/airflow/airflow_venv/lib/python3.12/site-packages/airflow/example_dags/plugins/workday.py
[2025-06-05T19:03:04.811+0200] {processor.py:183} INFO - Processing /home/leoja/airflow/airflow_venv/lib/python3.12/site-packages/airflow/example_dags/plugins/workday.py took 0.469 seconds
[2025-06-05T19:04:13.213+0200] {processor.py:161} INFO - Started process (PID=541849) to work on /home/leoja/airflow/airflow_venv/lib/python3.12/site-packages/airflow/example_dags/plugins/workday.py
[2025-06-05T19:04:13.214+0200] {processor.py:830} INFO - Processing file /home/leoja/airflow/airflow_venv/lib/python3.12/site-packages/airflow/example_dags/plugins/workday.py for tasks to queue
[2025-06-05T19:04:13.217+0200] {logging_mixin.py:188} INFO - [2025-06-05T19:04:13.216+0200] {dagbag.py:540} INFO - Filling up the DagBag from /home/leoja/airflow/airflow_venv/lib/python3.12/site-packages/airflow/example_dags/plugins/workday.py
[2025-06-05T19:04:13.665+0200] {processor.py:842} WARNING - No viable dags retrieved from /home/leoja/airflow/airflow_venv/lib/python3.12/site-packages/airflow/example_dags/plugins/workday.py
[2025-06-05T19:04:13.670+0200] {processor.py:183} INFO - Processing /home/leoja/airflow/airflow_venv/lib/python3.12/site-packages/airflow/example_dags/plugins/workday.py took 0.465 seconds
[2025-06-05T19:05:26.105+0200] {processor.py:161} INFO - Started process (PID=542267) to work on /home/leoja/airflow/airflow_venv/lib/python3.12/site-packages/airflow/example_dags/plugins/workday.py
[2025-06-05T19:05:26.107+0200] {processor.py:830} INFO - Processing file /home/leoja/airflow/airflow_venv/lib/python3.12/site-packages/airflow/example_dags/plugins/workday.py for tasks to queue
[2025-06-05T19:05:26.108+0200] {logging_mixin.py:188} INFO - [2025-06-05T19:05:26.108+0200] {dagbag.py:540} INFO - Filling up the DagBag from /home/leoja/airflow/airflow_venv/lib/python3.12/site-packages/airflow/example_dags/plugins/workday.py
[2025-06-05T19:05:26.572+0200] {processor.py:842} WARNING - No viable dags retrieved from /home/leoja/airflow/airflow_venv/lib/python3.12/site-packages/airflow/example_dags/plugins/workday.py
[2025-06-05T19:05:26.577+0200] {processor.py:183} INFO - Processing /home/leoja/airflow/airflow_venv/lib/python3.12/site-packages/airflow/example_dags/plugins/workday.py took 0.477 seconds
[2025-06-05T19:06:30.839+0200] {processor.py:161} INFO - Started process (PID=542504) to work on /home/leoja/airflow/airflow_venv/lib/python3.12/site-packages/airflow/example_dags/plugins/workday.py
[2025-06-05T19:06:30.841+0200] {processor.py:830} INFO - Processing file /home/leoja/airflow/airflow_venv/lib/python3.12/site-packages/airflow/example_dags/plugins/workday.py for tasks to queue
[2025-06-05T19:06:30.842+0200] {logging_mixin.py:188} INFO - [2025-06-05T19:06:30.842+0200] {dagbag.py:540} INFO - Filling up the DagBag from /home/leoja/airflow/airflow_venv/lib/python3.12/site-packages/airflow/example_dags/plugins/workday.py
[2025-06-05T19:06:31.115+0200] {processor.py:842} WARNING - No viable dags retrieved from /home/leoja/airflow/airflow_venv/lib/python3.12/site-packages/airflow/example_dags/plugins/workday.py
[2025-06-05T19:06:31.123+0200] {processor.py:183} INFO - Processing /home/leoja/airflow/airflow_venv/lib/python3.12/site-packages/airflow/example_dags/plugins/workday.py took 0.290 seconds
[2025-06-05T19:07:27.529+0200] {processor.py:161} INFO - Started process (PID=542737) to work on /home/leoja/airflow/airflow_venv/lib/python3.12/site-packages/airflow/example_dags/plugins/workday.py
[2025-06-05T19:07:27.530+0200] {processor.py:830} INFO - Processing file /home/leoja/airflow/airflow_venv/lib/python3.12/site-packages/airflow/example_dags/plugins/workday.py for tasks to queue
[2025-06-05T19:07:27.532+0200] {logging_mixin.py:188} INFO - [2025-06-05T19:07:27.531+0200] {dagbag.py:540} INFO - Filling up the DagBag from /home/leoja/airflow/airflow_venv/lib/python3.12/site-packages/airflow/example_dags/plugins/workday.py
[2025-06-05T19:07:27.838+0200] {processor.py:842} WARNING - No viable dags retrieved from /home/leoja/airflow/airflow_venv/lib/python3.12/site-packages/airflow/example_dags/plugins/workday.py
[2025-06-05T19:07:27.848+0200] {processor.py:183} INFO - Processing /home/leoja/airflow/airflow_venv/lib/python3.12/site-packages/airflow/example_dags/plugins/workday.py took 0.326 seconds
[2025-06-05T19:08:31.359+0200] {processor.py:161} INFO - Started process (PID=543161) to work on /home/leoja/airflow/airflow_venv/lib/python3.12/site-packages/airflow/example_dags/plugins/workday.py
[2025-06-05T19:08:31.361+0200] {processor.py:830} INFO - Processing file /home/leoja/airflow/airflow_venv/lib/python3.12/site-packages/airflow/example_dags/plugins/workday.py for tasks to queue
[2025-06-05T19:08:31.362+0200] {logging_mixin.py:188} INFO - [2025-06-05T19:08:31.362+0200] {dagbag.py:540} INFO - Filling up the DagBag from /home/leoja/airflow/airflow_venv/lib/python3.12/site-packages/airflow/example_dags/plugins/workday.py
[2025-06-05T19:08:31.640+0200] {processor.py:842} WARNING - No viable dags retrieved from /home/leoja/airflow/airflow_venv/lib/python3.12/site-packages/airflow/example_dags/plugins/workday.py
[2025-06-05T19:08:31.649+0200] {processor.py:183} INFO - Processing /home/leoja/airflow/airflow_venv/lib/python3.12/site-packages/airflow/example_dags/plugins/workday.py took 0.296 seconds
[2025-06-05T19:10:09.184+0200] {processor.py:161} INFO - Started process (PID=544250) to work on /home/leoja/airflow/airflow_venv/lib/python3.12/site-packages/airflow/example_dags/plugins/workday.py
[2025-06-05T19:10:09.186+0200] {processor.py:830} INFO - Processing file /home/leoja/airflow/airflow_venv/lib/python3.12/site-packages/airflow/example_dags/plugins/workday.py for tasks to queue
[2025-06-05T19:10:09.188+0200] {logging_mixin.py:188} INFO - [2025-06-05T19:10:09.187+0200] {dagbag.py:540} INFO - Filling up the DagBag from /home/leoja/airflow/airflow_venv/lib/python3.12/site-packages/airflow/example_dags/plugins/workday.py
[2025-06-05T19:10:09.526+0200] {processor.py:842} WARNING - No viable dags retrieved from /home/leoja/airflow/airflow_venv/lib/python3.12/site-packages/airflow/example_dags/plugins/workday.py
[2025-06-05T19:10:09.533+0200] {processor.py:183} INFO - Processing /home/leoja/airflow/airflow_venv/lib/python3.12/site-packages/airflow/example_dags/plugins/workday.py took 0.358 seconds
[2025-06-05T19:10:57.754+0200] {processor.py:161} INFO - Started process (PID=544570) to work on /home/leoja/airflow/airflow_venv/lib/python3.12/site-packages/airflow/example_dags/plugins/workday.py
[2025-06-05T19:10:57.756+0200] {processor.py:830} INFO - Processing file /home/leoja/airflow/airflow_venv/lib/python3.12/site-packages/airflow/example_dags/plugins/workday.py for tasks to queue
[2025-06-05T19:10:57.758+0200] {logging_mixin.py:188} INFO - [2025-06-05T19:10:57.758+0200] {dagbag.py:540} INFO - Filling up the DagBag from /home/leoja/airflow/airflow_venv/lib/python3.12/site-packages/airflow/example_dags/plugins/workday.py
[2025-06-05T19:10:58.076+0200] {processor.py:842} WARNING - No viable dags retrieved from /home/leoja/airflow/airflow_venv/lib/python3.12/site-packages/airflow/example_dags/plugins/workday.py
[2025-06-05T19:10:58.083+0200] {processor.py:183} INFO - Processing /home/leoja/airflow/airflow_venv/lib/python3.12/site-packages/airflow/example_dags/plugins/workday.py took 0.336 seconds
[2025-06-05T19:11:58.955+0200] {processor.py:161} INFO - Started process (PID=544919) to work on /home/leoja/airflow/airflow_venv/lib/python3.12/site-packages/airflow/example_dags/plugins/workday.py
[2025-06-05T19:11:58.956+0200] {processor.py:830} INFO - Processing file /home/leoja/airflow/airflow_venv/lib/python3.12/site-packages/airflow/example_dags/plugins/workday.py for tasks to queue
[2025-06-05T19:11:58.958+0200] {logging_mixin.py:188} INFO - [2025-06-05T19:11:58.958+0200] {dagbag.py:540} INFO - Filling up the DagBag from /home/leoja/airflow/airflow_venv/lib/python3.12/site-packages/airflow/example_dags/plugins/workday.py
[2025-06-05T19:11:59.370+0200] {processor.py:842} WARNING - No viable dags retrieved from /home/leoja/airflow/airflow_venv/lib/python3.12/site-packages/airflow/example_dags/plugins/workday.py
[2025-06-05T19:11:59.375+0200] {processor.py:183} INFO - Processing /home/leoja/airflow/airflow_venv/lib/python3.12/site-packages/airflow/example_dags/plugins/workday.py took 0.426 seconds
[2025-06-05T19:13:03.389+0200] {processor.py:161} INFO - Started process (PID=545291) to work on /home/leoja/airflow/airflow_venv/lib/python3.12/site-packages/airflow/example_dags/plugins/workday.py
[2025-06-05T19:13:03.391+0200] {processor.py:830} INFO - Processing file /home/leoja/airflow/airflow_venv/lib/python3.12/site-packages/airflow/example_dags/plugins/workday.py for tasks to queue
[2025-06-05T19:13:03.394+0200] {logging_mixin.py:188} INFO - [2025-06-05T19:13:03.393+0200] {dagbag.py:540} INFO - Filling up the DagBag from /home/leoja/airflow/airflow_venv/lib/python3.12/site-packages/airflow/example_dags/plugins/workday.py
[2025-06-05T19:13:03.863+0200] {processor.py:842} WARNING - No viable dags retrieved from /home/leoja/airflow/airflow_venv/lib/python3.12/site-packages/airflow/example_dags/plugins/workday.py
[2025-06-05T19:13:03.869+0200] {processor.py:183} INFO - Processing /home/leoja/airflow/airflow_venv/lib/python3.12/site-packages/airflow/example_dags/plugins/workday.py took 0.488 seconds
[2025-06-05T19:14:04.636+0200] {processor.py:161} INFO - Started process (PID=545648) to work on /home/leoja/airflow/airflow_venv/lib/python3.12/site-packages/airflow/example_dags/plugins/workday.py
[2025-06-05T19:14:04.638+0200] {processor.py:830} INFO - Processing file /home/leoja/airflow/airflow_venv/lib/python3.12/site-packages/airflow/example_dags/plugins/workday.py for tasks to queue
[2025-06-05T19:14:04.639+0200] {logging_mixin.py:188} INFO - [2025-06-05T19:14:04.639+0200] {dagbag.py:540} INFO - Filling up the DagBag from /home/leoja/airflow/airflow_venv/lib/python3.12/site-packages/airflow/example_dags/plugins/workday.py
[2025-06-05T19:14:05.257+0200] {processor.py:842} WARNING - No viable dags retrieved from /home/leoja/airflow/airflow_venv/lib/python3.12/site-packages/airflow/example_dags/plugins/workday.py
[2025-06-05T19:14:05.265+0200] {processor.py:183} INFO - Processing /home/leoja/airflow/airflow_venv/lib/python3.12/site-packages/airflow/example_dags/plugins/workday.py took 0.634 seconds
[2025-06-05T19:15:09.257+0200] {processor.py:161} INFO - Started process (PID=546071) to work on /home/leoja/airflow/airflow_venv/lib/python3.12/site-packages/airflow/example_dags/plugins/workday.py
[2025-06-05T19:15:09.259+0200] {processor.py:830} INFO - Processing file /home/leoja/airflow/airflow_venv/lib/python3.12/site-packages/airflow/example_dags/plugins/workday.py for tasks to queue
[2025-06-05T19:15:09.260+0200] {logging_mixin.py:188} INFO - [2025-06-05T19:15:09.260+0200] {dagbag.py:540} INFO - Filling up the DagBag from /home/leoja/airflow/airflow_venv/lib/python3.12/site-packages/airflow/example_dags/plugins/workday.py
[2025-06-05T19:15:09.394+0200] {processor.py:842} WARNING - No viable dags retrieved from /home/leoja/airflow/airflow_venv/lib/python3.12/site-packages/airflow/example_dags/plugins/workday.py
[2025-06-05T19:15:09.401+0200] {processor.py:183} INFO - Processing /home/leoja/airflow/airflow_venv/lib/python3.12/site-packages/airflow/example_dags/plugins/workday.py took 0.694 seconds
[2025-06-05T19:16:10.958+0200] {processor.py:161} INFO - Started process (PID=546509) to work on /home/leoja/airflow/airflow_venv/lib/python3.12/site-packages/airflow/example_dags/plugins/workday.py
[2025-06-05T19:16:10.959+0200] {processor.py:830} INFO - Processing file /home/leoja/airflow/airflow_venv/lib/python3.12/site-packages/airflow/example_dags/plugins/workday.py for tasks to queue
[2025-06-05T19:16:10.961+0200] {logging_mixin.py:188} INFO - [2025-06-05T19:16:10.961+0200] {dagbag.py:540} INFO - Filling up the DagBag from /home/leoja/airflow/airflow_venv/lib/python3.12/site-packages/airflow/example_dags/plugins/workday.py
[2025-06-05T19:16:11.534+0200] {processor.py:842} WARNING - No viable dags retrieved from /home/leoja/airflow/airflow_venv/lib/python3.12/site-packages/airflow/example_dags/plugins/workday.py
[2025-06-05T19:16:11.541+0200] {processor.py:183} INFO - Processing /home/leoja/airflow/airflow_venv/lib/python3.12/site-packages/airflow/example_dags/plugins/workday.py took 0.588 seconds
[2025-06-05T19:17:17.973+0200] {processor.py:161} INFO - Started process (PID=547409) to work on /home/leoja/airflow/airflow_venv/lib/python3.12/site-packages/airflow/example_dags/plugins/workday.py
[2025-06-05T19:17:17.974+0200] {processor.py:830} INFO - Processing file /home/leoja/airflow/airflow_venv/lib/python3.12/site-packages/airflow/example_dags/plugins/workday.py for tasks to queue
[2025-06-05T19:17:17.975+0200] {logging_mixin.py:188} INFO - [2025-06-05T19:17:17.975+0200] {dagbag.py:540} INFO - Filling up the DagBag from /home/leoja/airflow/airflow_venv/lib/python3.12/site-packages/airflow/example_dags/plugins/workday.py
[2025-06-05T19:17:18.356+0200] {processor.py:842} WARNING - No viable dags retrieved from /home/leoja/airflow/airflow_venv/lib/python3.12/site-packages/airflow/example_dags/plugins/workday.py
[2025-06-05T19:17:18.361+0200] {processor.py:183} INFO - Processing /home/leoja/airflow/airflow_venv/lib/python3.12/site-packages/airflow/example_dags/plugins/workday.py took 0.395 seconds
[2025-06-05T19:18:12.876+0200] {processor.py:161} INFO - Started process (PID=547726) to work on /home/leoja/airflow/airflow_venv/lib/python3.12/site-packages/airflow/example_dags/plugins/workday.py
[2025-06-05T19:18:12.878+0200] {processor.py:830} INFO - Processing file /home/leoja/airflow/airflow_venv/lib/python3.12/site-packages/airflow/example_dags/plugins/workday.py for tasks to queue
[2025-06-05T19:18:12.879+0200] {logging_mixin.py:188} INFO - [2025-06-05T19:18:12.879+0200] {dagbag.py:540} INFO - Filling up the DagBag from /home/leoja/airflow/airflow_venv/lib/python3.12/site-packages/airflow/example_dags/plugins/workday.py
[2025-06-05T19:18:13.269+0200] {processor.py:842} WARNING - No viable dags retrieved from /home/leoja/airflow/airflow_venv/lib/python3.12/site-packages/airflow/example_dags/plugins/workday.py
[2025-06-05T19:18:13.276+0200] {processor.py:183} INFO - Processing /home/leoja/airflow/airflow_venv/lib/python3.12/site-packages/airflow/example_dags/plugins/workday.py took 0.406 seconds
[2025-06-05T19:19:17.316+0200] {processor.py:161} INFO - Started process (PID=548136) to work on /home/leoja/airflow/airflow_venv/lib/python3.12/site-packages/airflow/example_dags/plugins/workday.py
[2025-06-05T19:19:17.318+0200] {processor.py:830} INFO - Processing file /home/leoja/airflow/airflow_venv/lib/python3.12/site-packages/airflow/example_dags/plugins/workday.py for tasks to queue
[2025-06-05T19:19:17.320+0200] {logging_mixin.py:188} INFO - [2025-06-05T19:19:17.320+0200] {dagbag.py:540} INFO - Filling up the DagBag from /home/leoja/airflow/airflow_venv/lib/python3.12/site-packages/airflow/example_dags/plugins/workday.py
[2025-06-05T19:19:17.771+0200] {processor.py:842} WARNING - No viable dags retrieved from /home/leoja/airflow/airflow_venv/lib/python3.12/site-packages/airflow/example_dags/plugins/workday.py
[2025-06-05T19:19:17.777+0200] {processor.py:183} INFO - Processing /home/leoja/airflow/airflow_venv/lib/python3.12/site-packages/airflow/example_dags/plugins/workday.py took 0.467 seconds
[2025-06-05T19:20:16.116+0200] {processor.py:161} INFO - Started process (PID=548516) to work on /home/leoja/airflow/airflow_venv/lib/python3.12/site-packages/airflow/example_dags/plugins/workday.py
[2025-06-05T19:20:16.117+0200] {processor.py:830} INFO - Processing file /home/leoja/airflow/airflow_venv/lib/python3.12/site-packages/airflow/example_dags/plugins/workday.py for tasks to queue
[2025-06-05T19:20:16.119+0200] {logging_mixin.py:188} INFO - [2025-06-05T19:20:16.119+0200] {dagbag.py:540} INFO - Filling up the DagBag from /home/leoja/airflow/airflow_venv/lib/python3.12/site-packages/airflow/example_dags/plugins/workday.py
[2025-06-05T19:20:16.550+0200] {processor.py:842} WARNING - No viable dags retrieved from /home/leoja/airflow/airflow_venv/lib/python3.12/site-packages/airflow/example_dags/plugins/workday.py
[2025-06-05T19:20:16.563+0200] {processor.py:183} INFO - Processing /home/leoja/airflow/airflow_venv/lib/python3.12/site-packages/airflow/example_dags/plugins/workday.py took 0.453 seconds
[2025-06-05T19:21:18.155+0200] {processor.py:161} INFO - Started process (PID=548895) to work on /home/leoja/airflow/airflow_venv/lib/python3.12/site-packages/airflow/example_dags/plugins/workday.py
[2025-06-05T19:21:18.157+0200] {processor.py:830} INFO - Processing file /home/leoja/airflow/airflow_venv/lib/python3.12/site-packages/airflow/example_dags/plugins/workday.py for tasks to queue
[2025-06-05T19:21:18.159+0200] {logging_mixin.py:188} INFO - [2025-06-05T19:21:18.158+0200] {dagbag.py:540} INFO - Filling up the DagBag from /home/leoja/airflow/airflow_venv/lib/python3.12/site-packages/airflow/example_dags/plugins/workday.py
[2025-06-05T19:21:18.606+0200] {processor.py:842} WARNING - No viable dags retrieved from /home/leoja/airflow/airflow_venv/lib/python3.12/site-packages/airflow/example_dags/plugins/workday.py
[2025-06-05T19:21:18.612+0200] {processor.py:183} INFO - Processing /home/leoja/airflow/airflow_venv/lib/python3.12/site-packages/airflow/example_dags/plugins/workday.py took 0.463 seconds
[2025-06-05T19:22:20.872+0200] {processor.py:161} INFO - Started process (PID=549243) to work on /home/leoja/airflow/airflow_venv/lib/python3.12/site-packages/airflow/example_dags/plugins/workday.py
[2025-06-05T19:22:20.874+0200] {processor.py:830} INFO - Processing file /home/leoja/airflow/airflow_venv/lib/python3.12/site-packages/airflow/example_dags/plugins/workday.py for tasks to queue
[2025-06-05T19:22:20.875+0200] {logging_mixin.py:188} INFO - [2025-06-05T19:22:20.875+0200] {dagbag.py:540} INFO - Filling up the DagBag from /home/leoja/airflow/airflow_venv/lib/python3.12/site-packages/airflow/example_dags/plugins/workday.py
[2025-06-05T19:22:21.328+0200] {processor.py:842} WARNING - No viable dags retrieved from /home/leoja/airflow/airflow_venv/lib/python3.12/site-packages/airflow/example_dags/plugins/workday.py
[2025-06-05T19:22:21.334+0200] {processor.py:183} INFO - Processing /home/leoja/airflow/airflow_venv/lib/python3.12/site-packages/airflow/example_dags/plugins/workday.py took 0.468 seconds
[2025-06-05T19:23:25.232+0200] {processor.py:161} INFO - Started process (PID=549603) to work on /home/leoja/airflow/airflow_venv/lib/python3.12/site-packages/airflow/example_dags/plugins/workday.py
[2025-06-05T19:23:25.234+0200] {processor.py:830} INFO - Processing file /home/leoja/airflow/airflow_venv/lib/python3.12/site-packages/airflow/example_dags/plugins/workday.py for tasks to queue
[2025-06-05T19:23:25.236+0200] {logging_mixin.py:188} INFO - [2025-06-05T19:23:25.235+0200] {dagbag.py:540} INFO - Filling up the DagBag from /home/leoja/airflow/airflow_venv/lib/python3.12/site-packages/airflow/example_dags/plugins/workday.py
[2025-06-05T19:23:25.622+0200] {processor.py:842} WARNING - No viable dags retrieved from /home/leoja/airflow/airflow_venv/lib/python3.12/site-packages/airflow/example_dags/plugins/workday.py
[2025-06-05T19:23:25.627+0200] {processor.py:183} INFO - Processing /home/leoja/airflow/airflow_venv/lib/python3.12/site-packages/airflow/example_dags/plugins/workday.py took 0.400 seconds
[2025-06-05T19:24:27.238+0200] {processor.py:161} INFO - Started process (PID=549978) to work on /home/leoja/airflow/airflow_venv/lib/python3.12/site-packages/airflow/example_dags/plugins/workday.py
[2025-06-05T19:24:27.240+0200] {processor.py:830} INFO - Processing file /home/leoja/airflow/airflow_venv/lib/python3.12/site-packages/airflow/example_dags/plugins/workday.py for tasks to queue
[2025-06-05T19:24:27.243+0200] {logging_mixin.py:188} INFO - [2025-06-05T19:24:27.242+0200] {dagbag.py:540} INFO - Filling up the DagBag from /home/leoja/airflow/airflow_venv/lib/python3.12/site-packages/airflow/example_dags/plugins/workday.py
[2025-06-05T19:24:27.799+0200] {processor.py:842} WARNING - No viable dags retrieved from /home/leoja/airflow/airflow_venv/lib/python3.12/site-packages/airflow/example_dags/plugins/workday.py
[2025-06-05T19:24:27.804+0200] {processor.py:183} INFO - Processing /home/leoja/airflow/airflow_venv/lib/python3.12/site-packages/airflow/example_dags/plugins/workday.py took 0.588 seconds
[2025-06-05T19:25:28.369+0200] {processor.py:161} INFO - Started process (PID=550390) to work on /home/leoja/airflow/airflow_venv/lib/python3.12/site-packages/airflow/example_dags/plugins/workday.py
[2025-06-05T19:25:28.372+0200] {processor.py:830} INFO - Processing file /home/leoja/airflow/airflow_venv/lib/python3.12/site-packages/airflow/example_dags/plugins/workday.py for tasks to queue
[2025-06-05T19:25:28.374+0200] {logging_mixin.py:188} INFO - [2025-06-05T19:25:28.374+0200] {dagbag.py:540} INFO - Filling up the DagBag from /home/leoja/airflow/airflow_venv/lib/python3.12/site-packages/airflow/example_dags/plugins/workday.py
[2025-06-05T19:25:28.800+0200] {processor.py:842} WARNING - No viable dags retrieved from /home/leoja/airflow/airflow_venv/lib/python3.12/site-packages/airflow/example_dags/plugins/workday.py
[2025-06-05T19:25:28.806+0200] {processor.py:183} INFO - Processing /home/leoja/airflow/airflow_venv/lib/python3.12/site-packages/airflow/example_dags/plugins/workday.py took 0.444 seconds
[2025-06-05T19:26:28.641+0200] {processor.py:161} INFO - Started process (PID=550688) to work on /home/leoja/airflow/airflow_venv/lib/python3.12/site-packages/airflow/example_dags/plugins/workday.py
[2025-06-05T19:26:28.643+0200] {processor.py:830} INFO - Processing file /home/leoja/airflow/airflow_venv/lib/python3.12/site-packages/airflow/example_dags/plugins/workday.py for tasks to queue
[2025-06-05T19:26:28.645+0200] {logging_mixin.py:188} INFO - [2025-06-05T19:26:28.645+0200] {dagbag.py:540} INFO - Filling up the DagBag from /home/leoja/airflow/airflow_venv/lib/python3.12/site-packages/airflow/example_dags/plugins/workday.py
[2025-06-05T19:26:29.014+0200] {processor.py:842} WARNING - No viable dags retrieved from /home/leoja/airflow/airflow_venv/lib/python3.12/site-packages/airflow/example_dags/plugins/workday.py
[2025-06-05T19:26:29.019+0200] {processor.py:183} INFO - Processing /home/leoja/airflow/airflow_venv/lib/python3.12/site-packages/airflow/example_dags/plugins/workday.py took 0.383 seconds
[2025-06-05T19:27:34.646+0200] {processor.py:161} INFO - Started process (PID=551146) to work on /home/leoja/airflow/airflow_venv/lib/python3.12/site-packages/airflow/example_dags/plugins/workday.py
[2025-06-05T19:27:34.647+0200] {processor.py:830} INFO - Processing file /home/leoja/airflow/airflow_venv/lib/python3.12/site-packages/airflow/example_dags/plugins/workday.py for tasks to queue
[2025-06-05T19:27:34.649+0200] {logging_mixin.py:188} INFO - [2025-06-05T19:27:34.649+0200] {dagbag.py:540} INFO - Filling up the DagBag from /home/leoja/airflow/airflow_venv/lib/python3.12/site-packages/airflow/example_dags/plugins/workday.py
[2025-06-05T19:27:35.298+0200] {processor.py:842} WARNING - No viable dags retrieved from /home/leoja/airflow/airflow_venv/lib/python3.12/site-packages/airflow/example_dags/plugins/workday.py
[2025-06-05T19:27:35.306+0200] {processor.py:183} INFO - Processing /home/leoja/airflow/airflow_venv/lib/python3.12/site-packages/airflow/example_dags/plugins/workday.py took 0.666 seconds
[2025-06-05T19:28:24.787+0200] {processor.py:161} INFO - Started process (PID=552104) to work on /home/leoja/airflow/airflow_venv/lib/python3.12/site-packages/airflow/example_dags/plugins/workday.py
[2025-06-05T19:28:24.789+0200] {processor.py:830} INFO - Processing file /home/leoja/airflow/airflow_venv/lib/python3.12/site-packages/airflow/example_dags/plugins/workday.py for tasks to queue
[2025-06-05T19:28:24.791+0200] {logging_mixin.py:188} INFO - [2025-06-05T19:28:24.790+0200] {dagbag.py:540} INFO - Filling up the DagBag from /home/leoja/airflow/airflow_venv/lib/python3.12/site-packages/airflow/example_dags/plugins/workday.py
[2025-06-05T19:28:25.140+0200] {processor.py:842} WARNING - No viable dags retrieved from /home/leoja/airflow/airflow_venv/lib/python3.12/site-packages/airflow/example_dags/plugins/workday.py
[2025-06-05T19:28:25.145+0200] {processor.py:183} INFO - Processing /home/leoja/airflow/airflow_venv/lib/python3.12/site-packages/airflow/example_dags/plugins/workday.py took 0.364 seconds
[2025-06-05T19:29:33.442+0200] {processor.py:161} INFO - Started process (PID=552603) to work on /home/leoja/airflow/airflow_venv/lib/python3.12/site-packages/airflow/example_dags/plugins/workday.py
[2025-06-05T19:29:33.444+0200] {processor.py:830} INFO - Processing file /home/leoja/airflow/airflow_venv/lib/python3.12/site-packages/airflow/example_dags/plugins/workday.py for tasks to queue
[2025-06-05T19:29:33.446+0200] {logging_mixin.py:188} INFO - [2025-06-05T19:29:33.445+0200] {dagbag.py:540} INFO - Filling up the DagBag from /home/leoja/airflow/airflow_venv/lib/python3.12/site-packages/airflow/example_dags/plugins/workday.py
[2025-06-05T19:29:33.921+0200] {processor.py:842} WARNING - No viable dags retrieved from /home/leoja/airflow/airflow_venv/lib/python3.12/site-packages/airflow/example_dags/plugins/workday.py
[2025-06-05T19:29:33.927+0200] {processor.py:183} INFO - Processing /home/leoja/airflow/airflow_venv/lib/python3.12/site-packages/airflow/example_dags/plugins/workday.py took 0.492 seconds
[2025-06-05T19:30:41.143+0200] {processor.py:161} INFO - Started process (PID=552989) to work on /home/leoja/airflow/airflow_venv/lib/python3.12/site-packages/airflow/example_dags/plugins/workday.py
[2025-06-05T19:30:41.145+0200] {processor.py:830} INFO - Processing file /home/leoja/airflow/airflow_venv/lib/python3.12/site-packages/airflow/example_dags/plugins/workday.py for tasks to queue
[2025-06-05T19:30:41.146+0200] {logging_mixin.py:188} INFO - [2025-06-05T19:30:41.146+0200] {dagbag.py:540} INFO - Filling up the DagBag from /home/leoja/airflow/airflow_venv/lib/python3.12/site-packages/airflow/example_dags/plugins/workday.py
[2025-06-05T19:30:41.579+0200] {processor.py:842} WARNING - No viable dags retrieved from /home/leoja/airflow/airflow_venv/lib/python3.12/site-packages/airflow/example_dags/plugins/workday.py
[2025-06-05T19:30:41.585+0200] {processor.py:183} INFO - Processing /home/leoja/airflow/airflow_venv/lib/python3.12/site-packages/airflow/example_dags/plugins/workday.py took 0.449 seconds
[2025-06-05T19:31:46.790+0200] {processor.py:161} INFO - Started process (PID=553373) to work on /home/leoja/airflow/airflow_venv/lib/python3.12/site-packages/airflow/example_dags/plugins/workday.py
[2025-06-05T19:31:46.792+0200] {processor.py:830} INFO - Processing file /home/leoja/airflow/airflow_venv/lib/python3.12/site-packages/airflow/example_dags/plugins/workday.py for tasks to queue
[2025-06-05T19:31:46.794+0200] {logging_mixin.py:188} INFO - [2025-06-05T19:31:46.794+0200] {dagbag.py:540} INFO - Filling up the DagBag from /home/leoja/airflow/airflow_venv/lib/python3.12/site-packages/airflow/example_dags/plugins/workday.py
[2025-06-05T19:31:47.235+0200] {processor.py:842} WARNING - No viable dags retrieved from /home/leoja/airflow/airflow_venv/lib/python3.12/site-packages/airflow/example_dags/plugins/workday.py
[2025-06-05T19:31:47.241+0200] {processor.py:183} INFO - Processing /home/leoja/airflow/airflow_venv/lib/python3.12/site-packages/airflow/example_dags/plugins/workday.py took 0.456 seconds
[2025-06-05T19:32:51.240+0200] {processor.py:161} INFO - Started process (PID=553733) to work on /home/leoja/airflow/airflow_venv/lib/python3.12/site-packages/airflow/example_dags/plugins/workday.py
[2025-06-05T19:32:51.244+0200] {processor.py:830} INFO - Processing file /home/leoja/airflow/airflow_venv/lib/python3.12/site-packages/airflow/example_dags/plugins/workday.py for tasks to queue
[2025-06-05T19:32:51.245+0200] {logging_mixin.py:188} INFO - [2025-06-05T19:32:51.245+0200] {dagbag.py:540} INFO - Filling up the DagBag from /home/leoja/airflow/airflow_venv/lib/python3.12/site-packages/airflow/example_dags/plugins/workday.py
[2025-06-05T19:32:51.713+0200] {processor.py:842} WARNING - No viable dags retrieved from /home/leoja/airflow/airflow_venv/lib/python3.12/site-packages/airflow/example_dags/plugins/workday.py
[2025-06-05T19:32:51.720+0200] {processor.py:183} INFO - Processing /home/leoja/airflow/airflow_venv/lib/python3.12/site-packages/airflow/example_dags/plugins/workday.py took 0.487 seconds
[2025-06-05T19:33:58.493+0200] {processor.py:161} INFO - Started process (PID=554107) to work on /home/leoja/airflow/airflow_venv/lib/python3.12/site-packages/airflow/example_dags/plugins/workday.py
[2025-06-05T19:33:58.495+0200] {processor.py:830} INFO - Processing file /home/leoja/airflow/airflow_venv/lib/python3.12/site-packages/airflow/example_dags/plugins/workday.py for tasks to queue
[2025-06-05T19:33:58.497+0200] {logging_mixin.py:188} INFO - [2025-06-05T19:33:58.496+0200] {dagbag.py:540} INFO - Filling up the DagBag from /home/leoja/airflow/airflow_venv/lib/python3.12/site-packages/airflow/example_dags/plugins/workday.py
[2025-06-05T19:33:58.902+0200] {processor.py:842} WARNING - No viable dags retrieved from /home/leoja/airflow/airflow_venv/lib/python3.12/site-packages/airflow/example_dags/plugins/workday.py
[2025-06-05T19:33:58.908+0200] {processor.py:183} INFO - Processing /home/leoja/airflow/airflow_venv/lib/python3.12/site-packages/airflow/example_dags/plugins/workday.py took 0.421 seconds
[2025-06-05T19:35:00.551+0200] {processor.py:161} INFO - Started process (PID=554478) to work on /home/leoja/airflow/airflow_venv/lib/python3.12/site-packages/airflow/example_dags/plugins/workday.py
[2025-06-05T19:35:00.553+0200] {processor.py:830} INFO - Processing file /home/leoja/airflow/airflow_venv/lib/python3.12/site-packages/airflow/example_dags/plugins/workday.py for tasks to queue
[2025-06-05T19:35:00.557+0200] {logging_mixin.py:188} INFO - [2025-06-05T19:35:00.556+0200] {dagbag.py:540} INFO - Filling up the DagBag from /home/leoja/airflow/airflow_venv/lib/python3.12/site-packages/airflow/example_dags/plugins/workday.py
[2025-06-05T19:35:00.996+0200] {processor.py:842} WARNING - No viable dags retrieved from /home/leoja/airflow/airflow_venv/lib/python3.12/site-packages/airflow/example_dags/plugins/workday.py
[2025-06-05T19:35:01.001+0200] {processor.py:183} INFO - Processing /home/leoja/airflow/airflow_venv/lib/python3.12/site-packages/airflow/example_dags/plugins/workday.py took 0.464 seconds
[2025-06-05T19:36:01.863+0200] {processor.py:161} INFO - Started process (PID=554822) to work on /home/leoja/airflow/airflow_venv/lib/python3.12/site-packages/airflow/example_dags/plugins/workday.py
[2025-06-05T19:36:01.866+0200] {processor.py:830} INFO - Processing file /home/leoja/airflow/airflow_venv/lib/python3.12/site-packages/airflow/example_dags/plugins/workday.py for tasks to queue
[2025-06-05T19:36:01.867+0200] {logging_mixin.py:188} INFO - [2025-06-05T19:36:01.867+0200] {dagbag.py:540} INFO - Filling up the DagBag from /home/leoja/airflow/airflow_venv/lib/python3.12/site-packages/airflow/example_dags/plugins/workday.py
[2025-06-05T19:36:02.430+0200] {processor.py:842} WARNING - No viable dags retrieved from /home/leoja/airflow/airflow_venv/lib/python3.12/site-packages/airflow/example_dags/plugins/workday.py
[2025-06-05T19:36:02.439+0200] {processor.py:183} INFO - Processing /home/leoja/airflow/airflow_venv/lib/python3.12/site-packages/airflow/example_dags/plugins/workday.py took 0.581 seconds
[2025-06-05T19:37:07.957+0200] {processor.py:161} INFO - Started process (PID=555186) to work on /home/leoja/airflow/airflow_venv/lib/python3.12/site-packages/airflow/example_dags/plugins/workday.py
[2025-06-05T19:37:07.963+0200] {processor.py:830} INFO - Processing file /home/leoja/airflow/airflow_venv/lib/python3.12/site-packages/airflow/example_dags/plugins/workday.py for tasks to queue
[2025-06-05T19:37:07.966+0200] {logging_mixin.py:188} INFO - [2025-06-05T19:37:07.965+0200] {dagbag.py:540} INFO - Filling up the DagBag from /home/leoja/airflow/airflow_venv/lib/python3.12/site-packages/airflow/example_dags/plugins/workday.py
[2025-06-05T19:37:08.430+0200] {processor.py:842} WARNING - No viable dags retrieved from /home/leoja/airflow/airflow_venv/lib/python3.12/site-packages/airflow/example_dags/plugins/workday.py
[2025-06-05T19:37:08.436+0200] {processor.py:183} INFO - Processing /home/leoja/airflow/airflow_venv/lib/python3.12/site-packages/airflow/example_dags/plugins/workday.py took 0.486 seconds
[2025-06-05T19:38:15.746+0200] {processor.py:161} INFO - Started process (PID=555562) to work on /home/leoja/airflow/airflow_venv/lib/python3.12/site-packages/airflow/example_dags/plugins/workday.py
[2025-06-05T19:38:15.748+0200] {processor.py:830} INFO - Processing file /home/leoja/airflow/airflow_venv/lib/python3.12/site-packages/airflow/example_dags/plugins/workday.py for tasks to queue
[2025-06-05T19:38:15.749+0200] {logging_mixin.py:188} INFO - [2025-06-05T19:38:15.749+0200] {dagbag.py:540} INFO - Filling up the DagBag from /home/leoja/airflow/airflow_venv/lib/python3.12/site-packages/airflow/example_dags/plugins/workday.py
[2025-06-05T19:38:16.532+0200] {processor.py:842} WARNING - No viable dags retrieved from /home/leoja/airflow/airflow_venv/lib/python3.12/site-packages/airflow/example_dags/plugins/workday.py
[2025-06-05T19:38:16.538+0200] {processor.py:183} INFO - Processing /home/leoja/airflow/airflow_venv/lib/python3.12/site-packages/airflow/example_dags/plugins/workday.py took 0.799 seconds
[2025-06-05T19:39:19.369+0200] {processor.py:161} INFO - Started process (PID=555935) to work on /home/leoja/airflow/airflow_venv/lib/python3.12/site-packages/airflow/example_dags/plugins/workday.py
[2025-06-05T19:39:19.372+0200] {processor.py:830} INFO - Processing file /home/leoja/airflow/airflow_venv/lib/python3.12/site-packages/airflow/example_dags/plugins/workday.py for tasks to queue
[2025-06-05T19:39:19.373+0200] {logging_mixin.py:188} INFO - [2025-06-05T19:39:19.373+0200] {dagbag.py:540} INFO - Filling up the DagBag from /home/leoja/airflow/airflow_venv/lib/python3.12/site-packages/airflow/example_dags/plugins/workday.py
[2025-06-05T19:39:19.743+0200] {processor.py:842} WARNING - No viable dags retrieved from /home/leoja/airflow/airflow_venv/lib/python3.12/site-packages/airflow/example_dags/plugins/workday.py
[2025-06-05T19:39:19.749+0200] {processor.py:183} INFO - Processing /home/leoja/airflow/airflow_venv/lib/python3.12/site-packages/airflow/example_dags/plugins/workday.py took 0.387 seconds
[2025-06-05T19:40:26.779+0200] {processor.py:161} INFO - Started process (PID=556304) to work on /home/leoja/airflow/airflow_venv/lib/python3.12/site-packages/airflow/example_dags/plugins/workday.py
[2025-06-05T19:40:26.781+0200] {processor.py:830} INFO - Processing file /home/leoja/airflow/airflow_venv/lib/python3.12/site-packages/airflow/example_dags/plugins/workday.py for tasks to queue
[2025-06-05T19:40:26.783+0200] {logging_mixin.py:188} INFO - [2025-06-05T19:40:26.782+0200] {dagbag.py:540} INFO - Filling up the DagBag from /home/leoja/airflow/airflow_venv/lib/python3.12/site-packages/airflow/example_dags/plugins/workday.py
[2025-06-05T19:40:27.192+0200] {processor.py:842} WARNING - No viable dags retrieved from /home/leoja/airflow/airflow_venv/lib/python3.12/site-packages/airflow/example_dags/plugins/workday.py
[2025-06-05T19:40:27.198+0200] {processor.py:183} INFO - Processing /home/leoja/airflow/airflow_venv/lib/python3.12/site-packages/airflow/example_dags/plugins/workday.py took 0.424 seconds
[2025-06-05T19:41:32.900+0200] {processor.py:161} INFO - Started process (PID=556985) to work on /home/leoja/airflow/airflow_venv/lib/python3.12/site-packages/airflow/example_dags/plugins/workday.py
[2025-06-05T19:41:32.902+0200] {processor.py:830} INFO - Processing file /home/leoja/airflow/airflow_venv/lib/python3.12/site-packages/airflow/example_dags/plugins/workday.py for tasks to queue
[2025-06-05T19:41:32.913+0200] {logging_mixin.py:188} INFO - [2025-06-05T19:41:32.911+0200] {dagbag.py:540} INFO - Filling up the DagBag from /home/leoja/airflow/airflow_venv/lib/python3.12/site-packages/airflow/example_dags/plugins/workday.py
[2025-06-05T19:41:33.628+0200] {processor.py:842} WARNING - No viable dags retrieved from /home/leoja/airflow/airflow_venv/lib/python3.12/site-packages/airflow/example_dags/plugins/workday.py
[2025-06-05T19:41:33.637+0200] {processor.py:183} INFO - Processing /home/leoja/airflow/airflow_venv/lib/python3.12/site-packages/airflow/example_dags/plugins/workday.py took 0.749 seconds
[2025-06-05T19:42:41.909+0200] {processor.py:161} INFO - Started process (PID=557618) to work on /home/leoja/airflow/airflow_venv/lib/python3.12/site-packages/airflow/example_dags/plugins/workday.py
[2025-06-05T19:42:41.910+0200] {processor.py:830} INFO - Processing file /home/leoja/airflow/airflow_venv/lib/python3.12/site-packages/airflow/example_dags/plugins/workday.py for tasks to queue
[2025-06-05T19:42:41.912+0200] {logging_mixin.py:188} INFO - [2025-06-05T19:42:41.911+0200] {dagbag.py:540} INFO - Filling up the DagBag from /home/leoja/airflow/airflow_venv/lib/python3.12/site-packages/airflow/example_dags/plugins/workday.py
[2025-06-05T19:42:42.343+0200] {processor.py:842} WARNING - No viable dags retrieved from /home/leoja/airflow/airflow_venv/lib/python3.12/site-packages/airflow/example_dags/plugins/workday.py
[2025-06-05T19:42:42.350+0200] {processor.py:183} INFO - Processing /home/leoja/airflow/airflow_venv/lib/python3.12/site-packages/airflow/example_dags/plugins/workday.py took 0.446 seconds
[2025-06-05T19:43:49.589+0200] {processor.py:161} INFO - Started process (PID=557896) to work on /home/leoja/airflow/airflow_venv/lib/python3.12/site-packages/airflow/example_dags/plugins/workday.py
[2025-06-05T19:43:49.591+0200] {processor.py:830} INFO - Processing file /home/leoja/airflow/airflow_venv/lib/python3.12/site-packages/airflow/example_dags/plugins/workday.py for tasks to queue
[2025-06-05T19:43:49.593+0200] {logging_mixin.py:188} INFO - [2025-06-05T19:43:49.593+0200] {dagbag.py:540} INFO - Filling up the DagBag from /home/leoja/airflow/airflow_venv/lib/python3.12/site-packages/airflow/example_dags/plugins/workday.py
[2025-06-05T19:43:49.860+0200] {processor.py:842} WARNING - No viable dags retrieved from /home/leoja/airflow/airflow_venv/lib/python3.12/site-packages/airflow/example_dags/plugins/workday.py
[2025-06-05T19:43:49.869+0200] {processor.py:183} INFO - Processing /home/leoja/airflow/airflow_venv/lib/python3.12/site-packages/airflow/example_dags/plugins/workday.py took 0.285 seconds
[2025-06-05T19:44:48.965+0200] {processor.py:161} INFO - Started process (PID=558398) to work on /home/leoja/airflow/airflow_venv/lib/python3.12/site-packages/airflow/example_dags/plugins/workday.py
[2025-06-05T19:44:48.966+0200] {processor.py:830} INFO - Processing file /home/leoja/airflow/airflow_venv/lib/python3.12/site-packages/airflow/example_dags/plugins/workday.py for tasks to queue
[2025-06-05T19:44:48.969+0200] {logging_mixin.py:188} INFO - [2025-06-05T19:44:48.968+0200] {dagbag.py:540} INFO - Filling up the DagBag from /home/leoja/airflow/airflow_venv/lib/python3.12/site-packages/airflow/example_dags/plugins/workday.py
[2025-06-05T19:44:49.295+0200] {processor.py:842} WARNING - No viable dags retrieved from /home/leoja/airflow/airflow_venv/lib/python3.12/site-packages/airflow/example_dags/plugins/workday.py
[2025-06-05T19:44:49.323+0200] {processor.py:183} INFO - Processing /home/leoja/airflow/airflow_venv/lib/python3.12/site-packages/airflow/example_dags/plugins/workday.py took 0.365 seconds
