[2025-05-29T13:04:05.574+0200] {local_task_job_runner.py:120} INFO - ::group::Pre task execution logs
[2025-05-29T13:04:05.592+0200] {taskinstance.py:2073} INFO - Dependencies all met for dep_context=non-requeueable deps ti=<TaskInstance: macro_trading_dag.fetch_fred_data scheduled__2025-05-28T08:00:00+00:00 [queued]>
[2025-05-29T13:04:05.599+0200] {taskinstance.py:2073} INFO - Dependencies all met for dep_context=requeueable deps ti=<TaskInstance: macro_trading_dag.fetch_fred_data scheduled__2025-05-28T08:00:00+00:00 [queued]>
[2025-05-29T13:04:05.599+0200] {taskinstance.py:2303} INFO - Starting attempt 1 of 3
[2025-05-29T13:04:05.620+0200] {taskinstance.py:2327} INFO - Executing <Task(PythonOperator): fetch_fred_data> on 2025-05-28 08:00:00+00:00
[2025-05-29T13:04:05.629+0200] {standard_task_runner.py:90} INFO - Running: ['airflow', 'tasks', 'run', 'macro_trading_dag', 'fetch_fred_data', 'scheduled__2025-05-28T08:00:00+00:00', '--job-id', '68', '--raw', '--subdir', 'DAGS_FOLDER/macro_trading_dag.py', '--cfg-path', '/tmp/tmplty4s142']
[2025-05-29T13:04:05.631+0200] {standard_task_runner.py:91} INFO - Job 68: Subtask fetch_fred_data
[2025-05-29T13:04:05.633+0200] {logging_mixin.py:188} WARNING - /home/leoja/airflow/airflow_venv/lib/python3.12/site-packages/airflow/task/task_runner/standard_task_runner.py:61 DeprecationWarning: This process (pid=38750) is multi-threaded, use of fork() may lead to deadlocks in the child.
[2025-05-29T13:04:05.634+0200] {standard_task_runner.py:63} INFO - Started process 38873 to run task
[2025-05-29T13:04:05.692+0200] {task_command.py:426} INFO - Running <TaskInstance: macro_trading_dag.fetch_fred_data scheduled__2025-05-28T08:00:00+00:00 [running]> on host N15I711-16GR512.localdomain
[2025-05-29T13:04:05.793+0200] {taskinstance.py:2644} INFO - Exporting env vars: AIRFLOW_CTX_DAG_OWNER='airflow' AIRFLOW_CTX_DAG_ID='macro_trading_dag' AIRFLOW_CTX_TASK_ID='fetch_fred_data' AIRFLOW_CTX_EXECUTION_DATE='2025-05-28T08:00:00+00:00' AIRFLOW_CTX_TRY_NUMBER='1' AIRFLOW_CTX_DAG_RUN_ID='scheduled__2025-05-28T08:00:00+00:00'
[2025-05-29T13:04:05.794+0200] {taskinstance.py:430} INFO - ::endgroup::
[2025-05-29T13:04:06.029+0200] {logging_mixin.py:188} INFO - Aucune nouvelle donnée pour SP500 (SP500)
[2025-05-29T13:04:06.234+0200] {logging_mixin.py:188} INFO - Données mises à jour pour INFLATION (CPIAUCSL)
[2025-05-29T13:04:06.433+0200] {logging_mixin.py:188} INFO - Données mises à jour pour UNEMPLOYMENT (UNRATE)
[2025-05-29T13:04:06.621+0200] {logging_mixin.py:188} INFO - Aucune nouvelle donnée pour HY_SPREAD (BAMLH0A0HYM2)
[2025-05-29T13:04:06.851+0200] {logging_mixin.py:188} INFO - Aucune nouvelle donnée pour LONG_SPREAD (T10Y2Y)
[2025-05-29T13:04:07.056+0200] {logging_mixin.py:188} INFO - Données mises à jour pour CONSUMER_SENTIMENT (UMCSENT)
[2025-05-29T13:04:07.300+0200] {logging_mixin.py:188} INFO - Aucune nouvelle donnée pour BARREL PETROL (DCOILBRENTEU)
[2025-05-29T13:04:07.301+0200] {python.py:237} INFO - Done. Returned value was: None
[2025-05-29T13:04:07.301+0200] {taskinstance.py:441} INFO - ::group::Post task execution logs
[2025-05-29T13:04:07.307+0200] {taskinstance.py:1205} INFO - Marking task as SUCCESS. dag_id=macro_trading_dag, task_id=fetch_fred_data, execution_date=20250528T080000, start_date=20250529T110405, end_date=20250529T110407
[2025-05-29T13:04:07.374+0200] {local_task_job_runner.py:240} INFO - Task exited with return code 0
[2025-05-29T13:04:07.385+0200] {taskinstance.py:3482} INFO - 0 downstream tasks scheduled from follow-on schedule check
[2025-05-29T13:04:07.386+0200] {local_task_job_runner.py:222} INFO - ::endgroup::
