[2025-06-07T21:31:46.288+0200] {local_task_job_runner.py:120} INFO - ::group::Pre task execution logs
[2025-06-07T21:31:46.307+0200] {taskinstance.py:2073} INFO - Dependencies all met for dep_context=non-requeueable deps ti=<TaskInstance: macro_trading_dag.fetch_data manual__2025-06-07T19:31:41.379564+00:00 [queued]>
[2025-06-07T21:31:46.313+0200] {taskinstance.py:2073} INFO - Dependencies all met for dep_context=requeueable deps ti=<TaskInstance: macro_trading_dag.fetch_data manual__2025-06-07T19:31:41.379564+00:00 [queued]>
[2025-06-07T21:31:46.313+0200] {taskinstance.py:2303} INFO - Starting attempt 1 of 3
[2025-06-07T21:31:46.332+0200] {taskinstance.py:2327} INFO - Executing <Task(PythonOperator): fetch_data> on 2025-06-07 19:31:41.379564+00:00
[2025-06-07T21:31:46.345+0200] {standard_task_runner.py:90} INFO - Running: ['airflow', 'tasks', 'run', 'macro_trading_dag', 'fetch_data', 'manual__2025-06-07T19:31:41.379564+00:00', '--job-id', '347', '--raw', '--subdir', 'DAGS_FOLDER/macro_trading_dag.py', '--cfg-path', '/tmp/tmpzdkwifte']
[2025-06-07T21:31:46.347+0200] {standard_task_runner.py:91} INFO - Job 347: Subtask fetch_data
[2025-06-07T21:31:46.355+0200] {logging_mixin.py:188} WARNING - /home/leoja/airflow/airflow_venv/lib/python3.12/site-packages/airflow/task/task_runner/standard_task_runner.py:61 DeprecationWarning: This process (pid=1006067) is multi-threaded, use of fork() may lead to deadlocks in the child.
[2025-06-07T21:31:46.355+0200] {standard_task_runner.py:63} INFO - Started process 1006077 to run task
[2025-06-07T21:31:46.413+0200] {task_command.py:426} INFO - Running <TaskInstance: macro_trading_dag.fetch_data manual__2025-06-07T19:31:41.379564+00:00 [running]> on host N15I711-16GR512.localdomain
[2025-06-07T21:31:46.504+0200] {taskinstance.py:2644} INFO - Exporting env vars: AIRFLOW_CTX_DAG_OWNER='airflow' AIRFLOW_CTX_DAG_ID='macro_trading_dag' AIRFLOW_CTX_TASK_ID='fetch_data' AIRFLOW_CTX_EXECUTION_DATE='2025-06-07T19:31:41.379564+00:00' AIRFLOW_CTX_TRY_NUMBER='1' AIRFLOW_CTX_DAG_RUN_ID='manual__2025-06-07T19:31:41.379564+00:00'
[2025-06-07T21:31:46.506+0200] {taskinstance.py:430} INFO - ::endgroup::
[2025-06-07T21:31:47.184+0200] {logging_mixin.py:188} INFO - Données mises à jour pour INFLATION (CPIAUCSL)
[2025-06-07T21:31:47.714+0200] {logging_mixin.py:188} INFO - Données mises à jour pour UNEMPLOYMENT (UNRATE)
[2025-06-07T21:31:48.214+0200] {logging_mixin.py:188} INFO - Aucune nouvelle donnée pour High_Yield_Bond_SPREAD (BAMLH0A0HYM2)
[2025-06-07T21:31:48.975+0200] {logging_mixin.py:188} INFO - Aucune nouvelle donnée pour 10-2Year_Treasury_Yield_Bond (T10Y2Y)
[2025-06-07T21:31:49.887+0200] {logging_mixin.py:188} INFO - Données mises à jour pour CONSUMER_SENTIMENT (UMCSENT)
[2025-06-07T21:31:50.121+0200] {logging_mixin.py:188} INFO - Aucune nouvelle donnée pour BARREL PETROL (DCOILBRENTEU)
[2025-06-07T21:31:49.445+0200] {logging_mixin.py:188} INFO - Données mises à jour pour TAUX_FED (FEDFUNDS)
[2025-06-07T21:31:49.854+0200] {logging_mixin.py:188} INFO - Données mises à jour pour S&P500(LARGE CAP) (SP500)
[2025-06-07T21:31:50.029+0200] {logging_mixin.py:188} INFO - Données mises à jour pour GOLD_OZ_USD (GOLD_OZ_USD)
[2025-06-07T21:31:50.239+0200] {logging_mixin.py:188} INFO - Données mises à jour pour RUSSELL2000(Small CAP) (SmallCAP)
[2025-06-07T21:31:50.436+0200] {logging_mixin.py:188} INFO - Données mises à jour pour REITs(Immobilier US) (US_REIT_VNQ)
[2025-06-07T21:31:50.658+0200] {logging_mixin.py:188} INFO - Données mises à jour pour US_TREASURY_10Y (TREASURY_10Y)
[2025-06-07T21:31:50.659+0200] {python.py:237} INFO - Done. Returned value was: None
[2025-06-07T21:31:50.659+0200] {taskinstance.py:441} INFO - ::group::Post task execution logs
[2025-06-07T21:31:50.663+0200] {taskinstance.py:1205} INFO - Marking task as SUCCESS. dag_id=macro_trading_dag, task_id=fetch_data, execution_date=20250607T193141, start_date=20250607T193146, end_date=20250607T193150
[2025-06-07T21:31:51.265+0200] {local_task_job_runner.py:240} INFO - Task exited with return code 0
[2025-06-07T21:31:51.282+0200] {taskinstance.py:3482} INFO - 2 downstream tasks scheduled from follow-on schedule check
[2025-06-07T21:31:51.290+0200] {local_task_job_runner.py:222} INFO - ::endgroup::
