[2025-06-05T22:44:59.870+0200] {local_task_job_runner.py:120} INFO - ::group::Pre task execution logs
[2025-06-05T22:44:59.887+0200] {taskinstance.py:2073} INFO - Dependencies all met for dep_context=non-requeueable deps ti=<TaskInstance: macro_trading_dag.compute_assets_performance manual__2025-06-05T20:32:01.368855+00:00 [queued]>
[2025-06-05T22:44:59.891+0200] {taskinstance.py:2073} INFO - Dependencies all met for dep_context=requeueable deps ti=<TaskInstance: macro_trading_dag.compute_assets_performance manual__2025-06-05T20:32:01.368855+00:00 [queued]>
[2025-06-05T22:44:59.891+0200] {taskinstance.py:2303} INFO - Starting attempt 3 of 3
[2025-06-05T22:44:59.905+0200] {taskinstance.py:2327} INFO - Executing <Task(SparkSubmitOperator): compute_assets_performance> on 2025-06-05 20:32:01.368855+00:00
[2025-06-05T22:44:59.912+0200] {standard_task_runner.py:90} INFO - Running: ['airflow', 'tasks', 'run', 'macro_trading_dag', 'compute_assets_performance', 'manual__2025-06-05T20:32:01.368855+00:00', '--job-id', '309', '--raw', '--subdir', 'DAGS_FOLDER/macro_trading_dag.py', '--cfg-path', '/tmp/tmpgmgb2d2b']
[2025-06-05T22:44:59.914+0200] {standard_task_runner.py:91} INFO - Job 309: Subtask compute_assets_performance
[2025-06-05T22:44:59.919+0200] {logging_mixin.py:188} WARNING - /home/leoja/airflow/airflow_venv/lib/python3.12/site-packages/airflow/task/task_runner/standard_task_runner.py:61 DeprecationWarning: This process (pid=604755) is multi-threaded, use of fork() may lead to deadlocks in the child.
[2025-06-05T22:44:59.920+0200] {standard_task_runner.py:63} INFO - Started process 604765 to run task
[2025-06-05T22:44:59.958+0200] {task_command.py:426} INFO - Running <TaskInstance: macro_trading_dag.compute_assets_performance manual__2025-06-05T20:32:01.368855+00:00 [running]> on host N15I711-16GR512.localdomain
[2025-06-05T22:45:00.030+0200] {taskinstance.py:2644} INFO - Exporting env vars: AIRFLOW_CTX_DAG_OWNER='airflow' AIRFLOW_CTX_DAG_ID='macro_trading_dag' AIRFLOW_CTX_TASK_ID='compute_assets_performance' AIRFLOW_CTX_EXECUTION_DATE='2025-06-05T20:32:01.368855+00:00' AIRFLOW_CTX_TRY_NUMBER='3' AIRFLOW_CTX_DAG_RUN_ID='manual__2025-06-05T20:32:01.368855+00:00'
[2025-06-05T22:45:00.032+0200] {taskinstance.py:430} INFO - ::endgroup::
[2025-06-05T22:45:00.044+0200] {base.py:84} INFO - Using connection ID 'spark_local' for task execution.
[2025-06-05T22:45:00.046+0200] {spark_submit.py:351} INFO - Spark-Submit cmd: spark-submit --master local[*] --conf spark.pyspark.python=/home/leoja/airflow_venv/bin/python --conf spark.pyspark.driver.python=/home/leoja/airflow_venv/bin/python --name compute_assets_performance /home/leoja/airflow/spark_jobs/compute_assets_performance.py /home/leoja/airflow/data/quadrants.parquet /home/leoja/airflow/data/Assets_daily.parquet /home/leoja/airflow/data/assets_performance_by_quadrant.parquet
[2025-06-05T22:45:01.690+0200] {spark_submit.py:521} INFO - 25/06/05 22:45:01 WARN Utils: Your hostname, N15I711-16GR512 resolves to a loopback address: 127.0.1.1; using 10.255.255.254 instead (on interface lo)
[2025-06-05T22:45:01.693+0200] {spark_submit.py:521} INFO - 25/06/05 22:45:01 WARN Utils: Set SPARK_LOCAL_IP if you need to bind to another address
[2025-06-05T22:45:02.657+0200] {spark_submit.py:521} INFO - [compute_assets_performance] quadrant_file  = /home/leoja/airflow/data/quadrants.parquet
[2025-06-05T22:45:02.658+0200] {spark_submit.py:521} INFO - [compute_assets_performance] assets_file    = /home/leoja/airflow/data/Assets_daily.parquet
[2025-06-05T22:45:02.658+0200] {spark_submit.py:521} INFO - [compute_assets_performance] output_parquet = /home/leoja/airflow/data/assets_performance_by_quadrant.parquet
[2025-06-05T22:45:02.711+0200] {spark_submit.py:521} INFO - Traceback (most recent call last):
[2025-06-05T22:45:02.711+0200] {spark_submit.py:521} INFO - File "/home/leoja/airflow/spark_jobs/compute_assets_performance.py", line 127, in <module>
[2025-06-05T22:45:02.711+0200] {spark_submit.py:521} INFO - main()
[2025-06-05T22:45:02.712+0200] {spark_submit.py:521} INFO - File "/home/leoja/airflow/spark_jobs/compute_assets_performance.py", line 62, in main
[2025-06-05T22:45:02.712+0200] {spark_submit.py:521} INFO - raise KeyError(f"La colonne {col!r} est absente de assets_file.")
[2025-06-05T22:45:02.712+0200] {spark_submit.py:521} INFO - KeyError: "La colonne 'asset_id' est absente de assets_file."
[2025-06-05T22:45:02.816+0200] {spark_submit.py:521} INFO - 25/06/05 22:45:02 INFO ShutdownHookManager: Shutdown hook called
[2025-06-05T22:45:02.817+0200] {spark_submit.py:521} INFO - 25/06/05 22:45:02 INFO ShutdownHookManager: Deleting directory /tmp/spark-d16c7ddc-9e5b-405d-9361-b87cf0eeaae9
[2025-06-05T22:45:02.855+0200] {taskinstance.py:441} INFO - ::group::Post task execution logs
[2025-06-05T22:45:02.859+0200] {taskinstance.py:2890} ERROR - Task failed with exception
Traceback (most recent call last):
  File "/home/leoja/airflow/airflow_venv/lib/python3.12/site-packages/airflow/models/taskinstance.py", line 465, in _execute_task
    result = _execute_callable(context=context, **execute_callable_kwargs)
             ^^^^^^^^^^^^^^^^^^^^^^^^^^^^^^^^^^^^^^^^^^^^^^^^^^^^^^^^^^^^^
  File "/home/leoja/airflow/airflow_venv/lib/python3.12/site-packages/airflow/models/taskinstance.py", line 432, in _execute_callable
    return execute_callable(context=context, **execute_callable_kwargs)
           ^^^^^^^^^^^^^^^^^^^^^^^^^^^^^^^^^^^^^^^^^^^^^^^^^^^^^^^^^^^^
  File "/home/leoja/airflow/airflow_venv/lib/python3.12/site-packages/airflow/models/baseoperator.py", line 400, in wrapper
    return func(self, *args, **kwargs)
           ^^^^^^^^^^^^^^^^^^^^^^^^^^^
  File "/home/leoja/airflow/airflow_venv/lib/python3.12/site-packages/airflow/providers/apache/spark/operators/spark_submit.py", line 156, in execute
    self._hook.submit(self._application)
  File "/home/leoja/airflow/airflow_venv/lib/python3.12/site-packages/airflow/providers/apache/spark/hooks/spark_submit.py", line 452, in submit
    raise AirflowException(
airflow.exceptions.AirflowException: Cannot execute: spark-submit --master local[*] --conf spark.pyspark.python=/home/leoja/airflow_venv/bin/python --conf spark.pyspark.driver.python=/home/leoja/airflow_venv/bin/python --name compute_assets_performance /home/leoja/airflow/spark_jobs/compute_assets_performance.py /home/leoja/airflow/data/quadrants.parquet /home/leoja/airflow/data/Assets_daily.parquet /home/leoja/airflow/data/assets_performance_by_quadrant.parquet. Error code is: 1.
[2025-06-05T22:45:02.862+0200] {taskinstance.py:1205} INFO - Marking task as FAILED. dag_id=macro_trading_dag, task_id=compute_assets_performance, execution_date=20250605T203201, start_date=20250605T204459, end_date=20250605T204502
[2025-06-05T22:45:02.884+0200] {standard_task_runner.py:110} ERROR - Failed to execute job 309 for task compute_assets_performance (Cannot execute: spark-submit --master local[*] --conf spark.pyspark.python=/home/leoja/airflow_venv/bin/python --conf spark.pyspark.driver.python=/home/leoja/airflow_venv/bin/python --name compute_assets_performance /home/leoja/airflow/spark_jobs/compute_assets_performance.py /home/leoja/airflow/data/quadrants.parquet /home/leoja/airflow/data/Assets_daily.parquet /home/leoja/airflow/data/assets_performance_by_quadrant.parquet. Error code is: 1.; 604765)
[2025-06-05T22:45:02.987+0200] {local_task_job_runner.py:240} INFO - Task exited with return code 1
[2025-06-05T22:45:03.001+0200] {taskinstance.py:3482} INFO - 0 downstream tasks scheduled from follow-on schedule check
[2025-06-05T22:45:03.002+0200] {local_task_job_runner.py:222} INFO - ::endgroup::
