[2025-06-05T22:38:48.489+0200] {local_task_job_runner.py:120} INFO - ::group::Pre task execution logs
[2025-06-05T22:38:48.502+0200] {taskinstance.py:2073} INFO - Dependencies all met for dep_context=non-requeueable deps ti=<TaskInstance: macro_trading_dag.compute_assets_performance manual__2025-06-05T20:32:01.368855+00:00 [queued]>
[2025-06-05T22:38:48.506+0200] {taskinstance.py:2073} INFO - Dependencies all met for dep_context=requeueable deps ti=<TaskInstance: macro_trading_dag.compute_assets_performance manual__2025-06-05T20:32:01.368855+00:00 [queued]>
[2025-06-05T22:38:48.506+0200] {taskinstance.py:2303} INFO - Starting attempt 1 of 3
[2025-06-05T22:38:48.522+0200] {taskinstance.py:2327} INFO - Executing <Task(SparkSubmitOperator): compute_assets_performance> on 2025-06-05 20:32:01.368855+00:00
[2025-06-05T22:38:48.543+0200] {standard_task_runner.py:90} INFO - Running: ['airflow', 'tasks', 'run', 'macro_trading_dag', 'compute_assets_performance', 'manual__2025-06-05T20:32:01.368855+00:00', '--job-id', '307', '--raw', '--subdir', 'DAGS_FOLDER/macro_trading_dag.py', '--cfg-path', '/tmp/tmpy9ibh7fa']
[2025-06-05T22:38:48.545+0200] {standard_task_runner.py:91} INFO - Job 307: Subtask compute_assets_performance
[2025-06-05T22:38:48.547+0200] {logging_mixin.py:188} WARNING - /home/leoja/airflow/airflow_venv/lib/python3.12/site-packages/airflow/task/task_runner/standard_task_runner.py:61 DeprecationWarning: This process (pid=602587) is multi-threaded, use of fork() may lead to deadlocks in the child.
[2025-06-05T22:38:48.547+0200] {standard_task_runner.py:63} INFO - Started process 602597 to run task
[2025-06-05T22:38:48.584+0200] {task_command.py:426} INFO - Running <TaskInstance: macro_trading_dag.compute_assets_performance manual__2025-06-05T20:32:01.368855+00:00 [running]> on host N15I711-16GR512.localdomain
[2025-06-05T22:38:48.649+0200] {taskinstance.py:2644} INFO - Exporting env vars: AIRFLOW_CTX_DAG_OWNER='airflow' AIRFLOW_CTX_DAG_ID='macro_trading_dag' AIRFLOW_CTX_TASK_ID='compute_assets_performance' AIRFLOW_CTX_EXECUTION_DATE='2025-06-05T20:32:01.368855+00:00' AIRFLOW_CTX_TRY_NUMBER='1' AIRFLOW_CTX_DAG_RUN_ID='manual__2025-06-05T20:32:01.368855+00:00'
[2025-06-05T22:38:48.650+0200] {taskinstance.py:430} INFO - ::endgroup::
[2025-06-05T22:38:48.653+0200] {base.py:84} INFO - Using connection ID 'spark_local' for task execution.
[2025-06-05T22:38:48.654+0200] {spark_submit.py:351} INFO - Spark-Submit cmd: spark-submit --master local[*] --conf spark.pyspark.python=/home/leoja/airflow_venv/bin/python --conf spark.pyspark.driver.python=/home/leoja/airflow_venv/bin/python --name compute_assets_performance /home/leoja/airflow/spark_jobs/compute_assets_performance.py /home/leoja/airflow/data/quadrants.parquet /home/leoja/airflow/data/Assets_daily.parquet /home/leoja/airflow/data/assets_performance_by_quadrant.parquet
[2025-06-05T22:38:50.033+0200] {spark_submit.py:521} INFO - 25/06/05 22:38:50 WARN Utils: Your hostname, N15I711-16GR512 resolves to a loopback address: 127.0.1.1; using 10.255.255.254 instead (on interface lo)
[2025-06-05T22:38:50.036+0200] {spark_submit.py:521} INFO - 25/06/05 22:38:50 WARN Utils: Set SPARK_LOCAL_IP if you need to bind to another address
[2025-06-05T22:38:50.900+0200] {spark_submit.py:521} INFO - [compute_assets_performance] quadrant_file  = /home/leoja/airflow/data/quadrants.parquet
[2025-06-05T22:38:50.901+0200] {spark_submit.py:521} INFO - [compute_assets_performance] assets_file    = /home/leoja/airflow/data/Assets_daily.parquet
[2025-06-05T22:38:50.901+0200] {spark_submit.py:521} INFO - [compute_assets_performance] output_parquet = /home/leoja/airflow/data/assets_performance_by_quadrant.parquet
[2025-06-05T22:38:50.943+0200] {spark_submit.py:521} INFO - Traceback (most recent call last):
[2025-06-05T22:38:50.944+0200] {spark_submit.py:521} INFO - File "/home/leoja/airflow/spark_jobs/compute_assets_performance.py", line 127, in <module>
[2025-06-05T22:38:50.944+0200] {spark_submit.py:521} INFO - main()
[2025-06-05T22:38:50.944+0200] {spark_submit.py:521} INFO - File "/home/leoja/airflow/spark_jobs/compute_assets_performance.py", line 62, in main
[2025-06-05T22:38:50.944+0200] {spark_submit.py:521} INFO - raise KeyError(f"La colonne {col!r} est absente de assets_file.")
[2025-06-05T22:38:50.944+0200] {spark_submit.py:521} INFO - KeyError: "La colonne 'asset_id' est absente de assets_file."
[2025-06-05T22:38:51.029+0200] {spark_submit.py:521} INFO - 25/06/05 22:38:51 INFO ShutdownHookManager: Shutdown hook called
[2025-06-05T22:38:51.029+0200] {spark_submit.py:521} INFO - 25/06/05 22:38:51 INFO ShutdownHookManager: Deleting directory /tmp/spark-d88f8b82-d79f-4810-98b1-50b65dc0646b
[2025-06-05T22:38:51.063+0200] {taskinstance.py:441} INFO - ::group::Post task execution logs
[2025-06-05T22:38:51.066+0200] {taskinstance.py:2890} ERROR - Task failed with exception
Traceback (most recent call last):
  File "/home/leoja/airflow/airflow_venv/lib/python3.12/site-packages/airflow/models/taskinstance.py", line 465, in _execute_task
    result = _execute_callable(context=context, **execute_callable_kwargs)
             ^^^^^^^^^^^^^^^^^^^^^^^^^^^^^^^^^^^^^^^^^^^^^^^^^^^^^^^^^^^^^
  File "/home/leoja/airflow/airflow_venv/lib/python3.12/site-packages/airflow/models/taskinstance.py", line 432, in _execute_callable
    return execute_callable(context=context, **execute_callable_kwargs)
           ^^^^^^^^^^^^^^^^^^^^^^^^^^^^^^^^^^^^^^^^^^^^^^^^^^^^^^^^^^^^
  File "/home/leoja/airflow/airflow_venv/lib/python3.12/site-packages/airflow/models/baseoperator.py", line 400, in wrapper
    return func(self, *args, **kwargs)
           ^^^^^^^^^^^^^^^^^^^^^^^^^^^
  File "/home/leoja/airflow/airflow_venv/lib/python3.12/site-packages/airflow/providers/apache/spark/operators/spark_submit.py", line 156, in execute
    self._hook.submit(self._application)
  File "/home/leoja/airflow/airflow_venv/lib/python3.12/site-packages/airflow/providers/apache/spark/hooks/spark_submit.py", line 452, in submit
    raise AirflowException(
airflow.exceptions.AirflowException: Cannot execute: spark-submit --master local[*] --conf spark.pyspark.python=/home/leoja/airflow_venv/bin/python --conf spark.pyspark.driver.python=/home/leoja/airflow_venv/bin/python --name compute_assets_performance /home/leoja/airflow/spark_jobs/compute_assets_performance.py /home/leoja/airflow/data/quadrants.parquet /home/leoja/airflow/data/Assets_daily.parquet /home/leoja/airflow/data/assets_performance_by_quadrant.parquet. Error code is: 1.
[2025-06-05T22:38:51.069+0200] {taskinstance.py:1205} INFO - Marking task as UP_FOR_RETRY. dag_id=macro_trading_dag, task_id=compute_assets_performance, execution_date=20250605T203201, start_date=20250605T203848, end_date=20250605T203851
[2025-06-05T22:38:51.084+0200] {standard_task_runner.py:110} ERROR - Failed to execute job 307 for task compute_assets_performance (Cannot execute: spark-submit --master local[*] --conf spark.pyspark.python=/home/leoja/airflow_venv/bin/python --conf spark.pyspark.driver.python=/home/leoja/airflow_venv/bin/python --name compute_assets_performance /home/leoja/airflow/spark_jobs/compute_assets_performance.py /home/leoja/airflow/data/quadrants.parquet /home/leoja/airflow/data/Assets_daily.parquet /home/leoja/airflow/data/assets_performance_by_quadrant.parquet. Error code is: 1.; 602597)
[2025-06-05T22:38:51.094+0200] {local_task_job_runner.py:240} INFO - Task exited with return code 1
[2025-06-05T22:38:51.101+0200] {taskinstance.py:3482} INFO - 0 downstream tasks scheduled from follow-on schedule check
[2025-06-05T22:38:51.101+0200] {local_task_job_runner.py:222} INFO - ::endgroup::
