[2025-06-04T17:00:26.777+0200] {local_task_job_runner.py:120} INFO - ::group::Pre task execution logs
[2025-06-04T17:00:26.788+0200] {taskinstance.py:2073} INFO - Dependencies all met for dep_context=non-requeueable deps ti=<TaskInstance: macro_trading_dag.compute_economic_quadrants manual__2025-06-04T15:00:07.981332+00:00 [queued]>
[2025-06-04T17:00:26.792+0200] {taskinstance.py:2073} INFO - Dependencies all met for dep_context=requeueable deps ti=<TaskInstance: macro_trading_dag.compute_economic_quadrants manual__2025-06-04T15:00:07.981332+00:00 [queued]>
[2025-06-04T17:00:26.792+0200] {taskinstance.py:2303} INFO - Starting attempt 1 of 3
[2025-06-04T17:00:26.806+0200] {taskinstance.py:2327} INFO - Executing <Task(SparkSubmitOperator): compute_economic_quadrants> on 2025-06-04 15:00:07.981332+00:00
[2025-06-04T17:00:26.813+0200] {standard_task_runner.py:90} INFO - Running: ['airflow', 'tasks', 'run', 'macro_trading_dag', 'compute_economic_quadrants', 'manual__2025-06-04T15:00:07.981332+00:00', '--job-id', '269', '--raw', '--subdir', 'DAGS_FOLDER/macro_trading_dag.py', '--cfg-path', '/tmp/tmp43wreia4']
[2025-06-04T17:00:26.814+0200] {standard_task_runner.py:91} INFO - Job 269: Subtask compute_economic_quadrants
[2025-06-04T17:00:26.819+0200] {logging_mixin.py:188} WARNING - /home/leoja/airflow/airflow_venv/lib/python3.12/site-packages/airflow/task/task_runner/standard_task_runner.py:61 DeprecationWarning: This process (pid=425333) is multi-threaded, use of fork() may lead to deadlocks in the child.
[2025-06-04T17:00:26.820+0200] {standard_task_runner.py:63} INFO - Started process 425365 to run task
[2025-06-04T17:00:26.853+0200] {task_command.py:426} INFO - Running <TaskInstance: macro_trading_dag.compute_economic_quadrants manual__2025-06-04T15:00:07.981332+00:00 [running]> on host N15I711-16GR512.localdomain
[2025-06-04T17:00:26.915+0200] {taskinstance.py:2644} INFO - Exporting env vars: AIRFLOW_CTX_DAG_OWNER='airflow' AIRFLOW_CTX_DAG_ID='macro_trading_dag' AIRFLOW_CTX_TASK_ID='compute_economic_quadrants' AIRFLOW_CTX_EXECUTION_DATE='2025-06-04T15:00:07.981332+00:00' AIRFLOW_CTX_TRY_NUMBER='1' AIRFLOW_CTX_DAG_RUN_ID='manual__2025-06-04T15:00:07.981332+00:00'
[2025-06-04T17:00:26.916+0200] {taskinstance.py:430} INFO - ::endgroup::
[2025-06-04T17:00:26.920+0200] {base.py:84} INFO - Using connection ID 'spark_local' for task execution.
[2025-06-04T17:00:26.921+0200] {spark_submit.py:351} INFO - Spark-Submit cmd: spark-submit --master local[*] --conf spark.pyspark.python=/home/leoja/airflow_venv/bin/python --conf spark.pyspark.driver.python=/home/leoja/airflow_venv/bin/python --name compute_economic_quadrants /home/leoja/airflow/spark_jobs/compute_quadrants.py /home/leoja/airflow/data/Indicators.parquet /home/leoja/airflow/data/quadrants.parquet
[2025-06-04T17:00:28.231+0200] {spark_submit.py:521} INFO - 25/06/04 17:00:28 WARN Utils: Your hostname, N15I711-16GR512 resolves to a loopback address: 127.0.1.1; using 10.255.255.254 instead (on interface lo)
[2025-06-04T17:00:28.233+0200] {spark_submit.py:521} INFO - 25/06/04 17:00:28 WARN Utils: Set SPARK_LOCAL_IP if you need to bind to another address
[2025-06-04T17:00:29.145+0200] {spark_submit.py:521} INFO - 25/06/04 17:00:29 INFO SparkContext: Running Spark version 3.5.5
[2025-06-04T17:00:29.145+0200] {spark_submit.py:521} INFO - 25/06/04 17:00:29 INFO SparkContext: OS info Linux, 6.6.87.1-microsoft-standard-WSL2, amd64
[2025-06-04T17:00:29.146+0200] {spark_submit.py:521} INFO - 25/06/04 17:00:29 INFO SparkContext: Java version 11.0.27
[2025-06-04T17:00:29.216+0200] {spark_submit.py:521} INFO - 25/06/04 17:00:29 WARN NativeCodeLoader: Unable to load native-hadoop library for your platform... using builtin-java classes where applicable
[2025-06-04T17:00:29.295+0200] {spark_submit.py:521} INFO - 25/06/04 17:00:29 INFO ResourceUtils: ==============================================================
[2025-06-04T17:00:29.296+0200] {spark_submit.py:521} INFO - 25/06/04 17:00:29 INFO ResourceUtils: No custom resources configured for spark.driver.
[2025-06-04T17:00:29.296+0200] {spark_submit.py:521} INFO - 25/06/04 17:00:29 INFO ResourceUtils: ==============================================================
[2025-06-04T17:00:29.296+0200] {spark_submit.py:521} INFO - 25/06/04 17:00:29 INFO SparkContext: Submitted application: ComputeEconomicQuadrantsIncremental
[2025-06-04T17:00:29.315+0200] {spark_submit.py:521} INFO - 25/06/04 17:00:29 INFO ResourceProfile: Default ResourceProfile created, executor resources: Map(cores -> name: cores, amount: 1, script: , vendor: , memory -> name: memory, amount: 1024, script: , vendor: , offHeap -> name: offHeap, amount: 0, script: , vendor: ), task resources: Map(cpus -> name: cpus, amount: 1.0)
[2025-06-04T17:00:29.325+0200] {spark_submit.py:521} INFO - 25/06/04 17:00:29 INFO ResourceProfile: Limiting resource is cpu
[2025-06-04T17:00:29.326+0200] {spark_submit.py:521} INFO - 25/06/04 17:00:29 INFO ResourceProfileManager: Added ResourceProfile id: 0
[2025-06-04T17:00:29.380+0200] {spark_submit.py:521} INFO - 25/06/04 17:00:29 INFO SecurityManager: Changing view acls to: leoja
[2025-06-04T17:00:29.380+0200] {spark_submit.py:521} INFO - 25/06/04 17:00:29 INFO SecurityManager: Changing modify acls to: leoja
[2025-06-04T17:00:29.380+0200] {spark_submit.py:521} INFO - 25/06/04 17:00:29 INFO SecurityManager: Changing view acls groups to:
[2025-06-04T17:00:29.381+0200] {spark_submit.py:521} INFO - 25/06/04 17:00:29 INFO SecurityManager: Changing modify acls groups to:
[2025-06-04T17:00:29.381+0200] {spark_submit.py:521} INFO - 25/06/04 17:00:29 INFO SecurityManager: SecurityManager: authentication disabled; ui acls disabled; users with view permissions: leoja; groups with view permissions: EMPTY; users with modify permissions: leoja; groups with modify permissions: EMPTY
[2025-06-04T17:00:29.633+0200] {spark_submit.py:521} INFO - 25/06/04 17:00:29 INFO Utils: Successfully started service 'sparkDriver' on port 38083.
[2025-06-04T17:00:29.666+0200] {spark_submit.py:521} INFO - 25/06/04 17:00:29 INFO SparkEnv: Registering MapOutputTracker
[2025-06-04T17:00:29.706+0200] {spark_submit.py:521} INFO - 25/06/04 17:00:29 INFO SparkEnv: Registering BlockManagerMaster
[2025-06-04T17:00:29.725+0200] {spark_submit.py:521} INFO - 25/06/04 17:00:29 INFO BlockManagerMasterEndpoint: Using org.apache.spark.storage.DefaultTopologyMapper for getting topology information
[2025-06-04T17:00:29.726+0200] {spark_submit.py:521} INFO - 25/06/04 17:00:29 INFO BlockManagerMasterEndpoint: BlockManagerMasterEndpoint up
[2025-06-04T17:00:29.731+0200] {spark_submit.py:521} INFO - 25/06/04 17:00:29 INFO SparkEnv: Registering BlockManagerMasterHeartbeat
[2025-06-04T17:00:29.753+0200] {spark_submit.py:521} INFO - 25/06/04 17:00:29 INFO DiskBlockManager: Created local directory at /tmp/blockmgr-3af7fd04-24cb-4838-bc10-f3e59fca52b2
[2025-06-04T17:00:29.767+0200] {spark_submit.py:521} INFO - 25/06/04 17:00:29 INFO MemoryStore: MemoryStore started with capacity 434.4 MiB
[2025-06-04T17:00:29.801+0200] {spark_submit.py:521} INFO - 25/06/04 17:00:29 INFO SparkEnv: Registering OutputCommitCoordinator
[2025-06-04T17:00:29.917+0200] {spark_submit.py:521} INFO - 25/06/04 17:00:29 INFO JettyUtils: Start Jetty 0.0.0.0:4040 for SparkUI
[2025-06-04T17:00:29.965+0200] {spark_submit.py:521} INFO - 25/06/04 17:00:29 INFO Utils: Successfully started service 'SparkUI' on port 4040.
[2025-06-04T17:00:30.057+0200] {spark_submit.py:521} INFO - 25/06/04 17:00:30 INFO Executor: Starting executor ID driver on host 10.255.255.254
[2025-06-04T17:00:30.057+0200] {spark_submit.py:521} INFO - 25/06/04 17:00:30 INFO Executor: OS info Linux, 6.6.87.1-microsoft-standard-WSL2, amd64
[2025-06-04T17:00:30.058+0200] {spark_submit.py:521} INFO - 25/06/04 17:00:30 INFO Executor: Java version 11.0.27
[2025-06-04T17:00:30.066+0200] {spark_submit.py:521} INFO - 25/06/04 17:00:30 INFO Executor: Starting executor with user classpath (userClassPathFirst = false): ''
[2025-06-04T17:00:30.067+0200] {spark_submit.py:521} INFO - 25/06/04 17:00:30 INFO Executor: Created or updated repl class loader org.apache.spark.util.MutableURLClassLoader@24a0fd6d for default.
[2025-06-04T17:00:30.104+0200] {spark_submit.py:521} INFO - 25/06/04 17:00:30 INFO Utils: Successfully started service 'org.apache.spark.network.netty.NettyBlockTransferService' on port 34461.
[2025-06-04T17:00:30.105+0200] {spark_submit.py:521} INFO - 25/06/04 17:00:30 INFO NettyBlockTransferService: Server created on 10.255.255.254:34461
[2025-06-04T17:00:30.108+0200] {spark_submit.py:521} INFO - 25/06/04 17:00:30 INFO BlockManager: Using org.apache.spark.storage.RandomBlockReplicationPolicy for block replication policy
[2025-06-04T17:00:30.114+0200] {spark_submit.py:521} INFO - 25/06/04 17:00:30 INFO BlockManagerMaster: Registering BlockManager BlockManagerId(driver, 10.255.255.254, 34461, None)
[2025-06-04T17:00:30.117+0200] {spark_submit.py:521} INFO - 25/06/04 17:00:30 INFO BlockManagerMasterEndpoint: Registering block manager 10.255.255.254:34461 with 434.4 MiB RAM, BlockManagerId(driver, 10.255.255.254, 34461, None)
[2025-06-04T17:00:30.120+0200] {spark_submit.py:521} INFO - 25/06/04 17:00:30 INFO BlockManagerMaster: Registered BlockManager BlockManagerId(driver, 10.255.255.254, 34461, None)
[2025-06-04T17:00:30.121+0200] {spark_submit.py:521} INFO - 25/06/04 17:00:30 INFO BlockManager: Initialized BlockManager: BlockManagerId(driver, 10.255.255.254, 34461, None)
[2025-06-04T17:00:30.583+0200] {spark_submit.py:521} INFO - 25/06/04 17:00:30 INFO SharedState: Setting hive.metastore.warehouse.dir ('null') to the value of spark.sql.warehouse.dir.
[2025-06-04T17:00:30.591+0200] {spark_submit.py:521} INFO - 25/06/04 17:00:30 INFO SharedState: Warehouse path is 'file:/home/leoja/airflow/airflow_venv/spark-warehouse'.
[2025-06-04T17:00:31.562+0200] {spark_submit.py:521} INFO - 25/06/04 17:00:31 INFO InMemoryFileIndex: It took 49 ms to list leaf files for 1 paths.
[2025-06-04T17:00:32.138+0200] {spark_submit.py:521} INFO - 25/06/04 17:00:32 INFO SparkContext: Starting job: parquet at NativeMethodAccessorImpl.java:0
[2025-06-04T17:00:32.171+0200] {spark_submit.py:521} INFO - 25/06/04 17:00:32 INFO DAGScheduler: Got job 0 (parquet at NativeMethodAccessorImpl.java:0) with 1 output partitions
[2025-06-04T17:00:32.172+0200] {spark_submit.py:521} INFO - 25/06/04 17:00:32 INFO DAGScheduler: Final stage: ResultStage 0 (parquet at NativeMethodAccessorImpl.java:0)
[2025-06-04T17:00:32.172+0200] {spark_submit.py:521} INFO - 25/06/04 17:00:32 INFO DAGScheduler: Parents of final stage: List()
[2025-06-04T17:00:32.173+0200] {spark_submit.py:521} INFO - 25/06/04 17:00:32 INFO DAGScheduler: Missing parents: List()
[2025-06-04T17:00:32.178+0200] {spark_submit.py:521} INFO - 25/06/04 17:00:32 INFO DAGScheduler: Submitting ResultStage 0 (MapPartitionsRDD[1] at parquet at NativeMethodAccessorImpl.java:0), which has no missing parents
[2025-06-04T17:00:32.257+0200] {spark_submit.py:521} INFO - 25/06/04 17:00:32 INFO MemoryStore: Block broadcast_0 stored as values in memory (estimated size 103.5 KiB, free 434.3 MiB)
[2025-06-04T17:00:32.297+0200] {spark_submit.py:521} INFO - 25/06/04 17:00:32 INFO MemoryStore: Block broadcast_0_piece0 stored as bytes in memory (estimated size 37.3 KiB, free 434.3 MiB)
[2025-06-04T17:00:32.301+0200] {spark_submit.py:521} INFO - 25/06/04 17:00:32 INFO BlockManagerInfo: Added broadcast_0_piece0 in memory on 10.255.255.254:34461 (size: 37.3 KiB, free: 434.4 MiB)
[2025-06-04T17:00:32.305+0200] {spark_submit.py:521} INFO - 25/06/04 17:00:32 INFO SparkContext: Created broadcast 0 from broadcast at DAGScheduler.scala:1585
[2025-06-04T17:00:32.327+0200] {spark_submit.py:521} INFO - 25/06/04 17:00:32 INFO DAGScheduler: Submitting 1 missing tasks from ResultStage 0 (MapPartitionsRDD[1] at parquet at NativeMethodAccessorImpl.java:0) (first 15 tasks are for partitions Vector(0))
[2025-06-04T17:00:32.328+0200] {spark_submit.py:521} INFO - 25/06/04 17:00:32 INFO TaskSchedulerImpl: Adding task set 0.0 with 1 tasks resource profile 0
[2025-06-04T17:00:32.387+0200] {spark_submit.py:521} INFO - 25/06/04 17:00:32 INFO TaskSetManager: Starting task 0.0 in stage 0.0 (TID 0) (10.255.255.254, executor driver, partition 0, PROCESS_LOCAL, 9142 bytes)
[2025-06-04T17:00:32.402+0200] {spark_submit.py:521} INFO - 25/06/04 17:00:32 INFO Executor: Running task 0.0 in stage 0.0 (TID 0)
[2025-06-04T17:00:32.740+0200] {spark_submit.py:521} INFO - 25/06/04 17:00:32 INFO Executor: Finished task 0.0 in stage 0.0 (TID 0). 1931 bytes result sent to driver
[2025-06-04T17:00:32.749+0200] {spark_submit.py:521} INFO - 25/06/04 17:00:32 INFO TaskSetManager: Finished task 0.0 in stage 0.0 (TID 0) in 384 ms on 10.255.255.254 (executor driver) (1/1)
[2025-06-04T17:00:32.751+0200] {spark_submit.py:521} INFO - 25/06/04 17:00:32 INFO TaskSchedulerImpl: Removed TaskSet 0.0, whose tasks have all completed, from pool
[2025-06-04T17:00:32.755+0200] {spark_submit.py:521} INFO - 25/06/04 17:00:32 INFO DAGScheduler: ResultStage 0 (parquet at NativeMethodAccessorImpl.java:0) finished in 0.563 s
[2025-06-04T17:00:32.770+0200] {spark_submit.py:521} INFO - 25/06/04 17:00:32 INFO DAGScheduler: Job 0 is finished. Cancelling potential speculative or zombie tasks for this job
[2025-06-04T17:00:32.770+0200] {spark_submit.py:521} INFO - 25/06/04 17:00:32 INFO TaskSchedulerImpl: Killing all running tasks in stage 0: Stage finished
[2025-06-04T17:00:32.772+0200] {spark_submit.py:521} INFO - 25/06/04 17:00:32 INFO DAGScheduler: Job 0 finished: parquet at NativeMethodAccessorImpl.java:0, took 0.633611 s
[2025-06-04T17:00:33.473+0200] {spark_submit.py:521} INFO - 25/06/04 17:00:33 INFO InMemoryFileIndex: It took 8 ms to list leaf files for 1 paths.
[2025-06-04T17:00:33.513+0200] {spark_submit.py:521} INFO - 25/06/04 17:00:33 INFO SparkContext: Starting job: parquet at NativeMethodAccessorImpl.java:0
[2025-06-04T17:00:33.514+0200] {spark_submit.py:521} INFO - 25/06/04 17:00:33 INFO DAGScheduler: Got job 1 (parquet at NativeMethodAccessorImpl.java:0) with 1 output partitions
[2025-06-04T17:00:33.515+0200] {spark_submit.py:521} INFO - 25/06/04 17:00:33 INFO DAGScheduler: Final stage: ResultStage 1 (parquet at NativeMethodAccessorImpl.java:0)
[2025-06-04T17:00:33.515+0200] {spark_submit.py:521} INFO - 25/06/04 17:00:33 INFO DAGScheduler: Parents of final stage: List()
[2025-06-04T17:00:33.515+0200] {spark_submit.py:521} INFO - 25/06/04 17:00:33 INFO DAGScheduler: Missing parents: List()
[2025-06-04T17:00:33.517+0200] {spark_submit.py:521} INFO - 25/06/04 17:00:33 INFO DAGScheduler: Submitting ResultStage 1 (MapPartitionsRDD[3] at parquet at NativeMethodAccessorImpl.java:0), which has no missing parents
[2025-06-04T17:00:33.535+0200] {spark_submit.py:521} INFO - 25/06/04 17:00:33 INFO MemoryStore: Block broadcast_1 stored as values in memory (estimated size 103.5 KiB, free 434.2 MiB)
[2025-06-04T17:00:33.538+0200] {spark_submit.py:521} INFO - 25/06/04 17:00:33 INFO MemoryStore: Block broadcast_1_piece0 stored as bytes in memory (estimated size 37.3 KiB, free 434.1 MiB)
[2025-06-04T17:00:33.545+0200] {spark_submit.py:521} INFO - 25/06/04 17:00:33 INFO BlockManagerInfo: Added broadcast_1_piece0 in memory on 10.255.255.254:34461 (size: 37.3 KiB, free: 434.3 MiB)
[2025-06-04T17:00:33.547+0200] {spark_submit.py:521} INFO - 25/06/04 17:00:33 INFO SparkContext: Created broadcast 1 from broadcast at DAGScheduler.scala:1585
[2025-06-04T17:00:33.547+0200] {spark_submit.py:521} INFO - 25/06/04 17:00:33 INFO DAGScheduler: Submitting 1 missing tasks from ResultStage 1 (MapPartitionsRDD[3] at parquet at NativeMethodAccessorImpl.java:0) (first 15 tasks are for partitions Vector(0))
[2025-06-04T17:00:33.548+0200] {spark_submit.py:521} INFO - 25/06/04 17:00:33 INFO TaskSchedulerImpl: Adding task set 1.0 with 1 tasks resource profile 0
[2025-06-04T17:00:33.550+0200] {spark_submit.py:521} INFO - 25/06/04 17:00:33 INFO TaskSetManager: Starting task 0.0 in stage 1.0 (TID 1) (10.255.255.254, executor driver, partition 0, PROCESS_LOCAL, 9209 bytes)
[2025-06-04T17:00:33.552+0200] {spark_submit.py:521} INFO - 25/06/04 17:00:33 INFO Executor: Running task 0.0 in stage 1.0 (TID 1)
[2025-06-04T17:00:33.554+0200] {spark_submit.py:521} INFO - 25/06/04 17:00:33 INFO BlockManagerInfo: Removed broadcast_0_piece0 on 10.255.255.254:34461 in memory (size: 37.3 KiB, free: 434.4 MiB)
[2025-06-04T17:00:33.621+0200] {spark_submit.py:521} INFO - 25/06/04 17:00:33 INFO Executor: Finished task 0.0 in stage 1.0 (TID 1). 3927 bytes result sent to driver
[2025-06-04T17:00:33.626+0200] {spark_submit.py:521} INFO - 25/06/04 17:00:33 INFO TaskSetManager: Finished task 0.0 in stage 1.0 (TID 1) in 76 ms on 10.255.255.254 (executor driver) (1/1)
[2025-06-04T17:00:33.626+0200] {spark_submit.py:521} INFO - 25/06/04 17:00:33 INFO TaskSchedulerImpl: Removed TaskSet 1.0, whose tasks have all completed, from pool
[2025-06-04T17:00:33.628+0200] {spark_submit.py:521} INFO - 25/06/04 17:00:33 INFO DAGScheduler: ResultStage 1 (parquet at NativeMethodAccessorImpl.java:0) finished in 0.109 s
[2025-06-04T17:00:33.629+0200] {spark_submit.py:521} INFO - 25/06/04 17:00:33 INFO DAGScheduler: Job 1 is finished. Cancelling potential speculative or zombie tasks for this job
[2025-06-04T17:00:33.629+0200] {spark_submit.py:521} INFO - 25/06/04 17:00:33 INFO TaskSchedulerImpl: Killing all running tasks in stage 1: Stage finished
[2025-06-04T17:00:33.629+0200] {spark_submit.py:521} INFO - 25/06/04 17:00:33 INFO DAGScheduler: Job 1 finished: parquet at NativeMethodAccessorImpl.java:0, took 0.116135 s
[2025-06-04T17:00:33.986+0200] {spark_submit.py:521} INFO - 25/06/04 17:00:33 INFO BlockManagerInfo: Removed broadcast_1_piece0 on 10.255.255.254:34461 in memory (size: 37.3 KiB, free: 434.4 MiB)
[2025-06-04T17:00:34.132+0200] {spark_submit.py:521} INFO - 25/06/04 17:00:34 INFO FileSourceStrategy: Pushed Filters:
[2025-06-04T17:00:34.133+0200] {spark_submit.py:521} INFO - 25/06/04 17:00:34 INFO FileSourceStrategy: Post-Scan Filters:
[2025-06-04T17:00:34.589+0200] {spark_submit.py:521} INFO - 25/06/04 17:00:34 INFO CodeGenerator: Code generated in 237.633398 ms
[2025-06-04T17:00:34.618+0200] {spark_submit.py:521} INFO - 25/06/04 17:00:34 INFO MemoryStore: Block broadcast_2 stored as values in memory (estimated size 201.2 KiB, free 434.2 MiB)
[2025-06-04T17:00:34.627+0200] {spark_submit.py:521} INFO - 25/06/04 17:00:34 INFO MemoryStore: Block broadcast_2_piece0 stored as bytes in memory (estimated size 35.0 KiB, free 434.2 MiB)
[2025-06-04T17:00:34.629+0200] {spark_submit.py:521} INFO - 25/06/04 17:00:34 INFO BlockManagerInfo: Added broadcast_2_piece0 in memory on 10.255.255.254:34461 (size: 35.0 KiB, free: 434.4 MiB)
[2025-06-04T17:00:34.630+0200] {spark_submit.py:521} INFO - 25/06/04 17:00:34 INFO SparkContext: Created broadcast 2 from collect at /home/leoja/airflow/spark_jobs/compute_quadrants.py:47
[2025-06-04T17:00:34.646+0200] {spark_submit.py:521} INFO - 25/06/04 17:00:34 INFO FileSourceScanExec: Planning scan with bin packing, max size: 4194304 bytes, open cost is considered as scanning 4194304 bytes.
[2025-06-04T17:00:34.722+0200] {spark_submit.py:521} INFO - 25/06/04 17:00:34 INFO DAGScheduler: Registering RDD 7 (collect at /home/leoja/airflow/spark_jobs/compute_quadrants.py:47) as input to shuffle 0
[2025-06-04T17:00:34.727+0200] {spark_submit.py:521} INFO - 25/06/04 17:00:34 INFO DAGScheduler: Got map stage job 2 (collect at /home/leoja/airflow/spark_jobs/compute_quadrants.py:47) with 1 output partitions
[2025-06-04T17:00:34.728+0200] {spark_submit.py:521} INFO - 25/06/04 17:00:34 INFO DAGScheduler: Final stage: ShuffleMapStage 2 (collect at /home/leoja/airflow/spark_jobs/compute_quadrants.py:47)
[2025-06-04T17:00:34.729+0200] {spark_submit.py:521} INFO - 25/06/04 17:00:34 INFO DAGScheduler: Parents of final stage: List()
[2025-06-04T17:00:34.731+0200] {spark_submit.py:521} INFO - 25/06/04 17:00:34 INFO DAGScheduler: Missing parents: List()
[2025-06-04T17:00:34.734+0200] {spark_submit.py:521} INFO - 25/06/04 17:00:34 INFO DAGScheduler: Submitting ShuffleMapStage 2 (MapPartitionsRDD[7] at collect at /home/leoja/airflow/spark_jobs/compute_quadrants.py:47), which has no missing parents
[2025-06-04T17:00:34.785+0200] {spark_submit.py:521} INFO - 25/06/04 17:00:34 INFO MemoryStore: Block broadcast_3 stored as values in memory (estimated size 18.6 KiB, free 434.2 MiB)
[2025-06-04T17:00:34.790+0200] {spark_submit.py:521} INFO - 25/06/04 17:00:34 INFO MemoryStore: Block broadcast_3_piece0 stored as bytes in memory (estimated size 8.3 KiB, free 434.1 MiB)
[2025-06-04T17:00:34.791+0200] {spark_submit.py:521} INFO - 25/06/04 17:00:34 INFO BlockManagerInfo: Added broadcast_3_piece0 in memory on 10.255.255.254:34461 (size: 8.3 KiB, free: 434.4 MiB)
[2025-06-04T17:00:34.792+0200] {spark_submit.py:521} INFO - 25/06/04 17:00:34 INFO SparkContext: Created broadcast 3 from broadcast at DAGScheduler.scala:1585
[2025-06-04T17:00:34.795+0200] {spark_submit.py:521} INFO - 25/06/04 17:00:34 INFO DAGScheduler: Submitting 1 missing tasks from ShuffleMapStage 2 (MapPartitionsRDD[7] at collect at /home/leoja/airflow/spark_jobs/compute_quadrants.py:47) (first 15 tasks are for partitions Vector(0))
[2025-06-04T17:00:34.796+0200] {spark_submit.py:521} INFO - 25/06/04 17:00:34 INFO TaskSchedulerImpl: Adding task set 2.0 with 1 tasks resource profile 0
[2025-06-04T17:00:34.801+0200] {spark_submit.py:521} INFO - 25/06/04 17:00:34 INFO TaskSetManager: Starting task 0.0 in stage 2.0 (TID 2) (10.255.255.254, executor driver, partition 0, PROCESS_LOCAL, 9668 bytes)
[2025-06-04T17:00:34.802+0200] {spark_submit.py:521} INFO - 25/06/04 17:00:34 INFO Executor: Running task 0.0 in stage 2.0 (TID 2)
[2025-06-04T17:00:35.225+0200] {spark_submit.py:521} INFO - 25/06/04 17:00:35 INFO CodeGenerator: Code generated in 61.862262 ms
[2025-06-04T17:00:35.244+0200] {spark_submit.py:521} INFO - 25/06/04 17:00:35 INFO FileScanRDD: Reading File path: file:///home/leoja/airflow/data/quadrants.parquet/part-00000-dac249bf-6210-465b-9bd8-5c420c311103-c000.snappy.parquet, range: 0-44023, partition values: [empty row]
[2025-06-04T17:00:35.378+0200] {spark_submit.py:521} INFO - 25/06/04 17:00:35 INFO CodecPool: Got brand-new decompressor [.snappy]
[2025-06-04T17:00:35.562+0200] {spark_submit.py:521} INFO - 25/06/04 17:00:35 INFO Executor: Finished task 0.0 in stage 2.0 (TID 2). 2224 bytes result sent to driver
[2025-06-04T17:00:35.565+0200] {spark_submit.py:521} INFO - 25/06/04 17:00:35 INFO TaskSetManager: Finished task 0.0 in stage 2.0 (TID 2) in 767 ms on 10.255.255.254 (executor driver) (1/1)
[2025-06-04T17:00:35.565+0200] {spark_submit.py:521} INFO - 25/06/04 17:00:35 INFO TaskSchedulerImpl: Removed TaskSet 2.0, whose tasks have all completed, from pool
[2025-06-04T17:00:35.567+0200] {spark_submit.py:521} INFO - 25/06/04 17:00:35 INFO DAGScheduler: ShuffleMapStage 2 (collect at /home/leoja/airflow/spark_jobs/compute_quadrants.py:47) finished in 0.828 s
[2025-06-04T17:00:35.568+0200] {spark_submit.py:521} INFO - 25/06/04 17:00:35 INFO DAGScheduler: looking for newly runnable stages
[2025-06-04T17:00:35.568+0200] {spark_submit.py:521} INFO - 25/06/04 17:00:35 INFO DAGScheduler: running: Set()
[2025-06-04T17:00:35.569+0200] {spark_submit.py:521} INFO - 25/06/04 17:00:35 INFO DAGScheduler: waiting: Set()
[2025-06-04T17:00:35.569+0200] {spark_submit.py:521} INFO - 25/06/04 17:00:35 INFO DAGScheduler: failed: Set()
[2025-06-04T17:00:35.621+0200] {spark_submit.py:521} INFO - 25/06/04 17:00:35 INFO CodeGenerator: Code generated in 17.07997 ms
[2025-06-04T17:00:35.648+0200] {spark_submit.py:521} INFO - 25/06/04 17:00:35 INFO BlockManagerInfo: Removed broadcast_3_piece0 on 10.255.255.254:34461 in memory (size: 8.3 KiB, free: 434.4 MiB)
[2025-06-04T17:00:35.667+0200] {spark_submit.py:521} INFO - 25/06/04 17:00:35 INFO SparkContext: Starting job: collect at /home/leoja/airflow/spark_jobs/compute_quadrants.py:47
[2025-06-04T17:00:35.671+0200] {spark_submit.py:521} INFO - 25/06/04 17:00:35 INFO DAGScheduler: Got job 3 (collect at /home/leoja/airflow/spark_jobs/compute_quadrants.py:47) with 1 output partitions
[2025-06-04T17:00:35.671+0200] {spark_submit.py:521} INFO - 25/06/04 17:00:35 INFO DAGScheduler: Final stage: ResultStage 4 (collect at /home/leoja/airflow/spark_jobs/compute_quadrants.py:47)
[2025-06-04T17:00:35.671+0200] {spark_submit.py:521} INFO - 25/06/04 17:00:35 INFO DAGScheduler: Parents of final stage: List(ShuffleMapStage 3)
[2025-06-04T17:00:35.672+0200] {spark_submit.py:521} INFO - 25/06/04 17:00:35 INFO DAGScheduler: Missing parents: List()
[2025-06-04T17:00:35.673+0200] {spark_submit.py:521} INFO - 25/06/04 17:00:35 INFO DAGScheduler: Submitting ResultStage 4 (MapPartitionsRDD[10] at collect at /home/leoja/airflow/spark_jobs/compute_quadrants.py:47), which has no missing parents
[2025-06-04T17:00:35.685+0200] {spark_submit.py:521} INFO - 25/06/04 17:00:35 INFO MemoryStore: Block broadcast_4 stored as values in memory (estimated size 13.1 KiB, free 434.2 MiB)
[2025-06-04T17:00:35.687+0200] {spark_submit.py:521} INFO - 25/06/04 17:00:35 INFO MemoryStore: Block broadcast_4_piece0 stored as bytes in memory (estimated size 6.1 KiB, free 434.2 MiB)
[2025-06-04T17:00:35.690+0200] {spark_submit.py:521} INFO - 25/06/04 17:00:35 INFO BlockManagerInfo: Added broadcast_4_piece0 in memory on 10.255.255.254:34461 (size: 6.1 KiB, free: 434.4 MiB)
[2025-06-04T17:00:35.691+0200] {spark_submit.py:521} INFO - 25/06/04 17:00:35 INFO SparkContext: Created broadcast 4 from broadcast at DAGScheduler.scala:1585
[2025-06-04T17:00:35.692+0200] {spark_submit.py:521} INFO - 25/06/04 17:00:35 INFO DAGScheduler: Submitting 1 missing tasks from ResultStage 4 (MapPartitionsRDD[10] at collect at /home/leoja/airflow/spark_jobs/compute_quadrants.py:47) (first 15 tasks are for partitions Vector(0))
[2025-06-04T17:00:35.692+0200] {spark_submit.py:521} INFO - 25/06/04 17:00:35 INFO TaskSchedulerImpl: Adding task set 4.0 with 1 tasks resource profile 0
[2025-06-04T17:00:35.699+0200] {spark_submit.py:521} INFO - 25/06/04 17:00:35 INFO TaskSetManager: Starting task 0.0 in stage 4.0 (TID 3) (10.255.255.254, executor driver, partition 0, NODE_LOCAL, 8999 bytes)
[2025-06-04T17:00:35.702+0200] {spark_submit.py:521} INFO - 25/06/04 17:00:35 INFO Executor: Running task 0.0 in stage 4.0 (TID 3)
[2025-06-04T17:00:35.742+0200] {spark_submit.py:521} INFO - 25/06/04 17:00:35 INFO ShuffleBlockFetcherIterator: Getting 1 (60.0 B) non-empty blocks including 1 (60.0 B) local and 0 (0.0 B) host-local and 0 (0.0 B) push-merged-local and 0 (0.0 B) remote blocks
[2025-06-04T17:00:35.743+0200] {spark_submit.py:521} INFO - 25/06/04 17:00:35 INFO ShuffleBlockFetcherIterator: Started 0 remote fetches in 11 ms
[2025-06-04T17:00:35.766+0200] {spark_submit.py:521} INFO - 25/06/04 17:00:35 INFO CodeGenerator: Code generated in 18.386045 ms
[2025-06-04T17:00:35.783+0200] {spark_submit.py:521} INFO - 25/06/04 17:00:35 INFO Executor: Finished task 0.0 in stage 4.0 (TID 3). 4038 bytes result sent to driver
[2025-06-04T17:00:35.786+0200] {spark_submit.py:521} INFO - 25/06/04 17:00:35 INFO TaskSetManager: Finished task 0.0 in stage 4.0 (TID 3) in 89 ms on 10.255.255.254 (executor driver) (1/1)
[2025-06-04T17:00:35.786+0200] {spark_submit.py:521} INFO - 25/06/04 17:00:35 INFO TaskSchedulerImpl: Removed TaskSet 4.0, whose tasks have all completed, from pool
[2025-06-04T17:00:35.788+0200] {spark_submit.py:521} INFO - 25/06/04 17:00:35 INFO DAGScheduler: ResultStage 4 (collect at /home/leoja/airflow/spark_jobs/compute_quadrants.py:47) finished in 0.106 s
[2025-06-04T17:00:35.788+0200] {spark_submit.py:521} INFO - 25/06/04 17:00:35 INFO DAGScheduler: Job 3 is finished. Cancelling potential speculative or zombie tasks for this job
[2025-06-04T17:00:35.788+0200] {spark_submit.py:521} INFO - 25/06/04 17:00:35 INFO TaskSchedulerImpl: Killing all running tasks in stage 4: Stage finished
[2025-06-04T17:00:35.789+0200] {spark_submit.py:521} INFO - 25/06/04 17:00:35 INFO DAGScheduler: Job 3 finished: collect at /home/leoja/airflow/spark_jobs/compute_quadrants.py:47, took 0.121144 s
[2025-06-04T17:00:35.989+0200] {spark_submit.py:521} INFO - 25/06/04 17:00:35 INFO FileSourceStrategy: Pushed Filters:
[2025-06-04T17:00:35.991+0200] {spark_submit.py:521} INFO - 25/06/04 17:00:35 INFO FileSourceStrategy: Post-Scan Filters: (gettimestamp(date#0, yyyy-MM-dd, TimestampType, Some(Europe/Paris), false) >= 2025-07-01 00:00:00)
[2025-06-04T17:00:36.063+0200] {spark_submit.py:521} INFO - 25/06/04 17:00:36 INFO CodeGenerator: Code generated in 35.493348 ms
[2025-06-04T17:00:36.070+0200] {spark_submit.py:521} INFO - 25/06/04 17:00:36 INFO MemoryStore: Block broadcast_5 stored as values in memory (estimated size 202.1 KiB, free 434.0 MiB)
[2025-06-04T17:00:36.078+0200] {spark_submit.py:521} INFO - 25/06/04 17:00:36 INFO MemoryStore: Block broadcast_5_piece0 stored as bytes in memory (estimated size 35.3 KiB, free 433.9 MiB)
[2025-06-04T17:00:36.079+0200] {spark_submit.py:521} INFO - 25/06/04 17:00:36 INFO BlockManagerInfo: Added broadcast_5_piece0 in memory on 10.255.255.254:34461 (size: 35.3 KiB, free: 434.3 MiB)
[2025-06-04T17:00:36.080+0200] {spark_submit.py:521} INFO - 25/06/04 17:00:36 INFO SparkContext: Created broadcast 5 from javaToPython at NativeMethodAccessorImpl.java:0
[2025-06-04T17:00:36.083+0200] {spark_submit.py:521} INFO - 25/06/04 17:00:36 INFO FileSourceScanExec: Planning scan with bin packing, max size: 4194304 bytes, open cost is considered as scanning 4194304 bytes.
[2025-06-04T17:00:36.111+0200] {spark_submit.py:521} INFO - 25/06/04 17:00:36 INFO CodeGenerator: Code generated in 12.536304 ms
[2025-06-04T17:00:36.145+0200] {spark_submit.py:521} INFO - 25/06/04 17:00:36 INFO SparkContext: Starting job: javaToPython at NativeMethodAccessorImpl.java:0
[2025-06-04T17:00:36.146+0200] {spark_submit.py:521} INFO - 25/06/04 17:00:36 INFO DAGScheduler: Got job 4 (javaToPython at NativeMethodAccessorImpl.java:0) with 1 output partitions
[2025-06-04T17:00:36.147+0200] {spark_submit.py:521} INFO - 25/06/04 17:00:36 INFO DAGScheduler: Final stage: ResultStage 5 (javaToPython at NativeMethodAccessorImpl.java:0)
[2025-06-04T17:00:36.147+0200] {spark_submit.py:521} INFO - 25/06/04 17:00:36 INFO DAGScheduler: Parents of final stage: List()
[2025-06-04T17:00:36.147+0200] {spark_submit.py:521} INFO - 25/06/04 17:00:36 INFO DAGScheduler: Missing parents: List()
[2025-06-04T17:00:36.148+0200] {spark_submit.py:521} INFO - 25/06/04 17:00:36 INFO DAGScheduler: Submitting ResultStage 5 (MapPartitionsRDD[16] at javaToPython at NativeMethodAccessorImpl.java:0), which has no missing parents
[2025-06-04T17:00:36.152+0200] {spark_submit.py:521} INFO - 25/06/04 17:00:36 INFO MemoryStore: Block broadcast_6 stored as values in memory (estimated size 23.7 KiB, free 433.9 MiB)
[2025-06-04T17:00:36.158+0200] {spark_submit.py:521} INFO - 25/06/04 17:00:36 INFO MemoryStore: Block broadcast_6_piece0 stored as bytes in memory (estimated size 9.5 KiB, free 433.9 MiB)
[2025-06-04T17:00:36.159+0200] {spark_submit.py:521} INFO - 25/06/04 17:00:36 INFO BlockManagerInfo: Added broadcast_6_piece0 in memory on 10.255.255.254:34461 (size: 9.5 KiB, free: 434.3 MiB)
[2025-06-04T17:00:36.160+0200] {spark_submit.py:521} INFO - 25/06/04 17:00:36 INFO SparkContext: Created broadcast 6 from broadcast at DAGScheduler.scala:1585
[2025-06-04T17:00:36.161+0200] {spark_submit.py:521} INFO - 25/06/04 17:00:36 INFO DAGScheduler: Submitting 1 missing tasks from ResultStage 5 (MapPartitionsRDD[16] at javaToPython at NativeMethodAccessorImpl.java:0) (first 15 tasks are for partitions Vector(0))
[2025-06-04T17:00:36.161+0200] {spark_submit.py:521} INFO - 25/06/04 17:00:36 INFO TaskSchedulerImpl: Adding task set 5.0 with 1 tasks resource profile 0
[2025-06-04T17:00:36.163+0200] {spark_submit.py:521} INFO - 25/06/04 17:00:36 INFO TaskSetManager: Starting task 0.0 in stage 5.0 (TID 4) (10.255.255.254, executor driver, partition 0, PROCESS_LOCAL, 9612 bytes)
[2025-06-04T17:00:36.164+0200] {spark_submit.py:521} INFO - 25/06/04 17:00:36 INFO Executor: Running task 0.0 in stage 5.0 (TID 4)
[2025-06-04T17:00:36.202+0200] {spark_submit.py:521} INFO - 25/06/04 17:00:36 INFO CodeGenerator: Code generated in 23.406633 ms
[2025-06-04T17:00:36.221+0200] {spark_submit.py:521} INFO - 25/06/04 17:00:36 INFO CodeGenerator: Code generated in 10.363285 ms
[2025-06-04T17:00:36.223+0200] {spark_submit.py:521} INFO - 25/06/04 17:00:36 INFO FileScanRDD: Reading File path: file:///home/leoja/airflow/data/Indicators.parquet, range: 0-13095, partition values: [empty row]
[2025-06-04T17:00:36.260+0200] {spark_submit.py:521} INFO - 25/06/04 17:00:36 INFO Executor: Finished task 0.0 in stage 5.0 (TID 4). 1847 bytes result sent to driver
[2025-06-04T17:00:36.262+0200] {spark_submit.py:521} INFO - 25/06/04 17:00:36 INFO TaskSetManager: Finished task 0.0 in stage 5.0 (TID 4) in 99 ms on 10.255.255.254 (executor driver) (1/1)
[2025-06-04T17:00:36.262+0200] {spark_submit.py:521} INFO - 25/06/04 17:00:36 INFO TaskSchedulerImpl: Removed TaskSet 5.0, whose tasks have all completed, from pool
[2025-06-04T17:00:36.263+0200] {spark_submit.py:521} INFO - 25/06/04 17:00:36 INFO DAGScheduler: ResultStage 5 (javaToPython at NativeMethodAccessorImpl.java:0) finished in 0.113 s
[2025-06-04T17:00:36.263+0200] {spark_submit.py:521} INFO - 25/06/04 17:00:36 INFO DAGScheduler: Job 4 is finished. Cancelling potential speculative or zombie tasks for this job
[2025-06-04T17:00:36.263+0200] {spark_submit.py:521} INFO - 25/06/04 17:00:36 INFO TaskSchedulerImpl: Killing all running tasks in stage 5: Stage finished
[2025-06-04T17:00:36.264+0200] {spark_submit.py:521} INFO - 25/06/04 17:00:36 INFO DAGScheduler: Job 4 finished: javaToPython at NativeMethodAccessorImpl.java:0, took 0.118749 s
[2025-06-04T17:00:36.269+0200] {spark_submit.py:521} INFO - 25/06/04 17:00:36 INFO DAGScheduler: Registering RDD 17 (javaToPython at NativeMethodAccessorImpl.java:0) as input to shuffle 1
[2025-06-04T17:00:36.270+0200] {spark_submit.py:521} INFO - 25/06/04 17:00:36 INFO DAGScheduler: Got map stage job 5 (javaToPython at NativeMethodAccessorImpl.java:0) with 1 output partitions
[2025-06-04T17:00:36.270+0200] {spark_submit.py:521} INFO - 25/06/04 17:00:36 INFO DAGScheduler: Final stage: ShuffleMapStage 6 (javaToPython at NativeMethodAccessorImpl.java:0)
[2025-06-04T17:00:36.270+0200] {spark_submit.py:521} INFO - 25/06/04 17:00:36 INFO DAGScheduler: Parents of final stage: List()
[2025-06-04T17:00:36.271+0200] {spark_submit.py:521} INFO - 25/06/04 17:00:36 INFO DAGScheduler: Missing parents: List()
[2025-06-04T17:00:36.272+0200] {spark_submit.py:521} INFO - 25/06/04 17:00:36 INFO DAGScheduler: Submitting ShuffleMapStage 6 (MapPartitionsRDD[17] at javaToPython at NativeMethodAccessorImpl.java:0), which has no missing parents
[2025-06-04T17:00:36.280+0200] {spark_submit.py:521} INFO - 25/06/04 17:00:36 INFO MemoryStore: Block broadcast_7 stored as values in memory (estimated size 25.5 KiB, free 433.9 MiB)
[2025-06-04T17:00:36.296+0200] {spark_submit.py:521} INFO - 25/06/04 17:00:36 INFO MemoryStore: Block broadcast_7_piece0 stored as bytes in memory (estimated size 10.4 KiB, free 433.9 MiB)
[2025-06-04T17:00:36.298+0200] {spark_submit.py:521} INFO - 25/06/04 17:00:36 INFO BlockManagerInfo: Added broadcast_7_piece0 in memory on 10.255.255.254:34461 (size: 10.4 KiB, free: 434.3 MiB)
[2025-06-04T17:00:36.299+0200] {spark_submit.py:521} INFO - 25/06/04 17:00:36 INFO BlockManagerInfo: Removed broadcast_6_piece0 on 10.255.255.254:34461 in memory (size: 9.5 KiB, free: 434.3 MiB)
[2025-06-04T17:00:36.299+0200] {spark_submit.py:521} INFO - 25/06/04 17:00:36 INFO SparkContext: Created broadcast 7 from broadcast at DAGScheduler.scala:1585
[2025-06-04T17:00:36.300+0200] {spark_submit.py:521} INFO - 25/06/04 17:00:36 INFO DAGScheduler: Submitting 1 missing tasks from ShuffleMapStage 6 (MapPartitionsRDD[17] at javaToPython at NativeMethodAccessorImpl.java:0) (first 15 tasks are for partitions Vector(0))
[2025-06-04T17:00:36.300+0200] {spark_submit.py:521} INFO - 25/06/04 17:00:36 INFO TaskSchedulerImpl: Adding task set 6.0 with 1 tasks resource profile 0
[2025-06-04T17:00:36.303+0200] {spark_submit.py:521} INFO - 25/06/04 17:00:36 INFO TaskSetManager: Starting task 0.0 in stage 6.0 (TID 5) (10.255.255.254, executor driver, partition 0, PROCESS_LOCAL, 9601 bytes)
[2025-06-04T17:00:36.304+0200] {spark_submit.py:521} INFO - 25/06/04 17:00:36 INFO Executor: Running task 0.0 in stage 6.0 (TID 5)
[2025-06-04T17:00:36.308+0200] {spark_submit.py:521} INFO - 25/06/04 17:00:36 INFO BlockManagerInfo: Removed broadcast_4_piece0 on 10.255.255.254:34461 in memory (size: 6.1 KiB, free: 434.3 MiB)
[2025-06-04T17:00:36.340+0200] {spark_submit.py:521} INFO - 25/06/04 17:00:36 INFO CodeGenerator: Code generated in 9.909955 ms
[2025-06-04T17:00:36.350+0200] {spark_submit.py:521} INFO - 25/06/04 17:00:36 INFO FileScanRDD: Reading File path: file:///home/leoja/airflow/data/Indicators.parquet, range: 0-13095, partition values: [empty row]
[2025-06-04T17:00:36.374+0200] {spark_submit.py:521} INFO - 25/06/04 17:00:36 INFO Executor: Finished task 0.0 in stage 6.0 (TID 5). 1924 bytes result sent to driver
[2025-06-04T17:00:36.375+0200] {spark_submit.py:521} INFO - 25/06/04 17:00:36 INFO TaskSetManager: Finished task 0.0 in stage 6.0 (TID 5) in 73 ms on 10.255.255.254 (executor driver) (1/1)
[2025-06-04T17:00:36.376+0200] {spark_submit.py:521} INFO - 25/06/04 17:00:36 INFO TaskSchedulerImpl: Removed TaskSet 6.0, whose tasks have all completed, from pool
[2025-06-04T17:00:36.376+0200] {spark_submit.py:521} INFO - 25/06/04 17:00:36 INFO DAGScheduler: ShuffleMapStage 6 (javaToPython at NativeMethodAccessorImpl.java:0) finished in 0.103 s
[2025-06-04T17:00:36.377+0200] {spark_submit.py:521} INFO - 25/06/04 17:00:36 INFO DAGScheduler: looking for newly runnable stages
[2025-06-04T17:00:36.377+0200] {spark_submit.py:521} INFO - 25/06/04 17:00:36 INFO DAGScheduler: running: Set()
[2025-06-04T17:00:36.377+0200] {spark_submit.py:521} INFO - 25/06/04 17:00:36 INFO DAGScheduler: waiting: Set()
[2025-06-04T17:00:36.377+0200] {spark_submit.py:521} INFO - 25/06/04 17:00:36 INFO DAGScheduler: failed: Set()
[2025-06-04T17:00:36.411+0200] {spark_submit.py:521} INFO - Aucun nouvel indicateur à traiter après 2025-06-30. Sortie sans rien faire.
[2025-06-04T17:00:36.411+0200] {spark_submit.py:521} INFO - 25/06/04 17:00:36 INFO SparkContext: SparkContext is stopping with exitCode 0.
[2025-06-04T17:00:36.424+0200] {spark_submit.py:521} INFO - 25/06/04 17:00:36 INFO SparkUI: Stopped Spark web UI at http://10.255.255.254:4040
[2025-06-04T17:00:36.439+0200] {spark_submit.py:521} INFO - 25/06/04 17:00:36 INFO MapOutputTrackerMasterEndpoint: MapOutputTrackerMasterEndpoint stopped!
[2025-06-04T17:00:36.454+0200] {spark_submit.py:521} INFO - 25/06/04 17:00:36 INFO MemoryStore: MemoryStore cleared
[2025-06-04T17:00:36.455+0200] {spark_submit.py:521} INFO - 25/06/04 17:00:36 INFO BlockManager: BlockManager stopped
[2025-06-04T17:00:36.458+0200] {spark_submit.py:521} INFO - 25/06/04 17:00:36 INFO BlockManagerMaster: BlockManagerMaster stopped
[2025-06-04T17:00:36.461+0200] {spark_submit.py:521} INFO - 25/06/04 17:00:36 INFO OutputCommitCoordinator$OutputCommitCoordinatorEndpoint: OutputCommitCoordinator stopped!
[2025-06-04T17:00:36.472+0200] {spark_submit.py:521} INFO - 25/06/04 17:00:36 INFO SparkContext: Successfully stopped SparkContext
[2025-06-04T17:00:36.919+0200] {spark_submit.py:521} INFO - 25/06/04 17:00:36 INFO ShutdownHookManager: Shutdown hook called
[2025-06-04T17:00:36.919+0200] {spark_submit.py:521} INFO - 25/06/04 17:00:36 INFO ShutdownHookManager: Deleting directory /tmp/spark-7548c0d6-571d-4121-84b3-0e83d5eb23ca
[2025-06-04T17:00:36.923+0200] {spark_submit.py:521} INFO - 25/06/04 17:00:36 INFO ShutdownHookManager: Deleting directory /tmp/spark-d86fd099-1a43-4655-9cc2-8eeec4f8d3de
[2025-06-04T17:00:36.927+0200] {spark_submit.py:521} INFO - 25/06/04 17:00:36 INFO ShutdownHookManager: Deleting directory /tmp/spark-d86fd099-1a43-4655-9cc2-8eeec4f8d3de/pyspark-93393d7b-1f73-4b9f-b8d6-55ba7bd33fff
[2025-06-04T17:00:36.970+0200] {taskinstance.py:441} INFO - ::group::Post task execution logs
[2025-06-04T17:00:36.973+0200] {taskinstance.py:1205} INFO - Marking task as SUCCESS. dag_id=macro_trading_dag, task_id=compute_economic_quadrants, execution_date=20250604T150007, start_date=20250604T150026, end_date=20250604T150036
[2025-06-04T17:00:37.026+0200] {local_task_job_runner.py:240} INFO - Task exited with return code 0
[2025-06-04T17:00:37.033+0200] {taskinstance.py:3482} INFO - 0 downstream tasks scheduled from follow-on schedule check
[2025-06-04T17:00:37.034+0200] {local_task_job_runner.py:222} INFO - ::endgroup::
