[2025-06-03T19:31:06.205+0200] {local_task_job_runner.py:120} INFO - ::group::Pre task execution logs
[2025-06-03T19:31:06.216+0200] {taskinstance.py:2073} INFO - Dependencies all met for dep_context=non-requeueable deps ti=<TaskInstance: macro_trading_dag.compute_economic_quadrants manual__2025-06-03T17:26:30.660141+00:00 [queued]>
[2025-06-03T19:31:06.220+0200] {taskinstance.py:2073} INFO - Dependencies all met for dep_context=requeueable deps ti=<TaskInstance: macro_trading_dag.compute_economic_quadrants manual__2025-06-03T17:26:30.660141+00:00 [queued]>
[2025-06-03T19:31:06.220+0200] {taskinstance.py:2303} INFO - Starting attempt 3 of 4
[2025-06-03T19:31:06.237+0200] {taskinstance.py:2327} INFO - Executing <Task(SparkSubmitOperator): compute_economic_quadrants> on 2025-06-03 17:26:30.660141+00:00
[2025-06-03T19:31:06.246+0200] {standard_task_runner.py:90} INFO - Running: ['airflow', 'tasks', 'run', 'macro_trading_dag', 'compute_economic_quadrants', 'manual__2025-06-03T17:26:30.660141+00:00', '--job-id', '189', '--raw', '--subdir', 'DAGS_FOLDER/macro_trading_dag.py', '--cfg-path', '/tmp/tmpz_lvdbs_']
[2025-06-03T19:31:06.247+0200] {standard_task_runner.py:91} INFO - Job 189: Subtask compute_economic_quadrants
[2025-06-03T19:31:06.253+0200] {logging_mixin.py:188} WARNING - /home/leoja/airflow/airflow_venv/lib/python3.12/site-packages/airflow/task/task_runner/standard_task_runner.py:61 DeprecationWarning: This process (pid=231718) is multi-threaded, use of fork() may lead to deadlocks in the child.
[2025-06-03T19:31:06.253+0200] {standard_task_runner.py:63} INFO - Started process 231728 to run task
[2025-06-03T19:31:06.289+0200] {task_command.py:426} INFO - Running <TaskInstance: macro_trading_dag.compute_economic_quadrants manual__2025-06-03T17:26:30.660141+00:00 [running]> on host N15I711-16GR512.localdomain
[2025-06-03T19:31:06.340+0200] {taskinstance.py:2644} INFO - Exporting env vars: AIRFLOW_CTX_DAG_OWNER='airflow' AIRFLOW_CTX_DAG_ID='macro_trading_dag' AIRFLOW_CTX_TASK_ID='compute_economic_quadrants' AIRFLOW_CTX_EXECUTION_DATE='2025-06-03T17:26:30.660141+00:00' AIRFLOW_CTX_TRY_NUMBER='3' AIRFLOW_CTX_DAG_RUN_ID='manual__2025-06-03T17:26:30.660141+00:00'
[2025-06-03T19:31:06.341+0200] {taskinstance.py:430} INFO - ::endgroup::
[2025-06-03T19:31:06.344+0200] {base.py:84} INFO - Using connection ID 'spark_local' for task execution.
[2025-06-03T19:31:06.345+0200] {spark_submit.py:351} INFO - Spark-Submit cmd: spark-submit --master local[*] --name compute_economic_quadrants /home/airflow/spark_jobs/compute_quadrants.py /home/leoja/airflow/data/Indicators.parquet /home/leoja/airflow/data/quadrants.parquet
[2025-06-03T19:31:08.885+0200] {spark_submit.py:521} INFO - 25/06/03 19:31:08 WARN Utils: Your hostname, N15I711-16GR512 resolves to a loopback address: 127.0.1.1; using 10.255.255.254 instead (on interface lo)
[2025-06-03T19:31:08.888+0200] {spark_submit.py:521} INFO - 25/06/03 19:31:08 WARN Utils: Set SPARK_LOCAL_IP if you need to bind to another address
[2025-06-03T19:31:09.285+0200] {spark_submit.py:521} INFO - python3: can't open file '/home/airflow/spark_jobs/compute_quadrants.py': [Errno 2] No such file or directory
[2025-06-03T19:31:09.298+0200] {spark_submit.py:521} INFO - 25/06/03 19:31:09 INFO ShutdownHookManager: Shutdown hook called
[2025-06-03T19:31:09.299+0200] {spark_submit.py:521} INFO - 25/06/03 19:31:09 INFO ShutdownHookManager: Deleting directory /tmp/spark-a0d5fc6a-0823-4321-94ea-219b3d603994
[2025-06-03T19:31:09.330+0200] {taskinstance.py:441} INFO - ::group::Post task execution logs
[2025-06-03T19:31:09.334+0200] {taskinstance.py:2890} ERROR - Task failed with exception
Traceback (most recent call last):
  File "/home/leoja/airflow/airflow_venv/lib/python3.12/site-packages/airflow/models/taskinstance.py", line 465, in _execute_task
    result = _execute_callable(context=context, **execute_callable_kwargs)
             ^^^^^^^^^^^^^^^^^^^^^^^^^^^^^^^^^^^^^^^^^^^^^^^^^^^^^^^^^^^^^
  File "/home/leoja/airflow/airflow_venv/lib/python3.12/site-packages/airflow/models/taskinstance.py", line 432, in _execute_callable
    return execute_callable(context=context, **execute_callable_kwargs)
           ^^^^^^^^^^^^^^^^^^^^^^^^^^^^^^^^^^^^^^^^^^^^^^^^^^^^^^^^^^^^
  File "/home/leoja/airflow/airflow_venv/lib/python3.12/site-packages/airflow/models/baseoperator.py", line 400, in wrapper
    return func(self, *args, **kwargs)
           ^^^^^^^^^^^^^^^^^^^^^^^^^^^
  File "/home/leoja/airflow/airflow_venv/lib/python3.12/site-packages/airflow/providers/apache/spark/operators/spark_submit.py", line 156, in execute
    self._hook.submit(self._application)
  File "/home/leoja/airflow/airflow_venv/lib/python3.12/site-packages/airflow/providers/apache/spark/hooks/spark_submit.py", line 452, in submit
    raise AirflowException(
airflow.exceptions.AirflowException: Cannot execute: spark-submit --master local[*] --name compute_economic_quadrants /home/airflow/spark_jobs/compute_quadrants.py /home/leoja/airflow/data/Indicators.parquet /home/leoja/airflow/data/quadrants.parquet. Error code is: 2.
[2025-06-03T19:31:09.338+0200] {taskinstance.py:1205} INFO - Marking task as UP_FOR_RETRY. dag_id=macro_trading_dag, task_id=compute_economic_quadrants, execution_date=20250603T172630, start_date=20250603T173106, end_date=20250603T173109
[2025-06-03T19:31:09.353+0200] {standard_task_runner.py:110} ERROR - Failed to execute job 189 for task compute_economic_quadrants (Cannot execute: spark-submit --master local[*] --name compute_economic_quadrants /home/airflow/spark_jobs/compute_quadrants.py /home/leoja/airflow/data/Indicators.parquet /home/leoja/airflow/data/quadrants.parquet. Error code is: 2.; 231728)
[2025-06-03T19:31:09.384+0200] {local_task_job_runner.py:240} INFO - Task exited with return code 1
[2025-06-03T19:31:09.398+0200] {taskinstance.py:3482} INFO - 0 downstream tasks scheduled from follow-on schedule check
[2025-06-03T19:31:09.399+0200] {local_task_job_runner.py:222} INFO - ::endgroup::
