[2025-05-20T23:58:23.335+0200] {local_task_job_runner.py:120} INFO - ::group::Pre task execution logs
[2025-05-20T23:58:23.351+0200] {taskinstance.py:2073} INFO - Dependencies all met for dep_context=non-requeueable deps ti=<TaskInstance: macro_trading_dag.fetch_fred_data manual__2025-05-20T21:43:10.040946+00:00 [queued]>
[2025-05-20T23:58:23.354+0200] {taskinstance.py:2073} INFO - Dependencies all met for dep_context=requeueable deps ti=<TaskInstance: macro_trading_dag.fetch_fred_data manual__2025-05-20T21:43:10.040946+00:00 [queued]>
[2025-05-20T23:58:23.354+0200] {taskinstance.py:2303} INFO - Starting attempt 4 of 4
[2025-05-20T23:58:23.369+0200] {taskinstance.py:2327} INFO - Executing <Task(PythonOperator): fetch_fred_data> on 2025-05-20 21:43:10.040946+00:00
[2025-05-20T23:58:23.372+0200] {standard_task_runner.py:63} INFO - Started process 275403 to run task
[2025-05-20T23:58:23.375+0200] {standard_task_runner.py:90} INFO - Running: ['airflow', 'tasks', 'run', 'macro_trading_dag', 'fetch_fred_data', 'manual__2025-05-20T21:43:10.040946+00:00', '--job-id', '24', '--raw', '--subdir', 'DAGS_FOLDER/my_first_dag.py', '--cfg-path', '/tmp/tmplvkic6ly']
[2025-05-20T23:58:23.375+0200] {standard_task_runner.py:91} INFO - Job 24: Subtask fetch_fred_data
[2025-05-20T23:58:23.416+0200] {task_command.py:426} INFO - Running <TaskInstance: macro_trading_dag.fetch_fred_data manual__2025-05-20T21:43:10.040946+00:00 [running]> on host N15I711-16GR512.
[2025-05-20T23:58:23.459+0200] {taskinstance.py:2644} INFO - Exporting env vars: AIRFLOW_CTX_DAG_OWNER='leoja' AIRFLOW_CTX_DAG_ID='macro_trading_dag' AIRFLOW_CTX_TASK_ID='fetch_fred_data' AIRFLOW_CTX_EXECUTION_DATE='2025-05-20T21:43:10.040946+00:00' AIRFLOW_CTX_TRY_NUMBER='4' AIRFLOW_CTX_DAG_RUN_ID='manual__2025-05-20T21:43:10.040946+00:00'
[2025-05-20T23:58:23.460+0200] {taskinstance.py:430} INFO - ::endgroup::
[2025-05-20T23:58:23.461+0200] {taskinstance.py:441} INFO - ::group::Post task execution logs
[2025-05-20T23:58:23.461+0200] {taskinstance.py:2890} ERROR - Task failed with exception
Traceback (most recent call last):
  File "/home/leoja/airflow_venv/lib/python3.11/site-packages/airflow/models/taskinstance.py", line 465, in _execute_task
    result = _execute_callable(context=context, **execute_callable_kwargs)
             ^^^^^^^^^^^^^^^^^^^^^^^^^^^^^^^^^^^^^^^^^^^^^^^^^^^^^^^^^^^^^
  File "/home/leoja/airflow_venv/lib/python3.11/site-packages/airflow/models/taskinstance.py", line 432, in _execute_callable
    return execute_callable(context=context, **execute_callable_kwargs)
           ^^^^^^^^^^^^^^^^^^^^^^^^^^^^^^^^^^^^^^^^^^^^^^^^^^^^^^^^^^^^
  File "/home/leoja/airflow_venv/lib/python3.11/site-packages/airflow/models/baseoperator.py", line 400, in wrapper
    return func(self, *args, **kwargs)
           ^^^^^^^^^^^^^^^^^^^^^^^^^^^
  File "/home/leoja/airflow_venv/lib/python3.11/site-packages/airflow/operators/python.py", line 235, in execute
    return_value = self.execute_callable()
                   ^^^^^^^^^^^^^^^^^^^^^^^
  File "/home/leoja/airflow_venv/lib/python3.11/site-packages/airflow/operators/python.py", line 252, in execute_callable
    return self.python_callable(*self.op_args, **self.op_kwargs)
           ^^^^^^^^^^^^^^^^^^^^^^^^^^^^^^^^^^^^^^^^^^^^^^^^^^^^^
  File "/home/leoja/airflow/dags/my_first_dag.py", line 32, in fetch_fred_data
    data = fred.FredReader(series=list(fred_series.values()),
           ^^^^^^^^^^^^^^^^^^^^^^^^^^^^^^^^^^^^^^^^^^^^^^^^^^
TypeError: _BaseReader.__init__() got an unexpected keyword argument 'series'
[2025-05-20T23:58:23.465+0200] {taskinstance.py:1205} INFO - Marking task as FAILED. dag_id=macro_trading_dag, task_id=fetch_fred_data, execution_date=20250520T214310, start_date=20250520T215823, end_date=20250520T215823
[2025-05-20T23:58:23.475+0200] {standard_task_runner.py:110} ERROR - Failed to execute job 24 for task fetch_fred_data (_BaseReader.__init__() got an unexpected keyword argument 'series'; 275403)
[2025-05-20T23:58:23.507+0200] {local_task_job_runner.py:240} INFO - Task exited with return code 1
[2025-05-20T23:58:23.523+0200] {taskinstance.py:3482} INFO - 0 downstream tasks scheduled from follow-on schedule check
[2025-05-20T23:58:23.531+0200] {local_task_job_runner.py:222} INFO - ::endgroup::
