[2025-06-05T22:05:15.699+0200] {local_task_job_runner.py:120} INFO - ::group::Pre task execution logs
[2025-06-05T22:05:15.718+0200] {taskinstance.py:2073} INFO - Dependencies all met for dep_context=non-requeueable deps ti=<TaskInstance: macro_trading_dag.compute_assets_performance manual__2025-06-05T20:01:06.490277+00:00 [queued]>
[2025-06-05T22:05:15.724+0200] {taskinstance.py:2073} INFO - Dependencies all met for dep_context=requeueable deps ti=<TaskInstance: macro_trading_dag.compute_assets_performance manual__2025-06-05T20:01:06.490277+00:00 [queued]>
[2025-06-05T22:05:15.724+0200] {taskinstance.py:2303} INFO - Starting attempt 1 of 3
[2025-06-05T22:05:15.752+0200] {taskinstance.py:2327} INFO - Executing <Task(SparkSubmitOperator): compute_assets_performance> on 2025-06-05 20:01:06.490277+00:00
[2025-06-05T22:05:15.761+0200] {standard_task_runner.py:90} INFO - Running: ['airflow', 'tasks', 'run', 'macro_trading_dag', 'compute_assets_performance', 'manual__2025-06-05T20:01:06.490277+00:00', '--job-id', '296', '--raw', '--subdir', 'DAGS_FOLDER/macro_trading_dag.py', '--cfg-path', '/tmp/tmpiwk5140d']
[2025-06-05T22:05:15.762+0200] {standard_task_runner.py:91} INFO - Job 296: Subtask compute_assets_performance
[2025-06-05T22:05:15.768+0200] {logging_mixin.py:188} WARNING - /home/leoja/airflow/airflow_venv/lib/python3.12/site-packages/airflow/task/task_runner/standard_task_runner.py:61 DeprecationWarning: This process (pid=588160) is multi-threaded, use of fork() may lead to deadlocks in the child.
[2025-06-05T22:05:15.768+0200] {standard_task_runner.py:63} INFO - Started process 588343 to run task
[2025-06-05T22:05:15.804+0200] {task_command.py:426} INFO - Running <TaskInstance: macro_trading_dag.compute_assets_performance manual__2025-06-05T20:01:06.490277+00:00 [running]> on host N15I711-16GR512.localdomain
[2025-06-05T22:05:15.885+0200] {taskinstance.py:2644} INFO - Exporting env vars: AIRFLOW_CTX_DAG_OWNER='airflow' AIRFLOW_CTX_DAG_ID='macro_trading_dag' AIRFLOW_CTX_TASK_ID='compute_assets_performance' AIRFLOW_CTX_EXECUTION_DATE='2025-06-05T20:01:06.490277+00:00' AIRFLOW_CTX_TRY_NUMBER='1' AIRFLOW_CTX_DAG_RUN_ID='manual__2025-06-05T20:01:06.490277+00:00'
[2025-06-05T22:05:15.886+0200] {taskinstance.py:430} INFO - ::endgroup::
[2025-06-05T22:05:15.890+0200] {base.py:84} INFO - Using connection ID 'spark_local' for task execution.
[2025-06-05T22:05:15.892+0200] {spark_submit.py:351} INFO - Spark-Submit cmd: spark-submit --master local[*] --conf spark.pyspark.python=/home/leoja/airflow_venv/bin/python --conf spark.pyspark.driver.python=/home/leoja/airflow_venv/bin/python --name compute_assets_performance /home/leoja/airflow/spark_jobs/compute_assets_performance.py /home/leoja/airflow/data/quadrants.parquet /home/leoja/airflow/data/Assets_daily.parquet /home/leoja/airflow/data/assets_performance_by_quadrant.parquet
[2025-06-05T22:05:18.030+0200] {spark_submit.py:521} INFO - 25/06/05 22:05:18 WARN Utils: Your hostname, N15I711-16GR512 resolves to a loopback address: 127.0.1.1; using 10.255.255.254 instead (on interface lo)
[2025-06-05T22:05:18.032+0200] {spark_submit.py:521} INFO - 25/06/05 22:05:18 WARN Utils: Set SPARK_LOCAL_IP if you need to bind to another address
[2025-06-05T22:05:19.253+0200] {spark_submit.py:521} INFO - [compute_assets_performance] quadrant_file  = /home/leoja/airflow/data/quadrants.parquet
[2025-06-05T22:05:19.253+0200] {spark_submit.py:521} INFO - [compute_assets_performance] assets_file    = /home/leoja/airflow/data/Assets_daily.parquet
[2025-06-05T22:05:19.254+0200] {spark_submit.py:521} INFO - [compute_assets_performance] output_parquet = /home/leoja/airflow/data/assets_performance_by_quadrant.parquet
[2025-06-05T22:05:19.292+0200] {spark_submit.py:521} INFO - Traceback (most recent call last):
[2025-06-05T22:05:19.292+0200] {spark_submit.py:521} INFO - File "/home/leoja/airflow/spark_jobs/compute_assets_performance.py", line 127, in <module>
[2025-06-05T22:05:19.292+0200] {spark_submit.py:521} INFO - main()
[2025-06-05T22:05:19.292+0200] {spark_submit.py:521} INFO - File "/home/leoja/airflow/spark_jobs/compute_assets_performance.py", line 41, in main
[2025-06-05T22:05:19.293+0200] {spark_submit.py:521} INFO - df_quadrant = pd.read_parquet(quadrant_file)
[2025-06-05T22:05:19.293+0200] {spark_submit.py:521} INFO - ^^^^^^^^^^^^^^^^^^^^^^^^^^^^^^
[2025-06-05T22:05:19.293+0200] {spark_submit.py:521} INFO - File "/home/leoja/airflow_venv/lib/python3.11/site-packages/pandas/io/parquet.py", line 667, in read_parquet
[2025-06-05T22:05:19.294+0200] {spark_submit.py:521} INFO - return impl.read(
[2025-06-05T22:05:19.294+0200] {spark_submit.py:521} INFO - ^^^^^^^^^^
[2025-06-05T22:05:19.294+0200] {spark_submit.py:521} INFO - File "/home/leoja/airflow_venv/lib/python3.11/site-packages/pandas/io/parquet.py", line 267, in read
[2025-06-05T22:05:19.294+0200] {spark_submit.py:521} INFO - path_or_handle, handles, filesystem = _get_path_or_handle(
[2025-06-05T22:05:19.294+0200] {spark_submit.py:521} INFO - ^^^^^^^^^^^^^^^^^^^^
[2025-06-05T22:05:19.294+0200] {spark_submit.py:521} INFO - File "/home/leoja/airflow_venv/lib/python3.11/site-packages/pandas/io/parquet.py", line 140, in _get_path_or_handle
[2025-06-05T22:05:19.294+0200] {spark_submit.py:521} INFO - handles = get_handle(
[2025-06-05T22:05:19.295+0200] {spark_submit.py:521} INFO - ^^^^^^^^^^^
[2025-06-05T22:05:19.295+0200] {spark_submit.py:521} INFO - File "/home/leoja/airflow_venv/lib/python3.11/site-packages/pandas/io/common.py", line 882, in get_handle
[2025-06-05T22:05:19.295+0200] {spark_submit.py:521} INFO - handle = open(handle, ioargs.mode)
[2025-06-05T22:05:19.295+0200] {spark_submit.py:521} INFO - ^^^^^^^^^^^^^^^^^^^^^^^^^
[2025-06-05T22:05:19.295+0200] {spark_submit.py:521} INFO - FileNotFoundError: [Errno 2] No such file or directory: '/home/leoja/airflow/data/quadrants.parquet'
[2025-06-05T22:05:19.393+0200] {spark_submit.py:521} INFO - 25/06/05 22:05:19 INFO ShutdownHookManager: Shutdown hook called
[2025-06-05T22:05:19.393+0200] {spark_submit.py:521} INFO - 25/06/05 22:05:19 INFO ShutdownHookManager: Deleting directory /tmp/spark-d4acefa1-c1ec-4db8-a97f-b651623aa389
[2025-06-05T22:05:19.423+0200] {taskinstance.py:441} INFO - ::group::Post task execution logs
[2025-06-05T22:05:19.426+0200] {taskinstance.py:2890} ERROR - Task failed with exception
Traceback (most recent call last):
  File "/home/leoja/airflow/airflow_venv/lib/python3.12/site-packages/airflow/models/taskinstance.py", line 465, in _execute_task
    result = _execute_callable(context=context, **execute_callable_kwargs)
             ^^^^^^^^^^^^^^^^^^^^^^^^^^^^^^^^^^^^^^^^^^^^^^^^^^^^^^^^^^^^^
  File "/home/leoja/airflow/airflow_venv/lib/python3.12/site-packages/airflow/models/taskinstance.py", line 432, in _execute_callable
    return execute_callable(context=context, **execute_callable_kwargs)
           ^^^^^^^^^^^^^^^^^^^^^^^^^^^^^^^^^^^^^^^^^^^^^^^^^^^^^^^^^^^^
  File "/home/leoja/airflow/airflow_venv/lib/python3.12/site-packages/airflow/models/baseoperator.py", line 400, in wrapper
    return func(self, *args, **kwargs)
           ^^^^^^^^^^^^^^^^^^^^^^^^^^^
  File "/home/leoja/airflow/airflow_venv/lib/python3.12/site-packages/airflow/providers/apache/spark/operators/spark_submit.py", line 156, in execute
    self._hook.submit(self._application)
  File "/home/leoja/airflow/airflow_venv/lib/python3.12/site-packages/airflow/providers/apache/spark/hooks/spark_submit.py", line 452, in submit
    raise AirflowException(
airflow.exceptions.AirflowException: Cannot execute: spark-submit --master local[*] --conf spark.pyspark.python=/home/leoja/airflow_venv/bin/python --conf spark.pyspark.driver.python=/home/leoja/airflow_venv/bin/python --name compute_assets_performance /home/leoja/airflow/spark_jobs/compute_assets_performance.py /home/leoja/airflow/data/quadrants.parquet /home/leoja/airflow/data/Assets_daily.parquet /home/leoja/airflow/data/assets_performance_by_quadrant.parquet. Error code is: 1.
[2025-06-05T22:05:19.432+0200] {taskinstance.py:1205} INFO - Marking task as UP_FOR_RETRY. dag_id=macro_trading_dag, task_id=compute_assets_performance, execution_date=20250605T200106, start_date=20250605T200515, end_date=20250605T200519
[2025-06-05T22:05:19.444+0200] {standard_task_runner.py:110} ERROR - Failed to execute job 296 for task compute_assets_performance (Cannot execute: spark-submit --master local[*] --conf spark.pyspark.python=/home/leoja/airflow_venv/bin/python --conf spark.pyspark.driver.python=/home/leoja/airflow_venv/bin/python --name compute_assets_performance /home/leoja/airflow/spark_jobs/compute_assets_performance.py /home/leoja/airflow/data/quadrants.parquet /home/leoja/airflow/data/Assets_daily.parquet /home/leoja/airflow/data/assets_performance_by_quadrant.parquet. Error code is: 1.; 588343)
[2025-06-05T22:05:19.484+0200] {local_task_job_runner.py:240} INFO - Task exited with return code 1
[2025-06-05T22:05:19.494+0200] {taskinstance.py:3482} INFO - 0 downstream tasks scheduled from follow-on schedule check
[2025-06-05T22:05:19.495+0200] {local_task_job_runner.py:222} INFO - ::endgroup::
